2026-03-26 14:03:02 [INFO] ==================================================================
2026-03-26 14:03:02 [INFO]   MOS Qatar Demo - Sports Data Generator
2026-03-26 14:03:02 [INFO] ==================================================================
2026-03-26 14:03:02 [INFO] Config file   : /home/cloudera/mos_qatar_demo_poc/config/mos_qatar_demo.ini
2026-03-26 14:03:02 [INFO] Landing dir   : /home/cloudera/mos_qatar_demo_poc/landing
2026-03-26 14:03:02 [INFO] Output file   : mos_sports_events_20260326_140302.txt
2026-03-26 14:03:02 [INFO] Records count : 7
2026-03-26 14:03:02 [INFO] ------------------------------------------------------------------
2026-03-26 14:03:02 [INFO]   Record 01: Event ID: EVT4033 | Event Name: FIFA World Cup Qatar Legacy Match | Sport: Football | Venu...
2026-03-26 14:03:02 [INFO]   Record 02: Event ID: EVT4346 | Event Name: Qatar Under-20 Development League | Sport: Swimming | Venu...
2026-03-26 14:03:02 [INFO]   Record 03: Event ID: EVT6687 | Event Name: MOS Annual Charity Football Gala | Sport: Basketball | Ven...
2026-03-26 14:03:02 [INFO]   Record 04: Event ID: EVT9840 | Event Name: Qatar Schools Football League | Sport: Swimming | Venue: A...
2026-03-26 14:03:02 [INFO]   Record 05: Event ID: EVT4283 | Event Name: National Day Football Celebration | Sport: Football | Venu...
2026-03-26 14:03:02 [INFO]   Record 06: Event ID: EVT6942 | Event Name: Qatar Schools Football League | Sport: Athletics | Venue: ...
2026-03-26 14:03:02 [INFO]   Record 07: Event ID: EVT6336 | Event Name: Qatar Cup Final | Sport: Football | Venue: Qatar Sports Cl...
2026-03-26 14:03:02 [INFO] ------------------------------------------------------------------
2026-03-26 14:03:02 [INFO] File written successfully.
2026-03-26 14:03:02 [INFO]   Full path : /home/cloudera/mos_qatar_demo_poc/landing/mos_sports_events_20260326_140302.txt
2026-03-26 14:03:02 [INFO]   Size      : 1821 bytes
2026-03-26 14:03:02 [INFO]   Records   : 7
2026-03-26 14:03:02 [INFO] ==================================================================
2026-03-26 14:03:02 [INFO]   Generator Completed Successfully
2026-03-26 14:03:02 [INFO] ==================================================================
