2026-03-25 13:16:02 [INFO] ==================================================================
2026-03-25 13:16:02 [INFO]   MOS Qatar Demo - Sports Data Generator
2026-03-25 13:16:02 [INFO] ==================================================================
2026-03-25 13:16:02 [INFO] Config file   : /home/cloudera/mos_qatar_demo_poc/config/mos_qatar_demo.ini
2026-03-25 13:16:02 [INFO] Landing dir   : /home/cloudera/mos_qatar_demo_poc/landing
2026-03-25 13:16:02 [INFO] Output file   : mos_sports_events_20260325_131602.txt
2026-03-25 13:16:02 [INFO] Records count : 10
2026-03-25 13:16:02 [INFO] ------------------------------------------------------------------
2026-03-25 13:16:02 [INFO]   Record 01: Event ID: EVT3653 | Event Name: Ramadan Football Festival | Sport: Football | Venue: Lusai...
2026-03-25 13:16:02 [INFO]   Record 02: Event ID: EVT8544 | Event Name: Doha Sports Festival Opening Match | Sport: Football | Ven...
2026-03-25 13:16:02 [INFO]   Record 03: Event ID: EVT3166 | Event Name: Arab Nations Championship Group Stage | Sport: Football | ...
2026-03-25 13:16:02 [INFO]   Record 04: Event ID: EVT9909 | Event Name: Qatar Premier League Match Day 8 | Sport: Football | Venue...
2026-03-25 13:16:02 [INFO]   Record 05: Event ID: EVT3693 | Event Name: Qatar Olympic Training Camp Evaluation | Sport: Football |...
2026-03-25 13:16:02 [INFO]   Record 06: Event ID: EVT9634 | Event Name: Doha Sports Festival Opening Match | Sport: Athletics | Ve...
2026-03-25 13:16:02 [INFO]   Record 07: Event ID: EVT2477 | Event Name: Qatar Schools Football League | Sport: Football | Venue: A...
2026-03-25 13:16:02 [INFO]   Record 08: Event ID: EVT6671 | Event Name: Qatar Premier League Match Day 5 | Sport: Football | Venue...
2026-03-25 13:16:02 [INFO]   Record 09: Event ID: EVT2926 | Event Name: Qatar Cup Final | Sport: Football | Venue: Al Bayt Stadium...
2026-03-25 13:16:02 [INFO]   Record 10: Event ID: EVT2235 | Event Name: Gulf Youth Cup Semi Final | Sport: Football | Venue: Ahmad...
2026-03-25 13:16:02 [INFO] ------------------------------------------------------------------
2026-03-25 13:16:02 [INFO] File written successfully.
2026-03-25 13:16:02 [INFO]   Full path : /home/cloudera/mos_qatar_demo_poc/landing/mos_sports_events_20260325_131602.txt
2026-03-25 13:16:02 [INFO]   Size      : 2565 bytes
2026-03-25 13:16:02 [INFO]   Records   : 10
2026-03-25 13:16:02 [INFO] ==================================================================
2026-03-25 13:16:02 [INFO]   Generator Completed Successfully
2026-03-25 13:16:02 [INFO] ==================================================================
