2026-03-25 05:56:01 [INFO] ==================================================================
2026-03-25 05:56:01 [INFO]   MOS Qatar Demo - Sports Data Generator
2026-03-25 05:56:01 [INFO] ==================================================================
2026-03-25 05:56:01 [INFO] Config file   : /home/cloudera/mos_qatar_demo_poc/config/mos_qatar_demo.ini
2026-03-25 05:56:01 [INFO] Landing dir   : /home/cloudera/mos_qatar_demo_poc/landing
2026-03-25 05:56:01 [INFO] Output file   : mos_sports_events_20260325_055601.txt
2026-03-25 05:56:01 [INFO] Records count : 8
2026-03-25 05:56:01 [INFO] ------------------------------------------------------------------
2026-03-25 05:56:01 [INFO]   Record 01: Event ID: EVT1113 | Event Name: Gulf Youth Cup Round 1 | Sport: Handball | Venue: Qatar Sp...
2026-03-25 05:56:01 [INFO]   Record 02: Event ID: EVT8346 | Event Name: National Day Football Celebration | Sport: Basketball | Ve...
2026-03-25 05:56:01 [INFO]   Record 03: Event ID: EVT9710 | Event Name: Qatar Premier League Match Day 8 | Sport: Football | Venue...
2026-03-25 05:56:01 [INFO]   Record 04: Event ID: EVT7626 | Event Name: Gulf Youth Cup Round 1 | Sport: Football | Venue: Al Thuma...
2026-03-25 05:56:01 [INFO]   Record 05: Event ID: EVT8947 | Event Name: Qatar Under-20 Development League | Sport: Football | Venu...
2026-03-25 05:56:01 [INFO]   Record 06: Event ID: EVT9187 | Event Name: Gulf Youth Cup Quarter Final | Sport: Football | Venue: As...
2026-03-25 05:56:01 [INFO]   Record 07: Event ID: EVT5905 | Event Name: Gulf Cup Qualifier Round 1 | Sport: Athletics | Venue: Al ...
2026-03-25 05:56:01 [INFO]   Record 08: Event ID: EVT2159 | Event Name: Qatar Premier League Match Day 8 | Sport: Football | Venue...
2026-03-25 05:56:01 [INFO] ------------------------------------------------------------------
2026-03-25 05:56:01 [INFO] File written successfully.
2026-03-25 05:56:01 [INFO]   Full path : /home/cloudera/mos_qatar_demo_poc/landing/mos_sports_events_20260325_055601.txt
2026-03-25 05:56:01 [INFO]   Size      : 2037 bytes
2026-03-25 05:56:01 [INFO]   Records   : 8
2026-03-25 05:56:01 [INFO] ==================================================================
2026-03-25 05:56:01 [INFO]   Generator Completed Successfully
2026-03-25 05:56:01 [INFO] ==================================================================
