2026-03-24 16:14:01 [INFO] ==================================================================
2026-03-24 16:14:01 [INFO]   MOS Qatar Demo - Sports Data Generator
2026-03-24 16:14:01 [INFO] ==================================================================
2026-03-24 16:14:01 [INFO] Config file   : /home/cloudera/mos_qatar_demo_poc/config/mos_qatar_demo.ini
2026-03-24 16:14:01 [INFO] Landing dir   : /home/cloudera/mos_qatar_demo_poc/landing
2026-03-24 16:14:01 [INFO] Output file   : mos_sports_events_20260324_161401.txt
2026-03-24 16:14:01 [INFO] Records count : 7
2026-03-24 16:14:01 [INFO] ------------------------------------------------------------------
2026-03-24 16:14:01 [INFO]   Record 01: Event ID: EVT3055 | Event Name: Ramadan Football Festival | Sport: Football | Venue: Lusai...
2026-03-24 16:14:01 [INFO]   Record 02: Event ID: EVT6143 | Event Name: Asian Qualifiers Warm-up Match | Sport: Football | Venue: ...
2026-03-24 16:14:01 [INFO]   Record 03: Event ID: EVT6190 | Event Name: FIFA World Cup Qatar Legacy Match | Sport: Football | Venu...
2026-03-24 16:14:01 [INFO]   Record 04: Event ID: EVT2057 | Event Name: Qatar Premier League Match Day 12 | Sport: Athletics | Ven...
2026-03-24 16:14:01 [INFO]   Record 05: Event ID: EVT6867 | Event Name: Qatar Olympic Training Camp Evaluation | Sport: Basketball...
2026-03-24 16:14:01 [INFO]   Record 06: Event ID: EVT5380 | Event Name: Ministry Invitational Friendly Tournament | Sport: Handbal...
2026-03-24 16:14:01 [INFO]   Record 07: Event ID: EVT3500 | Event Name: Doha Sports Festival Opening Match | Sport: Football | Ven...
2026-03-24 16:14:01 [INFO] ------------------------------------------------------------------
2026-03-24 16:14:01 [INFO] File written successfully.
2026-03-24 16:14:01 [INFO]   Full path : /home/cloudera/mos_qatar_demo_poc/landing/mos_sports_events_20260324_161401.txt
2026-03-24 16:14:01 [INFO]   Size      : 1841 bytes
2026-03-24 16:14:01 [INFO]   Records   : 7
2026-03-24 16:14:01 [INFO] ==================================================================
2026-03-24 16:14:01 [INFO]   Generator Completed Successfully
2026-03-24 16:14:01 [INFO] ==================================================================
