2026-03-25 05:50:01 [INFO] ==================================================================
2026-03-25 05:50:01 [INFO]   MOS Qatar Demo - Sports Data Generator
2026-03-25 05:50:01 [INFO] ==================================================================
2026-03-25 05:50:01 [INFO] Config file   : /home/cloudera/mos_qatar_demo_poc/config/mos_qatar_demo.ini
2026-03-25 05:50:01 [INFO] Landing dir   : /home/cloudera/mos_qatar_demo_poc/landing
2026-03-25 05:50:01 [INFO] Output file   : mos_sports_events_20260325_055001.txt
2026-03-25 05:50:01 [INFO] Records count : 8
2026-03-25 05:50:01 [INFO] ------------------------------------------------------------------
2026-03-25 05:50:01 [INFO]   Record 01: Event ID: EVT6122 | Event Name: Doha Sports Festival Opening Match | Sport: Football | Ven...
2026-03-25 05:50:01 [INFO]   Record 02: Event ID: EVT7699 | Event Name: Qatar Cup Final | Sport: Swimming | Venue: Qatar Sports Cl...
2026-03-25 05:50:01 [INFO]   Record 03: Event ID: EVT6308 | Event Name: Qatar Schools Football League | Sport: Volleyball | Venue:...
2026-03-25 05:50:01 [INFO]   Record 04: Event ID: EVT8424 | Event Name: Qatar Olympic Training Camp Evaluation | Sport: Volleyball...
2026-03-25 05:50:01 [INFO]   Record 05: Event ID: EVT7346 | Event Name: National Day Football Celebration | Sport: Basketball | Ve...
2026-03-25 05:50:01 [INFO]   Record 06: Event ID: EVT5794 | Event Name: Gulf Youth Cup Round 2 | Sport: Athletics | Venue: Al Bayt...
2026-03-25 05:50:01 [INFO]   Record 07: Event ID: EVT1548 | Event Name: Qatar Premier League Match Day 12 | Sport: Basketball | Ve...
2026-03-25 05:50:01 [INFO]   Record 08: Event ID: EVT4596 | Event Name: Qatar Premier League Match Day 8 | Sport: Handball | Venue...
2026-03-25 05:50:01 [INFO] ------------------------------------------------------------------
2026-03-25 05:50:01 [INFO] File written successfully.
2026-03-25 05:50:01 [INFO]   Full path : /home/cloudera/mos_qatar_demo_poc/landing/mos_sports_events_20260325_055001.txt
2026-03-25 05:50:01 [INFO]   Size      : 2070 bytes
2026-03-25 05:50:01 [INFO]   Records   : 8
2026-03-25 05:50:01 [INFO] ==================================================================
2026-03-25 05:50:01 [INFO]   Generator Completed Successfully
2026-03-25 05:50:01 [INFO] ==================================================================
