2026-03-25 15:13:01 [INFO] ==================================================================
2026-03-25 15:13:01 [INFO]   MOS Qatar Demo - Sports Data Generator
2026-03-25 15:13:01 [INFO] ==================================================================
2026-03-25 15:13:01 [INFO] Config file   : /home/cloudera/mos_qatar_demo_poc/config/mos_qatar_demo.ini
2026-03-25 15:13:01 [INFO] Landing dir   : /home/cloudera/mos_qatar_demo_poc/landing
2026-03-25 15:13:01 [INFO] Output file   : mos_sports_events_20260325_151301.txt
2026-03-25 15:13:01 [INFO] Records count : 8
2026-03-25 15:13:01 [INFO] ------------------------------------------------------------------
2026-03-25 15:13:01 [INFO]   Record 01: Event ID: EVT7754 | Event Name: Gulf Youth Cup Final | Sport: Football | Venue: Qatar Spor...
2026-03-25 15:13:01 [INFO]   Record 02: Event ID: EVT8053 | Event Name: Qatar Premier League Match Day 5 | Sport: Volleyball | Ven...
2026-03-25 15:13:01 [INFO]   Record 03: Event ID: EVT1472 | Event Name: GCC Club Championship Quarter Final | Sport: Football | Ve...
2026-03-25 15:13:01 [INFO]   Record 04: Event ID: EVT7864 | Event Name: Qatar Premier League Match Day 5 | Sport: Athletics | Venu...
2026-03-25 15:13:01 [INFO]   Record 05: Event ID: EVT3584 | Event Name: National Team Preparation Match | Sport: Football | Venue:...
2026-03-25 15:13:01 [INFO]   Record 06: Event ID: EVT9185 | Event Name: Qatar Olympic Training Camp Evaluation | Sport: Volleyball...
2026-03-25 15:13:01 [INFO]   Record 07: Event ID: EVT3602 | Event Name: Qatar Cup Semi Final | Sport: Swimming | Venue: Al Wakrah ...
2026-03-25 15:13:01 [INFO]   Record 08: Event ID: EVT7084 | Event Name: Qatar Cup Semi Final | Sport: Football | Venue: Lusail Sta...
2026-03-25 15:13:01 [INFO] ------------------------------------------------------------------
2026-03-25 15:13:01 [INFO] File written successfully.
2026-03-25 15:13:01 [INFO]   Full path : /home/cloudera/mos_qatar_demo_poc/landing/mos_sports_events_20260325_151301.txt
2026-03-25 15:13:01 [INFO]   Size      : 2040 bytes
2026-03-25 15:13:01 [INFO]   Records   : 8
2026-03-25 15:13:01 [INFO] ==================================================================
2026-03-25 15:13:01 [INFO]   Generator Completed Successfully
2026-03-25 15:13:01 [INFO] ==================================================================
