2026-03-27 16:02:02 [INFO] ==================================================================
2026-03-27 16:02:02 [INFO]   MOS Qatar Demo - Sports Data Generator
2026-03-27 16:02:02 [INFO] ==================================================================
2026-03-27 16:02:02 [INFO] Config file   : /home/cloudera/mos_qatar_demo_poc/config/mos_qatar_demo.ini
2026-03-27 16:02:02 [INFO] Landing dir   : /home/cloudera/mos_qatar_demo_poc/landing
2026-03-27 16:02:02 [INFO] Output file   : mos_sports_events_20260327_160202.txt
2026-03-27 16:02:02 [INFO] Records count : 4
2026-03-27 16:02:02 [INFO] ------------------------------------------------------------------
2026-03-27 16:02:02 [INFO]   Record 01: Event ID: EVT3117 | Event Name: Qatar Cup Final | Sport: Handball | Venue: Al Bayt Stadium...
2026-03-27 16:02:02 [INFO]   Record 02: Event ID: EVT9531 | Event Name: Doha Sports Festival Opening Match | Sport: Athletics | Ve...
2026-03-27 16:02:02 [INFO]   Record 03: Event ID: EVT3048 | Event Name: Gulf Youth Cup Quarter Final | Sport: Football | Venue: Kh...
2026-03-27 16:02:02 [INFO]   Record 04: Event ID: EVT8594 | Event Name: MOS Annual Charity Football Gala | Sport: Swimming | Venue...
2026-03-27 16:02:02 [INFO] ------------------------------------------------------------------
2026-03-27 16:02:02 [INFO] File written successfully.
2026-03-27 16:02:02 [INFO]   Full path : /home/cloudera/mos_qatar_demo_poc/landing/mos_sports_events_20260327_160202.txt
2026-03-27 16:02:02 [INFO]   Size      : 1004 bytes
2026-03-27 16:02:02 [INFO]   Records   : 4
2026-03-27 16:02:02 [INFO] ==================================================================
2026-03-27 16:02:02 [INFO]   Generator Completed Successfully
2026-03-27 16:02:02 [INFO] ==================================================================
