2026-03-27 12:11:02 [INFO] ==================================================================
2026-03-27 12:11:02 [INFO]   MOS Qatar Demo - Sports Data Generator
2026-03-27 12:11:02 [INFO] ==================================================================
2026-03-27 12:11:02 [INFO] Config file   : /home/cloudera/mos_qatar_demo_poc/config/mos_qatar_demo.ini
2026-03-27 12:11:02 [INFO] Landing dir   : /home/cloudera/mos_qatar_demo_poc/landing
2026-03-27 12:11:02 [INFO] Output file   : mos_sports_events_20260327_121102.txt
2026-03-27 12:11:02 [INFO] Records count : 8
2026-03-27 12:11:02 [INFO] ------------------------------------------------------------------
2026-03-27 12:11:02 [INFO]   Record 01: Event ID: EVT4151 | Event Name: Qatar Cup Final | Sport: Football | Venue: Aspire Zone Are...
2026-03-27 12:11:02 [INFO]   Record 02: Event ID: EVT2036 | Event Name: National Day Football Celebration | Sport: Football | Venu...
2026-03-27 12:11:02 [INFO]   Record 03: Event ID: EVT4547 | Event Name: National Team Preparation Match | Sport: Handball | Venue:...
2026-03-27 12:11:02 [INFO]   Record 04: Event ID: EVT7449 | Event Name: Gulf Youth Cup Quarter Final | Sport: Football | Venue: Kh...
2026-03-27 12:11:02 [INFO]   Record 05: Event ID: EVT5003 | Event Name: Qatar Schools Football League | Sport: Football | Venue: Q...
2026-03-27 12:11:02 [INFO]   Record 06: Event ID: EVT3947 | Event Name: MOS Annual Charity Football Gala | Sport: Football | Venue...
2026-03-27 12:11:02 [INFO]   Record 07: Event ID: EVT2915 | Event Name: Gulf Cup Qualifier Round 1 | Sport: Football | Venue: Al W...
2026-03-27 12:11:02 [INFO]   Record 08: Event ID: EVT4620 | Event Name: Qatar Premier League Match Day 8 | Sport: Football | Venue...
2026-03-27 12:11:02 [INFO] ------------------------------------------------------------------
2026-03-27 12:11:02 [INFO] File written successfully.
2026-03-27 12:11:02 [INFO]   Full path : /home/cloudera/mos_qatar_demo_poc/landing/mos_sports_events_20260327_121102.txt
2026-03-27 12:11:02 [INFO]   Size      : 2080 bytes
2026-03-27 12:11:02 [INFO]   Records   : 8
2026-03-27 12:11:02 [INFO] ==================================================================
2026-03-27 12:11:02 [INFO]   Generator Completed Successfully
2026-03-27 12:11:02 [INFO] ==================================================================
