2026-03-27 10:52:01 [INFO] ==================================================================
2026-03-27 10:52:01 [INFO]   MOS Qatar Demo - Sports Data Generator
2026-03-27 10:52:01 [INFO] ==================================================================
2026-03-27 10:52:01 [INFO] Config file   : /home/cloudera/mos_qatar_demo_poc/config/mos_qatar_demo.ini
2026-03-27 10:52:01 [INFO] Landing dir   : /home/cloudera/mos_qatar_demo_poc/landing
2026-03-27 10:52:01 [INFO] Output file   : mos_sports_events_20260327_105201.txt
2026-03-27 10:52:01 [INFO] Records count : 8
2026-03-27 10:52:01 [INFO] ------------------------------------------------------------------
2026-03-27 10:52:01 [INFO]   Record 01: Event ID: EVT3846 | Event Name: Gulf Youth Cup Semi Final | Sport: Football | Venue: Khali...
2026-03-27 10:52:01 [INFO]   Record 02: Event ID: EVT8280 | Event Name: Gulf Youth Cup Round 2 | Sport: Handball | Venue: Lusail S...
2026-03-27 10:52:01 [INFO]   Record 03: Event ID: EVT5477 | Event Name: Qatar Cup Semi Final | Sport: Football | Venue: Education ...
2026-03-27 10:52:01 [INFO]   Record 04: Event ID: EVT7101 | Event Name: Gulf Youth Cup Quarter Final | Sport: Volleyball | Venue: ...
2026-03-27 10:52:01 [INFO]   Record 05: Event ID: EVT3795 | Event Name: Qatar Premier League Match Day 5 | Sport: Football | Venue...
2026-03-27 10:52:01 [INFO]   Record 06: Event ID: EVT5469 | Event Name: GCC Club Championship Quarter Final | Sport: Football | Ve...
2026-03-27 10:52:01 [INFO]   Record 07: Event ID: EVT1314 | Event Name: Arab Nations Championship Semi Final | Sport: Volleyball |...
2026-03-27 10:52:01 [INFO]   Record 08: Event ID: EVT8791 | Event Name: Ramadan Football Festival | Sport: Swimming | Venue: Al Ba...
2026-03-27 10:52:01 [INFO] ------------------------------------------------------------------
2026-03-27 10:52:01 [INFO] File written successfully.
2026-03-27 10:52:01 [INFO]   Full path : /home/cloudera/mos_qatar_demo_poc/landing/mos_sports_events_20260327_105201.txt
2026-03-27 10:52:01 [INFO]   Size      : 2045 bytes
2026-03-27 10:52:01 [INFO]   Records   : 8
2026-03-27 10:52:01 [INFO] ==================================================================
2026-03-27 10:52:01 [INFO]   Generator Completed Successfully
2026-03-27 10:52:01 [INFO] ==================================================================
