2026-03-26 00:08:02 [INFO] ==================================================================
2026-03-26 00:08:02 [INFO]   MOS Qatar Demo - Sports Data Generator
2026-03-26 00:08:02 [INFO] ==================================================================
2026-03-26 00:08:02 [INFO] Config file   : /home/cloudera/mos_qatar_demo_poc/config/mos_qatar_demo.ini
2026-03-26 00:08:02 [INFO] Landing dir   : /home/cloudera/mos_qatar_demo_poc/landing
2026-03-26 00:08:02 [INFO] Output file   : mos_sports_events_20260326_000802.txt
2026-03-26 00:08:02 [INFO] Records count : 4
2026-03-26 00:08:02 [INFO] ------------------------------------------------------------------
2026-03-26 00:08:02 [INFO]   Record 01: Event ID: EVT2430 | Event Name: MOS Annual Charity Football Gala | Sport: Football | Venue...
2026-03-26 00:08:02 [INFO]   Record 02: Event ID: EVT3623 | Event Name: Qatar Olympic Training Camp Evaluation | Sport: Football |...
2026-03-26 00:08:02 [INFO]   Record 03: Event ID: EVT5390 | Event Name: Ramadan Football Festival | Sport: Volleyball | Venue: Edu...
2026-03-26 00:08:02 [INFO]   Record 04: Event ID: EVT6114 | Event Name: Qatar Premier League Match Day 12 | Sport: Handball | Venu...
2026-03-26 00:08:02 [INFO] ------------------------------------------------------------------
2026-03-26 00:08:02 [INFO] File written successfully.
2026-03-26 00:08:02 [INFO]   Full path : /home/cloudera/mos_qatar_demo_poc/landing/mos_sports_events_20260326_000802.txt
2026-03-26 00:08:02 [INFO]   Size      : 1021 bytes
2026-03-26 00:08:02 [INFO]   Records   : 4
2026-03-26 00:08:02 [INFO] ==================================================================
2026-03-26 00:08:02 [INFO]   Generator Completed Successfully
2026-03-26 00:08:02 [INFO] ==================================================================
