2026-03-27 04:19:01 [INFO] ==================================================================
2026-03-27 04:19:01 [INFO]   MOS Qatar Demo - Sports Data Generator
2026-03-27 04:19:01 [INFO] ==================================================================
2026-03-27 04:19:01 [INFO] Config file   : /home/cloudera/mos_qatar_demo_poc/config/mos_qatar_demo.ini
2026-03-27 04:19:01 [INFO] Landing dir   : /home/cloudera/mos_qatar_demo_poc/landing
2026-03-27 04:19:01 [INFO] Output file   : mos_sports_events_20260327_041901.txt
2026-03-27 04:19:01 [INFO] Records count : 9
2026-03-27 04:19:01 [INFO] ------------------------------------------------------------------
2026-03-27 04:19:01 [INFO]   Record 01: Event ID: EVT4977 | Event Name: Qatar Olympic Training Camp Evaluation | Sport: Football |...
2026-03-27 04:19:01 [INFO]   Record 02: Event ID: EVT2768 | Event Name: Qatar Olympic Training Camp Evaluation | Sport: Football |...
2026-03-27 04:19:01 [INFO]   Record 03: Event ID: EVT2521 | Event Name: Qatar Under-20 Development League | Sport: Football | Venu...
2026-03-27 04:19:01 [INFO]   Record 04: Event ID: EVT9433 | Event Name: GCC Club Championship Quarter Final | Sport: Swimming | Ve...
2026-03-27 04:19:01 [INFO]   Record 05: Event ID: EVT9682 | Event Name: GCC Club Championship Semi Final | Sport: Swimming | Venue...
2026-03-27 04:19:01 [INFO]   Record 06: Event ID: EVT7473 | Event Name: MOS Annual Charity Football Gala | Sport: Football | Venue...
2026-03-27 04:19:01 [INFO]   Record 07: Event ID: EVT8103 | Event Name: FIFA World Cup Qatar Legacy Match | Sport: Volleyball | Ve...
2026-03-27 04:19:01 [INFO]   Record 08: Event ID: EVT5218 | Event Name: GCC Club Championship Final | Sport: Volleyball | Venue: A...
2026-03-27 04:19:01 [INFO]   Record 09: Event ID: EVT2684 | Event Name: Qatar Schools Football League | Sport: Handball | Venue: A...
2026-03-27 04:19:01 [INFO] ------------------------------------------------------------------
2026-03-27 04:19:01 [INFO] File written successfully.
2026-03-27 04:19:01 [INFO]   Full path : /home/cloudera/mos_qatar_demo_poc/landing/mos_sports_events_20260327_041901.txt
2026-03-27 04:19:01 [INFO]   Size      : 2341 bytes
2026-03-27 04:19:01 [INFO]   Records   : 9
2026-03-27 04:19:01 [INFO] ==================================================================
2026-03-27 04:19:01 [INFO]   Generator Completed Successfully
2026-03-27 04:19:01 [INFO] ==================================================================
