2026-03-26 06:27:01 [INFO] ==================================================================
2026-03-26 06:27:01 [INFO]   MOS Qatar Demo - Sports Data Generator
2026-03-26 06:27:01 [INFO] ==================================================================
2026-03-26 06:27:01 [INFO] Config file   : /home/cloudera/mos_qatar_demo_poc/config/mos_qatar_demo.ini
2026-03-26 06:27:01 [INFO] Landing dir   : /home/cloudera/mos_qatar_demo_poc/landing
2026-03-26 06:27:01 [INFO] Output file   : mos_sports_events_20260326_062701.txt
2026-03-26 06:27:01 [INFO] Records count : 8
2026-03-26 06:27:01 [INFO] ------------------------------------------------------------------
2026-03-26 06:27:01 [INFO]   Record 01: Event ID: EVT9635 | Event Name: GCC Club Championship Semi Final | Sport: Basketball | Ven...
2026-03-26 06:27:01 [INFO]   Record 02: Event ID: EVT3096 | Event Name: National Team Preparation Match | Sport: Football | Venue:...
2026-03-26 06:27:01 [INFO]   Record 03: Event ID: EVT3901 | Event Name: Arab Nations Championship Group Stage | Sport: Swimming | ...
2026-03-26 06:27:01 [INFO]   Record 04: Event ID: EVT8882 | Event Name: FIFA World Cup Qatar Legacy Match | Sport: Volleyball | Ve...
2026-03-26 06:27:01 [INFO]   Record 05: Event ID: EVT9937 | Event Name: FIFA World Cup Qatar Legacy Match | Sport: Football | Venu...
2026-03-26 06:27:01 [INFO]   Record 06: Event ID: EVT3452 | Event Name: GCC Club Championship Quarter Final | Sport: Basketball | ...
2026-03-26 06:27:01 [INFO]   Record 07: Event ID: EVT3263 | Event Name: Gulf Cup Qualifier Round 1 | Sport: Football | Venue: Al W...
2026-03-26 06:27:01 [INFO]   Record 08: Event ID: EVT8259 | Event Name: Qatar Premier League Match Day 8 | Sport: Football | Venue...
2026-03-26 06:27:01 [INFO] ------------------------------------------------------------------
2026-03-26 06:27:01 [INFO] File written successfully.
2026-03-26 06:27:01 [INFO]   Full path : /home/cloudera/mos_qatar_demo_poc/landing/mos_sports_events_20260326_062701.txt
2026-03-26 06:27:01 [INFO]   Size      : 2094 bytes
2026-03-26 06:27:01 [INFO]   Records   : 8
2026-03-26 06:27:01 [INFO] ==================================================================
2026-03-26 06:27:01 [INFO]   Generator Completed Successfully
2026-03-26 06:27:01 [INFO] ==================================================================
