2026-03-24 22:49:01 [INFO] ==================================================================
2026-03-24 22:49:01 [INFO]   MOS Qatar Demo - Sports Data Generator
2026-03-24 22:49:01 [INFO] ==================================================================
2026-03-24 22:49:01 [INFO] Config file   : /home/cloudera/mos_qatar_demo_poc/config/mos_qatar_demo.ini
2026-03-24 22:49:01 [INFO] Landing dir   : /home/cloudera/mos_qatar_demo_poc/landing
2026-03-24 22:49:01 [INFO] Output file   : mos_sports_events_20260324_224901.txt
2026-03-24 22:49:01 [INFO] Records count : 8
2026-03-24 22:49:01 [INFO] ------------------------------------------------------------------
2026-03-24 22:49:01 [INFO]   Record 01: Event ID: EVT5111 | Event Name: National Day Football Celebration | Sport: Football | Venu...
2026-03-24 22:49:01 [INFO]   Record 02: Event ID: EVT4887 | Event Name: GCC Club Championship Final | Sport: Volleyball | Venue: K...
2026-03-24 22:49:01 [INFO]   Record 03: Event ID: EVT5822 | Event Name: GCC Club Championship Quarter Final | Sport: Football | Ve...
2026-03-24 22:49:01 [INFO]   Record 04: Event ID: EVT9471 | Event Name: GCC Club Championship Final | Sport: Football | Venue: Al ...
2026-03-24 22:49:01 [INFO]   Record 05: Event ID: EVT9575 | Event Name: Ministry Invitational Friendly Tournament | Sport: Swimmin...
2026-03-24 22:49:01 [INFO]   Record 06: Event ID: EVT9230 | Event Name: Qatar Cup Semi Final | Sport: Basketball | Venue: Al Janou...
2026-03-24 22:49:01 [INFO]   Record 07: Event ID: EVT8790 | Event Name: Qatar Premier League Match Day 5 | Sport: Football | Venue...
2026-03-24 22:49:01 [INFO]   Record 08: Event ID: EVT4369 | Event Name: Gulf Youth Cup Semi Final | Sport: Football | Venue: Al Ba...
2026-03-24 22:49:01 [INFO] ------------------------------------------------------------------
2026-03-24 22:49:01 [INFO] File written successfully.
2026-03-24 22:49:01 [INFO]   Full path : /home/cloudera/mos_qatar_demo_poc/landing/mos_sports_events_20260324_224901.txt
2026-03-24 22:49:01 [INFO]   Size      : 2114 bytes
2026-03-24 22:49:01 [INFO]   Records   : 8
2026-03-24 22:49:01 [INFO] ==================================================================
2026-03-24 22:49:01 [INFO]   Generator Completed Successfully
2026-03-24 22:49:01 [INFO] ==================================================================
