2026-03-25 02:46:01 [INFO] ==================================================================
2026-03-25 02:46:01 [INFO]   MOS Qatar Demo - Sports Data Generator
2026-03-25 02:46:01 [INFO] ==================================================================
2026-03-25 02:46:01 [INFO] Config file   : /home/cloudera/mos_qatar_demo_poc/config/mos_qatar_demo.ini
2026-03-25 02:46:01 [INFO] Landing dir   : /home/cloudera/mos_qatar_demo_poc/landing
2026-03-25 02:46:01 [INFO] Output file   : mos_sports_events_20260325_024601.txt
2026-03-25 02:46:01 [INFO] Records count : 4
2026-03-25 02:46:01 [INFO] ------------------------------------------------------------------
2026-03-25 02:46:01 [INFO]   Record 01: Event ID: EVT5345 | Event Name: Qatar Cup Final | Sport: Football | Venue: Al Janoub Stadi...
2026-03-25 02:46:01 [INFO]   Record 02: Event ID: EVT1115 | Event Name: Qatar Under-20 Development League | Sport: Football | Venu...
2026-03-25 02:46:01 [INFO]   Record 03: Event ID: EVT6328 | Event Name: Ramadan Football Festival | Sport: Handball | Venue: Al Th...
2026-03-25 02:46:01 [INFO]   Record 04: Event ID: EVT2208 | Event Name: Gulf Youth Cup Round 2 | Sport: Swimming | Venue: Al Wakra...
2026-03-25 02:46:01 [INFO] ------------------------------------------------------------------
2026-03-25 02:46:01 [INFO] File written successfully.
2026-03-25 02:46:01 [INFO]   Full path : /home/cloudera/mos_qatar_demo_poc/landing/mos_sports_events_20260325_024601.txt
2026-03-25 02:46:01 [INFO]   Size      : 1002 bytes
2026-03-25 02:46:01 [INFO]   Records   : 4
2026-03-25 02:46:01 [INFO] ==================================================================
2026-03-25 02:46:01 [INFO]   Generator Completed Successfully
2026-03-25 02:46:01 [INFO] ==================================================================
