2026-03-25 22:23:01 [INFO] ==================================================================
2026-03-25 22:23:01 [INFO]   MOS Qatar Demo - Sports Data Generator
2026-03-25 22:23:01 [INFO] ==================================================================
2026-03-25 22:23:01 [INFO] Config file   : /home/cloudera/mos_qatar_demo_poc/config/mos_qatar_demo.ini
2026-03-25 22:23:01 [INFO] Landing dir   : /home/cloudera/mos_qatar_demo_poc/landing
2026-03-25 22:23:01 [INFO] Output file   : mos_sports_events_20260325_222301.txt
2026-03-25 22:23:01 [INFO] Records count : 4
2026-03-25 22:23:01 [INFO] ------------------------------------------------------------------
2026-03-25 22:23:01 [INFO]   Record 01: Event ID: EVT6351 | Event Name: GCC Club Championship Final | Sport: Football | Venue: Asp...
2026-03-25 22:23:01 [INFO]   Record 02: Event ID: EVT8813 | Event Name: Qatar Schools Football League | Sport: Football | Venue: L...
2026-03-25 22:23:01 [INFO]   Record 03: Event ID: EVT6340 | Event Name: Gulf Youth Cup Round 1 | Sport: Football | Venue: Lusail S...
2026-03-25 22:23:01 [INFO]   Record 04: Event ID: EVT9864 | Event Name: Qatar Cup Semi Final | Sport: Football | Venue: Al Janoub ...
2026-03-25 22:23:01 [INFO] ------------------------------------------------------------------
2026-03-25 22:23:01 [INFO] File written successfully.
2026-03-25 22:23:01 [INFO]   Full path : /home/cloudera/mos_qatar_demo_poc/landing/mos_sports_events_20260325_222301.txt
2026-03-25 22:23:01 [INFO]   Size      : 987 bytes
2026-03-25 22:23:01 [INFO]   Records   : 4
2026-03-25 22:23:01 [INFO] ==================================================================
2026-03-25 22:23:01 [INFO]   Generator Completed Successfully
2026-03-25 22:23:01 [INFO] ==================================================================
