2026-03-26 17:04:02 [INFO] ==================================================================
2026-03-26 17:04:02 [INFO]   MOS Qatar Demo - Sports Data Generator
2026-03-26 17:04:02 [INFO] ==================================================================
2026-03-26 17:04:02 [INFO] Config file   : /home/cloudera/mos_qatar_demo_poc/config/mos_qatar_demo.ini
2026-03-26 17:04:02 [INFO] Landing dir   : /home/cloudera/mos_qatar_demo_poc/landing
2026-03-26 17:04:02 [INFO] Output file   : mos_sports_events_20260326_170402.txt
2026-03-26 17:04:02 [INFO] Records count : 4
2026-03-26 17:04:02 [INFO] ------------------------------------------------------------------
2026-03-26 17:04:02 [INFO]   Record 01: Event ID: EVT5120 | Event Name: Ramadan Football Festival | Sport: Football | Venue: Aspir...
2026-03-26 17:04:02 [INFO]   Record 02: Event ID: EVT7853 | Event Name: Gulf Cup Qualifier Round 1 | Sport: Football | Venue: Al J...
2026-03-26 17:04:02 [INFO]   Record 03: Event ID: EVT1356 | Event Name: Gulf Cup Qualifier Round 1 | Sport: Handball | Venue: Al B...
2026-03-26 17:04:02 [INFO]   Record 04: Event ID: EVT6551 | Event Name: Arab Nations Championship Semi Final | Sport: Football | V...
2026-03-26 17:04:02 [INFO] ------------------------------------------------------------------
2026-03-26 17:04:02 [INFO] File written successfully.
2026-03-26 17:04:02 [INFO]   Full path : /home/cloudera/mos_qatar_demo_poc/landing/mos_sports_events_20260326_170402.txt
2026-03-26 17:04:02 [INFO]   Size      : 1013 bytes
2026-03-26 17:04:02 [INFO]   Records   : 4
2026-03-26 17:04:02 [INFO] ==================================================================
2026-03-26 17:04:02 [INFO]   Generator Completed Successfully
2026-03-26 17:04:02 [INFO] ==================================================================
