2026-03-27 08:18:02 [INFO] ==================================================================
2026-03-27 08:18:02 [INFO]   MOS Qatar Demo - Sports Data Generator
2026-03-27 08:18:02 [INFO] ==================================================================
2026-03-27 08:18:02 [INFO] Config file   : /home/cloudera/mos_qatar_demo_poc/config/mos_qatar_demo.ini
2026-03-27 08:18:02 [INFO] Landing dir   : /home/cloudera/mos_qatar_demo_poc/landing
2026-03-27 08:18:02 [INFO] Output file   : mos_sports_events_20260327_081802.txt
2026-03-27 08:18:02 [INFO] Records count : 6
2026-03-27 08:18:02 [INFO] ------------------------------------------------------------------
2026-03-27 08:18:02 [INFO]   Record 01: Event ID: EVT6079 | Event Name: National Day Football Celebration | Sport: Swimming | Venu...
2026-03-27 08:18:02 [INFO]   Record 02: Event ID: EVT8868 | Event Name: GCC Club Championship Quarter Final | Sport: Athletics | V...
2026-03-27 08:18:02 [INFO]   Record 03: Event ID: EVT6951 | Event Name: Gulf Youth Cup Semi Final | Sport: Football | Venue: Educa...
2026-03-27 08:18:02 [INFO]   Record 04: Event ID: EVT1924 | Event Name: Arab Nations Championship Group Stage | Sport: Football | ...
2026-03-27 08:18:02 [INFO]   Record 05: Event ID: EVT7424 | Event Name: Ministry Youth Sports Day | Sport: Football | Venue: Al Wa...
2026-03-27 08:18:02 [INFO]   Record 06: Event ID: EVT3635 | Event Name: Gulf Cup Qualifier Round 1 | Sport: Football | Venue: Educ...
2026-03-27 08:18:02 [INFO] ------------------------------------------------------------------
2026-03-27 08:18:02 [INFO] File written successfully.
2026-03-27 08:18:02 [INFO]   Full path : /home/cloudera/mos_qatar_demo_poc/landing/mos_sports_events_20260327_081802.txt
2026-03-27 08:18:02 [INFO]   Size      : 1556 bytes
2026-03-27 08:18:02 [INFO]   Records   : 6
2026-03-27 08:18:02 [INFO] ==================================================================
2026-03-27 08:18:02 [INFO]   Generator Completed Successfully
2026-03-27 08:18:02 [INFO] ==================================================================
