2026-03-25 02:09:01 [INFO] ==================================================================
2026-03-25 02:09:01 [INFO]   MOS Qatar Demo - Sports Data Generator
2026-03-25 02:09:01 [INFO] ==================================================================
2026-03-25 02:09:01 [INFO] Config file   : /home/cloudera/mos_qatar_demo_poc/config/mos_qatar_demo.ini
2026-03-25 02:09:01 [INFO] Landing dir   : /home/cloudera/mos_qatar_demo_poc/landing
2026-03-25 02:09:01 [INFO] Output file   : mos_sports_events_20260325_020901.txt
2026-03-25 02:09:01 [INFO] Records count : 5
2026-03-25 02:09:01 [INFO] ------------------------------------------------------------------
2026-03-25 02:09:01 [INFO]   Record 01: Event ID: EVT1370 | Event Name: National Team Preparation Match | Sport: Volleyball | Venu...
2026-03-25 02:09:01 [INFO]   Record 02: Event ID: EVT1392 | Event Name: Gulf Youth Cup Semi Final | Sport: Football | Venue: Ahmad...
2026-03-25 02:09:01 [INFO]   Record 03: Event ID: EVT6814 | Event Name: Qatar Premier League Match Day 8 | Sport: Swimming | Venue...
2026-03-25 02:09:01 [INFO]   Record 04: Event ID: EVT5656 | Event Name: Qatar Schools Football League | Sport: Athletics | Venue: ...
2026-03-25 02:09:01 [INFO]   Record 05: Event ID: EVT2383 | Event Name: National Day Football Celebration | Sport: Football | Venu...
2026-03-25 02:09:01 [INFO] ------------------------------------------------------------------
2026-03-25 02:09:01 [INFO] File written successfully.
2026-03-25 02:09:01 [INFO]   Full path : /home/cloudera/mos_qatar_demo_poc/landing/mos_sports_events_20260325_020901.txt
2026-03-25 02:09:01 [INFO]   Size      : 1301 bytes
2026-03-25 02:09:01 [INFO]   Records   : 5
2026-03-25 02:09:01 [INFO] ==================================================================
2026-03-25 02:09:01 [INFO]   Generator Completed Successfully
2026-03-25 02:09:01 [INFO] ==================================================================
