2026-03-24 23:06:02 [INFO] ==================================================================
2026-03-24 23:06:02 [INFO]   MOS Qatar Demo - Sports Data Generator
2026-03-24 23:06:02 [INFO] ==================================================================
2026-03-24 23:06:02 [INFO] Config file   : /home/cloudera/mos_qatar_demo_poc/config/mos_qatar_demo.ini
2026-03-24 23:06:02 [INFO] Landing dir   : /home/cloudera/mos_qatar_demo_poc/landing
2026-03-24 23:06:02 [INFO] Output file   : mos_sports_events_20260324_230602.txt
2026-03-24 23:06:02 [INFO] Records count : 5
2026-03-24 23:06:02 [INFO] ------------------------------------------------------------------
2026-03-24 23:06:02 [INFO]   Record 01: Event ID: EVT8256 | Event Name: Gulf Youth Cup Quarter Final | Sport: Football | Venue: Al...
2026-03-24 23:06:02 [INFO]   Record 02: Event ID: EVT7195 | Event Name: National Team Preparation Match | Sport: Football | Venue:...
2026-03-24 23:06:02 [INFO]   Record 03: Event ID: EVT2795 | Event Name: Gulf Youth Cup Round 1 | Sport: Swimming | Venue: Aspire Z...
2026-03-24 23:06:02 [INFO]   Record 04: Event ID: EVT9555 | Event Name: Qatar Under-20 Development League | Sport: Swimming | Venu...
2026-03-24 23:06:02 [INFO]   Record 05: Event ID: EVT9472 | Event Name: Qatar Premier League Match Day 5 | Sport: Basketball | Ven...
2026-03-24 23:06:02 [INFO] ------------------------------------------------------------------
2026-03-24 23:06:02 [INFO] File written successfully.
2026-03-24 23:06:02 [INFO]   Full path : /home/cloudera/mos_qatar_demo_poc/landing/mos_sports_events_20260324_230602.txt
2026-03-24 23:06:02 [INFO]   Size      : 1286 bytes
2026-03-24 23:06:02 [INFO]   Records   : 5
2026-03-24 23:06:02 [INFO] ==================================================================
2026-03-24 23:06:02 [INFO]   Generator Completed Successfully
2026-03-24 23:06:02 [INFO] ==================================================================
