2026-03-27 02:49:02 [INFO] ==================================================================
2026-03-27 02:49:02 [INFO]   MOS Qatar Demo - Sports Data Generator
2026-03-27 02:49:02 [INFO] ==================================================================
2026-03-27 02:49:02 [INFO] Config file   : /home/cloudera/mos_qatar_demo_poc/config/mos_qatar_demo.ini
2026-03-27 02:49:02 [INFO] Landing dir   : /home/cloudera/mos_qatar_demo_poc/landing
2026-03-27 02:49:02 [INFO] Output file   : mos_sports_events_20260327_024902.txt
2026-03-27 02:49:02 [INFO] Records count : 8
2026-03-27 02:49:02 [INFO] ------------------------------------------------------------------
2026-03-27 02:49:02 [INFO]   Record 01: Event ID: EVT2236 | Event Name: MOS Annual Charity Football Gala | Sport: Football | Venue...
2026-03-27 02:49:02 [INFO]   Record 02: Event ID: EVT3788 | Event Name: MOS Annual Charity Football Gala | Sport: Volleyball | Ven...
2026-03-27 02:49:02 [INFO]   Record 03: Event ID: EVT6074 | Event Name: Gulf Youth Cup Round 1 | Sport: Football | Venue: Khalifa ...
2026-03-27 02:49:02 [INFO]   Record 04: Event ID: EVT1952 | Event Name: Gulf Youth Cup Quarter Final | Sport: Football | Venue: As...
2026-03-27 02:49:02 [INFO]   Record 05: Event ID: EVT5704 | Event Name: Ministry Youth Sports Day | Sport: Basketball | Venue: Qat...
2026-03-27 02:49:02 [INFO]   Record 06: Event ID: EVT8411 | Event Name: National Team Preparation Match | Sport: Handball | Venue:...
2026-03-27 02:49:02 [INFO]   Record 07: Event ID: EVT4623 | Event Name: Qatar Premier League Match Day 5 | Sport: Football | Venue...
2026-03-27 02:49:02 [INFO]   Record 08: Event ID: EVT5890 | Event Name: FIFA World Cup Qatar Legacy Match | Sport: Swimming | Venu...
2026-03-27 02:49:02 [INFO] ------------------------------------------------------------------
2026-03-27 02:49:02 [INFO] File written successfully.
2026-03-27 02:49:02 [INFO]   Full path : /home/cloudera/mos_qatar_demo_poc/landing/mos_sports_events_20260327_024902.txt
2026-03-27 02:49:02 [INFO]   Size      : 2047 bytes
2026-03-27 02:49:02 [INFO]   Records   : 8
2026-03-27 02:49:02 [INFO] ==================================================================
2026-03-27 02:49:02 [INFO]   Generator Completed Successfully
2026-03-27 02:49:02 [INFO] ==================================================================
