2026-03-25 09:19:01 [INFO] ==================================================================
2026-03-25 09:19:01 [INFO]   MOS Qatar Demo - Sports Data Generator
2026-03-25 09:19:01 [INFO] ==================================================================
2026-03-25 09:19:01 [INFO] Config file   : /home/cloudera/mos_qatar_demo_poc/config/mos_qatar_demo.ini
2026-03-25 09:19:01 [INFO] Landing dir   : /home/cloudera/mos_qatar_demo_poc/landing
2026-03-25 09:19:01 [INFO] Output file   : mos_sports_events_20260325_091901.txt
2026-03-25 09:19:01 [INFO] Records count : 7
2026-03-25 09:19:01 [INFO] ------------------------------------------------------------------
2026-03-25 09:19:01 [INFO]   Record 01: Event ID: EVT2864 | Event Name: Arab Nations Championship Semi Final | Sport: Football | V...
2026-03-25 09:19:01 [INFO]   Record 02: Event ID: EVT8742 | Event Name: Gulf Youth Cup Final | Sport: Football | Venue: Al Bayt St...
2026-03-25 09:19:01 [INFO]   Record 03: Event ID: EVT6010 | Event Name: Gulf Youth Cup Final | Sport: Football | Venue: Ahmad Bin ...
2026-03-25 09:19:01 [INFO]   Record 04: Event ID: EVT9976 | Event Name: GCC Club Championship Semi Final | Sport: Basketball | Ven...
2026-03-25 09:19:01 [INFO]   Record 05: Event ID: EVT8697 | Event Name: GCC Club Championship Final | Sport: Swimming | Venue: Al ...
2026-03-25 09:19:01 [INFO]   Record 06: Event ID: EVT7749 | Event Name: National Team Preparation Match | Sport: Volleyball | Venu...
2026-03-25 09:19:01 [INFO]   Record 07: Event ID: EVT5836 | Event Name: MOS Annual Charity Football Gala | Sport: Football | Venue...
2026-03-25 09:19:01 [INFO] ------------------------------------------------------------------
2026-03-25 09:19:01 [INFO] File written successfully.
2026-03-25 09:19:01 [INFO]   Full path : /home/cloudera/mos_qatar_demo_poc/landing/mos_sports_events_20260325_091901.txt
2026-03-25 09:19:01 [INFO]   Size      : 1833 bytes
2026-03-25 09:19:01 [INFO]   Records   : 7
2026-03-25 09:19:01 [INFO] ==================================================================
2026-03-25 09:19:01 [INFO]   Generator Completed Successfully
2026-03-25 09:19:01 [INFO] ==================================================================
