2026-03-25 08:56:02 [INFO] ==================================================================
2026-03-25 08:56:02 [INFO]   MOS Qatar Demo - Sports Data Generator
2026-03-25 08:56:02 [INFO] ==================================================================
2026-03-25 08:56:02 [INFO] Config file   : /home/cloudera/mos_qatar_demo_poc/config/mos_qatar_demo.ini
2026-03-25 08:56:02 [INFO] Landing dir   : /home/cloudera/mos_qatar_demo_poc/landing
2026-03-25 08:56:02 [INFO] Output file   : mos_sports_events_20260325_085602.txt
2026-03-25 08:56:02 [INFO] Records count : 6
2026-03-25 08:56:02 [INFO] ------------------------------------------------------------------
2026-03-25 08:56:02 [INFO]   Record 01: Event ID: EVT7847 | Event Name: Qatar Under-20 Development League | Sport: Volleyball | Ve...
2026-03-25 08:56:02 [INFO]   Record 02: Event ID: EVT9686 | Event Name: Qatar Cup Semi Final | Sport: Football | Venue: Ahmad Bin ...
2026-03-25 08:56:02 [INFO]   Record 03: Event ID: EVT9834 | Event Name: Gulf Youth Cup Round 2 | Sport: Football | Venue: Al Thuma...
2026-03-25 08:56:02 [INFO]   Record 04: Event ID: EVT2171 | Event Name: Qatar Olympic Training Camp Evaluation | Sport: Football |...
2026-03-25 08:56:02 [INFO]   Record 05: Event ID: EVT6261 | Event Name: Qatar Cup Final | Sport: Basketball | Venue: Ahmad Bin Ali...
2026-03-25 08:56:02 [INFO]   Record 06: Event ID: EVT5780 | Event Name: Gulf Youth Cup Quarter Final | Sport: Basketball | Venue: ...
2026-03-25 08:56:02 [INFO] ------------------------------------------------------------------
2026-03-25 08:56:02 [INFO] File written successfully.
2026-03-25 08:56:02 [INFO]   Full path : /home/cloudera/mos_qatar_demo_poc/landing/mos_sports_events_20260325_085602.txt
2026-03-25 08:56:02 [INFO]   Size      : 1498 bytes
2026-03-25 08:56:02 [INFO]   Records   : 6
2026-03-25 08:56:02 [INFO] ==================================================================
2026-03-25 08:56:02 [INFO]   Generator Completed Successfully
2026-03-25 08:56:02 [INFO] ==================================================================
