2026-03-26 16:19:02 [INFO] ==================================================================
2026-03-26 16:19:02 [INFO]   MOS Qatar Demo - Sports Data Generator
2026-03-26 16:19:02 [INFO] ==================================================================
2026-03-26 16:19:02 [INFO] Config file   : /home/cloudera/mos_qatar_demo_poc/config/mos_qatar_demo.ini
2026-03-26 16:19:02 [INFO] Landing dir   : /home/cloudera/mos_qatar_demo_poc/landing
2026-03-26 16:19:02 [INFO] Output file   : mos_sports_events_20260326_161902.txt
2026-03-26 16:19:02 [INFO] Records count : 5
2026-03-26 16:19:02 [INFO] ------------------------------------------------------------------
2026-03-26 16:19:02 [INFO]   Record 01: Event ID: EVT9662 | Event Name: GCC Club Championship Final | Sport: Football | Venue: Edu...
2026-03-26 16:19:02 [INFO]   Record 02: Event ID: EVT9553 | Event Name: MOS Annual Charity Football Gala | Sport: Swimming | Venue...
2026-03-26 16:19:02 [INFO]   Record 03: Event ID: EVT8511 | Event Name: FIFA World Cup Qatar Legacy Match | Sport: Volleyball | Ve...
2026-03-26 16:19:02 [INFO]   Record 04: Event ID: EVT2191 | Event Name: Arab Nations Championship Group Stage | Sport: Basketball ...
2026-03-26 16:19:02 [INFO]   Record 05: Event ID: EVT2537 | Event Name: Gulf Cup Qualifier Round 1 | Sport: Basketball | Venue: Al...
2026-03-26 16:19:02 [INFO] ------------------------------------------------------------------
2026-03-26 16:19:02 [INFO] File written successfully.
2026-03-26 16:19:02 [INFO]   Full path : /home/cloudera/mos_qatar_demo_poc/landing/mos_sports_events_20260326_161902.txt
2026-03-26 16:19:02 [INFO]   Size      : 1295 bytes
2026-03-26 16:19:02 [INFO]   Records   : 5
2026-03-26 16:19:02 [INFO] ==================================================================
2026-03-26 16:19:02 [INFO]   Generator Completed Successfully
2026-03-26 16:19:02 [INFO] ==================================================================
