2026-03-26 04:54:01 [INFO] ==================================================================
2026-03-26 04:54:01 [INFO]   MOS Qatar Demo - Sports Data Generator
2026-03-26 04:54:01 [INFO] ==================================================================
2026-03-26 04:54:01 [INFO] Config file   : /home/cloudera/mos_qatar_demo_poc/config/mos_qatar_demo.ini
2026-03-26 04:54:01 [INFO] Landing dir   : /home/cloudera/mos_qatar_demo_poc/landing
2026-03-26 04:54:01 [INFO] Output file   : mos_sports_events_20260326_045401.txt
2026-03-26 04:54:01 [INFO] Records count : 10
2026-03-26 04:54:01 [INFO] ------------------------------------------------------------------
2026-03-26 04:54:01 [INFO]   Record 01: Event ID: EVT2492 | Event Name: Gulf Youth Cup Quarter Final | Sport: Football | Venue: Qa...
2026-03-26 04:54:01 [INFO]   Record 02: Event ID: EVT9280 | Event Name: Qatar Schools Football League | Sport: Football | Venue: A...
2026-03-26 04:54:01 [INFO]   Record 03: Event ID: EVT3929 | Event Name: Gulf Youth Cup Round 1 | Sport: Volleyball | Venue: Qatar ...
2026-03-26 04:54:01 [INFO]   Record 04: Event ID: EVT9728 | Event Name: National Day Football Celebration | Sport: Athletics | Ven...
2026-03-26 04:54:01 [INFO]   Record 05: Event ID: EVT1496 | Event Name: Qatar Schools Football League | Sport: Football | Venue: A...
2026-03-26 04:54:01 [INFO]   Record 06: Event ID: EVT6212 | Event Name: Arab Nations Championship Group Stage | Sport: Football | ...
2026-03-26 04:54:01 [INFO]   Record 07: Event ID: EVT9654 | Event Name: GCC Club Championship Semi Final | Sport: Football | Venue...
2026-03-26 04:54:01 [INFO]   Record 08: Event ID: EVT9804 | Event Name: FIFA World Cup Qatar Legacy Match | Sport: Volleyball | Ve...
2026-03-26 04:54:01 [INFO]   Record 09: Event ID: EVT2557 | Event Name: Ramadan Football Festival | Sport: Football | Venue: Lusai...
2026-03-26 04:54:01 [INFO]   Record 10: Event ID: EVT8292 | Event Name: Doha Sports Festival Opening Match | Sport: Handball | Ven...
2026-03-26 04:54:01 [INFO] ------------------------------------------------------------------
2026-03-26 04:54:01 [INFO] File written successfully.
2026-03-26 04:54:01 [INFO]   Full path : /home/cloudera/mos_qatar_demo_poc/landing/mos_sports_events_20260326_045401.txt
2026-03-26 04:54:01 [INFO]   Size      : 2547 bytes
2026-03-26 04:54:01 [INFO]   Records   : 10
2026-03-26 04:54:01 [INFO] ==================================================================
2026-03-26 04:54:01 [INFO]   Generator Completed Successfully
2026-03-26 04:54:01 [INFO] ==================================================================
