2026-03-26 17:51:01 [INFO] ==================================================================
2026-03-26 17:51:01 [INFO]   MOS Qatar Demo - Sports Data Generator
2026-03-26 17:51:01 [INFO] ==================================================================
2026-03-26 17:51:01 [INFO] Config file   : /home/cloudera/mos_qatar_demo_poc/config/mos_qatar_demo.ini
2026-03-26 17:51:01 [INFO] Landing dir   : /home/cloudera/mos_qatar_demo_poc/landing
2026-03-26 17:51:01 [INFO] Output file   : mos_sports_events_20260326_175101.txt
2026-03-26 17:51:01 [INFO] Records count : 7
2026-03-26 17:51:01 [INFO] ------------------------------------------------------------------
2026-03-26 17:51:01 [INFO]   Record 01: Event ID: EVT8458 | Event Name: National Team Preparation Match | Sport: Football | Venue:...
2026-03-26 17:51:01 [INFO]   Record 02: Event ID: EVT7437 | Event Name: Qatar Cup Semi Final | Sport: Handball | Venue: Qatar Spor...
2026-03-26 17:51:01 [INFO]   Record 03: Event ID: EVT4373 | Event Name: Qatar Olympic Training Camp Evaluation | Sport: Football |...
2026-03-26 17:51:01 [INFO]   Record 04: Event ID: EVT9590 | Event Name: Arab Nations Championship Group Stage | Sport: Football | ...
2026-03-26 17:51:01 [INFO]   Record 05: Event ID: EVT7595 | Event Name: Qatar Under-20 Development League | Sport: Volleyball | Ve...
2026-03-26 17:51:01 [INFO]   Record 06: Event ID: EVT9768 | Event Name: GCC Club Championship Final | Sport: Football | Venue: Al ...
2026-03-26 17:51:01 [INFO]   Record 07: Event ID: EVT5647 | Event Name: Gulf Youth Cup Final | Sport: Volleyball | Venue: Al Bayt ...
2026-03-26 17:51:01 [INFO] ------------------------------------------------------------------
2026-03-26 17:51:01 [INFO] File written successfully.
2026-03-26 17:51:01 [INFO]   Full path : /home/cloudera/mos_qatar_demo_poc/landing/mos_sports_events_20260326_175101.txt
2026-03-26 17:51:01 [INFO]   Size      : 1801 bytes
2026-03-26 17:51:01 [INFO]   Records   : 7
2026-03-26 17:51:01 [INFO] ==================================================================
2026-03-26 17:51:01 [INFO]   Generator Completed Successfully
2026-03-26 17:51:01 [INFO] ==================================================================
