2026-03-26 19:32:01 [INFO] ==================================================================
2026-03-26 19:32:01 [INFO]   MOS Qatar Demo - Sports Data Generator
2026-03-26 19:32:01 [INFO] ==================================================================
2026-03-26 19:32:01 [INFO] Config file   : /home/cloudera/mos_qatar_demo_poc/config/mos_qatar_demo.ini
2026-03-26 19:32:01 [INFO] Landing dir   : /home/cloudera/mos_qatar_demo_poc/landing
2026-03-26 19:32:01 [INFO] Output file   : mos_sports_events_20260326_193201.txt
2026-03-26 19:32:01 [INFO] Records count : 6
2026-03-26 19:32:01 [INFO] ------------------------------------------------------------------
2026-03-26 19:32:01 [INFO]   Record 01: Event ID: EVT7318 | Event Name: Doha Sports Festival Opening Match | Sport: Handball | Ven...
2026-03-26 19:32:01 [INFO]   Record 02: Event ID: EVT3431 | Event Name: National Team Preparation Match | Sport: Football | Venue:...
2026-03-26 19:32:01 [INFO]   Record 03: Event ID: EVT3895 | Event Name: Arab Nations Championship Group Stage | Sport: Football | ...
2026-03-26 19:32:01 [INFO]   Record 04: Event ID: EVT2202 | Event Name: Qatar Under-20 Development League | Sport: Basketball | Ve...
2026-03-26 19:32:01 [INFO]   Record 05: Event ID: EVT4404 | Event Name: Qatar Schools Football League | Sport: Football | Venue: E...
2026-03-26 19:32:01 [INFO]   Record 06: Event ID: EVT8556 | Event Name: GCC Club Championship Quarter Final | Sport: Football | Ve...
2026-03-26 19:32:01 [INFO] ------------------------------------------------------------------
2026-03-26 19:32:01 [INFO] File written successfully.
2026-03-26 19:32:01 [INFO]   Full path : /home/cloudera/mos_qatar_demo_poc/landing/mos_sports_events_20260326_193201.txt
2026-03-26 19:32:01 [INFO]   Size      : 1540 bytes
2026-03-26 19:32:01 [INFO]   Records   : 6
2026-03-26 19:32:01 [INFO] ==================================================================
2026-03-26 19:32:01 [INFO]   Generator Completed Successfully
2026-03-26 19:32:01 [INFO] ==================================================================
