2026-03-25 00:58:02 [INFO] ==================================================================
2026-03-25 00:58:02 [INFO]   MOS Qatar Demo - Sports Data Generator
2026-03-25 00:58:02 [INFO] ==================================================================
2026-03-25 00:58:02 [INFO] Config file   : /home/cloudera/mos_qatar_demo_poc/config/mos_qatar_demo.ini
2026-03-25 00:58:02 [INFO] Landing dir   : /home/cloudera/mos_qatar_demo_poc/landing
2026-03-25 00:58:02 [INFO] Output file   : mos_sports_events_20260325_005802.txt
2026-03-25 00:58:02 [INFO] Records count : 9
2026-03-25 00:58:02 [INFO] ------------------------------------------------------------------
2026-03-25 00:58:02 [INFO]   Record 01: Event ID: EVT4142 | Event Name: Qatar Premier League Match Day 8 | Sport: Football | Venue...
2026-03-25 00:58:02 [INFO]   Record 02: Event ID: EVT2846 | Event Name: Qatar Cup Final | Sport: Football | Venue: Al Bayt Stadium...
2026-03-25 00:58:02 [INFO]   Record 03: Event ID: EVT5478 | Event Name: Arab Nations Championship Semi Final | Sport: Football | V...
2026-03-25 00:58:02 [INFO]   Record 04: Event ID: EVT5066 | Event Name: Arab Nations Championship Group Stage | Sport: Basketball ...
2026-03-25 00:58:02 [INFO]   Record 05: Event ID: EVT5381 | Event Name: Qatar Under-20 Development League | Sport: Volleyball | Ve...
2026-03-25 00:58:02 [INFO]   Record 06: Event ID: EVT8534 | Event Name: Doha Sports Festival Opening Match | Sport: Football | Ven...
2026-03-25 00:58:02 [INFO]   Record 07: Event ID: EVT5756 | Event Name: Gulf Youth Cup Semi Final | Sport: Football | Venue: Ahmad...
2026-03-25 00:58:02 [INFO]   Record 08: Event ID: EVT1159 | Event Name: Arab Nations Championship Semi Final | Sport: Handball | V...
2026-03-25 00:58:02 [INFO]   Record 09: Event ID: EVT5697 | Event Name: Qatar Olympic Training Camp Evaluation | Sport: Handball |...
2026-03-25 00:58:02 [INFO] ------------------------------------------------------------------
2026-03-25 00:58:02 [INFO] File written successfully.
2026-03-25 00:58:02 [INFO]   Full path : /home/cloudera/mos_qatar_demo_poc/landing/mos_sports_events_20260325_005802.txt
2026-03-25 00:58:02 [INFO]   Size      : 2318 bytes
2026-03-25 00:58:02 [INFO]   Records   : 9
2026-03-25 00:58:02 [INFO] ==================================================================
2026-03-25 00:58:02 [INFO]   Generator Completed Successfully
2026-03-25 00:58:02 [INFO] ==================================================================
