2026-03-26 08:50:02 [INFO] ==================================================================
2026-03-26 08:50:02 [INFO]   MOS Qatar Demo - Sports Data Generator
2026-03-26 08:50:02 [INFO] ==================================================================
2026-03-26 08:50:02 [INFO] Config file   : /home/cloudera/mos_qatar_demo_poc/config/mos_qatar_demo.ini
2026-03-26 08:50:02 [INFO] Landing dir   : /home/cloudera/mos_qatar_demo_poc/landing
2026-03-26 08:50:02 [INFO] Output file   : mos_sports_events_20260326_085002.txt
2026-03-26 08:50:02 [INFO] Records count : 10
2026-03-26 08:50:02 [INFO] ------------------------------------------------------------------
2026-03-26 08:50:02 [INFO]   Record 01: Event ID: EVT7832 | Event Name: Qatar Under-20 Development League | Sport: Football | Venu...
2026-03-26 08:50:02 [INFO]   Record 02: Event ID: EVT8880 | Event Name: Arab Nations Championship Semi Final | Sport: Football | V...
2026-03-26 08:50:02 [INFO]   Record 03: Event ID: EVT6255 | Event Name: GCC Club Championship Final | Sport: Football | Venue: Asp...
2026-03-26 08:50:02 [INFO]   Record 04: Event ID: EVT4683 | Event Name: Qatar Olympic Training Camp Evaluation | Sport: Football |...
2026-03-26 08:50:02 [INFO]   Record 05: Event ID: EVT7041 | Event Name: Gulf Cup Qualifier Round 1 | Sport: Football | Venue: Qata...
2026-03-26 08:50:02 [INFO]   Record 06: Event ID: EVT6786 | Event Name: National Day Football Celebration | Sport: Football | Venu...
2026-03-26 08:50:02 [INFO]   Record 07: Event ID: EVT2479 | Event Name: Gulf Youth Cup Quarter Final | Sport: Football | Venue: As...
2026-03-26 08:50:02 [INFO]   Record 08: Event ID: EVT1819 | Event Name: Gulf Cup Qualifier Round 1 | Sport: Football | Venue: Al W...
2026-03-26 08:50:02 [INFO]   Record 09: Event ID: EVT5094 | Event Name: Gulf Youth Cup Semi Final | Sport: Football | Venue: Al Th...
2026-03-26 08:50:02 [INFO]   Record 10: Event ID: EVT4473 | Event Name: Qatar Premier League Match Day 5 | Sport: Football | Venue...
2026-03-26 08:50:02 [INFO] ------------------------------------------------------------------
2026-03-26 08:50:02 [INFO] File written successfully.
2026-03-26 08:50:02 [INFO]   Full path : /home/cloudera/mos_qatar_demo_poc/landing/mos_sports_events_20260326_085002.txt
2026-03-26 08:50:02 [INFO]   Size      : 2594 bytes
2026-03-26 08:50:02 [INFO]   Records   : 10
2026-03-26 08:50:02 [INFO] ==================================================================
2026-03-26 08:50:02 [INFO]   Generator Completed Successfully
2026-03-26 08:50:02 [INFO] ==================================================================
