2026-03-27 14:52:01 [INFO] ==================================================================
2026-03-27 14:52:01 [INFO]   MOS Qatar Demo - Sports Data Generator
2026-03-27 14:52:01 [INFO] ==================================================================
2026-03-27 14:52:01 [INFO] Config file   : /home/cloudera/mos_qatar_demo_poc/config/mos_qatar_demo.ini
2026-03-27 14:52:01 [INFO] Landing dir   : /home/cloudera/mos_qatar_demo_poc/landing
2026-03-27 14:52:01 [INFO] Output file   : mos_sports_events_20260327_145201.txt
2026-03-27 14:52:01 [INFO] Records count : 7
2026-03-27 14:52:01 [INFO] ------------------------------------------------------------------
2026-03-27 14:52:01 [INFO]   Record 01: Event ID: EVT4229 | Event Name: Gulf Youth Cup Semi Final | Sport: Football | Venue: Educa...
2026-03-27 14:52:01 [INFO]   Record 02: Event ID: EVT3325 | Event Name: Gulf Cup Qualifier Round 1 | Sport: Athletics | Venue: Edu...
2026-03-27 14:52:01 [INFO]   Record 03: Event ID: EVT5601 | Event Name: GCC Club Championship Quarter Final | Sport: Swimming | Ve...
2026-03-27 14:52:01 [INFO]   Record 04: Event ID: EVT5010 | Event Name: Asian Qualifiers Warm-up Match | Sport: Football | Venue: ...
2026-03-27 14:52:01 [INFO]   Record 05: Event ID: EVT4994 | Event Name: Qatar Premier League Match Day 12 | Sport: Football | Venu...
2026-03-27 14:52:01 [INFO]   Record 06: Event ID: EVT6654 | Event Name: Arab Nations Championship Group Stage | Sport: Volleyball ...
2026-03-27 14:52:01 [INFO]   Record 07: Event ID: EVT7539 | Event Name: Ministry Invitational Friendly Tournament | Sport: Footbal...
2026-03-27 14:52:01 [INFO] ------------------------------------------------------------------
2026-03-27 14:52:01 [INFO] File written successfully.
2026-03-27 14:52:01 [INFO]   Full path : /home/cloudera/mos_qatar_demo_poc/landing/mos_sports_events_20260327_145201.txt
2026-03-27 14:52:01 [INFO]   Size      : 1847 bytes
2026-03-27 14:52:01 [INFO]   Records   : 7
2026-03-27 14:52:01 [INFO] ==================================================================
2026-03-27 14:52:01 [INFO]   Generator Completed Successfully
2026-03-27 14:52:01 [INFO] ==================================================================
