2026-03-25 00:23:02 [INFO] ==================================================================
2026-03-25 00:23:02 [INFO]   MOS Qatar Demo - Sports Data Generator
2026-03-25 00:23:02 [INFO] ==================================================================
2026-03-25 00:23:02 [INFO] Config file   : /home/cloudera/mos_qatar_demo_poc/config/mos_qatar_demo.ini
2026-03-25 00:23:02 [INFO] Landing dir   : /home/cloudera/mos_qatar_demo_poc/landing
2026-03-25 00:23:02 [INFO] Output file   : mos_sports_events_20260325_002302.txt
2026-03-25 00:23:02 [INFO] Records count : 10
2026-03-25 00:23:02 [INFO] ------------------------------------------------------------------
2026-03-25 00:23:02 [INFO]   Record 01: Event ID: EVT8639 | Event Name: National Team Preparation Match | Sport: Volleyball | Venu...
2026-03-25 00:23:02 [INFO]   Record 02: Event ID: EVT3989 | Event Name: GCC Club Championship Semi Final | Sport: Football | Venue...
2026-03-25 00:23:02 [INFO]   Record 03: Event ID: EVT6762 | Event Name: Gulf Youth Cup Round 1 | Sport: Football | Venue: Ahmad Bi...
2026-03-25 00:23:02 [INFO]   Record 04: Event ID: EVT8727 | Event Name: Qatar Cup Final | Sport: Athletics | Venue: Ahmad Bin Ali ...
2026-03-25 00:23:02 [INFO]   Record 05: Event ID: EVT2591 | Event Name: FIFA World Cup Qatar Legacy Match | Sport: Basketball | Ve...
2026-03-25 00:23:02 [INFO]   Record 06: Event ID: EVT1984 | Event Name: Arab Nations Championship Group Stage | Sport: Volleyball ...
2026-03-25 00:23:02 [INFO]   Record 07: Event ID: EVT2087 | Event Name: Arab Nations Championship Group Stage | Sport: Football | ...
2026-03-25 00:23:02 [INFO]   Record 08: Event ID: EVT4883 | Event Name: Qatar Olympic Training Camp Evaluation | Sport: Handball |...
2026-03-25 00:23:02 [INFO]   Record 09: Event ID: EVT4706 | Event Name: GCC Club Championship Final | Sport: Football | Venue: Al ...
2026-03-25 00:23:02 [INFO]   Record 10: Event ID: EVT7970 | Event Name: Gulf Youth Cup Final | Sport: Athletics | Venue: Al Janoub...
2026-03-25 00:23:02 [INFO] ------------------------------------------------------------------
2026-03-25 00:23:02 [INFO] File written successfully.
2026-03-25 00:23:02 [INFO]   Full path : /home/cloudera/mos_qatar_demo_poc/landing/mos_sports_events_20260325_002302.txt
2026-03-25 00:23:02 [INFO]   Size      : 2607 bytes
2026-03-25 00:23:02 [INFO]   Records   : 10
2026-03-25 00:23:02 [INFO] ==================================================================
2026-03-25 00:23:02 [INFO]   Generator Completed Successfully
2026-03-25 00:23:02 [INFO] ==================================================================
