2026-03-27 06:07:02 [INFO] ==================================================================
2026-03-27 06:07:02 [INFO]   MOS Qatar Demo - Sports Data Generator
2026-03-27 06:07:02 [INFO] ==================================================================
2026-03-27 06:07:02 [INFO] Config file   : /home/cloudera/mos_qatar_demo_poc/config/mos_qatar_demo.ini
2026-03-27 06:07:02 [INFO] Landing dir   : /home/cloudera/mos_qatar_demo_poc/landing
2026-03-27 06:07:02 [INFO] Output file   : mos_sports_events_20260327_060702.txt
2026-03-27 06:07:02 [INFO] Records count : 9
2026-03-27 06:07:02 [INFO] ------------------------------------------------------------------
2026-03-27 06:07:02 [INFO]   Record 01: Event ID: EVT3885 | Event Name: Qatar Olympic Training Camp Evaluation | Sport: Swimming |...
2026-03-27 06:07:02 [INFO]   Record 02: Event ID: EVT4171 | Event Name: Gulf Youth Cup Round 1 | Sport: Athletics | Venue: Al Wakr...
2026-03-27 06:07:02 [INFO]   Record 03: Event ID: EVT8220 | Event Name: Ministry Youth Sports Day | Sport: Volleyball | Venue: Ahm...
2026-03-27 06:07:02 [INFO]   Record 04: Event ID: EVT5113 | Event Name: Ramadan Football Festival | Sport: Volleyball | Venue: Al ...
2026-03-27 06:07:02 [INFO]   Record 05: Event ID: EVT4181 | Event Name: GCC Club Championship Quarter Final | Sport: Football | Ve...
2026-03-27 06:07:02 [INFO]   Record 06: Event ID: EVT8804 | Event Name: GCC Club Championship Quarter Final | Sport: Basketball | ...
2026-03-27 06:07:02 [INFO]   Record 07: Event ID: EVT6355 | Event Name: Arab Nations Championship Semi Final | Sport: Football | V...
2026-03-27 06:07:02 [INFO]   Record 08: Event ID: EVT2086 | Event Name: GCC Club Championship Quarter Final | Sport: Athletics | V...
2026-03-27 06:07:02 [INFO]   Record 09: Event ID: EVT7331 | Event Name: GCC Club Championship Semi Final | Sport: Football | Venue...
2026-03-27 06:07:02 [INFO] ------------------------------------------------------------------
2026-03-27 06:07:02 [INFO] File written successfully.
2026-03-27 06:07:02 [INFO]   Full path : /home/cloudera/mos_qatar_demo_poc/landing/mos_sports_events_20260327_060702.txt
2026-03-27 06:07:02 [INFO]   Size      : 2381 bytes
2026-03-27 06:07:02 [INFO]   Records   : 9
2026-03-27 06:07:02 [INFO] ==================================================================
2026-03-27 06:07:02 [INFO]   Generator Completed Successfully
2026-03-27 06:07:02 [INFO] ==================================================================
