2026-03-26 23:44:01 [INFO] ==================================================================
2026-03-26 23:44:01 [INFO]   MOS Qatar Demo - Sports Data Generator
2026-03-26 23:44:01 [INFO] ==================================================================
2026-03-26 23:44:01 [INFO] Config file   : /home/cloudera/mos_qatar_demo_poc/config/mos_qatar_demo.ini
2026-03-26 23:44:01 [INFO] Landing dir   : /home/cloudera/mos_qatar_demo_poc/landing
2026-03-26 23:44:01 [INFO] Output file   : mos_sports_events_20260326_234401.txt
2026-03-26 23:44:01 [INFO] Records count : 6
2026-03-26 23:44:01 [INFO] ------------------------------------------------------------------
2026-03-26 23:44:01 [INFO]   Record 01: Event ID: EVT9937 | Event Name: Ministry Invitational Friendly Tournament | Sport: Footbal...
2026-03-26 23:44:01 [INFO]   Record 02: Event ID: EVT8581 | Event Name: National Day Football Celebration | Sport: Football | Venu...
2026-03-26 23:44:01 [INFO]   Record 03: Event ID: EVT9907 | Event Name: Qatar Cup Final | Sport: Football | Venue: Al Bayt Stadium...
2026-03-26 23:44:01 [INFO]   Record 04: Event ID: EVT5739 | Event Name: Qatar Premier League Match Day 5 | Sport: Basketball | Ven...
2026-03-26 23:44:01 [INFO]   Record 05: Event ID: EVT2145 | Event Name: Ministry Youth Sports Day | Sport: Football | Venue: Qatar...
2026-03-26 23:44:01 [INFO]   Record 06: Event ID: EVT9316 | Event Name: National Day Football Celebration | Sport: Swimming | Venu...
2026-03-26 23:44:01 [INFO] ------------------------------------------------------------------
2026-03-26 23:44:01 [INFO] File written successfully.
2026-03-26 23:44:01 [INFO]   Full path : /home/cloudera/mos_qatar_demo_poc/landing/mos_sports_events_20260326_234401.txt
2026-03-26 23:44:01 [INFO]   Size      : 1517 bytes
2026-03-26 23:44:01 [INFO]   Records   : 6
2026-03-26 23:44:01 [INFO] ==================================================================
2026-03-26 23:44:01 [INFO]   Generator Completed Successfully
2026-03-26 23:44:01 [INFO] ==================================================================
