2026-03-27 09:41:01 [INFO] ==================================================================
2026-03-27 09:41:01 [INFO]   MOS Qatar Demo - Sports Data Generator
2026-03-27 09:41:01 [INFO] ==================================================================
2026-03-27 09:41:01 [INFO] Config file   : /home/cloudera/mos_qatar_demo_poc/config/mos_qatar_demo.ini
2026-03-27 09:41:01 [INFO] Landing dir   : /home/cloudera/mos_qatar_demo_poc/landing
2026-03-27 09:41:01 [INFO] Output file   : mos_sports_events_20260327_094101.txt
2026-03-27 09:41:01 [INFO] Records count : 10
2026-03-27 09:41:01 [INFO] ------------------------------------------------------------------
2026-03-27 09:41:01 [INFO]   Record 01: Event ID: EVT4701 | Event Name: Gulf Cup Qualifier Round 1 | Sport: Football | Venue: Al J...
2026-03-27 09:41:01 [INFO]   Record 02: Event ID: EVT9027 | Event Name: Arab Nations Championship Semi Final | Sport: Swimming | V...
2026-03-27 09:41:01 [INFO]   Record 03: Event ID: EVT5928 | Event Name: GCC Club Championship Semi Final | Sport: Football | Venue...
2026-03-27 09:41:01 [INFO]   Record 04: Event ID: EVT5329 | Event Name: Arab Nations Championship Semi Final | Sport: Football | V...
2026-03-27 09:41:01 [INFO]   Record 05: Event ID: EVT9216 | Event Name: GCC Club Championship Final | Sport: Volleyball | Venue: A...
2026-03-27 09:41:01 [INFO]   Record 06: Event ID: EVT9357 | Event Name: Qatar Cup Semi Final | Sport: Handball | Venue: Qatar Spor...
2026-03-27 09:41:01 [INFO]   Record 07: Event ID: EVT8918 | Event Name: GCC Club Championship Quarter Final | Sport: Athletics | V...
2026-03-27 09:41:01 [INFO]   Record 08: Event ID: EVT2656 | Event Name: Gulf Cup Qualifier Round 1 | Sport: Football | Venue: Al J...
2026-03-27 09:41:01 [INFO]   Record 09: Event ID: EVT4392 | Event Name: Gulf Youth Cup Final | Sport: Swimming | Venue: Al Wakrah ...
2026-03-27 09:41:01 [INFO]   Record 10: Event ID: EVT4408 | Event Name: GCC Club Championship Final | Sport: Volleyball | Venue: A...
2026-03-27 09:41:01 [INFO] ------------------------------------------------------------------
2026-03-27 09:41:01 [INFO] File written successfully.
2026-03-27 09:41:01 [INFO]   Full path : /home/cloudera/mos_qatar_demo_poc/landing/mos_sports_events_20260327_094101.txt
2026-03-27 09:41:01 [INFO]   Size      : 2595 bytes
2026-03-27 09:41:01 [INFO]   Records   : 10
2026-03-27 09:41:01 [INFO] ==================================================================
2026-03-27 09:41:01 [INFO]   Generator Completed Successfully
2026-03-27 09:41:01 [INFO] ==================================================================
