2026-03-25 00:44:01 [INFO] ==================================================================
2026-03-25 00:44:01 [INFO]   MOS Qatar Demo - Sports Data Generator
2026-03-25 00:44:01 [INFO] ==================================================================
2026-03-25 00:44:01 [INFO] Config file   : /home/cloudera/mos_qatar_demo_poc/config/mos_qatar_demo.ini
2026-03-25 00:44:01 [INFO] Landing dir   : /home/cloudera/mos_qatar_demo_poc/landing
2026-03-25 00:44:01 [INFO] Output file   : mos_sports_events_20260325_004401.txt
2026-03-25 00:44:01 [INFO] Records count : 7
2026-03-25 00:44:01 [INFO] ------------------------------------------------------------------
2026-03-25 00:44:01 [INFO]   Record 01: Event ID: EVT4260 | Event Name: Gulf Cup Qualifier Round 1 | Sport: Swimming | Venue: Qata...
2026-03-25 00:44:01 [INFO]   Record 02: Event ID: EVT7102 | Event Name: Gulf Youth Cup Round 1 | Sport: Football | Venue: Ahmad Bi...
2026-03-25 00:44:01 [INFO]   Record 03: Event ID: EVT1767 | Event Name: Gulf Youth Cup Round 2 | Sport: Football | Venue: Qatar Sp...
2026-03-25 00:44:01 [INFO]   Record 04: Event ID: EVT5991 | Event Name: Qatar Under-20 Development League | Sport: Handball | Venu...
2026-03-25 00:44:01 [INFO]   Record 05: Event ID: EVT7812 | Event Name: Ministry Invitational Friendly Tournament | Sport: Footbal...
2026-03-25 00:44:01 [INFO]   Record 06: Event ID: EVT7026 | Event Name: FIFA World Cup Qatar Legacy Match | Sport: Football | Venu...
2026-03-25 00:44:01 [INFO]   Record 07: Event ID: EVT2795 | Event Name: National Team Preparation Match | Sport: Football | Venue:...
2026-03-25 00:44:01 [INFO] ------------------------------------------------------------------
2026-03-25 00:44:01 [INFO] File written successfully.
2026-03-25 00:44:01 [INFO]   Full path : /home/cloudera/mos_qatar_demo_poc/landing/mos_sports_events_20260325_004401.txt
2026-03-25 00:44:01 [INFO]   Size      : 1809 bytes
2026-03-25 00:44:01 [INFO]   Records   : 7
2026-03-25 00:44:01 [INFO] ==================================================================
2026-03-25 00:44:01 [INFO]   Generator Completed Successfully
2026-03-25 00:44:01 [INFO] ==================================================================
