2026-03-27 02:05:01 [INFO] ==================================================================
2026-03-27 02:05:01 [INFO]   MOS Qatar Demo - Sports Data Generator
2026-03-27 02:05:01 [INFO] ==================================================================
2026-03-27 02:05:01 [INFO] Config file   : /home/cloudera/mos_qatar_demo_poc/config/mos_qatar_demo.ini
2026-03-27 02:05:01 [INFO] Landing dir   : /home/cloudera/mos_qatar_demo_poc/landing
2026-03-27 02:05:01 [INFO] Output file   : mos_sports_events_20260327_020501.txt
2026-03-27 02:05:01 [INFO] Records count : 8
2026-03-27 02:05:01 [INFO] ------------------------------------------------------------------
2026-03-27 02:05:01 [INFO]   Record 01: Event ID: EVT5596 | Event Name: Qatar Olympic Training Camp Evaluation | Sport: Volleyball...
2026-03-27 02:05:01 [INFO]   Record 02: Event ID: EVT9202 | Event Name: FIFA World Cup Qatar Legacy Match | Sport: Football | Venu...
2026-03-27 02:05:01 [INFO]   Record 03: Event ID: EVT1931 | Event Name: National Day Football Celebration | Sport: Athletics | Ven...
2026-03-27 02:05:01 [INFO]   Record 04: Event ID: EVT7235 | Event Name: National Team Preparation Match | Sport: Handball | Venue:...
2026-03-27 02:05:01 [INFO]   Record 05: Event ID: EVT7427 | Event Name: Gulf Youth Cup Round 2 | Sport: Swimming | Venue: Khalifa ...
2026-03-27 02:05:01 [INFO]   Record 06: Event ID: EVT6983 | Event Name: Gulf Cup Qualifier Round 1 | Sport: Athletics | Venue: Lus...
2026-03-27 02:05:01 [INFO]   Record 07: Event ID: EVT5244 | Event Name: Gulf Cup Qualifier Round 1 | Sport: Athletics | Venue: Qat...
2026-03-27 02:05:01 [INFO]   Record 08: Event ID: EVT3510 | Event Name: Qatar Premier League Match Day 5 | Sport: Football | Venue...
2026-03-27 02:05:01 [INFO] ------------------------------------------------------------------
2026-03-27 02:05:01 [INFO] File written successfully.
2026-03-27 02:05:01 [INFO]   Full path : /home/cloudera/mos_qatar_demo_poc/landing/mos_sports_events_20260327_020501.txt
2026-03-27 02:05:01 [INFO]   Size      : 2073 bytes
2026-03-27 02:05:01 [INFO]   Records   : 8
2026-03-27 02:05:01 [INFO] ==================================================================
2026-03-27 02:05:01 [INFO]   Generator Completed Successfully
2026-03-27 02:05:01 [INFO] ==================================================================
