2026-03-27 21:53:02 [INFO] ==================================================================
2026-03-27 21:53:02 [INFO]   MOS Qatar Demo - Sports Data Generator
2026-03-27 21:53:02 [INFO] ==================================================================
2026-03-27 21:53:02 [INFO] Config file   : /home/cloudera/mos_qatar_demo_poc/config/mos_qatar_demo.ini
2026-03-27 21:53:02 [INFO] Landing dir   : /home/cloudera/mos_qatar_demo_poc/landing
2026-03-27 21:53:02 [INFO] Output file   : mos_sports_events_20260327_215302.txt
2026-03-27 21:53:02 [INFO] Records count : 7
2026-03-27 21:53:02 [INFO] ------------------------------------------------------------------
2026-03-27 21:53:02 [INFO]   Record 01: Event ID: EVT1790 | Event Name: Qatar Cup Semi Final | Sport: Volleyball | Venue: Lusail S...
2026-03-27 21:53:02 [INFO]   Record 02: Event ID: EVT7694 | Event Name: FIFA World Cup Qatar Legacy Match | Sport: Football | Venu...
2026-03-27 21:53:02 [INFO]   Record 03: Event ID: EVT9091 | Event Name: National Team Preparation Match | Sport: Football | Venue:...
2026-03-27 21:53:02 [INFO]   Record 04: Event ID: EVT8069 | Event Name: National Team Preparation Match | Sport: Swimming | Venue:...
2026-03-27 21:53:02 [INFO]   Record 05: Event ID: EVT7972 | Event Name: Qatar Schools Football League | Sport: Football | Venue: A...
2026-03-27 21:53:02 [INFO]   Record 06: Event ID: EVT7736 | Event Name: Qatar Premier League Match Day 12 | Sport: Handball | Venu...
2026-03-27 21:53:02 [INFO]   Record 07: Event ID: EVT6883 | Event Name: Arab Nations Championship Semi Final | Sport: Handball | V...
2026-03-27 21:53:02 [INFO] ------------------------------------------------------------------
2026-03-27 21:53:02 [INFO] File written successfully.
2026-03-27 21:53:02 [INFO]   Full path : /home/cloudera/mos_qatar_demo_poc/landing/mos_sports_events_20260327_215302.txt
2026-03-27 21:53:02 [INFO]   Size      : 1792 bytes
2026-03-27 21:53:02 [INFO]   Records   : 7
2026-03-27 21:53:02 [INFO] ==================================================================
2026-03-27 21:53:02 [INFO]   Generator Completed Successfully
2026-03-27 21:53:02 [INFO] ==================================================================
