2026-03-26 00:40:02 [INFO] ==================================================================
2026-03-26 00:40:02 [INFO]   MOS Qatar Demo - Sports Data Generator
2026-03-26 00:40:02 [INFO] ==================================================================
2026-03-26 00:40:02 [INFO] Config file   : /home/cloudera/mos_qatar_demo_poc/config/mos_qatar_demo.ini
2026-03-26 00:40:02 [INFO] Landing dir   : /home/cloudera/mos_qatar_demo_poc/landing
2026-03-26 00:40:02 [INFO] Output file   : mos_sports_events_20260326_004002.txt
2026-03-26 00:40:02 [INFO] Records count : 9
2026-03-26 00:40:02 [INFO] ------------------------------------------------------------------
2026-03-26 00:40:02 [INFO]   Record 01: Event ID: EVT4597 | Event Name: Qatar Cup Semi Final | Sport: Football | Venue: Aspire Zon...
2026-03-26 00:40:02 [INFO]   Record 02: Event ID: EVT5829 | Event Name: Gulf Youth Cup Round 1 | Sport: Football | Venue: Qatar Sp...
2026-03-26 00:40:02 [INFO]   Record 03: Event ID: EVT5652 | Event Name: Qatar Under-20 Development League | Sport: Football | Venu...
2026-03-26 00:40:02 [INFO]   Record 04: Event ID: EVT3551 | Event Name: National Day Football Celebration | Sport: Handball | Venu...
2026-03-26 00:40:02 [INFO]   Record 05: Event ID: EVT3334 | Event Name: GCC Club Championship Semi Final | Sport: Handball | Venue...
2026-03-26 00:40:02 [INFO]   Record 06: Event ID: EVT6267 | Event Name: National Day Football Celebration | Sport: Basketball | Ve...
2026-03-26 00:40:02 [INFO]   Record 07: Event ID: EVT1197 | Event Name: Gulf Youth Cup Final | Sport: Football | Venue: Al Bayt St...
2026-03-26 00:40:02 [INFO]   Record 08: Event ID: EVT9085 | Event Name: National Day Football Celebration | Sport: Football | Venu...
2026-03-26 00:40:02 [INFO]   Record 09: Event ID: EVT4558 | Event Name: Arab Nations Championship Semi Final | Sport: Swimming | V...
2026-03-26 00:40:02 [INFO] ------------------------------------------------------------------
2026-03-26 00:40:02 [INFO] File written successfully.
2026-03-26 00:40:02 [INFO]   Full path : /home/cloudera/mos_qatar_demo_poc/landing/mos_sports_events_20260326_004002.txt
2026-03-26 00:40:02 [INFO]   Size      : 2297 bytes
2026-03-26 00:40:02 [INFO]   Records   : 9
2026-03-26 00:40:02 [INFO] ==================================================================
2026-03-26 00:40:02 [INFO]   Generator Completed Successfully
2026-03-26 00:40:02 [INFO] ==================================================================
