2026-03-27 13:44:02 [INFO] ==================================================================
2026-03-27 13:44:02 [INFO]   MOS Qatar Demo - Sports Data Generator
2026-03-27 13:44:02 [INFO] ==================================================================
2026-03-27 13:44:02 [INFO] Config file   : /home/cloudera/mos_qatar_demo_poc/config/mos_qatar_demo.ini
2026-03-27 13:44:02 [INFO] Landing dir   : /home/cloudera/mos_qatar_demo_poc/landing
2026-03-27 13:44:02 [INFO] Output file   : mos_sports_events_20260327_134402.txt
2026-03-27 13:44:02 [INFO] Records count : 8
2026-03-27 13:44:02 [INFO] ------------------------------------------------------------------
2026-03-27 13:44:02 [INFO]   Record 01: Event ID: EVT3720 | Event Name: Doha Sports Festival Opening Match | Sport: Football | Ven...
2026-03-27 13:44:02 [INFO]   Record 02: Event ID: EVT3121 | Event Name: Ministry Invitational Friendly Tournament | Sport: Footbal...
2026-03-27 13:44:02 [INFO]   Record 03: Event ID: EVT9340 | Event Name: Qatar Premier League Match Day 12 | Sport: Football | Venu...
2026-03-27 13:44:02 [INFO]   Record 04: Event ID: EVT5956 | Event Name: National Day Football Celebration | Sport: Athletics | Ven...
2026-03-27 13:44:02 [INFO]   Record 05: Event ID: EVT6198 | Event Name: Ministry Youth Sports Day | Sport: Football | Venue: Educa...
2026-03-27 13:44:02 [INFO]   Record 06: Event ID: EVT3434 | Event Name: Ministry Youth Sports Day | Sport: Athletics | Venue: Al T...
2026-03-27 13:44:02 [INFO]   Record 07: Event ID: EVT6847 | Event Name: Gulf Youth Cup Final | Sport: Basketball | Venue: Al Bayt ...
2026-03-27 13:44:02 [INFO]   Record 08: Event ID: EVT4200 | Event Name: MOS Annual Charity Football Gala | Sport: Football | Venue...
2026-03-27 13:44:02 [INFO] ------------------------------------------------------------------
2026-03-27 13:44:02 [INFO] File written successfully.
2026-03-27 13:44:02 [INFO]   Full path : /home/cloudera/mos_qatar_demo_poc/landing/mos_sports_events_20260327_134402.txt
2026-03-27 13:44:02 [INFO]   Size      : 2064 bytes
2026-03-27 13:44:02 [INFO]   Records   : 8
2026-03-27 13:44:02 [INFO] ==================================================================
2026-03-27 13:44:02 [INFO]   Generator Completed Successfully
2026-03-27 13:44:02 [INFO] ==================================================================
