2026-03-24 19:39:02 [INFO] ==================================================================
2026-03-24 19:39:02 [INFO]   MOS Qatar Demo - Sports Data Generator
2026-03-24 19:39:02 [INFO] ==================================================================
2026-03-24 19:39:02 [INFO] Config file   : /home/cloudera/mos_qatar_demo_poc/config/mos_qatar_demo.ini
2026-03-24 19:39:02 [INFO] Landing dir   : /home/cloudera/mos_qatar_demo_poc/landing
2026-03-24 19:39:02 [INFO] Output file   : mos_sports_events_20260324_193902.txt
2026-03-24 19:39:02 [INFO] Records count : 9
2026-03-24 19:39:02 [INFO] ------------------------------------------------------------------
2026-03-24 19:39:02 [INFO]   Record 01: Event ID: EVT6144 | Event Name: GCC Club Championship Quarter Final | Sport: Athletics | V...
2026-03-24 19:39:02 [INFO]   Record 02: Event ID: EVT6870 | Event Name: Gulf Youth Cup Round 1 | Sport: Football | Venue: Aspire Z...
2026-03-24 19:39:02 [INFO]   Record 03: Event ID: EVT9430 | Event Name: Gulf Youth Cup Quarter Final | Sport: Football | Venue: Al...
2026-03-24 19:39:02 [INFO]   Record 04: Event ID: EVT8298 | Event Name: Arab Nations Championship Semi Final | Sport: Volleyball |...
2026-03-24 19:39:02 [INFO]   Record 05: Event ID: EVT5869 | Event Name: Qatar Cup Semi Final | Sport: Football | Venue: Al Janoub ...
2026-03-24 19:39:02 [INFO]   Record 06: Event ID: EVT4058 | Event Name: Qatar Under-20 Development League | Sport: Football | Venu...
2026-03-24 19:39:02 [INFO]   Record 07: Event ID: EVT6231 | Event Name: Asian Qualifiers Warm-up Match | Sport: Football | Venue: ...
2026-03-24 19:39:02 [INFO]   Record 08: Event ID: EVT1292 | Event Name: Qatar Schools Football League | Sport: Football | Venue: E...
2026-03-24 19:39:02 [INFO]   Record 09: Event ID: EVT1019 | Event Name: Gulf Youth Cup Semi Final | Sport: Basketball | Venue: Qat...
2026-03-24 19:39:02 [INFO] ------------------------------------------------------------------
2026-03-24 19:39:02 [INFO] File written successfully.
2026-03-24 19:39:02 [INFO]   Full path : /home/cloudera/mos_qatar_demo_poc/landing/mos_sports_events_20260324_193902.txt
2026-03-24 19:39:02 [INFO]   Size      : 2332 bytes
2026-03-24 19:39:02 [INFO]   Records   : 9
2026-03-24 19:39:02 [INFO] ==================================================================
2026-03-24 19:39:02 [INFO]   Generator Completed Successfully
2026-03-24 19:39:02 [INFO] ==================================================================
