2026-03-24 18:19:02 [INFO] ==================================================================
2026-03-24 18:19:02 [INFO]   MOS Qatar Demo - Sports Data Generator
2026-03-24 18:19:02 [INFO] ==================================================================
2026-03-24 18:19:02 [INFO] Config file   : /home/cloudera/mos_qatar_demo_poc/config/mos_qatar_demo.ini
2026-03-24 18:19:02 [INFO] Landing dir   : /home/cloudera/mos_qatar_demo_poc/landing
2026-03-24 18:19:02 [INFO] Output file   : mos_sports_events_20260324_181902.txt
2026-03-24 18:19:02 [INFO] Records count : 4
2026-03-24 18:19:02 [INFO] ------------------------------------------------------------------
2026-03-24 18:19:02 [INFO]   Record 01: Event ID: EVT6902 | Event Name: Asian Qualifiers Warm-up Match | Sport: Handball | Venue: ...
2026-03-24 18:19:02 [INFO]   Record 02: Event ID: EVT6862 | Event Name: Qatar Cup Final | Sport: Swimming | Venue: Aspire Zone Are...
2026-03-24 18:19:02 [INFO]   Record 03: Event ID: EVT5633 | Event Name: Qatar Under-20 Development League | Sport: Volleyball | Ve...
2026-03-24 18:19:02 [INFO]   Record 04: Event ID: EVT9614 | Event Name: Ministry Invitational Friendly Tournament | Sport: Athleti...
2026-03-24 18:19:02 [INFO] ------------------------------------------------------------------
2026-03-24 18:19:02 [INFO] File written successfully.
2026-03-24 18:19:02 [INFO]   Full path : /home/cloudera/mos_qatar_demo_poc/landing/mos_sports_events_20260324_181902.txt
2026-03-24 18:19:02 [INFO]   Size      : 1047 bytes
2026-03-24 18:19:02 [INFO]   Records   : 4
2026-03-24 18:19:02 [INFO] ==================================================================
2026-03-24 18:19:02 [INFO]   Generator Completed Successfully
2026-03-24 18:19:02 [INFO] ==================================================================
