2026-03-26 22:45:01 [INFO] ==================================================================
2026-03-26 22:45:01 [INFO]   MOS Qatar Demo - Sports Data Generator
2026-03-26 22:45:01 [INFO] ==================================================================
2026-03-26 22:45:01 [INFO] Config file   : /home/cloudera/mos_qatar_demo_poc/config/mos_qatar_demo.ini
2026-03-26 22:45:01 [INFO] Landing dir   : /home/cloudera/mos_qatar_demo_poc/landing
2026-03-26 22:45:01 [INFO] Output file   : mos_sports_events_20260326_224501.txt
2026-03-26 22:45:01 [INFO] Records count : 4
2026-03-26 22:45:01 [INFO] ------------------------------------------------------------------
2026-03-26 22:45:01 [INFO]   Record 01: Event ID: EVT5407 | Event Name: MOS Annual Charity Football Gala | Sport: Football | Venue...
2026-03-26 22:45:01 [INFO]   Record 02: Event ID: EVT9101 | Event Name: Qatar Cup Semi Final | Sport: Football | Venue: Qatar Spor...
2026-03-26 22:45:01 [INFO]   Record 03: Event ID: EVT3902 | Event Name: GCC Club Championship Quarter Final | Sport: Football | Ve...
2026-03-26 22:45:01 [INFO]   Record 04: Event ID: EVT9424 | Event Name: Gulf Youth Cup Round 2 | Sport: Volleyball | Venue: Qatar ...
2026-03-26 22:45:01 [INFO] ------------------------------------------------------------------
2026-03-26 22:45:01 [INFO] File written successfully.
2026-03-26 22:45:01 [INFO]   Full path : /home/cloudera/mos_qatar_demo_poc/landing/mos_sports_events_20260326_224501.txt
2026-03-26 22:45:01 [INFO]   Size      : 1025 bytes
2026-03-26 22:45:01 [INFO]   Records   : 4
2026-03-26 22:45:01 [INFO] ==================================================================
2026-03-26 22:45:01 [INFO]   Generator Completed Successfully
2026-03-26 22:45:01 [INFO] ==================================================================
