2026-03-26 10:09:01 [INFO] ==================================================================
2026-03-26 10:09:01 [INFO]   MOS Qatar Demo - Sports Data Generator
2026-03-26 10:09:01 [INFO] ==================================================================
2026-03-26 10:09:01 [INFO] Config file   : /home/cloudera/mos_qatar_demo_poc/config/mos_qatar_demo.ini
2026-03-26 10:09:01 [INFO] Landing dir   : /home/cloudera/mos_qatar_demo_poc/landing
2026-03-26 10:09:01 [INFO] Output file   : mos_sports_events_20260326_100901.txt
2026-03-26 10:09:01 [INFO] Records count : 10
2026-03-26 10:09:01 [INFO] ------------------------------------------------------------------
2026-03-26 10:09:01 [INFO]   Record 01: Event ID: EVT4518 | Event Name: Gulf Youth Cup Round 2 | Sport: Handball | Venue: Qatar Sp...
2026-03-26 10:09:01 [INFO]   Record 02: Event ID: EVT2300 | Event Name: Qatar Schools Football League | Sport: Football | Venue: A...
2026-03-26 10:09:01 [INFO]   Record 03: Event ID: EVT9289 | Event Name: Qatar Premier League Match Day 12 | Sport: Basketball | Ve...
2026-03-26 10:09:01 [INFO]   Record 04: Event ID: EVT5084 | Event Name: Gulf Youth Cup Final | Sport: Football | Venue: Education ...
2026-03-26 10:09:01 [INFO]   Record 05: Event ID: EVT8931 | Event Name: Qatar Schools Football League | Sport: Football | Venue: A...
2026-03-26 10:09:01 [INFO]   Record 06: Event ID: EVT9996 | Event Name: GCC Club Championship Quarter Final | Sport: Volleyball | ...
2026-03-26 10:09:01 [INFO]   Record 07: Event ID: EVT7756 | Event Name: Gulf Youth Cup Final | Sport: Basketball | Venue: Al Wakra...
2026-03-26 10:09:01 [INFO]   Record 08: Event ID: EVT1886 | Event Name: Asian Qualifiers Warm-up Match | Sport: Football | Venue: ...
2026-03-26 10:09:01 [INFO]   Record 09: Event ID: EVT9068 | Event Name: Gulf Youth Cup Round 1 | Sport: Handball | Venue: Al Janou...
2026-03-26 10:09:01 [INFO]   Record 10: Event ID: EVT3995 | Event Name: Ministry Invitational Friendly Tournament | Sport: Footbal...
2026-03-26 10:09:01 [INFO] ------------------------------------------------------------------
2026-03-26 10:09:01 [INFO] File written successfully.
2026-03-26 10:09:01 [INFO]   Full path : /home/cloudera/mos_qatar_demo_poc/landing/mos_sports_events_20260326_100901.txt
2026-03-26 10:09:01 [INFO]   Size      : 2578 bytes
2026-03-26 10:09:01 [INFO]   Records   : 10
2026-03-26 10:09:01 [INFO] ==================================================================
2026-03-26 10:09:01 [INFO]   Generator Completed Successfully
2026-03-26 10:09:01 [INFO] ==================================================================
