2026-03-25 18:56:02 [INFO] ==================================================================
2026-03-25 18:56:02 [INFO]   MOS Qatar Demo - Sports Data Generator
2026-03-25 18:56:02 [INFO] ==================================================================
2026-03-25 18:56:02 [INFO] Config file   : /home/cloudera/mos_qatar_demo_poc/config/mos_qatar_demo.ini
2026-03-25 18:56:02 [INFO] Landing dir   : /home/cloudera/mos_qatar_demo_poc/landing
2026-03-25 18:56:02 [INFO] Output file   : mos_sports_events_20260325_185602.txt
2026-03-25 18:56:02 [INFO] Records count : 9
2026-03-25 18:56:02 [INFO] ------------------------------------------------------------------
2026-03-25 18:56:02 [INFO]   Record 01: Event ID: EVT3949 | Event Name: Gulf Cup Qualifier Round 1 | Sport: Football | Venue: Lusa...
2026-03-25 18:56:02 [INFO]   Record 02: Event ID: EVT1234 | Event Name: Ministry Invitational Friendly Tournament | Sport: Footbal...
2026-03-25 18:56:02 [INFO]   Record 03: Event ID: EVT2154 | Event Name: GCC Club Championship Semi Final | Sport: Football | Venue...
2026-03-25 18:56:02 [INFO]   Record 04: Event ID: EVT9245 | Event Name: Arab Nations Championship Semi Final | Sport: Basketball |...
2026-03-25 18:56:02 [INFO]   Record 05: Event ID: EVT5076 | Event Name: Ministry Youth Sports Day | Sport: Swimming | Venue: Aspir...
2026-03-25 18:56:02 [INFO]   Record 06: Event ID: EVT7482 | Event Name: GCC Club Championship Semi Final | Sport: Football | Venue...
2026-03-25 18:56:02 [INFO]   Record 07: Event ID: EVT7085 | Event Name: FIFA World Cup Qatar Legacy Match | Sport: Football | Venu...
2026-03-25 18:56:02 [INFO]   Record 08: Event ID: EVT7850 | Event Name: Asian Qualifiers Warm-up Match | Sport: Football | Venue: ...
2026-03-25 18:56:02 [INFO]   Record 09: Event ID: EVT6019 | Event Name: Arab Nations Championship Group Stage | Sport: Football | ...
2026-03-25 18:56:02 [INFO] ------------------------------------------------------------------
2026-03-25 18:56:02 [INFO] File written successfully.
2026-03-25 18:56:02 [INFO]   Full path : /home/cloudera/mos_qatar_demo_poc/landing/mos_sports_events_20260325_185602.txt
2026-03-25 18:56:02 [INFO]   Size      : 2318 bytes
2026-03-25 18:56:02 [INFO]   Records   : 9
2026-03-25 18:56:02 [INFO] ==================================================================
2026-03-25 18:56:02 [INFO]   Generator Completed Successfully
2026-03-25 18:56:02 [INFO] ==================================================================
