2026-03-25 04:48:02 [INFO] ==================================================================
2026-03-25 04:48:02 [INFO]   MOS Qatar Demo - Sports Data Generator
2026-03-25 04:48:02 [INFO] ==================================================================
2026-03-25 04:48:02 [INFO] Config file   : /home/cloudera/mos_qatar_demo_poc/config/mos_qatar_demo.ini
2026-03-25 04:48:02 [INFO] Landing dir   : /home/cloudera/mos_qatar_demo_poc/landing
2026-03-25 04:48:02 [INFO] Output file   : mos_sports_events_20260325_044802.txt
2026-03-25 04:48:02 [INFO] Records count : 10
2026-03-25 04:48:02 [INFO] ------------------------------------------------------------------
2026-03-25 04:48:02 [INFO]   Record 01: Event ID: EVT9362 | Event Name: National Day Football Celebration | Sport: Football | Venu...
2026-03-25 04:48:02 [INFO]   Record 02: Event ID: EVT6452 | Event Name: Asian Qualifiers Warm-up Match | Sport: Athletics | Venue:...
2026-03-25 04:48:02 [INFO]   Record 03: Event ID: EVT3070 | Event Name: Gulf Youth Cup Final | Sport: Handball | Venue: Qatar Spor...
2026-03-25 04:48:02 [INFO]   Record 04: Event ID: EVT7241 | Event Name: Ministry Youth Sports Day | Sport: Basketball | Venue: Kha...
2026-03-25 04:48:02 [INFO]   Record 05: Event ID: EVT3809 | Event Name: Ministry Invitational Friendly Tournament | Sport: Footbal...
2026-03-25 04:48:02 [INFO]   Record 06: Event ID: EVT2279 | Event Name: FIFA World Cup Qatar Legacy Match | Sport: Swimming | Venu...
2026-03-25 04:48:02 [INFO]   Record 07: Event ID: EVT3466 | Event Name: Qatar Olympic Training Camp Evaluation | Sport: Football |...
2026-03-25 04:48:02 [INFO]   Record 08: Event ID: EVT9773 | Event Name: National Team Preparation Match | Sport: Football | Venue:...
2026-03-25 04:48:02 [INFO]   Record 09: Event ID: EVT3803 | Event Name: Qatar Olympic Training Camp Evaluation | Sport: Football |...
2026-03-25 04:48:02 [INFO]   Record 10: Event ID: EVT7343 | Event Name: GCC Club Championship Final | Sport: Football | Venue: Kha...
2026-03-25 04:48:02 [INFO] ------------------------------------------------------------------
2026-03-25 04:48:02 [INFO] File written successfully.
2026-03-25 04:48:02 [INFO]   Full path : /home/cloudera/mos_qatar_demo_poc/landing/mos_sports_events_20260325_044802.txt
2026-03-25 04:48:02 [INFO]   Size      : 2648 bytes
2026-03-25 04:48:02 [INFO]   Records   : 10
2026-03-25 04:48:02 [INFO] ==================================================================
2026-03-25 04:48:02 [INFO]   Generator Completed Successfully
2026-03-25 04:48:02 [INFO] ==================================================================
