2026-03-27 22:40:02 [INFO] ==================================================================
2026-03-27 22:40:02 [INFO]   MOS Qatar Demo - Sports Data Generator
2026-03-27 22:40:02 [INFO] ==================================================================
2026-03-27 22:40:02 [INFO] Config file   : /home/cloudera/mos_qatar_demo_poc/config/mos_qatar_demo.ini
2026-03-27 22:40:02 [INFO] Landing dir   : /home/cloudera/mos_qatar_demo_poc/landing
2026-03-27 22:40:02 [INFO] Output file   : mos_sports_events_20260327_224002.txt
2026-03-27 22:40:02 [INFO] Records count : 9
2026-03-27 22:40:02 [INFO] ------------------------------------------------------------------
2026-03-27 22:40:02 [INFO]   Record 01: Event ID: EVT6663 | Event Name: Qatar Premier League Match Day 5 | Sport: Football | Venue...
2026-03-27 22:40:02 [INFO]   Record 02: Event ID: EVT2953 | Event Name: GCC Club Championship Final | Sport: Football | Venue: Al ...
2026-03-27 22:40:02 [INFO]   Record 03: Event ID: EVT4687 | Event Name: Qatar Olympic Training Camp Evaluation | Sport: Swimming |...
2026-03-27 22:40:02 [INFO]   Record 04: Event ID: EVT4724 | Event Name: Qatar Olympic Training Camp Evaluation | Sport: Handball |...
2026-03-27 22:40:02 [INFO]   Record 05: Event ID: EVT6818 | Event Name: GCC Club Championship Final | Sport: Football | Venue: Al ...
2026-03-27 22:40:02 [INFO]   Record 06: Event ID: EVT1226 | Event Name: Gulf Youth Cup Round 1 | Sport: Volleyball | Venue: Khalif...
2026-03-27 22:40:02 [INFO]   Record 07: Event ID: EVT3230 | Event Name: GCC Club Championship Quarter Final | Sport: Football | Ve...
2026-03-27 22:40:02 [INFO]   Record 08: Event ID: EVT9891 | Event Name: Gulf Youth Cup Semi Final | Sport: Football | Venue: Educa...
2026-03-27 22:40:02 [INFO]   Record 09: Event ID: EVT9343 | Event Name: Qatar Premier League Match Day 8 | Sport: Football | Venue...
2026-03-27 22:40:02 [INFO] ------------------------------------------------------------------
2026-03-27 22:40:02 [INFO] File written successfully.
2026-03-27 22:40:02 [INFO]   Full path : /home/cloudera/mos_qatar_demo_poc/landing/mos_sports_events_20260327_224002.txt
2026-03-27 22:40:02 [INFO]   Size      : 2334 bytes
2026-03-27 22:40:02 [INFO]   Records   : 9
2026-03-27 22:40:02 [INFO] ==================================================================
2026-03-27 22:40:02 [INFO]   Generator Completed Successfully
2026-03-27 22:40:02 [INFO] ==================================================================
