2026-03-25 12:00:01 [INFO] ==================================================================
2026-03-25 12:00:01 [INFO]   MOS Qatar Demo - Sports Data Generator
2026-03-25 12:00:01 [INFO] ==================================================================
2026-03-25 12:00:01 [INFO] Config file   : /home/cloudera/mos_qatar_demo_poc/config/mos_qatar_demo.ini
2026-03-25 12:00:01 [INFO] Landing dir   : /home/cloudera/mos_qatar_demo_poc/landing
2026-03-25 12:00:01 [INFO] Output file   : mos_sports_events_20260325_120001.txt
2026-03-25 12:00:01 [INFO] Records count : 9
2026-03-25 12:00:01 [INFO] ------------------------------------------------------------------
2026-03-25 12:00:01 [INFO]   Record 01: Event ID: EVT9702 | Event Name: Arab Nations Championship Semi Final | Sport: Football | V...
2026-03-25 12:00:01 [INFO]   Record 02: Event ID: EVT1508 | Event Name: Gulf Youth Cup Quarter Final | Sport: Football | Venue: Ah...
2026-03-25 12:00:01 [INFO]   Record 03: Event ID: EVT7350 | Event Name: Qatar Cup Semi Final | Sport: Football | Venue: Al Bayt St...
2026-03-25 12:00:01 [INFO]   Record 04: Event ID: EVT2163 | Event Name: Arab Nations Championship Group Stage | Sport: Football | ...
2026-03-25 12:00:01 [INFO]   Record 05: Event ID: EVT2608 | Event Name: National Day Football Celebration | Sport: Football | Venu...
2026-03-25 12:00:01 [INFO]   Record 06: Event ID: EVT2649 | Event Name: Gulf Youth Cup Round 2 | Sport: Handball | Venue: Educatio...
2026-03-25 12:00:01 [INFO]   Record 07: Event ID: EVT3368 | Event Name: Ministry Youth Sports Day | Sport: Swimming | Venue: Khali...
2026-03-25 12:00:01 [INFO]   Record 08: Event ID: EVT9309 | Event Name: Gulf Youth Cup Semi Final | Sport: Handball | Venue: Al Wa...
2026-03-25 12:00:01 [INFO]   Record 09: Event ID: EVT2783 | Event Name: Arab Nations Championship Semi Final | Sport: Athletics | ...
2026-03-25 12:00:01 [INFO] ------------------------------------------------------------------
2026-03-25 12:00:01 [INFO] File written successfully.
2026-03-25 12:00:01 [INFO]   Full path : /home/cloudera/mos_qatar_demo_poc/landing/mos_sports_events_20260325_120001.txt
2026-03-25 12:00:01 [INFO]   Size      : 2389 bytes
2026-03-25 12:00:01 [INFO]   Records   : 9
2026-03-25 12:00:01 [INFO] ==================================================================
2026-03-25 12:00:01 [INFO]   Generator Completed Successfully
2026-03-25 12:00:01 [INFO] ==================================================================
