2026-03-26 11:47:01 [INFO] ==================================================================
2026-03-26 11:47:01 [INFO]   MOS Qatar Demo - Sports Data Generator
2026-03-26 11:47:01 [INFO] ==================================================================
2026-03-26 11:47:01 [INFO] Config file   : /home/cloudera/mos_qatar_demo_poc/config/mos_qatar_demo.ini
2026-03-26 11:47:01 [INFO] Landing dir   : /home/cloudera/mos_qatar_demo_poc/landing
2026-03-26 11:47:01 [INFO] Output file   : mos_sports_events_20260326_114701.txt
2026-03-26 11:47:01 [INFO] Records count : 6
2026-03-26 11:47:01 [INFO] ------------------------------------------------------------------
2026-03-26 11:47:01 [INFO]   Record 01: Event ID: EVT4985 | Event Name: Qatar Premier League Match Day 8 | Sport: Football | Venue...
2026-03-26 11:47:01 [INFO]   Record 02: Event ID: EVT9327 | Event Name: Gulf Youth Cup Round 2 | Sport: Volleyball | Venue: Aspire...
2026-03-26 11:47:01 [INFO]   Record 03: Event ID: EVT9078 | Event Name: Doha Sports Festival Opening Match | Sport: Swimming | Ven...
2026-03-26 11:47:01 [INFO]   Record 04: Event ID: EVT3249 | Event Name: Gulf Youth Cup Round 1 | Sport: Handball | Venue: Khalifa ...
2026-03-26 11:47:01 [INFO]   Record 05: Event ID: EVT6509 | Event Name: Arab Nations Championship Semi Final | Sport: Football | V...
2026-03-26 11:47:01 [INFO]   Record 06: Event ID: EVT7868 | Event Name: Arab Nations Championship Semi Final | Sport: Football | V...
2026-03-26 11:47:01 [INFO] ------------------------------------------------------------------
2026-03-26 11:47:01 [INFO] File written successfully.
2026-03-26 11:47:01 [INFO]   Full path : /home/cloudera/mos_qatar_demo_poc/landing/mos_sports_events_20260326_114701.txt
2026-03-26 11:47:01 [INFO]   Size      : 1553 bytes
2026-03-26 11:47:01 [INFO]   Records   : 6
2026-03-26 11:47:01 [INFO] ==================================================================
2026-03-26 11:47:01 [INFO]   Generator Completed Successfully
2026-03-26 11:47:01 [INFO] ==================================================================
