2026-03-27 11:02:02 [INFO] ==================================================================
2026-03-27 11:02:02 [INFO]   MOS Qatar Demo - Sports Data Generator
2026-03-27 11:02:02 [INFO] ==================================================================
2026-03-27 11:02:02 [INFO] Config file   : /home/cloudera/mos_qatar_demo_poc/config/mos_qatar_demo.ini
2026-03-27 11:02:02 [INFO] Landing dir   : /home/cloudera/mos_qatar_demo_poc/landing
2026-03-27 11:02:02 [INFO] Output file   : mos_sports_events_20260327_110202.txt
2026-03-27 11:02:02 [INFO] Records count : 9
2026-03-27 11:02:02 [INFO] ------------------------------------------------------------------
2026-03-27 11:02:02 [INFO]   Record 01: Event ID: EVT4004 | Event Name: Gulf Youth Cup Semi Final | Sport: Football | Venue: Khali...
2026-03-27 11:02:02 [INFO]   Record 02: Event ID: EVT3450 | Event Name: Gulf Youth Cup Round 2 | Sport: Football | Venue: Ahmad Bi...
2026-03-27 11:02:02 [INFO]   Record 03: Event ID: EVT6926 | Event Name: Ministry Invitational Friendly Tournament | Sport: Footbal...
2026-03-27 11:02:02 [INFO]   Record 04: Event ID: EVT3740 | Event Name: Ministry Invitational Friendly Tournament | Sport: Athleti...
2026-03-27 11:02:02 [INFO]   Record 05: Event ID: EVT3281 | Event Name: Qatar Schools Football League | Sport: Basketball | Venue:...
2026-03-27 11:02:02 [INFO]   Record 06: Event ID: EVT2711 | Event Name: Qatar Cup Semi Final | Sport: Basketball | Venue: Al Thuma...
2026-03-27 11:02:02 [INFO]   Record 07: Event ID: EVT4859 | Event Name: GCC Club Championship Quarter Final | Sport: Swimming | Ve...
2026-03-27 11:02:02 [INFO]   Record 08: Event ID: EVT7402 | Event Name: MOS Annual Charity Football Gala | Sport: Football | Venue...
2026-03-27 11:02:02 [INFO]   Record 09: Event ID: EVT9728 | Event Name: Qatar Premier League Match Day 5 | Sport: Football | Venue...
2026-03-27 11:02:02 [INFO] ------------------------------------------------------------------
2026-03-27 11:02:02 [INFO] File written successfully.
2026-03-27 11:02:02 [INFO]   Full path : /home/cloudera/mos_qatar_demo_poc/landing/mos_sports_events_20260327_110202.txt
2026-03-27 11:02:02 [INFO]   Size      : 2328 bytes
2026-03-27 11:02:02 [INFO]   Records   : 9
2026-03-27 11:02:02 [INFO] ==================================================================
2026-03-27 11:02:02 [INFO]   Generator Completed Successfully
2026-03-27 11:02:02 [INFO] ==================================================================
