2026-03-25 20:12:01 [INFO] ==================================================================
2026-03-25 20:12:01 [INFO]   MOS Qatar Demo - Sports Data Generator
2026-03-25 20:12:01 [INFO] ==================================================================
2026-03-25 20:12:01 [INFO] Config file   : /home/cloudera/mos_qatar_demo_poc/config/mos_qatar_demo.ini
2026-03-25 20:12:01 [INFO] Landing dir   : /home/cloudera/mos_qatar_demo_poc/landing
2026-03-25 20:12:01 [INFO] Output file   : mos_sports_events_20260325_201201.txt
2026-03-25 20:12:01 [INFO] Records count : 8
2026-03-25 20:12:01 [INFO] ------------------------------------------------------------------
2026-03-25 20:12:01 [INFO]   Record 01: Event ID: EVT7135 | Event Name: Qatar Cup Semi Final | Sport: Football | Venue: Aspire Zon...
2026-03-25 20:12:01 [INFO]   Record 02: Event ID: EVT4258 | Event Name: Doha Sports Festival Opening Match | Sport: Athletics | Ve...
2026-03-25 20:12:01 [INFO]   Record 03: Event ID: EVT5247 | Event Name: GCC Club Championship Semi Final | Sport: Athletics | Venu...
2026-03-25 20:12:01 [INFO]   Record 04: Event ID: EVT2049 | Event Name: National Day Football Celebration | Sport: Football | Venu...
2026-03-25 20:12:01 [INFO]   Record 05: Event ID: EVT6670 | Event Name: Qatar Under-20 Development League | Sport: Football | Venu...
2026-03-25 20:12:01 [INFO]   Record 06: Event ID: EVT9637 | Event Name: Qatar Cup Final | Sport: Handball | Venue: Al Janoub Stadi...
2026-03-25 20:12:01 [INFO]   Record 07: Event ID: EVT4006 | Event Name: Gulf Youth Cup Quarter Final | Sport: Handball | Venue: Ah...
2026-03-25 20:12:01 [INFO]   Record 08: Event ID: EVT9530 | Event Name: Qatar Olympic Training Camp Evaluation | Sport: Athletics ...
2026-03-25 20:12:01 [INFO] ------------------------------------------------------------------
2026-03-25 20:12:01 [INFO] File written successfully.
2026-03-25 20:12:01 [INFO]   Full path : /home/cloudera/mos_qatar_demo_poc/landing/mos_sports_events_20260325_201201.txt
2026-03-25 20:12:01 [INFO]   Size      : 2095 bytes
2026-03-25 20:12:01 [INFO]   Records   : 8
2026-03-25 20:12:01 [INFO] ==================================================================
2026-03-25 20:12:01 [INFO]   Generator Completed Successfully
2026-03-25 20:12:01 [INFO] ==================================================================
