2026-03-27 08:15:02 [INFO] ==================================================================
2026-03-27 08:15:02 [INFO]   MOS Qatar Demo - Sports Data Generator
2026-03-27 08:15:02 [INFO] ==================================================================
2026-03-27 08:15:02 [INFO] Config file   : /home/cloudera/mos_qatar_demo_poc/config/mos_qatar_demo.ini
2026-03-27 08:15:02 [INFO] Landing dir   : /home/cloudera/mos_qatar_demo_poc/landing
2026-03-27 08:15:02 [INFO] Output file   : mos_sports_events_20260327_081502.txt
2026-03-27 08:15:02 [INFO] Records count : 6
2026-03-27 08:15:02 [INFO] ------------------------------------------------------------------
2026-03-27 08:15:02 [INFO]   Record 01: Event ID: EVT5549 | Event Name: Qatar Schools Football League | Sport: Football | Venue: A...
2026-03-27 08:15:02 [INFO]   Record 02: Event ID: EVT5547 | Event Name: GCC Club Championship Quarter Final | Sport: Swimming | Ve...
2026-03-27 08:15:02 [INFO]   Record 03: Event ID: EVT7846 | Event Name: Gulf Youth Cup Final | Sport: Basketball | Venue: Khalifa ...
2026-03-27 08:15:02 [INFO]   Record 04: Event ID: EVT2271 | Event Name: National Day Football Celebration | Sport: Handball | Venu...
2026-03-27 08:15:02 [INFO]   Record 05: Event ID: EVT2138 | Event Name: Gulf Youth Cup Round 1 | Sport: Handball | Venue: Aspire Z...
2026-03-27 08:15:02 [INFO]   Record 06: Event ID: EVT7299 | Event Name: Qatar Olympic Training Camp Evaluation | Sport: Volleyball...
2026-03-27 08:15:02 [INFO] ------------------------------------------------------------------
2026-03-27 08:15:02 [INFO] File written successfully.
2026-03-27 08:15:02 [INFO]   Full path : /home/cloudera/mos_qatar_demo_poc/landing/mos_sports_events_20260327_081502.txt
2026-03-27 08:15:02 [INFO]   Size      : 1543 bytes
2026-03-27 08:15:02 [INFO]   Records   : 6
2026-03-27 08:15:02 [INFO] ==================================================================
2026-03-27 08:15:02 [INFO]   Generator Completed Successfully
2026-03-27 08:15:02 [INFO] ==================================================================
