2026-03-25 23:18:01 [INFO] ==================================================================
2026-03-25 23:18:01 [INFO]   MOS Qatar Demo - Sports Data Generator
2026-03-25 23:18:01 [INFO] ==================================================================
2026-03-25 23:18:01 [INFO] Config file   : /home/cloudera/mos_qatar_demo_poc/config/mos_qatar_demo.ini
2026-03-25 23:18:01 [INFO] Landing dir   : /home/cloudera/mos_qatar_demo_poc/landing
2026-03-25 23:18:01 [INFO] Output file   : mos_sports_events_20260325_231801.txt
2026-03-25 23:18:01 [INFO] Records count : 7
2026-03-25 23:18:01 [INFO] ------------------------------------------------------------------
2026-03-25 23:18:01 [INFO]   Record 01: Event ID: EVT9750 | Event Name: GCC Club Championship Semi Final | Sport: Football | Venue...
2026-03-25 23:18:01 [INFO]   Record 02: Event ID: EVT5685 | Event Name: Gulf Youth Cup Round 2 | Sport: Football | Venue: Educatio...
2026-03-25 23:18:01 [INFO]   Record 03: Event ID: EVT6462 | Event Name: Qatar Schools Football League | Sport: Football | Venue: A...
2026-03-25 23:18:01 [INFO]   Record 04: Event ID: EVT5851 | Event Name: Ministry Invitational Friendly Tournament | Sport: Volleyb...
2026-03-25 23:18:01 [INFO]   Record 05: Event ID: EVT7484 | Event Name: National Team Preparation Match | Sport: Volleyball | Venu...
2026-03-25 23:18:01 [INFO]   Record 06: Event ID: EVT3913 | Event Name: Qatar Schools Football League | Sport: Volleyball | Venue:...
2026-03-25 23:18:01 [INFO]   Record 07: Event ID: EVT5628 | Event Name: Asian Qualifiers Warm-up Match | Sport: Football | Venue: ...
2026-03-25 23:18:01 [INFO] ------------------------------------------------------------------
2026-03-25 23:18:01 [INFO] File written successfully.
2026-03-25 23:18:01 [INFO]   Full path : /home/cloudera/mos_qatar_demo_poc/landing/mos_sports_events_20260325_231801.txt
2026-03-25 23:18:01 [INFO]   Size      : 1812 bytes
2026-03-25 23:18:01 [INFO]   Records   : 7
2026-03-25 23:18:01 [INFO] ==================================================================
2026-03-25 23:18:01 [INFO]   Generator Completed Successfully
2026-03-25 23:18:01 [INFO] ==================================================================
