2026-03-25 21:24:01 [INFO] ==================================================================
2026-03-25 21:24:01 [INFO]   MOS Qatar Demo - Sports Data Generator
2026-03-25 21:24:01 [INFO] ==================================================================
2026-03-25 21:24:01 [INFO] Config file   : /home/cloudera/mos_qatar_demo_poc/config/mos_qatar_demo.ini
2026-03-25 21:24:01 [INFO] Landing dir   : /home/cloudera/mos_qatar_demo_poc/landing
2026-03-25 21:24:01 [INFO] Output file   : mos_sports_events_20260325_212401.txt
2026-03-25 21:24:01 [INFO] Records count : 4
2026-03-25 21:24:01 [INFO] ------------------------------------------------------------------
2026-03-25 21:24:01 [INFO]   Record 01: Event ID: EVT9895 | Event Name: Qatar Cup Semi Final | Sport: Volleyball | Venue: Ahmad Bi...
2026-03-25 21:24:01 [INFO]   Record 02: Event ID: EVT8038 | Event Name: GCC Club Championship Final | Sport: Swimming | Venue: Ahm...
2026-03-25 21:24:01 [INFO]   Record 03: Event ID: EVT1611 | Event Name: Gulf Cup Qualifier Round 1 | Sport: Football | Venue: Al T...
2026-03-25 21:24:01 [INFO]   Record 04: Event ID: EVT5652 | Event Name: GCC Club Championship Semi Final | Sport: Basketball | Ven...
2026-03-25 21:24:01 [INFO] ------------------------------------------------------------------
2026-03-25 21:24:01 [INFO] File written successfully.
2026-03-25 21:24:01 [INFO]   Full path : /home/cloudera/mos_qatar_demo_poc/landing/mos_sports_events_20260325_212401.txt
2026-03-25 21:24:01 [INFO]   Size      : 1017 bytes
2026-03-25 21:24:01 [INFO]   Records   : 4
2026-03-25 21:24:01 [INFO] ==================================================================
2026-03-25 21:24:01 [INFO]   Generator Completed Successfully
2026-03-25 21:24:01 [INFO] ==================================================================
