2026-03-26 11:29:02 [INFO] ==================================================================
2026-03-26 11:29:02 [INFO]   MOS Qatar Demo - Sports Data Generator
2026-03-26 11:29:02 [INFO] ==================================================================
2026-03-26 11:29:02 [INFO] Config file   : /home/cloudera/mos_qatar_demo_poc/config/mos_qatar_demo.ini
2026-03-26 11:29:02 [INFO] Landing dir   : /home/cloudera/mos_qatar_demo_poc/landing
2026-03-26 11:29:02 [INFO] Output file   : mos_sports_events_20260326_112902.txt
2026-03-26 11:29:02 [INFO] Records count : 6
2026-03-26 11:29:02 [INFO] ------------------------------------------------------------------
2026-03-26 11:29:02 [INFO]   Record 01: Event ID: EVT5533 | Event Name: Gulf Youth Cup Final | Sport: Basketball | Venue: Khalifa ...
2026-03-26 11:29:02 [INFO]   Record 02: Event ID: EVT6431 | Event Name: Gulf Youth Cup Round 2 | Sport: Handball | Venue: Aspire Z...
2026-03-26 11:29:02 [INFO]   Record 03: Event ID: EVT5304 | Event Name: Qatar Under-20 Development League | Sport: Volleyball | Ve...
2026-03-26 11:29:02 [INFO]   Record 04: Event ID: EVT4873 | Event Name: Ministry Invitational Friendly Tournament | Sport: Volleyb...
2026-03-26 11:29:02 [INFO]   Record 05: Event ID: EVT4319 | Event Name: Gulf Youth Cup Round 2 | Sport: Volleyball | Venue: Al Jan...
2026-03-26 11:29:02 [INFO]   Record 06: Event ID: EVT6648 | Event Name: Qatar Schools Football League | Sport: Athletics | Venue: ...
2026-03-26 11:29:02 [INFO] ------------------------------------------------------------------
2026-03-26 11:29:02 [INFO] File written successfully.
2026-03-26 11:29:02 [INFO]   Full path : /home/cloudera/mos_qatar_demo_poc/landing/mos_sports_events_20260326_112902.txt
2026-03-26 11:29:02 [INFO]   Size      : 1553 bytes
2026-03-26 11:29:02 [INFO]   Records   : 6
2026-03-26 11:29:02 [INFO] ==================================================================
2026-03-26 11:29:02 [INFO]   Generator Completed Successfully
2026-03-26 11:29:02 [INFO] ==================================================================
