2026-03-25 00:45:02 [INFO] ==================================================================
2026-03-25 00:45:02 [INFO]   MOS Qatar Demo - Sports Data Generator
2026-03-25 00:45:02 [INFO] ==================================================================
2026-03-25 00:45:02 [INFO] Config file   : /home/cloudera/mos_qatar_demo_poc/config/mos_qatar_demo.ini
2026-03-25 00:45:02 [INFO] Landing dir   : /home/cloudera/mos_qatar_demo_poc/landing
2026-03-25 00:45:02 [INFO] Output file   : mos_sports_events_20260325_004502.txt
2026-03-25 00:45:02 [INFO] Records count : 8
2026-03-25 00:45:02 [INFO] ------------------------------------------------------------------
2026-03-25 00:45:02 [INFO]   Record 01: Event ID: EVT5933 | Event Name: GCC Club Championship Final | Sport: Swimming | Venue: Al ...
2026-03-25 00:45:02 [INFO]   Record 02: Event ID: EVT2965 | Event Name: Asian Qualifiers Warm-up Match | Sport: Basketball | Venue...
2026-03-25 00:45:02 [INFO]   Record 03: Event ID: EVT9616 | Event Name: Qatar Premier League Match Day 5 | Sport: Football | Venue...
2026-03-25 00:45:02 [INFO]   Record 04: Event ID: EVT2963 | Event Name: Qatar Cup Final | Sport: Basketball | Venue: Education Cit...
2026-03-25 00:45:02 [INFO]   Record 05: Event ID: EVT2510 | Event Name: Qatar Premier League Match Day 12 | Sport: Swimming | Venu...
2026-03-25 00:45:02 [INFO]   Record 06: Event ID: EVT9558 | Event Name: Qatar Schools Football League | Sport: Volleyball | Venue:...
2026-03-25 00:45:02 [INFO]   Record 07: Event ID: EVT7080 | Event Name: Qatar Premier League Match Day 5 | Sport: Athletics | Venu...
2026-03-25 00:45:02 [INFO]   Record 08: Event ID: EVT1494 | Event Name: GCC Club Championship Final | Sport: Football | Venue: Asp...
2026-03-25 00:45:02 [INFO] ------------------------------------------------------------------
2026-03-25 00:45:02 [INFO] File written successfully.
2026-03-25 00:45:02 [INFO]   Full path : /home/cloudera/mos_qatar_demo_poc/landing/mos_sports_events_20260325_004502.txt
2026-03-25 00:45:02 [INFO]   Size      : 2052 bytes
2026-03-25 00:45:02 [INFO]   Records   : 8
2026-03-25 00:45:02 [INFO] ==================================================================
2026-03-25 00:45:02 [INFO]   Generator Completed Successfully
2026-03-25 00:45:02 [INFO] ==================================================================
