2026-03-26 23:50:02 [INFO] ==================================================================
2026-03-26 23:50:02 [INFO]   MOS Qatar Demo - Sports Data Generator
2026-03-26 23:50:02 [INFO] ==================================================================
2026-03-26 23:50:02 [INFO] Config file   : /home/cloudera/mos_qatar_demo_poc/config/mos_qatar_demo.ini
2026-03-26 23:50:02 [INFO] Landing dir   : /home/cloudera/mos_qatar_demo_poc/landing
2026-03-26 23:50:02 [INFO] Output file   : mos_sports_events_20260326_235002.txt
2026-03-26 23:50:02 [INFO] Records count : 8
2026-03-26 23:50:02 [INFO] ------------------------------------------------------------------
2026-03-26 23:50:02 [INFO]   Record 01: Event ID: EVT3564 | Event Name: MOS Annual Charity Football Gala | Sport: Handball | Venue...
2026-03-26 23:50:02 [INFO]   Record 02: Event ID: EVT3692 | Event Name: Gulf Youth Cup Round 2 | Sport: Swimming | Venue: Lusail S...
2026-03-26 23:50:02 [INFO]   Record 03: Event ID: EVT4510 | Event Name: GCC Club Championship Final | Sport: Volleyball | Venue: L...
2026-03-26 23:50:02 [INFO]   Record 04: Event ID: EVT4488 | Event Name: GCC Club Championship Final | Sport: Volleyball | Venue: A...
2026-03-26 23:50:02 [INFO]   Record 05: Event ID: EVT4892 | Event Name: Gulf Youth Cup Round 2 | Sport: Football | Venue: Al Janou...
2026-03-26 23:50:02 [INFO]   Record 06: Event ID: EVT2995 | Event Name: Ministry Youth Sports Day | Sport: Football | Venue: Khali...
2026-03-26 23:50:02 [INFO]   Record 07: Event ID: EVT3971 | Event Name: Gulf Youth Cup Round 1 | Sport: Football | Venue: Al Janou...
2026-03-26 23:50:02 [INFO]   Record 08: Event ID: EVT4648 | Event Name: Ramadan Football Festival | Sport: Swimming | Venue: Al Th...
2026-03-26 23:50:02 [INFO] ------------------------------------------------------------------
2026-03-26 23:50:02 [INFO] File written successfully.
2026-03-26 23:50:02 [INFO]   Full path : /home/cloudera/mos_qatar_demo_poc/landing/mos_sports_events_20260326_235002.txt
2026-03-26 23:50:02 [INFO]   Size      : 2031 bytes
2026-03-26 23:50:02 [INFO]   Records   : 8
2026-03-26 23:50:02 [INFO] ==================================================================
2026-03-26 23:50:02 [INFO]   Generator Completed Successfully
2026-03-26 23:50:02 [INFO] ==================================================================
