2026-03-26 00:24:02 [INFO] ==================================================================
2026-03-26 00:24:02 [INFO]   MOS Qatar Demo - Sports Data Generator
2026-03-26 00:24:02 [INFO] ==================================================================
2026-03-26 00:24:02 [INFO] Config file   : /home/cloudera/mos_qatar_demo_poc/config/mos_qatar_demo.ini
2026-03-26 00:24:02 [INFO] Landing dir   : /home/cloudera/mos_qatar_demo_poc/landing
2026-03-26 00:24:02 [INFO] Output file   : mos_sports_events_20260326_002402.txt
2026-03-26 00:24:02 [INFO] Records count : 10
2026-03-26 00:24:02 [INFO] ------------------------------------------------------------------
2026-03-26 00:24:02 [INFO]   Record 01: Event ID: EVT6993 | Event Name: Ministry Invitational Friendly Tournament | Sport: Handbal...
2026-03-26 00:24:02 [INFO]   Record 02: Event ID: EVT1108 | Event Name: Arab Nations Championship Semi Final | Sport: Volleyball |...
2026-03-26 00:24:02 [INFO]   Record 03: Event ID: EVT7777 | Event Name: National Day Football Celebration | Sport: Athletics | Ven...
2026-03-26 00:24:02 [INFO]   Record 04: Event ID: EVT5513 | Event Name: Qatar Olympic Training Camp Evaluation | Sport: Swimming |...
2026-03-26 00:24:02 [INFO]   Record 05: Event ID: EVT9700 | Event Name: Qatar Under-20 Development League | Sport: Football | Venu...
2026-03-26 00:24:02 [INFO]   Record 06: Event ID: EVT2688 | Event Name: Qatar Premier League Match Day 8 | Sport: Volleyball | Ven...
2026-03-26 00:24:02 [INFO]   Record 07: Event ID: EVT3468 | Event Name: Qatar Cup Final | Sport: Athletics | Venue: Khalifa Intern...
2026-03-26 00:24:02 [INFO]   Record 08: Event ID: EVT7595 | Event Name: GCC Club Championship Semi Final | Sport: Swimming | Venue...
2026-03-26 00:24:02 [INFO]   Record 09: Event ID: EVT1723 | Event Name: Ramadan Football Festival | Sport: Football | Venue: Al Wa...
2026-03-26 00:24:02 [INFO]   Record 10: Event ID: EVT2680 | Event Name: Qatar Cup Final | Sport: Handball | Venue: Ahmad Bin Ali S...
2026-03-26 00:24:02 [INFO] ------------------------------------------------------------------
2026-03-26 00:24:02 [INFO] File written successfully.
2026-03-26 00:24:02 [INFO]   Full path : /home/cloudera/mos_qatar_demo_poc/landing/mos_sports_events_20260326_002402.txt
2026-03-26 00:24:02 [INFO]   Size      : 2569 bytes
2026-03-26 00:24:02 [INFO]   Records   : 10
2026-03-26 00:24:02 [INFO] ==================================================================
2026-03-26 00:24:02 [INFO]   Generator Completed Successfully
2026-03-26 00:24:02 [INFO] ==================================================================
