2026-03-27 06:18:02 [INFO] ==================================================================
2026-03-27 06:18:02 [INFO]   MOS Qatar Demo - Sports Data Generator
2026-03-27 06:18:02 [INFO] ==================================================================
2026-03-27 06:18:02 [INFO] Config file   : /home/cloudera/mos_qatar_demo_poc/config/mos_qatar_demo.ini
2026-03-27 06:18:02 [INFO] Landing dir   : /home/cloudera/mos_qatar_demo_poc/landing
2026-03-27 06:18:02 [INFO] Output file   : mos_sports_events_20260327_061802.txt
2026-03-27 06:18:02 [INFO] Records count : 10
2026-03-27 06:18:02 [INFO] ------------------------------------------------------------------
2026-03-27 06:18:02 [INFO]   Record 01: Event ID: EVT2394 | Event Name: Gulf Youth Cup Round 1 | Sport: Football | Venue: Al Janou...
2026-03-27 06:18:02 [INFO]   Record 02: Event ID: EVT6981 | Event Name: GCC Club Championship Quarter Final | Sport: Football | Ve...
2026-03-27 06:18:02 [INFO]   Record 03: Event ID: EVT8286 | Event Name: Qatar Cup Final | Sport: Football | Venue: Khalifa Interna...
2026-03-27 06:18:02 [INFO]   Record 04: Event ID: EVT6873 | Event Name: Qatar Cup Semi Final | Sport: Basketball | Venue: Al Thuma...
2026-03-27 06:18:02 [INFO]   Record 05: Event ID: EVT7396 | Event Name: FIFA World Cup Qatar Legacy Match | Sport: Football | Venu...
2026-03-27 06:18:02 [INFO]   Record 06: Event ID: EVT4895 | Event Name: GCC Club Championship Semi Final | Sport: Athletics | Venu...
2026-03-27 06:18:02 [INFO]   Record 07: Event ID: EVT6313 | Event Name: Qatar Premier League Match Day 5 | Sport: Football | Venue...
2026-03-27 06:18:02 [INFO]   Record 08: Event ID: EVT2966 | Event Name: Gulf Youth Cup Final | Sport: Football | Venue: Al Wakrah ...
2026-03-27 06:18:02 [INFO]   Record 09: Event ID: EVT3855 | Event Name: Gulf Youth Cup Final | Sport: Football | Venue: Aspire Zon...
2026-03-27 06:18:02 [INFO]   Record 10: Event ID: EVT6289 | Event Name: Ministry Invitational Friendly Tournament | Sport: Handbal...
2026-03-27 06:18:02 [INFO] ------------------------------------------------------------------
2026-03-27 06:18:02 [INFO] File written successfully.
2026-03-27 06:18:02 [INFO]   Full path : /home/cloudera/mos_qatar_demo_poc/landing/mos_sports_events_20260327_061802.txt
2026-03-27 06:18:02 [INFO]   Size      : 2578 bytes
2026-03-27 06:18:02 [INFO]   Records   : 10
2026-03-27 06:18:02 [INFO] ==================================================================
2026-03-27 06:18:02 [INFO]   Generator Completed Successfully
2026-03-27 06:18:02 [INFO] ==================================================================
