2026-03-26 13:23:02 [INFO] ==================================================================
2026-03-26 13:23:02 [INFO]   MOS Qatar Demo - Sports Data Generator
2026-03-26 13:23:02 [INFO] ==================================================================
2026-03-26 13:23:02 [INFO] Config file   : /home/cloudera/mos_qatar_demo_poc/config/mos_qatar_demo.ini
2026-03-26 13:23:02 [INFO] Landing dir   : /home/cloudera/mos_qatar_demo_poc/landing
2026-03-26 13:23:02 [INFO] Output file   : mos_sports_events_20260326_132302.txt
2026-03-26 13:23:02 [INFO] Records count : 7
2026-03-26 13:23:02 [INFO] ------------------------------------------------------------------
2026-03-26 13:23:02 [INFO]   Record 01: Event ID: EVT6419 | Event Name: GCC Club Championship Quarter Final | Sport: Football | Ve...
2026-03-26 13:23:02 [INFO]   Record 02: Event ID: EVT7749 | Event Name: Arab Nations Championship Group Stage | Sport: Football | ...
2026-03-26 13:23:02 [INFO]   Record 03: Event ID: EVT1010 | Event Name: FIFA World Cup Qatar Legacy Match | Sport: Football | Venu...
2026-03-26 13:23:02 [INFO]   Record 04: Event ID: EVT1738 | Event Name: National Day Football Celebration | Sport: Football | Venu...
2026-03-26 13:23:02 [INFO]   Record 05: Event ID: EVT4753 | Event Name: Gulf Youth Cup Semi Final | Sport: Football | Venue: Aspir...
2026-03-26 13:23:02 [INFO]   Record 06: Event ID: EVT1827 | Event Name: Arab Nations Championship Semi Final | Sport: Football | V...
2026-03-26 13:23:02 [INFO]   Record 07: Event ID: EVT6581 | Event Name: Arab Nations Championship Semi Final | Sport: Football | V...
2026-03-26 13:23:02 [INFO] ------------------------------------------------------------------
2026-03-26 13:23:02 [INFO] File written successfully.
2026-03-26 13:23:02 [INFO]   Full path : /home/cloudera/mos_qatar_demo_poc/landing/mos_sports_events_20260326_132302.txt
2026-03-26 13:23:02 [INFO]   Size      : 1829 bytes
2026-03-26 13:23:02 [INFO]   Records   : 7
2026-03-26 13:23:02 [INFO] ==================================================================
2026-03-26 13:23:02 [INFO]   Generator Completed Successfully
2026-03-26 13:23:02 [INFO] ==================================================================
