2026-03-25 07:18:02 [INFO] ==================================================================
2026-03-25 07:18:02 [INFO]   MOS Qatar Demo - Sports Data Generator
2026-03-25 07:18:02 [INFO] ==================================================================
2026-03-25 07:18:02 [INFO] Config file   : /home/cloudera/mos_qatar_demo_poc/config/mos_qatar_demo.ini
2026-03-25 07:18:02 [INFO] Landing dir   : /home/cloudera/mos_qatar_demo_poc/landing
2026-03-25 07:18:02 [INFO] Output file   : mos_sports_events_20260325_071802.txt
2026-03-25 07:18:02 [INFO] Records count : 8
2026-03-25 07:18:02 [INFO] ------------------------------------------------------------------
2026-03-25 07:18:02 [INFO]   Record 01: Event ID: EVT1270 | Event Name: Doha Sports Festival Opening Match | Sport: Volleyball | V...
2026-03-25 07:18:02 [INFO]   Record 02: Event ID: EVT1892 | Event Name: Qatar Premier League Match Day 8 | Sport: Football | Venue...
2026-03-25 07:18:02 [INFO]   Record 03: Event ID: EVT8700 | Event Name: MOS Annual Charity Football Gala | Sport: Football | Venue...
2026-03-25 07:18:02 [INFO]   Record 04: Event ID: EVT9234 | Event Name: MOS Annual Charity Football Gala | Sport: Handball | Venue...
2026-03-25 07:18:02 [INFO]   Record 05: Event ID: EVT2006 | Event Name: Gulf Youth Cup Semi Final | Sport: Basketball | Venue: Lus...
2026-03-25 07:18:02 [INFO]   Record 06: Event ID: EVT3646 | Event Name: Ramadan Football Festival | Sport: Football | Venue: Lusai...
2026-03-25 07:18:02 [INFO]   Record 07: Event ID: EVT4309 | Event Name: GCC Club Championship Quarter Final | Sport: Football | Ve...
2026-03-25 07:18:02 [INFO]   Record 08: Event ID: EVT2798 | Event Name: Gulf Youth Cup Round 2 | Sport: Swimming | Venue: Qatar Sp...
2026-03-25 07:18:02 [INFO] ------------------------------------------------------------------
2026-03-25 07:18:02 [INFO] File written successfully.
2026-03-25 07:18:02 [INFO]   Full path : /home/cloudera/mos_qatar_demo_poc/landing/mos_sports_events_20260325_071802.txt
2026-03-25 07:18:02 [INFO]   Size      : 2058 bytes
2026-03-25 07:18:02 [INFO]   Records   : 8
2026-03-25 07:18:02 [INFO] ==================================================================
2026-03-25 07:18:02 [INFO]   Generator Completed Successfully
2026-03-25 07:18:02 [INFO] ==================================================================
