2026-03-25 02:31:01 [INFO] ==================================================================
2026-03-25 02:31:01 [INFO]   MOS Qatar Demo - Sports Data Generator
2026-03-25 02:31:01 [INFO] ==================================================================
2026-03-25 02:31:01 [INFO] Config file   : /home/cloudera/mos_qatar_demo_poc/config/mos_qatar_demo.ini
2026-03-25 02:31:01 [INFO] Landing dir   : /home/cloudera/mos_qatar_demo_poc/landing
2026-03-25 02:31:01 [INFO] Output file   : mos_sports_events_20260325_023101.txt
2026-03-25 02:31:01 [INFO] Records count : 8
2026-03-25 02:31:01 [INFO] ------------------------------------------------------------------
2026-03-25 02:31:01 [INFO]   Record 01: Event ID: EVT3685 | Event Name: Qatar Olympic Training Camp Evaluation | Sport: Football |...
2026-03-25 02:31:01 [INFO]   Record 02: Event ID: EVT3929 | Event Name: National Day Football Celebration | Sport: Swimming | Venu...
2026-03-25 02:31:01 [INFO]   Record 03: Event ID: EVT8547 | Event Name: Qatar Under-20 Development League | Sport: Volleyball | Ve...
2026-03-25 02:31:01 [INFO]   Record 04: Event ID: EVT2925 | Event Name: Ministry Invitational Friendly Tournament | Sport: Athleti...
2026-03-25 02:31:01 [INFO]   Record 05: Event ID: EVT8081 | Event Name: GCC Club Championship Final | Sport: Football | Venue: Al ...
2026-03-25 02:31:01 [INFO]   Record 06: Event ID: EVT3443 | Event Name: FIFA World Cup Qatar Legacy Match | Sport: Football | Venu...
2026-03-25 02:31:01 [INFO]   Record 07: Event ID: EVT5890 | Event Name: Qatar Premier League Match Day 5 | Sport: Volleyball | Ven...
2026-03-25 02:31:01 [INFO]   Record 08: Event ID: EVT8181 | Event Name: Qatar Under-20 Development League | Sport: Football | Venu...
2026-03-25 02:31:01 [INFO] ------------------------------------------------------------------
2026-03-25 02:31:01 [INFO] File written successfully.
2026-03-25 02:31:01 [INFO]   Full path : /home/cloudera/mos_qatar_demo_poc/landing/mos_sports_events_20260325_023101.txt
2026-03-25 02:31:01 [INFO]   Size      : 2125 bytes
2026-03-25 02:31:01 [INFO]   Records   : 8
2026-03-25 02:31:01 [INFO] ==================================================================
2026-03-25 02:31:01 [INFO]   Generator Completed Successfully
2026-03-25 02:31:01 [INFO] ==================================================================
