2026-03-26 19:04:02 [INFO] ==================================================================
2026-03-26 19:04:02 [INFO]   MOS Qatar Demo - Sports Data Generator
2026-03-26 19:04:02 [INFO] ==================================================================
2026-03-26 19:04:02 [INFO] Config file   : /home/cloudera/mos_qatar_demo_poc/config/mos_qatar_demo.ini
2026-03-26 19:04:02 [INFO] Landing dir   : /home/cloudera/mos_qatar_demo_poc/landing
2026-03-26 19:04:02 [INFO] Output file   : mos_sports_events_20260326_190402.txt
2026-03-26 19:04:02 [INFO] Records count : 4
2026-03-26 19:04:02 [INFO] ------------------------------------------------------------------
2026-03-26 19:04:02 [INFO]   Record 01: Event ID: EVT6754 | Event Name: Ministry Youth Sports Day | Sport: Football | Venue: Al Ja...
2026-03-26 19:04:02 [INFO]   Record 02: Event ID: EVT7238 | Event Name: Doha Sports Festival Opening Match | Sport: Football | Ven...
2026-03-26 19:04:02 [INFO]   Record 03: Event ID: EVT2581 | Event Name: Gulf Youth Cup Round 2 | Sport: Football | Venue: Ahmad Bi...
2026-03-26 19:04:02 [INFO]   Record 04: Event ID: EVT5012 | Event Name: Arab Nations Championship Group Stage | Sport: Football | ...
2026-03-26 19:04:02 [INFO] ------------------------------------------------------------------
2026-03-26 19:04:02 [INFO] File written successfully.
2026-03-26 19:04:02 [INFO]   Full path : /home/cloudera/mos_qatar_demo_poc/landing/mos_sports_events_20260326_190402.txt
2026-03-26 19:04:02 [INFO]   Size      : 1032 bytes
2026-03-26 19:04:02 [INFO]   Records   : 4
2026-03-26 19:04:02 [INFO] ==================================================================
2026-03-26 19:04:02 [INFO]   Generator Completed Successfully
2026-03-26 19:04:02 [INFO] ==================================================================
