2026-03-25 20:48:02 [INFO] ==================================================================
2026-03-25 20:48:02 [INFO]   MOS Qatar Demo - Sports Data Generator
2026-03-25 20:48:02 [INFO] ==================================================================
2026-03-25 20:48:02 [INFO] Config file   : /home/cloudera/mos_qatar_demo_poc/config/mos_qatar_demo.ini
2026-03-25 20:48:02 [INFO] Landing dir   : /home/cloudera/mos_qatar_demo_poc/landing
2026-03-25 20:48:02 [INFO] Output file   : mos_sports_events_20260325_204802.txt
2026-03-25 20:48:02 [INFO] Records count : 10
2026-03-25 20:48:02 [INFO] ------------------------------------------------------------------
2026-03-25 20:48:02 [INFO]   Record 01: Event ID: EVT3405 | Event Name: Ministry Invitational Friendly Tournament | Sport: Footbal...
2026-03-25 20:48:02 [INFO]   Record 02: Event ID: EVT9706 | Event Name: Qatar Premier League Match Day 12 | Sport: Football | Venu...
2026-03-25 20:48:02 [INFO]   Record 03: Event ID: EVT6995 | Event Name: GCC Club Championship Quarter Final | Sport: Swimming | Ve...
2026-03-25 20:48:02 [INFO]   Record 04: Event ID: EVT4898 | Event Name: Ramadan Football Festival | Sport: Athletics | Venue: Qata...
2026-03-25 20:48:02 [INFO]   Record 05: Event ID: EVT8871 | Event Name: Gulf Youth Cup Round 2 | Sport: Athletics | Venue: Al Wakr...
2026-03-25 20:48:02 [INFO]   Record 06: Event ID: EVT9679 | Event Name: Qatar Under-20 Development League | Sport: Handball | Venu...
2026-03-25 20:48:02 [INFO]   Record 07: Event ID: EVT1763 | Event Name: Qatar Cup Final | Sport: Handball | Venue: Khalifa Interna...
2026-03-25 20:48:02 [INFO]   Record 08: Event ID: EVT1620 | Event Name: National Day Football Celebration | Sport: Athletics | Ven...
2026-03-25 20:48:02 [INFO]   Record 09: Event ID: EVT7242 | Event Name: Gulf Youth Cup Final | Sport: Football | Venue: Al Thumama...
2026-03-25 20:48:02 [INFO]   Record 10: Event ID: EVT3725 | Event Name: Gulf Youth Cup Quarter Final | Sport: Volleyball | Venue: ...
2026-03-25 20:48:02 [INFO] ------------------------------------------------------------------
2026-03-25 20:48:02 [INFO] File written successfully.
2026-03-25 20:48:02 [INFO]   Full path : /home/cloudera/mos_qatar_demo_poc/landing/mos_sports_events_20260325_204802.txt
2026-03-25 20:48:02 [INFO]   Size      : 2582 bytes
2026-03-25 20:48:02 [INFO]   Records   : 10
2026-03-25 20:48:02 [INFO] ==================================================================
2026-03-25 20:48:02 [INFO]   Generator Completed Successfully
2026-03-25 20:48:02 [INFO] ==================================================================
