2026-03-24 15:10:01 [INFO] ==================================================================
2026-03-24 15:10:01 [INFO]   MOS Qatar Demo - Sports Data Generator
2026-03-24 15:10:01 [INFO] ==================================================================
2026-03-24 15:10:01 [INFO] Config file   : /home/cloudera/mos_qatar_demo_poc/config/mos_qatar_demo.ini
2026-03-24 15:10:01 [INFO] Landing dir   : /home/cloudera/mos_qatar_demo_poc/landing
2026-03-24 15:10:01 [INFO] Output file   : mos_sports_events_20260324_151001.txt
2026-03-24 15:10:01 [INFO] Records count : 4
2026-03-24 15:10:01 [INFO] ------------------------------------------------------------------
2026-03-24 15:10:01 [INFO]   Record 01: Event ID: EVT7768 | Event Name: Asian Qualifiers Warm-up Match | Sport: Football | Venue: ...
2026-03-24 15:10:01 [INFO]   Record 02: Event ID: EVT7751 | Event Name: Gulf Youth Cup Round 2 | Sport: Football | Venue: Qatar Sp...
2026-03-24 15:10:01 [INFO]   Record 03: Event ID: EVT9068 | Event Name: National Team Preparation Match | Sport: Athletics | Venue...
2026-03-24 15:10:01 [INFO]   Record 04: Event ID: EVT3803 | Event Name: Ramadan Football Festival | Sport: Football | Venue: Al Ja...
2026-03-24 15:10:01 [INFO] ------------------------------------------------------------------
2026-03-24 15:10:01 [INFO] File written successfully.
2026-03-24 15:10:01 [INFO]   Full path : /home/cloudera/mos_qatar_demo_poc/landing/mos_sports_events_20260324_151001.txt
2026-03-24 15:10:01 [INFO]   Size      : 1023 bytes
2026-03-24 15:10:01 [INFO]   Records   : 4
2026-03-24 15:10:01 [INFO] ==================================================================
2026-03-24 15:10:01 [INFO]   Generator Completed Successfully
2026-03-24 15:10:01 [INFO] ==================================================================
