2026-03-25 14:58:01 [INFO] ==================================================================
2026-03-25 14:58:01 [INFO]   MOS Qatar Demo - Sports Data Generator
2026-03-25 14:58:01 [INFO] ==================================================================
2026-03-25 14:58:01 [INFO] Config file   : /home/cloudera/mos_qatar_demo_poc/config/mos_qatar_demo.ini
2026-03-25 14:58:01 [INFO] Landing dir   : /home/cloudera/mos_qatar_demo_poc/landing
2026-03-25 14:58:01 [INFO] Output file   : mos_sports_events_20260325_145801.txt
2026-03-25 14:58:01 [INFO] Records count : 5
2026-03-25 14:58:01 [INFO] ------------------------------------------------------------------
2026-03-25 14:58:01 [INFO]   Record 01: Event ID: EVT9407 | Event Name: Ramadan Football Festival | Sport: Football | Venue: Qatar...
2026-03-25 14:58:01 [INFO]   Record 02: Event ID: EVT6728 | Event Name: GCC Club Championship Semi Final | Sport: Athletics | Venu...
2026-03-25 14:58:01 [INFO]   Record 03: Event ID: EVT6632 | Event Name: Gulf Youth Cup Final | Sport: Handball | Venue: Lusail Sta...
2026-03-25 14:58:01 [INFO]   Record 04: Event ID: EVT8036 | Event Name: Ministry Invitational Friendly Tournament | Sport: Volleyb...
2026-03-25 14:58:01 [INFO]   Record 05: Event ID: EVT3109 | Event Name: Qatar Premier League Match Day 5 | Sport: Basketball | Ven...
2026-03-25 14:58:01 [INFO] ------------------------------------------------------------------
2026-03-25 14:58:01 [INFO] File written successfully.
2026-03-25 14:58:01 [INFO]   Full path : /home/cloudera/mos_qatar_demo_poc/landing/mos_sports_events_20260325_145801.txt
2026-03-25 14:58:01 [INFO]   Size      : 1301 bytes
2026-03-25 14:58:01 [INFO]   Records   : 5
2026-03-25 14:58:01 [INFO] ==================================================================
2026-03-25 14:58:01 [INFO]   Generator Completed Successfully
2026-03-25 14:58:01 [INFO] ==================================================================
