2026-03-27 16:30:01 [INFO] ==================================================================
2026-03-27 16:30:01 [INFO]   MOS Qatar Demo - Sports Data Generator
2026-03-27 16:30:01 [INFO] ==================================================================
2026-03-27 16:30:01 [INFO] Config file   : /home/cloudera/mos_qatar_demo_poc/config/mos_qatar_demo.ini
2026-03-27 16:30:01 [INFO] Landing dir   : /home/cloudera/mos_qatar_demo_poc/landing
2026-03-27 16:30:01 [INFO] Output file   : mos_sports_events_20260327_163001.txt
2026-03-27 16:30:01 [INFO] Records count : 10
2026-03-27 16:30:01 [INFO] ------------------------------------------------------------------
2026-03-27 16:30:01 [INFO]   Record 01: Event ID: EVT5902 | Event Name: Arab Nations Championship Group Stage | Sport: Handball | ...
2026-03-27 16:30:01 [INFO]   Record 02: Event ID: EVT6736 | Event Name: Gulf Youth Cup Quarter Final | Sport: Football | Venue: Al...
2026-03-27 16:30:01 [INFO]   Record 03: Event ID: EVT7590 | Event Name: GCC Club Championship Quarter Final | Sport: Swimming | Ve...
2026-03-27 16:30:01 [INFO]   Record 04: Event ID: EVT5360 | Event Name: Qatar Premier League Match Day 12 | Sport: Football | Venu...
2026-03-27 16:30:01 [INFO]   Record 05: Event ID: EVT7397 | Event Name: Asian Qualifiers Warm-up Match | Sport: Football | Venue: ...
2026-03-27 16:30:01 [INFO]   Record 06: Event ID: EVT2932 | Event Name: Gulf Youth Cup Round 2 | Sport: Football | Venue: Al Bayt ...
2026-03-27 16:30:01 [INFO]   Record 07: Event ID: EVT9676 | Event Name: Doha Sports Festival Opening Match | Sport: Football | Ven...
2026-03-27 16:30:01 [INFO]   Record 08: Event ID: EVT7111 | Event Name: National Team Preparation Match | Sport: Athletics | Venue...
2026-03-27 16:30:01 [INFO]   Record 09: Event ID: EVT1445 | Event Name: Ministry Youth Sports Day | Sport: Football | Venue: Lusai...
2026-03-27 16:30:01 [INFO]   Record 10: Event ID: EVT6177 | Event Name: Qatar Schools Football League | Sport: Volleyball | Venue:...
2026-03-27 16:30:01 [INFO] ------------------------------------------------------------------
2026-03-27 16:30:01 [INFO] File written successfully.
2026-03-27 16:30:01 [INFO]   Full path : /home/cloudera/mos_qatar_demo_poc/landing/mos_sports_events_20260327_163001.txt
2026-03-27 16:30:01 [INFO]   Size      : 2580 bytes
2026-03-27 16:30:01 [INFO]   Records   : 10
2026-03-27 16:30:01 [INFO] ==================================================================
2026-03-27 16:30:01 [INFO]   Generator Completed Successfully
2026-03-27 16:30:01 [INFO] ==================================================================
