2026-03-25 15:30:01 [INFO] ==================================================================
2026-03-25 15:30:01 [INFO]   MOS Qatar Demo - Sports Data Generator
2026-03-25 15:30:01 [INFO] ==================================================================
2026-03-25 15:30:01 [INFO] Config file   : /home/cloudera/mos_qatar_demo_poc/config/mos_qatar_demo.ini
2026-03-25 15:30:01 [INFO] Landing dir   : /home/cloudera/mos_qatar_demo_poc/landing
2026-03-25 15:30:01 [INFO] Output file   : mos_sports_events_20260325_153001.txt
2026-03-25 15:30:01 [INFO] Records count : 9
2026-03-25 15:30:01 [INFO] ------------------------------------------------------------------
2026-03-25 15:30:01 [INFO]   Record 01: Event ID: EVT6659 | Event Name: Gulf Youth Cup Round 1 | Sport: Football | Venue: Educatio...
2026-03-25 15:30:01 [INFO]   Record 02: Event ID: EVT1498 | Event Name: Qatar Premier League Match Day 12 | Sport: Volleyball | Ve...
2026-03-25 15:30:01 [INFO]   Record 03: Event ID: EVT2028 | Event Name: National Day Football Celebration | Sport: Football | Venu...
2026-03-25 15:30:01 [INFO]   Record 04: Event ID: EVT7252 | Event Name: Doha Sports Festival Opening Match | Sport: Handball | Ven...
2026-03-25 15:30:01 [INFO]   Record 05: Event ID: EVT5263 | Event Name: Doha Sports Festival Opening Match | Sport: Football | Ven...
2026-03-25 15:30:01 [INFO]   Record 06: Event ID: EVT3239 | Event Name: Qatar Premier League Match Day 12 | Sport: Football | Venu...
2026-03-25 15:30:01 [INFO]   Record 07: Event ID: EVT3212 | Event Name: National Day Football Celebration | Sport: Athletics | Ven...
2026-03-25 15:30:01 [INFO]   Record 08: Event ID: EVT1939 | Event Name: Gulf Youth Cup Final | Sport: Football | Venue: Education ...
2026-03-25 15:30:01 [INFO]   Record 09: Event ID: EVT5664 | Event Name: National Day Football Celebration | Sport: Swimming | Venu...
2026-03-25 15:30:01 [INFO] ------------------------------------------------------------------
2026-03-25 15:30:01 [INFO] File written successfully.
2026-03-25 15:30:01 [INFO]   Full path : /home/cloudera/mos_qatar_demo_poc/landing/mos_sports_events_20260325_153001.txt
2026-03-25 15:30:01 [INFO]   Size      : 2338 bytes
2026-03-25 15:30:01 [INFO]   Records   : 9
2026-03-25 15:30:01 [INFO] ==================================================================
2026-03-25 15:30:01 [INFO]   Generator Completed Successfully
2026-03-25 15:30:01 [INFO] ==================================================================
