2026-03-25 14:14:02 [INFO] ==================================================================
2026-03-25 14:14:02 [INFO]   MOS Qatar Demo - Sports Data Generator
2026-03-25 14:14:02 [INFO] ==================================================================
2026-03-25 14:14:02 [INFO] Config file   : /home/cloudera/mos_qatar_demo_poc/config/mos_qatar_demo.ini
2026-03-25 14:14:02 [INFO] Landing dir   : /home/cloudera/mos_qatar_demo_poc/landing
2026-03-25 14:14:02 [INFO] Output file   : mos_sports_events_20260325_141402.txt
2026-03-25 14:14:02 [INFO] Records count : 10
2026-03-25 14:14:02 [INFO] ------------------------------------------------------------------
2026-03-25 14:14:02 [INFO]   Record 01: Event ID: EVT3896 | Event Name: Gulf Youth Cup Round 1 | Sport: Swimming | Venue: Al Wakra...
2026-03-25 14:14:02 [INFO]   Record 02: Event ID: EVT7040 | Event Name: National Team Preparation Match | Sport: Swimming | Venue:...
2026-03-25 14:14:02 [INFO]   Record 03: Event ID: EVT3756 | Event Name: Qatar Cup Semi Final | Sport: Football | Venue: Al Wakrah ...
2026-03-25 14:14:02 [INFO]   Record 04: Event ID: EVT8036 | Event Name: Ministry Youth Sports Day | Sport: Football | Venue: Al Ba...
2026-03-25 14:14:02 [INFO]   Record 05: Event ID: EVT3730 | Event Name: Doha Sports Festival Opening Match | Sport: Football | Ven...
2026-03-25 14:14:02 [INFO]   Record 06: Event ID: EVT1615 | Event Name: Qatar Cup Final | Sport: Football | Venue: Al Bayt Stadium...
2026-03-25 14:14:02 [INFO]   Record 07: Event ID: EVT6037 | Event Name: Arab Nations Championship Semi Final | Sport: Volleyball |...
2026-03-25 14:14:02 [INFO]   Record 08: Event ID: EVT6776 | Event Name: Gulf Youth Cup Quarter Final | Sport: Football | Venue: Kh...
2026-03-25 14:14:02 [INFO]   Record 09: Event ID: EVT7787 | Event Name: Asian Qualifiers Warm-up Match | Sport: Athletics | Venue:...
2026-03-25 14:14:02 [INFO]   Record 10: Event ID: EVT9043 | Event Name: Qatar Cup Final | Sport: Athletics | Venue: Al Thumama Sta...
2026-03-25 14:14:02 [INFO] ------------------------------------------------------------------
2026-03-25 14:14:02 [INFO] File written successfully.
2026-03-25 14:14:02 [INFO]   Full path : /home/cloudera/mos_qatar_demo_poc/landing/mos_sports_events_20260325_141402.txt
2026-03-25 14:14:02 [INFO]   Size      : 2521 bytes
2026-03-25 14:14:02 [INFO]   Records   : 10
2026-03-25 14:14:02 [INFO] ==================================================================
2026-03-25 14:14:02 [INFO]   Generator Completed Successfully
2026-03-25 14:14:02 [INFO] ==================================================================
