2026-03-26 15:53:01 [INFO] ==================================================================
2026-03-26 15:53:01 [INFO]   MOS Qatar Demo - Sports Data Generator
2026-03-26 15:53:01 [INFO] ==================================================================
2026-03-26 15:53:01 [INFO] Config file   : /home/cloudera/mos_qatar_demo_poc/config/mos_qatar_demo.ini
2026-03-26 15:53:01 [INFO] Landing dir   : /home/cloudera/mos_qatar_demo_poc/landing
2026-03-26 15:53:01 [INFO] Output file   : mos_sports_events_20260326_155301.txt
2026-03-26 15:53:01 [INFO] Records count : 4
2026-03-26 15:53:01 [INFO] ------------------------------------------------------------------
2026-03-26 15:53:01 [INFO]   Record 01: Event ID: EVT7019 | Event Name: Qatar Cup Semi Final | Sport: Volleyball | Venue: Ahmad Bi...
2026-03-26 15:53:01 [INFO]   Record 02: Event ID: EVT4952 | Event Name: Ramadan Football Festival | Sport: Football | Venue: Al Ba...
2026-03-26 15:53:01 [INFO]   Record 03: Event ID: EVT9364 | Event Name: GCC Club Championship Final | Sport: Volleyball | Venue: K...
2026-03-26 15:53:01 [INFO]   Record 04: Event ID: EVT7001 | Event Name: Qatar Premier League Match Day 12 | Sport: Football | Venu...
2026-03-26 15:53:01 [INFO] ------------------------------------------------------------------
2026-03-26 15:53:01 [INFO] File written successfully.
2026-03-26 15:53:01 [INFO]   Full path : /home/cloudera/mos_qatar_demo_poc/landing/mos_sports_events_20260326_155301.txt
2026-03-26 15:53:01 [INFO]   Size      : 1024 bytes
2026-03-26 15:53:01 [INFO]   Records   : 4
2026-03-26 15:53:01 [INFO] ==================================================================
2026-03-26 15:53:01 [INFO]   Generator Completed Successfully
2026-03-26 15:53:01 [INFO] ==================================================================
