2026-03-27 13:22:01 [INFO] ==================================================================
2026-03-27 13:22:01 [INFO]   MOS Qatar Demo - Sports Data Generator
2026-03-27 13:22:01 [INFO] ==================================================================
2026-03-27 13:22:01 [INFO] Config file   : /home/cloudera/mos_qatar_demo_poc/config/mos_qatar_demo.ini
2026-03-27 13:22:01 [INFO] Landing dir   : /home/cloudera/mos_qatar_demo_poc/landing
2026-03-27 13:22:01 [INFO] Output file   : mos_sports_events_20260327_132201.txt
2026-03-27 13:22:01 [INFO] Records count : 10
2026-03-27 13:22:01 [INFO] ------------------------------------------------------------------
2026-03-27 13:22:01 [INFO]   Record 01: Event ID: EVT8042 | Event Name: Arab Nations Championship Semi Final | Sport: Football | V...
2026-03-27 13:22:01 [INFO]   Record 02: Event ID: EVT5386 | Event Name: Qatar Schools Football League | Sport: Volleyball | Venue:...
2026-03-27 13:22:01 [INFO]   Record 03: Event ID: EVT9950 | Event Name: Ministry Invitational Friendly Tournament | Sport: Footbal...
2026-03-27 13:22:01 [INFO]   Record 04: Event ID: EVT1395 | Event Name: Ministry Invitational Friendly Tournament | Sport: Footbal...
2026-03-27 13:22:01 [INFO]   Record 05: Event ID: EVT1459 | Event Name: Gulf Youth Cup Final | Sport: Football | Venue: Lusail Sta...
2026-03-27 13:22:01 [INFO]   Record 06: Event ID: EVT2900 | Event Name: Gulf Youth Cup Round 1 | Sport: Athletics | Venue: Lusail ...
2026-03-27 13:22:01 [INFO]   Record 07: Event ID: EVT8001 | Event Name: National Team Preparation Match | Sport: Football | Venue:...
2026-03-27 13:22:01 [INFO]   Record 08: Event ID: EVT3994 | Event Name: Gulf Cup Qualifier Round 1 | Sport: Basketball | Venue: Qa...
2026-03-27 13:22:01 [INFO]   Record 09: Event ID: EVT2039 | Event Name: Gulf Youth Cup Round 2 | Sport: Football | Venue: Qatar Sp...
2026-03-27 13:22:01 [INFO]   Record 10: Event ID: EVT4166 | Event Name: Qatar Cup Final | Sport: Football | Venue: Al Bayt Stadium...
2026-03-27 13:22:01 [INFO] ------------------------------------------------------------------
2026-03-27 13:22:01 [INFO] File written successfully.
2026-03-27 13:22:01 [INFO]   Full path : /home/cloudera/mos_qatar_demo_poc/landing/mos_sports_events_20260327_132201.txt
2026-03-27 13:22:01 [INFO]   Size      : 2538 bytes
2026-03-27 13:22:01 [INFO]   Records   : 10
2026-03-27 13:22:01 [INFO] ==================================================================
2026-03-27 13:22:01 [INFO]   Generator Completed Successfully
2026-03-27 13:22:01 [INFO] ==================================================================
