2026-03-27 09:58:01 [INFO] ==================================================================
2026-03-27 09:58:01 [INFO]   MOS Qatar Demo - Sports Data Generator
2026-03-27 09:58:01 [INFO] ==================================================================
2026-03-27 09:58:01 [INFO] Config file   : /home/cloudera/mos_qatar_demo_poc/config/mos_qatar_demo.ini
2026-03-27 09:58:01 [INFO] Landing dir   : /home/cloudera/mos_qatar_demo_poc/landing
2026-03-27 09:58:01 [INFO] Output file   : mos_sports_events_20260327_095801.txt
2026-03-27 09:58:01 [INFO] Records count : 5
2026-03-27 09:58:01 [INFO] ------------------------------------------------------------------
2026-03-27 09:58:01 [INFO]   Record 01: Event ID: EVT3922 | Event Name: Qatar Schools Football League | Sport: Basketball | Venue:...
2026-03-27 09:58:01 [INFO]   Record 02: Event ID: EVT2591 | Event Name: Qatar Schools Football League | Sport: Football | Venue: A...
2026-03-27 09:58:01 [INFO]   Record 03: Event ID: EVT9536 | Event Name: Gulf Youth Cup Semi Final | Sport: Volleyball | Venue: Ahm...
2026-03-27 09:58:01 [INFO]   Record 04: Event ID: EVT5610 | Event Name: Qatar Under-20 Development League | Sport: Football | Venu...
2026-03-27 09:58:01 [INFO]   Record 05: Event ID: EVT8386 | Event Name: Qatar Schools Football League | Sport: Swimming | Venue: A...
2026-03-27 09:58:01 [INFO] ------------------------------------------------------------------
2026-03-27 09:58:01 [INFO] File written successfully.
2026-03-27 09:58:01 [INFO]   Full path : /home/cloudera/mos_qatar_demo_poc/landing/mos_sports_events_20260327_095801.txt
2026-03-27 09:58:01 [INFO]   Size      : 1286 bytes
2026-03-27 09:58:01 [INFO]   Records   : 5
2026-03-27 09:58:01 [INFO] ==================================================================
2026-03-27 09:58:01 [INFO]   Generator Completed Successfully
2026-03-27 09:58:01 [INFO] ==================================================================
