2026-03-27 14:34:01 [INFO] ==================================================================
2026-03-27 14:34:01 [INFO]   MOS Qatar Demo - Sports Data Generator
2026-03-27 14:34:01 [INFO] ==================================================================
2026-03-27 14:34:01 [INFO] Config file   : /home/cloudera/mos_qatar_demo_poc/config/mos_qatar_demo.ini
2026-03-27 14:34:01 [INFO] Landing dir   : /home/cloudera/mos_qatar_demo_poc/landing
2026-03-27 14:34:01 [INFO] Output file   : mos_sports_events_20260327_143401.txt
2026-03-27 14:34:01 [INFO] Records count : 6
2026-03-27 14:34:01 [INFO] ------------------------------------------------------------------
2026-03-27 14:34:01 [INFO]   Record 01: Event ID: EVT4848 | Event Name: GCC Club Championship Semi Final | Sport: Football | Venue...
2026-03-27 14:34:01 [INFO]   Record 02: Event ID: EVT7198 | Event Name: Asian Qualifiers Warm-up Match | Sport: Handball | Venue: ...
2026-03-27 14:34:01 [INFO]   Record 03: Event ID: EVT1051 | Event Name: Doha Sports Festival Opening Match | Sport: Swimming | Ven...
2026-03-27 14:34:01 [INFO]   Record 04: Event ID: EVT9329 | Event Name: Ministry Invitational Friendly Tournament | Sport: Volleyb...
2026-03-27 14:34:01 [INFO]   Record 05: Event ID: EVT9043 | Event Name: Gulf Youth Cup Quarter Final | Sport: Swimming | Venue: Ah...
2026-03-27 14:34:01 [INFO]   Record 06: Event ID: EVT1512 | Event Name: GCC Club Championship Quarter Final | Sport: Athletics | V...
2026-03-27 14:34:01 [INFO] ------------------------------------------------------------------
2026-03-27 14:34:01 [INFO] File written successfully.
2026-03-27 14:34:01 [INFO]   Full path : /home/cloudera/mos_qatar_demo_poc/landing/mos_sports_events_20260327_143401.txt
2026-03-27 14:34:01 [INFO]   Size      : 1557 bytes
2026-03-27 14:34:01 [INFO]   Records   : 6
2026-03-27 14:34:01 [INFO] ==================================================================
2026-03-27 14:34:01 [INFO]   Generator Completed Successfully
2026-03-27 14:34:01 [INFO] ==================================================================
