2026-03-25 13:58:02 [INFO] ==================================================================
2026-03-25 13:58:02 [INFO]   MOS Qatar Demo - Sports Data Generator
2026-03-25 13:58:02 [INFO] ==================================================================
2026-03-25 13:58:02 [INFO] Config file   : /home/cloudera/mos_qatar_demo_poc/config/mos_qatar_demo.ini
2026-03-25 13:58:02 [INFO] Landing dir   : /home/cloudera/mos_qatar_demo_poc/landing
2026-03-25 13:58:02 [INFO] Output file   : mos_sports_events_20260325_135802.txt
2026-03-25 13:58:02 [INFO] Records count : 6
2026-03-25 13:58:02 [INFO] ------------------------------------------------------------------
2026-03-25 13:58:02 [INFO]   Record 01: Event ID: EVT9718 | Event Name: GCC Club Championship Final | Sport: Handball | Venue: Lus...
2026-03-25 13:58:02 [INFO]   Record 02: Event ID: EVT4085 | Event Name: Qatar Schools Football League | Sport: Handball | Venue: A...
2026-03-25 13:58:02 [INFO]   Record 03: Event ID: EVT3588 | Event Name: Qatar Under-20 Development League | Sport: Football | Venu...
2026-03-25 13:58:02 [INFO]   Record 04: Event ID: EVT4213 | Event Name: MOS Annual Charity Football Gala | Sport: Football | Venue...
2026-03-25 13:58:02 [INFO]   Record 05: Event ID: EVT2797 | Event Name: Gulf Youth Cup Quarter Final | Sport: Swimming | Venue: Lu...
2026-03-25 13:58:02 [INFO]   Record 06: Event ID: EVT8770 | Event Name: Gulf Youth Cup Final | Sport: Volleyball | Venue: Educatio...
2026-03-25 13:58:02 [INFO] ------------------------------------------------------------------
2026-03-25 13:58:02 [INFO] File written successfully.
2026-03-25 13:58:02 [INFO]   Full path : /home/cloudera/mos_qatar_demo_poc/landing/mos_sports_events_20260325_135802.txt
2026-03-25 13:58:02 [INFO]   Size      : 1526 bytes
2026-03-25 13:58:02 [INFO]   Records   : 6
2026-03-25 13:58:02 [INFO] ==================================================================
2026-03-25 13:58:02 [INFO]   Generator Completed Successfully
2026-03-25 13:58:02 [INFO] ==================================================================
