2026-03-24 23:23:01 [INFO] ==================================================================
2026-03-24 23:23:01 [INFO]   MOS Qatar Demo - Sports Data Generator
2026-03-24 23:23:01 [INFO] ==================================================================
2026-03-24 23:23:01 [INFO] Config file   : /home/cloudera/mos_qatar_demo_poc/config/mos_qatar_demo.ini
2026-03-24 23:23:01 [INFO] Landing dir   : /home/cloudera/mos_qatar_demo_poc/landing
2026-03-24 23:23:01 [INFO] Output file   : mos_sports_events_20260324_232301.txt
2026-03-24 23:23:01 [INFO] Records count : 10
2026-03-24 23:23:01 [INFO] ------------------------------------------------------------------
2026-03-24 23:23:01 [INFO]   Record 01: Event ID: EVT7862 | Event Name: Qatar Cup Final | Sport: Football | Venue: Al Wakrah Sport...
2026-03-24 23:23:01 [INFO]   Record 02: Event ID: EVT2798 | Event Name: Gulf Youth Cup Quarter Final | Sport: Football | Venue: Kh...
2026-03-24 23:23:01 [INFO]   Record 03: Event ID: EVT7273 | Event Name: Gulf Youth Cup Final | Sport: Volleyball | Venue: Al Thuma...
2026-03-24 23:23:01 [INFO]   Record 04: Event ID: EVT8450 | Event Name: Gulf Youth Cup Final | Sport: Football | Venue: Al Bayt St...
2026-03-24 23:23:01 [INFO]   Record 05: Event ID: EVT5183 | Event Name: Gulf Youth Cup Semi Final | Sport: Football | Venue: Lusai...
2026-03-24 23:23:01 [INFO]   Record 06: Event ID: EVT4752 | Event Name: Gulf Youth Cup Final | Sport: Football | Venue: Al Bayt St...
2026-03-24 23:23:01 [INFO]   Record 07: Event ID: EVT2396 | Event Name: Qatar Premier League Match Day 12 | Sport: Athletics | Ven...
2026-03-24 23:23:01 [INFO]   Record 08: Event ID: EVT6323 | Event Name: Qatar Cup Semi Final | Sport: Volleyball | Venue: Ahmad Bi...
2026-03-24 23:23:01 [INFO]   Record 09: Event ID: EVT9834 | Event Name: Qatar Olympic Training Camp Evaluation | Sport: Swimming |...
2026-03-24 23:23:01 [INFO]   Record 10: Event ID: EVT4995 | Event Name: Qatar Cup Semi Final | Sport: Football | Venue: Aspire Zon...
2026-03-24 23:23:01 [INFO] ------------------------------------------------------------------
2026-03-24 23:23:01 [INFO] File written successfully.
2026-03-24 23:23:01 [INFO]   Full path : /home/cloudera/mos_qatar_demo_poc/landing/mos_sports_events_20260324_232301.txt
2026-03-24 23:23:01 [INFO]   Size      : 2490 bytes
2026-03-24 23:23:01 [INFO]   Records   : 10
2026-03-24 23:23:01 [INFO] ==================================================================
2026-03-24 23:23:01 [INFO]   Generator Completed Successfully
2026-03-24 23:23:01 [INFO] ==================================================================
