2026-03-25 14:22:02 [INFO] ==================================================================
2026-03-25 14:22:02 [INFO]   MOS Qatar Demo - Sports Data Generator
2026-03-25 14:22:02 [INFO] ==================================================================
2026-03-25 14:22:02 [INFO] Config file   : /home/cloudera/mos_qatar_demo_poc/config/mos_qatar_demo.ini
2026-03-25 14:22:02 [INFO] Landing dir   : /home/cloudera/mos_qatar_demo_poc/landing
2026-03-25 14:22:02 [INFO] Output file   : mos_sports_events_20260325_142202.txt
2026-03-25 14:22:02 [INFO] Records count : 7
2026-03-25 14:22:02 [INFO] ------------------------------------------------------------------
2026-03-25 14:22:02 [INFO]   Record 01: Event ID: EVT9896 | Event Name: Qatar Cup Final | Sport: Football | Venue: Khalifa Interna...
2026-03-25 14:22:02 [INFO]   Record 02: Event ID: EVT1044 | Event Name: GCC Club Championship Quarter Final | Sport: Football | Ve...
2026-03-25 14:22:02 [INFO]   Record 03: Event ID: EVT3233 | Event Name: Qatar Cup Semi Final | Sport: Football | Venue: Al Thumama...
2026-03-25 14:22:02 [INFO]   Record 04: Event ID: EVT1229 | Event Name: GCC Club Championship Semi Final | Sport: Football | Venue...
2026-03-25 14:22:02 [INFO]   Record 05: Event ID: EVT2586 | Event Name: Qatar Under-20 Development League | Sport: Handball | Venu...
2026-03-25 14:22:02 [INFO]   Record 06: Event ID: EVT4282 | Event Name: Ministry Invitational Friendly Tournament | Sport: Handbal...
2026-03-25 14:22:02 [INFO]   Record 07: Event ID: EVT3483 | Event Name: FIFA World Cup Qatar Legacy Match | Sport: Volleyball | Ve...
2026-03-25 14:22:02 [INFO] ------------------------------------------------------------------
2026-03-25 14:22:02 [INFO] File written successfully.
2026-03-25 14:22:02 [INFO]   Full path : /home/cloudera/mos_qatar_demo_poc/landing/mos_sports_events_20260325_142202.txt
2026-03-25 14:22:02 [INFO]   Size      : 1831 bytes
2026-03-25 14:22:02 [INFO]   Records   : 7
2026-03-25 14:22:02 [INFO] ==================================================================
2026-03-25 14:22:02 [INFO]   Generator Completed Successfully
2026-03-25 14:22:02 [INFO] ==================================================================
