2026-03-25 10:31:02 [INFO] ==================================================================
2026-03-25 10:31:02 [INFO]   MOS Qatar Demo - Sports Data Generator
2026-03-25 10:31:02 [INFO] ==================================================================
2026-03-25 10:31:02 [INFO] Config file   : /home/cloudera/mos_qatar_demo_poc/config/mos_qatar_demo.ini
2026-03-25 10:31:02 [INFO] Landing dir   : /home/cloudera/mos_qatar_demo_poc/landing
2026-03-25 10:31:02 [INFO] Output file   : mos_sports_events_20260325_103102.txt
2026-03-25 10:31:02 [INFO] Records count : 7
2026-03-25 10:31:02 [INFO] ------------------------------------------------------------------
2026-03-25 10:31:02 [INFO]   Record 01: Event ID: EVT5884 | Event Name: Gulf Youth Cup Round 2 | Sport: Football | Venue: Al Thuma...
2026-03-25 10:31:02 [INFO]   Record 02: Event ID: EVT5692 | Event Name: MOS Annual Charity Football Gala | Sport: Swimming | Venue...
2026-03-25 10:31:02 [INFO]   Record 03: Event ID: EVT7022 | Event Name: Qatar Olympic Training Camp Evaluation | Sport: Football |...
2026-03-25 10:31:02 [INFO]   Record 04: Event ID: EVT4557 | Event Name: Doha Sports Festival Opening Match | Sport: Football | Ven...
2026-03-25 10:31:02 [INFO]   Record 05: Event ID: EVT7079 | Event Name: Gulf Youth Cup Semi Final | Sport: Swimming | Venue: Qatar...
2026-03-25 10:31:02 [INFO]   Record 06: Event ID: EVT6838 | Event Name: Ministry Invitational Friendly Tournament | Sport: Footbal...
2026-03-25 10:31:02 [INFO]   Record 07: Event ID: EVT9430 | Event Name: Qatar Cup Final | Sport: Football | Venue: Al Thumama Stad...
2026-03-25 10:31:02 [INFO] ------------------------------------------------------------------
2026-03-25 10:31:02 [INFO] File written successfully.
2026-03-25 10:31:02 [INFO]   Full path : /home/cloudera/mos_qatar_demo_poc/landing/mos_sports_events_20260325_103102.txt
2026-03-25 10:31:02 [INFO]   Size      : 1817 bytes
2026-03-25 10:31:02 [INFO]   Records   : 7
2026-03-25 10:31:02 [INFO] ==================================================================
2026-03-25 10:31:02 [INFO]   Generator Completed Successfully
2026-03-25 10:31:02 [INFO] ==================================================================
