2026-03-27 17:08:02 [INFO] ==================================================================
2026-03-27 17:08:02 [INFO]   MOS Qatar Demo - Sports Data Generator
2026-03-27 17:08:02 [INFO] ==================================================================
2026-03-27 17:08:02 [INFO] Config file   : /home/cloudera/mos_qatar_demo_poc/config/mos_qatar_demo.ini
2026-03-27 17:08:02 [INFO] Landing dir   : /home/cloudera/mos_qatar_demo_poc/landing
2026-03-27 17:08:02 [INFO] Output file   : mos_sports_events_20260327_170802.txt
2026-03-27 17:08:02 [INFO] Records count : 10
2026-03-27 17:08:02 [INFO] ------------------------------------------------------------------
2026-03-27 17:08:02 [INFO]   Record 01: Event ID: EVT8545 | Event Name: National Day Football Celebration | Sport: Football | Venu...
2026-03-27 17:08:02 [INFO]   Record 02: Event ID: EVT1131 | Event Name: GCC Club Championship Quarter Final | Sport: Swimming | Ve...
2026-03-27 17:08:02 [INFO]   Record 03: Event ID: EVT9360 | Event Name: Ministry Invitational Friendly Tournament | Sport: Basketb...
2026-03-27 17:08:02 [INFO]   Record 04: Event ID: EVT5478 | Event Name: MOS Annual Charity Football Gala | Sport: Swimming | Venue...
2026-03-27 17:08:02 [INFO]   Record 05: Event ID: EVT4101 | Event Name: Ministry Invitational Friendly Tournament | Sport: Athleti...
2026-03-27 17:08:02 [INFO]   Record 06: Event ID: EVT4381 | Event Name: Arab Nations Championship Semi Final | Sport: Basketball |...
2026-03-27 17:08:02 [INFO]   Record 07: Event ID: EVT8290 | Event Name: FIFA World Cup Qatar Legacy Match | Sport: Swimming | Venu...
2026-03-27 17:08:02 [INFO]   Record 08: Event ID: EVT3267 | Event Name: FIFA World Cup Qatar Legacy Match | Sport: Handball | Venu...
2026-03-27 17:08:02 [INFO]   Record 09: Event ID: EVT2718 | Event Name: Gulf Youth Cup Quarter Final | Sport: Football | Venue: Kh...
2026-03-27 17:08:02 [INFO]   Record 10: Event ID: EVT5292 | Event Name: Gulf Cup Qualifier Round 1 | Sport: Football | Venue: Al J...
2026-03-27 17:08:02 [INFO] ------------------------------------------------------------------
2026-03-27 17:08:02 [INFO] File written successfully.
2026-03-27 17:08:02 [INFO]   Full path : /home/cloudera/mos_qatar_demo_poc/landing/mos_sports_events_20260327_170802.txt
2026-03-27 17:08:02 [INFO]   Size      : 2625 bytes
2026-03-27 17:08:02 [INFO]   Records   : 10
2026-03-27 17:08:02 [INFO] ==================================================================
2026-03-27 17:08:02 [INFO]   Generator Completed Successfully
2026-03-27 17:08:02 [INFO] ==================================================================
