2026-03-27 05:23:01 [INFO] ==================================================================
2026-03-27 05:23:01 [INFO]   MOS Qatar Demo - Sports Data Generator
2026-03-27 05:23:01 [INFO] ==================================================================
2026-03-27 05:23:01 [INFO] Config file   : /home/cloudera/mos_qatar_demo_poc/config/mos_qatar_demo.ini
2026-03-27 05:23:01 [INFO] Landing dir   : /home/cloudera/mos_qatar_demo_poc/landing
2026-03-27 05:23:01 [INFO] Output file   : mos_sports_events_20260327_052301.txt
2026-03-27 05:23:01 [INFO] Records count : 9
2026-03-27 05:23:01 [INFO] ------------------------------------------------------------------
2026-03-27 05:23:01 [INFO]   Record 01: Event ID: EVT9870 | Event Name: Qatar Olympic Training Camp Evaluation | Sport: Volleyball...
2026-03-27 05:23:01 [INFO]   Record 02: Event ID: EVT7528 | Event Name: Qatar Premier League Match Day 8 | Sport: Handball | Venue...
2026-03-27 05:23:01 [INFO]   Record 03: Event ID: EVT1573 | Event Name: Qatar Premier League Match Day 5 | Sport: Basketball | Ven...
2026-03-27 05:23:01 [INFO]   Record 04: Event ID: EVT4482 | Event Name: Gulf Youth Cup Round 1 | Sport: Football | Venue: Khalifa ...
2026-03-27 05:23:01 [INFO]   Record 05: Event ID: EVT9974 | Event Name: GCC Club Championship Final | Sport: Handball | Venue: Kha...
2026-03-27 05:23:01 [INFO]   Record 06: Event ID: EVT6736 | Event Name: MOS Annual Charity Football Gala | Sport: Football | Venue...
2026-03-27 05:23:01 [INFO]   Record 07: Event ID: EVT7322 | Event Name: Gulf Youth Cup Final | Sport: Athletics | Venue: Al Bayt S...
2026-03-27 05:23:01 [INFO]   Record 08: Event ID: EVT8978 | Event Name: Arab Nations Championship Group Stage | Sport: Football | ...
2026-03-27 05:23:01 [INFO]   Record 09: Event ID: EVT9136 | Event Name: Gulf Youth Cup Semi Final | Sport: Football | Venue: Al Wa...
2026-03-27 05:23:01 [INFO] ------------------------------------------------------------------
2026-03-27 05:23:01 [INFO] File written successfully.
2026-03-27 05:23:01 [INFO]   Full path : /home/cloudera/mos_qatar_demo_poc/landing/mos_sports_events_20260327_052301.txt
2026-03-27 05:23:01 [INFO]   Size      : 2352 bytes
2026-03-27 05:23:01 [INFO]   Records   : 9
2026-03-27 05:23:01 [INFO] ==================================================================
2026-03-27 05:23:01 [INFO]   Generator Completed Successfully
2026-03-27 05:23:01 [INFO] ==================================================================
