2026-03-24 19:12:01 [INFO] ==================================================================
2026-03-24 19:12:01 [INFO]   MOS Qatar Demo - Sports Data Generator
2026-03-24 19:12:01 [INFO] ==================================================================
2026-03-24 19:12:01 [INFO] Config file   : /home/cloudera/mos_qatar_demo_poc/config/mos_qatar_demo.ini
2026-03-24 19:12:01 [INFO] Landing dir   : /home/cloudera/mos_qatar_demo_poc/landing
2026-03-24 19:12:01 [INFO] Output file   : mos_sports_events_20260324_191201.txt
2026-03-24 19:12:01 [INFO] Records count : 8
2026-03-24 19:12:01 [INFO] ------------------------------------------------------------------
2026-03-24 19:12:01 [INFO]   Record 01: Event ID: EVT9804 | Event Name: Qatar Premier League Match Day 8 | Sport: Football | Venue...
2026-03-24 19:12:01 [INFO]   Record 02: Event ID: EVT3109 | Event Name: Arab Nations Championship Group Stage | Sport: Swimming | ...
2026-03-24 19:12:01 [INFO]   Record 03: Event ID: EVT7838 | Event Name: Gulf Cup Qualifier Round 1 | Sport: Athletics | Venue: Al ...
2026-03-24 19:12:01 [INFO]   Record 04: Event ID: EVT2009 | Event Name: GCC Club Championship Final | Sport: Handball | Venue: Qat...
2026-03-24 19:12:01 [INFO]   Record 05: Event ID: EVT9639 | Event Name: Ministry Youth Sports Day | Sport: Football | Venue: Al Th...
2026-03-24 19:12:01 [INFO]   Record 06: Event ID: EVT7244 | Event Name: GCC Club Championship Final | Sport: Football | Venue: Kha...
2026-03-24 19:12:01 [INFO]   Record 07: Event ID: EVT3225 | Event Name: Gulf Youth Cup Final | Sport: Basketball | Venue: Aspire Z...
2026-03-24 19:12:01 [INFO]   Record 08: Event ID: EVT4241 | Event Name: Gulf Youth Cup Round 2 | Sport: Basketball | Venue: Ahmad ...
2026-03-24 19:12:01 [INFO] ------------------------------------------------------------------
2026-03-24 19:12:01 [INFO] File written successfully.
2026-03-24 19:12:01 [INFO]   Full path : /home/cloudera/mos_qatar_demo_poc/landing/mos_sports_events_20260324_191201.txt
2026-03-24 19:12:01 [INFO]   Size      : 2073 bytes
2026-03-24 19:12:01 [INFO]   Records   : 8
2026-03-24 19:12:01 [INFO] ==================================================================
2026-03-24 19:12:01 [INFO]   Generator Completed Successfully
2026-03-24 19:12:01 [INFO] ==================================================================
