2026-03-25 03:31:02 [INFO] ==================================================================
2026-03-25 03:31:02 [INFO]   MOS Qatar Demo - Sports Data Generator
2026-03-25 03:31:02 [INFO] ==================================================================
2026-03-25 03:31:02 [INFO] Config file   : /home/cloudera/mos_qatar_demo_poc/config/mos_qatar_demo.ini
2026-03-25 03:31:02 [INFO] Landing dir   : /home/cloudera/mos_qatar_demo_poc/landing
2026-03-25 03:31:02 [INFO] Output file   : mos_sports_events_20260325_033102.txt
2026-03-25 03:31:02 [INFO] Records count : 7
2026-03-25 03:31:02 [INFO] ------------------------------------------------------------------
2026-03-25 03:31:02 [INFO]   Record 01: Event ID: EVT1409 | Event Name: Arab Nations Championship Semi Final | Sport: Football | V...
2026-03-25 03:31:02 [INFO]   Record 02: Event ID: EVT8252 | Event Name: Gulf Youth Cup Round 1 | Sport: Handball | Venue: Khalifa ...
2026-03-25 03:31:02 [INFO]   Record 03: Event ID: EVT1243 | Event Name: Gulf Youth Cup Final | Sport: Football | Venue: Al Bayt St...
2026-03-25 03:31:02 [INFO]   Record 04: Event ID: EVT2289 | Event Name: National Day Football Celebration | Sport: Football | Venu...
2026-03-25 03:31:02 [INFO]   Record 05: Event ID: EVT1739 | Event Name: Gulf Youth Cup Round 2 | Sport: Swimming | Venue: Aspire Z...
2026-03-25 03:31:02 [INFO]   Record 06: Event ID: EVT5275 | Event Name: Arab Nations Championship Semi Final | Sport: Football | V...
2026-03-25 03:31:02 [INFO]   Record 07: Event ID: EVT3036 | Event Name: Qatar Premier League Match Day 8 | Sport: Football | Venue...
2026-03-25 03:31:02 [INFO] ------------------------------------------------------------------
2026-03-25 03:31:02 [INFO] File written successfully.
2026-03-25 03:31:02 [INFO]   Full path : /home/cloudera/mos_qatar_demo_poc/landing/mos_sports_events_20260325_033102.txt
2026-03-25 03:31:02 [INFO]   Size      : 1823 bytes
2026-03-25 03:31:02 [INFO]   Records   : 7
2026-03-25 03:31:02 [INFO] ==================================================================
2026-03-25 03:31:02 [INFO]   Generator Completed Successfully
2026-03-25 03:31:02 [INFO] ==================================================================
