2026-03-26 06:52:01 [INFO] ==================================================================
2026-03-26 06:52:01 [INFO]   MOS Qatar Demo - Sports Data Generator
2026-03-26 06:52:01 [INFO] ==================================================================
2026-03-26 06:52:01 [INFO] Config file   : /home/cloudera/mos_qatar_demo_poc/config/mos_qatar_demo.ini
2026-03-26 06:52:01 [INFO] Landing dir   : /home/cloudera/mos_qatar_demo_poc/landing
2026-03-26 06:52:01 [INFO] Output file   : mos_sports_events_20260326_065201.txt
2026-03-26 06:52:01 [INFO] Records count : 4
2026-03-26 06:52:01 [INFO] ------------------------------------------------------------------
2026-03-26 06:52:01 [INFO]   Record 01: Event ID: EVT1226 | Event Name: Qatar Olympic Training Camp Evaluation | Sport: Football |...
2026-03-26 06:52:01 [INFO]   Record 02: Event ID: EVT1731 | Event Name: Gulf Youth Cup Semi Final | Sport: Football | Venue: Al Ja...
2026-03-26 06:52:01 [INFO]   Record 03: Event ID: EVT8960 | Event Name: Qatar Under-20 Development League | Sport: Football | Venu...
2026-03-26 06:52:01 [INFO]   Record 04: Event ID: EVT5478 | Event Name: Arab Nations Championship Group Stage | Sport: Football | ...
2026-03-26 06:52:01 [INFO] ------------------------------------------------------------------
2026-03-26 06:52:01 [INFO] File written successfully.
2026-03-26 06:52:01 [INFO]   Full path : /home/cloudera/mos_qatar_demo_poc/landing/mos_sports_events_20260326_065201.txt
2026-03-26 06:52:01 [INFO]   Size      : 1037 bytes
2026-03-26 06:52:01 [INFO]   Records   : 4
2026-03-26 06:52:01 [INFO] ==================================================================
2026-03-26 06:52:01 [INFO]   Generator Completed Successfully
2026-03-26 06:52:01 [INFO] ==================================================================
