2026-03-27 04:35:01 [INFO] ==================================================================
2026-03-27 04:35:01 [INFO]   MOS Qatar Demo - Sports Data Generator
2026-03-27 04:35:01 [INFO] ==================================================================
2026-03-27 04:35:01 [INFO] Config file   : /home/cloudera/mos_qatar_demo_poc/config/mos_qatar_demo.ini
2026-03-27 04:35:01 [INFO] Landing dir   : /home/cloudera/mos_qatar_demo_poc/landing
2026-03-27 04:35:01 [INFO] Output file   : mos_sports_events_20260327_043501.txt
2026-03-27 04:35:01 [INFO] Records count : 7
2026-03-27 04:35:01 [INFO] ------------------------------------------------------------------
2026-03-27 04:35:01 [INFO]   Record 01: Event ID: EVT2968 | Event Name: Qatar Olympic Training Camp Evaluation | Sport: Football |...
2026-03-27 04:35:01 [INFO]   Record 02: Event ID: EVT8007 | Event Name: Gulf Youth Cup Round 1 | Sport: Football | Venue: Khalifa ...
2026-03-27 04:35:01 [INFO]   Record 03: Event ID: EVT3802 | Event Name: MOS Annual Charity Football Gala | Sport: Football | Venue...
2026-03-27 04:35:01 [INFO]   Record 04: Event ID: EVT5785 | Event Name: National Team Preparation Match | Sport: Volleyball | Venu...
2026-03-27 04:35:01 [INFO]   Record 05: Event ID: EVT7235 | Event Name: Qatar Premier League Match Day 5 | Sport: Football | Venue...
2026-03-27 04:35:01 [INFO]   Record 06: Event ID: EVT7014 | Event Name: FIFA World Cup Qatar Legacy Match | Sport: Football | Venu...
2026-03-27 04:35:01 [INFO]   Record 07: Event ID: EVT2702 | Event Name: Arab Nations Championship Semi Final | Sport: Football | V...
2026-03-27 04:35:01 [INFO] ------------------------------------------------------------------
2026-03-27 04:35:01 [INFO] File written successfully.
2026-03-27 04:35:01 [INFO]   Full path : /home/cloudera/mos_qatar_demo_poc/landing/mos_sports_events_20260327_043501.txt
2026-03-27 04:35:01 [INFO]   Size      : 1842 bytes
2026-03-27 04:35:01 [INFO]   Records   : 7
2026-03-27 04:35:01 [INFO] ==================================================================
2026-03-27 04:35:01 [INFO]   Generator Completed Successfully
2026-03-27 04:35:01 [INFO] ==================================================================
