2026-03-24 17:09:02 [INFO] ==================================================================
2026-03-24 17:09:02 [INFO]   MOS Qatar Demo - Sports Data Generator
2026-03-24 17:09:02 [INFO] ==================================================================
2026-03-24 17:09:02 [INFO] Config file   : /home/cloudera/mos_qatar_demo_poc/config/mos_qatar_demo.ini
2026-03-24 17:09:02 [INFO] Landing dir   : /home/cloudera/mos_qatar_demo_poc/landing
2026-03-24 17:09:02 [INFO] Output file   : mos_sports_events_20260324_170902.txt
2026-03-24 17:09:02 [INFO] Records count : 9
2026-03-24 17:09:02 [INFO] ------------------------------------------------------------------
2026-03-24 17:09:02 [INFO]   Record 01: Event ID: EVT7812 | Event Name: MOS Annual Charity Football Gala | Sport: Swimming | Venue...
2026-03-24 17:09:02 [INFO]   Record 02: Event ID: EVT4012 | Event Name: Ministry Youth Sports Day | Sport: Basketball | Venue: Edu...
2026-03-24 17:09:02 [INFO]   Record 03: Event ID: EVT2031 | Event Name: MOS Annual Charity Football Gala | Sport: Football | Venue...
2026-03-24 17:09:02 [INFO]   Record 04: Event ID: EVT8314 | Event Name: National Team Preparation Match | Sport: Football | Venue:...
2026-03-24 17:09:02 [INFO]   Record 05: Event ID: EVT6729 | Event Name: GCC Club Championship Quarter Final | Sport: Swimming | Ve...
2026-03-24 17:09:02 [INFO]   Record 06: Event ID: EVT8363 | Event Name: MOS Annual Charity Football Gala | Sport: Football | Venue...
2026-03-24 17:09:02 [INFO]   Record 07: Event ID: EVT9219 | Event Name: Qatar Cup Final | Sport: Football | Venue: Al Janoub Stadi...
2026-03-24 17:09:02 [INFO]   Record 08: Event ID: EVT4462 | Event Name: Gulf Youth Cup Semi Final | Sport: Football | Venue: Ahmad...
2026-03-24 17:09:02 [INFO]   Record 09: Event ID: EVT7982 | Event Name: Qatar Olympic Training Camp Evaluation | Sport: Volleyball...
2026-03-24 17:09:02 [INFO] ------------------------------------------------------------------
2026-03-24 17:09:02 [INFO] File written successfully.
2026-03-24 17:09:02 [INFO]   Full path : /home/cloudera/mos_qatar_demo_poc/landing/mos_sports_events_20260324_170902.txt
2026-03-24 17:09:02 [INFO]   Size      : 2356 bytes
2026-03-24 17:09:02 [INFO]   Records   : 9
2026-03-24 17:09:02 [INFO] ==================================================================
2026-03-24 17:09:02 [INFO]   Generator Completed Successfully
2026-03-24 17:09:02 [INFO] ==================================================================
