2026-03-26 11:00:02 [INFO] ==================================================================
2026-03-26 11:00:02 [INFO]   MOS Qatar Demo - Sports Data Generator
2026-03-26 11:00:02 [INFO] ==================================================================
2026-03-26 11:00:02 [INFO] Config file   : /home/cloudera/mos_qatar_demo_poc/config/mos_qatar_demo.ini
2026-03-26 11:00:02 [INFO] Landing dir   : /home/cloudera/mos_qatar_demo_poc/landing
2026-03-26 11:00:02 [INFO] Output file   : mos_sports_events_20260326_110002.txt
2026-03-26 11:00:02 [INFO] Records count : 10
2026-03-26 11:00:02 [INFO] ------------------------------------------------------------------
2026-03-26 11:00:02 [INFO]   Record 01: Event ID: EVT3648 | Event Name: Gulf Youth Cup Quarter Final | Sport: Football | Venue: Al...
2026-03-26 11:00:02 [INFO]   Record 02: Event ID: EVT1271 | Event Name: Qatar Premier League Match Day 5 | Sport: Handball | Venue...
2026-03-26 11:00:02 [INFO]   Record 03: Event ID: EVT2453 | Event Name: Qatar Premier League Match Day 8 | Sport: Football | Venue...
2026-03-26 11:00:02 [INFO]   Record 04: Event ID: EVT8041 | Event Name: Gulf Youth Cup Semi Final | Sport: Swimming | Venue: Al Ja...
2026-03-26 11:00:02 [INFO]   Record 05: Event ID: EVT6826 | Event Name: Qatar Cup Final | Sport: Basketball | Venue: Aspire Zone A...
2026-03-26 11:00:02 [INFO]   Record 06: Event ID: EVT3630 | Event Name: GCC Club Championship Final | Sport: Athletics | Venue: Lu...
2026-03-26 11:00:02 [INFO]   Record 07: Event ID: EVT5463 | Event Name: Arab Nations Championship Semi Final | Sport: Basketball |...
2026-03-26 11:00:02 [INFO]   Record 08: Event ID: EVT3301 | Event Name: MOS Annual Charity Football Gala | Sport: Handball | Venue...
2026-03-26 11:00:02 [INFO]   Record 09: Event ID: EVT7759 | Event Name: Qatar Cup Final | Sport: Football | Venue: Ahmad Bin Ali S...
2026-03-26 11:00:02 [INFO]   Record 10: Event ID: EVT9390 | Event Name: Gulf Youth Cup Final | Sport: Football | Venue: Aspire Zon...
2026-03-26 11:00:02 [INFO] ------------------------------------------------------------------
2026-03-26 11:00:02 [INFO] File written successfully.
2026-03-26 11:00:02 [INFO]   Full path : /home/cloudera/mos_qatar_demo_poc/landing/mos_sports_events_20260326_110002.txt
2026-03-26 11:00:02 [INFO]   Size      : 2513 bytes
2026-03-26 11:00:02 [INFO]   Records   : 10
2026-03-26 11:00:02 [INFO] ==================================================================
2026-03-26 11:00:02 [INFO]   Generator Completed Successfully
2026-03-26 11:00:02 [INFO] ==================================================================
