2026-03-25 03:51:01 [INFO] ==================================================================
2026-03-25 03:51:01 [INFO]   MOS Qatar Demo - Sports Data Generator
2026-03-25 03:51:01 [INFO] ==================================================================
2026-03-25 03:51:01 [INFO] Config file   : /home/cloudera/mos_qatar_demo_poc/config/mos_qatar_demo.ini
2026-03-25 03:51:01 [INFO] Landing dir   : /home/cloudera/mos_qatar_demo_poc/landing
2026-03-25 03:51:01 [INFO] Output file   : mos_sports_events_20260325_035101.txt
2026-03-25 03:51:01 [INFO] Records count : 9
2026-03-25 03:51:01 [INFO] ------------------------------------------------------------------
2026-03-25 03:51:01 [INFO]   Record 01: Event ID: EVT6678 | Event Name: Ministry Invitational Friendly Tournament | Sport: Basketb...
2026-03-25 03:51:01 [INFO]   Record 02: Event ID: EVT3406 | Event Name: Qatar Schools Football League | Sport: Athletics | Venue: ...
2026-03-25 03:51:01 [INFO]   Record 03: Event ID: EVT9472 | Event Name: Gulf Youth Cup Round 2 | Sport: Swimming | Venue: Ahmad Bi...
2026-03-25 03:51:01 [INFO]   Record 04: Event ID: EVT9320 | Event Name: Qatar Cup Final | Sport: Football | Venue: Lusail Stadium ...
2026-03-25 03:51:01 [INFO]   Record 05: Event ID: EVT4922 | Event Name: Qatar Under-20 Development League | Sport: Handball | Venu...
2026-03-25 03:51:01 [INFO]   Record 06: Event ID: EVT1899 | Event Name: Gulf Youth Cup Final | Sport: Football | Venue: Al Bayt St...
2026-03-25 03:51:01 [INFO]   Record 07: Event ID: EVT5988 | Event Name: Gulf Youth Cup Semi Final | Sport: Football | Venue: Al Ja...
2026-03-25 03:51:01 [INFO]   Record 08: Event ID: EVT5899 | Event Name: Gulf Youth Cup Semi Final | Sport: Handball | Venue: Aspir...
2026-03-25 03:51:01 [INFO]   Record 09: Event ID: EVT6931 | Event Name: Arab Nations Championship Group Stage | Sport: Handball | ...
2026-03-25 03:51:01 [INFO] ------------------------------------------------------------------
2026-03-25 03:51:01 [INFO] File written successfully.
2026-03-25 03:51:01 [INFO]   Full path : /home/cloudera/mos_qatar_demo_poc/landing/mos_sports_events_20260325_035101.txt
2026-03-25 03:51:01 [INFO]   Size      : 2291 bytes
2026-03-25 03:51:01 [INFO]   Records   : 9
2026-03-25 03:51:01 [INFO] ==================================================================
2026-03-25 03:51:01 [INFO]   Generator Completed Successfully
2026-03-25 03:51:01 [INFO] ==================================================================
