2026-03-26 08:52:01 [INFO] ==================================================================
2026-03-26 08:52:01 [INFO]   MOS Qatar Demo - Sports Data Generator
2026-03-26 08:52:01 [INFO] ==================================================================
2026-03-26 08:52:01 [INFO] Config file   : /home/cloudera/mos_qatar_demo_poc/config/mos_qatar_demo.ini
2026-03-26 08:52:01 [INFO] Landing dir   : /home/cloudera/mos_qatar_demo_poc/landing
2026-03-26 08:52:01 [INFO] Output file   : mos_sports_events_20260326_085201.txt
2026-03-26 08:52:01 [INFO] Records count : 9
2026-03-26 08:52:01 [INFO] ------------------------------------------------------------------
2026-03-26 08:52:01 [INFO]   Record 01: Event ID: EVT7192 | Event Name: Doha Sports Festival Opening Match | Sport: Basketball | V...
2026-03-26 08:52:01 [INFO]   Record 02: Event ID: EVT3478 | Event Name: Qatar Schools Football League | Sport: Swimming | Venue: A...
2026-03-26 08:52:01 [INFO]   Record 03: Event ID: EVT9385 | Event Name: Asian Qualifiers Warm-up Match | Sport: Handball | Venue: ...
2026-03-26 08:52:01 [INFO]   Record 04: Event ID: EVT3899 | Event Name: GCC Club Championship Semi Final | Sport: Football | Venue...
2026-03-26 08:52:01 [INFO]   Record 05: Event ID: EVT1537 | Event Name: Qatar Premier League Match Day 12 | Sport: Football | Venu...
2026-03-26 08:52:01 [INFO]   Record 06: Event ID: EVT9732 | Event Name: Qatar Cup Semi Final | Sport: Swimming | Venue: Lusail Sta...
2026-03-26 08:52:01 [INFO]   Record 07: Event ID: EVT7074 | Event Name: Qatar Cup Final | Sport: Athletics | Venue: Ahmad Bin Ali ...
2026-03-26 08:52:01 [INFO]   Record 08: Event ID: EVT7987 | Event Name: GCC Club Championship Semi Final | Sport: Basketball | Ven...
2026-03-26 08:52:01 [INFO]   Record 09: Event ID: EVT3474 | Event Name: Asian Qualifiers Warm-up Match | Sport: Swimming | Venue: ...
2026-03-26 08:52:01 [INFO] ------------------------------------------------------------------
2026-03-26 08:52:01 [INFO] File written successfully.
2026-03-26 08:52:01 [INFO]   Full path : /home/cloudera/mos_qatar_demo_poc/landing/mos_sports_events_20260326_085201.txt
2026-03-26 08:52:01 [INFO]   Size      : 2322 bytes
2026-03-26 08:52:01 [INFO]   Records   : 9
2026-03-26 08:52:01 [INFO] ==================================================================
2026-03-26 08:52:01 [INFO]   Generator Completed Successfully
2026-03-26 08:52:01 [INFO] ==================================================================
