2026-03-27 09:44:01 [INFO] ==================================================================
2026-03-27 09:44:01 [INFO]   MOS Qatar Demo - Sports Data Generator
2026-03-27 09:44:01 [INFO] ==================================================================
2026-03-27 09:44:01 [INFO] Config file   : /home/cloudera/mos_qatar_demo_poc/config/mos_qatar_demo.ini
2026-03-27 09:44:01 [INFO] Landing dir   : /home/cloudera/mos_qatar_demo_poc/landing
2026-03-27 09:44:01 [INFO] Output file   : mos_sports_events_20260327_094401.txt
2026-03-27 09:44:01 [INFO] Records count : 9
2026-03-27 09:44:01 [INFO] ------------------------------------------------------------------
2026-03-27 09:44:01 [INFO]   Record 01: Event ID: EVT1563 | Event Name: Ramadan Football Festival | Sport: Football | Venue: Aspir...
2026-03-27 09:44:01 [INFO]   Record 02: Event ID: EVT5644 | Event Name: National Team Preparation Match | Sport: Basketball | Venu...
2026-03-27 09:44:01 [INFO]   Record 03: Event ID: EVT4703 | Event Name: Asian Qualifiers Warm-up Match | Sport: Football | Venue: ...
2026-03-27 09:44:01 [INFO]   Record 04: Event ID: EVT3688 | Event Name: Arab Nations Championship Group Stage | Sport: Football | ...
2026-03-27 09:44:01 [INFO]   Record 05: Event ID: EVT6191 | Event Name: Gulf Youth Cup Round 2 | Sport: Football | Venue: Aspire Z...
2026-03-27 09:44:01 [INFO]   Record 06: Event ID: EVT1491 | Event Name: Gulf Youth Cup Final | Sport: Football | Venue: Al Bayt St...
2026-03-27 09:44:01 [INFO]   Record 07: Event ID: EVT9999 | Event Name: Gulf Youth Cup Round 1 | Sport: Handball | Venue: Al Thuma...
2026-03-27 09:44:01 [INFO]   Record 08: Event ID: EVT9190 | Event Name: Doha Sports Festival Opening Match | Sport: Football | Ven...
2026-03-27 09:44:01 [INFO]   Record 09: Event ID: EVT8382 | Event Name: Gulf Youth Cup Round 2 | Sport: Swimming | Venue: Educatio...
2026-03-27 09:44:01 [INFO] ------------------------------------------------------------------
2026-03-27 09:44:01 [INFO] File written successfully.
2026-03-27 09:44:01 [INFO]   Full path : /home/cloudera/mos_qatar_demo_poc/landing/mos_sports_events_20260327_094401.txt
2026-03-27 09:44:01 [INFO]   Size      : 2310 bytes
2026-03-27 09:44:01 [INFO]   Records   : 9
2026-03-27 09:44:01 [INFO] ==================================================================
2026-03-27 09:44:01 [INFO]   Generator Completed Successfully
2026-03-27 09:44:01 [INFO] ==================================================================
