2026-03-24 18:53:01 [INFO] ==================================================================
2026-03-24 18:53:01 [INFO]   MOS Qatar Demo - Sports Data Generator
2026-03-24 18:53:01 [INFO] ==================================================================
2026-03-24 18:53:01 [INFO] Config file   : /home/cloudera/mos_qatar_demo_poc/config/mos_qatar_demo.ini
2026-03-24 18:53:01 [INFO] Landing dir   : /home/cloudera/mos_qatar_demo_poc/landing
2026-03-24 18:53:01 [INFO] Output file   : mos_sports_events_20260324_185301.txt
2026-03-24 18:53:01 [INFO] Records count : 7
2026-03-24 18:53:01 [INFO] ------------------------------------------------------------------
2026-03-24 18:53:01 [INFO]   Record 01: Event ID: EVT9373 | Event Name: Qatar Schools Football League | Sport: Football | Venue: Q...
2026-03-24 18:53:01 [INFO]   Record 02: Event ID: EVT6932 | Event Name: Qatar Schools Football League | Sport: Football | Venue: K...
2026-03-24 18:53:01 [INFO]   Record 03: Event ID: EVT3713 | Event Name: Arab Nations Championship Semi Final | Sport: Swimming | V...
2026-03-24 18:53:01 [INFO]   Record 04: Event ID: EVT9750 | Event Name: Arab Nations Championship Semi Final | Sport: Football | V...
2026-03-24 18:53:01 [INFO]   Record 05: Event ID: EVT1833 | Event Name: GCC Club Championship Quarter Final | Sport: Football | Ve...
2026-03-24 18:53:01 [INFO]   Record 06: Event ID: EVT9159 | Event Name: Doha Sports Festival Opening Match | Sport: Swimming | Ven...
2026-03-24 18:53:01 [INFO]   Record 07: Event ID: EVT1896 | Event Name: Ministry Youth Sports Day | Sport: Football | Venue: Qatar...
2026-03-24 18:53:01 [INFO] ------------------------------------------------------------------
2026-03-24 18:53:01 [INFO] File written successfully.
2026-03-24 18:53:01 [INFO]   Full path : /home/cloudera/mos_qatar_demo_poc/landing/mos_sports_events_20260324_185301.txt
2026-03-24 18:53:01 [INFO]   Size      : 1808 bytes
2026-03-24 18:53:01 [INFO]   Records   : 7
2026-03-24 18:53:01 [INFO] ==================================================================
2026-03-24 18:53:01 [INFO]   Generator Completed Successfully
2026-03-24 18:53:01 [INFO] ==================================================================
