2026-03-27 16:57:01 [INFO] ==================================================================
2026-03-27 16:57:01 [INFO]   MOS Qatar Demo - Sports Data Generator
2026-03-27 16:57:01 [INFO] ==================================================================
2026-03-27 16:57:01 [INFO] Config file   : /home/cloudera/mos_qatar_demo_poc/config/mos_qatar_demo.ini
2026-03-27 16:57:01 [INFO] Landing dir   : /home/cloudera/mos_qatar_demo_poc/landing
2026-03-27 16:57:01 [INFO] Output file   : mos_sports_events_20260327_165701.txt
2026-03-27 16:57:01 [INFO] Records count : 4
2026-03-27 16:57:01 [INFO] ------------------------------------------------------------------
2026-03-27 16:57:01 [INFO]   Record 01: Event ID: EVT1565 | Event Name: Qatar Under-20 Development League | Sport: Handball | Venu...
2026-03-27 16:57:01 [INFO]   Record 02: Event ID: EVT2019 | Event Name: Qatar Cup Final | Sport: Volleyball | Venue: Lusail Stadiu...
2026-03-27 16:57:01 [INFO]   Record 03: Event ID: EVT7696 | Event Name: Arab Nations Championship Group Stage | Sport: Basketball ...
2026-03-27 16:57:01 [INFO]   Record 04: Event ID: EVT3242 | Event Name: Arab Nations Championship Semi Final | Sport: Football | V...
2026-03-27 16:57:01 [INFO] ------------------------------------------------------------------
2026-03-27 16:57:01 [INFO] File written successfully.
2026-03-27 16:57:01 [INFO]   Full path : /home/cloudera/mos_qatar_demo_poc/landing/mos_sports_events_20260327_165701.txt
2026-03-27 16:57:01 [INFO]   Size      : 1031 bytes
2026-03-27 16:57:01 [INFO]   Records   : 4
2026-03-27 16:57:01 [INFO] ==================================================================
2026-03-27 16:57:01 [INFO]   Generator Completed Successfully
2026-03-27 16:57:01 [INFO] ==================================================================
