2026-03-26 05:11:02 [INFO] ==================================================================
2026-03-26 05:11:02 [INFO]   MOS Qatar Demo - Sports Data Generator
2026-03-26 05:11:02 [INFO] ==================================================================
2026-03-26 05:11:02 [INFO] Config file   : /home/cloudera/mos_qatar_demo_poc/config/mos_qatar_demo.ini
2026-03-26 05:11:02 [INFO] Landing dir   : /home/cloudera/mos_qatar_demo_poc/landing
2026-03-26 05:11:02 [INFO] Output file   : mos_sports_events_20260326_051102.txt
2026-03-26 05:11:02 [INFO] Records count : 7
2026-03-26 05:11:02 [INFO] ------------------------------------------------------------------
2026-03-26 05:11:02 [INFO]   Record 01: Event ID: EVT3680 | Event Name: Ministry Youth Sports Day | Sport: Football | Venue: Aspir...
2026-03-26 05:11:02 [INFO]   Record 02: Event ID: EVT2060 | Event Name: Qatar Premier League Match Day 12 | Sport: Football | Venu...
2026-03-26 05:11:02 [INFO]   Record 03: Event ID: EVT3764 | Event Name: Asian Qualifiers Warm-up Match | Sport: Football | Venue: ...
2026-03-26 05:11:02 [INFO]   Record 04: Event ID: EVT8879 | Event Name: Gulf Youth Cup Semi Final | Sport: Handball | Venue: Ahmad...
2026-03-26 05:11:02 [INFO]   Record 05: Event ID: EVT9783 | Event Name: Gulf Youth Cup Semi Final | Sport: Football | Venue: Al Th...
2026-03-26 05:11:02 [INFO]   Record 06: Event ID: EVT6497 | Event Name: Gulf Youth Cup Semi Final | Sport: Swimming | Venue: Al Th...
2026-03-26 05:11:02 [INFO]   Record 07: Event ID: EVT8410 | Event Name: Arab Nations Championship Semi Final | Sport: Volleyball |...
2026-03-26 05:11:02 [INFO] ------------------------------------------------------------------
2026-03-26 05:11:02 [INFO] File written successfully.
2026-03-26 05:11:02 [INFO]   Full path : /home/cloudera/mos_qatar_demo_poc/landing/mos_sports_events_20260326_051102.txt
2026-03-26 05:11:02 [INFO]   Size      : 1803 bytes
2026-03-26 05:11:02 [INFO]   Records   : 7
2026-03-26 05:11:02 [INFO] ==================================================================
2026-03-26 05:11:02 [INFO]   Generator Completed Successfully
2026-03-26 05:11:02 [INFO] ==================================================================
