2026-03-27 22:12:01 [INFO] ==================================================================
2026-03-27 22:12:01 [INFO]   MOS Qatar Demo - Sports Data Generator
2026-03-27 22:12:01 [INFO] ==================================================================
2026-03-27 22:12:01 [INFO] Config file   : /home/cloudera/mos_qatar_demo_poc/config/mos_qatar_demo.ini
2026-03-27 22:12:01 [INFO] Landing dir   : /home/cloudera/mos_qatar_demo_poc/landing
2026-03-27 22:12:01 [INFO] Output file   : mos_sports_events_20260327_221201.txt
2026-03-27 22:12:01 [INFO] Records count : 8
2026-03-27 22:12:01 [INFO] ------------------------------------------------------------------
2026-03-27 22:12:01 [INFO]   Record 01: Event ID: EVT8198 | Event Name: National Team Preparation Match | Sport: Handball | Venue:...
2026-03-27 22:12:01 [INFO]   Record 02: Event ID: EVT8734 | Event Name: Gulf Cup Qualifier Round 1 | Sport: Football | Venue: Qata...
2026-03-27 22:12:01 [INFO]   Record 03: Event ID: EVT1843 | Event Name: Qatar Premier League Match Day 5 | Sport: Football | Venue...
2026-03-27 22:12:01 [INFO]   Record 04: Event ID: EVT8811 | Event Name: GCC Club Championship Final | Sport: Football | Venue: Al ...
2026-03-27 22:12:01 [INFO]   Record 05: Event ID: EVT9591 | Event Name: Gulf Youth Cup Quarter Final | Sport: Football | Venue: Kh...
2026-03-27 22:12:01 [INFO]   Record 06: Event ID: EVT3269 | Event Name: Arab Nations Championship Group Stage | Sport: Football | ...
2026-03-27 22:12:01 [INFO]   Record 07: Event ID: EVT7201 | Event Name: Gulf Youth Cup Final | Sport: Handball | Venue: Education ...
2026-03-27 22:12:01 [INFO]   Record 08: Event ID: EVT3178 | Event Name: Asian Qualifiers Warm-up Match | Sport: Athletics | Venue:...
2026-03-27 22:12:01 [INFO] ------------------------------------------------------------------
2026-03-27 22:12:01 [INFO] File written successfully.
2026-03-27 22:12:01 [INFO]   Full path : /home/cloudera/mos_qatar_demo_poc/landing/mos_sports_events_20260327_221201.txt
2026-03-27 22:12:01 [INFO]   Size      : 2067 bytes
2026-03-27 22:12:01 [INFO]   Records   : 8
2026-03-27 22:12:01 [INFO] ==================================================================
2026-03-27 22:12:01 [INFO]   Generator Completed Successfully
2026-03-27 22:12:01 [INFO] ==================================================================
