2026-03-27 15:26:01 [INFO] ==================================================================
2026-03-27 15:26:01 [INFO]   MOS Qatar Demo - Sports Data Generator
2026-03-27 15:26:01 [INFO] ==================================================================
2026-03-27 15:26:01 [INFO] Config file   : /home/cloudera/mos_qatar_demo_poc/config/mos_qatar_demo.ini
2026-03-27 15:26:01 [INFO] Landing dir   : /home/cloudera/mos_qatar_demo_poc/landing
2026-03-27 15:26:01 [INFO] Output file   : mos_sports_events_20260327_152601.txt
2026-03-27 15:26:01 [INFO] Records count : 8
2026-03-27 15:26:01 [INFO] ------------------------------------------------------------------
2026-03-27 15:26:01 [INFO]   Record 01: Event ID: EVT7647 | Event Name: Gulf Cup Qualifier Round 1 | Sport: Swimming | Venue: Lusa...
2026-03-27 15:26:01 [INFO]   Record 02: Event ID: EVT4707 | Event Name: GCC Club Championship Quarter Final | Sport: Basketball | ...
2026-03-27 15:26:01 [INFO]   Record 03: Event ID: EVT4184 | Event Name: Qatar Cup Semi Final | Sport: Volleyball | Venue: Educatio...
2026-03-27 15:26:01 [INFO]   Record 04: Event ID: EVT3937 | Event Name: FIFA World Cup Qatar Legacy Match | Sport: Volleyball | Ve...
2026-03-27 15:26:01 [INFO]   Record 05: Event ID: EVT2469 | Event Name: Ramadan Football Festival | Sport: Football | Venue: Al Wa...
2026-03-27 15:26:01 [INFO]   Record 06: Event ID: EVT7025 | Event Name: Gulf Youth Cup Quarter Final | Sport: Football | Venue: Ed...
2026-03-27 15:26:01 [INFO]   Record 07: Event ID: EVT6038 | Event Name: MOS Annual Charity Football Gala | Sport: Football | Venue...
2026-03-27 15:26:01 [INFO]   Record 08: Event ID: EVT6217 | Event Name: Qatar Schools Football League | Sport: Football | Venue: A...
2026-03-27 15:26:01 [INFO] ------------------------------------------------------------------
2026-03-27 15:26:01 [INFO] File written successfully.
2026-03-27 15:26:01 [INFO]   Full path : /home/cloudera/mos_qatar_demo_poc/landing/mos_sports_events_20260327_152601.txt
2026-03-27 15:26:01 [INFO]   Size      : 2081 bytes
2026-03-27 15:26:01 [INFO]   Records   : 8
2026-03-27 15:26:01 [INFO] ==================================================================
2026-03-27 15:26:01 [INFO]   Generator Completed Successfully
2026-03-27 15:26:01 [INFO] ==================================================================
