2026-03-26 12:03:01 [INFO] ==================================================================
2026-03-26 12:03:01 [INFO]   MOS Qatar Demo - Sports Data Generator
2026-03-26 12:03:01 [INFO] ==================================================================
2026-03-26 12:03:01 [INFO] Config file   : /home/cloudera/mos_qatar_demo_poc/config/mos_qatar_demo.ini
2026-03-26 12:03:01 [INFO] Landing dir   : /home/cloudera/mos_qatar_demo_poc/landing
2026-03-26 12:03:01 [INFO] Output file   : mos_sports_events_20260326_120301.txt
2026-03-26 12:03:01 [INFO] Records count : 5
2026-03-26 12:03:01 [INFO] ------------------------------------------------------------------
2026-03-26 12:03:01 [INFO]   Record 01: Event ID: EVT4438 | Event Name: Qatar Cup Semi Final | Sport: Football | Venue: Lusail Sta...
2026-03-26 12:03:01 [INFO]   Record 02: Event ID: EVT9073 | Event Name: Gulf Youth Cup Semi Final | Sport: Volleyball | Venue: Al ...
2026-03-26 12:03:01 [INFO]   Record 03: Event ID: EVT5634 | Event Name: GCC Club Championship Semi Final | Sport: Football | Venue...
2026-03-26 12:03:01 [INFO]   Record 04: Event ID: EVT2939 | Event Name: Qatar Under-20 Development League | Sport: Football | Venu...
2026-03-26 12:03:01 [INFO]   Record 05: Event ID: EVT8452 | Event Name: Gulf Youth Cup Round 1 | Sport: Basketball | Venue: Ahmad ...
2026-03-26 12:03:01 [INFO] ------------------------------------------------------------------
2026-03-26 12:03:01 [INFO] File written successfully.
2026-03-26 12:03:01 [INFO]   Full path : /home/cloudera/mos_qatar_demo_poc/landing/mos_sports_events_20260326_120301.txt
2026-03-26 12:03:01 [INFO]   Size      : 1252 bytes
2026-03-26 12:03:01 [INFO]   Records   : 5
2026-03-26 12:03:01 [INFO] ==================================================================
2026-03-26 12:03:01 [INFO]   Generator Completed Successfully
2026-03-26 12:03:01 [INFO] ==================================================================
