2026-03-25 15:23:02 [INFO] ==================================================================
2026-03-25 15:23:02 [INFO]   MOS Qatar Demo - Sports Data Generator
2026-03-25 15:23:02 [INFO] ==================================================================
2026-03-25 15:23:02 [INFO] Config file   : /home/cloudera/mos_qatar_demo_poc/config/mos_qatar_demo.ini
2026-03-25 15:23:02 [INFO] Landing dir   : /home/cloudera/mos_qatar_demo_poc/landing
2026-03-25 15:23:02 [INFO] Output file   : mos_sports_events_20260325_152302.txt
2026-03-25 15:23:02 [INFO] Records count : 4
2026-03-25 15:23:02 [INFO] ------------------------------------------------------------------
2026-03-25 15:23:02 [INFO]   Record 01: Event ID: EVT1462 | Event Name: National Day Football Celebration | Sport: Football | Venu...
2026-03-25 15:23:02 [INFO]   Record 02: Event ID: EVT2241 | Event Name: Gulf Youth Cup Semi Final | Sport: Football | Venue: Al Th...
2026-03-25 15:23:02 [INFO]   Record 03: Event ID: EVT9488 | Event Name: Qatar Premier League Match Day 5 | Sport: Football | Venue...
2026-03-25 15:23:02 [INFO]   Record 04: Event ID: EVT1618 | Event Name: Qatar Under-20 Development League | Sport: Basketball | Ve...
2026-03-25 15:23:02 [INFO] ------------------------------------------------------------------
2026-03-25 15:23:02 [INFO] File written successfully.
2026-03-25 15:23:02 [INFO]   Full path : /home/cloudera/mos_qatar_demo_poc/landing/mos_sports_events_20260325_152302.txt
2026-03-25 15:23:02 [INFO]   Size      : 1065 bytes
2026-03-25 15:23:02 [INFO]   Records   : 4
2026-03-25 15:23:02 [INFO] ==================================================================
2026-03-25 15:23:02 [INFO]   Generator Completed Successfully
2026-03-25 15:23:02 [INFO] ==================================================================
