2026-03-27 10:05:01 [INFO] ==================================================================
2026-03-27 10:05:01 [INFO]   MOS Qatar Demo - Sports Data Generator
2026-03-27 10:05:01 [INFO] ==================================================================
2026-03-27 10:05:01 [INFO] Config file   : /home/cloudera/mos_qatar_demo_poc/config/mos_qatar_demo.ini
2026-03-27 10:05:01 [INFO] Landing dir   : /home/cloudera/mos_qatar_demo_poc/landing
2026-03-27 10:05:01 [INFO] Output file   : mos_sports_events_20260327_100501.txt
2026-03-27 10:05:01 [INFO] Records count : 8
2026-03-27 10:05:01 [INFO] ------------------------------------------------------------------
2026-03-27 10:05:01 [INFO]   Record 01: Event ID: EVT1541 | Event Name: Doha Sports Festival Opening Match | Sport: Football | Ven...
2026-03-27 10:05:01 [INFO]   Record 02: Event ID: EVT8273 | Event Name: Qatar Cup Final | Sport: Athletics | Venue: Lusail Stadium...
2026-03-27 10:05:01 [INFO]   Record 03: Event ID: EVT2553 | Event Name: Gulf Youth Cup Final | Sport: Handball | Venue: Khalifa In...
2026-03-27 10:05:01 [INFO]   Record 04: Event ID: EVT8175 | Event Name: National Day Football Celebration | Sport: Volleyball | Ve...
2026-03-27 10:05:01 [INFO]   Record 05: Event ID: EVT7244 | Event Name: Gulf Youth Cup Quarter Final | Sport: Football | Venue: Ed...
2026-03-27 10:05:01 [INFO]   Record 06: Event ID: EVT1339 | Event Name: Gulf Cup Qualifier Round 1 | Sport: Football | Venue: Ahma...
2026-03-27 10:05:01 [INFO]   Record 07: Event ID: EVT4908 | Event Name: National Team Preparation Match | Sport: Volleyball | Venu...
2026-03-27 10:05:01 [INFO]   Record 08: Event ID: EVT8909 | Event Name: FIFA World Cup Qatar Legacy Match | Sport: Basketball | Ve...
2026-03-27 10:05:01 [INFO] ------------------------------------------------------------------
2026-03-27 10:05:01 [INFO] File written successfully.
2026-03-27 10:05:01 [INFO]   Full path : /home/cloudera/mos_qatar_demo_poc/landing/mos_sports_events_20260327_100501.txt
2026-03-27 10:05:01 [INFO]   Size      : 2067 bytes
2026-03-27 10:05:01 [INFO]   Records   : 8
2026-03-27 10:05:01 [INFO] ==================================================================
2026-03-27 10:05:01 [INFO]   Generator Completed Successfully
2026-03-27 10:05:01 [INFO] ==================================================================
