2026-03-26 22:03:01 [INFO] ==================================================================
2026-03-26 22:03:01 [INFO]   MOS Qatar Demo - Sports Data Generator
2026-03-26 22:03:01 [INFO] ==================================================================
2026-03-26 22:03:01 [INFO] Config file   : /home/cloudera/mos_qatar_demo_poc/config/mos_qatar_demo.ini
2026-03-26 22:03:01 [INFO] Landing dir   : /home/cloudera/mos_qatar_demo_poc/landing
2026-03-26 22:03:01 [INFO] Output file   : mos_sports_events_20260326_220301.txt
2026-03-26 22:03:01 [INFO] Records count : 9
2026-03-26 22:03:01 [INFO] ------------------------------------------------------------------
2026-03-26 22:03:01 [INFO]   Record 01: Event ID: EVT7195 | Event Name: Qatar Premier League Match Day 12 | Sport: Athletics | Ven...
2026-03-26 22:03:01 [INFO]   Record 02: Event ID: EVT5377 | Event Name: Qatar Schools Football League | Sport: Football | Venue: Q...
2026-03-26 22:03:01 [INFO]   Record 03: Event ID: EVT7988 | Event Name: Qatar Cup Final | Sport: Handball | Venue: Aspire Zone Are...
2026-03-26 22:03:01 [INFO]   Record 04: Event ID: EVT1079 | Event Name: Gulf Youth Cup Round 1 | Sport: Football | Venue: Educatio...
2026-03-26 22:03:01 [INFO]   Record 05: Event ID: EVT2847 | Event Name: Gulf Youth Cup Final | Sport: Football | Venue: Al Thumama...
2026-03-26 22:03:01 [INFO]   Record 06: Event ID: EVT4335 | Event Name: Arab Nations Championship Group Stage | Sport: Football | ...
2026-03-26 22:03:01 [INFO]   Record 07: Event ID: EVT5699 | Event Name: Qatar Schools Football League | Sport: Handball | Venue: A...
2026-03-26 22:03:01 [INFO]   Record 08: Event ID: EVT3034 | Event Name: Gulf Cup Qualifier Round 1 | Sport: Athletics | Venue: Al ...
2026-03-26 22:03:01 [INFO]   Record 09: Event ID: EVT2321 | Event Name: Qatar Premier League Match Day 12 | Sport: Football | Venu...
2026-03-26 22:03:01 [INFO] ------------------------------------------------------------------
2026-03-26 22:03:01 [INFO] File written successfully.
2026-03-26 22:03:01 [INFO]   Full path : /home/cloudera/mos_qatar_demo_poc/landing/mos_sports_events_20260326_220301.txt
2026-03-26 22:03:01 [INFO]   Size      : 2294 bytes
2026-03-26 22:03:01 [INFO]   Records   : 9
2026-03-26 22:03:01 [INFO] ==================================================================
2026-03-26 22:03:01 [INFO]   Generator Completed Successfully
2026-03-26 22:03:01 [INFO] ==================================================================
