2026-03-24 15:27:02 [INFO] ==================================================================
2026-03-24 15:27:02 [INFO]   MOS Qatar Demo - Sports Data Generator
2026-03-24 15:27:02 [INFO] ==================================================================
2026-03-24 15:27:02 [INFO] Config file   : /home/cloudera/mos_qatar_demo_poc/config/mos_qatar_demo.ini
2026-03-24 15:27:02 [INFO] Landing dir   : /home/cloudera/mos_qatar_demo_poc/landing
2026-03-24 15:27:02 [INFO] Output file   : mos_sports_events_20260324_152702.txt
2026-03-24 15:27:02 [INFO] Records count : 9
2026-03-24 15:27:02 [INFO] ------------------------------------------------------------------
2026-03-24 15:27:02 [INFO]   Record 01: Event ID: EVT6483 | Event Name: GCC Club Championship Quarter Final | Sport: Swimming | Ve...
2026-03-24 15:27:02 [INFO]   Record 02: Event ID: EVT8598 | Event Name: Ramadan Football Festival | Sport: Handball | Venue: Ahmad...
2026-03-24 15:27:02 [INFO]   Record 03: Event ID: EVT8618 | Event Name: Gulf Youth Cup Quarter Final | Sport: Football | Venue: Kh...
2026-03-24 15:27:02 [INFO]   Record 04: Event ID: EVT9462 | Event Name: Gulf Youth Cup Quarter Final | Sport: Football | Venue: Al...
2026-03-24 15:27:02 [INFO]   Record 05: Event ID: EVT4498 | Event Name: Gulf Cup Qualifier Round 1 | Sport: Football | Venue: Al J...
2026-03-24 15:27:02 [INFO]   Record 06: Event ID: EVT9788 | Event Name: National Team Preparation Match | Sport: Football | Venue:...
2026-03-24 15:27:02 [INFO]   Record 07: Event ID: EVT2238 | Event Name: GCC Club Championship Semi Final | Sport: Football | Venue...
2026-03-24 15:27:02 [INFO]   Record 08: Event ID: EVT9994 | Event Name: GCC Club Championship Final | Sport: Handball | Venue: Al ...
2026-03-24 15:27:02 [INFO]   Record 09: Event ID: EVT5014 | Event Name: Gulf Youth Cup Final | Sport: Football | Venue: Aspire Zon...
2026-03-24 15:27:02 [INFO] ------------------------------------------------------------------
2026-03-24 15:27:02 [INFO] File written successfully.
2026-03-24 15:27:02 [INFO]   Full path : /home/cloudera/mos_qatar_demo_poc/landing/mos_sports_events_20260324_152702.txt
2026-03-24 15:27:02 [INFO]   Size      : 2319 bytes
2026-03-24 15:27:02 [INFO]   Records   : 9
2026-03-24 15:27:02 [INFO] ==================================================================
2026-03-24 15:27:02 [INFO]   Generator Completed Successfully
2026-03-24 15:27:02 [INFO] ==================================================================
