2026-03-25 06:11:02 [INFO] ==================================================================
2026-03-25 06:11:02 [INFO]   MOS Qatar Demo - Sports Data Generator
2026-03-25 06:11:02 [INFO] ==================================================================
2026-03-25 06:11:02 [INFO] Config file   : /home/cloudera/mos_qatar_demo_poc/config/mos_qatar_demo.ini
2026-03-25 06:11:02 [INFO] Landing dir   : /home/cloudera/mos_qatar_demo_poc/landing
2026-03-25 06:11:02 [INFO] Output file   : mos_sports_events_20260325_061102.txt
2026-03-25 06:11:02 [INFO] Records count : 7
2026-03-25 06:11:02 [INFO] ------------------------------------------------------------------
2026-03-25 06:11:02 [INFO]   Record 01: Event ID: EVT1106 | Event Name: Qatar Schools Football League | Sport: Football | Venue: A...
2026-03-25 06:11:02 [INFO]   Record 02: Event ID: EVT5395 | Event Name: Asian Qualifiers Warm-up Match | Sport: Football | Venue: ...
2026-03-25 06:11:02 [INFO]   Record 03: Event ID: EVT3444 | Event Name: Arab Nations Championship Semi Final | Sport: Handball | V...
2026-03-25 06:11:02 [INFO]   Record 04: Event ID: EVT8847 | Event Name: National Team Preparation Match | Sport: Athletics | Venue...
2026-03-25 06:11:02 [INFO]   Record 05: Event ID: EVT2503 | Event Name: National Team Preparation Match | Sport: Football | Venue:...
2026-03-25 06:11:02 [INFO]   Record 06: Event ID: EVT3399 | Event Name: Qatar Under-20 Development League | Sport: Volleyball | Ve...
2026-03-25 06:11:02 [INFO]   Record 07: Event ID: EVT9476 | Event Name: Qatar Cup Semi Final | Sport: Football | Venue: Ahmad Bin ...
2026-03-25 06:11:02 [INFO] ------------------------------------------------------------------
2026-03-25 06:11:02 [INFO] File written successfully.
2026-03-25 06:11:02 [INFO]   Full path : /home/cloudera/mos_qatar_demo_poc/landing/mos_sports_events_20260325_061102.txt
2026-03-25 06:11:02 [INFO]   Size      : 1808 bytes
2026-03-25 06:11:02 [INFO]   Records   : 7
2026-03-25 06:11:02 [INFO] ==================================================================
2026-03-25 06:11:02 [INFO]   Generator Completed Successfully
2026-03-25 06:11:02 [INFO] ==================================================================
