2026-03-26 13:01:01 [INFO] ==================================================================
2026-03-26 13:01:01 [INFO]   MOS Qatar Demo - Sports Data Generator
2026-03-26 13:01:01 [INFO] ==================================================================
2026-03-26 13:01:01 [INFO] Config file   : /home/cloudera/mos_qatar_demo_poc/config/mos_qatar_demo.ini
2026-03-26 13:01:01 [INFO] Landing dir   : /home/cloudera/mos_qatar_demo_poc/landing
2026-03-26 13:01:01 [INFO] Output file   : mos_sports_events_20260326_130101.txt
2026-03-26 13:01:01 [INFO] Records count : 6
2026-03-26 13:01:01 [INFO] ------------------------------------------------------------------
2026-03-26 13:01:01 [INFO]   Record 01: Event ID: EVT2484 | Event Name: Ministry Invitational Friendly Tournament | Sport: Volleyb...
2026-03-26 13:01:01 [INFO]   Record 02: Event ID: EVT7287 | Event Name: Qatar Premier League Match Day 8 | Sport: Football | Venue...
2026-03-26 13:01:01 [INFO]   Record 03: Event ID: EVT1621 | Event Name: Arab Nations Championship Semi Final | Sport: Football | V...
2026-03-26 13:01:01 [INFO]   Record 04: Event ID: EVT6988 | Event Name: Doha Sports Festival Opening Match | Sport: Athletics | Ve...
2026-03-26 13:01:01 [INFO]   Record 05: Event ID: EVT6256 | Event Name: Ministry Youth Sports Day | Sport: Football | Venue: Al Ja...
2026-03-26 13:01:01 [INFO]   Record 06: Event ID: EVT2263 | Event Name: Qatar Schools Football League | Sport: Football | Venue: E...
2026-03-26 13:01:01 [INFO] ------------------------------------------------------------------
2026-03-26 13:01:01 [INFO] File written successfully.
2026-03-26 13:01:01 [INFO]   Full path : /home/cloudera/mos_qatar_demo_poc/landing/mos_sports_events_20260326_130101.txt
2026-03-26 13:01:01 [INFO]   Size      : 1565 bytes
2026-03-26 13:01:01 [INFO]   Records   : 6
2026-03-26 13:01:01 [INFO] ==================================================================
2026-03-26 13:01:01 [INFO]   Generator Completed Successfully
2026-03-26 13:01:01 [INFO] ==================================================================
