2026-03-25 05:26:01 [INFO] ==================================================================
2026-03-25 05:26:01 [INFO]   MOS Qatar Demo - Sports Data Generator
2026-03-25 05:26:01 [INFO] ==================================================================
2026-03-25 05:26:01 [INFO] Config file   : /home/cloudera/mos_qatar_demo_poc/config/mos_qatar_demo.ini
2026-03-25 05:26:01 [INFO] Landing dir   : /home/cloudera/mos_qatar_demo_poc/landing
2026-03-25 05:26:01 [INFO] Output file   : mos_sports_events_20260325_052601.txt
2026-03-25 05:26:01 [INFO] Records count : 7
2026-03-25 05:26:01 [INFO] ------------------------------------------------------------------
2026-03-25 05:26:01 [INFO]   Record 01: Event ID: EVT9024 | Event Name: Qatar Premier League Match Day 12 | Sport: Swimming | Venu...
2026-03-25 05:26:01 [INFO]   Record 02: Event ID: EVT1295 | Event Name: Ministry Youth Sports Day | Sport: Athletics | Venue: Al J...
2026-03-25 05:26:01 [INFO]   Record 03: Event ID: EVT9952 | Event Name: Ramadan Football Festival | Sport: Basketball | Venue: Al ...
2026-03-25 05:26:01 [INFO]   Record 04: Event ID: EVT4493 | Event Name: Ministry Youth Sports Day | Sport: Football | Venue: Ahmad...
2026-03-25 05:26:01 [INFO]   Record 05: Event ID: EVT2290 | Event Name: Qatar Premier League Match Day 12 | Sport: Football | Venu...
2026-03-25 05:26:01 [INFO]   Record 06: Event ID: EVT5120 | Event Name: MOS Annual Charity Football Gala | Sport: Football | Venue...
2026-03-25 05:26:01 [INFO]   Record 07: Event ID: EVT5378 | Event Name: FIFA World Cup Qatar Legacy Match | Sport: Football | Venu...
2026-03-25 05:26:01 [INFO] ------------------------------------------------------------------
2026-03-25 05:26:01 [INFO] File written successfully.
2026-03-25 05:26:01 [INFO]   Full path : /home/cloudera/mos_qatar_demo_poc/landing/mos_sports_events_20260325_052601.txt
2026-03-25 05:26:01 [INFO]   Size      : 1784 bytes
2026-03-25 05:26:01 [INFO]   Records   : 7
2026-03-25 05:26:01 [INFO] ==================================================================
2026-03-25 05:26:01 [INFO]   Generator Completed Successfully
2026-03-25 05:26:01 [INFO] ==================================================================
