2026-03-24 18:49:01 [INFO] ==================================================================
2026-03-24 18:49:01 [INFO]   MOS Qatar Demo - Sports Data Generator
2026-03-24 18:49:01 [INFO] ==================================================================
2026-03-24 18:49:01 [INFO] Config file   : /home/cloudera/mos_qatar_demo_poc/config/mos_qatar_demo.ini
2026-03-24 18:49:01 [INFO] Landing dir   : /home/cloudera/mos_qatar_demo_poc/landing
2026-03-24 18:49:01 [INFO] Output file   : mos_sports_events_20260324_184901.txt
2026-03-24 18:49:01 [INFO] Records count : 4
2026-03-24 18:49:01 [INFO] ------------------------------------------------------------------
2026-03-24 18:49:01 [INFO]   Record 01: Event ID: EVT4148 | Event Name: Gulf Youth Cup Semi Final | Sport: Football | Venue: Al Wa...
2026-03-24 18:49:01 [INFO]   Record 02: Event ID: EVT1588 | Event Name: Qatar Premier League Match Day 8 | Sport: Handball | Venue...
2026-03-24 18:49:01 [INFO]   Record 03: Event ID: EVT3484 | Event Name: Qatar Premier League Match Day 5 | Sport: Football | Venue...
2026-03-24 18:49:01 [INFO]   Record 04: Event ID: EVT2938 | Event Name: Qatar Cup Semi Final | Sport: Football | Venue: Al Bayt St...
2026-03-24 18:49:01 [INFO] ------------------------------------------------------------------
2026-03-24 18:49:01 [INFO] File written successfully.
2026-03-24 18:49:01 [INFO]   Full path : /home/cloudera/mos_qatar_demo_poc/landing/mos_sports_events_20260324_184901.txt
2026-03-24 18:49:01 [INFO]   Size      : 1030 bytes
2026-03-24 18:49:01 [INFO]   Records   : 4
2026-03-24 18:49:01 [INFO] ==================================================================
2026-03-24 18:49:01 [INFO]   Generator Completed Successfully
2026-03-24 18:49:01 [INFO] ==================================================================
