2026-03-24 23:41:02 [INFO] ==================================================================
2026-03-24 23:41:02 [INFO]   MOS Qatar Demo - Sports Data Generator
2026-03-24 23:41:02 [INFO] ==================================================================
2026-03-24 23:41:02 [INFO] Config file   : /home/cloudera/mos_qatar_demo_poc/config/mos_qatar_demo.ini
2026-03-24 23:41:02 [INFO] Landing dir   : /home/cloudera/mos_qatar_demo_poc/landing
2026-03-24 23:41:02 [INFO] Output file   : mos_sports_events_20260324_234102.txt
2026-03-24 23:41:02 [INFO] Records count : 10
2026-03-24 23:41:02 [INFO] ------------------------------------------------------------------
2026-03-24 23:41:02 [INFO]   Record 01: Event ID: EVT2223 | Event Name: Qatar Under-20 Development League | Sport: Football | Venu...
2026-03-24 23:41:02 [INFO]   Record 02: Event ID: EVT9097 | Event Name: Qatar Schools Football League | Sport: Football | Venue: A...
2026-03-24 23:41:02 [INFO]   Record 03: Event ID: EVT6553 | Event Name: Ministry Youth Sports Day | Sport: Football | Venue: Al Ba...
2026-03-24 23:41:02 [INFO]   Record 04: Event ID: EVT9272 | Event Name: Arab Nations Championship Group Stage | Sport: Football | ...
2026-03-24 23:41:02 [INFO]   Record 05: Event ID: EVT2539 | Event Name: Ramadan Football Festival | Sport: Basketball | Venue: Ahm...
2026-03-24 23:41:02 [INFO]   Record 06: Event ID: EVT8283 | Event Name: Ministry Youth Sports Day | Sport: Handball | Venue: Lusai...
2026-03-24 23:41:02 [INFO]   Record 07: Event ID: EVT9557 | Event Name: Qatar Under-20 Development League | Sport: Football | Venu...
2026-03-24 23:41:02 [INFO]   Record 08: Event ID: EVT8749 | Event Name: Qatar Premier League Match Day 5 | Sport: Handball | Venue...
2026-03-24 23:41:02 [INFO]   Record 09: Event ID: EVT1045 | Event Name: Asian Qualifiers Warm-up Match | Sport: Swimming | Venue: ...
2026-03-24 23:41:02 [INFO]   Record 10: Event ID: EVT7245 | Event Name: Qatar Premier League Match Day 8 | Sport: Swimming | Venue...
2026-03-24 23:41:02 [INFO] ------------------------------------------------------------------
2026-03-24 23:41:02 [INFO] File written successfully.
2026-03-24 23:41:02 [INFO]   Full path : /home/cloudera/mos_qatar_demo_poc/landing/mos_sports_events_20260324_234102.txt
2026-03-24 23:41:02 [INFO]   Size      : 2592 bytes
2026-03-24 23:41:02 [INFO]   Records   : 10
2026-03-24 23:41:02 [INFO] ==================================================================
2026-03-24 23:41:02 [INFO]   Generator Completed Successfully
2026-03-24 23:41:02 [INFO] ==================================================================
