2026-03-26 16:26:01 [INFO] ==================================================================
2026-03-26 16:26:01 [INFO]   MOS Qatar Demo - Sports Data Generator
2026-03-26 16:26:01 [INFO] ==================================================================
2026-03-26 16:26:01 [INFO] Config file   : /home/cloudera/mos_qatar_demo_poc/config/mos_qatar_demo.ini
2026-03-26 16:26:01 [INFO] Landing dir   : /home/cloudera/mos_qatar_demo_poc/landing
2026-03-26 16:26:01 [INFO] Output file   : mos_sports_events_20260326_162601.txt
2026-03-26 16:26:01 [INFO] Records count : 9
2026-03-26 16:26:01 [INFO] ------------------------------------------------------------------
2026-03-26 16:26:01 [INFO]   Record 01: Event ID: EVT1033 | Event Name: Qatar Premier League Match Day 5 | Sport: Basketball | Ven...
2026-03-26 16:26:01 [INFO]   Record 02: Event ID: EVT1177 | Event Name: Gulf Cup Qualifier Round 1 | Sport: Football | Venue: Qata...
2026-03-26 16:26:01 [INFO]   Record 03: Event ID: EVT8067 | Event Name: FIFA World Cup Qatar Legacy Match | Sport: Football | Venu...
2026-03-26 16:26:01 [INFO]   Record 04: Event ID: EVT6254 | Event Name: Arab Nations Championship Group Stage | Sport: Athletics |...
2026-03-26 16:26:01 [INFO]   Record 05: Event ID: EVT8928 | Event Name: National Day Football Celebration | Sport: Athletics | Ven...
2026-03-26 16:26:01 [INFO]   Record 06: Event ID: EVT7675 | Event Name: Gulf Cup Qualifier Round 1 | Sport: Football | Venue: Lusa...
2026-03-26 16:26:01 [INFO]   Record 07: Event ID: EVT4306 | Event Name: Gulf Youth Cup Quarter Final | Sport: Football | Venue: Al...
2026-03-26 16:26:01 [INFO]   Record 08: Event ID: EVT7112 | Event Name: Gulf Youth Cup Round 1 | Sport: Basketball | Venue: Lusail...
2026-03-26 16:26:01 [INFO]   Record 09: Event ID: EVT1925 | Event Name: Ministry Youth Sports Day | Sport: Handball | Venue: Al Th...
2026-03-26 16:26:01 [INFO] ------------------------------------------------------------------
2026-03-26 16:26:01 [INFO] File written successfully.
2026-03-26 16:26:01 [INFO]   Full path : /home/cloudera/mos_qatar_demo_poc/landing/mos_sports_events_20260326_162601.txt
2026-03-26 16:26:01 [INFO]   Size      : 2313 bytes
2026-03-26 16:26:01 [INFO]   Records   : 9
2026-03-26 16:26:01 [INFO] ==================================================================
2026-03-26 16:26:01 [INFO]   Generator Completed Successfully
2026-03-26 16:26:01 [INFO] ==================================================================
