2026-03-27 21:06:01 [INFO] ==================================================================
2026-03-27 21:06:01 [INFO]   MOS Qatar Demo - Sports Data Generator
2026-03-27 21:06:01 [INFO] ==================================================================
2026-03-27 21:06:01 [INFO] Config file   : /home/cloudera/mos_qatar_demo_poc/config/mos_qatar_demo.ini
2026-03-27 21:06:01 [INFO] Landing dir   : /home/cloudera/mos_qatar_demo_poc/landing
2026-03-27 21:06:01 [INFO] Output file   : mos_sports_events_20260327_210601.txt
2026-03-27 21:06:01 [INFO] Records count : 5
2026-03-27 21:06:01 [INFO] ------------------------------------------------------------------
2026-03-27 21:06:01 [INFO]   Record 01: Event ID: EVT7963 | Event Name: GCC Club Championship Quarter Final | Sport: Football | Ve...
2026-03-27 21:06:01 [INFO]   Record 02: Event ID: EVT5696 | Event Name: GCC Club Championship Quarter Final | Sport: Athletics | V...
2026-03-27 21:06:01 [INFO]   Record 03: Event ID: EVT2918 | Event Name: Gulf Cup Qualifier Round 1 | Sport: Football | Venue: Al W...
2026-03-27 21:06:01 [INFO]   Record 04: Event ID: EVT3152 | Event Name: Qatar Cup Final | Sport: Swimming | Venue: Al Bayt Stadium...
2026-03-27 21:06:01 [INFO]   Record 05: Event ID: EVT4393 | Event Name: GCC Club Championship Semi Final | Sport: Handball | Venue...
2026-03-27 21:06:01 [INFO] ------------------------------------------------------------------
2026-03-27 21:06:01 [INFO] File written successfully.
2026-03-27 21:06:01 [INFO]   Full path : /home/cloudera/mos_qatar_demo_poc/landing/mos_sports_events_20260327_210601.txt
2026-03-27 21:06:01 [INFO]   Size      : 1278 bytes
2026-03-27 21:06:01 [INFO]   Records   : 5
2026-03-27 21:06:01 [INFO] ==================================================================
2026-03-27 21:06:01 [INFO]   Generator Completed Successfully
2026-03-27 21:06:01 [INFO] ==================================================================
