2026-03-26 01:54:02 [INFO] ==================================================================
2026-03-26 01:54:02 [INFO]   MOS Qatar Demo - Sports Data Generator
2026-03-26 01:54:02 [INFO] ==================================================================
2026-03-26 01:54:02 [INFO] Config file   : /home/cloudera/mos_qatar_demo_poc/config/mos_qatar_demo.ini
2026-03-26 01:54:02 [INFO] Landing dir   : /home/cloudera/mos_qatar_demo_poc/landing
2026-03-26 01:54:02 [INFO] Output file   : mos_sports_events_20260326_015402.txt
2026-03-26 01:54:02 [INFO] Records count : 6
2026-03-26 01:54:02 [INFO] ------------------------------------------------------------------
2026-03-26 01:54:02 [INFO]   Record 01: Event ID: EVT3953 | Event Name: Ramadan Football Festival | Sport: Football | Venue: Lusai...
2026-03-26 01:54:02 [INFO]   Record 02: Event ID: EVT2125 | Event Name: Doha Sports Festival Opening Match | Sport: Basketball | V...
2026-03-26 01:54:02 [INFO]   Record 03: Event ID: EVT6146 | Event Name: GCC Club Championship Semi Final | Sport: Swimming | Venue...
2026-03-26 01:54:02 [INFO]   Record 04: Event ID: EVT6841 | Event Name: Gulf Cup Qualifier Round 1 | Sport: Football | Venue: Aspi...
2026-03-26 01:54:02 [INFO]   Record 05: Event ID: EVT6920 | Event Name: Qatar Schools Football League | Sport: Football | Venue: L...
2026-03-26 01:54:02 [INFO]   Record 06: Event ID: EVT6358 | Event Name: Gulf Youth Cup Final | Sport: Football | Venue: Ahmad Bin ...
2026-03-26 01:54:02 [INFO] ------------------------------------------------------------------
2026-03-26 01:54:02 [INFO] File written successfully.
2026-03-26 01:54:02 [INFO]   Full path : /home/cloudera/mos_qatar_demo_poc/landing/mos_sports_events_20260326_015402.txt
2026-03-26 01:54:02 [INFO]   Size      : 1522 bytes
2026-03-26 01:54:02 [INFO]   Records   : 6
2026-03-26 01:54:02 [INFO] ==================================================================
2026-03-26 01:54:02 [INFO]   Generator Completed Successfully
2026-03-26 01:54:02 [INFO] ==================================================================
