2026-03-24 17:08:01 [INFO] ==================================================================
2026-03-24 17:08:01 [INFO]   MOS Qatar Demo - Sports Data Generator
2026-03-24 17:08:01 [INFO] ==================================================================
2026-03-24 17:08:01 [INFO] Config file   : /home/cloudera/mos_qatar_demo_poc/config/mos_qatar_demo.ini
2026-03-24 17:08:01 [INFO] Landing dir   : /home/cloudera/mos_qatar_demo_poc/landing
2026-03-24 17:08:01 [INFO] Output file   : mos_sports_events_20260324_170801.txt
2026-03-24 17:08:01 [INFO] Records count : 10
2026-03-24 17:08:01 [INFO] ------------------------------------------------------------------
2026-03-24 17:08:01 [INFO]   Record 01: Event ID: EVT3962 | Event Name: GCC Club Championship Quarter Final | Sport: Football | Ve...
2026-03-24 17:08:01 [INFO]   Record 02: Event ID: EVT8404 | Event Name: Gulf Youth Cup Semi Final | Sport: Swimming | Venue: Al Wa...
2026-03-24 17:08:01 [INFO]   Record 03: Event ID: EVT2114 | Event Name: Arab Nations Championship Semi Final | Sport: Football | V...
2026-03-24 17:08:01 [INFO]   Record 04: Event ID: EVT4457 | Event Name: Arab Nations Championship Group Stage | Sport: Football | ...
2026-03-24 17:08:01 [INFO]   Record 05: Event ID: EVT3962 | Event Name: Ramadan Football Festival | Sport: Football | Venue: Al Th...
2026-03-24 17:08:01 [INFO]   Record 06: Event ID: EVT3982 | Event Name: Qatar Schools Football League | Sport: Swimming | Venue: K...
2026-03-24 17:08:01 [INFO]   Record 07: Event ID: EVT6073 | Event Name: Gulf Youth Cup Final | Sport: Football | Venue: Qatar Spor...
2026-03-24 17:08:01 [INFO]   Record 08: Event ID: EVT2387 | Event Name: Qatar Under-20 Development League | Sport: Football | Venu...
2026-03-24 17:08:01 [INFO]   Record 09: Event ID: EVT5158 | Event Name: Ministry Invitational Friendly Tournament | Sport: Footbal...
2026-03-24 17:08:01 [INFO]   Record 10: Event ID: EVT2805 | Event Name: Qatar Premier League Match Day 5 | Sport: Volleyball | Ven...
2026-03-24 17:08:01 [INFO] ------------------------------------------------------------------
2026-03-24 17:08:01 [INFO] File written successfully.
2026-03-24 17:08:01 [INFO]   Full path : /home/cloudera/mos_qatar_demo_poc/landing/mos_sports_events_20260324_170801.txt
2026-03-24 17:08:01 [INFO]   Size      : 2609 bytes
2026-03-24 17:08:01 [INFO]   Records   : 10
2026-03-24 17:08:01 [INFO] ==================================================================
2026-03-24 17:08:01 [INFO]   Generator Completed Successfully
2026-03-24 17:08:01 [INFO] ==================================================================
