2026-03-26 12:20:02 [INFO] ==================================================================
2026-03-26 12:20:02 [INFO]   MOS Qatar Demo - Sports Data Generator
2026-03-26 12:20:02 [INFO] ==================================================================
2026-03-26 12:20:02 [INFO] Config file   : /home/cloudera/mos_qatar_demo_poc/config/mos_qatar_demo.ini
2026-03-26 12:20:02 [INFO] Landing dir   : /home/cloudera/mos_qatar_demo_poc/landing
2026-03-26 12:20:02 [INFO] Output file   : mos_sports_events_20260326_122002.txt
2026-03-26 12:20:02 [INFO] Records count : 5
2026-03-26 12:20:02 [INFO] ------------------------------------------------------------------
2026-03-26 12:20:02 [INFO]   Record 01: Event ID: EVT7531 | Event Name: Ramadan Football Festival | Sport: Football | Venue: Aspir...
2026-03-26 12:20:02 [INFO]   Record 02: Event ID: EVT4886 | Event Name: Qatar Cup Semi Final | Sport: Football | Venue: Al Bayt St...
2026-03-26 12:20:02 [INFO]   Record 03: Event ID: EVT2156 | Event Name: Gulf Youth Cup Semi Final | Sport: Football | Venue: Ahmad...
2026-03-26 12:20:02 [INFO]   Record 04: Event ID: EVT6439 | Event Name: Doha Sports Festival Opening Match | Sport: Basketball | V...
2026-03-26 12:20:02 [INFO]   Record 05: Event ID: EVT9801 | Event Name: Qatar Premier League Match Day 5 | Sport: Football | Venue...
2026-03-26 12:20:02 [INFO] ------------------------------------------------------------------
2026-03-26 12:20:02 [INFO] File written successfully.
2026-03-26 12:20:02 [INFO]   Full path : /home/cloudera/mos_qatar_demo_poc/landing/mos_sports_events_20260326_122002.txt
2026-03-26 12:20:02 [INFO]   Size      : 1268 bytes
2026-03-26 12:20:02 [INFO]   Records   : 5
2026-03-26 12:20:02 [INFO] ==================================================================
2026-03-26 12:20:02 [INFO]   Generator Completed Successfully
2026-03-26 12:20:02 [INFO] ==================================================================
