2026-03-27 17:42:01 [INFO] ==================================================================
2026-03-27 17:42:01 [INFO]   MOS Qatar Demo - Sports Data Generator
2026-03-27 17:42:01 [INFO] ==================================================================
2026-03-27 17:42:01 [INFO] Config file   : /home/cloudera/mos_qatar_demo_poc/config/mos_qatar_demo.ini
2026-03-27 17:42:01 [INFO] Landing dir   : /home/cloudera/mos_qatar_demo_poc/landing
2026-03-27 17:42:01 [INFO] Output file   : mos_sports_events_20260327_174201.txt
2026-03-27 17:42:01 [INFO] Records count : 7
2026-03-27 17:42:01 [INFO] ------------------------------------------------------------------
2026-03-27 17:42:01 [INFO]   Record 01: Event ID: EVT6354 | Event Name: Qatar Cup Semi Final | Sport: Basketball | Venue: Khalifa ...
2026-03-27 17:42:01 [INFO]   Record 02: Event ID: EVT8190 | Event Name: Gulf Youth Cup Final | Sport: Football | Venue: Aspire Zon...
2026-03-27 17:42:01 [INFO]   Record 03: Event ID: EVT7637 | Event Name: Qatar Cup Semi Final | Sport: Swimming | Venue: Aspire Zon...
2026-03-27 17:42:01 [INFO]   Record 04: Event ID: EVT3105 | Event Name: Qatar Olympic Training Camp Evaluation | Sport: Volleyball...
2026-03-27 17:42:01 [INFO]   Record 05: Event ID: EVT3772 | Event Name: Gulf Youth Cup Semi Final | Sport: Swimming | Venue: Aspir...
2026-03-27 17:42:01 [INFO]   Record 06: Event ID: EVT8234 | Event Name: Qatar Premier League Match Day 5 | Sport: Football | Venue...
2026-03-27 17:42:01 [INFO]   Record 07: Event ID: EVT9937 | Event Name: Qatar Olympic Training Camp Evaluation | Sport: Athletics ...
2026-03-27 17:42:01 [INFO] ------------------------------------------------------------------
2026-03-27 17:42:01 [INFO] File written successfully.
2026-03-27 17:42:01 [INFO]   Full path : /home/cloudera/mos_qatar_demo_poc/landing/mos_sports_events_20260327_174201.txt
2026-03-27 17:42:01 [INFO]   Size      : 1777 bytes
2026-03-27 17:42:01 [INFO]   Records   : 7
2026-03-27 17:42:01 [INFO] ==================================================================
2026-03-27 17:42:01 [INFO]   Generator Completed Successfully
2026-03-27 17:42:01 [INFO] ==================================================================
