2026-03-25 20:51:02 [INFO] ==================================================================
2026-03-25 20:51:02 [INFO]   MOS Qatar Demo - Sports Data Generator
2026-03-25 20:51:02 [INFO] ==================================================================
2026-03-25 20:51:02 [INFO] Config file   : /home/cloudera/mos_qatar_demo_poc/config/mos_qatar_demo.ini
2026-03-25 20:51:02 [INFO] Landing dir   : /home/cloudera/mos_qatar_demo_poc/landing
2026-03-25 20:51:02 [INFO] Output file   : mos_sports_events_20260325_205102.txt
2026-03-25 20:51:02 [INFO] Records count : 6
2026-03-25 20:51:02 [INFO] ------------------------------------------------------------------
2026-03-25 20:51:02 [INFO]   Record 01: Event ID: EVT2524 | Event Name: GCC Club Championship Final | Sport: Swimming | Venue: Al ...
2026-03-25 20:51:02 [INFO]   Record 02: Event ID: EVT3522 | Event Name: GCC Club Championship Quarter Final | Sport: Football | Ve...
2026-03-25 20:51:02 [INFO]   Record 03: Event ID: EVT6862 | Event Name: GCC Club Championship Semi Final | Sport: Volleyball | Ven...
2026-03-25 20:51:02 [INFO]   Record 04: Event ID: EVT1481 | Event Name: Gulf Youth Cup Quarter Final | Sport: Basketball | Venue: ...
2026-03-25 20:51:02 [INFO]   Record 05: Event ID: EVT5203 | Event Name: Gulf Youth Cup Round 1 | Sport: Handball | Venue: Aspire Z...
2026-03-25 20:51:02 [INFO]   Record 06: Event ID: EVT4355 | Event Name: Ministry Invitational Friendly Tournament | Sport: Swimmin...
2026-03-25 20:51:02 [INFO] ------------------------------------------------------------------
2026-03-25 20:51:02 [INFO] File written successfully.
2026-03-25 20:51:02 [INFO]   Full path : /home/cloudera/mos_qatar_demo_poc/landing/mos_sports_events_20260325_205102.txt
2026-03-25 20:51:02 [INFO]   Size      : 1534 bytes
2026-03-25 20:51:02 [INFO]   Records   : 6
2026-03-25 20:51:02 [INFO] ==================================================================
2026-03-25 20:51:02 [INFO]   Generator Completed Successfully
2026-03-25 20:51:02 [INFO] ==================================================================
