2026-03-27 08:37:01 [INFO] ==================================================================
2026-03-27 08:37:01 [INFO]   MOS Qatar Demo - Sports Data Generator
2026-03-27 08:37:01 [INFO] ==================================================================
2026-03-27 08:37:01 [INFO] Config file   : /home/cloudera/mos_qatar_demo_poc/config/mos_qatar_demo.ini
2026-03-27 08:37:01 [INFO] Landing dir   : /home/cloudera/mos_qatar_demo_poc/landing
2026-03-27 08:37:01 [INFO] Output file   : mos_sports_events_20260327_083701.txt
2026-03-27 08:37:01 [INFO] Records count : 6
2026-03-27 08:37:01 [INFO] ------------------------------------------------------------------
2026-03-27 08:37:01 [INFO]   Record 01: Event ID: EVT2616 | Event Name: Asian Qualifiers Warm-up Match | Sport: Football | Venue: ...
2026-03-27 08:37:01 [INFO]   Record 02: Event ID: EVT3377 | Event Name: Qatar Premier League Match Day 8 | Sport: Football | Venue...
2026-03-27 08:37:01 [INFO]   Record 03: Event ID: EVT6457 | Event Name: Qatar Premier League Match Day 5 | Sport: Football | Venue...
2026-03-27 08:37:01 [INFO]   Record 04: Event ID: EVT6988 | Event Name: National Day Football Celebration | Sport: Football | Venu...
2026-03-27 08:37:01 [INFO]   Record 05: Event ID: EVT4289 | Event Name: Gulf Youth Cup Round 1 | Sport: Handball | Venue: Al Bayt ...
2026-03-27 08:37:01 [INFO]   Record 06: Event ID: EVT2400 | Event Name: Arab Nations Championship Group Stage | Sport: Football | ...
2026-03-27 08:37:01 [INFO] ------------------------------------------------------------------
2026-03-27 08:37:01 [INFO] File written successfully.
2026-03-27 08:37:01 [INFO]   Full path : /home/cloudera/mos_qatar_demo_poc/landing/mos_sports_events_20260327_083701.txt
2026-03-27 08:37:01 [INFO]   Size      : 1545 bytes
2026-03-27 08:37:01 [INFO]   Records   : 6
2026-03-27 08:37:01 [INFO] ==================================================================
2026-03-27 08:37:01 [INFO]   Generator Completed Successfully
2026-03-27 08:37:01 [INFO] ==================================================================
