2026-03-26 10:57:02 [INFO] ==================================================================
2026-03-26 10:57:02 [INFO]   MOS Qatar Demo - Sports Data Generator
2026-03-26 10:57:02 [INFO] ==================================================================
2026-03-26 10:57:02 [INFO] Config file   : /home/cloudera/mos_qatar_demo_poc/config/mos_qatar_demo.ini
2026-03-26 10:57:02 [INFO] Landing dir   : /home/cloudera/mos_qatar_demo_poc/landing
2026-03-26 10:57:02 [INFO] Output file   : mos_sports_events_20260326_105702.txt
2026-03-26 10:57:02 [INFO] Records count : 9
2026-03-26 10:57:02 [INFO] ------------------------------------------------------------------
2026-03-26 10:57:02 [INFO]   Record 01: Event ID: EVT7780 | Event Name: Qatar Premier League Match Day 5 | Sport: Football | Venue...
2026-03-26 10:57:02 [INFO]   Record 02: Event ID: EVT6448 | Event Name: Arab Nations Championship Semi Final | Sport: Football | V...
2026-03-26 10:57:02 [INFO]   Record 03: Event ID: EVT5035 | Event Name: Qatar Under-20 Development League | Sport: Swimming | Venu...
2026-03-26 10:57:02 [INFO]   Record 04: Event ID: EVT9748 | Event Name: Arab Nations Championship Group Stage | Sport: Football | ...
2026-03-26 10:57:02 [INFO]   Record 05: Event ID: EVT6706 | Event Name: Qatar Cup Final | Sport: Swimming | Venue: Lusail Stadium ...
2026-03-26 10:57:02 [INFO]   Record 06: Event ID: EVT7145 | Event Name: Qatar Premier League Match Day 8 | Sport: Football | Venue...
2026-03-26 10:57:02 [INFO]   Record 07: Event ID: EVT2808 | Event Name: Gulf Youth Cup Quarter Final | Sport: Swimming | Venue: As...
2026-03-26 10:57:02 [INFO]   Record 08: Event ID: EVT3734 | Event Name: Gulf Youth Cup Quarter Final | Sport: Athletics | Venue: A...
2026-03-26 10:57:02 [INFO]   Record 09: Event ID: EVT2100 | Event Name: Qatar Premier League Match Day 8 | Sport: Football | Venue...
2026-03-26 10:57:02 [INFO] ------------------------------------------------------------------
2026-03-26 10:57:02 [INFO] File written successfully.
2026-03-26 10:57:02 [INFO]   Full path : /home/cloudera/mos_qatar_demo_poc/landing/mos_sports_events_20260326_105702.txt
2026-03-26 10:57:02 [INFO]   Size      : 2344 bytes
2026-03-26 10:57:02 [INFO]   Records   : 9
2026-03-26 10:57:02 [INFO] ==================================================================
2026-03-26 10:57:02 [INFO]   Generator Completed Successfully
2026-03-26 10:57:02 [INFO] ==================================================================
