2026-03-27 20:49:02 [INFO] ==================================================================
2026-03-27 20:49:02 [INFO]   MOS Qatar Demo - Sports Data Generator
2026-03-27 20:49:02 [INFO] ==================================================================
2026-03-27 20:49:02 [INFO] Config file   : /home/cloudera/mos_qatar_demo_poc/config/mos_qatar_demo.ini
2026-03-27 20:49:02 [INFO] Landing dir   : /home/cloudera/mos_qatar_demo_poc/landing
2026-03-27 20:49:02 [INFO] Output file   : mos_sports_events_20260327_204902.txt
2026-03-27 20:49:02 [INFO] Records count : 6
2026-03-27 20:49:02 [INFO] ------------------------------------------------------------------
2026-03-27 20:49:02 [INFO]   Record 01: Event ID: EVT4992 | Event Name: Qatar Under-20 Development League | Sport: Basketball | Ve...
2026-03-27 20:49:02 [INFO]   Record 02: Event ID: EVT1673 | Event Name: Ministry Invitational Friendly Tournament | Sport: Footbal...
2026-03-27 20:49:02 [INFO]   Record 03: Event ID: EVT9594 | Event Name: National Team Preparation Match | Sport: Basketball | Venu...
2026-03-27 20:49:02 [INFO]   Record 04: Event ID: EVT1435 | Event Name: Qatar Schools Football League | Sport: Swimming | Venue: E...
2026-03-27 20:49:02 [INFO]   Record 05: Event ID: EVT5257 | Event Name: Gulf Youth Cup Round 1 | Sport: Football | Venue: Al Thuma...
2026-03-27 20:49:02 [INFO]   Record 06: Event ID: EVT8202 | Event Name: Arab Nations Championship Group Stage | Sport: Handball | ...
2026-03-27 20:49:02 [INFO] ------------------------------------------------------------------
2026-03-27 20:49:02 [INFO] File written successfully.
2026-03-27 20:49:02 [INFO]   Full path : /home/cloudera/mos_qatar_demo_poc/landing/mos_sports_events_20260327_204902.txt
2026-03-27 20:49:02 [INFO]   Size      : 1562 bytes
2026-03-27 20:49:02 [INFO]   Records   : 6
2026-03-27 20:49:02 [INFO] ==================================================================
2026-03-27 20:49:02 [INFO]   Generator Completed Successfully
2026-03-27 20:49:02 [INFO] ==================================================================
