2026-03-27 07:22:02 [INFO] ==================================================================
2026-03-27 07:22:02 [INFO]   MOS Qatar Demo - Sports Data Generator
2026-03-27 07:22:02 [INFO] ==================================================================
2026-03-27 07:22:02 [INFO] Config file   : /home/cloudera/mos_qatar_demo_poc/config/mos_qatar_demo.ini
2026-03-27 07:22:02 [INFO] Landing dir   : /home/cloudera/mos_qatar_demo_poc/landing
2026-03-27 07:22:02 [INFO] Output file   : mos_sports_events_20260327_072202.txt
2026-03-27 07:22:02 [INFO] Records count : 8
2026-03-27 07:22:02 [INFO] ------------------------------------------------------------------
2026-03-27 07:22:02 [INFO]   Record 01: Event ID: EVT5679 | Event Name: Qatar Cup Semi Final | Sport: Football | Venue: Al Janoub ...
2026-03-27 07:22:02 [INFO]   Record 02: Event ID: EVT7189 | Event Name: GCC Club Championship Quarter Final | Sport: Football | Ve...
2026-03-27 07:22:02 [INFO]   Record 03: Event ID: EVT5503 | Event Name: National Team Preparation Match | Sport: Swimming | Venue:...
2026-03-27 07:22:02 [INFO]   Record 04: Event ID: EVT7497 | Event Name: Arab Nations Championship Semi Final | Sport: Football | V...
2026-03-27 07:22:02 [INFO]   Record 05: Event ID: EVT9053 | Event Name: Qatar Premier League Match Day 8 | Sport: Football | Venue...
2026-03-27 07:22:02 [INFO]   Record 06: Event ID: EVT4280 | Event Name: Qatar Cup Final | Sport: Football | Venue: Ahmad Bin Ali S...
2026-03-27 07:22:02 [INFO]   Record 07: Event ID: EVT6917 | Event Name: Qatar Olympic Training Camp Evaluation | Sport: Football |...
2026-03-27 07:22:02 [INFO]   Record 08: Event ID: EVT2965 | Event Name: Qatar Schools Football League | Sport: Volleyball | Venue:...
2026-03-27 07:22:02 [INFO] ------------------------------------------------------------------
2026-03-27 07:22:02 [INFO] File written successfully.
2026-03-27 07:22:02 [INFO]   Full path : /home/cloudera/mos_qatar_demo_poc/landing/mos_sports_events_20260327_072202.txt
2026-03-27 07:22:02 [INFO]   Size      : 2028 bytes
2026-03-27 07:22:02 [INFO]   Records   : 8
2026-03-27 07:22:02 [INFO] ==================================================================
2026-03-27 07:22:02 [INFO]   Generator Completed Successfully
2026-03-27 07:22:02 [INFO] ==================================================================
