2026-03-25 03:47:01 [INFO] ==================================================================
2026-03-25 03:47:01 [INFO]   MOS Qatar Demo - Sports Data Generator
2026-03-25 03:47:01 [INFO] ==================================================================
2026-03-25 03:47:01 [INFO] Config file   : /home/cloudera/mos_qatar_demo_poc/config/mos_qatar_demo.ini
2026-03-25 03:47:01 [INFO] Landing dir   : /home/cloudera/mos_qatar_demo_poc/landing
2026-03-25 03:47:01 [INFO] Output file   : mos_sports_events_20260325_034701.txt
2026-03-25 03:47:01 [INFO] Records count : 5
2026-03-25 03:47:01 [INFO] ------------------------------------------------------------------
2026-03-25 03:47:01 [INFO]   Record 01: Event ID: EVT9799 | Event Name: Qatar Cup Semi Final | Sport: Volleyball | Venue: Khalifa ...
2026-03-25 03:47:01 [INFO]   Record 02: Event ID: EVT9130 | Event Name: Doha Sports Festival Opening Match | Sport: Football | Ven...
2026-03-25 03:47:01 [INFO]   Record 03: Event ID: EVT2160 | Event Name: Asian Qualifiers Warm-up Match | Sport: Football | Venue: ...
2026-03-25 03:47:01 [INFO]   Record 04: Event ID: EVT9926 | Event Name: Qatar Cup Final | Sport: Basketball | Venue: Ahmad Bin Ali...
2026-03-25 03:47:01 [INFO]   Record 05: Event ID: EVT1284 | Event Name: Qatar Premier League Match Day 5 | Sport: Handball | Venue...
2026-03-25 03:47:01 [INFO] ------------------------------------------------------------------
2026-03-25 03:47:01 [INFO] File written successfully.
2026-03-25 03:47:01 [INFO]   Full path : /home/cloudera/mos_qatar_demo_poc/landing/mos_sports_events_20260325_034701.txt
2026-03-25 03:47:01 [INFO]   Size      : 1276 bytes
2026-03-25 03:47:01 [INFO]   Records   : 5
2026-03-25 03:47:01 [INFO] ==================================================================
2026-03-25 03:47:01 [INFO]   Generator Completed Successfully
2026-03-25 03:47:01 [INFO] ==================================================================
