2026-03-25 19:23:02 [INFO] ==================================================================
2026-03-25 19:23:02 [INFO]   MOS Qatar Demo - Sports Data Generator
2026-03-25 19:23:02 [INFO] ==================================================================
2026-03-25 19:23:02 [INFO] Config file   : /home/cloudera/mos_qatar_demo_poc/config/mos_qatar_demo.ini
2026-03-25 19:23:02 [INFO] Landing dir   : /home/cloudera/mos_qatar_demo_poc/landing
2026-03-25 19:23:02 [INFO] Output file   : mos_sports_events_20260325_192302.txt
2026-03-25 19:23:02 [INFO] Records count : 7
2026-03-25 19:23:02 [INFO] ------------------------------------------------------------------
2026-03-25 19:23:02 [INFO]   Record 01: Event ID: EVT5348 | Event Name: Qatar Cup Final | Sport: Handball | Venue: Al Janoub Stadi...
2026-03-25 19:23:02 [INFO]   Record 02: Event ID: EVT5742 | Event Name: Qatar Premier League Match Day 5 | Sport: Football | Venue...
2026-03-25 19:23:02 [INFO]   Record 03: Event ID: EVT6736 | Event Name: Qatar Cup Final | Sport: Football | Venue: Al Wakrah Sport...
2026-03-25 19:23:02 [INFO]   Record 04: Event ID: EVT8330 | Event Name: National Team Preparation Match | Sport: Football | Venue:...
2026-03-25 19:23:02 [INFO]   Record 05: Event ID: EVT5192 | Event Name: Qatar Premier League Match Day 12 | Sport: Football | Venu...
2026-03-25 19:23:02 [INFO]   Record 06: Event ID: EVT7303 | Event Name: Gulf Youth Cup Round 2 | Sport: Football | Venue: Lusail S...
2026-03-25 19:23:02 [INFO]   Record 07: Event ID: EVT3930 | Event Name: Gulf Youth Cup Semi Final | Sport: Handball | Venue: Al Ba...
2026-03-25 19:23:02 [INFO] ------------------------------------------------------------------
2026-03-25 19:23:02 [INFO] File written successfully.
2026-03-25 19:23:02 [INFO]   Full path : /home/cloudera/mos_qatar_demo_poc/landing/mos_sports_events_20260325_192302.txt
2026-03-25 19:23:02 [INFO]   Size      : 1749 bytes
2026-03-25 19:23:02 [INFO]   Records   : 7
2026-03-25 19:23:02 [INFO] ==================================================================
2026-03-25 19:23:02 [INFO]   Generator Completed Successfully
2026-03-25 19:23:02 [INFO] ==================================================================
