2026-03-27 14:31:01 [INFO] ==================================================================
2026-03-27 14:31:01 [INFO]   MOS Qatar Demo - Sports Data Generator
2026-03-27 14:31:01 [INFO] ==================================================================
2026-03-27 14:31:01 [INFO] Config file   : /home/cloudera/mos_qatar_demo_poc/config/mos_qatar_demo.ini
2026-03-27 14:31:01 [INFO] Landing dir   : /home/cloudera/mos_qatar_demo_poc/landing
2026-03-27 14:31:01 [INFO] Output file   : mos_sports_events_20260327_143101.txt
2026-03-27 14:31:01 [INFO] Records count : 4
2026-03-27 14:31:01 [INFO] ------------------------------------------------------------------
2026-03-27 14:31:01 [INFO]   Record 01: Event ID: EVT3371 | Event Name: National Day Football Celebration | Sport: Volleyball | Ve...
2026-03-27 14:31:01 [INFO]   Record 02: Event ID: EVT9141 | Event Name: Ministry Invitational Friendly Tournament | Sport: Athleti...
2026-03-27 14:31:01 [INFO]   Record 03: Event ID: EVT2825 | Event Name: GCC Club Championship Semi Final | Sport: Volleyball | Ven...
2026-03-27 14:31:01 [INFO]   Record 04: Event ID: EVT3055 | Event Name: Qatar Cup Final | Sport: Football | Venue: Qatar Sports Cl...
2026-03-27 14:31:01 [INFO] ------------------------------------------------------------------
2026-03-27 14:31:01 [INFO] File written successfully.
2026-03-27 14:31:01 [INFO]   Full path : /home/cloudera/mos_qatar_demo_poc/landing/mos_sports_events_20260327_143101.txt
2026-03-27 14:31:01 [INFO]   Size      : 1037 bytes
2026-03-27 14:31:01 [INFO]   Records   : 4
2026-03-27 14:31:01 [INFO] ==================================================================
2026-03-27 14:31:01 [INFO]   Generator Completed Successfully
2026-03-27 14:31:01 [INFO] ==================================================================
