2026-03-27 06:03:01 [INFO] ==================================================================
2026-03-27 06:03:01 [INFO]   MOS Qatar Demo - Sports Data Generator
2026-03-27 06:03:01 [INFO] ==================================================================
2026-03-27 06:03:01 [INFO] Config file   : /home/cloudera/mos_qatar_demo_poc/config/mos_qatar_demo.ini
2026-03-27 06:03:01 [INFO] Landing dir   : /home/cloudera/mos_qatar_demo_poc/landing
2026-03-27 06:03:01 [INFO] Output file   : mos_sports_events_20260327_060301.txt
2026-03-27 06:03:01 [INFO] Records count : 7
2026-03-27 06:03:01 [INFO] ------------------------------------------------------------------
2026-03-27 06:03:01 [INFO]   Record 01: Event ID: EVT9503 | Event Name: MOS Annual Charity Football Gala | Sport: Swimming | Venue...
2026-03-27 06:03:01 [INFO]   Record 02: Event ID: EVT5678 | Event Name: Asian Qualifiers Warm-up Match | Sport: Volleyball | Venue...
2026-03-27 06:03:01 [INFO]   Record 03: Event ID: EVT8190 | Event Name: National Day Football Celebration | Sport: Football | Venu...
2026-03-27 06:03:01 [INFO]   Record 04: Event ID: EVT2757 | Event Name: Qatar Premier League Match Day 5 | Sport: Volleyball | Ven...
2026-03-27 06:03:01 [INFO]   Record 05: Event ID: EVT8161 | Event Name: Qatar Cup Final | Sport: Football | Venue: Al Thumama Stad...
2026-03-27 06:03:01 [INFO]   Record 06: Event ID: EVT4660 | Event Name: FIFA World Cup Qatar Legacy Match | Sport: Basketball | Ve...
2026-03-27 06:03:01 [INFO]   Record 07: Event ID: EVT4451 | Event Name: Gulf Youth Cup Round 1 | Sport: Football | Venue: Al Janou...
2026-03-27 06:03:01 [INFO] ------------------------------------------------------------------
2026-03-27 06:03:01 [INFO] File written successfully.
2026-03-27 06:03:01 [INFO]   Full path : /home/cloudera/mos_qatar_demo_poc/landing/mos_sports_events_20260327_060301.txt
2026-03-27 06:03:01 [INFO]   Size      : 1806 bytes
2026-03-27 06:03:01 [INFO]   Records   : 7
2026-03-27 06:03:01 [INFO] ==================================================================
2026-03-27 06:03:01 [INFO]   Generator Completed Successfully
2026-03-27 06:03:01 [INFO] ==================================================================
