2026-03-26 05:33:02 [INFO] ==================================================================
2026-03-26 05:33:02 [INFO]   MOS Qatar Demo - Sports Data Generator
2026-03-26 05:33:02 [INFO] ==================================================================
2026-03-26 05:33:02 [INFO] Config file   : /home/cloudera/mos_qatar_demo_poc/config/mos_qatar_demo.ini
2026-03-26 05:33:02 [INFO] Landing dir   : /home/cloudera/mos_qatar_demo_poc/landing
2026-03-26 05:33:02 [INFO] Output file   : mos_sports_events_20260326_053302.txt
2026-03-26 05:33:02 [INFO] Records count : 10
2026-03-26 05:33:02 [INFO] ------------------------------------------------------------------
2026-03-26 05:33:02 [INFO]   Record 01: Event ID: EVT3948 | Event Name: Qatar Premier League Match Day 8 | Sport: Football | Venue...
2026-03-26 05:33:02 [INFO]   Record 02: Event ID: EVT4734 | Event Name: Qatar Olympic Training Camp Evaluation | Sport: Athletics ...
2026-03-26 05:33:02 [INFO]   Record 03: Event ID: EVT3882 | Event Name: Qatar Cup Semi Final | Sport: Volleyball | Venue: Lusail S...
2026-03-26 05:33:02 [INFO]   Record 04: Event ID: EVT1784 | Event Name: Gulf Youth Cup Round 2 | Sport: Swimming | Venue: Lusail S...
2026-03-26 05:33:02 [INFO]   Record 05: Event ID: EVT1015 | Event Name: Ministry Youth Sports Day | Sport: Swimming | Venue: Al Ja...
2026-03-26 05:33:02 [INFO]   Record 06: Event ID: EVT6768 | Event Name: Qatar Premier League Match Day 12 | Sport: Football | Venu...
2026-03-26 05:33:02 [INFO]   Record 07: Event ID: EVT7481 | Event Name: National Team Preparation Match | Sport: Football | Venue:...
2026-03-26 05:33:02 [INFO]   Record 08: Event ID: EVT8112 | Event Name: Qatar Under-20 Development League | Sport: Basketball | Ve...
2026-03-26 05:33:02 [INFO]   Record 09: Event ID: EVT9893 | Event Name: Qatar Olympic Training Camp Evaluation | Sport: Basketball...
2026-03-26 05:33:02 [INFO]   Record 10: Event ID: EVT1510 | Event Name: Gulf Youth Cup Quarter Final | Sport: Swimming | Venue: Lu...
2026-03-26 05:33:02 [INFO] ------------------------------------------------------------------
2026-03-26 05:33:02 [INFO] File written successfully.
2026-03-26 05:33:02 [INFO]   Full path : /home/cloudera/mos_qatar_demo_poc/landing/mos_sports_events_20260326_053302.txt
2026-03-26 05:33:02 [INFO]   Size      : 2570 bytes
2026-03-26 05:33:02 [INFO]   Records   : 10
2026-03-26 05:33:02 [INFO] ==================================================================
2026-03-26 05:33:02 [INFO]   Generator Completed Successfully
2026-03-26 05:33:02 [INFO] ==================================================================
