2026-03-27 23:15:02 [INFO] ==================================================================
2026-03-27 23:15:02 [INFO]   MOS Qatar Demo - Sports Data Generator
2026-03-27 23:15:02 [INFO] ==================================================================
2026-03-27 23:15:02 [INFO] Config file   : /home/cloudera/mos_qatar_demo_poc/config/mos_qatar_demo.ini
2026-03-27 23:15:02 [INFO] Landing dir   : /home/cloudera/mos_qatar_demo_poc/landing
2026-03-27 23:15:02 [INFO] Output file   : mos_sports_events_20260327_231502.txt
2026-03-27 23:15:02 [INFO] Records count : 5
2026-03-27 23:15:02 [INFO] ------------------------------------------------------------------
2026-03-27 23:15:02 [INFO]   Record 01: Event ID: EVT4085 | Event Name: FIFA World Cup Qatar Legacy Match | Sport: Basketball | Ve...
2026-03-27 23:15:02 [INFO]   Record 02: Event ID: EVT8806 | Event Name: National Team Preparation Match | Sport: Football | Venue:...
2026-03-27 23:15:02 [INFO]   Record 03: Event ID: EVT8726 | Event Name: MOS Annual Charity Football Gala | Sport: Football | Venue...
2026-03-27 23:15:02 [INFO]   Record 04: Event ID: EVT8596 | Event Name: Gulf Youth Cup Final | Sport: Handball | Venue: Aspire Zon...
2026-03-27 23:15:02 [INFO]   Record 05: Event ID: EVT7460 | Event Name: Gulf Youth Cup Round 1 | Sport: Volleyball | Venue: Qatar ...
2026-03-27 23:15:02 [INFO] ------------------------------------------------------------------
2026-03-27 23:15:02 [INFO] File written successfully.
2026-03-27 23:15:02 [INFO]   Full path : /home/cloudera/mos_qatar_demo_poc/landing/mos_sports_events_20260327_231502.txt
2026-03-27 23:15:02 [INFO]   Size      : 1269 bytes
2026-03-27 23:15:02 [INFO]   Records   : 5
2026-03-27 23:15:02 [INFO] ==================================================================
2026-03-27 23:15:02 [INFO]   Generator Completed Successfully
2026-03-27 23:15:02 [INFO] ==================================================================
