2026-03-26 08:30:01 [INFO] ==================================================================
2026-03-26 08:30:01 [INFO]   MOS Qatar Demo - Sports Data Generator
2026-03-26 08:30:01 [INFO] ==================================================================
2026-03-26 08:30:01 [INFO] Config file   : /home/cloudera/mos_qatar_demo_poc/config/mos_qatar_demo.ini
2026-03-26 08:30:01 [INFO] Landing dir   : /home/cloudera/mos_qatar_demo_poc/landing
2026-03-26 08:30:01 [INFO] Output file   : mos_sports_events_20260326_083001.txt
2026-03-26 08:30:01 [INFO] Records count : 9
2026-03-26 08:30:01 [INFO] ------------------------------------------------------------------
2026-03-26 08:30:01 [INFO]   Record 01: Event ID: EVT5353 | Event Name: Asian Qualifiers Warm-up Match | Sport: Handball | Venue: ...
2026-03-26 08:30:01 [INFO]   Record 02: Event ID: EVT2000 | Event Name: Ministry Invitational Friendly Tournament | Sport: Footbal...
2026-03-26 08:30:01 [INFO]   Record 03: Event ID: EVT7394 | Event Name: Qatar Cup Semi Final | Sport: Football | Venue: Al Bayt St...
2026-03-26 08:30:01 [INFO]   Record 04: Event ID: EVT1112 | Event Name: Qatar Premier League Match Day 5 | Sport: Handball | Venue...
2026-03-26 08:30:01 [INFO]   Record 05: Event ID: EVT8097 | Event Name: Qatar Premier League Match Day 12 | Sport: Athletics | Ven...
2026-03-26 08:30:01 [INFO]   Record 06: Event ID: EVT6380 | Event Name: Asian Qualifiers Warm-up Match | Sport: Football | Venue: ...
2026-03-26 08:30:01 [INFO]   Record 07: Event ID: EVT8202 | Event Name: Qatar Cup Semi Final | Sport: Football | Venue: Khalifa In...
2026-03-26 08:30:01 [INFO]   Record 08: Event ID: EVT9186 | Event Name: MOS Annual Charity Football Gala | Sport: Volleyball | Ven...
2026-03-26 08:30:01 [INFO]   Record 09: Event ID: EVT2144 | Event Name: Qatar Cup Final | Sport: Volleyball | Venue: Al Wakrah Spo...
2026-03-26 08:30:01 [INFO] ------------------------------------------------------------------
2026-03-26 08:30:01 [INFO] File written successfully.
2026-03-26 08:30:01 [INFO]   Full path : /home/cloudera/mos_qatar_demo_poc/landing/mos_sports_events_20260326_083001.txt
2026-03-26 08:30:01 [INFO]   Size      : 2348 bytes
2026-03-26 08:30:01 [INFO]   Records   : 9
2026-03-26 08:30:01 [INFO] ==================================================================
2026-03-26 08:30:01 [INFO]   Generator Completed Successfully
2026-03-26 08:30:01 [INFO] ==================================================================
