2026-03-27 00:14:01 [INFO] ==================================================================
2026-03-27 00:14:01 [INFO]   MOS Qatar Demo - Sports Data Generator
2026-03-27 00:14:01 [INFO] ==================================================================
2026-03-27 00:14:01 [INFO] Config file   : /home/cloudera/mos_qatar_demo_poc/config/mos_qatar_demo.ini
2026-03-27 00:14:01 [INFO] Landing dir   : /home/cloudera/mos_qatar_demo_poc/landing
2026-03-27 00:14:01 [INFO] Output file   : mos_sports_events_20260327_001401.txt
2026-03-27 00:14:01 [INFO] Records count : 9
2026-03-27 00:14:01 [INFO] ------------------------------------------------------------------
2026-03-27 00:14:01 [INFO]   Record 01: Event ID: EVT4174 | Event Name: Gulf Youth Cup Semi Final | Sport: Swimming | Venue: Khali...
2026-03-27 00:14:01 [INFO]   Record 02: Event ID: EVT1716 | Event Name: Qatar Olympic Training Camp Evaluation | Sport: Football |...
2026-03-27 00:14:01 [INFO]   Record 03: Event ID: EVT5240 | Event Name: Gulf Youth Cup Quarter Final | Sport: Football | Venue: Ed...
2026-03-27 00:14:01 [INFO]   Record 04: Event ID: EVT5017 | Event Name: GCC Club Championship Quarter Final | Sport: Football | Ve...
2026-03-27 00:14:01 [INFO]   Record 05: Event ID: EVT9793 | Event Name: Qatar Under-20 Development League | Sport: Football | Venu...
2026-03-27 00:14:01 [INFO]   Record 06: Event ID: EVT3020 | Event Name: Ramadan Football Festival | Sport: Handball | Venue: Lusai...
2026-03-27 00:14:01 [INFO]   Record 07: Event ID: EVT9798 | Event Name: Ministry Invitational Friendly Tournament | Sport: Athleti...
2026-03-27 00:14:01 [INFO]   Record 08: Event ID: EVT1629 | Event Name: Ramadan Football Festival | Sport: Football | Venue: Ahmad...
2026-03-27 00:14:01 [INFO]   Record 09: Event ID: EVT1275 | Event Name: Ministry Youth Sports Day | Sport: Volleyball | Venue: Al ...
2026-03-27 00:14:01 [INFO] ------------------------------------------------------------------
2026-03-27 00:14:01 [INFO] File written successfully.
2026-03-27 00:14:01 [INFO]   Full path : /home/cloudera/mos_qatar_demo_poc/landing/mos_sports_events_20260327_001401.txt
2026-03-27 00:14:01 [INFO]   Size      : 2318 bytes
2026-03-27 00:14:01 [INFO]   Records   : 9
2026-03-27 00:14:01 [INFO] ==================================================================
2026-03-27 00:14:01 [INFO]   Generator Completed Successfully
2026-03-27 00:14:01 [INFO] ==================================================================
