2026-03-27 07:29:01 [INFO] ==================================================================
2026-03-27 07:29:01 [INFO]   MOS Qatar Demo - Sports Data Generator
2026-03-27 07:29:01 [INFO] ==================================================================
2026-03-27 07:29:01 [INFO] Config file   : /home/cloudera/mos_qatar_demo_poc/config/mos_qatar_demo.ini
2026-03-27 07:29:01 [INFO] Landing dir   : /home/cloudera/mos_qatar_demo_poc/landing
2026-03-27 07:29:01 [INFO] Output file   : mos_sports_events_20260327_072901.txt
2026-03-27 07:29:01 [INFO] Records count : 5
2026-03-27 07:29:01 [INFO] ------------------------------------------------------------------
2026-03-27 07:29:01 [INFO]   Record 01: Event ID: EVT5098 | Event Name: Gulf Cup Qualifier Round 1 | Sport: Athletics | Venue: Al ...
2026-03-27 07:29:01 [INFO]   Record 02: Event ID: EVT8214 | Event Name: Qatar Under-20 Development League | Sport: Volleyball | Ve...
2026-03-27 07:29:01 [INFO]   Record 03: Event ID: EVT2638 | Event Name: Qatar Under-20 Development League | Sport: Football | Venu...
2026-03-27 07:29:01 [INFO]   Record 04: Event ID: EVT2170 | Event Name: GCC Club Championship Final | Sport: Volleyball | Venue: K...
2026-03-27 07:29:01 [INFO]   Record 05: Event ID: EVT6968 | Event Name: Ramadan Football Festival | Sport: Football | Venue: Khali...
2026-03-27 07:29:01 [INFO] ------------------------------------------------------------------
2026-03-27 07:29:01 [INFO] File written successfully.
2026-03-27 07:29:01 [INFO]   Full path : /home/cloudera/mos_qatar_demo_poc/landing/mos_sports_events_20260327_072901.txt
2026-03-27 07:29:01 [INFO]   Size      : 1311 bytes
2026-03-27 07:29:01 [INFO]   Records   : 5
2026-03-27 07:29:01 [INFO] ==================================================================
2026-03-27 07:29:01 [INFO]   Generator Completed Successfully
2026-03-27 07:29:01 [INFO] ==================================================================
