2026-03-24 23:15:01 [INFO] ==================================================================
2026-03-24 23:15:01 [INFO]   MOS Qatar Demo - Sports Data Generator
2026-03-24 23:15:01 [INFO] ==================================================================
2026-03-24 23:15:01 [INFO] Config file   : /home/cloudera/mos_qatar_demo_poc/config/mos_qatar_demo.ini
2026-03-24 23:15:01 [INFO] Landing dir   : /home/cloudera/mos_qatar_demo_poc/landing
2026-03-24 23:15:01 [INFO] Output file   : mos_sports_events_20260324_231501.txt
2026-03-24 23:15:01 [INFO] Records count : 10
2026-03-24 23:15:01 [INFO] ------------------------------------------------------------------
2026-03-24 23:15:01 [INFO]   Record 01: Event ID: EVT8163 | Event Name: National Team Preparation Match | Sport: Volleyball | Venu...
2026-03-24 23:15:01 [INFO]   Record 02: Event ID: EVT7488 | Event Name: Qatar Premier League Match Day 5 | Sport: Handball | Venue...
2026-03-24 23:15:01 [INFO]   Record 03: Event ID: EVT5411 | Event Name: Qatar Olympic Training Camp Evaluation | Sport: Handball |...
2026-03-24 23:15:01 [INFO]   Record 04: Event ID: EVT7413 | Event Name: Qatar Cup Semi Final | Sport: Football | Venue: Education ...
2026-03-24 23:15:01 [INFO]   Record 05: Event ID: EVT3593 | Event Name: Qatar Cup Semi Final | Sport: Athletics | Venue: Khalifa I...
2026-03-24 23:15:01 [INFO]   Record 06: Event ID: EVT7824 | Event Name: Gulf Youth Cup Semi Final | Sport: Basketball | Venue: Ahm...
2026-03-24 23:15:01 [INFO]   Record 07: Event ID: EVT6191 | Event Name: National Day Football Celebration | Sport: Swimming | Venu...
2026-03-24 23:15:01 [INFO]   Record 08: Event ID: EVT2088 | Event Name: National Day Football Celebration | Sport: Football | Venu...
2026-03-24 23:15:01 [INFO]   Record 09: Event ID: EVT6394 | Event Name: Qatar Premier League Match Day 5 | Sport: Handball | Venue...
2026-03-24 23:15:01 [INFO]   Record 10: Event ID: EVT9543 | Event Name: Qatar Schools Football League | Sport: Football | Venue: K...
2026-03-24 23:15:01 [INFO] ------------------------------------------------------------------
2026-03-24 23:15:01 [INFO] File written successfully.
2026-03-24 23:15:01 [INFO]   Full path : /home/cloudera/mos_qatar_demo_poc/landing/mos_sports_events_20260324_231501.txt
2026-03-24 23:15:01 [INFO]   Size      : 2588 bytes
2026-03-24 23:15:01 [INFO]   Records   : 10
2026-03-24 23:15:01 [INFO] ==================================================================
2026-03-24 23:15:01 [INFO]   Generator Completed Successfully
2026-03-24 23:15:01 [INFO] ==================================================================
