2026-03-26 14:21:01 [INFO] ==================================================================
2026-03-26 14:21:01 [INFO]   MOS Qatar Demo - Sports Data Generator
2026-03-26 14:21:01 [INFO] ==================================================================
2026-03-26 14:21:01 [INFO] Config file   : /home/cloudera/mos_qatar_demo_poc/config/mos_qatar_demo.ini
2026-03-26 14:21:01 [INFO] Landing dir   : /home/cloudera/mos_qatar_demo_poc/landing
2026-03-26 14:21:01 [INFO] Output file   : mos_sports_events_20260326_142101.txt
2026-03-26 14:21:01 [INFO] Records count : 4
2026-03-26 14:21:01 [INFO] ------------------------------------------------------------------
2026-03-26 14:21:01 [INFO]   Record 01: Event ID: EVT2388 | Event Name: FIFA World Cup Qatar Legacy Match | Sport: Swimming | Venu...
2026-03-26 14:21:01 [INFO]   Record 02: Event ID: EVT5846 | Event Name: Ramadan Football Festival | Sport: Swimming | Venue: Al Ja...
2026-03-26 14:21:01 [INFO]   Record 03: Event ID: EVT5878 | Event Name: Ramadan Football Festival | Sport: Football | Venue: Al Th...
2026-03-26 14:21:01 [INFO]   Record 04: Event ID: EVT3317 | Event Name: Ramadan Football Festival | Sport: Basketball | Venue: Edu...
2026-03-26 14:21:01 [INFO] ------------------------------------------------------------------
2026-03-26 14:21:01 [INFO] File written successfully.
2026-03-26 14:21:01 [INFO]   Full path : /home/cloudera/mos_qatar_demo_poc/landing/mos_sports_events_20260326_142101.txt
2026-03-26 14:21:01 [INFO]   Size      : 1006 bytes
2026-03-26 14:21:01 [INFO]   Records   : 4
2026-03-26 14:21:01 [INFO] ==================================================================
2026-03-26 14:21:01 [INFO]   Generator Completed Successfully
2026-03-26 14:21:01 [INFO] ==================================================================
