2026-03-25 19:01:01 [INFO] ==================================================================
2026-03-25 19:01:01 [INFO]   MOS Qatar Demo - Sports Data Generator
2026-03-25 19:01:01 [INFO] ==================================================================
2026-03-25 19:01:01 [INFO] Config file   : /home/cloudera/mos_qatar_demo_poc/config/mos_qatar_demo.ini
2026-03-25 19:01:01 [INFO] Landing dir   : /home/cloudera/mos_qatar_demo_poc/landing
2026-03-25 19:01:01 [INFO] Output file   : mos_sports_events_20260325_190101.txt
2026-03-25 19:01:01 [INFO] Records count : 4
2026-03-25 19:01:01 [INFO] ------------------------------------------------------------------
2026-03-25 19:01:01 [INFO]   Record 01: Event ID: EVT8785 | Event Name: Doha Sports Festival Opening Match | Sport: Football | Ven...
2026-03-25 19:01:01 [INFO]   Record 02: Event ID: EVT3929 | Event Name: GCC Club Championship Quarter Final | Sport: Swimming | Ve...
2026-03-25 19:01:01 [INFO]   Record 03: Event ID: EVT4370 | Event Name: Qatar Under-20 Development League | Sport: Basketball | Ve...
2026-03-25 19:01:01 [INFO]   Record 04: Event ID: EVT4455 | Event Name: Ministry Invitational Friendly Tournament | Sport: Handbal...
2026-03-25 19:01:01 [INFO] ------------------------------------------------------------------
2026-03-25 19:01:01 [INFO] File written successfully.
2026-03-25 19:01:01 [INFO]   Full path : /home/cloudera/mos_qatar_demo_poc/landing/mos_sports_events_20260325_190101.txt
2026-03-25 19:01:01 [INFO]   Size      : 1103 bytes
2026-03-25 19:01:01 [INFO]   Records   : 4
2026-03-25 19:01:01 [INFO] ==================================================================
2026-03-25 19:01:01 [INFO]   Generator Completed Successfully
2026-03-25 19:01:01 [INFO] ==================================================================
