2026-03-24 23:01:02 [INFO] ==================================================================
2026-03-24 23:01:02 [INFO]   MOS Qatar Demo - Sports Data Generator
2026-03-24 23:01:02 [INFO] ==================================================================
2026-03-24 23:01:02 [INFO] Config file   : /home/cloudera/mos_qatar_demo_poc/config/mos_qatar_demo.ini
2026-03-24 23:01:02 [INFO] Landing dir   : /home/cloudera/mos_qatar_demo_poc/landing
2026-03-24 23:01:02 [INFO] Output file   : mos_sports_events_20260324_230102.txt
2026-03-24 23:01:02 [INFO] Records count : 6
2026-03-24 23:01:02 [INFO] ------------------------------------------------------------------
2026-03-24 23:01:02 [INFO]   Record 01: Event ID: EVT6784 | Event Name: Gulf Youth Cup Semi Final | Sport: Football | Venue: Al Ja...
2026-03-24 23:01:02 [INFO]   Record 02: Event ID: EVT1507 | Event Name: National Team Preparation Match | Sport: Athletics | Venue...
2026-03-24 23:01:02 [INFO]   Record 03: Event ID: EVT8556 | Event Name: Gulf Youth Cup Round 1 | Sport: Football | Venue: Khalifa ...
2026-03-24 23:01:02 [INFO]   Record 04: Event ID: EVT5555 | Event Name: FIFA World Cup Qatar Legacy Match | Sport: Volleyball | Ve...
2026-03-24 23:01:02 [INFO]   Record 05: Event ID: EVT2200 | Event Name: Qatar Premier League Match Day 8 | Sport: Swimming | Venue...
2026-03-24 23:01:02 [INFO]   Record 06: Event ID: EVT5488 | Event Name: Qatar Premier League Match Day 8 | Sport: Football | Venue...
2026-03-24 23:01:02 [INFO] ------------------------------------------------------------------
2026-03-24 23:01:02 [INFO] File written successfully.
2026-03-24 23:01:02 [INFO]   Full path : /home/cloudera/mos_qatar_demo_poc/landing/mos_sports_events_20260324_230102.txt
2026-03-24 23:01:02 [INFO]   Size      : 1557 bytes
2026-03-24 23:01:02 [INFO]   Records   : 6
2026-03-24 23:01:02 [INFO] ==================================================================
2026-03-24 23:01:02 [INFO]   Generator Completed Successfully
2026-03-24 23:01:02 [INFO] ==================================================================
