2026-03-27 10:43:01 [INFO] ==================================================================
2026-03-27 10:43:01 [INFO]   MOS Qatar Demo - Sports Data Generator
2026-03-27 10:43:01 [INFO] ==================================================================
2026-03-27 10:43:01 [INFO] Config file   : /home/cloudera/mos_qatar_demo_poc/config/mos_qatar_demo.ini
2026-03-27 10:43:01 [INFO] Landing dir   : /home/cloudera/mos_qatar_demo_poc/landing
2026-03-27 10:43:01 [INFO] Output file   : mos_sports_events_20260327_104301.txt
2026-03-27 10:43:01 [INFO] Records count : 10
2026-03-27 10:43:01 [INFO] ------------------------------------------------------------------
2026-03-27 10:43:01 [INFO]   Record 01: Event ID: EVT8017 | Event Name: GCC Club Championship Quarter Final | Sport: Basketball | ...
2026-03-27 10:43:01 [INFO]   Record 02: Event ID: EVT3607 | Event Name: Gulf Youth Cup Quarter Final | Sport: Swimming | Venue: Al...
2026-03-27 10:43:01 [INFO]   Record 03: Event ID: EVT2007 | Event Name: Qatar Cup Semi Final | Sport: Football | Venue: Lusail Sta...
2026-03-27 10:43:01 [INFO]   Record 04: Event ID: EVT6475 | Event Name: Ministry Invitational Friendly Tournament | Sport: Footbal...
2026-03-27 10:43:01 [INFO]   Record 05: Event ID: EVT3618 | Event Name: Ramadan Football Festival | Sport: Football | Venue: Al Wa...
2026-03-27 10:43:01 [INFO]   Record 06: Event ID: EVT3842 | Event Name: GCC Club Championship Quarter Final | Sport: Football | Ve...
2026-03-27 10:43:01 [INFO]   Record 07: Event ID: EVT7012 | Event Name: GCC Club Championship Final | Sport: Handball | Venue: Al ...
2026-03-27 10:43:01 [INFO]   Record 08: Event ID: EVT4502 | Event Name: National Day Football Celebration | Sport: Athletics | Ven...
2026-03-27 10:43:01 [INFO]   Record 09: Event ID: EVT5781 | Event Name: Gulf Youth Cup Round 1 | Sport: Volleyball | Venue: Khalif...
2026-03-27 10:43:01 [INFO]   Record 10: Event ID: EVT2594 | Event Name: Qatar Cup Semi Final | Sport: Football | Venue: Lusail Sta...
2026-03-27 10:43:01 [INFO] ------------------------------------------------------------------
2026-03-27 10:43:01 [INFO] File written successfully.
2026-03-27 10:43:01 [INFO]   Full path : /home/cloudera/mos_qatar_demo_poc/landing/mos_sports_events_20260327_104301.txt
2026-03-27 10:43:01 [INFO]   Size      : 2564 bytes
2026-03-27 10:43:01 [INFO]   Records   : 10
2026-03-27 10:43:01 [INFO] ==================================================================
2026-03-27 10:43:01 [INFO]   Generator Completed Successfully
2026-03-27 10:43:01 [INFO] ==================================================================
