2026-03-27 18:08:01 [INFO] ==================================================================
2026-03-27 18:08:01 [INFO]   MOS Qatar Demo - Sports Data Generator
2026-03-27 18:08:01 [INFO] ==================================================================
2026-03-27 18:08:01 [INFO] Config file   : /home/cloudera/mos_qatar_demo_poc/config/mos_qatar_demo.ini
2026-03-27 18:08:01 [INFO] Landing dir   : /home/cloudera/mos_qatar_demo_poc/landing
2026-03-27 18:08:01 [INFO] Output file   : mos_sports_events_20260327_180801.txt
2026-03-27 18:08:01 [INFO] Records count : 10
2026-03-27 18:08:01 [INFO] ------------------------------------------------------------------
2026-03-27 18:08:01 [INFO]   Record 01: Event ID: EVT8641 | Event Name: Ministry Invitational Friendly Tournament | Sport: Footbal...
2026-03-27 18:08:01 [INFO]   Record 02: Event ID: EVT2308 | Event Name: Doha Sports Festival Opening Match | Sport: Football | Ven...
2026-03-27 18:08:01 [INFO]   Record 03: Event ID: EVT9196 | Event Name: Asian Qualifiers Warm-up Match | Sport: Volleyball | Venue...
2026-03-27 18:08:01 [INFO]   Record 04: Event ID: EVT5103 | Event Name: Gulf Youth Cup Round 2 | Sport: Handball | Venue: Educatio...
2026-03-27 18:08:01 [INFO]   Record 05: Event ID: EVT4194 | Event Name: FIFA World Cup Qatar Legacy Match | Sport: Handball | Venu...
2026-03-27 18:08:01 [INFO]   Record 06: Event ID: EVT3941 | Event Name: Asian Qualifiers Warm-up Match | Sport: Basketball | Venue...
2026-03-27 18:08:01 [INFO]   Record 07: Event ID: EVT6535 | Event Name: Arab Nations Championship Group Stage | Sport: Football | ...
2026-03-27 18:08:01 [INFO]   Record 08: Event ID: EVT6159 | Event Name: Gulf Youth Cup Quarter Final | Sport: Volleyball | Venue: ...
2026-03-27 18:08:01 [INFO]   Record 09: Event ID: EVT9435 | Event Name: Asian Qualifiers Warm-up Match | Sport: Athletics | Venue:...
2026-03-27 18:08:01 [INFO]   Record 10: Event ID: EVT9758 | Event Name: Qatar Olympic Training Camp Evaluation | Sport: Football |...
2026-03-27 18:08:01 [INFO] ------------------------------------------------------------------
2026-03-27 18:08:01 [INFO] File written successfully.
2026-03-27 18:08:01 [INFO]   Full path : /home/cloudera/mos_qatar_demo_poc/landing/mos_sports_events_20260327_180801.txt
2026-03-27 18:08:01 [INFO]   Size      : 2593 bytes
2026-03-27 18:08:01 [INFO]   Records   : 10
2026-03-27 18:08:01 [INFO] ==================================================================
2026-03-27 18:08:01 [INFO]   Generator Completed Successfully
2026-03-27 18:08:01 [INFO] ==================================================================
