2026-03-25 16:22:02 [INFO] ==================================================================
2026-03-25 16:22:02 [INFO]   MOS Qatar Demo - Sports Data Generator
2026-03-25 16:22:02 [INFO] ==================================================================
2026-03-25 16:22:02 [INFO] Config file   : /home/cloudera/mos_qatar_demo_poc/config/mos_qatar_demo.ini
2026-03-25 16:22:02 [INFO] Landing dir   : /home/cloudera/mos_qatar_demo_poc/landing
2026-03-25 16:22:02 [INFO] Output file   : mos_sports_events_20260325_162202.txt
2026-03-25 16:22:02 [INFO] Records count : 4
2026-03-25 16:22:02 [INFO] ------------------------------------------------------------------
2026-03-25 16:22:02 [INFO]   Record 01: Event ID: EVT6893 | Event Name: Qatar Schools Football League | Sport: Football | Venue: K...
2026-03-25 16:22:02 [INFO]   Record 02: Event ID: EVT4466 | Event Name: National Team Preparation Match | Sport: Football | Venue:...
2026-03-25 16:22:02 [INFO]   Record 03: Event ID: EVT7217 | Event Name: Gulf Youth Cup Round 2 | Sport: Athletics | Venue: Lusail ...
2026-03-25 16:22:02 [INFO]   Record 04: Event ID: EVT4331 | Event Name: GCC Club Championship Quarter Final | Sport: Football | Ve...
2026-03-25 16:22:02 [INFO] ------------------------------------------------------------------
2026-03-25 16:22:02 [INFO] File written successfully.
2026-03-25 16:22:02 [INFO]   Full path : /home/cloudera/mos_qatar_demo_poc/landing/mos_sports_events_20260325_162202.txt
2026-03-25 16:22:02 [INFO]   Size      : 1023 bytes
2026-03-25 16:22:02 [INFO]   Records   : 4
2026-03-25 16:22:02 [INFO] ==================================================================
2026-03-25 16:22:02 [INFO]   Generator Completed Successfully
2026-03-25 16:22:02 [INFO] ==================================================================
