2026-03-27 15:10:01 [INFO] ==================================================================
2026-03-27 15:10:01 [INFO]   MOS Qatar Demo - Sports Data Generator
2026-03-27 15:10:01 [INFO] ==================================================================
2026-03-27 15:10:01 [INFO] Config file   : /home/cloudera/mos_qatar_demo_poc/config/mos_qatar_demo.ini
2026-03-27 15:10:01 [INFO] Landing dir   : /home/cloudera/mos_qatar_demo_poc/landing
2026-03-27 15:10:01 [INFO] Output file   : mos_sports_events_20260327_151001.txt
2026-03-27 15:10:01 [INFO] Records count : 10
2026-03-27 15:10:01 [INFO] ------------------------------------------------------------------
2026-03-27 15:10:01 [INFO]   Record 01: Event ID: EVT8178 | Event Name: Qatar Under-20 Development League | Sport: Volleyball | Ve...
2026-03-27 15:10:01 [INFO]   Record 02: Event ID: EVT8761 | Event Name: Qatar Cup Semi Final | Sport: Handball | Venue: Aspire Zon...
2026-03-27 15:10:01 [INFO]   Record 03: Event ID: EVT5462 | Event Name: Qatar Premier League Match Day 8 | Sport: Athletics | Venu...
2026-03-27 15:10:01 [INFO]   Record 04: Event ID: EVT7264 | Event Name: Arab Nations Championship Group Stage | Sport: Football | ...
2026-03-27 15:10:01 [INFO]   Record 05: Event ID: EVT8190 | Event Name: Arab Nations Championship Semi Final | Sport: Football | V...
2026-03-27 15:10:01 [INFO]   Record 06: Event ID: EVT1234 | Event Name: Asian Qualifiers Warm-up Match | Sport: Swimming | Venue: ...
2026-03-27 15:10:01 [INFO]   Record 07: Event ID: EVT3315 | Event Name: Qatar Olympic Training Camp Evaluation | Sport: Athletics ...
2026-03-27 15:10:01 [INFO]   Record 08: Event ID: EVT3096 | Event Name: Qatar Olympic Training Camp Evaluation | Sport: Volleyball...
2026-03-27 15:10:01 [INFO]   Record 09: Event ID: EVT3317 | Event Name: Ramadan Football Festival | Sport: Handball | Venue: Educa...
2026-03-27 15:10:01 [INFO]   Record 10: Event ID: EVT5405 | Event Name: Gulf Cup Qualifier Round 1 | Sport: Football | Venue: Khal...
2026-03-27 15:10:01 [INFO] ------------------------------------------------------------------
2026-03-27 15:10:01 [INFO] File written successfully.
2026-03-27 15:10:01 [INFO]   Full path : /home/cloudera/mos_qatar_demo_poc/landing/mos_sports_events_20260327_151001.txt
2026-03-27 15:10:01 [INFO]   Size      : 2619 bytes
2026-03-27 15:10:01 [INFO]   Records   : 10
2026-03-27 15:10:01 [INFO] ==================================================================
2026-03-27 15:10:01 [INFO]   Generator Completed Successfully
2026-03-27 15:10:01 [INFO] ==================================================================
