2026-03-25 05:07:02 [INFO] ==================================================================
2026-03-25 05:07:02 [INFO]   MOS Qatar Demo - Sports Data Generator
2026-03-25 05:07:02 [INFO] ==================================================================
2026-03-25 05:07:02 [INFO] Config file   : /home/cloudera/mos_qatar_demo_poc/config/mos_qatar_demo.ini
2026-03-25 05:07:02 [INFO] Landing dir   : /home/cloudera/mos_qatar_demo_poc/landing
2026-03-25 05:07:02 [INFO] Output file   : mos_sports_events_20260325_050702.txt
2026-03-25 05:07:02 [INFO] Records count : 7
2026-03-25 05:07:02 [INFO] ------------------------------------------------------------------
2026-03-25 05:07:02 [INFO]   Record 01: Event ID: EVT2004 | Event Name: Gulf Youth Cup Semi Final | Sport: Swimming | Venue: Khali...
2026-03-25 05:07:02 [INFO]   Record 02: Event ID: EVT1923 | Event Name: Gulf Youth Cup Semi Final | Sport: Volleyball | Venue: Al ...
2026-03-25 05:07:02 [INFO]   Record 03: Event ID: EVT1457 | Event Name: Qatar Premier League Match Day 5 | Sport: Swimming | Venue...
2026-03-25 05:07:02 [INFO]   Record 04: Event ID: EVT5978 | Event Name: GCC Club Championship Final | Sport: Football | Venue: Al ...
2026-03-25 05:07:02 [INFO]   Record 05: Event ID: EVT1912 | Event Name: Arab Nations Championship Semi Final | Sport: Football | V...
2026-03-25 05:07:02 [INFO]   Record 06: Event ID: EVT8119 | Event Name: Ramadan Football Festival | Sport: Football | Venue: Qatar...
2026-03-25 05:07:02 [INFO]   Record 07: Event ID: EVT9408 | Event Name: Gulf Youth Cup Round 2 | Sport: Football | Venue: Al Janou...
2026-03-25 05:07:02 [INFO] ------------------------------------------------------------------
2026-03-25 05:07:02 [INFO] File written successfully.
2026-03-25 05:07:02 [INFO]   Full path : /home/cloudera/mos_qatar_demo_poc/landing/mos_sports_events_20260325_050702.txt
2026-03-25 05:07:02 [INFO]   Size      : 1792 bytes
2026-03-25 05:07:02 [INFO]   Records   : 7
2026-03-25 05:07:02 [INFO] ==================================================================
2026-03-25 05:07:02 [INFO]   Generator Completed Successfully
2026-03-25 05:07:02 [INFO] ==================================================================
