2026-03-27 07:03:01 [INFO] ==================================================================
2026-03-27 07:03:01 [INFO]   MOS Qatar Demo - Sports Data Generator
2026-03-27 07:03:01 [INFO] ==================================================================
2026-03-27 07:03:01 [INFO] Config file   : /home/cloudera/mos_qatar_demo_poc/config/mos_qatar_demo.ini
2026-03-27 07:03:01 [INFO] Landing dir   : /home/cloudera/mos_qatar_demo_poc/landing
2026-03-27 07:03:01 [INFO] Output file   : mos_sports_events_20260327_070301.txt
2026-03-27 07:03:01 [INFO] Records count : 7
2026-03-27 07:03:01 [INFO] ------------------------------------------------------------------
2026-03-27 07:03:01 [INFO]   Record 01: Event ID: EVT6803 | Event Name: Ministry Youth Sports Day | Sport: Swimming | Venue: Educa...
2026-03-27 07:03:01 [INFO]   Record 02: Event ID: EVT1632 | Event Name: Ramadan Football Festival | Sport: Football | Venue: Al Ba...
2026-03-27 07:03:01 [INFO]   Record 03: Event ID: EVT8186 | Event Name: Qatar Under-20 Development League | Sport: Football | Venu...
2026-03-27 07:03:01 [INFO]   Record 04: Event ID: EVT3030 | Event Name: Qatar Premier League Match Day 5 | Sport: Football | Venue...
2026-03-27 07:03:01 [INFO]   Record 05: Event ID: EVT9508 | Event Name: Qatar Cup Final | Sport: Handball | Venue: Al Bayt Stadium...
2026-03-27 07:03:01 [INFO]   Record 06: Event ID: EVT6353 | Event Name: Qatar Olympic Training Camp Evaluation | Sport: Athletics ...
2026-03-27 07:03:01 [INFO]   Record 07: Event ID: EVT6464 | Event Name: Qatar Premier League Match Day 12 | Sport: Handball | Venu...
2026-03-27 07:03:01 [INFO] ------------------------------------------------------------------
2026-03-27 07:03:01 [INFO] File written successfully.
2026-03-27 07:03:01 [INFO]   Full path : /home/cloudera/mos_qatar_demo_poc/landing/mos_sports_events_20260327_070301.txt
2026-03-27 07:03:01 [INFO]   Size      : 1820 bytes
2026-03-27 07:03:01 [INFO]   Records   : 7
2026-03-27 07:03:01 [INFO] ==================================================================
2026-03-27 07:03:01 [INFO]   Generator Completed Successfully
2026-03-27 07:03:01 [INFO] ==================================================================
