2026-03-26 00:12:01 [INFO] ==================================================================
2026-03-26 00:12:01 [INFO]   MOS Qatar Demo - Sports Data Generator
2026-03-26 00:12:01 [INFO] ==================================================================
2026-03-26 00:12:01 [INFO] Config file   : /home/cloudera/mos_qatar_demo_poc/config/mos_qatar_demo.ini
2026-03-26 00:12:01 [INFO] Landing dir   : /home/cloudera/mos_qatar_demo_poc/landing
2026-03-26 00:12:01 [INFO] Output file   : mos_sports_events_20260326_001201.txt
2026-03-26 00:12:01 [INFO] Records count : 10
2026-03-26 00:12:01 [INFO] ------------------------------------------------------------------
2026-03-26 00:12:01 [INFO]   Record 01: Event ID: EVT4762 | Event Name: GCC Club Championship Quarter Final | Sport: Swimming | Ve...
2026-03-26 00:12:01 [INFO]   Record 02: Event ID: EVT2456 | Event Name: Arab Nations Championship Group Stage | Sport: Football | ...
2026-03-26 00:12:01 [INFO]   Record 03: Event ID: EVT1299 | Event Name: Arab Nations Championship Group Stage | Sport: Handball | ...
2026-03-26 00:12:01 [INFO]   Record 04: Event ID: EVT6604 | Event Name: Qatar Under-20 Development League | Sport: Swimming | Venu...
2026-03-26 00:12:01 [INFO]   Record 05: Event ID: EVT7912 | Event Name: MOS Annual Charity Football Gala | Sport: Volleyball | Ven...
2026-03-26 00:12:01 [INFO]   Record 06: Event ID: EVT1612 | Event Name: Arab Nations Championship Group Stage | Sport: Football | ...
2026-03-26 00:12:01 [INFO]   Record 07: Event ID: EVT9862 | Event Name: Gulf Cup Qualifier Round 1 | Sport: Athletics | Venue: Al ...
2026-03-26 00:12:01 [INFO]   Record 08: Event ID: EVT7694 | Event Name: Gulf Youth Cup Final | Sport: Football | Venue: Al Janoub ...
2026-03-26 00:12:01 [INFO]   Record 09: Event ID: EVT7456 | Event Name: Qatar Premier League Match Day 8 | Sport: Volleyball | Ven...
2026-03-26 00:12:01 [INFO]   Record 10: Event ID: EVT7196 | Event Name: Gulf Youth Cup Quarter Final | Sport: Volleyball | Venue: ...
2026-03-26 00:12:01 [INFO] ------------------------------------------------------------------
2026-03-26 00:12:01 [INFO] File written successfully.
2026-03-26 00:12:01 [INFO]   Full path : /home/cloudera/mos_qatar_demo_poc/landing/mos_sports_events_20260326_001201.txt
2026-03-26 00:12:01 [INFO]   Size      : 2649 bytes
2026-03-26 00:12:01 [INFO]   Records   : 10
2026-03-26 00:12:01 [INFO] ==================================================================
2026-03-26 00:12:01 [INFO]   Generator Completed Successfully
2026-03-26 00:12:01 [INFO] ==================================================================
