2026-03-25 06:45:01 [INFO] ==================================================================
2026-03-25 06:45:01 [INFO]   MOS Qatar Demo - Sports Data Generator
2026-03-25 06:45:01 [INFO] ==================================================================
2026-03-25 06:45:01 [INFO] Config file   : /home/cloudera/mos_qatar_demo_poc/config/mos_qatar_demo.ini
2026-03-25 06:45:01 [INFO] Landing dir   : /home/cloudera/mos_qatar_demo_poc/landing
2026-03-25 06:45:01 [INFO] Output file   : mos_sports_events_20260325_064501.txt
2026-03-25 06:45:01 [INFO] Records count : 9
2026-03-25 06:45:01 [INFO] ------------------------------------------------------------------
2026-03-25 06:45:01 [INFO]   Record 01: Event ID: EVT2975 | Event Name: Ministry Youth Sports Day | Sport: Basketball | Venue: Edu...
2026-03-25 06:45:01 [INFO]   Record 02: Event ID: EVT4226 | Event Name: GCC Club Championship Final | Sport: Volleyball | Venue: E...
2026-03-25 06:45:01 [INFO]   Record 03: Event ID: EVT3852 | Event Name: Gulf Youth Cup Quarter Final | Sport: Volleyball | Venue: ...
2026-03-25 06:45:01 [INFO]   Record 04: Event ID: EVT8869 | Event Name: FIFA World Cup Qatar Legacy Match | Sport: Handball | Venu...
2026-03-25 06:45:01 [INFO]   Record 05: Event ID: EVT9161 | Event Name: GCC Club Championship Final | Sport: Basketball | Venue: Q...
2026-03-25 06:45:01 [INFO]   Record 06: Event ID: EVT7936 | Event Name: Qatar Premier League Match Day 8 | Sport: Handball | Venue...
2026-03-25 06:45:01 [INFO]   Record 07: Event ID: EVT7479 | Event Name: GCC Club Championship Semi Final | Sport: Football | Venue...
2026-03-25 06:45:01 [INFO]   Record 08: Event ID: EVT2286 | Event Name: Qatar Premier League Match Day 12 | Sport: Football | Venu...
2026-03-25 06:45:01 [INFO]   Record 09: Event ID: EVT8298 | Event Name: Qatar Cup Final | Sport: Handball | Venue: Education City ...
2026-03-25 06:45:01 [INFO] ------------------------------------------------------------------
2026-03-25 06:45:01 [INFO] File written successfully.
2026-03-25 06:45:01 [INFO]   Full path : /home/cloudera/mos_qatar_demo_poc/landing/mos_sports_events_20260325_064501.txt
2026-03-25 06:45:01 [INFO]   Size      : 2333 bytes
2026-03-25 06:45:01 [INFO]   Records   : 9
2026-03-25 06:45:01 [INFO] ==================================================================
2026-03-25 06:45:01 [INFO]   Generator Completed Successfully
2026-03-25 06:45:01 [INFO] ==================================================================
