2026-03-27 21:52:01 [INFO] ==================================================================
2026-03-27 21:52:01 [INFO]   MOS Qatar Demo - Sports Data Generator
2026-03-27 21:52:01 [INFO] ==================================================================
2026-03-27 21:52:01 [INFO] Config file   : /home/cloudera/mos_qatar_demo_poc/config/mos_qatar_demo.ini
2026-03-27 21:52:01 [INFO] Landing dir   : /home/cloudera/mos_qatar_demo_poc/landing
2026-03-27 21:52:01 [INFO] Output file   : mos_sports_events_20260327_215201.txt
2026-03-27 21:52:01 [INFO] Records count : 4
2026-03-27 21:52:01 [INFO] ------------------------------------------------------------------
2026-03-27 21:52:01 [INFO]   Record 01: Event ID: EVT6898 | Event Name: Qatar Cup Final | Sport: Football | Venue: Al Janoub Stadi...
2026-03-27 21:52:01 [INFO]   Record 02: Event ID: EVT4928 | Event Name: Gulf Youth Cup Quarter Final | Sport: Football | Venue: Al...
2026-03-27 21:52:01 [INFO]   Record 03: Event ID: EVT6033 | Event Name: National Day Football Celebration | Sport: Football | Venu...
2026-03-27 21:52:01 [INFO]   Record 04: Event ID: EVT9213 | Event Name: Gulf Youth Cup Semi Final | Sport: Athletics | Venue: Al T...
2026-03-27 21:52:01 [INFO] ------------------------------------------------------------------
2026-03-27 21:52:01 [INFO] File written successfully.
2026-03-27 21:52:01 [INFO]   Full path : /home/cloudera/mos_qatar_demo_poc/landing/mos_sports_events_20260327_215201.txt
2026-03-27 21:52:01 [INFO]   Size      : 1010 bytes
2026-03-27 21:52:01 [INFO]   Records   : 4
2026-03-27 21:52:01 [INFO] ==================================================================
2026-03-27 21:52:01 [INFO]   Generator Completed Successfully
2026-03-27 21:52:01 [INFO] ==================================================================
