2026-03-27 07:06:02 [INFO] ==================================================================
2026-03-27 07:06:02 [INFO]   MOS Qatar Demo - Sports Data Generator
2026-03-27 07:06:02 [INFO] ==================================================================
2026-03-27 07:06:02 [INFO] Config file   : /home/cloudera/mos_qatar_demo_poc/config/mos_qatar_demo.ini
2026-03-27 07:06:02 [INFO] Landing dir   : /home/cloudera/mos_qatar_demo_poc/landing
2026-03-27 07:06:02 [INFO] Output file   : mos_sports_events_20260327_070602.txt
2026-03-27 07:06:02 [INFO] Records count : 4
2026-03-27 07:06:02 [INFO] ------------------------------------------------------------------
2026-03-27 07:06:02 [INFO]   Record 01: Event ID: EVT8111 | Event Name: National Day Football Celebration | Sport: Athletics | Ven...
2026-03-27 07:06:02 [INFO]   Record 02: Event ID: EVT2316 | Event Name: Gulf Youth Cup Round 1 | Sport: Football | Venue: Al Thuma...
2026-03-27 07:06:02 [INFO]   Record 03: Event ID: EVT4232 | Event Name: Gulf Youth Cup Quarter Final | Sport: Athletics | Venue: K...
2026-03-27 07:06:02 [INFO]   Record 04: Event ID: EVT5833 | Event Name: Gulf Youth Cup Round 1 | Sport: Football | Venue: Al Wakra...
2026-03-27 07:06:02 [INFO] ------------------------------------------------------------------
2026-03-27 07:06:02 [INFO] File written successfully.
2026-03-27 07:06:02 [INFO]   Full path : /home/cloudera/mos_qatar_demo_poc/landing/mos_sports_events_20260327_070602.txt
2026-03-27 07:06:02 [INFO]   Size      : 1051 bytes
2026-03-27 07:06:02 [INFO]   Records   : 4
2026-03-27 07:06:02 [INFO] ==================================================================
2026-03-27 07:06:02 [INFO]   Generator Completed Successfully
2026-03-27 07:06:02 [INFO] ==================================================================
