2026-03-25 18:59:02 [INFO] ==================================================================
2026-03-25 18:59:02 [INFO]   MOS Qatar Demo - Sports Data Generator
2026-03-25 18:59:02 [INFO] ==================================================================
2026-03-25 18:59:02 [INFO] Config file   : /home/cloudera/mos_qatar_demo_poc/config/mos_qatar_demo.ini
2026-03-25 18:59:02 [INFO] Landing dir   : /home/cloudera/mos_qatar_demo_poc/landing
2026-03-25 18:59:02 [INFO] Output file   : mos_sports_events_20260325_185902.txt
2026-03-25 18:59:02 [INFO] Records count : 9
2026-03-25 18:59:02 [INFO] ------------------------------------------------------------------
2026-03-25 18:59:02 [INFO]   Record 01: Event ID: EVT4872 | Event Name: FIFA World Cup Qatar Legacy Match | Sport: Volleyball | Ve...
2026-03-25 18:59:02 [INFO]   Record 02: Event ID: EVT2145 | Event Name: Gulf Youth Cup Quarter Final | Sport: Athletics | Venue: L...
2026-03-25 18:59:02 [INFO]   Record 03: Event ID: EVT6751 | Event Name: Qatar Schools Football League | Sport: Volleyball | Venue:...
2026-03-25 18:59:02 [INFO]   Record 04: Event ID: EVT1899 | Event Name: Qatar Premier League Match Day 5 | Sport: Football | Venue...
2026-03-25 18:59:02 [INFO]   Record 05: Event ID: EVT3425 | Event Name: GCC Club Championship Semi Final | Sport: Football | Venue...
2026-03-25 18:59:02 [INFO]   Record 06: Event ID: EVT3397 | Event Name: Qatar Olympic Training Camp Evaluation | Sport: Handball |...
2026-03-25 18:59:02 [INFO]   Record 07: Event ID: EVT3030 | Event Name: GCC Club Championship Semi Final | Sport: Football | Venue...
2026-03-25 18:59:02 [INFO]   Record 08: Event ID: EVT6809 | Event Name: GCC Club Championship Final | Sport: Basketball | Venue: E...
2026-03-25 18:59:02 [INFO]   Record 09: Event ID: EVT5199 | Event Name: Gulf Youth Cup Quarter Final | Sport: Volleyball | Venue: ...
2026-03-25 18:59:02 [INFO] ------------------------------------------------------------------
2026-03-25 18:59:02 [INFO] File written successfully.
2026-03-25 18:59:02 [INFO]   Full path : /home/cloudera/mos_qatar_demo_poc/landing/mos_sports_events_20260325_185902.txt
2026-03-25 18:59:02 [INFO]   Size      : 2339 bytes
2026-03-25 18:59:02 [INFO]   Records   : 9
2026-03-25 18:59:02 [INFO] ==================================================================
2026-03-25 18:59:02 [INFO]   Generator Completed Successfully
2026-03-25 18:59:02 [INFO] ==================================================================
