2026-03-25 19:02:02 [INFO] ==================================================================
2026-03-25 19:02:02 [INFO]   MOS Qatar Demo - Sports Data Generator
2026-03-25 19:02:02 [INFO] ==================================================================
2026-03-25 19:02:02 [INFO] Config file   : /home/cloudera/mos_qatar_demo_poc/config/mos_qatar_demo.ini
2026-03-25 19:02:02 [INFO] Landing dir   : /home/cloudera/mos_qatar_demo_poc/landing
2026-03-25 19:02:02 [INFO] Output file   : mos_sports_events_20260325_190202.txt
2026-03-25 19:02:02 [INFO] Records count : 9
2026-03-25 19:02:02 [INFO] ------------------------------------------------------------------
2026-03-25 19:02:02 [INFO]   Record 01: Event ID: EVT5881 | Event Name: Gulf Youth Cup Semi Final | Sport: Athletics | Venue: Lusa...
2026-03-25 19:02:02 [INFO]   Record 02: Event ID: EVT7790 | Event Name: Asian Qualifiers Warm-up Match | Sport: Football | Venue: ...
2026-03-25 19:02:02 [INFO]   Record 03: Event ID: EVT7358 | Event Name: Qatar Schools Football League | Sport: Handball | Venue: A...
2026-03-25 19:02:02 [INFO]   Record 04: Event ID: EVT7359 | Event Name: Qatar Under-20 Development League | Sport: Football | Venu...
2026-03-25 19:02:02 [INFO]   Record 05: Event ID: EVT1442 | Event Name: GCC Club Championship Quarter Final | Sport: Football | Ve...
2026-03-25 19:02:02 [INFO]   Record 06: Event ID: EVT4275 | Event Name: Gulf Youth Cup Semi Final | Sport: Basketball | Venue: Edu...
2026-03-25 19:02:02 [INFO]   Record 07: Event ID: EVT1552 | Event Name: MOS Annual Charity Football Gala | Sport: Football | Venue...
2026-03-25 19:02:02 [INFO]   Record 08: Event ID: EVT8471 | Event Name: Arab Nations Championship Group Stage | Sport: Handball | ...
2026-03-25 19:02:02 [INFO]   Record 09: Event ID: EVT1709 | Event Name: Qatar Premier League Match Day 12 | Sport: Football | Venu...
2026-03-25 19:02:02 [INFO] ------------------------------------------------------------------
2026-03-25 19:02:02 [INFO] File written successfully.
2026-03-25 19:02:02 [INFO]   Full path : /home/cloudera/mos_qatar_demo_poc/landing/mos_sports_events_20260325_190202.txt
2026-03-25 19:02:02 [INFO]   Size      : 2340 bytes
2026-03-25 19:02:02 [INFO]   Records   : 9
2026-03-25 19:02:02 [INFO] ==================================================================
2026-03-25 19:02:02 [INFO]   Generator Completed Successfully
2026-03-25 19:02:02 [INFO] ==================================================================
