2026-03-25 10:17:01 [INFO] ==================================================================
2026-03-25 10:17:01 [INFO]   MOS Qatar Demo - Sports Data Generator
2026-03-25 10:17:01 [INFO] ==================================================================
2026-03-25 10:17:01 [INFO] Config file   : /home/cloudera/mos_qatar_demo_poc/config/mos_qatar_demo.ini
2026-03-25 10:17:01 [INFO] Landing dir   : /home/cloudera/mos_qatar_demo_poc/landing
2026-03-25 10:17:01 [INFO] Output file   : mos_sports_events_20260325_101701.txt
2026-03-25 10:17:01 [INFO] Records count : 7
2026-03-25 10:17:01 [INFO] ------------------------------------------------------------------
2026-03-25 10:17:01 [INFO]   Record 01: Event ID: EVT3771 | Event Name: National Day Football Celebration | Sport: Football | Venu...
2026-03-25 10:17:01 [INFO]   Record 02: Event ID: EVT2401 | Event Name: Gulf Youth Cup Round 2 | Sport: Swimming | Venue: Al Bayt ...
2026-03-25 10:17:01 [INFO]   Record 03: Event ID: EVT5416 | Event Name: Qatar Premier League Match Day 12 | Sport: Basketball | Ve...
2026-03-25 10:17:01 [INFO]   Record 04: Event ID: EVT4538 | Event Name: Arab Nations Championship Semi Final | Sport: Swimming | V...
2026-03-25 10:17:01 [INFO]   Record 05: Event ID: EVT9435 | Event Name: Gulf Youth Cup Round 2 | Sport: Football | Venue: Educatio...
2026-03-25 10:17:01 [INFO]   Record 06: Event ID: EVT6978 | Event Name: Qatar Cup Final | Sport: Football | Venue: Al Wakrah Sport...
2026-03-25 10:17:01 [INFO]   Record 07: Event ID: EVT4640 | Event Name: Gulf Youth Cup Round 1 | Sport: Football | Venue: Khalifa ...
2026-03-25 10:17:01 [INFO] ------------------------------------------------------------------
2026-03-25 10:17:01 [INFO] File written successfully.
2026-03-25 10:17:01 [INFO]   Full path : /home/cloudera/mos_qatar_demo_poc/landing/mos_sports_events_20260325_101701.txt
2026-03-25 10:17:01 [INFO]   Size      : 1779 bytes
2026-03-25 10:17:01 [INFO]   Records   : 7
2026-03-25 10:17:01 [INFO] ==================================================================
2026-03-25 10:17:01 [INFO]   Generator Completed Successfully
2026-03-25 10:17:01 [INFO] ==================================================================
