2026-03-26 07:05:01 [INFO] ==================================================================
2026-03-26 07:05:01 [INFO]   MOS Qatar Demo - Sports Data Generator
2026-03-26 07:05:01 [INFO] ==================================================================
2026-03-26 07:05:01 [INFO] Config file   : /home/cloudera/mos_qatar_demo_poc/config/mos_qatar_demo.ini
2026-03-26 07:05:01 [INFO] Landing dir   : /home/cloudera/mos_qatar_demo_poc/landing
2026-03-26 07:05:01 [INFO] Output file   : mos_sports_events_20260326_070501.txt
2026-03-26 07:05:01 [INFO] Records count : 8
2026-03-26 07:05:01 [INFO] ------------------------------------------------------------------
2026-03-26 07:05:01 [INFO]   Record 01: Event ID: EVT9850 | Event Name: Gulf Youth Cup Semi Final | Sport: Swimming | Venue: Qatar...
2026-03-26 07:05:01 [INFO]   Record 02: Event ID: EVT5192 | Event Name: Qatar Premier League Match Day 5 | Sport: Football | Venue...
2026-03-26 07:05:01 [INFO]   Record 03: Event ID: EVT5542 | Event Name: Arab Nations Championship Group Stage | Sport: Volleyball ...
2026-03-26 07:05:01 [INFO]   Record 04: Event ID: EVT6588 | Event Name: Gulf Youth Cup Round 1 | Sport: Handball | Venue: Khalifa ...
2026-03-26 07:05:01 [INFO]   Record 05: Event ID: EVT7177 | Event Name: National Team Preparation Match | Sport: Football | Venue:...
2026-03-26 07:05:01 [INFO]   Record 06: Event ID: EVT8145 | Event Name: Arab Nations Championship Group Stage | Sport: Football | ...
2026-03-26 07:05:01 [INFO]   Record 07: Event ID: EVT5336 | Event Name: Gulf Youth Cup Quarter Final | Sport: Football | Venue: Al...
2026-03-26 07:05:01 [INFO]   Record 08: Event ID: EVT7603 | Event Name: Gulf Youth Cup Semi Final | Sport: Football | Venue: Khali...
2026-03-26 07:05:01 [INFO] ------------------------------------------------------------------
2026-03-26 07:05:01 [INFO] File written successfully.
2026-03-26 07:05:01 [INFO]   Full path : /home/cloudera/mos_qatar_demo_poc/landing/mos_sports_events_20260326_070501.txt
2026-03-26 07:05:01 [INFO]   Size      : 2098 bytes
2026-03-26 07:05:01 [INFO]   Records   : 8
2026-03-26 07:05:01 [INFO] ==================================================================
2026-03-26 07:05:01 [INFO]   Generator Completed Successfully
2026-03-26 07:05:01 [INFO] ==================================================================
