2026-03-27 14:17:01 [INFO] ==================================================================
2026-03-27 14:17:01 [INFO]   MOS Qatar Demo - Sports Data Generator
2026-03-27 14:17:01 [INFO] ==================================================================
2026-03-27 14:17:01 [INFO] Config file   : /home/cloudera/mos_qatar_demo_poc/config/mos_qatar_demo.ini
2026-03-27 14:17:01 [INFO] Landing dir   : /home/cloudera/mos_qatar_demo_poc/landing
2026-03-27 14:17:01 [INFO] Output file   : mos_sports_events_20260327_141701.txt
2026-03-27 14:17:01 [INFO] Records count : 6
2026-03-27 14:17:01 [INFO] ------------------------------------------------------------------
2026-03-27 14:17:01 [INFO]   Record 01: Event ID: EVT7961 | Event Name: Qatar Premier League Match Day 12 | Sport: Basketball | Ve...
2026-03-27 14:17:01 [INFO]   Record 02: Event ID: EVT2997 | Event Name: Qatar Under-20 Development League | Sport: Swimming | Venu...
2026-03-27 14:17:01 [INFO]   Record 03: Event ID: EVT7075 | Event Name: Qatar Schools Football League | Sport: Football | Venue: K...
2026-03-27 14:17:01 [INFO]   Record 04: Event ID: EVT5391 | Event Name: Qatar Premier League Match Day 5 | Sport: Football | Venue...
2026-03-27 14:17:01 [INFO]   Record 05: Event ID: EVT5254 | Event Name: Arab Nations Championship Group Stage | Sport: Basketball ...
2026-03-27 14:17:01 [INFO]   Record 06: Event ID: EVT8464 | Event Name: Qatar Premier League Match Day 12 | Sport: Volleyball | Ve...
2026-03-27 14:17:01 [INFO] ------------------------------------------------------------------
2026-03-27 14:17:01 [INFO] File written successfully.
2026-03-27 14:17:01 [INFO]   Full path : /home/cloudera/mos_qatar_demo_poc/landing/mos_sports_events_20260327_141701.txt
2026-03-27 14:17:01 [INFO]   Size      : 1583 bytes
2026-03-27 14:17:01 [INFO]   Records   : 6
2026-03-27 14:17:01 [INFO] ==================================================================
2026-03-27 14:17:01 [INFO]   Generator Completed Successfully
2026-03-27 14:17:01 [INFO] ==================================================================
