2026-03-26 11:58:02 [INFO] ==================================================================
2026-03-26 11:58:02 [INFO]   MOS Qatar Demo - Sports Data Generator
2026-03-26 11:58:02 [INFO] ==================================================================
2026-03-26 11:58:02 [INFO] Config file   : /home/cloudera/mos_qatar_demo_poc/config/mos_qatar_demo.ini
2026-03-26 11:58:02 [INFO] Landing dir   : /home/cloudera/mos_qatar_demo_poc/landing
2026-03-26 11:58:02 [INFO] Output file   : mos_sports_events_20260326_115802.txt
2026-03-26 11:58:02 [INFO] Records count : 5
2026-03-26 11:58:02 [INFO] ------------------------------------------------------------------
2026-03-26 11:58:02 [INFO]   Record 01: Event ID: EVT3692 | Event Name: GCC Club Championship Final | Sport: Football | Venue: Edu...
2026-03-26 11:58:02 [INFO]   Record 02: Event ID: EVT1445 | Event Name: Qatar Premier League Match Day 5 | Sport: Football | Venue...
2026-03-26 11:58:02 [INFO]   Record 03: Event ID: EVT5791 | Event Name: National Day Football Celebration | Sport: Football | Venu...
2026-03-26 11:58:02 [INFO]   Record 04: Event ID: EVT9384 | Event Name: National Team Preparation Match | Sport: Football | Venue:...
2026-03-26 11:58:02 [INFO]   Record 05: Event ID: EVT8377 | Event Name: Gulf Cup Qualifier Round 1 | Sport: Football | Venue: Aspi...
2026-03-26 11:58:02 [INFO] ------------------------------------------------------------------
2026-03-26 11:58:02 [INFO] File written successfully.
2026-03-26 11:58:02 [INFO]   Full path : /home/cloudera/mos_qatar_demo_poc/landing/mos_sports_events_20260326_115802.txt
2026-03-26 11:58:02 [INFO]   Size      : 1303 bytes
2026-03-26 11:58:02 [INFO]   Records   : 5
2026-03-26 11:58:02 [INFO] ==================================================================
2026-03-26 11:58:02 [INFO]   Generator Completed Successfully
2026-03-26 11:58:02 [INFO] ==================================================================
