2026-03-27 10:12:02 [INFO] ==================================================================
2026-03-27 10:12:02 [INFO]   MOS Qatar Demo - Sports Data Generator
2026-03-27 10:12:02 [INFO] ==================================================================
2026-03-27 10:12:02 [INFO] Config file   : /home/cloudera/mos_qatar_demo_poc/config/mos_qatar_demo.ini
2026-03-27 10:12:02 [INFO] Landing dir   : /home/cloudera/mos_qatar_demo_poc/landing
2026-03-27 10:12:02 [INFO] Output file   : mos_sports_events_20260327_101202.txt
2026-03-27 10:12:02 [INFO] Records count : 4
2026-03-27 10:12:02 [INFO] ------------------------------------------------------------------
2026-03-27 10:12:02 [INFO]   Record 01: Event ID: EVT6712 | Event Name: Qatar Under-20 Development League | Sport: Football | Venu...
2026-03-27 10:12:02 [INFO]   Record 02: Event ID: EVT3137 | Event Name: Gulf Cup Qualifier Round 1 | Sport: Football | Venue: Qata...
2026-03-27 10:12:02 [INFO]   Record 03: Event ID: EVT3332 | Event Name: Gulf Cup Qualifier Round 1 | Sport: Athletics | Venue: Qat...
2026-03-27 10:12:02 [INFO]   Record 04: Event ID: EVT1862 | Event Name: Qatar Under-20 Development League | Sport: Swimming | Venu...
2026-03-27 10:12:02 [INFO] ------------------------------------------------------------------
2026-03-27 10:12:02 [INFO] File written successfully.
2026-03-27 10:12:02 [INFO]   Full path : /home/cloudera/mos_qatar_demo_poc/landing/mos_sports_events_20260327_101202.txt
2026-03-27 10:12:02 [INFO]   Size      : 1038 bytes
2026-03-27 10:12:02 [INFO]   Records   : 4
2026-03-27 10:12:02 [INFO] ==================================================================
2026-03-27 10:12:02 [INFO]   Generator Completed Successfully
2026-03-27 10:12:02 [INFO] ==================================================================
