2026-03-25 19:00:01 [INFO] ==================================================================
2026-03-25 19:00:01 [INFO]   MOS Qatar Demo - Sports Data Generator
2026-03-25 19:00:01 [INFO] ==================================================================
2026-03-25 19:00:01 [INFO] Config file   : /home/cloudera/mos_qatar_demo_poc/config/mos_qatar_demo.ini
2026-03-25 19:00:01 [INFO] Landing dir   : /home/cloudera/mos_qatar_demo_poc/landing
2026-03-25 19:00:01 [INFO] Output file   : mos_sports_events_20260325_190001.txt
2026-03-25 19:00:01 [INFO] Records count : 8
2026-03-25 19:00:01 [INFO] ------------------------------------------------------------------
2026-03-25 19:00:01 [INFO]   Record 01: Event ID: EVT3911 | Event Name: Ministry Youth Sports Day | Sport: Athletics | Venue: Khal...
2026-03-25 19:00:01 [INFO]   Record 02: Event ID: EVT3864 | Event Name: FIFA World Cup Qatar Legacy Match | Sport: Swimming | Venu...
2026-03-25 19:00:01 [INFO]   Record 03: Event ID: EVT9313 | Event Name: Gulf Youth Cup Semi Final | Sport: Swimming | Venue: Khali...
2026-03-25 19:00:01 [INFO]   Record 04: Event ID: EVT3316 | Event Name: Gulf Youth Cup Round 1 | Sport: Football | Venue: Lusail S...
2026-03-25 19:00:01 [INFO]   Record 05: Event ID: EVT1351 | Event Name: MOS Annual Charity Football Gala | Sport: Football | Venue...
2026-03-25 19:00:01 [INFO]   Record 06: Event ID: EVT3824 | Event Name: Qatar Schools Football League | Sport: Football | Venue: A...
2026-03-25 19:00:01 [INFO]   Record 07: Event ID: EVT8785 | Event Name: FIFA World Cup Qatar Legacy Match | Sport: Football | Venu...
2026-03-25 19:00:01 [INFO]   Record 08: Event ID: EVT3744 | Event Name: FIFA World Cup Qatar Legacy Match | Sport: Football | Venu...
2026-03-25 19:00:01 [INFO] ------------------------------------------------------------------
2026-03-25 19:00:01 [INFO] File written successfully.
2026-03-25 19:00:01 [INFO]   Full path : /home/cloudera/mos_qatar_demo_poc/landing/mos_sports_events_20260325_190001.txt
2026-03-25 19:00:01 [INFO]   Size      : 2078 bytes
2026-03-25 19:00:01 [INFO]   Records   : 8
2026-03-25 19:00:01 [INFO] ==================================================================
2026-03-25 19:00:01 [INFO]   Generator Completed Successfully
2026-03-25 19:00:01 [INFO] ==================================================================
