2026-03-26 06:25:01 [INFO] ==================================================================
2026-03-26 06:25:01 [INFO]   MOS Qatar Demo - Sports Data Generator
2026-03-26 06:25:01 [INFO] ==================================================================
2026-03-26 06:25:01 [INFO] Config file   : /home/cloudera/mos_qatar_demo_poc/config/mos_qatar_demo.ini
2026-03-26 06:25:01 [INFO] Landing dir   : /home/cloudera/mos_qatar_demo_poc/landing
2026-03-26 06:25:01 [INFO] Output file   : mos_sports_events_20260326_062501.txt
2026-03-26 06:25:01 [INFO] Records count : 6
2026-03-26 06:25:01 [INFO] ------------------------------------------------------------------
2026-03-26 06:25:01 [INFO]   Record 01: Event ID: EVT2700 | Event Name: Gulf Youth Cup Round 2 | Sport: Football | Venue: Ahmad Bi...
2026-03-26 06:25:01 [INFO]   Record 02: Event ID: EVT4601 | Event Name: Qatar Schools Football League | Sport: Swimming | Venue: A...
2026-03-26 06:25:01 [INFO]   Record 03: Event ID: EVT9230 | Event Name: Gulf Youth Cup Semi Final | Sport: Football | Venue: Khali...
2026-03-26 06:25:01 [INFO]   Record 04: Event ID: EVT9863 | Event Name: Qatar Premier League Match Day 8 | Sport: Basketball | Ven...
2026-03-26 06:25:01 [INFO]   Record 05: Event ID: EVT8841 | Event Name: Qatar Olympic Training Camp Evaluation | Sport: Handball |...
2026-03-26 06:25:01 [INFO]   Record 06: Event ID: EVT6771 | Event Name: GCC Club Championship Quarter Final | Sport: Swimming | Ve...
2026-03-26 06:25:01 [INFO] ------------------------------------------------------------------
2026-03-26 06:25:01 [INFO] File written successfully.
2026-03-26 06:25:01 [INFO]   Full path : /home/cloudera/mos_qatar_demo_poc/landing/mos_sports_events_20260326_062501.txt
2026-03-26 06:25:01 [INFO]   Size      : 1566 bytes
2026-03-26 06:25:01 [INFO]   Records   : 6
2026-03-26 06:25:01 [INFO] ==================================================================
2026-03-26 06:25:01 [INFO]   Generator Completed Successfully
2026-03-26 06:25:01 [INFO] ==================================================================
