2026-03-27 22:20:01 [INFO] ==================================================================
2026-03-27 22:20:01 [INFO]   MOS Qatar Demo - Sports Data Generator
2026-03-27 22:20:01 [INFO] ==================================================================
2026-03-27 22:20:01 [INFO] Config file   : /home/cloudera/mos_qatar_demo_poc/config/mos_qatar_demo.ini
2026-03-27 22:20:01 [INFO] Landing dir   : /home/cloudera/mos_qatar_demo_poc/landing
2026-03-27 22:20:01 [INFO] Output file   : mos_sports_events_20260327_222001.txt
2026-03-27 22:20:01 [INFO] Records count : 10
2026-03-27 22:20:01 [INFO] ------------------------------------------------------------------
2026-03-27 22:20:01 [INFO]   Record 01: Event ID: EVT8107 | Event Name: Ramadan Football Festival | Sport: Football | Venue: Qatar...
2026-03-27 22:20:01 [INFO]   Record 02: Event ID: EVT9617 | Event Name: FIFA World Cup Qatar Legacy Match | Sport: Football | Venu...
2026-03-27 22:20:01 [INFO]   Record 03: Event ID: EVT3903 | Event Name: Qatar Premier League Match Day 8 | Sport: Football | Venue...
2026-03-27 22:20:01 [INFO]   Record 04: Event ID: EVT3862 | Event Name: Qatar Premier League Match Day 12 | Sport: Football | Venu...
2026-03-27 22:20:01 [INFO]   Record 05: Event ID: EVT5896 | Event Name: MOS Annual Charity Football Gala | Sport: Basketball | Ven...
2026-03-27 22:20:01 [INFO]   Record 06: Event ID: EVT5714 | Event Name: National Day Football Celebration | Sport: Football | Venu...
2026-03-27 22:20:01 [INFO]   Record 07: Event ID: EVT7373 | Event Name: National Day Football Celebration | Sport: Swimming | Venu...
2026-03-27 22:20:01 [INFO]   Record 08: Event ID: EVT2320 | Event Name: Arab Nations Championship Group Stage | Sport: Basketball ...
2026-03-27 22:20:01 [INFO]   Record 09: Event ID: EVT3202 | Event Name: GCC Club Championship Semi Final | Sport: Football | Venue...
2026-03-27 22:20:01 [INFO]   Record 10: Event ID: EVT4818 | Event Name: Ministry Invitational Friendly Tournament | Sport: Swimmin...
2026-03-27 22:20:01 [INFO] ------------------------------------------------------------------
2026-03-27 22:20:01 [INFO] File written successfully.
2026-03-27 22:20:01 [INFO]   Full path : /home/cloudera/mos_qatar_demo_poc/landing/mos_sports_events_20260327_222001.txt
2026-03-27 22:20:01 [INFO]   Size      : 2627 bytes
2026-03-27 22:20:01 [INFO]   Records   : 10
2026-03-27 22:20:01 [INFO] ==================================================================
2026-03-27 22:20:01 [INFO]   Generator Completed Successfully
2026-03-27 22:20:01 [INFO] ==================================================================
