2026-03-25 23:07:02 [INFO] ==================================================================
2026-03-25 23:07:02 [INFO]   MOS Qatar Demo - Sports Data Generator
2026-03-25 23:07:02 [INFO] ==================================================================
2026-03-25 23:07:02 [INFO] Config file   : /home/cloudera/mos_qatar_demo_poc/config/mos_qatar_demo.ini
2026-03-25 23:07:02 [INFO] Landing dir   : /home/cloudera/mos_qatar_demo_poc/landing
2026-03-25 23:07:02 [INFO] Output file   : mos_sports_events_20260325_230702.txt
2026-03-25 23:07:02 [INFO] Records count : 10
2026-03-25 23:07:02 [INFO] ------------------------------------------------------------------
2026-03-25 23:07:02 [INFO]   Record 01: Event ID: EVT3439 | Event Name: Qatar Under-20 Development League | Sport: Football | Venu...
2026-03-25 23:07:02 [INFO]   Record 02: Event ID: EVT8773 | Event Name: Doha Sports Festival Opening Match | Sport: Football | Ven...
2026-03-25 23:07:02 [INFO]   Record 03: Event ID: EVT4400 | Event Name: Arab Nations Championship Group Stage | Sport: Football | ...
2026-03-25 23:07:02 [INFO]   Record 04: Event ID: EVT3783 | Event Name: Ramadan Football Festival | Sport: Football | Venue: Lusai...
2026-03-25 23:07:02 [INFO]   Record 05: Event ID: EVT6816 | Event Name: Gulf Cup Qualifier Round 1 | Sport: Basketball | Venue: Kh...
2026-03-25 23:07:02 [INFO]   Record 06: Event ID: EVT5194 | Event Name: Ministry Youth Sports Day | Sport: Football | Venue: Al Th...
2026-03-25 23:07:02 [INFO]   Record 07: Event ID: EVT6016 | Event Name: Gulf Youth Cup Quarter Final | Sport: Handball | Venue: Al...
2026-03-25 23:07:02 [INFO]   Record 08: Event ID: EVT4578 | Event Name: Gulf Youth Cup Semi Final | Sport: Basketball | Venue: Edu...
2026-03-25 23:07:02 [INFO]   Record 09: Event ID: EVT2722 | Event Name: Qatar Premier League Match Day 8 | Sport: Handball | Venue...
2026-03-25 23:07:02 [INFO]   Record 10: Event ID: EVT5640 | Event Name: Qatar Under-20 Development League | Sport: Athletics | Ven...
2026-03-25 23:07:02 [INFO] ------------------------------------------------------------------
2026-03-25 23:07:02 [INFO] File written successfully.
2026-03-25 23:07:02 [INFO]   Full path : /home/cloudera/mos_qatar_demo_poc/landing/mos_sports_events_20260325_230702.txt
2026-03-25 23:07:02 [INFO]   Size      : 2568 bytes
2026-03-25 23:07:02 [INFO]   Records   : 10
2026-03-25 23:07:02 [INFO] ==================================================================
2026-03-25 23:07:02 [INFO]   Generator Completed Successfully
2026-03-25 23:07:02 [INFO] ==================================================================
