2026-03-26 22:43:01 [INFO] ==================================================================
2026-03-26 22:43:01 [INFO]   MOS Qatar Demo - Sports Data Generator
2026-03-26 22:43:01 [INFO] ==================================================================
2026-03-26 22:43:01 [INFO] Config file   : /home/cloudera/mos_qatar_demo_poc/config/mos_qatar_demo.ini
2026-03-26 22:43:01 [INFO] Landing dir   : /home/cloudera/mos_qatar_demo_poc/landing
2026-03-26 22:43:01 [INFO] Output file   : mos_sports_events_20260326_224301.txt
2026-03-26 22:43:01 [INFO] Records count : 5
2026-03-26 22:43:01 [INFO] ------------------------------------------------------------------
2026-03-26 22:43:01 [INFO]   Record 01: Event ID: EVT6487 | Event Name: Gulf Cup Qualifier Round 1 | Sport: Football | Venue: Khal...
2026-03-26 22:43:01 [INFO]   Record 02: Event ID: EVT1229 | Event Name: National Team Preparation Match | Sport: Football | Venue:...
2026-03-26 22:43:01 [INFO]   Record 03: Event ID: EVT1306 | Event Name: Ministry Youth Sports Day | Sport: Football | Venue: Al Ba...
2026-03-26 22:43:01 [INFO]   Record 04: Event ID: EVT8143 | Event Name: FIFA World Cup Qatar Legacy Match | Sport: Athletics | Ven...
2026-03-26 22:43:01 [INFO]   Record 05: Event ID: EVT4485 | Event Name: Gulf Youth Cup Round 1 | Sport: Football | Venue: Khalifa ...
2026-03-26 22:43:01 [INFO] ------------------------------------------------------------------
2026-03-26 22:43:01 [INFO] File written successfully.
2026-03-26 22:43:01 [INFO]   Full path : /home/cloudera/mos_qatar_demo_poc/landing/mos_sports_events_20260326_224301.txt
2026-03-26 22:43:01 [INFO]   Size      : 1290 bytes
2026-03-26 22:43:01 [INFO]   Records   : 5
2026-03-26 22:43:01 [INFO] ==================================================================
2026-03-26 22:43:01 [INFO]   Generator Completed Successfully
2026-03-26 22:43:01 [INFO] ==================================================================
