2026-03-25 10:19:01 [INFO] ==================================================================
2026-03-25 10:19:01 [INFO]   MOS Qatar Demo - Sports Data Generator
2026-03-25 10:19:01 [INFO] ==================================================================
2026-03-25 10:19:01 [INFO] Config file   : /home/cloudera/mos_qatar_demo_poc/config/mos_qatar_demo.ini
2026-03-25 10:19:01 [INFO] Landing dir   : /home/cloudera/mos_qatar_demo_poc/landing
2026-03-25 10:19:01 [INFO] Output file   : mos_sports_events_20260325_101901.txt
2026-03-25 10:19:01 [INFO] Records count : 6
2026-03-25 10:19:01 [INFO] ------------------------------------------------------------------
2026-03-25 10:19:01 [INFO]   Record 01: Event ID: EVT7809 | Event Name: Ramadan Football Festival | Sport: Athletics | Venue: Educ...
2026-03-25 10:19:01 [INFO]   Record 02: Event ID: EVT6360 | Event Name: Qatar Cup Final | Sport: Football | Venue: Al Janoub Stadi...
2026-03-25 10:19:01 [INFO]   Record 03: Event ID: EVT2951 | Event Name: GCC Club Championship Quarter Final | Sport: Volleyball | ...
2026-03-25 10:19:01 [INFO]   Record 04: Event ID: EVT6503 | Event Name: GCC Club Championship Semi Final | Sport: Football | Venue...
2026-03-25 10:19:01 [INFO]   Record 05: Event ID: EVT1786 | Event Name: Ministry Youth Sports Day | Sport: Swimming | Venue: Khali...
2026-03-25 10:19:01 [INFO]   Record 06: Event ID: EVT9042 | Event Name: Gulf Youth Cup Quarter Final | Sport: Athletics | Venue: A...
2026-03-25 10:19:01 [INFO] ------------------------------------------------------------------
2026-03-25 10:19:01 [INFO] File written successfully.
2026-03-25 10:19:01 [INFO]   Full path : /home/cloudera/mos_qatar_demo_poc/landing/mos_sports_events_20260325_101901.txt
2026-03-25 10:19:01 [INFO]   Size      : 1554 bytes
2026-03-25 10:19:01 [INFO]   Records   : 6
2026-03-25 10:19:01 [INFO] ==================================================================
2026-03-25 10:19:01 [INFO]   Generator Completed Successfully
2026-03-25 10:19:01 [INFO] ==================================================================
