2026-03-27 10:49:02 [INFO] ==================================================================
2026-03-27 10:49:02 [INFO]   MOS Qatar Demo - Sports Data Generator
2026-03-27 10:49:02 [INFO] ==================================================================
2026-03-27 10:49:02 [INFO] Config file   : /home/cloudera/mos_qatar_demo_poc/config/mos_qatar_demo.ini
2026-03-27 10:49:02 [INFO] Landing dir   : /home/cloudera/mos_qatar_demo_poc/landing
2026-03-27 10:49:02 [INFO] Output file   : mos_sports_events_20260327_104902.txt
2026-03-27 10:49:02 [INFO] Records count : 6
2026-03-27 10:49:02 [INFO] ------------------------------------------------------------------
2026-03-27 10:49:02 [INFO]   Record 01: Event ID: EVT5071 | Event Name: Qatar Under-20 Development League | Sport: Football | Venu...
2026-03-27 10:49:02 [INFO]   Record 02: Event ID: EVT3145 | Event Name: FIFA World Cup Qatar Legacy Match | Sport: Football | Venu...
2026-03-27 10:49:02 [INFO]   Record 03: Event ID: EVT6966 | Event Name: Arab Nations Championship Group Stage | Sport: Basketball ...
2026-03-27 10:49:02 [INFO]   Record 04: Event ID: EVT8293 | Event Name: Qatar Premier League Match Day 12 | Sport: Athletics | Ven...
2026-03-27 10:49:02 [INFO]   Record 05: Event ID: EVT5829 | Event Name: Qatar Cup Semi Final | Sport: Basketball | Venue: Al Thuma...
2026-03-27 10:49:02 [INFO]   Record 06: Event ID: EVT3919 | Event Name: Ramadan Football Festival | Sport: Volleyball | Venue: Al ...
2026-03-27 10:49:02 [INFO] ------------------------------------------------------------------
2026-03-27 10:49:02 [INFO] File written successfully.
2026-03-27 10:49:02 [INFO]   Full path : /home/cloudera/mos_qatar_demo_poc/landing/mos_sports_events_20260327_104902.txt
2026-03-27 10:49:02 [INFO]   Size      : 1551 bytes
2026-03-27 10:49:02 [INFO]   Records   : 6
2026-03-27 10:49:02 [INFO] ==================================================================
2026-03-27 10:49:02 [INFO]   Generator Completed Successfully
2026-03-27 10:49:02 [INFO] ==================================================================
