2026-03-25 15:42:02 [INFO] ==================================================================
2026-03-25 15:42:02 [INFO]   MOS Qatar Demo - Sports Data Generator
2026-03-25 15:42:02 [INFO] ==================================================================
2026-03-25 15:42:02 [INFO] Config file   : /home/cloudera/mos_qatar_demo_poc/config/mos_qatar_demo.ini
2026-03-25 15:42:02 [INFO] Landing dir   : /home/cloudera/mos_qatar_demo_poc/landing
2026-03-25 15:42:02 [INFO] Output file   : mos_sports_events_20260325_154202.txt
2026-03-25 15:42:02 [INFO] Records count : 4
2026-03-25 15:42:02 [INFO] ------------------------------------------------------------------
2026-03-25 15:42:02 [INFO]   Record 01: Event ID: EVT8034 | Event Name: Qatar Premier League Match Day 5 | Sport: Handball | Venue...
2026-03-25 15:42:02 [INFO]   Record 02: Event ID: EVT1984 | Event Name: GCC Club Championship Final | Sport: Football | Venue: Qat...
2026-03-25 15:42:02 [INFO]   Record 03: Event ID: EVT8202 | Event Name: Ramadan Football Festival | Sport: Football | Venue: Aspir...
2026-03-25 15:42:02 [INFO]   Record 04: Event ID: EVT5644 | Event Name: Ramadan Football Festival | Sport: Football | Venue: Lusai...
2026-03-25 15:42:02 [INFO] ------------------------------------------------------------------
2026-03-25 15:42:02 [INFO] File written successfully.
2026-03-25 15:42:02 [INFO]   Full path : /home/cloudera/mos_qatar_demo_poc/landing/mos_sports_events_20260325_154202.txt
2026-03-25 15:42:02 [INFO]   Size      : 1015 bytes
2026-03-25 15:42:02 [INFO]   Records   : 4
2026-03-25 15:42:02 [INFO] ==================================================================
2026-03-25 15:42:02 [INFO]   Generator Completed Successfully
2026-03-25 15:42:02 [INFO] ==================================================================
