2026-03-27 17:35:02 [INFO] ==================================================================
2026-03-27 17:35:02 [INFO]   MOS Qatar Demo - Sports Data Generator
2026-03-27 17:35:02 [INFO] ==================================================================
2026-03-27 17:35:02 [INFO] Config file   : /home/cloudera/mos_qatar_demo_poc/config/mos_qatar_demo.ini
2026-03-27 17:35:02 [INFO] Landing dir   : /home/cloudera/mos_qatar_demo_poc/landing
2026-03-27 17:35:02 [INFO] Output file   : mos_sports_events_20260327_173502.txt
2026-03-27 17:35:02 [INFO] Records count : 10
2026-03-27 17:35:02 [INFO] ------------------------------------------------------------------
2026-03-27 17:35:02 [INFO]   Record 01: Event ID: EVT4127 | Event Name: Gulf Youth Cup Round 2 | Sport: Handball | Venue: Lusail S...
2026-03-27 17:35:02 [INFO]   Record 02: Event ID: EVT5247 | Event Name: Arab Nations Championship Semi Final | Sport: Athletics | ...
2026-03-27 17:35:02 [INFO]   Record 03: Event ID: EVT2344 | Event Name: Gulf Cup Qualifier Round 1 | Sport: Swimming | Venue: Educ...
2026-03-27 17:35:02 [INFO]   Record 04: Event ID: EVT9196 | Event Name: Qatar Olympic Training Camp Evaluation | Sport: Football |...
2026-03-27 17:35:02 [INFO]   Record 05: Event ID: EVT7849 | Event Name: Arab Nations Championship Group Stage | Sport: Football | ...
2026-03-27 17:35:02 [INFO]   Record 06: Event ID: EVT2099 | Event Name: Ministry Youth Sports Day | Sport: Football | Venue: Al Wa...
2026-03-27 17:35:02 [INFO]   Record 07: Event ID: EVT3022 | Event Name: Doha Sports Festival Opening Match | Sport: Athletics | Ve...
2026-03-27 17:35:02 [INFO]   Record 08: Event ID: EVT4708 | Event Name: National Day Football Celebration | Sport: Athletics | Ven...
2026-03-27 17:35:02 [INFO]   Record 09: Event ID: EVT5184 | Event Name: GCC Club Championship Final | Sport: Football | Venue: Edu...
2026-03-27 17:35:02 [INFO]   Record 10: Event ID: EVT2064 | Event Name: Ministry Youth Sports Day | Sport: Football | Venue: Educa...
2026-03-27 17:35:02 [INFO] ------------------------------------------------------------------
2026-03-27 17:35:02 [INFO] File written successfully.
2026-03-27 17:35:02 [INFO]   Full path : /home/cloudera/mos_qatar_demo_poc/landing/mos_sports_events_20260327_173502.txt
2026-03-27 17:35:02 [INFO]   Size      : 2615 bytes
2026-03-27 17:35:02 [INFO]   Records   : 10
2026-03-27 17:35:02 [INFO] ==================================================================
2026-03-27 17:35:02 [INFO]   Generator Completed Successfully
2026-03-27 17:35:02 [INFO] ==================================================================
