2026-03-26 23:35:01 [INFO] ==================================================================
2026-03-26 23:35:01 [INFO]   MOS Qatar Demo - Sports Data Generator
2026-03-26 23:35:01 [INFO] ==================================================================
2026-03-26 23:35:01 [INFO] Config file   : /home/cloudera/mos_qatar_demo_poc/config/mos_qatar_demo.ini
2026-03-26 23:35:01 [INFO] Landing dir   : /home/cloudera/mos_qatar_demo_poc/landing
2026-03-26 23:35:01 [INFO] Output file   : mos_sports_events_20260326_233501.txt
2026-03-26 23:35:01 [INFO] Records count : 8
2026-03-26 23:35:01 [INFO] ------------------------------------------------------------------
2026-03-26 23:35:01 [INFO]   Record 01: Event ID: EVT1271 | Event Name: Gulf Youth Cup Quarter Final | Sport: Football | Venue: Qa...
2026-03-26 23:35:01 [INFO]   Record 02: Event ID: EVT5502 | Event Name: Ministry Youth Sports Day | Sport: Athletics | Venue: Ahma...
2026-03-26 23:35:01 [INFO]   Record 03: Event ID: EVT2272 | Event Name: Qatar Cup Semi Final | Sport: Athletics | Venue: Khalifa I...
2026-03-26 23:35:01 [INFO]   Record 04: Event ID: EVT7064 | Event Name: Qatar Olympic Training Camp Evaluation | Sport: Football |...
2026-03-26 23:35:01 [INFO]   Record 05: Event ID: EVT7074 | Event Name: Qatar Premier League Match Day 8 | Sport: Basketball | Ven...
2026-03-26 23:35:01 [INFO]   Record 06: Event ID: EVT5124 | Event Name: GCC Club Championship Final | Sport: Football | Venue: Ahm...
2026-03-26 23:35:01 [INFO]   Record 07: Event ID: EVT3269 | Event Name: Gulf Youth Cup Semi Final | Sport: Swimming | Venue: Ahmad...
2026-03-26 23:35:01 [INFO]   Record 08: Event ID: EVT3572 | Event Name: Qatar Cup Final | Sport: Basketball | Venue: Lusail Stadiu...
2026-03-26 23:35:01 [INFO] ------------------------------------------------------------------
2026-03-26 23:35:01 [INFO] File written successfully.
2026-03-26 23:35:01 [INFO]   Full path : /home/cloudera/mos_qatar_demo_poc/landing/mos_sports_events_20260326_233501.txt
2026-03-26 23:35:01 [INFO]   Size      : 2067 bytes
2026-03-26 23:35:01 [INFO]   Records   : 8
2026-03-26 23:35:01 [INFO] ==================================================================
2026-03-26 23:35:01 [INFO]   Generator Completed Successfully
2026-03-26 23:35:01 [INFO] ==================================================================
