2026-03-26 15:29:01 [INFO] ==================================================================
2026-03-26 15:29:01 [INFO]   MOS Qatar Demo - Sports Data Generator
2026-03-26 15:29:01 [INFO] ==================================================================
2026-03-26 15:29:01 [INFO] Config file   : /home/cloudera/mos_qatar_demo_poc/config/mos_qatar_demo.ini
2026-03-26 15:29:01 [INFO] Landing dir   : /home/cloudera/mos_qatar_demo_poc/landing
2026-03-26 15:29:01 [INFO] Output file   : mos_sports_events_20260326_152901.txt
2026-03-26 15:29:01 [INFO] Records count : 7
2026-03-26 15:29:01 [INFO] ------------------------------------------------------------------
2026-03-26 15:29:01 [INFO]   Record 01: Event ID: EVT4125 | Event Name: Ministry Youth Sports Day | Sport: Football | Venue: Qatar...
2026-03-26 15:29:01 [INFO]   Record 02: Event ID: EVT9152 | Event Name: Qatar Premier League Match Day 5 | Sport: Football | Venue...
2026-03-26 15:29:01 [INFO]   Record 03: Event ID: EVT3766 | Event Name: National Team Preparation Match | Sport: Football | Venue:...
2026-03-26 15:29:01 [INFO]   Record 04: Event ID: EVT5443 | Event Name: Gulf Youth Cup Quarter Final | Sport: Football | Venue: Ed...
2026-03-26 15:29:01 [INFO]   Record 05: Event ID: EVT8529 | Event Name: Ramadan Football Festival | Sport: Football | Venue: Aspir...
2026-03-26 15:29:01 [INFO]   Record 06: Event ID: EVT6090 | Event Name: National Team Preparation Match | Sport: Football | Venue:...
2026-03-26 15:29:01 [INFO]   Record 07: Event ID: EVT2974 | Event Name: Qatar Cup Semi Final | Sport: Football | Venue: Lusail Sta...
2026-03-26 15:29:01 [INFO] ------------------------------------------------------------------
2026-03-26 15:29:01 [INFO] File written successfully.
2026-03-26 15:29:01 [INFO]   Full path : /home/cloudera/mos_qatar_demo_poc/landing/mos_sports_events_20260326_152901.txt
2026-03-26 15:29:01 [INFO]   Size      : 1800 bytes
2026-03-26 15:29:01 [INFO]   Records   : 7
2026-03-26 15:29:01 [INFO] ==================================================================
2026-03-26 15:29:01 [INFO]   Generator Completed Successfully
2026-03-26 15:29:01 [INFO] ==================================================================
