2026-03-24 16:39:01 [INFO] ==================================================================
2026-03-24 16:39:01 [INFO]   MOS Qatar Demo - Sports Data Generator
2026-03-24 16:39:01 [INFO] ==================================================================
2026-03-24 16:39:01 [INFO] Config file   : /home/cloudera/mos_qatar_demo_poc/config/mos_qatar_demo.ini
2026-03-24 16:39:01 [INFO] Landing dir   : /home/cloudera/mos_qatar_demo_poc/landing
2026-03-24 16:39:01 [INFO] Output file   : mos_sports_events_20260324_163901.txt
2026-03-24 16:39:01 [INFO] Records count : 6
2026-03-24 16:39:01 [INFO] ------------------------------------------------------------------
2026-03-24 16:39:01 [INFO]   Record 01: Event ID: EVT8209 | Event Name: Arab Nations Championship Group Stage | Sport: Swimming | ...
2026-03-24 16:39:01 [INFO]   Record 02: Event ID: EVT7681 | Event Name: Ministry Invitational Friendly Tournament | Sport: Footbal...
2026-03-24 16:39:01 [INFO]   Record 03: Event ID: EVT9644 | Event Name: Qatar Premier League Match Day 12 | Sport: Handball | Venu...
2026-03-24 16:39:01 [INFO]   Record 04: Event ID: EVT5077 | Event Name: Qatar Cup Final | Sport: Swimming | Venue: Al Thumama Stad...
2026-03-24 16:39:01 [INFO]   Record 05: Event ID: EVT1077 | Event Name: FIFA World Cup Qatar Legacy Match | Sport: Swimming | Venu...
2026-03-24 16:39:01 [INFO]   Record 06: Event ID: EVT6363 | Event Name: Gulf Cup Qualifier Round 1 | Sport: Football | Venue: Qata...
2026-03-24 16:39:01 [INFO] ------------------------------------------------------------------
2026-03-24 16:39:01 [INFO] File written successfully.
2026-03-24 16:39:01 [INFO]   Full path : /home/cloudera/mos_qatar_demo_poc/landing/mos_sports_events_20260324_163901.txt
2026-03-24 16:39:01 [INFO]   Size      : 1547 bytes
2026-03-24 16:39:01 [INFO]   Records   : 6
2026-03-24 16:39:01 [INFO] ==================================================================
2026-03-24 16:39:01 [INFO]   Generator Completed Successfully
2026-03-24 16:39:01 [INFO] ==================================================================
