2026-03-26 21:30:02 [INFO] ==================================================================
2026-03-26 21:30:02 [INFO]   MOS Qatar Demo - Sports Data Generator
2026-03-26 21:30:02 [INFO] ==================================================================
2026-03-26 21:30:02 [INFO] Config file   : /home/cloudera/mos_qatar_demo_poc/config/mos_qatar_demo.ini
2026-03-26 21:30:02 [INFO] Landing dir   : /home/cloudera/mos_qatar_demo_poc/landing
2026-03-26 21:30:02 [INFO] Output file   : mos_sports_events_20260326_213002.txt
2026-03-26 21:30:02 [INFO] Records count : 8
2026-03-26 21:30:02 [INFO] ------------------------------------------------------------------
2026-03-26 21:30:02 [INFO]   Record 01: Event ID: EVT8789 | Event Name: Qatar Cup Final | Sport: Football | Venue: Ahmad Bin Ali S...
2026-03-26 21:30:02 [INFO]   Record 02: Event ID: EVT5240 | Event Name: Qatar Under-20 Development League | Sport: Football | Venu...
2026-03-26 21:30:02 [INFO]   Record 03: Event ID: EVT8280 | Event Name: Gulf Youth Cup Semi Final | Sport: Swimming | Venue: Al Ja...
2026-03-26 21:30:02 [INFO]   Record 04: Event ID: EVT6135 | Event Name: Arab Nations Championship Group Stage | Sport: Football | ...
2026-03-26 21:30:02 [INFO]   Record 05: Event ID: EVT3664 | Event Name: Asian Qualifiers Warm-up Match | Sport: Football | Venue: ...
2026-03-26 21:30:02 [INFO]   Record 06: Event ID: EVT1957 | Event Name: GCC Club Championship Final | Sport: Handball | Venue: Qat...
2026-03-26 21:30:02 [INFO]   Record 07: Event ID: EVT1206 | Event Name: Qatar Cup Final | Sport: Volleyball | Venue: Lusail Stadiu...
2026-03-26 21:30:02 [INFO]   Record 08: Event ID: EVT1872 | Event Name: Gulf Youth Cup Quarter Final | Sport: Athletics | Venue: A...
2026-03-26 21:30:02 [INFO] ------------------------------------------------------------------
2026-03-26 21:30:02 [INFO] File written successfully.
2026-03-26 21:30:02 [INFO]   Full path : /home/cloudera/mos_qatar_demo_poc/landing/mos_sports_events_20260326_213002.txt
2026-03-26 21:30:02 [INFO]   Size      : 2049 bytes
2026-03-26 21:30:02 [INFO]   Records   : 8
2026-03-26 21:30:02 [INFO] ==================================================================
2026-03-26 21:30:02 [INFO]   Generator Completed Successfully
2026-03-26 21:30:02 [INFO] ==================================================================
