2026-03-25 16:12:02 [INFO] ==================================================================
2026-03-25 16:12:02 [INFO]   MOS Qatar Demo - Sports Data Generator
2026-03-25 16:12:02 [INFO] ==================================================================
2026-03-25 16:12:02 [INFO] Config file   : /home/cloudera/mos_qatar_demo_poc/config/mos_qatar_demo.ini
2026-03-25 16:12:02 [INFO] Landing dir   : /home/cloudera/mos_qatar_demo_poc/landing
2026-03-25 16:12:02 [INFO] Output file   : mos_sports_events_20260325_161202.txt
2026-03-25 16:12:02 [INFO] Records count : 6
2026-03-25 16:12:02 [INFO] ------------------------------------------------------------------
2026-03-25 16:12:02 [INFO]   Record 01: Event ID: EVT9291 | Event Name: Gulf Youth Cup Semi Final | Sport: Football | Venue: Ahmad...
2026-03-25 16:12:02 [INFO]   Record 02: Event ID: EVT6825 | Event Name: Arab Nations Championship Semi Final | Sport: Football | V...
2026-03-25 16:12:02 [INFO]   Record 03: Event ID: EVT4857 | Event Name: Arab Nations Championship Semi Final | Sport: Football | V...
2026-03-25 16:12:02 [INFO]   Record 04: Event ID: EVT7614 | Event Name: Gulf Youth Cup Quarter Final | Sport: Football | Venue: Kh...
2026-03-25 16:12:02 [INFO]   Record 05: Event ID: EVT4275 | Event Name: National Day Football Celebration | Sport: Handball | Venu...
2026-03-25 16:12:02 [INFO]   Record 06: Event ID: EVT3857 | Event Name: Doha Sports Festival Opening Match | Sport: Basketball | V...
2026-03-25 16:12:02 [INFO] ------------------------------------------------------------------
2026-03-25 16:12:02 [INFO] File written successfully.
2026-03-25 16:12:02 [INFO]   Full path : /home/cloudera/mos_qatar_demo_poc/landing/mos_sports_events_20260325_161202.txt
2026-03-25 16:12:02 [INFO]   Size      : 1572 bytes
2026-03-25 16:12:02 [INFO]   Records   : 6
2026-03-25 16:12:02 [INFO] ==================================================================
2026-03-25 16:12:02 [INFO]   Generator Completed Successfully
2026-03-25 16:12:02 [INFO] ==================================================================
