2026-03-25 12:09:02 [INFO] ==================================================================
2026-03-25 12:09:02 [INFO]   MOS Qatar Demo - Sports Data Generator
2026-03-25 12:09:02 [INFO] ==================================================================
2026-03-25 12:09:02 [INFO] Config file   : /home/cloudera/mos_qatar_demo_poc/config/mos_qatar_demo.ini
2026-03-25 12:09:02 [INFO] Landing dir   : /home/cloudera/mos_qatar_demo_poc/landing
2026-03-25 12:09:02 [INFO] Output file   : mos_sports_events_20260325_120902.txt
2026-03-25 12:09:02 [INFO] Records count : 8
2026-03-25 12:09:02 [INFO] ------------------------------------------------------------------
2026-03-25 12:09:02 [INFO]   Record 01: Event ID: EVT2331 | Event Name: Qatar Cup Final | Sport: Football | Venue: Ahmad Bin Ali S...
2026-03-25 12:09:02 [INFO]   Record 02: Event ID: EVT6025 | Event Name: Qatar Premier League Match Day 8 | Sport: Football | Venue...
2026-03-25 12:09:02 [INFO]   Record 03: Event ID: EVT4324 | Event Name: National Day Football Celebration | Sport: Football | Venu...
2026-03-25 12:09:02 [INFO]   Record 04: Event ID: EVT4010 | Event Name: Qatar Premier League Match Day 5 | Sport: Handball | Venue...
2026-03-25 12:09:02 [INFO]   Record 05: Event ID: EVT8280 | Event Name: GCC Club Championship Final | Sport: Football | Venue: Al ...
2026-03-25 12:09:02 [INFO]   Record 06: Event ID: EVT3510 | Event Name: Qatar Premier League Match Day 5 | Sport: Football | Venue...
2026-03-25 12:09:02 [INFO]   Record 07: Event ID: EVT3790 | Event Name: Ministry Invitational Friendly Tournament | Sport: Athleti...
2026-03-25 12:09:02 [INFO]   Record 08: Event ID: EVT2053 | Event Name: National Day Football Celebration | Sport: Football | Venu...
2026-03-25 12:09:02 [INFO] ------------------------------------------------------------------
2026-03-25 12:09:02 [INFO] File written successfully.
2026-03-25 12:09:02 [INFO]   Full path : /home/cloudera/mos_qatar_demo_poc/landing/mos_sports_events_20260325_120902.txt
2026-03-25 12:09:02 [INFO]   Size      : 2082 bytes
2026-03-25 12:09:02 [INFO]   Records   : 8
2026-03-25 12:09:02 [INFO] ==================================================================
2026-03-25 12:09:02 [INFO]   Generator Completed Successfully
2026-03-25 12:09:02 [INFO] ==================================================================
