2026-03-25 11:32:02 [INFO] ==================================================================
2026-03-25 11:32:02 [INFO]   MOS Qatar Demo - Sports Data Generator
2026-03-25 11:32:02 [INFO] ==================================================================
2026-03-25 11:32:02 [INFO] Config file   : /home/cloudera/mos_qatar_demo_poc/config/mos_qatar_demo.ini
2026-03-25 11:32:02 [INFO] Landing dir   : /home/cloudera/mos_qatar_demo_poc/landing
2026-03-25 11:32:02 [INFO] Output file   : mos_sports_events_20260325_113202.txt
2026-03-25 11:32:02 [INFO] Records count : 7
2026-03-25 11:32:02 [INFO] ------------------------------------------------------------------
2026-03-25 11:32:02 [INFO]   Record 01: Event ID: EVT9422 | Event Name: Asian Qualifiers Warm-up Match | Sport: Football | Venue: ...
2026-03-25 11:32:02 [INFO]   Record 02: Event ID: EVT9275 | Event Name: Gulf Youth Cup Final | Sport: Football | Venue: Al Janoub ...
2026-03-25 11:32:02 [INFO]   Record 03: Event ID: EVT9240 | Event Name: Qatar Schools Football League | Sport: Football | Venue: Q...
2026-03-25 11:32:02 [INFO]   Record 04: Event ID: EVT2240 | Event Name: Gulf Youth Cup Round 1 | Sport: Football | Venue: Al Janou...
2026-03-25 11:32:02 [INFO]   Record 05: Event ID: EVT5536 | Event Name: Gulf Cup Qualifier Round 1 | Sport: Football | Venue: Educ...
2026-03-25 11:32:02 [INFO]   Record 06: Event ID: EVT1569 | Event Name: Gulf Youth Cup Quarter Final | Sport: Basketball | Venue: ...
2026-03-25 11:32:02 [INFO]   Record 07: Event ID: EVT9937 | Event Name: Qatar Schools Football League | Sport: Volleyball | Venue:...
2026-03-25 11:32:02 [INFO] ------------------------------------------------------------------
2026-03-25 11:32:02 [INFO] File written successfully.
2026-03-25 11:32:02 [INFO]   Full path : /home/cloudera/mos_qatar_demo_poc/landing/mos_sports_events_20260325_113202.txt
2026-03-25 11:32:02 [INFO]   Size      : 1788 bytes
2026-03-25 11:32:02 [INFO]   Records   : 7
2026-03-25 11:32:02 [INFO] ==================================================================
2026-03-25 11:32:02 [INFO]   Generator Completed Successfully
2026-03-25 11:32:02 [INFO] ==================================================================
