2026-03-27 11:08:01 [INFO] ==================================================================
2026-03-27 11:08:01 [INFO]   MOS Qatar Demo - Sports Data Generator
2026-03-27 11:08:01 [INFO] ==================================================================
2026-03-27 11:08:01 [INFO] Config file   : /home/cloudera/mos_qatar_demo_poc/config/mos_qatar_demo.ini
2026-03-27 11:08:01 [INFO] Landing dir   : /home/cloudera/mos_qatar_demo_poc/landing
2026-03-27 11:08:01 [INFO] Output file   : mos_sports_events_20260327_110801.txt
2026-03-27 11:08:01 [INFO] Records count : 5
2026-03-27 11:08:01 [INFO] ------------------------------------------------------------------
2026-03-27 11:08:01 [INFO]   Record 01: Event ID: EVT3340 | Event Name: Qatar Cup Final | Sport: Football | Venue: Al Wakrah Sport...
2026-03-27 11:08:01 [INFO]   Record 02: Event ID: EVT6317 | Event Name: Arab Nations Championship Group Stage | Sport: Volleyball ...
2026-03-27 11:08:01 [INFO]   Record 03: Event ID: EVT8621 | Event Name: Qatar Cup Final | Sport: Handball | Venue: Al Bayt Stadium...
2026-03-27 11:08:01 [INFO]   Record 04: Event ID: EVT1525 | Event Name: Qatar Premier League Match Day 8 | Sport: Swimming | Venue...
2026-03-27 11:08:01 [INFO]   Record 05: Event ID: EVT5876 | Event Name: Arab Nations Championship Group Stage | Sport: Football | ...
2026-03-27 11:08:01 [INFO] ------------------------------------------------------------------
2026-03-27 11:08:01 [INFO] File written successfully.
2026-03-27 11:08:01 [INFO]   Full path : /home/cloudera/mos_qatar_demo_poc/landing/mos_sports_events_20260327_110801.txt
2026-03-27 11:08:01 [INFO]   Size      : 1265 bytes
2026-03-27 11:08:01 [INFO]   Records   : 5
2026-03-27 11:08:01 [INFO] ==================================================================
2026-03-27 11:08:01 [INFO]   Generator Completed Successfully
2026-03-27 11:08:01 [INFO] ==================================================================
