2026-03-24 20:04:02 [INFO] ==================================================================
2026-03-24 20:04:02 [INFO]   MOS Qatar Demo - Sports Data Generator
2026-03-24 20:04:02 [INFO] ==================================================================
2026-03-24 20:04:02 [INFO] Config file   : /home/cloudera/mos_qatar_demo_poc/config/mos_qatar_demo.ini
2026-03-24 20:04:02 [INFO] Landing dir   : /home/cloudera/mos_qatar_demo_poc/landing
2026-03-24 20:04:02 [INFO] Output file   : mos_sports_events_20260324_200402.txt
2026-03-24 20:04:02 [INFO] Records count : 4
2026-03-24 20:04:02 [INFO] ------------------------------------------------------------------
2026-03-24 20:04:02 [INFO]   Record 01: Event ID: EVT2494 | Event Name: National Day Football Celebration | Sport: Swimming | Venu...
2026-03-24 20:04:02 [INFO]   Record 02: Event ID: EVT5627 | Event Name: Arab Nations Championship Group Stage | Sport: Swimming | ...
2026-03-24 20:04:02 [INFO]   Record 03: Event ID: EVT8364 | Event Name: Qatar Premier League Match Day 5 | Sport: Football | Venue...
2026-03-24 20:04:02 [INFO]   Record 04: Event ID: EVT9982 | Event Name: National Day Football Celebration | Sport: Handball | Venu...
2026-03-24 20:04:02 [INFO] ------------------------------------------------------------------
2026-03-24 20:04:02 [INFO] File written successfully.
2026-03-24 20:04:02 [INFO]   Full path : /home/cloudera/mos_qatar_demo_poc/landing/mos_sports_events_20260324_200402.txt
2026-03-24 20:04:02 [INFO]   Size      : 1061 bytes
2026-03-24 20:04:02 [INFO]   Records   : 4
2026-03-24 20:04:02 [INFO] ==================================================================
2026-03-24 20:04:02 [INFO]   Generator Completed Successfully
2026-03-24 20:04:02 [INFO] ==================================================================
