2026-03-27 10:30:01 [INFO] ==================================================================
2026-03-27 10:30:01 [INFO]   MOS Qatar Demo - Sports Data Generator
2026-03-27 10:30:01 [INFO] ==================================================================
2026-03-27 10:30:01 [INFO] Config file   : /home/cloudera/mos_qatar_demo_poc/config/mos_qatar_demo.ini
2026-03-27 10:30:01 [INFO] Landing dir   : /home/cloudera/mos_qatar_demo_poc/landing
2026-03-27 10:30:01 [INFO] Output file   : mos_sports_events_20260327_103001.txt
2026-03-27 10:30:01 [INFO] Records count : 9
2026-03-27 10:30:01 [INFO] ------------------------------------------------------------------
2026-03-27 10:30:01 [INFO]   Record 01: Event ID: EVT1658 | Event Name: Qatar Premier League Match Day 8 | Sport: Swimming | Venue...
2026-03-27 10:30:01 [INFO]   Record 02: Event ID: EVT4785 | Event Name: Qatar Premier League Match Day 5 | Sport: Basketball | Ven...
2026-03-27 10:30:01 [INFO]   Record 03: Event ID: EVT6927 | Event Name: Qatar Schools Football League | Sport: Athletics | Venue: ...
2026-03-27 10:30:01 [INFO]   Record 04: Event ID: EVT2454 | Event Name: Asian Qualifiers Warm-up Match | Sport: Football | Venue: ...
2026-03-27 10:30:01 [INFO]   Record 05: Event ID: EVT7109 | Event Name: Asian Qualifiers Warm-up Match | Sport: Swimming | Venue: ...
2026-03-27 10:30:01 [INFO]   Record 06: Event ID: EVT8453 | Event Name: Qatar Cup Semi Final | Sport: Football | Venue: Education ...
2026-03-27 10:30:01 [INFO]   Record 07: Event ID: EVT5784 | Event Name: Qatar Premier League Match Day 8 | Sport: Swimming | Venue...
2026-03-27 10:30:01 [INFO]   Record 08: Event ID: EVT3470 | Event Name: Qatar Under-20 Development League | Sport: Football | Venu...
2026-03-27 10:30:01 [INFO]   Record 09: Event ID: EVT1773 | Event Name: Qatar Olympic Training Camp Evaluation | Sport: Football |...
2026-03-27 10:30:01 [INFO] ------------------------------------------------------------------
2026-03-27 10:30:01 [INFO] File written successfully.
2026-03-27 10:30:01 [INFO]   Full path : /home/cloudera/mos_qatar_demo_poc/landing/mos_sports_events_20260327_103001.txt
2026-03-27 10:30:01 [INFO]   Size      : 2341 bytes
2026-03-27 10:30:01 [INFO]   Records   : 9
2026-03-27 10:30:01 [INFO] ==================================================================
2026-03-27 10:30:01 [INFO]   Generator Completed Successfully
2026-03-27 10:30:01 [INFO] ==================================================================
