2026-03-25 07:58:02 [INFO] ==================================================================
2026-03-25 07:58:02 [INFO]   MOS Qatar Demo - Sports Data Generator
2026-03-25 07:58:02 [INFO] ==================================================================
2026-03-25 07:58:02 [INFO] Config file   : /home/cloudera/mos_qatar_demo_poc/config/mos_qatar_demo.ini
2026-03-25 07:58:02 [INFO] Landing dir   : /home/cloudera/mos_qatar_demo_poc/landing
2026-03-25 07:58:02 [INFO] Output file   : mos_sports_events_20260325_075802.txt
2026-03-25 07:58:02 [INFO] Records count : 4
2026-03-25 07:58:02 [INFO] ------------------------------------------------------------------
2026-03-25 07:58:02 [INFO]   Record 01: Event ID: EVT4154 | Event Name: Gulf Youth Cup Semi Final | Sport: Football | Venue: Aspir...
2026-03-25 07:58:02 [INFO]   Record 02: Event ID: EVT9882 | Event Name: Ministry Invitational Friendly Tournament | Sport: Footbal...
2026-03-25 07:58:02 [INFO]   Record 03: Event ID: EVT5691 | Event Name: Gulf Youth Cup Quarter Final | Sport: Athletics | Venue: Q...
2026-03-25 07:58:02 [INFO]   Record 04: Event ID: EVT5822 | Event Name: GCC Club Championship Semi Final | Sport: Volleyball | Ven...
2026-03-25 07:58:02 [INFO] ------------------------------------------------------------------
2026-03-25 07:58:02 [INFO] File written successfully.
2026-03-25 07:58:02 [INFO]   Full path : /home/cloudera/mos_qatar_demo_poc/landing/mos_sports_events_20260325_075802.txt
2026-03-25 07:58:02 [INFO]   Size      : 1039 bytes
2026-03-25 07:58:02 [INFO]   Records   : 4
2026-03-25 07:58:02 [INFO] ==================================================================
2026-03-25 07:58:02 [INFO]   Generator Completed Successfully
2026-03-25 07:58:02 [INFO] ==================================================================
