2026-03-25 05:54:01 [INFO] ==================================================================
2026-03-25 05:54:01 [INFO]   MOS Qatar Demo - Sports Data Generator
2026-03-25 05:54:01 [INFO] ==================================================================
2026-03-25 05:54:01 [INFO] Config file   : /home/cloudera/mos_qatar_demo_poc/config/mos_qatar_demo.ini
2026-03-25 05:54:01 [INFO] Landing dir   : /home/cloudera/mos_qatar_demo_poc/landing
2026-03-25 05:54:01 [INFO] Output file   : mos_sports_events_20260325_055401.txt
2026-03-25 05:54:01 [INFO] Records count : 4
2026-03-25 05:54:01 [INFO] ------------------------------------------------------------------
2026-03-25 05:54:01 [INFO]   Record 01: Event ID: EVT6046 | Event Name: National Day Football Celebration | Sport: Football | Venu...
2026-03-25 05:54:01 [INFO]   Record 02: Event ID: EVT1121 | Event Name: Arab Nations Championship Semi Final | Sport: Handball | V...
2026-03-25 05:54:01 [INFO]   Record 03: Event ID: EVT6174 | Event Name: GCC Club Championship Final | Sport: Football | Venue: Asp...
2026-03-25 05:54:01 [INFO]   Record 04: Event ID: EVT9612 | Event Name: Gulf Youth Cup Round 2 | Sport: Athletics | Venue: Educati...
2026-03-25 05:54:01 [INFO] ------------------------------------------------------------------
2026-03-25 05:54:01 [INFO] File written successfully.
2026-03-25 05:54:01 [INFO]   Full path : /home/cloudera/mos_qatar_demo_poc/landing/mos_sports_events_20260325_055401.txt
2026-03-25 05:54:01 [INFO]   Size      : 1050 bytes
2026-03-25 05:54:01 [INFO]   Records   : 4
2026-03-25 05:54:01 [INFO] ==================================================================
2026-03-25 05:54:01 [INFO]   Generator Completed Successfully
2026-03-25 05:54:01 [INFO] ==================================================================
