2026-03-26 00:23:01 [INFO] ==================================================================
2026-03-26 00:23:01 [INFO]   MOS Qatar Demo - Sports Data Generator
2026-03-26 00:23:01 [INFO] ==================================================================
2026-03-26 00:23:01 [INFO] Config file   : /home/cloudera/mos_qatar_demo_poc/config/mos_qatar_demo.ini
2026-03-26 00:23:01 [INFO] Landing dir   : /home/cloudera/mos_qatar_demo_poc/landing
2026-03-26 00:23:01 [INFO] Output file   : mos_sports_events_20260326_002301.txt
2026-03-26 00:23:01 [INFO] Records count : 4
2026-03-26 00:23:01 [INFO] ------------------------------------------------------------------
2026-03-26 00:23:01 [INFO]   Record 01: Event ID: EVT8205 | Event Name: Gulf Youth Cup Round 2 | Sport: Handball | Venue: Al Bayt ...
2026-03-26 00:23:01 [INFO]   Record 02: Event ID: EVT1600 | Event Name: Gulf Youth Cup Final | Sport: Athletics | Venue: Lusail St...
2026-03-26 00:23:01 [INFO]   Record 03: Event ID: EVT2073 | Event Name: National Day Football Celebration | Sport: Football | Venu...
2026-03-26 00:23:01 [INFO]   Record 04: Event ID: EVT3527 | Event Name: Qatar Premier League Match Day 5 | Sport: Basketball | Ven...
2026-03-26 00:23:01 [INFO] ------------------------------------------------------------------
2026-03-26 00:23:01 [INFO] File written successfully.
2026-03-26 00:23:01 [INFO]   Full path : /home/cloudera/mos_qatar_demo_poc/landing/mos_sports_events_20260326_002301.txt
2026-03-26 00:23:01 [INFO]   Size      : 1012 bytes
2026-03-26 00:23:01 [INFO]   Records   : 4
2026-03-26 00:23:01 [INFO] ==================================================================
2026-03-26 00:23:01 [INFO]   Generator Completed Successfully
2026-03-26 00:23:01 [INFO] ==================================================================
