2026-03-27 18:04:02 [INFO] ==================================================================
2026-03-27 18:04:02 [INFO]   MOS Qatar Demo - Sports Data Generator
2026-03-27 18:04:02 [INFO] ==================================================================
2026-03-27 18:04:02 [INFO] Config file   : /home/cloudera/mos_qatar_demo_poc/config/mos_qatar_demo.ini
2026-03-27 18:04:02 [INFO] Landing dir   : /home/cloudera/mos_qatar_demo_poc/landing
2026-03-27 18:04:02 [INFO] Output file   : mos_sports_events_20260327_180402.txt
2026-03-27 18:04:02 [INFO] Records count : 9
2026-03-27 18:04:02 [INFO] ------------------------------------------------------------------
2026-03-27 18:04:02 [INFO]   Record 01: Event ID: EVT3423 | Event Name: FIFA World Cup Qatar Legacy Match | Sport: Football | Venu...
2026-03-27 18:04:02 [INFO]   Record 02: Event ID: EVT7183 | Event Name: Doha Sports Festival Opening Match | Sport: Football | Ven...
2026-03-27 18:04:02 [INFO]   Record 03: Event ID: EVT3496 | Event Name: Ministry Youth Sports Day | Sport: Football | Venue: Khali...
2026-03-27 18:04:02 [INFO]   Record 04: Event ID: EVT7281 | Event Name: Gulf Youth Cup Final | Sport: Basketball | Venue: Qatar Sp...
2026-03-27 18:04:02 [INFO]   Record 05: Event ID: EVT1140 | Event Name: Gulf Youth Cup Round 2 | Sport: Football | Venue: Educatio...
2026-03-27 18:04:02 [INFO]   Record 06: Event ID: EVT6862 | Event Name: Qatar Cup Semi Final | Sport: Basketball | Venue: Al Bayt ...
2026-03-27 18:04:02 [INFO]   Record 07: Event ID: EVT4415 | Event Name: GCC Club Championship Final | Sport: Football | Venue: Al ...
2026-03-27 18:04:02 [INFO]   Record 08: Event ID: EVT7969 | Event Name: GCC Club Championship Semi Final | Sport: Basketball | Ven...
2026-03-27 18:04:02 [INFO]   Record 09: Event ID: EVT8148 | Event Name: Qatar Premier League Match Day 12 | Sport: Football | Venu...
2026-03-27 18:04:02 [INFO] ------------------------------------------------------------------
2026-03-27 18:04:02 [INFO] File written successfully.
2026-03-27 18:04:02 [INFO]   Full path : /home/cloudera/mos_qatar_demo_poc/landing/mos_sports_events_20260327_180402.txt
2026-03-27 18:04:02 [INFO]   Size      : 2292 bytes
2026-03-27 18:04:02 [INFO]   Records   : 9
2026-03-27 18:04:02 [INFO] ==================================================================
2026-03-27 18:04:02 [INFO]   Generator Completed Successfully
2026-03-27 18:04:02 [INFO] ==================================================================
