2026-03-25 05:00:01 [INFO] ==================================================================
2026-03-25 05:00:01 [INFO]   MOS Qatar Demo - Sports Data Generator
2026-03-25 05:00:01 [INFO] ==================================================================
2026-03-25 05:00:01 [INFO] Config file   : /home/cloudera/mos_qatar_demo_poc/config/mos_qatar_demo.ini
2026-03-25 05:00:01 [INFO] Landing dir   : /home/cloudera/mos_qatar_demo_poc/landing
2026-03-25 05:00:01 [INFO] Output file   : mos_sports_events_20260325_050001.txt
2026-03-25 05:00:01 [INFO] Records count : 7
2026-03-25 05:00:01 [INFO] ------------------------------------------------------------------
2026-03-25 05:00:01 [INFO]   Record 01: Event ID: EVT9753 | Event Name: Asian Qualifiers Warm-up Match | Sport: Handball | Venue: ...
2026-03-25 05:00:01 [INFO]   Record 02: Event ID: EVT3111 | Event Name: Gulf Cup Qualifier Round 1 | Sport: Basketball | Venue: As...
2026-03-25 05:00:01 [INFO]   Record 03: Event ID: EVT2648 | Event Name: Qatar Cup Final | Sport: Football | Venue: Al Bayt Stadium...
2026-03-25 05:00:01 [INFO]   Record 04: Event ID: EVT8022 | Event Name: Arab Nations Championship Group Stage | Sport: Football | ...
2026-03-25 05:00:01 [INFO]   Record 05: Event ID: EVT9197 | Event Name: National Day Football Celebration | Sport: Football | Venu...
2026-03-25 05:00:01 [INFO]   Record 06: Event ID: EVT6602 | Event Name: Arab Nations Championship Semi Final | Sport: Basketball |...
2026-03-25 05:00:01 [INFO]   Record 07: Event ID: EVT1145 | Event Name: Ramadan Football Festival | Sport: Football | Venue: Aspir...
2026-03-25 05:00:01 [INFO] ------------------------------------------------------------------
2026-03-25 05:00:01 [INFO] File written successfully.
2026-03-25 05:00:01 [INFO]   Full path : /home/cloudera/mos_qatar_demo_poc/landing/mos_sports_events_20260325_050001.txt
2026-03-25 05:00:01 [INFO]   Size      : 1811 bytes
2026-03-25 05:00:01 [INFO]   Records   : 7
2026-03-25 05:00:01 [INFO] ==================================================================
2026-03-25 05:00:01 [INFO]   Generator Completed Successfully
2026-03-25 05:00:01 [INFO] ==================================================================
