2026-03-26 23:21:02 [INFO] ==================================================================
2026-03-26 23:21:02 [INFO]   MOS Qatar Demo - Sports Data Generator
2026-03-26 23:21:02 [INFO] ==================================================================
2026-03-26 23:21:02 [INFO] Config file   : /home/cloudera/mos_qatar_demo_poc/config/mos_qatar_demo.ini
2026-03-26 23:21:02 [INFO] Landing dir   : /home/cloudera/mos_qatar_demo_poc/landing
2026-03-26 23:21:02 [INFO] Output file   : mos_sports_events_20260326_232102.txt
2026-03-26 23:21:02 [INFO] Records count : 8
2026-03-26 23:21:02 [INFO] ------------------------------------------------------------------
2026-03-26 23:21:02 [INFO]   Record 01: Event ID: EVT5747 | Event Name: Ministry Youth Sports Day | Sport: Football | Venue: Ahmad...
2026-03-26 23:21:02 [INFO]   Record 02: Event ID: EVT4002 | Event Name: Doha Sports Festival Opening Match | Sport: Football | Ven...
2026-03-26 23:21:02 [INFO]   Record 03: Event ID: EVT5297 | Event Name: Gulf Cup Qualifier Round 1 | Sport: Football | Venue: Qata...
2026-03-26 23:21:02 [INFO]   Record 04: Event ID: EVT3989 | Event Name: National Day Football Celebration | Sport: Football | Venu...
2026-03-26 23:21:02 [INFO]   Record 05: Event ID: EVT5093 | Event Name: GCC Club Championship Final | Sport: Volleyball | Venue: A...
2026-03-26 23:21:02 [INFO]   Record 06: Event ID: EVT6885 | Event Name: Ramadan Football Festival | Sport: Football | Venue: Educa...
2026-03-26 23:21:02 [INFO]   Record 07: Event ID: EVT3477 | Event Name: Gulf Youth Cup Round 2 | Sport: Football | Venue: Al Thuma...
2026-03-26 23:21:02 [INFO]   Record 08: Event ID: EVT9894 | Event Name: FIFA World Cup Qatar Legacy Match | Sport: Football | Venu...
2026-03-26 23:21:02 [INFO] ------------------------------------------------------------------
2026-03-26 23:21:02 [INFO] File written successfully.
2026-03-26 23:21:02 [INFO]   Full path : /home/cloudera/mos_qatar_demo_poc/landing/mos_sports_events_20260326_232102.txt
2026-03-26 23:21:02 [INFO]   Size      : 2064 bytes
2026-03-26 23:21:02 [INFO]   Records   : 8
2026-03-26 23:21:02 [INFO] ==================================================================
2026-03-26 23:21:02 [INFO]   Generator Completed Successfully
2026-03-26 23:21:02 [INFO] ==================================================================
