2026-03-27 00:08:01 [INFO] ==================================================================
2026-03-27 00:08:01 [INFO]   MOS Qatar Demo - Sports Data Generator
2026-03-27 00:08:01 [INFO] ==================================================================
2026-03-27 00:08:01 [INFO] Config file   : /home/cloudera/mos_qatar_demo_poc/config/mos_qatar_demo.ini
2026-03-27 00:08:01 [INFO] Landing dir   : /home/cloudera/mos_qatar_demo_poc/landing
2026-03-27 00:08:01 [INFO] Output file   : mos_sports_events_20260327_000801.txt
2026-03-27 00:08:01 [INFO] Records count : 6
2026-03-27 00:08:01 [INFO] ------------------------------------------------------------------
2026-03-27 00:08:01 [INFO]   Record 01: Event ID: EVT9469 | Event Name: Ramadan Football Festival | Sport: Athletics | Venue: Al W...
2026-03-27 00:08:01 [INFO]   Record 02: Event ID: EVT8344 | Event Name: Qatar Premier League Match Day 8 | Sport: Handball | Venue...
2026-03-27 00:08:01 [INFO]   Record 03: Event ID: EVT4165 | Event Name: Qatar Premier League Match Day 5 | Sport: Football | Venue...
2026-03-27 00:08:01 [INFO]   Record 04: Event ID: EVT2551 | Event Name: Doha Sports Festival Opening Match | Sport: Football | Ven...
2026-03-27 00:08:01 [INFO]   Record 05: Event ID: EVT2968 | Event Name: National Day Football Celebration | Sport: Football | Venu...
2026-03-27 00:08:01 [INFO]   Record 06: Event ID: EVT4890 | Event Name: Qatar Schools Football League | Sport: Volleyball | Venue:...
2026-03-27 00:08:01 [INFO] ------------------------------------------------------------------
2026-03-27 00:08:01 [INFO] File written successfully.
2026-03-27 00:08:01 [INFO]   Full path : /home/cloudera/mos_qatar_demo_poc/landing/mos_sports_events_20260327_000801.txt
2026-03-27 00:08:01 [INFO]   Size      : 1566 bytes
2026-03-27 00:08:01 [INFO]   Records   : 6
2026-03-27 00:08:01 [INFO] ==================================================================
2026-03-27 00:08:01 [INFO]   Generator Completed Successfully
2026-03-27 00:08:01 [INFO] ==================================================================
