2026-03-25 18:08:01 [INFO] ==================================================================
2026-03-25 18:08:01 [INFO]   MOS Qatar Demo - Sports Data Generator
2026-03-25 18:08:01 [INFO] ==================================================================
2026-03-25 18:08:01 [INFO] Config file   : /home/cloudera/mos_qatar_demo_poc/config/mos_qatar_demo.ini
2026-03-25 18:08:01 [INFO] Landing dir   : /home/cloudera/mos_qatar_demo_poc/landing
2026-03-25 18:08:01 [INFO] Output file   : mos_sports_events_20260325_180801.txt
2026-03-25 18:08:01 [INFO] Records count : 9
2026-03-25 18:08:01 [INFO] ------------------------------------------------------------------
2026-03-25 18:08:01 [INFO]   Record 01: Event ID: EVT1620 | Event Name: Gulf Youth Cup Round 1 | Sport: Handball | Venue: Al Thuma...
2026-03-25 18:08:01 [INFO]   Record 02: Event ID: EVT2409 | Event Name: GCC Club Championship Quarter Final | Sport: Football | Ve...
2026-03-25 18:08:01 [INFO]   Record 03: Event ID: EVT2748 | Event Name: National Team Preparation Match | Sport: Football | Venue:...
2026-03-25 18:08:01 [INFO]   Record 04: Event ID: EVT7998 | Event Name: Qatar Cup Final | Sport: Football | Venue: Aspire Zone Are...
2026-03-25 18:08:01 [INFO]   Record 05: Event ID: EVT3679 | Event Name: Gulf Cup Qualifier Round 1 | Sport: Football | Venue: Ahma...
2026-03-25 18:08:01 [INFO]   Record 06: Event ID: EVT4933 | Event Name: National Day Football Celebration | Sport: Basketball | Ve...
2026-03-25 18:08:01 [INFO]   Record 07: Event ID: EVT8519 | Event Name: Gulf Youth Cup Round 1 | Sport: Athletics | Venue: Lusail ...
2026-03-25 18:08:01 [INFO]   Record 08: Event ID: EVT8032 | Event Name: Gulf Youth Cup Round 1 | Sport: Football | Venue: Al Bayt ...
2026-03-25 18:08:01 [INFO]   Record 09: Event ID: EVT6033 | Event Name: Ramadan Football Festival | Sport: Volleyball | Venue: Al ...
2026-03-25 18:08:01 [INFO] ------------------------------------------------------------------
2026-03-25 18:08:01 [INFO] File written successfully.
2026-03-25 18:08:01 [INFO]   Full path : /home/cloudera/mos_qatar_demo_poc/landing/mos_sports_events_20260325_180801.txt
2026-03-25 18:08:01 [INFO]   Size      : 2272 bytes
2026-03-25 18:08:01 [INFO]   Records   : 9
2026-03-25 18:08:01 [INFO] ==================================================================
2026-03-25 18:08:01 [INFO]   Generator Completed Successfully
2026-03-25 18:08:01 [INFO] ==================================================================
