2026-03-25 06:26:01 [INFO] ==================================================================
2026-03-25 06:26:01 [INFO]   MOS Qatar Demo - Sports Data Generator
2026-03-25 06:26:01 [INFO] ==================================================================
2026-03-25 06:26:01 [INFO] Config file   : /home/cloudera/mos_qatar_demo_poc/config/mos_qatar_demo.ini
2026-03-25 06:26:01 [INFO] Landing dir   : /home/cloudera/mos_qatar_demo_poc/landing
2026-03-25 06:26:01 [INFO] Output file   : mos_sports_events_20260325_062601.txt
2026-03-25 06:26:01 [INFO] Records count : 5
2026-03-25 06:26:01 [INFO] ------------------------------------------------------------------
2026-03-25 06:26:01 [INFO]   Record 01: Event ID: EVT5937 | Event Name: Arab Nations Championship Semi Final | Sport: Basketball |...
2026-03-25 06:26:01 [INFO]   Record 02: Event ID: EVT3740 | Event Name: MOS Annual Charity Football Gala | Sport: Football | Venue...
2026-03-25 06:26:01 [INFO]   Record 03: Event ID: EVT7392 | Event Name: National Day Football Celebration | Sport: Basketball | Ve...
2026-03-25 06:26:01 [INFO]   Record 04: Event ID: EVT7168 | Event Name: Qatar Premier League Match Day 5 | Sport: Football | Venue...
2026-03-25 06:26:01 [INFO]   Record 05: Event ID: EVT4672 | Event Name: FIFA World Cup Qatar Legacy Match | Sport: Football | Venu...
2026-03-25 06:26:01 [INFO] ------------------------------------------------------------------
2026-03-25 06:26:01 [INFO] File written successfully.
2026-03-25 06:26:01 [INFO]   Full path : /home/cloudera/mos_qatar_demo_poc/landing/mos_sports_events_20260325_062601.txt
2026-03-25 06:26:01 [INFO]   Size      : 1316 bytes
2026-03-25 06:26:01 [INFO]   Records   : 5
2026-03-25 06:26:01 [INFO] ==================================================================
2026-03-25 06:26:01 [INFO]   Generator Completed Successfully
2026-03-25 06:26:01 [INFO] ==================================================================
