2026-03-25 14:42:01 [INFO] ==================================================================
2026-03-25 14:42:01 [INFO]   MOS Qatar Demo - Sports Data Generator
2026-03-25 14:42:01 [INFO] ==================================================================
2026-03-25 14:42:01 [INFO] Config file   : /home/cloudera/mos_qatar_demo_poc/config/mos_qatar_demo.ini
2026-03-25 14:42:01 [INFO] Landing dir   : /home/cloudera/mos_qatar_demo_poc/landing
2026-03-25 14:42:01 [INFO] Output file   : mos_sports_events_20260325_144201.txt
2026-03-25 14:42:01 [INFO] Records count : 9
2026-03-25 14:42:01 [INFO] ------------------------------------------------------------------
2026-03-25 14:42:01 [INFO]   Record 01: Event ID: EVT5896 | Event Name: Ramadan Football Festival | Sport: Football | Venue: Lusai...
2026-03-25 14:42:01 [INFO]   Record 02: Event ID: EVT2915 | Event Name: GCC Club Championship Quarter Final | Sport: Basketball | ...
2026-03-25 14:42:01 [INFO]   Record 03: Event ID: EVT8034 | Event Name: MOS Annual Charity Football Gala | Sport: Swimming | Venue...
2026-03-25 14:42:01 [INFO]   Record 04: Event ID: EVT5586 | Event Name: Gulf Youth Cup Round 1 | Sport: Basketball | Venue: Al Wak...
2026-03-25 14:42:01 [INFO]   Record 05: Event ID: EVT7162 | Event Name: National Day Football Celebration | Sport: Athletics | Ven...
2026-03-25 14:42:01 [INFO]   Record 06: Event ID: EVT5316 | Event Name: Arab Nations Championship Semi Final | Sport: Football | V...
2026-03-25 14:42:01 [INFO]   Record 07: Event ID: EVT3285 | Event Name: Gulf Youth Cup Quarter Final | Sport: Football | Venue: Ed...
2026-03-25 14:42:01 [INFO]   Record 08: Event ID: EVT8702 | Event Name: Qatar Cup Semi Final | Sport: Football | Venue: Aspire Zon...
2026-03-25 14:42:01 [INFO]   Record 09: Event ID: EVT5865 | Event Name: Qatar Premier League Match Day 5 | Sport: Football | Venue...
2026-03-25 14:42:01 [INFO] ------------------------------------------------------------------
2026-03-25 14:42:01 [INFO] File written successfully.
2026-03-25 14:42:01 [INFO]   Full path : /home/cloudera/mos_qatar_demo_poc/landing/mos_sports_events_20260325_144201.txt
2026-03-25 14:42:01 [INFO]   Size      : 2359 bytes
2026-03-25 14:42:01 [INFO]   Records   : 9
2026-03-25 14:42:01 [INFO] ==================================================================
2026-03-25 14:42:01 [INFO]   Generator Completed Successfully
2026-03-25 14:42:01 [INFO] ==================================================================
