2026-03-26 11:40:02 [INFO] ==================================================================
2026-03-26 11:40:02 [INFO]   MOS Qatar Demo - Sports Data Generator
2026-03-26 11:40:02 [INFO] ==================================================================
2026-03-26 11:40:02 [INFO] Config file   : /home/cloudera/mos_qatar_demo_poc/config/mos_qatar_demo.ini
2026-03-26 11:40:02 [INFO] Landing dir   : /home/cloudera/mos_qatar_demo_poc/landing
2026-03-26 11:40:02 [INFO] Output file   : mos_sports_events_20260326_114002.txt
2026-03-26 11:40:02 [INFO] Records count : 9
2026-03-26 11:40:02 [INFO] ------------------------------------------------------------------
2026-03-26 11:40:02 [INFO]   Record 01: Event ID: EVT3443 | Event Name: Gulf Youth Cup Semi Final | Sport: Volleyball | Venue: Kha...
2026-03-26 11:40:02 [INFO]   Record 02: Event ID: EVT9135 | Event Name: Qatar Cup Final | Sport: Swimming | Venue: Lusail Stadium ...
2026-03-26 11:40:02 [INFO]   Record 03: Event ID: EVT4836 | Event Name: Gulf Cup Qualifier Round 1 | Sport: Handball | Venue: Al B...
2026-03-26 11:40:02 [INFO]   Record 04: Event ID: EVT9037 | Event Name: Qatar Cup Final | Sport: Football | Venue: Al Thumama Stad...
2026-03-26 11:40:02 [INFO]   Record 05: Event ID: EVT5835 | Event Name: Qatar Olympic Training Camp Evaluation | Sport: Basketball...
2026-03-26 11:40:02 [INFO]   Record 06: Event ID: EVT5549 | Event Name: Gulf Youth Cup Round 2 | Sport: Football | Venue: Al Janou...
2026-03-26 11:40:02 [INFO]   Record 07: Event ID: EVT2855 | Event Name: Qatar Premier League Match Day 8 | Sport: Football | Venue...
2026-03-26 11:40:02 [INFO]   Record 08: Event ID: EVT7152 | Event Name: Gulf Youth Cup Semi Final | Sport: Football | Venue: Educa...
2026-03-26 11:40:02 [INFO]   Record 09: Event ID: EVT3451 | Event Name: Qatar Schools Football League | Sport: Football | Venue: E...
2026-03-26 11:40:02 [INFO] ------------------------------------------------------------------
2026-03-26 11:40:02 [INFO] File written successfully.
2026-03-26 11:40:02 [INFO]   Full path : /home/cloudera/mos_qatar_demo_poc/landing/mos_sports_events_20260326_114002.txt
2026-03-26 11:40:02 [INFO]   Size      : 2305 bytes
2026-03-26 11:40:02 [INFO]   Records   : 9
2026-03-26 11:40:02 [INFO] ==================================================================
2026-03-26 11:40:02 [INFO]   Generator Completed Successfully
2026-03-26 11:40:02 [INFO] ==================================================================
