2026-03-26 16:13:02 [INFO] ==================================================================
2026-03-26 16:13:02 [INFO]   MOS Qatar Demo - Sports Data Generator
2026-03-26 16:13:02 [INFO] ==================================================================
2026-03-26 16:13:02 [INFO] Config file   : /home/cloudera/mos_qatar_demo_poc/config/mos_qatar_demo.ini
2026-03-26 16:13:02 [INFO] Landing dir   : /home/cloudera/mos_qatar_demo_poc/landing
2026-03-26 16:13:02 [INFO] Output file   : mos_sports_events_20260326_161302.txt
2026-03-26 16:13:02 [INFO] Records count : 7
2026-03-26 16:13:02 [INFO] ------------------------------------------------------------------
2026-03-26 16:13:02 [INFO]   Record 01: Event ID: EVT3596 | Event Name: FIFA World Cup Qatar Legacy Match | Sport: Volleyball | Ve...
2026-03-26 16:13:02 [INFO]   Record 02: Event ID: EVT1678 | Event Name: Arab Nations Championship Group Stage | Sport: Football | ...
2026-03-26 16:13:02 [INFO]   Record 03: Event ID: EVT4042 | Event Name: GCC Club Championship Final | Sport: Basketball | Venue: E...
2026-03-26 16:13:02 [INFO]   Record 04: Event ID: EVT1517 | Event Name: Ramadan Football Festival | Sport: Football | Venue: Ahmad...
2026-03-26 16:13:02 [INFO]   Record 05: Event ID: EVT3167 | Event Name: Qatar Under-20 Development League | Sport: Volleyball | Ve...
2026-03-26 16:13:02 [INFO]   Record 06: Event ID: EVT3475 | Event Name: FIFA World Cup Qatar Legacy Match | Sport: Swimming | Venu...
2026-03-26 16:13:02 [INFO]   Record 07: Event ID: EVT8551 | Event Name: Qatar Under-20 Development League | Sport: Basketball | Ve...
2026-03-26 16:13:02 [INFO] ------------------------------------------------------------------
2026-03-26 16:13:02 [INFO] File written successfully.
2026-03-26 16:13:02 [INFO]   Full path : /home/cloudera/mos_qatar_demo_poc/landing/mos_sports_events_20260326_161302.txt
2026-03-26 16:13:02 [INFO]   Size      : 1856 bytes
2026-03-26 16:13:02 [INFO]   Records   : 7
2026-03-26 16:13:02 [INFO] ==================================================================
2026-03-26 16:13:02 [INFO]   Generator Completed Successfully
2026-03-26 16:13:02 [INFO] ==================================================================
