2026-03-27 09:36:01 [INFO] ==================================================================
2026-03-27 09:36:01 [INFO]   MOS Qatar Demo - Sports Data Generator
2026-03-27 09:36:01 [INFO] ==================================================================
2026-03-27 09:36:01 [INFO] Config file   : /home/cloudera/mos_qatar_demo_poc/config/mos_qatar_demo.ini
2026-03-27 09:36:01 [INFO] Landing dir   : /home/cloudera/mos_qatar_demo_poc/landing
2026-03-27 09:36:01 [INFO] Output file   : mos_sports_events_20260327_093601.txt
2026-03-27 09:36:01 [INFO] Records count : 7
2026-03-27 09:36:01 [INFO] ------------------------------------------------------------------
2026-03-27 09:36:01 [INFO]   Record 01: Event ID: EVT5886 | Event Name: National Day Football Celebration | Sport: Football | Venu...
2026-03-27 09:36:01 [INFO]   Record 02: Event ID: EVT6631 | Event Name: Qatar Premier League Match Day 5 | Sport: Athletics | Venu...
2026-03-27 09:36:01 [INFO]   Record 03: Event ID: EVT8871 | Event Name: Qatar Premier League Match Day 8 | Sport: Football | Venue...
2026-03-27 09:36:01 [INFO]   Record 04: Event ID: EVT7588 | Event Name: Qatar Olympic Training Camp Evaluation | Sport: Handball |...
2026-03-27 09:36:01 [INFO]   Record 05: Event ID: EVT1526 | Event Name: Gulf Youth Cup Final | Sport: Football | Venue: Al Thumama...
2026-03-27 09:36:01 [INFO]   Record 06: Event ID: EVT5924 | Event Name: Gulf Youth Cup Final | Sport: Football | Venue: Education ...
2026-03-27 09:36:01 [INFO]   Record 07: Event ID: EVT7311 | Event Name: FIFA World Cup Qatar Legacy Match | Sport: Football | Venu...
2026-03-27 09:36:01 [INFO] ------------------------------------------------------------------
2026-03-27 09:36:01 [INFO] File written successfully.
2026-03-27 09:36:01 [INFO]   Full path : /home/cloudera/mos_qatar_demo_poc/landing/mos_sports_events_20260327_093601.txt
2026-03-27 09:36:01 [INFO]   Size      : 1800 bytes
2026-03-27 09:36:01 [INFO]   Records   : 7
2026-03-27 09:36:01 [INFO] ==================================================================
2026-03-27 09:36:01 [INFO]   Generator Completed Successfully
2026-03-27 09:36:01 [INFO] ==================================================================
