2026-03-26 03:14:02 [INFO] ==================================================================
2026-03-26 03:14:02 [INFO]   MOS Qatar Demo - Sports Data Generator
2026-03-26 03:14:02 [INFO] ==================================================================
2026-03-26 03:14:02 [INFO] Config file   : /home/cloudera/mos_qatar_demo_poc/config/mos_qatar_demo.ini
2026-03-26 03:14:02 [INFO] Landing dir   : /home/cloudera/mos_qatar_demo_poc/landing
2026-03-26 03:14:02 [INFO] Output file   : mos_sports_events_20260326_031402.txt
2026-03-26 03:14:02 [INFO] Records count : 6
2026-03-26 03:14:02 [INFO] ------------------------------------------------------------------
2026-03-26 03:14:02 [INFO]   Record 01: Event ID: EVT6725 | Event Name: Gulf Cup Qualifier Round 1 | Sport: Volleyball | Venue: Ah...
2026-03-26 03:14:02 [INFO]   Record 02: Event ID: EVT5370 | Event Name: Ministry Youth Sports Day | Sport: Football | Venue: Qatar...
2026-03-26 03:14:02 [INFO]   Record 03: Event ID: EVT6849 | Event Name: Gulf Youth Cup Round 2 | Sport: Football | Venue: Educatio...
2026-03-26 03:14:02 [INFO]   Record 04: Event ID: EVT1752 | Event Name: FIFA World Cup Qatar Legacy Match | Sport: Football | Venu...
2026-03-26 03:14:02 [INFO]   Record 05: Event ID: EVT7142 | Event Name: Qatar Olympic Training Camp Evaluation | Sport: Football |...
2026-03-26 03:14:02 [INFO]   Record 06: Event ID: EVT5355 | Event Name: MOS Annual Charity Football Gala | Sport: Volleyball | Ven...
2026-03-26 03:14:02 [INFO] ------------------------------------------------------------------
2026-03-26 03:14:02 [INFO] File written successfully.
2026-03-26 03:14:02 [INFO]   Full path : /home/cloudera/mos_qatar_demo_poc/landing/mos_sports_events_20260326_031402.txt
2026-03-26 03:14:02 [INFO]   Size      : 1564 bytes
2026-03-26 03:14:02 [INFO]   Records   : 6
2026-03-26 03:14:02 [INFO] ==================================================================
2026-03-26 03:14:02 [INFO]   Generator Completed Successfully
2026-03-26 03:14:02 [INFO] ==================================================================
