2026-03-26 17:26:01 [INFO] ==================================================================
2026-03-26 17:26:01 [INFO]   MOS Qatar Demo - Sports Data Generator
2026-03-26 17:26:01 [INFO] ==================================================================
2026-03-26 17:26:01 [INFO] Config file   : /home/cloudera/mos_qatar_demo_poc/config/mos_qatar_demo.ini
2026-03-26 17:26:01 [INFO] Landing dir   : /home/cloudera/mos_qatar_demo_poc/landing
2026-03-26 17:26:01 [INFO] Output file   : mos_sports_events_20260326_172601.txt
2026-03-26 17:26:01 [INFO] Records count : 10
2026-03-26 17:26:01 [INFO] ------------------------------------------------------------------
2026-03-26 17:26:01 [INFO]   Record 01: Event ID: EVT4394 | Event Name: GCC Club Championship Semi Final | Sport: Football | Venue...
2026-03-26 17:26:01 [INFO]   Record 02: Event ID: EVT2351 | Event Name: Ramadan Football Festival | Sport: Volleyball | Venue: Al ...
2026-03-26 17:26:01 [INFO]   Record 03: Event ID: EVT4078 | Event Name: Qatar Under-20 Development League | Sport: Athletics | Ven...
2026-03-26 17:26:01 [INFO]   Record 04: Event ID: EVT6316 | Event Name: Qatar Cup Semi Final | Sport: Athletics | Venue: Al Janoub...
2026-03-26 17:26:01 [INFO]   Record 05: Event ID: EVT8300 | Event Name: FIFA World Cup Qatar Legacy Match | Sport: Football | Venu...
2026-03-26 17:26:01 [INFO]   Record 06: Event ID: EVT8491 | Event Name: Ramadan Football Festival | Sport: Football | Venue: Lusai...
2026-03-26 17:26:01 [INFO]   Record 07: Event ID: EVT7059 | Event Name: Doha Sports Festival Opening Match | Sport: Football | Ven...
2026-03-26 17:26:01 [INFO]   Record 08: Event ID: EVT9147 | Event Name: Ministry Youth Sports Day | Sport: Handball | Venue: Qatar...
2026-03-26 17:26:01 [INFO]   Record 09: Event ID: EVT3990 | Event Name: National Team Preparation Match | Sport: Football | Venue:...
2026-03-26 17:26:01 [INFO]   Record 10: Event ID: EVT6103 | Event Name: Gulf Youth Cup Final | Sport: Football | Venue: Lusail Sta...
2026-03-26 17:26:01 [INFO] ------------------------------------------------------------------
2026-03-26 17:26:01 [INFO] File written successfully.
2026-03-26 17:26:01 [INFO]   Full path : /home/cloudera/mos_qatar_demo_poc/landing/mos_sports_events_20260326_172601.txt
2026-03-26 17:26:01 [INFO]   Size      : 2549 bytes
2026-03-26 17:26:01 [INFO]   Records   : 10
2026-03-26 17:26:01 [INFO] ==================================================================
2026-03-26 17:26:01 [INFO]   Generator Completed Successfully
2026-03-26 17:26:01 [INFO] ==================================================================
