2026-03-26 18:18:01 [INFO] ==================================================================
2026-03-26 18:18:01 [INFO]   MOS Qatar Demo - Sports Data Generator
2026-03-26 18:18:01 [INFO] ==================================================================
2026-03-26 18:18:01 [INFO] Config file   : /home/cloudera/mos_qatar_demo_poc/config/mos_qatar_demo.ini
2026-03-26 18:18:01 [INFO] Landing dir   : /home/cloudera/mos_qatar_demo_poc/landing
2026-03-26 18:18:01 [INFO] Output file   : mos_sports_events_20260326_181801.txt
2026-03-26 18:18:01 [INFO] Records count : 6
2026-03-26 18:18:01 [INFO] ------------------------------------------------------------------
2026-03-26 18:18:01 [INFO]   Record 01: Event ID: EVT5700 | Event Name: GCC Club Championship Quarter Final | Sport: Swimming | Ve...
2026-03-26 18:18:01 [INFO]   Record 02: Event ID: EVT4068 | Event Name: Gulf Youth Cup Quarter Final | Sport: Handball | Venue: Kh...
2026-03-26 18:18:01 [INFO]   Record 03: Event ID: EVT8416 | Event Name: Doha Sports Festival Opening Match | Sport: Handball | Ven...
2026-03-26 18:18:01 [INFO]   Record 04: Event ID: EVT3430 | Event Name: GCC Club Championship Final | Sport: Football | Venue: Kha...
2026-03-26 18:18:01 [INFO]   Record 05: Event ID: EVT3082 | Event Name: National Team Preparation Match | Sport: Basketball | Venu...
2026-03-26 18:18:01 [INFO]   Record 06: Event ID: EVT6575 | Event Name: Gulf Youth Cup Quarter Final | Sport: Football | Venue: Ed...
2026-03-26 18:18:01 [INFO] ------------------------------------------------------------------
2026-03-26 18:18:01 [INFO] File written successfully.
2026-03-26 18:18:01 [INFO]   Full path : /home/cloudera/mos_qatar_demo_poc/landing/mos_sports_events_20260326_181801.txt
2026-03-26 18:18:01 [INFO]   Size      : 1579 bytes
2026-03-26 18:18:01 [INFO]   Records   : 6
2026-03-26 18:18:01 [INFO] ==================================================================
2026-03-26 18:18:01 [INFO]   Generator Completed Successfully
2026-03-26 18:18:01 [INFO] ==================================================================
