2026-03-27 17:15:01 [INFO] ==================================================================
2026-03-27 17:15:01 [INFO]   MOS Qatar Demo - Sports Data Generator
2026-03-27 17:15:01 [INFO] ==================================================================
2026-03-27 17:15:01 [INFO] Config file   : /home/cloudera/mos_qatar_demo_poc/config/mos_qatar_demo.ini
2026-03-27 17:15:01 [INFO] Landing dir   : /home/cloudera/mos_qatar_demo_poc/landing
2026-03-27 17:15:01 [INFO] Output file   : mos_sports_events_20260327_171501.txt
2026-03-27 17:15:01 [INFO] Records count : 5
2026-03-27 17:15:01 [INFO] ------------------------------------------------------------------
2026-03-27 17:15:01 [INFO]   Record 01: Event ID: EVT3924 | Event Name: Qatar Olympic Training Camp Evaluation | Sport: Swimming |...
2026-03-27 17:15:01 [INFO]   Record 02: Event ID: EVT6222 | Event Name: GCC Club Championship Final | Sport: Football | Venue: Qat...
2026-03-27 17:15:01 [INFO]   Record 03: Event ID: EVT2984 | Event Name: Qatar Under-20 Development League | Sport: Handball | Venu...
2026-03-27 17:15:01 [INFO]   Record 04: Event ID: EVT5546 | Event Name: FIFA World Cup Qatar Legacy Match | Sport: Football | Venu...
2026-03-27 17:15:01 [INFO]   Record 05: Event ID: EVT1085 | Event Name: Gulf Youth Cup Quarter Final | Sport: Handball | Venue: As...
2026-03-27 17:15:01 [INFO] ------------------------------------------------------------------
2026-03-27 17:15:01 [INFO] File written successfully.
2026-03-27 17:15:01 [INFO]   Full path : /home/cloudera/mos_qatar_demo_poc/landing/mos_sports_events_20260327_171501.txt
2026-03-27 17:15:01 [INFO]   Size      : 1278 bytes
2026-03-27 17:15:01 [INFO]   Records   : 5
2026-03-27 17:15:01 [INFO] ==================================================================
2026-03-27 17:15:01 [INFO]   Generator Completed Successfully
2026-03-27 17:15:01 [INFO] ==================================================================
