2026-03-26 10:13:01 [INFO] ==================================================================
2026-03-26 10:13:01 [INFO]   MOS Qatar Demo - Sports Data Generator
2026-03-26 10:13:01 [INFO] ==================================================================
2026-03-26 10:13:01 [INFO] Config file   : /home/cloudera/mos_qatar_demo_poc/config/mos_qatar_demo.ini
2026-03-26 10:13:01 [INFO] Landing dir   : /home/cloudera/mos_qatar_demo_poc/landing
2026-03-26 10:13:01 [INFO] Output file   : mos_sports_events_20260326_101301.txt
2026-03-26 10:13:01 [INFO] Records count : 5
2026-03-26 10:13:01 [INFO] ------------------------------------------------------------------
2026-03-26 10:13:01 [INFO]   Record 01: Event ID: EVT6945 | Event Name: Ministry Invitational Friendly Tournament | Sport: Athleti...
2026-03-26 10:13:01 [INFO]   Record 02: Event ID: EVT3456 | Event Name: Doha Sports Festival Opening Match | Sport: Athletics | Ve...
2026-03-26 10:13:01 [INFO]   Record 03: Event ID: EVT4682 | Event Name: Qatar Cup Semi Final | Sport: Athletics | Venue: Qatar Spo...
2026-03-26 10:13:01 [INFO]   Record 04: Event ID: EVT5507 | Event Name: Ramadan Football Festival | Sport: Football | Venue: Al Ba...
2026-03-26 10:13:01 [INFO]   Record 05: Event ID: EVT8072 | Event Name: Qatar Cup Final | Sport: Basketball | Venue: Khalifa Inter...
2026-03-26 10:13:01 [INFO] ------------------------------------------------------------------
2026-03-26 10:13:01 [INFO] File written successfully.
2026-03-26 10:13:01 [INFO]   Full path : /home/cloudera/mos_qatar_demo_poc/landing/mos_sports_events_20260326_101301.txt
2026-03-26 10:13:01 [INFO]   Size      : 1288 bytes
2026-03-26 10:13:01 [INFO]   Records   : 5
2026-03-26 10:13:01 [INFO] ==================================================================
2026-03-26 10:13:01 [INFO]   Generator Completed Successfully
2026-03-26 10:13:01 [INFO] ==================================================================
