2026-03-25 13:52:01 [INFO] ==================================================================
2026-03-25 13:52:01 [INFO]   MOS Qatar Demo - Sports Data Generator
2026-03-25 13:52:01 [INFO] ==================================================================
2026-03-25 13:52:01 [INFO] Config file   : /home/cloudera/mos_qatar_demo_poc/config/mos_qatar_demo.ini
2026-03-25 13:52:01 [INFO] Landing dir   : /home/cloudera/mos_qatar_demo_poc/landing
2026-03-25 13:52:01 [INFO] Output file   : mos_sports_events_20260325_135201.txt
2026-03-25 13:52:01 [INFO] Records count : 7
2026-03-25 13:52:01 [INFO] ------------------------------------------------------------------
2026-03-25 13:52:01 [INFO]   Record 01: Event ID: EVT9827 | Event Name: Qatar Cup Semi Final | Sport: Football | Venue: Qatar Spor...
2026-03-25 13:52:01 [INFO]   Record 02: Event ID: EVT4263 | Event Name: Gulf Youth Cup Semi Final | Sport: Handball | Venue: Lusai...
2026-03-25 13:52:01 [INFO]   Record 03: Event ID: EVT4445 | Event Name: National Team Preparation Match | Sport: Football | Venue:...
2026-03-25 13:52:01 [INFO]   Record 04: Event ID: EVT5219 | Event Name: MOS Annual Charity Football Gala | Sport: Football | Venue...
2026-03-25 13:52:01 [INFO]   Record 05: Event ID: EVT8976 | Event Name: Qatar Under-20 Development League | Sport: Football | Venu...
2026-03-25 13:52:01 [INFO]   Record 06: Event ID: EVT8471 | Event Name: Gulf Youth Cup Round 2 | Sport: Swimming | Venue: Al Wakra...
2026-03-25 13:52:01 [INFO]   Record 07: Event ID: EVT6611 | Event Name: Ministry Youth Sports Day | Sport: Football | Venue: Qatar...
2026-03-25 13:52:01 [INFO] ------------------------------------------------------------------
2026-03-25 13:52:01 [INFO] File written successfully.
2026-03-25 13:52:01 [INFO]   Full path : /home/cloudera/mos_qatar_demo_poc/landing/mos_sports_events_20260325_135201.txt
2026-03-25 13:52:01 [INFO]   Size      : 1786 bytes
2026-03-25 13:52:01 [INFO]   Records   : 7
2026-03-25 13:52:01 [INFO] ==================================================================
2026-03-25 13:52:01 [INFO]   Generator Completed Successfully
2026-03-25 13:52:01 [INFO] ==================================================================
