2026-03-27 01:05:02 [INFO] ==================================================================
2026-03-27 01:05:02 [INFO]   MOS Qatar Demo - Sports Data Generator
2026-03-27 01:05:02 [INFO] ==================================================================
2026-03-27 01:05:02 [INFO] Config file   : /home/cloudera/mos_qatar_demo_poc/config/mos_qatar_demo.ini
2026-03-27 01:05:02 [INFO] Landing dir   : /home/cloudera/mos_qatar_demo_poc/landing
2026-03-27 01:05:02 [INFO] Output file   : mos_sports_events_20260327_010502.txt
2026-03-27 01:05:02 [INFO] Records count : 6
2026-03-27 01:05:02 [INFO] ------------------------------------------------------------------
2026-03-27 01:05:02 [INFO]   Record 01: Event ID: EVT6720 | Event Name: Ramadan Football Festival | Sport: Volleyball | Venue: Al ...
2026-03-27 01:05:02 [INFO]   Record 02: Event ID: EVT4697 | Event Name: GCC Club Championship Final | Sport: Football | Venue: Edu...
2026-03-27 01:05:02 [INFO]   Record 03: Event ID: EVT6694 | Event Name: Qatar Premier League Match Day 5 | Sport: Basketball | Ven...
2026-03-27 01:05:02 [INFO]   Record 04: Event ID: EVT9225 | Event Name: Qatar Premier League Match Day 8 | Sport: Handball | Venue...
2026-03-27 01:05:02 [INFO]   Record 05: Event ID: EVT2546 | Event Name: Ministry Youth Sports Day | Sport: Football | Venue: Al Wa...
2026-03-27 01:05:02 [INFO]   Record 06: Event ID: EVT6044 | Event Name: FIFA World Cup Qatar Legacy Match | Sport: Volleyball | Ve...
2026-03-27 01:05:02 [INFO] ------------------------------------------------------------------
2026-03-27 01:05:02 [INFO] File written successfully.
2026-03-27 01:05:02 [INFO]   Full path : /home/cloudera/mos_qatar_demo_poc/landing/mos_sports_events_20260327_010502.txt
2026-03-27 01:05:02 [INFO]   Size      : 1560 bytes
2026-03-27 01:05:02 [INFO]   Records   : 6
2026-03-27 01:05:02 [INFO] ==================================================================
2026-03-27 01:05:02 [INFO]   Generator Completed Successfully
2026-03-27 01:05:02 [INFO] ==================================================================
