2026-03-27 11:20:01 [INFO] ==================================================================
2026-03-27 11:20:01 [INFO]   MOS Qatar Demo - Sports Data Generator
2026-03-27 11:20:01 [INFO] ==================================================================
2026-03-27 11:20:01 [INFO] Config file   : /home/cloudera/mos_qatar_demo_poc/config/mos_qatar_demo.ini
2026-03-27 11:20:01 [INFO] Landing dir   : /home/cloudera/mos_qatar_demo_poc/landing
2026-03-27 11:20:01 [INFO] Output file   : mos_sports_events_20260327_112001.txt
2026-03-27 11:20:01 [INFO] Records count : 5
2026-03-27 11:20:01 [INFO] ------------------------------------------------------------------
2026-03-27 11:20:01 [INFO]   Record 01: Event ID: EVT6776 | Event Name: Qatar Cup Final | Sport: Handball | Venue: Khalifa Interna...
2026-03-27 11:20:01 [INFO]   Record 02: Event ID: EVT6649 | Event Name: Gulf Cup Qualifier Round 1 | Sport: Volleyball | Venue: Qa...
2026-03-27 11:20:01 [INFO]   Record 03: Event ID: EVT9358 | Event Name: GCC Club Championship Quarter Final | Sport: Basketball | ...
2026-03-27 11:20:01 [INFO]   Record 04: Event ID: EVT3123 | Event Name: Qatar Premier League Match Day 12 | Sport: Basketball | Ve...
2026-03-27 11:20:01 [INFO]   Record 05: Event ID: EVT2176 | Event Name: Qatar Premier League Match Day 8 | Sport: Athletics | Venu...
2026-03-27 11:20:01 [INFO] ------------------------------------------------------------------
2026-03-27 11:20:01 [INFO] File written successfully.
2026-03-27 11:20:01 [INFO]   Full path : /home/cloudera/mos_qatar_demo_poc/landing/mos_sports_events_20260327_112001.txt
2026-03-27 11:20:01 [INFO]   Size      : 1294 bytes
2026-03-27 11:20:01 [INFO]   Records   : 5
2026-03-27 11:20:01 [INFO] ==================================================================
2026-03-27 11:20:01 [INFO]   Generator Completed Successfully
2026-03-27 11:20:01 [INFO] ==================================================================
