2026-03-26 05:42:01 [INFO] ==================================================================
2026-03-26 05:42:01 [INFO]   MOS Qatar Demo - Sports Data Generator
2026-03-26 05:42:01 [INFO] ==================================================================
2026-03-26 05:42:01 [INFO] Config file   : /home/cloudera/mos_qatar_demo_poc/config/mos_qatar_demo.ini
2026-03-26 05:42:01 [INFO] Landing dir   : /home/cloudera/mos_qatar_demo_poc/landing
2026-03-26 05:42:01 [INFO] Output file   : mos_sports_events_20260326_054201.txt
2026-03-26 05:42:01 [INFO] Records count : 5
2026-03-26 05:42:01 [INFO] ------------------------------------------------------------------
2026-03-26 05:42:01 [INFO]   Record 01: Event ID: EVT9244 | Event Name: GCC Club Championship Semi Final | Sport: Football | Venue...
2026-03-26 05:42:01 [INFO]   Record 02: Event ID: EVT1142 | Event Name: Gulf Youth Cup Round 1 | Sport: Athletics | Venue: Al Wakr...
2026-03-26 05:42:01 [INFO]   Record 03: Event ID: EVT6542 | Event Name: Gulf Youth Cup Round 1 | Sport: Football | Venue: Khalifa ...
2026-03-26 05:42:01 [INFO]   Record 04: Event ID: EVT9484 | Event Name: Qatar Cup Semi Final | Sport: Football | Venue: Aspire Zon...
2026-03-26 05:42:01 [INFO]   Record 05: Event ID: EVT8387 | Event Name: Qatar Cup Final | Sport: Handball | Venue: Al Thumama Stad...
2026-03-26 05:42:01 [INFO] ------------------------------------------------------------------
2026-03-26 05:42:01 [INFO] File written successfully.
2026-03-26 05:42:01 [INFO]   Full path : /home/cloudera/mos_qatar_demo_poc/landing/mos_sports_events_20260326_054201.txt
2026-03-26 05:42:01 [INFO]   Size      : 1254 bytes
2026-03-26 05:42:01 [INFO]   Records   : 5
2026-03-26 05:42:01 [INFO] ==================================================================
2026-03-26 05:42:01 [INFO]   Generator Completed Successfully
2026-03-26 05:42:01 [INFO] ==================================================================
