2026-03-26 22:25:02 [INFO] ==================================================================
2026-03-26 22:25:02 [INFO]   MOS Qatar Demo - Sports Data Generator
2026-03-26 22:25:02 [INFO] ==================================================================
2026-03-26 22:25:02 [INFO] Config file   : /home/cloudera/mos_qatar_demo_poc/config/mos_qatar_demo.ini
2026-03-26 22:25:02 [INFO] Landing dir   : /home/cloudera/mos_qatar_demo_poc/landing
2026-03-26 22:25:02 [INFO] Output file   : mos_sports_events_20260326_222502.txt
2026-03-26 22:25:02 [INFO] Records count : 4
2026-03-26 22:25:02 [INFO] ------------------------------------------------------------------
2026-03-26 22:25:02 [INFO]   Record 01: Event ID: EVT1315 | Event Name: Qatar Olympic Training Camp Evaluation | Sport: Football |...
2026-03-26 22:25:02 [INFO]   Record 02: Event ID: EVT6652 | Event Name: GCC Club Championship Semi Final | Sport: Football | Venue...
2026-03-26 22:25:02 [INFO]   Record 03: Event ID: EVT2876 | Event Name: Asian Qualifiers Warm-up Match | Sport: Football | Venue: ...
2026-03-26 22:25:02 [INFO]   Record 04: Event ID: EVT9207 | Event Name: Asian Qualifiers Warm-up Match | Sport: Handball | Venue: ...
2026-03-26 22:25:02 [INFO] ------------------------------------------------------------------
2026-03-26 22:25:02 [INFO] File written successfully.
2026-03-26 22:25:02 [INFO]   Full path : /home/cloudera/mos_qatar_demo_poc/landing/mos_sports_events_20260326_222502.txt
2026-03-26 22:25:02 [INFO]   Size      : 1021 bytes
2026-03-26 22:25:02 [INFO]   Records   : 4
2026-03-26 22:25:02 [INFO] ==================================================================
2026-03-26 22:25:02 [INFO]   Generator Completed Successfully
2026-03-26 22:25:02 [INFO] ==================================================================
