2026-03-26 04:49:01 [INFO] ==================================================================
2026-03-26 04:49:01 [INFO]   MOS Qatar Demo - Sports Data Generator
2026-03-26 04:49:01 [INFO] ==================================================================
2026-03-26 04:49:01 [INFO] Config file   : /home/cloudera/mos_qatar_demo_poc/config/mos_qatar_demo.ini
2026-03-26 04:49:01 [INFO] Landing dir   : /home/cloudera/mos_qatar_demo_poc/landing
2026-03-26 04:49:01 [INFO] Output file   : mos_sports_events_20260326_044901.txt
2026-03-26 04:49:01 [INFO] Records count : 10
2026-03-26 04:49:01 [INFO] ------------------------------------------------------------------
2026-03-26 04:49:01 [INFO]   Record 01: Event ID: EVT2164 | Event Name: GCC Club Championship Quarter Final | Sport: Football | Ve...
2026-03-26 04:49:01 [INFO]   Record 02: Event ID: EVT8795 | Event Name: Qatar Premier League Match Day 12 | Sport: Swimming | Venu...
2026-03-26 04:49:01 [INFO]   Record 03: Event ID: EVT2651 | Event Name: Qatar Schools Football League | Sport: Football | Venue: E...
2026-03-26 04:49:01 [INFO]   Record 04: Event ID: EVT9345 | Event Name: GCC Club Championship Semi Final | Sport: Football | Venue...
2026-03-26 04:49:01 [INFO]   Record 05: Event ID: EVT1369 | Event Name: Gulf Youth Cup Quarter Final | Sport: Handball | Venue: Al...
2026-03-26 04:49:01 [INFO]   Record 06: Event ID: EVT5678 | Event Name: National Team Preparation Match | Sport: Football | Venue:...
2026-03-26 04:49:01 [INFO]   Record 07: Event ID: EVT2848 | Event Name: Gulf Youth Cup Final | Sport: Handball | Venue: Al Bayt St...
2026-03-26 04:49:01 [INFO]   Record 08: Event ID: EVT3476 | Event Name: Ramadan Football Festival | Sport: Volleyball | Venue: Kha...
2026-03-26 04:49:01 [INFO]   Record 09: Event ID: EVT3327 | Event Name: Gulf Youth Cup Final | Sport: Volleyball | Venue: Lusail S...
2026-03-26 04:49:01 [INFO]   Record 10: Event ID: EVT2052 | Event Name: Gulf Youth Cup Round 2 | Sport: Football | Venue: Qatar Sp...
2026-03-26 04:49:01 [INFO] ------------------------------------------------------------------
2026-03-26 04:49:01 [INFO] File written successfully.
2026-03-26 04:49:01 [INFO]   Full path : /home/cloudera/mos_qatar_demo_poc/landing/mos_sports_events_20260326_044901.txt
2026-03-26 04:49:01 [INFO]   Size      : 2574 bytes
2026-03-26 04:49:01 [INFO]   Records   : 10
2026-03-26 04:49:01 [INFO] ==================================================================
2026-03-26 04:49:01 [INFO]   Generator Completed Successfully
2026-03-26 04:49:01 [INFO] ==================================================================
