2026-03-27 07:33:02 [INFO] ==================================================================
2026-03-27 07:33:02 [INFO]   MOS Qatar Demo - Sports Data Generator
2026-03-27 07:33:02 [INFO] ==================================================================
2026-03-27 07:33:02 [INFO] Config file   : /home/cloudera/mos_qatar_demo_poc/config/mos_qatar_demo.ini
2026-03-27 07:33:02 [INFO] Landing dir   : /home/cloudera/mos_qatar_demo_poc/landing
2026-03-27 07:33:02 [INFO] Output file   : mos_sports_events_20260327_073302.txt
2026-03-27 07:33:02 [INFO] Records count : 6
2026-03-27 07:33:02 [INFO] ------------------------------------------------------------------
2026-03-27 07:33:02 [INFO]   Record 01: Event ID: EVT7421 | Event Name: Ramadan Football Festival | Sport: Football | Venue: Khali...
2026-03-27 07:33:02 [INFO]   Record 02: Event ID: EVT3365 | Event Name: FIFA World Cup Qatar Legacy Match | Sport: Football | Venu...
2026-03-27 07:33:02 [INFO]   Record 03: Event ID: EVT2261 | Event Name: Gulf Cup Qualifier Round 1 | Sport: Volleyball | Venue: Al...
2026-03-27 07:33:02 [INFO]   Record 04: Event ID: EVT5123 | Event Name: Doha Sports Festival Opening Match | Sport: Handball | Ven...
2026-03-27 07:33:02 [INFO]   Record 05: Event ID: EVT5498 | Event Name: Gulf Youth Cup Semi Final | Sport: Football | Venue: Ahmad...
2026-03-27 07:33:02 [INFO]   Record 06: Event ID: EVT2568 | Event Name: Doha Sports Festival Opening Match | Sport: Football | Ven...
2026-03-27 07:33:02 [INFO] ------------------------------------------------------------------
2026-03-27 07:33:02 [INFO] File written successfully.
2026-03-27 07:33:02 [INFO]   Full path : /home/cloudera/mos_qatar_demo_poc/landing/mos_sports_events_20260327_073302.txt
2026-03-27 07:33:02 [INFO]   Size      : 1562 bytes
2026-03-27 07:33:02 [INFO]   Records   : 6
2026-03-27 07:33:02 [INFO] ==================================================================
2026-03-27 07:33:02 [INFO]   Generator Completed Successfully
2026-03-27 07:33:02 [INFO] ==================================================================
