2026-03-27 07:38:02 [INFO] ==================================================================
2026-03-27 07:38:02 [INFO]   MOS Qatar Demo - Sports Data Generator
2026-03-27 07:38:02 [INFO] ==================================================================
2026-03-27 07:38:02 [INFO] Config file   : /home/cloudera/mos_qatar_demo_poc/config/mos_qatar_demo.ini
2026-03-27 07:38:02 [INFO] Landing dir   : /home/cloudera/mos_qatar_demo_poc/landing
2026-03-27 07:38:02 [INFO] Output file   : mos_sports_events_20260327_073802.txt
2026-03-27 07:38:02 [INFO] Records count : 10
2026-03-27 07:38:02 [INFO] ------------------------------------------------------------------
2026-03-27 07:38:02 [INFO]   Record 01: Event ID: EVT6831 | Event Name: FIFA World Cup Qatar Legacy Match | Sport: Football | Venu...
2026-03-27 07:38:02 [INFO]   Record 02: Event ID: EVT2472 | Event Name: GCC Club Championship Final | Sport: Football | Venue: Ahm...
2026-03-27 07:38:02 [INFO]   Record 03: Event ID: EVT7741 | Event Name: Qatar Schools Football League | Sport: Football | Venue: L...
2026-03-27 07:38:02 [INFO]   Record 04: Event ID: EVT1391 | Event Name: GCC Club Championship Semi Final | Sport: Football | Venue...
2026-03-27 07:38:02 [INFO]   Record 05: Event ID: EVT6953 | Event Name: Qatar Cup Semi Final | Sport: Football | Venue: Lusail Sta...
2026-03-27 07:38:02 [INFO]   Record 06: Event ID: EVT6462 | Event Name: Gulf Youth Cup Semi Final | Sport: Football | Venue: Khali...
2026-03-27 07:38:02 [INFO]   Record 07: Event ID: EVT9156 | Event Name: Gulf Youth Cup Round 1 | Sport: Handball | Venue: Al Bayt ...
2026-03-27 07:38:02 [INFO]   Record 08: Event ID: EVT4831 | Event Name: Qatar Premier League Match Day 12 | Sport: Football | Venu...
2026-03-27 07:38:02 [INFO]   Record 09: Event ID: EVT5722 | Event Name: Qatar Cup Semi Final | Sport: Football | Venue: Aspire Zon...
2026-03-27 07:38:02 [INFO]   Record 10: Event ID: EVT1646 | Event Name: National Day Football Celebration | Sport: Football | Venu...
2026-03-27 07:38:02 [INFO] ------------------------------------------------------------------
2026-03-27 07:38:02 [INFO] File written successfully.
2026-03-27 07:38:02 [INFO]   Full path : /home/cloudera/mos_qatar_demo_poc/landing/mos_sports_events_20260327_073802.txt
2026-03-27 07:38:02 [INFO]   Size      : 2587 bytes
2026-03-27 07:38:02 [INFO]   Records   : 10
2026-03-27 07:38:02 [INFO] ==================================================================
2026-03-27 07:38:02 [INFO]   Generator Completed Successfully
2026-03-27 07:38:02 [INFO] ==================================================================
