2026-03-26 05:25:02 [INFO] ==================================================================
2026-03-26 05:25:02 [INFO]   MOS Qatar Demo - Sports Data Generator
2026-03-26 05:25:02 [INFO] ==================================================================
2026-03-26 05:25:02 [INFO] Config file   : /home/cloudera/mos_qatar_demo_poc/config/mos_qatar_demo.ini
2026-03-26 05:25:02 [INFO] Landing dir   : /home/cloudera/mos_qatar_demo_poc/landing
2026-03-26 05:25:02 [INFO] Output file   : mos_sports_events_20260326_052502.txt
2026-03-26 05:25:02 [INFO] Records count : 7
2026-03-26 05:25:02 [INFO] ------------------------------------------------------------------
2026-03-26 05:25:02 [INFO]   Record 01: Event ID: EVT9885 | Event Name: Arab Nations Championship Semi Final | Sport: Volleyball |...
2026-03-26 05:25:02 [INFO]   Record 02: Event ID: EVT9261 | Event Name: Arab Nations Championship Semi Final | Sport: Basketball |...
2026-03-26 05:25:02 [INFO]   Record 03: Event ID: EVT6144 | Event Name: Ministry Youth Sports Day | Sport: Volleyball | Venue: Al ...
2026-03-26 05:25:02 [INFO]   Record 04: Event ID: EVT8272 | Event Name: Ministry Youth Sports Day | Sport: Handball | Venue: Lusai...
2026-03-26 05:25:02 [INFO]   Record 05: Event ID: EVT8495 | Event Name: Qatar Under-20 Development League | Sport: Football | Venu...
2026-03-26 05:25:02 [INFO]   Record 06: Event ID: EVT9362 | Event Name: Gulf Youth Cup Semi Final | Sport: Basketball | Venue: Ahm...
2026-03-26 05:25:02 [INFO]   Record 07: Event ID: EVT8885 | Event Name: Ministry Youth Sports Day | Sport: Handball | Venue: Lusai...
2026-03-26 05:25:02 [INFO] ------------------------------------------------------------------
2026-03-26 05:25:02 [INFO] File written successfully.
2026-03-26 05:25:02 [INFO]   Full path : /home/cloudera/mos_qatar_demo_poc/landing/mos_sports_events_20260326_052502.txt
2026-03-26 05:25:02 [INFO]   Size      : 1799 bytes
2026-03-26 05:25:02 [INFO]   Records   : 7
2026-03-26 05:25:02 [INFO] ==================================================================
2026-03-26 05:25:02 [INFO]   Generator Completed Successfully
2026-03-26 05:25:02 [INFO] ==================================================================
