2026-03-27 03:54:02 [INFO] ==================================================================
2026-03-27 03:54:02 [INFO]   MOS Qatar Demo - Sports Data Generator
2026-03-27 03:54:02 [INFO] ==================================================================
2026-03-27 03:54:02 [INFO] Config file   : /home/cloudera/mos_qatar_demo_poc/config/mos_qatar_demo.ini
2026-03-27 03:54:02 [INFO] Landing dir   : /home/cloudera/mos_qatar_demo_poc/landing
2026-03-27 03:54:02 [INFO] Output file   : mos_sports_events_20260327_035402.txt
2026-03-27 03:54:02 [INFO] Records count : 9
2026-03-27 03:54:02 [INFO] ------------------------------------------------------------------
2026-03-27 03:54:02 [INFO]   Record 01: Event ID: EVT1335 | Event Name: GCC Club Championship Final | Sport: Football | Venue: Al ...
2026-03-27 03:54:02 [INFO]   Record 02: Event ID: EVT4608 | Event Name: National Team Preparation Match | Sport: Football | Venue:...
2026-03-27 03:54:02 [INFO]   Record 03: Event ID: EVT2532 | Event Name: Arab Nations Championship Semi Final | Sport: Football | V...
2026-03-27 03:54:02 [INFO]   Record 04: Event ID: EVT1854 | Event Name: National Team Preparation Match | Sport: Football | Venue:...
2026-03-27 03:54:02 [INFO]   Record 05: Event ID: EVT4761 | Event Name: Gulf Youth Cup Final | Sport: Football | Venue: Ahmad Bin ...
2026-03-27 03:54:02 [INFO]   Record 06: Event ID: EVT7373 | Event Name: Gulf Cup Qualifier Round 1 | Sport: Basketball | Venue: Kh...
2026-03-27 03:54:02 [INFO]   Record 07: Event ID: EVT2304 | Event Name: Arab Nations Championship Group Stage | Sport: Football | ...
2026-03-27 03:54:02 [INFO]   Record 08: Event ID: EVT4875 | Event Name: Arab Nations Championship Group Stage | Sport: Football | ...
2026-03-27 03:54:02 [INFO]   Record 09: Event ID: EVT9009 | Event Name: Ramadan Football Festival | Sport: Athletics | Venue: Al J...
2026-03-27 03:54:02 [INFO] ------------------------------------------------------------------
2026-03-27 03:54:02 [INFO] File written successfully.
2026-03-27 03:54:02 [INFO]   Full path : /home/cloudera/mos_qatar_demo_poc/landing/mos_sports_events_20260327_035402.txt
2026-03-27 03:54:02 [INFO]   Size      : 2361 bytes
2026-03-27 03:54:02 [INFO]   Records   : 9
2026-03-27 03:54:02 [INFO] ==================================================================
2026-03-27 03:54:02 [INFO]   Generator Completed Successfully
2026-03-27 03:54:02 [INFO] ==================================================================
