2026-03-27 19:24:02 [INFO] ==================================================================
2026-03-27 19:24:02 [INFO]   MOS Qatar Demo - Sports Data Generator
2026-03-27 19:24:02 [INFO] ==================================================================
2026-03-27 19:24:02 [INFO] Config file   : /home/cloudera/mos_qatar_demo_poc/config/mos_qatar_demo.ini
2026-03-27 19:24:02 [INFO] Landing dir   : /home/cloudera/mos_qatar_demo_poc/landing
2026-03-27 19:24:02 [INFO] Output file   : mos_sports_events_20260327_192402.txt
2026-03-27 19:24:02 [INFO] Records count : 10
2026-03-27 19:24:02 [INFO] ------------------------------------------------------------------
2026-03-27 19:24:02 [INFO]   Record 01: Event ID: EVT4257 | Event Name: Qatar Premier League Match Day 12 | Sport: Football | Venu...
2026-03-27 19:24:02 [INFO]   Record 02: Event ID: EVT2732 | Event Name: Qatar Schools Football League | Sport: Volleyball | Venue:...
2026-03-27 19:24:02 [INFO]   Record 03: Event ID: EVT1722 | Event Name: Arab Nations Championship Group Stage | Sport: Football | ...
2026-03-27 19:24:02 [INFO]   Record 04: Event ID: EVT8505 | Event Name: GCC Club Championship Final | Sport: Football | Venue: Asp...
2026-03-27 19:24:02 [INFO]   Record 05: Event ID: EVT1494 | Event Name: Qatar Olympic Training Camp Evaluation | Sport: Football |...
2026-03-27 19:24:02 [INFO]   Record 06: Event ID: EVT7964 | Event Name: Gulf Youth Cup Final | Sport: Volleyball | Venue: Lusail S...
2026-03-27 19:24:02 [INFO]   Record 07: Event ID: EVT2030 | Event Name: GCC Club Championship Final | Sport: Football | Venue: Al ...
2026-03-27 19:24:02 [INFO]   Record 08: Event ID: EVT2103 | Event Name: MOS Annual Charity Football Gala | Sport: Athletics | Venu...
2026-03-27 19:24:02 [INFO]   Record 09: Event ID: EVT8829 | Event Name: Qatar Schools Football League | Sport: Football | Venue: A...
2026-03-27 19:24:02 [INFO]   Record 10: Event ID: EVT5015 | Event Name: FIFA World Cup Qatar Legacy Match | Sport: Football | Venu...
2026-03-27 19:24:02 [INFO] ------------------------------------------------------------------
2026-03-27 19:24:02 [INFO] File written successfully.
2026-03-27 19:24:02 [INFO]   Full path : /home/cloudera/mos_qatar_demo_poc/landing/mos_sports_events_20260327_192402.txt
2026-03-27 19:24:02 [INFO]   Size      : 2616 bytes
2026-03-27 19:24:02 [INFO]   Records   : 10
2026-03-27 19:24:02 [INFO] ==================================================================
2026-03-27 19:24:02 [INFO]   Generator Completed Successfully
2026-03-27 19:24:02 [INFO] ==================================================================
