2026-03-25 08:42:01 [INFO] ==================================================================
2026-03-25 08:42:01 [INFO]   MOS Qatar Demo - Sports Data Generator
2026-03-25 08:42:01 [INFO] ==================================================================
2026-03-25 08:42:01 [INFO] Config file   : /home/cloudera/mos_qatar_demo_poc/config/mos_qatar_demo.ini
2026-03-25 08:42:01 [INFO] Landing dir   : /home/cloudera/mos_qatar_demo_poc/landing
2026-03-25 08:42:01 [INFO] Output file   : mos_sports_events_20260325_084201.txt
2026-03-25 08:42:01 [INFO] Records count : 6
2026-03-25 08:42:01 [INFO] ------------------------------------------------------------------
2026-03-25 08:42:01 [INFO]   Record 01: Event ID: EVT5127 | Event Name: Asian Qualifiers Warm-up Match | Sport: Football | Venue: ...
2026-03-25 08:42:01 [INFO]   Record 02: Event ID: EVT5122 | Event Name: GCC Club Championship Semi Final | Sport: Volleyball | Ven...
2026-03-25 08:42:01 [INFO]   Record 03: Event ID: EVT4755 | Event Name: Ministry Youth Sports Day | Sport: Football | Venue: Al Th...
2026-03-25 08:42:01 [INFO]   Record 04: Event ID: EVT7502 | Event Name: Qatar Premier League Match Day 5 | Sport: Athletics | Venu...
2026-03-25 08:42:01 [INFO]   Record 05: Event ID: EVT5776 | Event Name: Gulf Youth Cup Semi Final | Sport: Basketball | Venue: Asp...
2026-03-25 08:42:01 [INFO]   Record 06: Event ID: EVT9270 | Event Name: Gulf Youth Cup Round 2 | Sport: Handball | Venue: Qatar Sp...
2026-03-25 08:42:01 [INFO] ------------------------------------------------------------------
2026-03-25 08:42:01 [INFO] File written successfully.
2026-03-25 08:42:01 [INFO]   Full path : /home/cloudera/mos_qatar_demo_poc/landing/mos_sports_events_20260325_084201.txt
2026-03-25 08:42:01 [INFO]   Size      : 1528 bytes
2026-03-25 08:42:01 [INFO]   Records   : 6
2026-03-25 08:42:01 [INFO] ==================================================================
2026-03-25 08:42:01 [INFO]   Generator Completed Successfully
2026-03-25 08:42:01 [INFO] ==================================================================
