2026-03-25 10:25:01 [INFO] ==================================================================
2026-03-25 10:25:01 [INFO]   MOS Qatar Demo - Sports Data Generator
2026-03-25 10:25:01 [INFO] ==================================================================
2026-03-25 10:25:01 [INFO] Config file   : /home/cloudera/mos_qatar_demo_poc/config/mos_qatar_demo.ini
2026-03-25 10:25:01 [INFO] Landing dir   : /home/cloudera/mos_qatar_demo_poc/landing
2026-03-25 10:25:01 [INFO] Output file   : mos_sports_events_20260325_102501.txt
2026-03-25 10:25:01 [INFO] Records count : 9
2026-03-25 10:25:01 [INFO] ------------------------------------------------------------------
2026-03-25 10:25:01 [INFO]   Record 01: Event ID: EVT1074 | Event Name: Qatar Premier League Match Day 5 | Sport: Football | Venue...
2026-03-25 10:25:01 [INFO]   Record 02: Event ID: EVT6293 | Event Name: Qatar Cup Final | Sport: Football | Venue: Ahmad Bin Ali S...
2026-03-25 10:25:01 [INFO]   Record 03: Event ID: EVT5829 | Event Name: GCC Club Championship Quarter Final | Sport: Athletics | V...
2026-03-25 10:25:01 [INFO]   Record 04: Event ID: EVT7014 | Event Name: FIFA World Cup Qatar Legacy Match | Sport: Football | Venu...
2026-03-25 10:25:01 [INFO]   Record 05: Event ID: EVT6073 | Event Name: FIFA World Cup Qatar Legacy Match | Sport: Football | Venu...
2026-03-25 10:25:01 [INFO]   Record 06: Event ID: EVT6944 | Event Name: GCC Club Championship Semi Final | Sport: Handball | Venue...
2026-03-25 10:25:01 [INFO]   Record 07: Event ID: EVT3552 | Event Name: Qatar Cup Final | Sport: Volleyball | Venue: Al Thumama St...
2026-03-25 10:25:01 [INFO]   Record 08: Event ID: EVT7978 | Event Name: Gulf Youth Cup Final | Sport: Football | Venue: Qatar Spor...
2026-03-25 10:25:01 [INFO]   Record 09: Event ID: EVT4925 | Event Name: Qatar Premier League Match Day 8 | Sport: Football | Venue...
2026-03-25 10:25:01 [INFO] ------------------------------------------------------------------
2026-03-25 10:25:01 [INFO] File written successfully.
2026-03-25 10:25:01 [INFO]   Full path : /home/cloudera/mos_qatar_demo_poc/landing/mos_sports_events_20260325_102501.txt
2026-03-25 10:25:01 [INFO]   Size      : 2296 bytes
2026-03-25 10:25:01 [INFO]   Records   : 9
2026-03-25 10:25:01 [INFO] ==================================================================
2026-03-25 10:25:01 [INFO]   Generator Completed Successfully
2026-03-25 10:25:01 [INFO] ==================================================================
