2026-03-25 14:05:01 [INFO] ==================================================================
2026-03-25 14:05:01 [INFO]   MOS Qatar Demo - Sports Data Generator
2026-03-25 14:05:01 [INFO] ==================================================================
2026-03-25 14:05:01 [INFO] Config file   : /home/cloudera/mos_qatar_demo_poc/config/mos_qatar_demo.ini
2026-03-25 14:05:01 [INFO] Landing dir   : /home/cloudera/mos_qatar_demo_poc/landing
2026-03-25 14:05:01 [INFO] Output file   : mos_sports_events_20260325_140501.txt
2026-03-25 14:05:01 [INFO] Records count : 8
2026-03-25 14:05:01 [INFO] ------------------------------------------------------------------
2026-03-25 14:05:01 [INFO]   Record 01: Event ID: EVT1895 | Event Name: Gulf Youth Cup Semi Final | Sport: Athletics | Venue: Ahma...
2026-03-25 14:05:01 [INFO]   Record 02: Event ID: EVT9287 | Event Name: Gulf Youth Cup Round 2 | Sport: Volleyball | Venue: Al Bay...
2026-03-25 14:05:01 [INFO]   Record 03: Event ID: EVT7520 | Event Name: Qatar Premier League Match Day 5 | Sport: Football | Venue...
2026-03-25 14:05:01 [INFO]   Record 04: Event ID: EVT1800 | Event Name: Ramadan Football Festival | Sport: Football | Venue: Lusai...
2026-03-25 14:05:01 [INFO]   Record 05: Event ID: EVT1224 | Event Name: Arab Nations Championship Semi Final | Sport: Football | V...
2026-03-25 14:05:01 [INFO]   Record 06: Event ID: EVT2624 | Event Name: Ministry Invitational Friendly Tournament | Sport: Swimmin...
2026-03-25 14:05:01 [INFO]   Record 07: Event ID: EVT3134 | Event Name: FIFA World Cup Qatar Legacy Match | Sport: Athletics | Ven...
2026-03-25 14:05:01 [INFO]   Record 08: Event ID: EVT4777 | Event Name: Arab Nations Championship Group Stage | Sport: Football | ...
2026-03-25 14:05:01 [INFO] ------------------------------------------------------------------
2026-03-25 14:05:01 [INFO] File written successfully.
2026-03-25 14:05:01 [INFO]   Full path : /home/cloudera/mos_qatar_demo_poc/landing/mos_sports_events_20260325_140501.txt
2026-03-25 14:05:01 [INFO]   Size      : 2066 bytes
2026-03-25 14:05:01 [INFO]   Records   : 8
2026-03-25 14:05:01 [INFO] ==================================================================
2026-03-25 14:05:01 [INFO]   Generator Completed Successfully
2026-03-25 14:05:01 [INFO] ==================================================================
