2026-03-27 04:37:01 [INFO] ==================================================================
2026-03-27 04:37:01 [INFO]   MOS Qatar Demo - Sports Data Generator
2026-03-27 04:37:01 [INFO] ==================================================================
2026-03-27 04:37:01 [INFO] Config file   : /home/cloudera/mos_qatar_demo_poc/config/mos_qatar_demo.ini
2026-03-27 04:37:01 [INFO] Landing dir   : /home/cloudera/mos_qatar_demo_poc/landing
2026-03-27 04:37:01 [INFO] Output file   : mos_sports_events_20260327_043701.txt
2026-03-27 04:37:01 [INFO] Records count : 6
2026-03-27 04:37:01 [INFO] ------------------------------------------------------------------
2026-03-27 04:37:01 [INFO]   Record 01: Event ID: EVT1180 | Event Name: Asian Qualifiers Warm-up Match | Sport: Swimming | Venue: ...
2026-03-27 04:37:01 [INFO]   Record 02: Event ID: EVT5960 | Event Name: Gulf Youth Cup Final | Sport: Football | Venue: Lusail Sta...
2026-03-27 04:37:01 [INFO]   Record 03: Event ID: EVT1641 | Event Name: National Day Football Celebration | Sport: Football | Venu...
2026-03-27 04:37:01 [INFO]   Record 04: Event ID: EVT7832 | Event Name: Gulf Youth Cup Round 2 | Sport: Handball | Venue: Qatar Sp...
2026-03-27 04:37:01 [INFO]   Record 05: Event ID: EVT9047 | Event Name: Gulf Youth Cup Round 1 | Sport: Handball | Venue: Al Thuma...
2026-03-27 04:37:01 [INFO]   Record 06: Event ID: EVT8597 | Event Name: Gulf Youth Cup Quarter Final | Sport: Football | Venue: Ah...
2026-03-27 04:37:01 [INFO] ------------------------------------------------------------------
2026-03-27 04:37:01 [INFO] File written successfully.
2026-03-27 04:37:01 [INFO]   Full path : /home/cloudera/mos_qatar_demo_poc/landing/mos_sports_events_20260327_043701.txt
2026-03-27 04:37:01 [INFO]   Size      : 1521 bytes
2026-03-27 04:37:01 [INFO]   Records   : 6
2026-03-27 04:37:01 [INFO] ==================================================================
2026-03-27 04:37:01 [INFO]   Generator Completed Successfully
2026-03-27 04:37:01 [INFO] ==================================================================
