2026-03-27 22:01:02 [INFO] ==================================================================
2026-03-27 22:01:02 [INFO]   MOS Qatar Demo - Sports Data Generator
2026-03-27 22:01:02 [INFO] ==================================================================
2026-03-27 22:01:02 [INFO] Config file   : /home/cloudera/mos_qatar_demo_poc/config/mos_qatar_demo.ini
2026-03-27 22:01:02 [INFO] Landing dir   : /home/cloudera/mos_qatar_demo_poc/landing
2026-03-27 22:01:02 [INFO] Output file   : mos_sports_events_20260327_220102.txt
2026-03-27 22:01:02 [INFO] Records count : 9
2026-03-27 22:01:02 [INFO] ------------------------------------------------------------------
2026-03-27 22:01:02 [INFO]   Record 01: Event ID: EVT7531 | Event Name: National Team Preparation Match | Sport: Handball | Venue:...
2026-03-27 22:01:02 [INFO]   Record 02: Event ID: EVT7977 | Event Name: Gulf Youth Cup Round 1 | Sport: Athletics | Venue: Educati...
2026-03-27 22:01:02 [INFO]   Record 03: Event ID: EVT8741 | Event Name: Qatar Premier League Match Day 8 | Sport: Football | Venue...
2026-03-27 22:01:02 [INFO]   Record 04: Event ID: EVT6308 | Event Name: Qatar Premier League Match Day 12 | Sport: Football | Venu...
2026-03-27 22:01:02 [INFO]   Record 05: Event ID: EVT3473 | Event Name: Qatar Under-20 Development League | Sport: Football | Venu...
2026-03-27 22:01:02 [INFO]   Record 06: Event ID: EVT1949 | Event Name: National Team Preparation Match | Sport: Football | Venue:...
2026-03-27 22:01:02 [INFO]   Record 07: Event ID: EVT4080 | Event Name: Gulf Youth Cup Round 1 | Sport: Football | Venue: Al Janou...
2026-03-27 22:01:02 [INFO]   Record 08: Event ID: EVT3445 | Event Name: Qatar Cup Semi Final | Sport: Football | Venue: Education ...
2026-03-27 22:01:02 [INFO]   Record 09: Event ID: EVT1682 | Event Name: Qatar Cup Semi Final | Sport: Handball | Venue: Al Wakrah ...
2026-03-27 22:01:02 [INFO] ------------------------------------------------------------------
2026-03-27 22:01:02 [INFO] File written successfully.
2026-03-27 22:01:02 [INFO]   Full path : /home/cloudera/mos_qatar_demo_poc/landing/mos_sports_events_20260327_220102.txt
2026-03-27 22:01:02 [INFO]   Size      : 2343 bytes
2026-03-27 22:01:02 [INFO]   Records   : 9
2026-03-27 22:01:02 [INFO] ==================================================================
2026-03-27 22:01:02 [INFO]   Generator Completed Successfully
2026-03-27 22:01:02 [INFO] ==================================================================
