2026-03-26 23:17:01 [INFO] ==================================================================
2026-03-26 23:17:01 [INFO]   MOS Qatar Demo - Sports Data Generator
2026-03-26 23:17:01 [INFO] ==================================================================
2026-03-26 23:17:01 [INFO] Config file   : /home/cloudera/mos_qatar_demo_poc/config/mos_qatar_demo.ini
2026-03-26 23:17:01 [INFO] Landing dir   : /home/cloudera/mos_qatar_demo_poc/landing
2026-03-26 23:17:01 [INFO] Output file   : mos_sports_events_20260326_231701.txt
2026-03-26 23:17:01 [INFO] Records count : 7
2026-03-26 23:17:01 [INFO] ------------------------------------------------------------------
2026-03-26 23:17:01 [INFO]   Record 01: Event ID: EVT3163 | Event Name: Arab Nations Championship Semi Final | Sport: Volleyball |...
2026-03-26 23:17:01 [INFO]   Record 02: Event ID: EVT3831 | Event Name: Qatar Under-20 Development League | Sport: Basketball | Ve...
2026-03-26 23:17:01 [INFO]   Record 03: Event ID: EVT6550 | Event Name: Arab Nations Championship Group Stage | Sport: Swimming | ...
2026-03-26 23:17:01 [INFO]   Record 04: Event ID: EVT7455 | Event Name: National Team Preparation Match | Sport: Handball | Venue:...
2026-03-26 23:17:01 [INFO]   Record 05: Event ID: EVT8066 | Event Name: Ministry Youth Sports Day | Sport: Volleyball | Venue: Qat...
2026-03-26 23:17:01 [INFO]   Record 06: Event ID: EVT6194 | Event Name: GCC Club Championship Semi Final | Sport: Football | Venue...
2026-03-26 23:17:01 [INFO]   Record 07: Event ID: EVT6657 | Event Name: MOS Annual Charity Football Gala | Sport: Football | Venue...
2026-03-26 23:17:01 [INFO] ------------------------------------------------------------------
2026-03-26 23:17:01 [INFO] File written successfully.
2026-03-26 23:17:01 [INFO]   Full path : /home/cloudera/mos_qatar_demo_poc/landing/mos_sports_events_20260326_231701.txt
2026-03-26 23:17:01 [INFO]   Size      : 1818 bytes
2026-03-26 23:17:01 [INFO]   Records   : 7
2026-03-26 23:17:01 [INFO] ==================================================================
2026-03-26 23:17:01 [INFO]   Generator Completed Successfully
2026-03-26 23:17:01 [INFO] ==================================================================
