2026-03-27 19:30:01 [INFO] ==================================================================
2026-03-27 19:30:01 [INFO]   MOS Qatar Demo - Sports Data Generator
2026-03-27 19:30:01 [INFO] ==================================================================
2026-03-27 19:30:01 [INFO] Config file   : /home/cloudera/mos_qatar_demo_poc/config/mos_qatar_demo.ini
2026-03-27 19:30:01 [INFO] Landing dir   : /home/cloudera/mos_qatar_demo_poc/landing
2026-03-27 19:30:01 [INFO] Output file   : mos_sports_events_20260327_193001.txt
2026-03-27 19:30:01 [INFO] Records count : 8
2026-03-27 19:30:01 [INFO] ------------------------------------------------------------------
2026-03-27 19:30:01 [INFO]   Record 01: Event ID: EVT8438 | Event Name: Qatar Premier League Match Day 8 | Sport: Football | Venue...
2026-03-27 19:30:01 [INFO]   Record 02: Event ID: EVT3733 | Event Name: Qatar Schools Football League | Sport: Football | Venue: A...
2026-03-27 19:30:01 [INFO]   Record 03: Event ID: EVT9306 | Event Name: FIFA World Cup Qatar Legacy Match | Sport: Athletics | Ven...
2026-03-27 19:30:01 [INFO]   Record 04: Event ID: EVT5940 | Event Name: Gulf Youth Cup Round 1 | Sport: Football | Venue: Al Bayt ...
2026-03-27 19:30:01 [INFO]   Record 05: Event ID: EVT3038 | Event Name: Ministry Youth Sports Day | Sport: Football | Venue: Qatar...
2026-03-27 19:30:01 [INFO]   Record 06: Event ID: EVT1078 | Event Name: Gulf Cup Qualifier Round 1 | Sport: Football | Venue: Ahma...
2026-03-27 19:30:01 [INFO]   Record 07: Event ID: EVT8512 | Event Name: Gulf Youth Cup Round 2 | Sport: Football | Venue: Al Wakra...
2026-03-27 19:30:01 [INFO]   Record 08: Event ID: EVT4865 | Event Name: Gulf Youth Cup Semi Final | Sport: Football | Venue: Educa...
2026-03-27 19:30:01 [INFO] ------------------------------------------------------------------
2026-03-27 19:30:01 [INFO] File written successfully.
2026-03-27 19:30:01 [INFO]   Full path : /home/cloudera/mos_qatar_demo_poc/landing/mos_sports_events_20260327_193001.txt
2026-03-27 19:30:01 [INFO]   Size      : 2093 bytes
2026-03-27 19:30:01 [INFO]   Records   : 8
2026-03-27 19:30:01 [INFO] ==================================================================
2026-03-27 19:30:01 [INFO]   Generator Completed Successfully
2026-03-27 19:30:01 [INFO] ==================================================================
