2026-03-25 20:40:02 [INFO] ==================================================================
2026-03-25 20:40:02 [INFO]   MOS Qatar Demo - Sports Data Generator
2026-03-25 20:40:02 [INFO] ==================================================================
2026-03-25 20:40:02 [INFO] Config file   : /home/cloudera/mos_qatar_demo_poc/config/mos_qatar_demo.ini
2026-03-25 20:40:02 [INFO] Landing dir   : /home/cloudera/mos_qatar_demo_poc/landing
2026-03-25 20:40:02 [INFO] Output file   : mos_sports_events_20260325_204002.txt
2026-03-25 20:40:02 [INFO] Records count : 5
2026-03-25 20:40:02 [INFO] ------------------------------------------------------------------
2026-03-25 20:40:02 [INFO]   Record 01: Event ID: EVT4707 | Event Name: Gulf Youth Cup Semi Final | Sport: Athletics | Venue: Al B...
2026-03-25 20:40:02 [INFO]   Record 02: Event ID: EVT3822 | Event Name: Arab Nations Championship Group Stage | Sport: Volleyball ...
2026-03-25 20:40:02 [INFO]   Record 03: Event ID: EVT6703 | Event Name: Gulf Youth Cup Round 2 | Sport: Basketball | Venue: Al Wak...
2026-03-25 20:40:02 [INFO]   Record 04: Event ID: EVT1361 | Event Name: Gulf Cup Qualifier Round 1 | Sport: Handball | Venue: Khal...
2026-03-25 20:40:02 [INFO]   Record 05: Event ID: EVT1382 | Event Name: Ministry Invitational Friendly Tournament | Sport: Footbal...
2026-03-25 20:40:02 [INFO] ------------------------------------------------------------------
2026-03-25 20:40:02 [INFO] File written successfully.
2026-03-25 20:40:02 [INFO]   Full path : /home/cloudera/mos_qatar_demo_poc/landing/mos_sports_events_20260325_204002.txt
2026-03-25 20:40:02 [INFO]   Size      : 1303 bytes
2026-03-25 20:40:02 [INFO]   Records   : 5
2026-03-25 20:40:02 [INFO] ==================================================================
2026-03-25 20:40:02 [INFO]   Generator Completed Successfully
2026-03-25 20:40:02 [INFO] ==================================================================
