2026-03-25 05:11:01 [INFO] ==================================================================
2026-03-25 05:11:01 [INFO]   MOS Qatar Demo - Sports Data Generator
2026-03-25 05:11:01 [INFO] ==================================================================
2026-03-25 05:11:01 [INFO] Config file   : /home/cloudera/mos_qatar_demo_poc/config/mos_qatar_demo.ini
2026-03-25 05:11:01 [INFO] Landing dir   : /home/cloudera/mos_qatar_demo_poc/landing
2026-03-25 05:11:01 [INFO] Output file   : mos_sports_events_20260325_051101.txt
2026-03-25 05:11:01 [INFO] Records count : 8
2026-03-25 05:11:01 [INFO] ------------------------------------------------------------------
2026-03-25 05:11:01 [INFO]   Record 01: Event ID: EVT8182 | Event Name: Qatar Premier League Match Day 8 | Sport: Volleyball | Ven...
2026-03-25 05:11:01 [INFO]   Record 02: Event ID: EVT2152 | Event Name: Gulf Youth Cup Round 1 | Sport: Football | Venue: Qatar Sp...
2026-03-25 05:11:01 [INFO]   Record 03: Event ID: EVT1956 | Event Name: GCC Club Championship Semi Final | Sport: Handball | Venue...
2026-03-25 05:11:01 [INFO]   Record 04: Event ID: EVT7327 | Event Name: Gulf Youth Cup Round 2 | Sport: Volleyball | Venue: Educat...
2026-03-25 05:11:01 [INFO]   Record 05: Event ID: EVT3617 | Event Name: FIFA World Cup Qatar Legacy Match | Sport: Volleyball | Ve...
2026-03-25 05:11:01 [INFO]   Record 06: Event ID: EVT1277 | Event Name: Ministry Invitational Friendly Tournament | Sport: Footbal...
2026-03-25 05:11:01 [INFO]   Record 07: Event ID: EVT9335 | Event Name: Gulf Youth Cup Round 1 | Sport: Athletics | Venue: Ahmad B...
2026-03-25 05:11:01 [INFO]   Record 08: Event ID: EVT2380 | Event Name: Ministry Youth Sports Day | Sport: Basketball | Venue: Qat...
2026-03-25 05:11:01 [INFO] ------------------------------------------------------------------
2026-03-25 05:11:01 [INFO] File written successfully.
2026-03-25 05:11:01 [INFO]   Full path : /home/cloudera/mos_qatar_demo_poc/landing/mos_sports_events_20260325_051101.txt
2026-03-25 05:11:01 [INFO]   Size      : 2079 bytes
2026-03-25 05:11:01 [INFO]   Records   : 8
2026-03-25 05:11:01 [INFO] ==================================================================
2026-03-25 05:11:01 [INFO]   Generator Completed Successfully
2026-03-25 05:11:01 [INFO] ==================================================================
