2026-03-25 13:26:02 [INFO] ==================================================================
2026-03-25 13:26:02 [INFO]   MOS Qatar Demo - Sports Data Generator
2026-03-25 13:26:02 [INFO] ==================================================================
2026-03-25 13:26:02 [INFO] Config file   : /home/cloudera/mos_qatar_demo_poc/config/mos_qatar_demo.ini
2026-03-25 13:26:02 [INFO] Landing dir   : /home/cloudera/mos_qatar_demo_poc/landing
2026-03-25 13:26:02 [INFO] Output file   : mos_sports_events_20260325_132602.txt
2026-03-25 13:26:02 [INFO] Records count : 9
2026-03-25 13:26:02 [INFO] ------------------------------------------------------------------
2026-03-25 13:26:02 [INFO]   Record 01: Event ID: EVT5269 | Event Name: Gulf Youth Cup Semi Final | Sport: Football | Venue: Al Th...
2026-03-25 13:26:02 [INFO]   Record 02: Event ID: EVT6582 | Event Name: Gulf Cup Qualifier Round 1 | Sport: Football | Venue: Khal...
2026-03-25 13:26:02 [INFO]   Record 03: Event ID: EVT2072 | Event Name: Qatar Cup Final | Sport: Basketball | Venue: Ahmad Bin Ali...
2026-03-25 13:26:02 [INFO]   Record 04: Event ID: EVT9263 | Event Name: Qatar Olympic Training Camp Evaluation | Sport: Football |...
2026-03-25 13:26:02 [INFO]   Record 05: Event ID: EVT1457 | Event Name: Qatar Premier League Match Day 5 | Sport: Football | Venue...
2026-03-25 13:26:02 [INFO]   Record 06: Event ID: EVT4113 | Event Name: Qatar Cup Semi Final | Sport: Football | Venue: Al Janoub ...
2026-03-25 13:26:02 [INFO]   Record 07: Event ID: EVT8846 | Event Name: Gulf Youth Cup Semi Final | Sport: Football | Venue: Al Ba...
2026-03-25 13:26:02 [INFO]   Record 08: Event ID: EVT2899 | Event Name: Qatar Cup Semi Final | Sport: Volleyball | Venue: Al Thuma...
2026-03-25 13:26:02 [INFO]   Record 09: Event ID: EVT5677 | Event Name: GCC Club Championship Semi Final | Sport: Basketball | Ven...
2026-03-25 13:26:02 [INFO] ------------------------------------------------------------------
2026-03-25 13:26:02 [INFO] File written successfully.
2026-03-25 13:26:02 [INFO]   Full path : /home/cloudera/mos_qatar_demo_poc/landing/mos_sports_events_20260325_132602.txt
2026-03-25 13:26:02 [INFO]   Size      : 2312 bytes
2026-03-25 13:26:02 [INFO]   Records   : 9
2026-03-25 13:26:02 [INFO] ==================================================================
2026-03-25 13:26:02 [INFO]   Generator Completed Successfully
2026-03-25 13:26:02 [INFO] ==================================================================
