2026-03-26 07:02:01 [INFO] ==================================================================
2026-03-26 07:02:01 [INFO]   MOS Qatar Demo - Sports Data Generator
2026-03-26 07:02:01 [INFO] ==================================================================
2026-03-26 07:02:01 [INFO] Config file   : /home/cloudera/mos_qatar_demo_poc/config/mos_qatar_demo.ini
2026-03-26 07:02:01 [INFO] Landing dir   : /home/cloudera/mos_qatar_demo_poc/landing
2026-03-26 07:02:01 [INFO] Output file   : mos_sports_events_20260326_070201.txt
2026-03-26 07:02:01 [INFO] Records count : 10
2026-03-26 07:02:01 [INFO] ------------------------------------------------------------------
2026-03-26 07:02:01 [INFO]   Record 01: Event ID: EVT4041 | Event Name: Gulf Youth Cup Quarter Final | Sport: Athletics | Venue: Q...
2026-03-26 07:02:01 [INFO]   Record 02: Event ID: EVT2717 | Event Name: Qatar Premier League Match Day 8 | Sport: Football | Venue...
2026-03-26 07:02:01 [INFO]   Record 03: Event ID: EVT3570 | Event Name: Ministry Youth Sports Day | Sport: Football | Venue: Al Wa...
2026-03-26 07:02:01 [INFO]   Record 04: Event ID: EVT2216 | Event Name: Gulf Youth Cup Round 2 | Sport: Football | Venue: Al Wakra...
2026-03-26 07:02:01 [INFO]   Record 05: Event ID: EVT2895 | Event Name: Qatar Premier League Match Day 5 | Sport: Volleyball | Ven...
2026-03-26 07:02:01 [INFO]   Record 06: Event ID: EVT1034 | Event Name: Gulf Youth Cup Final | Sport: Basketball | Venue: Al Bayt ...
2026-03-26 07:02:01 [INFO]   Record 07: Event ID: EVT3645 | Event Name: GCC Club Championship Semi Final | Sport: Athletics | Venu...
2026-03-26 07:02:01 [INFO]   Record 08: Event ID: EVT2710 | Event Name: Ramadan Football Festival | Sport: Swimming | Venue: Al Th...
2026-03-26 07:02:01 [INFO]   Record 09: Event ID: EVT1204 | Event Name: Arab Nations Championship Semi Final | Sport: Football | V...
2026-03-26 07:02:01 [INFO]   Record 10: Event ID: EVT7357 | Event Name: GCC Club Championship Semi Final | Sport: Athletics | Venu...
2026-03-26 07:02:01 [INFO] ------------------------------------------------------------------
2026-03-26 07:02:01 [INFO] File written successfully.
2026-03-26 07:02:01 [INFO]   Full path : /home/cloudera/mos_qatar_demo_poc/landing/mos_sports_events_20260326_070201.txt
2026-03-26 07:02:01 [INFO]   Size      : 2592 bytes
2026-03-26 07:02:01 [INFO]   Records   : 10
2026-03-26 07:02:01 [INFO] ==================================================================
2026-03-26 07:02:01 [INFO]   Generator Completed Successfully
2026-03-26 07:02:01 [INFO] ==================================================================
