2026-03-25 01:14:02 [INFO] ==================================================================
2026-03-25 01:14:02 [INFO]   MOS Qatar Demo - Sports Data Generator
2026-03-25 01:14:02 [INFO] ==================================================================
2026-03-25 01:14:02 [INFO] Config file   : /home/cloudera/mos_qatar_demo_poc/config/mos_qatar_demo.ini
2026-03-25 01:14:02 [INFO] Landing dir   : /home/cloudera/mos_qatar_demo_poc/landing
2026-03-25 01:14:02 [INFO] Output file   : mos_sports_events_20260325_011402.txt
2026-03-25 01:14:02 [INFO] Records count : 7
2026-03-25 01:14:02 [INFO] ------------------------------------------------------------------
2026-03-25 01:14:02 [INFO]   Record 01: Event ID: EVT1224 | Event Name: Gulf Youth Cup Round 1 | Sport: Football | Venue: Qatar Sp...
2026-03-25 01:14:02 [INFO]   Record 02: Event ID: EVT9752 | Event Name: Gulf Cup Qualifier Round 1 | Sport: Basketball | Venue: Ed...
2026-03-25 01:14:02 [INFO]   Record 03: Event ID: EVT9366 | Event Name: GCC Club Championship Quarter Final | Sport: Football | Ve...
2026-03-25 01:14:02 [INFO]   Record 04: Event ID: EVT3892 | Event Name: Qatar Premier League Match Day 12 | Sport: Football | Venu...
2026-03-25 01:14:02 [INFO]   Record 05: Event ID: EVT5837 | Event Name: Arab Nations Championship Group Stage | Sport: Handball | ...
2026-03-25 01:14:02 [INFO]   Record 06: Event ID: EVT8349 | Event Name: Arab Nations Championship Semi Final | Sport: Football | V...
2026-03-25 01:14:02 [INFO]   Record 07: Event ID: EVT5098 | Event Name: Qatar Premier League Match Day 12 | Sport: Football | Venu...
2026-03-25 01:14:02 [INFO] ------------------------------------------------------------------
2026-03-25 01:14:02 [INFO] File written successfully.
2026-03-25 01:14:02 [INFO]   Full path : /home/cloudera/mos_qatar_demo_poc/landing/mos_sports_events_20260325_011402.txt
2026-03-25 01:14:02 [INFO]   Size      : 1832 bytes
2026-03-25 01:14:02 [INFO]   Records   : 7
2026-03-25 01:14:02 [INFO] ==================================================================
2026-03-25 01:14:02 [INFO]   Generator Completed Successfully
2026-03-25 01:14:02 [INFO] ==================================================================
