2026-03-24 18:39:01 [INFO] ==================================================================
2026-03-24 18:39:01 [INFO]   MOS Qatar Demo - Sports Data Generator
2026-03-24 18:39:01 [INFO] ==================================================================
2026-03-24 18:39:01 [INFO] Config file   : /home/cloudera/mos_qatar_demo_poc/config/mos_qatar_demo.ini
2026-03-24 18:39:01 [INFO] Landing dir   : /home/cloudera/mos_qatar_demo_poc/landing
2026-03-24 18:39:01 [INFO] Output file   : mos_sports_events_20260324_183901.txt
2026-03-24 18:39:01 [INFO] Records count : 7
2026-03-24 18:39:01 [INFO] ------------------------------------------------------------------
2026-03-24 18:39:01 [INFO]   Record 01: Event ID: EVT9550 | Event Name: GCC Club Championship Final | Sport: Swimming | Venue: Al ...
2026-03-24 18:39:01 [INFO]   Record 02: Event ID: EVT2527 | Event Name: Gulf Youth Cup Final | Sport: Football | Venue: Al Bayt St...
2026-03-24 18:39:01 [INFO]   Record 03: Event ID: EVT3076 | Event Name: Ramadan Football Festival | Sport: Athletics | Venue: Al J...
2026-03-24 18:39:01 [INFO]   Record 04: Event ID: EVT3170 | Event Name: Gulf Youth Cup Round 2 | Sport: Handball | Venue: Educatio...
2026-03-24 18:39:01 [INFO]   Record 05: Event ID: EVT5602 | Event Name: Gulf Youth Cup Round 2 | Sport: Basketball | Venue: Aspire...
2026-03-24 18:39:01 [INFO]   Record 06: Event ID: EVT1673 | Event Name: GCC Club Championship Quarter Final | Sport: Handball | Ve...
2026-03-24 18:39:01 [INFO]   Record 07: Event ID: EVT1952 | Event Name: Asian Qualifiers Warm-up Match | Sport: Basketball | Venue...
2026-03-24 18:39:01 [INFO] ------------------------------------------------------------------
2026-03-24 18:39:01 [INFO] File written successfully.
2026-03-24 18:39:01 [INFO]   Full path : /home/cloudera/mos_qatar_demo_poc/landing/mos_sports_events_20260324_183901.txt
2026-03-24 18:39:01 [INFO]   Size      : 1790 bytes
2026-03-24 18:39:01 [INFO]   Records   : 7
2026-03-24 18:39:01 [INFO] ==================================================================
2026-03-24 18:39:01 [INFO]   Generator Completed Successfully
2026-03-24 18:39:01 [INFO] ==================================================================
