2026-03-26 16:04:01 [INFO] ==================================================================
2026-03-26 16:04:01 [INFO]   MOS Qatar Demo - Sports Data Generator
2026-03-26 16:04:01 [INFO] ==================================================================
2026-03-26 16:04:01 [INFO] Config file   : /home/cloudera/mos_qatar_demo_poc/config/mos_qatar_demo.ini
2026-03-26 16:04:01 [INFO] Landing dir   : /home/cloudera/mos_qatar_demo_poc/landing
2026-03-26 16:04:01 [INFO] Output file   : mos_sports_events_20260326_160401.txt
2026-03-26 16:04:01 [INFO] Records count : 7
2026-03-26 16:04:01 [INFO] ------------------------------------------------------------------
2026-03-26 16:04:01 [INFO]   Record 01: Event ID: EVT1188 | Event Name: Doha Sports Festival Opening Match | Sport: Swimming | Ven...
2026-03-26 16:04:01 [INFO]   Record 02: Event ID: EVT3611 | Event Name: Qatar Premier League Match Day 8 | Sport: Football | Venue...
2026-03-26 16:04:01 [INFO]   Record 03: Event ID: EVT7998 | Event Name: Asian Qualifiers Warm-up Match | Sport: Volleyball | Venue...
2026-03-26 16:04:01 [INFO]   Record 04: Event ID: EVT7695 | Event Name: Qatar Premier League Match Day 5 | Sport: Football | Venue...
2026-03-26 16:04:01 [INFO]   Record 05: Event ID: EVT6654 | Event Name: Qatar Premier League Match Day 5 | Sport: Athletics | Venu...
2026-03-26 16:04:01 [INFO]   Record 06: Event ID: EVT5639 | Event Name: Gulf Youth Cup Quarter Final | Sport: Football | Venue: As...
2026-03-26 16:04:01 [INFO]   Record 07: Event ID: EVT7732 | Event Name: Qatar Cup Semi Final | Sport: Handball | Venue: Lusail Sta...
2026-03-26 16:04:01 [INFO] ------------------------------------------------------------------
2026-03-26 16:04:01 [INFO] File written successfully.
2026-03-26 16:04:01 [INFO]   Full path : /home/cloudera/mos_qatar_demo_poc/landing/mos_sports_events_20260326_160401.txt
2026-03-26 16:04:01 [INFO]   Size      : 1801 bytes
2026-03-26 16:04:01 [INFO]   Records   : 7
2026-03-26 16:04:01 [INFO] ==================================================================
2026-03-26 16:04:01 [INFO]   Generator Completed Successfully
2026-03-26 16:04:01 [INFO] ==================================================================
