2026-03-27 00:52:02 [INFO] ==================================================================
2026-03-27 00:52:02 [INFO]   MOS Qatar Demo - Sports Data Generator
2026-03-27 00:52:02 [INFO] ==================================================================
2026-03-27 00:52:02 [INFO] Config file   : /home/cloudera/mos_qatar_demo_poc/config/mos_qatar_demo.ini
2026-03-27 00:52:02 [INFO] Landing dir   : /home/cloudera/mos_qatar_demo_poc/landing
2026-03-27 00:52:02 [INFO] Output file   : mos_sports_events_20260327_005202.txt
2026-03-27 00:52:02 [INFO] Records count : 10
2026-03-27 00:52:02 [INFO] ------------------------------------------------------------------
2026-03-27 00:52:02 [INFO]   Record 01: Event ID: EVT7355 | Event Name: Arab Nations Championship Semi Final | Sport: Football | V...
2026-03-27 00:52:02 [INFO]   Record 02: Event ID: EVT6796 | Event Name: Gulf Youth Cup Quarter Final | Sport: Football | Venue: Ah...
2026-03-27 00:52:02 [INFO]   Record 03: Event ID: EVT9213 | Event Name: FIFA World Cup Qatar Legacy Match | Sport: Swimming | Venu...
2026-03-27 00:52:02 [INFO]   Record 04: Event ID: EVT2643 | Event Name: Ministry Invitational Friendly Tournament | Sport: Basketb...
2026-03-27 00:52:02 [INFO]   Record 05: Event ID: EVT5328 | Event Name: Ramadan Football Festival | Sport: Football | Venue: Al Ja...
2026-03-27 00:52:02 [INFO]   Record 06: Event ID: EVT8850 | Event Name: Gulf Cup Qualifier Round 1 | Sport: Football | Venue: Al T...
2026-03-27 00:52:02 [INFO]   Record 07: Event ID: EVT3771 | Event Name: Qatar Premier League Match Day 12 | Sport: Football | Venu...
2026-03-27 00:52:02 [INFO]   Record 08: Event ID: EVT7111 | Event Name: Qatar Schools Football League | Sport: Football | Venue: A...
2026-03-27 00:52:02 [INFO]   Record 09: Event ID: EVT5222 | Event Name: Qatar Schools Football League | Sport: Handball | Venue: A...
2026-03-27 00:52:02 [INFO]   Record 10: Event ID: EVT8140 | Event Name: Qatar Premier League Match Day 5 | Sport: Basketball | Ven...
2026-03-27 00:52:02 [INFO] ------------------------------------------------------------------
2026-03-27 00:52:02 [INFO] File written successfully.
2026-03-27 00:52:02 [INFO]   Full path : /home/cloudera/mos_qatar_demo_poc/landing/mos_sports_events_20260327_005202.txt
2026-03-27 00:52:02 [INFO]   Size      : 2571 bytes
2026-03-27 00:52:02 [INFO]   Records   : 10
2026-03-27 00:52:02 [INFO] ==================================================================
2026-03-27 00:52:02 [INFO]   Generator Completed Successfully
2026-03-27 00:52:02 [INFO] ==================================================================
