2026-03-25 23:48:01 [INFO] ==================================================================
2026-03-25 23:48:01 [INFO]   MOS Qatar Demo - Sports Data Generator
2026-03-25 23:48:01 [INFO] ==================================================================
2026-03-25 23:48:01 [INFO] Config file   : /home/cloudera/mos_qatar_demo_poc/config/mos_qatar_demo.ini
2026-03-25 23:48:01 [INFO] Landing dir   : /home/cloudera/mos_qatar_demo_poc/landing
2026-03-25 23:48:01 [INFO] Output file   : mos_sports_events_20260325_234801.txt
2026-03-25 23:48:01 [INFO] Records count : 7
2026-03-25 23:48:01 [INFO] ------------------------------------------------------------------
2026-03-25 23:48:01 [INFO]   Record 01: Event ID: EVT1934 | Event Name: Ministry Invitational Friendly Tournament | Sport: Footbal...
2026-03-25 23:48:01 [INFO]   Record 02: Event ID: EVT6647 | Event Name: Gulf Youth Cup Round 2 | Sport: Swimming | Venue: Al Janou...
2026-03-25 23:48:01 [INFO]   Record 03: Event ID: EVT6845 | Event Name: Gulf Cup Qualifier Round 1 | Sport: Football | Venue: Aspi...
2026-03-25 23:48:01 [INFO]   Record 04: Event ID: EVT9851 | Event Name: MOS Annual Charity Football Gala | Sport: Football | Venue...
2026-03-25 23:48:01 [INFO]   Record 05: Event ID: EVT4409 | Event Name: Gulf Youth Cup Round 2 | Sport: Swimming | Venue: Lusail S...
2026-03-25 23:48:01 [INFO]   Record 06: Event ID: EVT3652 | Event Name: Gulf Youth Cup Round 1 | Sport: Basketball | Venue: Ahmad ...
2026-03-25 23:48:01 [INFO]   Record 07: Event ID: EVT8361 | Event Name: Gulf Youth Cup Round 1 | Sport: Football | Venue: Al Janou...
2026-03-25 23:48:01 [INFO] ------------------------------------------------------------------
2026-03-25 23:48:01 [INFO] File written successfully.
2026-03-25 23:48:01 [INFO]   Full path : /home/cloudera/mos_qatar_demo_poc/landing/mos_sports_events_20260325_234801.txt
2026-03-25 23:48:01 [INFO]   Size      : 1782 bytes
2026-03-25 23:48:01 [INFO]   Records   : 7
2026-03-25 23:48:01 [INFO] ==================================================================
2026-03-25 23:48:01 [INFO]   Generator Completed Successfully
2026-03-25 23:48:01 [INFO] ==================================================================
