2026-03-26 14:12:01 [INFO] ==================================================================
2026-03-26 14:12:01 [INFO]   MOS Qatar Demo - Sports Data Generator
2026-03-26 14:12:01 [INFO] ==================================================================
2026-03-26 14:12:01 [INFO] Config file   : /home/cloudera/mos_qatar_demo_poc/config/mos_qatar_demo.ini
2026-03-26 14:12:01 [INFO] Landing dir   : /home/cloudera/mos_qatar_demo_poc/landing
2026-03-26 14:12:01 [INFO] Output file   : mos_sports_events_20260326_141201.txt
2026-03-26 14:12:01 [INFO] Records count : 9
2026-03-26 14:12:01 [INFO] ------------------------------------------------------------------
2026-03-26 14:12:01 [INFO]   Record 01: Event ID: EVT2294 | Event Name: Arab Nations Championship Semi Final | Sport: Handball | V...
2026-03-26 14:12:01 [INFO]   Record 02: Event ID: EVT7885 | Event Name: Arab Nations Championship Group Stage | Sport: Football | ...
2026-03-26 14:12:01 [INFO]   Record 03: Event ID: EVT9886 | Event Name: Qatar Cup Semi Final | Sport: Basketball | Venue: Lusail S...
2026-03-26 14:12:01 [INFO]   Record 04: Event ID: EVT8313 | Event Name: National Day Football Celebration | Sport: Football | Venu...
2026-03-26 14:12:01 [INFO]   Record 05: Event ID: EVT3207 | Event Name: Gulf Youth Cup Round 1 | Sport: Volleyball | Venue: Al Wak...
2026-03-26 14:12:01 [INFO]   Record 06: Event ID: EVT7070 | Event Name: Qatar Premier League Match Day 5 | Sport: Athletics | Venu...
2026-03-26 14:12:01 [INFO]   Record 07: Event ID: EVT6212 | Event Name: Gulf Youth Cup Quarter Final | Sport: Athletics | Venue: A...
2026-03-26 14:12:01 [INFO]   Record 08: Event ID: EVT3060 | Event Name: Ministry Youth Sports Day | Sport: Football | Venue: Ahmad...
2026-03-26 14:12:01 [INFO]   Record 09: Event ID: EVT6607 | Event Name: GCC Club Championship Final | Sport: Football | Venue: Kha...
2026-03-26 14:12:01 [INFO] ------------------------------------------------------------------
2026-03-26 14:12:01 [INFO] File written successfully.
2026-03-26 14:12:01 [INFO]   Full path : /home/cloudera/mos_qatar_demo_poc/landing/mos_sports_events_20260326_141201.txt
2026-03-26 14:12:01 [INFO]   Size      : 2331 bytes
2026-03-26 14:12:01 [INFO]   Records   : 9
2026-03-26 14:12:01 [INFO] ==================================================================
2026-03-26 14:12:01 [INFO]   Generator Completed Successfully
2026-03-26 14:12:01 [INFO] ==================================================================
