2026-03-27 04:14:01 [INFO] ==================================================================
2026-03-27 04:14:01 [INFO]   MOS Qatar Demo - Sports Data Generator
2026-03-27 04:14:01 [INFO] ==================================================================
2026-03-27 04:14:01 [INFO] Config file   : /home/cloudera/mos_qatar_demo_poc/config/mos_qatar_demo.ini
2026-03-27 04:14:01 [INFO] Landing dir   : /home/cloudera/mos_qatar_demo_poc/landing
2026-03-27 04:14:01 [INFO] Output file   : mos_sports_events_20260327_041401.txt
2026-03-27 04:14:01 [INFO] Records count : 10
2026-03-27 04:14:01 [INFO] ------------------------------------------------------------------
2026-03-27 04:14:01 [INFO]   Record 01: Event ID: EVT2720 | Event Name: GCC Club Championship Semi Final | Sport: Football | Venue...
2026-03-27 04:14:01 [INFO]   Record 02: Event ID: EVT9909 | Event Name: Arab Nations Championship Group Stage | Sport: Handball | ...
2026-03-27 04:14:01 [INFO]   Record 03: Event ID: EVT6398 | Event Name: Ministry Youth Sports Day | Sport: Football | Venue: Aspir...
2026-03-27 04:14:01 [INFO]   Record 04: Event ID: EVT2753 | Event Name: Qatar Premier League Match Day 8 | Sport: Basketball | Ven...
2026-03-27 04:14:01 [INFO]   Record 05: Event ID: EVT7098 | Event Name: GCC Club Championship Final | Sport: Football | Venue: Qat...
2026-03-27 04:14:01 [INFO]   Record 06: Event ID: EVT9680 | Event Name: Qatar Under-20 Development League | Sport: Football | Venu...
2026-03-27 04:14:01 [INFO]   Record 07: Event ID: EVT3165 | Event Name: Arab Nations Championship Semi Final | Sport: Athletics | ...
2026-03-27 04:14:01 [INFO]   Record 08: Event ID: EVT4367 | Event Name: Ministry Youth Sports Day | Sport: Football | Venue: Al Ba...
2026-03-27 04:14:01 [INFO]   Record 09: Event ID: EVT8579 | Event Name: National Day Football Celebration | Sport: Swimming | Venu...
2026-03-27 04:14:01 [INFO]   Record 10: Event ID: EVT3098 | Event Name: Ministry Invitational Friendly Tournament | Sport: Handbal...
2026-03-27 04:14:01 [INFO] ------------------------------------------------------------------
2026-03-27 04:14:01 [INFO] File written successfully.
2026-03-27 04:14:01 [INFO]   Full path : /home/cloudera/mos_qatar_demo_poc/landing/mos_sports_events_20260327_041401.txt
2026-03-27 04:14:01 [INFO]   Size      : 2597 bytes
2026-03-27 04:14:01 [INFO]   Records   : 10
2026-03-27 04:14:01 [INFO] ==================================================================
2026-03-27 04:14:01 [INFO]   Generator Completed Successfully
2026-03-27 04:14:01 [INFO] ==================================================================
