2026-03-27 11:18:02 [INFO] ==================================================================
2026-03-27 11:18:02 [INFO]   MOS Qatar Demo - Sports Data Generator
2026-03-27 11:18:02 [INFO] ==================================================================
2026-03-27 11:18:02 [INFO] Config file   : /home/cloudera/mos_qatar_demo_poc/config/mos_qatar_demo.ini
2026-03-27 11:18:02 [INFO] Landing dir   : /home/cloudera/mos_qatar_demo_poc/landing
2026-03-27 11:18:02 [INFO] Output file   : mos_sports_events_20260327_111802.txt
2026-03-27 11:18:02 [INFO] Records count : 7
2026-03-27 11:18:02 [INFO] ------------------------------------------------------------------
2026-03-27 11:18:02 [INFO]   Record 01: Event ID: EVT9215 | Event Name: Gulf Youth Cup Quarter Final | Sport: Football | Venue: As...
2026-03-27 11:18:02 [INFO]   Record 02: Event ID: EVT5825 | Event Name: Gulf Youth Cup Round 1 | Sport: Swimming | Venue: Al Janou...
2026-03-27 11:18:02 [INFO]   Record 03: Event ID: EVT2943 | Event Name: Gulf Youth Cup Round 2 | Sport: Volleyball | Venue: Educat...
2026-03-27 11:18:02 [INFO]   Record 04: Event ID: EVT3593 | Event Name: GCC Club Championship Final | Sport: Football | Venue: Al ...
2026-03-27 11:18:02 [INFO]   Record 05: Event ID: EVT7803 | Event Name: Qatar Premier League Match Day 8 | Sport: Swimming | Venue...
2026-03-27 11:18:02 [INFO]   Record 06: Event ID: EVT7680 | Event Name: GCC Club Championship Semi Final | Sport: Handball | Venue...
2026-03-27 11:18:02 [INFO]   Record 07: Event ID: EVT6489 | Event Name: Arab Nations Championship Group Stage | Sport: Volleyball ...
2026-03-27 11:18:02 [INFO] ------------------------------------------------------------------
2026-03-27 11:18:02 [INFO] File written successfully.
2026-03-27 11:18:02 [INFO]   Full path : /home/cloudera/mos_qatar_demo_poc/landing/mos_sports_events_20260327_111802.txt
2026-03-27 11:18:02 [INFO]   Size      : 1824 bytes
2026-03-27 11:18:02 [INFO]   Records   : 7
2026-03-27 11:18:02 [INFO] ==================================================================
2026-03-27 11:18:02 [INFO]   Generator Completed Successfully
2026-03-27 11:18:02 [INFO] ==================================================================
