2026-03-25 13:37:02 [INFO] ==================================================================
2026-03-25 13:37:02 [INFO]   MOS Qatar Demo - Sports Data Generator
2026-03-25 13:37:02 [INFO] ==================================================================
2026-03-25 13:37:02 [INFO] Config file   : /home/cloudera/mos_qatar_demo_poc/config/mos_qatar_demo.ini
2026-03-25 13:37:02 [INFO] Landing dir   : /home/cloudera/mos_qatar_demo_poc/landing
2026-03-25 13:37:02 [INFO] Output file   : mos_sports_events_20260325_133702.txt
2026-03-25 13:37:02 [INFO] Records count : 7
2026-03-25 13:37:02 [INFO] ------------------------------------------------------------------
2026-03-25 13:37:02 [INFO]   Record 01: Event ID: EVT5892 | Event Name: GCC Club Championship Semi Final | Sport: Athletics | Venu...
2026-03-25 13:37:02 [INFO]   Record 02: Event ID: EVT7686 | Event Name: Qatar Cup Semi Final | Sport: Volleyball | Venue: Al Wakra...
2026-03-25 13:37:02 [INFO]   Record 03: Event ID: EVT9449 | Event Name: GCC Club Championship Quarter Final | Sport: Football | Ve...
2026-03-25 13:37:02 [INFO]   Record 04: Event ID: EVT5145 | Event Name: Qatar Under-20 Development League | Sport: Basketball | Ve...
2026-03-25 13:37:02 [INFO]   Record 05: Event ID: EVT9068 | Event Name: Qatar Olympic Training Camp Evaluation | Sport: Football |...
2026-03-25 13:37:02 [INFO]   Record 06: Event ID: EVT9057 | Event Name: Qatar Premier League Match Day 8 | Sport: Football | Venue...
2026-03-25 13:37:02 [INFO]   Record 07: Event ID: EVT3309 | Event Name: Gulf Youth Cup Quarter Final | Sport: Football | Venue: Al...
2026-03-25 13:37:02 [INFO] ------------------------------------------------------------------
2026-03-25 13:37:02 [INFO] File written successfully.
2026-03-25 13:37:02 [INFO]   Full path : /home/cloudera/mos_qatar_demo_poc/landing/mos_sports_events_20260325_133702.txt
2026-03-25 13:37:02 [INFO]   Size      : 1796 bytes
2026-03-25 13:37:02 [INFO]   Records   : 7
2026-03-25 13:37:02 [INFO] ==================================================================
2026-03-25 13:37:02 [INFO]   Generator Completed Successfully
2026-03-25 13:37:02 [INFO] ==================================================================
