2026-03-24 22:27:01 [INFO] ==================================================================
2026-03-24 22:27:01 [INFO]   MOS Qatar Demo - Sports Data Generator
2026-03-24 22:27:01 [INFO] ==================================================================
2026-03-24 22:27:01 [INFO] Config file   : /home/cloudera/mos_qatar_demo_poc/config/mos_qatar_demo.ini
2026-03-24 22:27:01 [INFO] Landing dir   : /home/cloudera/mos_qatar_demo_poc/landing
2026-03-24 22:27:01 [INFO] Output file   : mos_sports_events_20260324_222701.txt
2026-03-24 22:27:01 [INFO] Records count : 10
2026-03-24 22:27:01 [INFO] ------------------------------------------------------------------
2026-03-24 22:27:01 [INFO]   Record 01: Event ID: EVT5017 | Event Name: Gulf Youth Cup Quarter Final | Sport: Football | Venue: Qa...
2026-03-24 22:27:01 [INFO]   Record 02: Event ID: EVT2130 | Event Name: Arab Nations Championship Semi Final | Sport: Swimming | V...
2026-03-24 22:27:01 [INFO]   Record 03: Event ID: EVT2262 | Event Name: Gulf Youth Cup Round 2 | Sport: Handball | Venue: Khalifa ...
2026-03-24 22:27:01 [INFO]   Record 04: Event ID: EVT4304 | Event Name: Qatar Schools Football League | Sport: Athletics | Venue: ...
2026-03-24 22:27:01 [INFO]   Record 05: Event ID: EVT6088 | Event Name: Asian Qualifiers Warm-up Match | Sport: Football | Venue: ...
2026-03-24 22:27:01 [INFO]   Record 06: Event ID: EVT8183 | Event Name: National Team Preparation Match | Sport: Basketball | Venu...
2026-03-24 22:27:01 [INFO]   Record 07: Event ID: EVT4054 | Event Name: GCC Club Championship Quarter Final | Sport: Football | Ve...
2026-03-24 22:27:01 [INFO]   Record 08: Event ID: EVT7250 | Event Name: MOS Annual Charity Football Gala | Sport: Football | Venue...
2026-03-24 22:27:01 [INFO]   Record 09: Event ID: EVT7670 | Event Name: Arab Nations Championship Semi Final | Sport: Football | V...
2026-03-24 22:27:01 [INFO]   Record 10: Event ID: EVT7202 | Event Name: Qatar Premier League Match Day 8 | Sport: Basketball | Ven...
2026-03-24 22:27:01 [INFO] ------------------------------------------------------------------
2026-03-24 22:27:01 [INFO] File written successfully.
2026-03-24 22:27:01 [INFO]   Full path : /home/cloudera/mos_qatar_demo_poc/landing/mos_sports_events_20260324_222701.txt
2026-03-24 22:27:01 [INFO]   Size      : 2618 bytes
2026-03-24 22:27:01 [INFO]   Records   : 10
2026-03-24 22:27:01 [INFO] ==================================================================
2026-03-24 22:27:01 [INFO]   Generator Completed Successfully
2026-03-24 22:27:01 [INFO] ==================================================================
