2026-03-25 19:03:01 [INFO] ==================================================================
2026-03-25 19:03:01 [INFO]   MOS Qatar Demo - Sports Data Generator
2026-03-25 19:03:01 [INFO] ==================================================================
2026-03-25 19:03:01 [INFO] Config file   : /home/cloudera/mos_qatar_demo_poc/config/mos_qatar_demo.ini
2026-03-25 19:03:01 [INFO] Landing dir   : /home/cloudera/mos_qatar_demo_poc/landing
2026-03-25 19:03:01 [INFO] Output file   : mos_sports_events_20260325_190301.txt
2026-03-25 19:03:01 [INFO] Records count : 6
2026-03-25 19:03:01 [INFO] ------------------------------------------------------------------
2026-03-25 19:03:01 [INFO]   Record 01: Event ID: EVT2274 | Event Name: Asian Qualifiers Warm-up Match | Sport: Football | Venue: ...
2026-03-25 19:03:01 [INFO]   Record 02: Event ID: EVT4740 | Event Name: Qatar Premier League Match Day 5 | Sport: Swimming | Venue...
2026-03-25 19:03:01 [INFO]   Record 03: Event ID: EVT2383 | Event Name: Arab Nations Championship Semi Final | Sport: Football | V...
2026-03-25 19:03:01 [INFO]   Record 04: Event ID: EVT1862 | Event Name: Qatar Under-20 Development League | Sport: Football | Venu...
2026-03-25 19:03:01 [INFO]   Record 05: Event ID: EVT9196 | Event Name: Gulf Youth Cup Round 2 | Sport: Swimming | Venue: Al Thuma...
2026-03-25 19:03:01 [INFO]   Record 06: Event ID: EVT7451 | Event Name: Qatar Premier League Match Day 12 | Sport: Football | Venu...
2026-03-25 19:03:01 [INFO] ------------------------------------------------------------------
2026-03-25 19:03:01 [INFO] File written successfully.
2026-03-25 19:03:01 [INFO]   Full path : /home/cloudera/mos_qatar_demo_poc/landing/mos_sports_events_20260325_190301.txt
2026-03-25 19:03:01 [INFO]   Size      : 1562 bytes
2026-03-25 19:03:01 [INFO]   Records   : 6
2026-03-25 19:03:01 [INFO] ==================================================================
2026-03-25 19:03:01 [INFO]   Generator Completed Successfully
2026-03-25 19:03:01 [INFO] ==================================================================
