2026-03-25 08:52:01 [INFO] ==================================================================
2026-03-25 08:52:01 [INFO]   MOS Qatar Demo - Sports Data Generator
2026-03-25 08:52:01 [INFO] ==================================================================
2026-03-25 08:52:01 [INFO] Config file   : /home/cloudera/mos_qatar_demo_poc/config/mos_qatar_demo.ini
2026-03-25 08:52:01 [INFO] Landing dir   : /home/cloudera/mos_qatar_demo_poc/landing
2026-03-25 08:52:01 [INFO] Output file   : mos_sports_events_20260325_085201.txt
2026-03-25 08:52:01 [INFO] Records count : 10
2026-03-25 08:52:01 [INFO] ------------------------------------------------------------------
2026-03-25 08:52:01 [INFO]   Record 01: Event ID: EVT5195 | Event Name: Ministry Invitational Friendly Tournament | Sport: Footbal...
2026-03-25 08:52:01 [INFO]   Record 02: Event ID: EVT5866 | Event Name: Qatar Premier League Match Day 12 | Sport: Football | Venu...
2026-03-25 08:52:01 [INFO]   Record 03: Event ID: EVT8953 | Event Name: Qatar Cup Semi Final | Sport: Football | Venue: Al Janoub ...
2026-03-25 08:52:01 [INFO]   Record 04: Event ID: EVT4425 | Event Name: Qatar Premier League Match Day 5 | Sport: Football | Venue...
2026-03-25 08:52:01 [INFO]   Record 05: Event ID: EVT4817 | Event Name: GCC Club Championship Quarter Final | Sport: Football | Ve...
2026-03-25 08:52:01 [INFO]   Record 06: Event ID: EVT3285 | Event Name: Arab Nations Championship Group Stage | Sport: Basketball ...
2026-03-25 08:52:01 [INFO]   Record 07: Event ID: EVT8438 | Event Name: Qatar Premier League Match Day 12 | Sport: Football | Venu...
2026-03-25 08:52:01 [INFO]   Record 08: Event ID: EVT8962 | Event Name: National Day Football Celebration | Sport: Basketball | Ve...
2026-03-25 08:52:01 [INFO]   Record 09: Event ID: EVT5667 | Event Name: Ministry Youth Sports Day | Sport: Football | Venue: Aspir...
2026-03-25 08:52:01 [INFO]   Record 10: Event ID: EVT9202 | Event Name: Qatar Cup Final | Sport: Basketball | Venue: Khalifa Inter...
2026-03-25 08:52:01 [INFO] ------------------------------------------------------------------
2026-03-25 08:52:01 [INFO] File written successfully.
2026-03-25 08:52:01 [INFO]   Full path : /home/cloudera/mos_qatar_demo_poc/landing/mos_sports_events_20260325_085201.txt
2026-03-25 08:52:01 [INFO]   Size      : 2552 bytes
2026-03-25 08:52:01 [INFO]   Records   : 10
2026-03-25 08:52:01 [INFO] ==================================================================
2026-03-25 08:52:01 [INFO]   Generator Completed Successfully
2026-03-25 08:52:01 [INFO] ==================================================================
