2026-03-27 21:16:02 [INFO] ==================================================================
2026-03-27 21:16:02 [INFO]   MOS Qatar Demo - Sports Data Generator
2026-03-27 21:16:02 [INFO] ==================================================================
2026-03-27 21:16:02 [INFO] Config file   : /home/cloudera/mos_qatar_demo_poc/config/mos_qatar_demo.ini
2026-03-27 21:16:02 [INFO] Landing dir   : /home/cloudera/mos_qatar_demo_poc/landing
2026-03-27 21:16:02 [INFO] Output file   : mos_sports_events_20260327_211602.txt
2026-03-27 21:16:02 [INFO] Records count : 9
2026-03-27 21:16:02 [INFO] ------------------------------------------------------------------
2026-03-27 21:16:02 [INFO]   Record 01: Event ID: EVT7250 | Event Name: FIFA World Cup Qatar Legacy Match | Sport: Handball | Venu...
2026-03-27 21:16:02 [INFO]   Record 02: Event ID: EVT4705 | Event Name: Ramadan Football Festival | Sport: Basketball | Venue: Ahm...
2026-03-27 21:16:02 [INFO]   Record 03: Event ID: EVT2433 | Event Name: Qatar Premier League Match Day 5 | Sport: Football | Venue...
2026-03-27 21:16:02 [INFO]   Record 04: Event ID: EVT6647 | Event Name: GCC Club Championship Final | Sport: Basketball | Venue: K...
2026-03-27 21:16:02 [INFO]   Record 05: Event ID: EVT5825 | Event Name: Qatar Premier League Match Day 5 | Sport: Volleyball | Ven...
2026-03-27 21:16:02 [INFO]   Record 06: Event ID: EVT7132 | Event Name: GCC Club Championship Final | Sport: Basketball | Venue: A...
2026-03-27 21:16:02 [INFO]   Record 07: Event ID: EVT2982 | Event Name: MOS Annual Charity Football Gala | Sport: Football | Venue...
2026-03-27 21:16:02 [INFO]   Record 08: Event ID: EVT9519 | Event Name: GCC Club Championship Quarter Final | Sport: Handball | Ve...
2026-03-27 21:16:02 [INFO]   Record 09: Event ID: EVT4637 | Event Name: Qatar Premier League Match Day 12 | Sport: Football | Venu...
2026-03-27 21:16:02 [INFO] ------------------------------------------------------------------
2026-03-27 21:16:02 [INFO] File written successfully.
2026-03-27 21:16:02 [INFO]   Full path : /home/cloudera/mos_qatar_demo_poc/landing/mos_sports_events_20260327_211602.txt
2026-03-27 21:16:02 [INFO]   Size      : 2349 bytes
2026-03-27 21:16:02 [INFO]   Records   : 9
2026-03-27 21:16:02 [INFO] ==================================================================
2026-03-27 21:16:02 [INFO]   Generator Completed Successfully
2026-03-27 21:16:02 [INFO] ==================================================================
