2026-03-27 03:44:01 [INFO] ==================================================================
2026-03-27 03:44:01 [INFO]   MOS Qatar Demo - Sports Data Generator
2026-03-27 03:44:01 [INFO] ==================================================================
2026-03-27 03:44:01 [INFO] Config file   : /home/cloudera/mos_qatar_demo_poc/config/mos_qatar_demo.ini
2026-03-27 03:44:01 [INFO] Landing dir   : /home/cloudera/mos_qatar_demo_poc/landing
2026-03-27 03:44:01 [INFO] Output file   : mos_sports_events_20260327_034401.txt
2026-03-27 03:44:01 [INFO] Records count : 6
2026-03-27 03:44:01 [INFO] ------------------------------------------------------------------
2026-03-27 03:44:01 [INFO]   Record 01: Event ID: EVT1990 | Event Name: National Day Football Celebration | Sport: Football | Venu...
2026-03-27 03:44:01 [INFO]   Record 02: Event ID: EVT1786 | Event Name: Gulf Youth Cup Final | Sport: Handball | Venue: Khalifa In...
2026-03-27 03:44:01 [INFO]   Record 03: Event ID: EVT1608 | Event Name: Doha Sports Festival Opening Match | Sport: Volleyball | V...
2026-03-27 03:44:01 [INFO]   Record 04: Event ID: EVT3686 | Event Name: Qatar Under-20 Development League | Sport: Swimming | Venu...
2026-03-27 03:44:01 [INFO]   Record 05: Event ID: EVT7756 | Event Name: Ministry Youth Sports Day | Sport: Volleyball | Venue: Kha...
2026-03-27 03:44:01 [INFO]   Record 06: Event ID: EVT1084 | Event Name: Qatar Premier League Match Day 5 | Sport: Swimming | Venue...
2026-03-27 03:44:01 [INFO] ------------------------------------------------------------------
2026-03-27 03:44:01 [INFO] File written successfully.
2026-03-27 03:44:01 [INFO]   Full path : /home/cloudera/mos_qatar_demo_poc/landing/mos_sports_events_20260327_034401.txt
2026-03-27 03:44:01 [INFO]   Size      : 1581 bytes
2026-03-27 03:44:01 [INFO]   Records   : 6
2026-03-27 03:44:01 [INFO] ==================================================================
2026-03-27 03:44:01 [INFO]   Generator Completed Successfully
2026-03-27 03:44:01 [INFO] ==================================================================
