2026-03-26 05:07:01 [INFO] ==================================================================
2026-03-26 05:07:01 [INFO]   MOS Qatar Demo - Sports Data Generator
2026-03-26 05:07:01 [INFO] ==================================================================
2026-03-26 05:07:01 [INFO] Config file   : /home/cloudera/mos_qatar_demo_poc/config/mos_qatar_demo.ini
2026-03-26 05:07:01 [INFO] Landing dir   : /home/cloudera/mos_qatar_demo_poc/landing
2026-03-26 05:07:01 [INFO] Output file   : mos_sports_events_20260326_050701.txt
2026-03-26 05:07:01 [INFO] Records count : 7
2026-03-26 05:07:01 [INFO] ------------------------------------------------------------------
2026-03-26 05:07:01 [INFO]   Record 01: Event ID: EVT3692 | Event Name: Ramadan Football Festival | Sport: Athletics | Venue: Al W...
2026-03-26 05:07:01 [INFO]   Record 02: Event ID: EVT9952 | Event Name: Qatar Schools Football League | Sport: Football | Venue: L...
2026-03-26 05:07:01 [INFO]   Record 03: Event ID: EVT3663 | Event Name: Qatar Olympic Training Camp Evaluation | Sport: Athletics ...
2026-03-26 05:07:01 [INFO]   Record 04: Event ID: EVT2031 | Event Name: Gulf Youth Cup Final | Sport: Volleyball | Venue: Ahmad Bi...
2026-03-26 05:07:01 [INFO]   Record 05: Event ID: EVT7112 | Event Name: Asian Qualifiers Warm-up Match | Sport: Football | Venue: ...
2026-03-26 05:07:01 [INFO]   Record 06: Event ID: EVT9505 | Event Name: Gulf Youth Cup Round 2 | Sport: Handball | Venue: Al Bayt ...
2026-03-26 05:07:01 [INFO]   Record 07: Event ID: EVT2068 | Event Name: FIFA World Cup Qatar Legacy Match | Sport: Swimming | Venu...
2026-03-26 05:07:01 [INFO] ------------------------------------------------------------------
2026-03-26 05:07:01 [INFO] File written successfully.
2026-03-26 05:07:01 [INFO]   Full path : /home/cloudera/mos_qatar_demo_poc/landing/mos_sports_events_20260326_050701.txt
2026-03-26 05:07:01 [INFO]   Size      : 1796 bytes
2026-03-26 05:07:01 [INFO]   Records   : 7
2026-03-26 05:07:01 [INFO] ==================================================================
2026-03-26 05:07:01 [INFO]   Generator Completed Successfully
2026-03-26 05:07:01 [INFO] ==================================================================
