2026-03-24 18:23:01 [INFO] ==================================================================
2026-03-24 18:23:01 [INFO]   MOS Qatar Demo - Sports Data Generator
2026-03-24 18:23:01 [INFO] ==================================================================
2026-03-24 18:23:01 [INFO] Config file   : /home/cloudera/mos_qatar_demo_poc/config/mos_qatar_demo.ini
2026-03-24 18:23:01 [INFO] Landing dir   : /home/cloudera/mos_qatar_demo_poc/landing
2026-03-24 18:23:01 [INFO] Output file   : mos_sports_events_20260324_182301.txt
2026-03-24 18:23:01 [INFO] Records count : 10
2026-03-24 18:23:01 [INFO] ------------------------------------------------------------------
2026-03-24 18:23:01 [INFO]   Record 01: Event ID: EVT7529 | Event Name: National Team Preparation Match | Sport: Football | Venue:...
2026-03-24 18:23:01 [INFO]   Record 02: Event ID: EVT6236 | Event Name: FIFA World Cup Qatar Legacy Match | Sport: Athletics | Ven...
2026-03-24 18:23:01 [INFO]   Record 03: Event ID: EVT6479 | Event Name: Gulf Youth Cup Semi Final | Sport: Handball | Venue: Al Ba...
2026-03-24 18:23:01 [INFO]   Record 04: Event ID: EVT4364 | Event Name: Gulf Youth Cup Final | Sport: Football | Venue: Al Bayt St...
2026-03-24 18:23:01 [INFO]   Record 05: Event ID: EVT7105 | Event Name: MOS Annual Charity Football Gala | Sport: Basketball | Ven...
2026-03-24 18:23:01 [INFO]   Record 06: Event ID: EVT6708 | Event Name: Ministry Invitational Friendly Tournament | Sport: Footbal...
2026-03-24 18:23:01 [INFO]   Record 07: Event ID: EVT4316 | Event Name: Qatar Schools Football League | Sport: Football | Venue: A...
2026-03-24 18:23:01 [INFO]   Record 08: Event ID: EVT3140 | Event Name: National Team Preparation Match | Sport: Football | Venue:...
2026-03-24 18:23:01 [INFO]   Record 09: Event ID: EVT6810 | Event Name: Ministry Invitational Friendly Tournament | Sport: Volleyb...
2026-03-24 18:23:01 [INFO]   Record 10: Event ID: EVT2334 | Event Name: Gulf Youth Cup Round 1 | Sport: Athletics | Venue: Al Jano...
2026-03-24 18:23:01 [INFO] ------------------------------------------------------------------
2026-03-24 18:23:01 [INFO] File written successfully.
2026-03-24 18:23:01 [INFO]   Full path : /home/cloudera/mos_qatar_demo_poc/landing/mos_sports_events_20260324_182301.txt
2026-03-24 18:23:01 [INFO]   Size      : 2574 bytes
2026-03-24 18:23:01 [INFO]   Records   : 10
2026-03-24 18:23:01 [INFO] ==================================================================
2026-03-24 18:23:01 [INFO]   Generator Completed Successfully
2026-03-24 18:23:01 [INFO] ==================================================================
