2026-03-25 04:09:01 [INFO] ==================================================================
2026-03-25 04:09:01 [INFO]   MOS Qatar Demo - Sports Data Generator
2026-03-25 04:09:01 [INFO] ==================================================================
2026-03-25 04:09:01 [INFO] Config file   : /home/cloudera/mos_qatar_demo_poc/config/mos_qatar_demo.ini
2026-03-25 04:09:01 [INFO] Landing dir   : /home/cloudera/mos_qatar_demo_poc/landing
2026-03-25 04:09:01 [INFO] Output file   : mos_sports_events_20260325_040901.txt
2026-03-25 04:09:01 [INFO] Records count : 6
2026-03-25 04:09:01 [INFO] ------------------------------------------------------------------
2026-03-25 04:09:01 [INFO]   Record 01: Event ID: EVT4108 | Event Name: MOS Annual Charity Football Gala | Sport: Football | Venue...
2026-03-25 04:09:01 [INFO]   Record 02: Event ID: EVT4517 | Event Name: Gulf Youth Cup Semi Final | Sport: Basketball | Venue: Al ...
2026-03-25 04:09:01 [INFO]   Record 03: Event ID: EVT7066 | Event Name: Arab Nations Championship Semi Final | Sport: Volleyball |...
2026-03-25 04:09:01 [INFO]   Record 04: Event ID: EVT4792 | Event Name: GCC Club Championship Quarter Final | Sport: Football | Ve...
2026-03-25 04:09:01 [INFO]   Record 05: Event ID: EVT7705 | Event Name: GCC Club Championship Quarter Final | Sport: Basketball | ...
2026-03-25 04:09:01 [INFO]   Record 06: Event ID: EVT1587 | Event Name: Gulf Youth Cup Round 1 | Sport: Volleyball | Venue: Khalif...
2026-03-25 04:09:01 [INFO] ------------------------------------------------------------------
2026-03-25 04:09:01 [INFO] File written successfully.
2026-03-25 04:09:01 [INFO]   Full path : /home/cloudera/mos_qatar_demo_poc/landing/mos_sports_events_20260325_040901.txt
2026-03-25 04:09:01 [INFO]   Size      : 1540 bytes
2026-03-25 04:09:01 [INFO]   Records   : 6
2026-03-25 04:09:01 [INFO] ==================================================================
2026-03-25 04:09:01 [INFO]   Generator Completed Successfully
2026-03-25 04:09:01 [INFO] ==================================================================
