2026-03-26 11:55:01 [INFO] ==================================================================
2026-03-26 11:55:01 [INFO]   MOS Qatar Demo - Sports Data Generator
2026-03-26 11:55:01 [INFO] ==================================================================
2026-03-26 11:55:01 [INFO] Config file   : /home/cloudera/mos_qatar_demo_poc/config/mos_qatar_demo.ini
2026-03-26 11:55:01 [INFO] Landing dir   : /home/cloudera/mos_qatar_demo_poc/landing
2026-03-26 11:55:01 [INFO] Output file   : mos_sports_events_20260326_115501.txt
2026-03-26 11:55:01 [INFO] Records count : 10
2026-03-26 11:55:01 [INFO] ------------------------------------------------------------------
2026-03-26 11:55:01 [INFO]   Record 01: Event ID: EVT9713 | Event Name: Gulf Youth Cup Round 1 | Sport: Volleyball | Venue: Al Wak...
2026-03-26 11:55:01 [INFO]   Record 02: Event ID: EVT1719 | Event Name: Qatar Olympic Training Camp Evaluation | Sport: Athletics ...
2026-03-26 11:55:01 [INFO]   Record 03: Event ID: EVT6040 | Event Name: GCC Club Championship Quarter Final | Sport: Football | Ve...
2026-03-26 11:55:01 [INFO]   Record 04: Event ID: EVT4888 | Event Name: MOS Annual Charity Football Gala | Sport: Athletics | Venu...
2026-03-26 11:55:01 [INFO]   Record 05: Event ID: EVT3481 | Event Name: Arab Nations Championship Group Stage | Sport: Swimming | ...
2026-03-26 11:55:01 [INFO]   Record 06: Event ID: EVT1965 | Event Name: FIFA World Cup Qatar Legacy Match | Sport: Football | Venu...
2026-03-26 11:55:01 [INFO]   Record 07: Event ID: EVT1002 | Event Name: Gulf Youth Cup Round 1 | Sport: Football | Venue: Ahmad Bi...
2026-03-26 11:55:01 [INFO]   Record 08: Event ID: EVT2771 | Event Name: Qatar Premier League Match Day 8 | Sport: Football | Venue...
2026-03-26 11:55:01 [INFO]   Record 09: Event ID: EVT2246 | Event Name: Qatar Cup Final | Sport: Football | Venue: Al Wakrah Sport...
2026-03-26 11:55:01 [INFO]   Record 10: Event ID: EVT5968 | Event Name: Qatar Olympic Training Camp Evaluation | Sport: Football |...
2026-03-26 11:55:01 [INFO] ------------------------------------------------------------------
2026-03-26 11:55:01 [INFO] File written successfully.
2026-03-26 11:55:01 [INFO]   Full path : /home/cloudera/mos_qatar_demo_poc/landing/mos_sports_events_20260326_115501.txt
2026-03-26 11:55:01 [INFO]   Size      : 2583 bytes
2026-03-26 11:55:01 [INFO]   Records   : 10
2026-03-26 11:55:01 [INFO] ==================================================================
2026-03-26 11:55:01 [INFO]   Generator Completed Successfully
2026-03-26 11:55:01 [INFO] ==================================================================
