2026-03-25 02:34:01 [INFO] ==================================================================
2026-03-25 02:34:01 [INFO]   MOS Qatar Demo - Sports Data Generator
2026-03-25 02:34:01 [INFO] ==================================================================
2026-03-25 02:34:01 [INFO] Config file   : /home/cloudera/mos_qatar_demo_poc/config/mos_qatar_demo.ini
2026-03-25 02:34:01 [INFO] Landing dir   : /home/cloudera/mos_qatar_demo_poc/landing
2026-03-25 02:34:01 [INFO] Output file   : mos_sports_events_20260325_023401.txt
2026-03-25 02:34:01 [INFO] Records count : 5
2026-03-25 02:34:01 [INFO] ------------------------------------------------------------------
2026-03-25 02:34:01 [INFO]   Record 01: Event ID: EVT7039 | Event Name: Gulf Youth Cup Quarter Final | Sport: Athletics | Venue: E...
2026-03-25 02:34:01 [INFO]   Record 02: Event ID: EVT5449 | Event Name: Qatar Cup Semi Final | Sport: Football | Venue: Al Janoub ...
2026-03-25 02:34:01 [INFO]   Record 03: Event ID: EVT8074 | Event Name: Ramadan Football Festival | Sport: Handball | Venue: Aspir...
2026-03-25 02:34:01 [INFO]   Record 04: Event ID: EVT3130 | Event Name: Qatar Cup Semi Final | Sport: Volleyball | Venue: Ahmad Bi...
2026-03-25 02:34:01 [INFO]   Record 05: Event ID: EVT2201 | Event Name: Ministry Invitational Friendly Tournament | Sport: Footbal...
2026-03-25 02:34:01 [INFO] ------------------------------------------------------------------
2026-03-25 02:34:01 [INFO] File written successfully.
2026-03-25 02:34:01 [INFO]   Full path : /home/cloudera/mos_qatar_demo_poc/landing/mos_sports_events_20260325_023401.txt
2026-03-25 02:34:01 [INFO]   Size      : 1265 bytes
2026-03-25 02:34:01 [INFO]   Records   : 5
2026-03-25 02:34:01 [INFO] ==================================================================
2026-03-25 02:34:01 [INFO]   Generator Completed Successfully
2026-03-25 02:34:01 [INFO] ==================================================================
