2026-03-27 16:08:01 [INFO] ==================================================================
2026-03-27 16:08:01 [INFO]   MOS Qatar Demo - Sports Data Generator
2026-03-27 16:08:01 [INFO] ==================================================================
2026-03-27 16:08:01 [INFO] Config file   : /home/cloudera/mos_qatar_demo_poc/config/mos_qatar_demo.ini
2026-03-27 16:08:01 [INFO] Landing dir   : /home/cloudera/mos_qatar_demo_poc/landing
2026-03-27 16:08:01 [INFO] Output file   : mos_sports_events_20260327_160801.txt
2026-03-27 16:08:01 [INFO] Records count : 9
2026-03-27 16:08:01 [INFO] ------------------------------------------------------------------
2026-03-27 16:08:01 [INFO]   Record 01: Event ID: EVT1195 | Event Name: Arab Nations Championship Semi Final | Sport: Athletics | ...
2026-03-27 16:08:01 [INFO]   Record 02: Event ID: EVT9812 | Event Name: Ramadan Football Festival | Sport: Football | Venue: Al Th...
2026-03-27 16:08:01 [INFO]   Record 03: Event ID: EVT5933 | Event Name: Gulf Youth Cup Round 1 | Sport: Football | Venue: Al Bayt ...
2026-03-27 16:08:01 [INFO]   Record 04: Event ID: EVT9854 | Event Name: National Team Preparation Match | Sport: Football | Venue:...
2026-03-27 16:08:01 [INFO]   Record 05: Event ID: EVT3463 | Event Name: Qatar Premier League Match Day 5 | Sport: Handball | Venue...
2026-03-27 16:08:01 [INFO]   Record 06: Event ID: EVT6439 | Event Name: GCC Club Championship Final | Sport: Athletics | Venue: Ah...
2026-03-27 16:08:01 [INFO]   Record 07: Event ID: EVT5833 | Event Name: Ramadan Football Festival | Sport: Football | Venue: Aspir...
2026-03-27 16:08:01 [INFO]   Record 08: Event ID: EVT8853 | Event Name: GCC Club Championship Quarter Final | Sport: Football | Ve...
2026-03-27 16:08:01 [INFO]   Record 09: Event ID: EVT4227 | Event Name: Qatar Under-20 Development League | Sport: Football | Venu...
2026-03-27 16:08:01 [INFO] ------------------------------------------------------------------
2026-03-27 16:08:01 [INFO] File written successfully.
2026-03-27 16:08:01 [INFO]   Full path : /home/cloudera/mos_qatar_demo_poc/landing/mos_sports_events_20260327_160801.txt
2026-03-27 16:08:01 [INFO]   Size      : 2314 bytes
2026-03-27 16:08:01 [INFO]   Records   : 9
2026-03-27 16:08:01 [INFO] ==================================================================
2026-03-27 16:08:01 [INFO]   Generator Completed Successfully
2026-03-27 16:08:01 [INFO] ==================================================================
