2026-03-26 05:40:01 [INFO] ==================================================================
2026-03-26 05:40:01 [INFO]   MOS Qatar Demo - Sports Data Generator
2026-03-26 05:40:01 [INFO] ==================================================================
2026-03-26 05:40:01 [INFO] Config file   : /home/cloudera/mos_qatar_demo_poc/config/mos_qatar_demo.ini
2026-03-26 05:40:01 [INFO] Landing dir   : /home/cloudera/mos_qatar_demo_poc/landing
2026-03-26 05:40:01 [INFO] Output file   : mos_sports_events_20260326_054001.txt
2026-03-26 05:40:01 [INFO] Records count : 7
2026-03-26 05:40:01 [INFO] ------------------------------------------------------------------
2026-03-26 05:40:01 [INFO]   Record 01: Event ID: EVT9623 | Event Name: Qatar Under-20 Development League | Sport: Football | Venu...
2026-03-26 05:40:01 [INFO]   Record 02: Event ID: EVT4255 | Event Name: Qatar Premier League Match Day 5 | Sport: Football | Venue...
2026-03-26 05:40:01 [INFO]   Record 03: Event ID: EVT3257 | Event Name: Qatar Under-20 Development League | Sport: Football | Venu...
2026-03-26 05:40:01 [INFO]   Record 04: Event ID: EVT3861 | Event Name: National Day Football Celebration | Sport: Athletics | Ven...
2026-03-26 05:40:01 [INFO]   Record 05: Event ID: EVT8545 | Event Name: Asian Qualifiers Warm-up Match | Sport: Football | Venue: ...
2026-03-26 05:40:01 [INFO]   Record 06: Event ID: EVT3099 | Event Name: Ministry Youth Sports Day | Sport: Football | Venue: Khali...
2026-03-26 05:40:01 [INFO]   Record 07: Event ID: EVT2720 | Event Name: National Day Football Celebration | Sport: Basketball | Ve...
2026-03-26 05:40:01 [INFO] ------------------------------------------------------------------
2026-03-26 05:40:01 [INFO] File written successfully.
2026-03-26 05:40:01 [INFO]   Full path : /home/cloudera/mos_qatar_demo_poc/landing/mos_sports_events_20260326_054001.txt
2026-03-26 05:40:01 [INFO]   Size      : 1815 bytes
2026-03-26 05:40:01 [INFO]   Records   : 7
2026-03-26 05:40:01 [INFO] ==================================================================
2026-03-26 05:40:01 [INFO]   Generator Completed Successfully
2026-03-26 05:40:01 [INFO] ==================================================================
