2026-03-26 13:33:01 [INFO] ==================================================================
2026-03-26 13:33:01 [INFO]   MOS Qatar Demo - Sports Data Generator
2026-03-26 13:33:01 [INFO] ==================================================================
2026-03-26 13:33:01 [INFO] Config file   : /home/cloudera/mos_qatar_demo_poc/config/mos_qatar_demo.ini
2026-03-26 13:33:01 [INFO] Landing dir   : /home/cloudera/mos_qatar_demo_poc/landing
2026-03-26 13:33:01 [INFO] Output file   : mos_sports_events_20260326_133301.txt
2026-03-26 13:33:01 [INFO] Records count : 10
2026-03-26 13:33:01 [INFO] ------------------------------------------------------------------
2026-03-26 13:33:01 [INFO]   Record 01: Event ID: EVT3456 | Event Name: National Day Football Celebration | Sport: Swimming | Venu...
2026-03-26 13:33:01 [INFO]   Record 02: Event ID: EVT3134 | Event Name: Asian Qualifiers Warm-up Match | Sport: Football | Venue: ...
2026-03-26 13:33:01 [INFO]   Record 03: Event ID: EVT9883 | Event Name: Qatar Cup Final | Sport: Football | Venue: Khalifa Interna...
2026-03-26 13:33:01 [INFO]   Record 04: Event ID: EVT8069 | Event Name: Gulf Youth Cup Quarter Final | Sport: Volleyball | Venue: ...
2026-03-26 13:33:01 [INFO]   Record 05: Event ID: EVT5172 | Event Name: Qatar Olympic Training Camp Evaluation | Sport: Football |...
2026-03-26 13:33:01 [INFO]   Record 06: Event ID: EVT9787 | Event Name: Qatar Premier League Match Day 8 | Sport: Football | Venue...
2026-03-26 13:33:01 [INFO]   Record 07: Event ID: EVT7915 | Event Name: Qatar Cup Final | Sport: Handball | Venue: Qatar Sports Cl...
2026-03-26 13:33:01 [INFO]   Record 08: Event ID: EVT6279 | Event Name: Qatar Under-20 Development League | Sport: Handball | Venu...
2026-03-26 13:33:01 [INFO]   Record 09: Event ID: EVT8723 | Event Name: Qatar Olympic Training Camp Evaluation | Sport: Football |...
2026-03-26 13:33:01 [INFO]   Record 10: Event ID: EVT9684 | Event Name: Qatar Premier League Match Day 8 | Sport: Football | Venue...
2026-03-26 13:33:01 [INFO] ------------------------------------------------------------------
2026-03-26 13:33:01 [INFO] File written successfully.
2026-03-26 13:33:01 [INFO]   Full path : /home/cloudera/mos_qatar_demo_poc/landing/mos_sports_events_20260326_133301.txt
2026-03-26 13:33:01 [INFO]   Size      : 2555 bytes
2026-03-26 13:33:01 [INFO]   Records   : 10
2026-03-26 13:33:01 [INFO] ==================================================================
2026-03-26 13:33:01 [INFO]   Generator Completed Successfully
2026-03-26 13:33:01 [INFO] ==================================================================
