2026-03-24 17:31:01 [INFO] ==================================================================
2026-03-24 17:31:01 [INFO]   MOS Qatar Demo - Sports Data Generator
2026-03-24 17:31:01 [INFO] ==================================================================
2026-03-24 17:31:01 [INFO] Config file   : /home/cloudera/mos_qatar_demo_poc/config/mos_qatar_demo.ini
2026-03-24 17:31:01 [INFO] Landing dir   : /home/cloudera/mos_qatar_demo_poc/landing
2026-03-24 17:31:01 [INFO] Output file   : mos_sports_events_20260324_173101.txt
2026-03-24 17:31:01 [INFO] Records count : 10
2026-03-24 17:31:01 [INFO] ------------------------------------------------------------------
2026-03-24 17:31:01 [INFO]   Record 01: Event ID: EVT6785 | Event Name: Gulf Cup Qualifier Round 1 | Sport: Football | Venue: Qata...
2026-03-24 17:31:01 [INFO]   Record 02: Event ID: EVT1608 | Event Name: MOS Annual Charity Football Gala | Sport: Swimming | Venue...
2026-03-24 17:31:01 [INFO]   Record 03: Event ID: EVT1698 | Event Name: Ministry Invitational Friendly Tournament | Sport: Handbal...
2026-03-24 17:31:01 [INFO]   Record 04: Event ID: EVT8730 | Event Name: Gulf Youth Cup Semi Final | Sport: Athletics | Venue: Al J...
2026-03-24 17:31:01 [INFO]   Record 05: Event ID: EVT9355 | Event Name: GCC Club Championship Semi Final | Sport: Football | Venue...
2026-03-24 17:31:01 [INFO]   Record 06: Event ID: EVT9112 | Event Name: Ministry Invitational Friendly Tournament | Sport: Footbal...
2026-03-24 17:31:01 [INFO]   Record 07: Event ID: EVT5016 | Event Name: Gulf Youth Cup Quarter Final | Sport: Handball | Venue: Ah...
2026-03-24 17:31:01 [INFO]   Record 08: Event ID: EVT5753 | Event Name: Gulf Cup Qualifier Round 1 | Sport: Swimming | Venue: Educ...
2026-03-24 17:31:01 [INFO]   Record 09: Event ID: EVT2608 | Event Name: Gulf Youth Cup Semi Final | Sport: Swimming | Venue: Aspir...
2026-03-24 17:31:01 [INFO]   Record 10: Event ID: EVT1279 | Event Name: Asian Qualifiers Warm-up Match | Sport: Football | Venue: ...
2026-03-24 17:31:01 [INFO] ------------------------------------------------------------------
2026-03-24 17:31:01 [INFO] File written successfully.
2026-03-24 17:31:01 [INFO]   Full path : /home/cloudera/mos_qatar_demo_poc/landing/mos_sports_events_20260324_173101.txt
2026-03-24 17:31:01 [INFO]   Size      : 2619 bytes
2026-03-24 17:31:01 [INFO]   Records   : 10
2026-03-24 17:31:01 [INFO] ==================================================================
2026-03-24 17:31:01 [INFO]   Generator Completed Successfully
2026-03-24 17:31:01 [INFO] ==================================================================
