2026-03-25 00:11:01 [INFO] ==================================================================
2026-03-25 00:11:01 [INFO]   MOS Qatar Demo - Sports Data Generator
2026-03-25 00:11:01 [INFO] ==================================================================
2026-03-25 00:11:01 [INFO] Config file   : /home/cloudera/mos_qatar_demo_poc/config/mos_qatar_demo.ini
2026-03-25 00:11:01 [INFO] Landing dir   : /home/cloudera/mos_qatar_demo_poc/landing
2026-03-25 00:11:01 [INFO] Output file   : mos_sports_events_20260325_001101.txt
2026-03-25 00:11:01 [INFO] Records count : 9
2026-03-25 00:11:01 [INFO] ------------------------------------------------------------------
2026-03-25 00:11:01 [INFO]   Record 01: Event ID: EVT1629 | Event Name: FIFA World Cup Qatar Legacy Match | Sport: Swimming | Venu...
2026-03-25 00:11:01 [INFO]   Record 02: Event ID: EVT7622 | Event Name: Asian Qualifiers Warm-up Match | Sport: Football | Venue: ...
2026-03-25 00:11:01 [INFO]   Record 03: Event ID: EVT2465 | Event Name: Gulf Youth Cup Quarter Final | Sport: Football | Venue: Lu...
2026-03-25 00:11:01 [INFO]   Record 04: Event ID: EVT5387 | Event Name: GCC Club Championship Semi Final | Sport: Swimming | Venue...
2026-03-25 00:11:01 [INFO]   Record 05: Event ID: EVT1175 | Event Name: Gulf Youth Cup Semi Final | Sport: Football | Venue: Khali...
2026-03-25 00:11:01 [INFO]   Record 06: Event ID: EVT9804 | Event Name: Qatar Cup Final | Sport: Volleyball | Venue: Qatar Sports ...
2026-03-25 00:11:01 [INFO]   Record 07: Event ID: EVT8705 | Event Name: National Day Football Celebration | Sport: Handball | Venu...
2026-03-25 00:11:01 [INFO]   Record 08: Event ID: EVT9466 | Event Name: Gulf Youth Cup Round 2 | Sport: Football | Venue: Ahmad Bi...
2026-03-25 00:11:01 [INFO]   Record 09: Event ID: EVT6793 | Event Name: Gulf Cup Qualifier Round 1 | Sport: Football | Venue: Aspi...
2026-03-25 00:11:01 [INFO] ------------------------------------------------------------------
2026-03-25 00:11:01 [INFO] File written successfully.
2026-03-25 00:11:01 [INFO]   Full path : /home/cloudera/mos_qatar_demo_poc/landing/mos_sports_events_20260325_001101.txt
2026-03-25 00:11:01 [INFO]   Size      : 2297 bytes
2026-03-25 00:11:01 [INFO]   Records   : 9
2026-03-25 00:11:01 [INFO] ==================================================================
2026-03-25 00:11:01 [INFO]   Generator Completed Successfully
2026-03-25 00:11:01 [INFO] ==================================================================
