2026-03-27 14:49:01 [INFO] ==================================================================
2026-03-27 14:49:01 [INFO]   MOS Qatar Demo - Sports Data Generator
2026-03-27 14:49:01 [INFO] ==================================================================
2026-03-27 14:49:01 [INFO] Config file   : /home/cloudera/mos_qatar_demo_poc/config/mos_qatar_demo.ini
2026-03-27 14:49:01 [INFO] Landing dir   : /home/cloudera/mos_qatar_demo_poc/landing
2026-03-27 14:49:01 [INFO] Output file   : mos_sports_events_20260327_144901.txt
2026-03-27 14:49:01 [INFO] Records count : 10
2026-03-27 14:49:01 [INFO] ------------------------------------------------------------------
2026-03-27 14:49:01 [INFO]   Record 01: Event ID: EVT1594 | Event Name: National Team Preparation Match | Sport: Swimming | Venue:...
2026-03-27 14:49:01 [INFO]   Record 02: Event ID: EVT7114 | Event Name: National Day Football Celebration | Sport: Football | Venu...
2026-03-27 14:49:01 [INFO]   Record 03: Event ID: EVT5661 | Event Name: Arab Nations Championship Semi Final | Sport: Swimming | V...
2026-03-27 14:49:01 [INFO]   Record 04: Event ID: EVT9817 | Event Name: GCC Club Championship Final | Sport: Football | Venue: Ahm...
2026-03-27 14:49:01 [INFO]   Record 05: Event ID: EVT8524 | Event Name: GCC Club Championship Final | Sport: Football | Venue: Al ...
2026-03-27 14:49:01 [INFO]   Record 06: Event ID: EVT4795 | Event Name: Ministry Youth Sports Day | Sport: Football | Venue: Al Ba...
2026-03-27 14:49:01 [INFO]   Record 07: Event ID: EVT5656 | Event Name: MOS Annual Charity Football Gala | Sport: Football | Venue...
2026-03-27 14:49:01 [INFO]   Record 08: Event ID: EVT7722 | Event Name: Qatar Premier League Match Day 5 | Sport: Athletics | Venu...
2026-03-27 14:49:01 [INFO]   Record 09: Event ID: EVT1933 | Event Name: Qatar Premier League Match Day 5 | Sport: Volleyball | Ven...
2026-03-27 14:49:01 [INFO]   Record 10: Event ID: EVT9907 | Event Name: Ramadan Football Festival | Sport: Handball | Venue: Al Th...
2026-03-27 14:49:01 [INFO] ------------------------------------------------------------------
2026-03-27 14:49:01 [INFO] File written successfully.
2026-03-27 14:49:01 [INFO]   Full path : /home/cloudera/mos_qatar_demo_poc/landing/mos_sports_events_20260327_144901.txt
2026-03-27 14:49:01 [INFO]   Size      : 2561 bytes
2026-03-27 14:49:01 [INFO]   Records   : 10
2026-03-27 14:49:01 [INFO] ==================================================================
2026-03-27 14:49:01 [INFO]   Generator Completed Successfully
2026-03-27 14:49:01 [INFO] ==================================================================
