2026-03-25 17:30:01 [INFO] ==================================================================
2026-03-25 17:30:01 [INFO]   MOS Qatar Demo - Sports Data Generator
2026-03-25 17:30:01 [INFO] ==================================================================
2026-03-25 17:30:01 [INFO] Config file   : /home/cloudera/mos_qatar_demo_poc/config/mos_qatar_demo.ini
2026-03-25 17:30:01 [INFO] Landing dir   : /home/cloudera/mos_qatar_demo_poc/landing
2026-03-25 17:30:01 [INFO] Output file   : mos_sports_events_20260325_173001.txt
2026-03-25 17:30:01 [INFO] Records count : 8
2026-03-25 17:30:01 [INFO] ------------------------------------------------------------------
2026-03-25 17:30:01 [INFO]   Record 01: Event ID: EVT2543 | Event Name: National Day Football Celebration | Sport: Football | Venu...
2026-03-25 17:30:01 [INFO]   Record 02: Event ID: EVT4676 | Event Name: Qatar Premier League Match Day 5 | Sport: Swimming | Venue...
2026-03-25 17:30:01 [INFO]   Record 03: Event ID: EVT8977 | Event Name: Gulf Youth Cup Final | Sport: Athletics | Venue: Lusail St...
2026-03-25 17:30:01 [INFO]   Record 04: Event ID: EVT2312 | Event Name: Asian Qualifiers Warm-up Match | Sport: Basketball | Venue...
2026-03-25 17:30:01 [INFO]   Record 05: Event ID: EVT1853 | Event Name: Asian Qualifiers Warm-up Match | Sport: Football | Venue: ...
2026-03-25 17:30:01 [INFO]   Record 06: Event ID: EVT4737 | Event Name: Qatar Premier League Match Day 5 | Sport: Football | Venue...
2026-03-25 17:30:01 [INFO]   Record 07: Event ID: EVT9272 | Event Name: GCC Club Championship Final | Sport: Handball | Venue: Kha...
2026-03-25 17:30:01 [INFO]   Record 08: Event ID: EVT7638 | Event Name: Gulf Youth Cup Semi Final | Sport: Football | Venue: Al Ja...
2026-03-25 17:30:01 [INFO] ------------------------------------------------------------------
2026-03-25 17:30:01 [INFO] File written successfully.
2026-03-25 17:30:01 [INFO]   Full path : /home/cloudera/mos_qatar_demo_poc/landing/mos_sports_events_20260325_173001.txt
2026-03-25 17:30:01 [INFO]   Size      : 2095 bytes
2026-03-25 17:30:01 [INFO]   Records   : 8
2026-03-25 17:30:01 [INFO] ==================================================================
2026-03-25 17:30:01 [INFO]   Generator Completed Successfully
2026-03-25 17:30:01 [INFO] ==================================================================
