2026-03-26 10:08:01 [INFO] ==================================================================
2026-03-26 10:08:01 [INFO]   MOS Qatar Demo - Sports Data Generator
2026-03-26 10:08:01 [INFO] ==================================================================
2026-03-26 10:08:01 [INFO] Config file   : /home/cloudera/mos_qatar_demo_poc/config/mos_qatar_demo.ini
2026-03-26 10:08:01 [INFO] Landing dir   : /home/cloudera/mos_qatar_demo_poc/landing
2026-03-26 10:08:01 [INFO] Output file   : mos_sports_events_20260326_100801.txt
2026-03-26 10:08:01 [INFO] Records count : 5
2026-03-26 10:08:01 [INFO] ------------------------------------------------------------------
2026-03-26 10:08:01 [INFO]   Record 01: Event ID: EVT6467 | Event Name: Gulf Youth Cup Round 2 | Sport: Football | Venue: Qatar Sp...
2026-03-26 10:08:01 [INFO]   Record 02: Event ID: EVT1033 | Event Name: Qatar Cup Final | Sport: Basketball | Venue: Qatar Sports ...
2026-03-26 10:08:01 [INFO]   Record 03: Event ID: EVT9424 | Event Name: Ramadan Football Festival | Sport: Football | Venue: Qatar...
2026-03-26 10:08:01 [INFO]   Record 04: Event ID: EVT4163 | Event Name: GCC Club Championship Semi Final | Sport: Football | Venue...
2026-03-26 10:08:01 [INFO]   Record 05: Event ID: EVT8639 | Event Name: National Day Football Celebration | Sport: Football | Venu...
2026-03-26 10:08:01 [INFO] ------------------------------------------------------------------
2026-03-26 10:08:01 [INFO] File written successfully.
2026-03-26 10:08:01 [INFO]   Full path : /home/cloudera/mos_qatar_demo_poc/landing/mos_sports_events_20260326_100801.txt
2026-03-26 10:08:01 [INFO]   Size      : 1267 bytes
2026-03-26 10:08:01 [INFO]   Records   : 5
2026-03-26 10:08:01 [INFO] ==================================================================
2026-03-26 10:08:01 [INFO]   Generator Completed Successfully
2026-03-26 10:08:01 [INFO] ==================================================================
