2026-03-26 15:58:02 [INFO] ==================================================================
2026-03-26 15:58:02 [INFO]   MOS Qatar Demo - Sports Data Generator
2026-03-26 15:58:02 [INFO] ==================================================================
2026-03-26 15:58:02 [INFO] Config file   : /home/cloudera/mos_qatar_demo_poc/config/mos_qatar_demo.ini
2026-03-26 15:58:02 [INFO] Landing dir   : /home/cloudera/mos_qatar_demo_poc/landing
2026-03-26 15:58:02 [INFO] Output file   : mos_sports_events_20260326_155802.txt
2026-03-26 15:58:02 [INFO] Records count : 7
2026-03-26 15:58:02 [INFO] ------------------------------------------------------------------
2026-03-26 15:58:02 [INFO]   Record 01: Event ID: EVT1958 | Event Name: Ramadan Football Festival | Sport: Handball | Venue: Khali...
2026-03-26 15:58:02 [INFO]   Record 02: Event ID: EVT1569 | Event Name: Asian Qualifiers Warm-up Match | Sport: Football | Venue: ...
2026-03-26 15:58:02 [INFO]   Record 03: Event ID: EVT5340 | Event Name: Gulf Youth Cup Semi Final | Sport: Handball | Venue: Al Th...
2026-03-26 15:58:02 [INFO]   Record 04: Event ID: EVT2054 | Event Name: Qatar Premier League Match Day 12 | Sport: Football | Venu...
2026-03-26 15:58:02 [INFO]   Record 05: Event ID: EVT5960 | Event Name: Qatar Under-20 Development League | Sport: Athletics | Ven...
2026-03-26 15:58:02 [INFO]   Record 06: Event ID: EVT3670 | Event Name: Gulf Youth Cup Final | Sport: Volleyball | Venue: Educatio...
2026-03-26 15:58:02 [INFO]   Record 07: Event ID: EVT1136 | Event Name: Arab Nations Championship Group Stage | Sport: Football | ...
2026-03-26 15:58:02 [INFO] ------------------------------------------------------------------
2026-03-26 15:58:02 [INFO] File written successfully.
2026-03-26 15:58:02 [INFO]   Full path : /home/cloudera/mos_qatar_demo_poc/landing/mos_sports_events_20260326_155802.txt
2026-03-26 15:58:02 [INFO]   Size      : 1814 bytes
2026-03-26 15:58:02 [INFO]   Records   : 7
2026-03-26 15:58:02 [INFO] ==================================================================
2026-03-26 15:58:02 [INFO]   Generator Completed Successfully
2026-03-26 15:58:02 [INFO] ==================================================================
