2026-03-25 17:26:02 [INFO] ==================================================================
2026-03-25 17:26:02 [INFO]   MOS Qatar Demo - Sports Data Generator
2026-03-25 17:26:02 [INFO] ==================================================================
2026-03-25 17:26:02 [INFO] Config file   : /home/cloudera/mos_qatar_demo_poc/config/mos_qatar_demo.ini
2026-03-25 17:26:02 [INFO] Landing dir   : /home/cloudera/mos_qatar_demo_poc/landing
2026-03-25 17:26:02 [INFO] Output file   : mos_sports_events_20260325_172602.txt
2026-03-25 17:26:02 [INFO] Records count : 8
2026-03-25 17:26:02 [INFO] ------------------------------------------------------------------
2026-03-25 17:26:02 [INFO]   Record 01: Event ID: EVT2963 | Event Name: Arab Nations Championship Semi Final | Sport: Football | V...
2026-03-25 17:26:02 [INFO]   Record 02: Event ID: EVT2619 | Event Name: Gulf Youth Cup Final | Sport: Handball | Venue: Lusail Sta...
2026-03-25 17:26:02 [INFO]   Record 03: Event ID: EVT4976 | Event Name: National Day Football Celebration | Sport: Football | Venu...
2026-03-25 17:26:02 [INFO]   Record 04: Event ID: EVT3351 | Event Name: Gulf Youth Cup Final | Sport: Athletics | Venue: Aspire Zo...
2026-03-25 17:26:02 [INFO]   Record 05: Event ID: EVT9474 | Event Name: Ramadan Football Festival | Sport: Swimming | Venue: Ahmad...
2026-03-25 17:26:02 [INFO]   Record 06: Event ID: EVT4950 | Event Name: Qatar Premier League Match Day 12 | Sport: Football | Venu...
2026-03-25 17:26:02 [INFO]   Record 07: Event ID: EVT3719 | Event Name: Doha Sports Festival Opening Match | Sport: Football | Ven...
2026-03-25 17:26:02 [INFO]   Record 08: Event ID: EVT8507 | Event Name: Arab Nations Championship Semi Final | Sport: Football | V...
2026-03-25 17:26:02 [INFO] ------------------------------------------------------------------
2026-03-25 17:26:02 [INFO] File written successfully.
2026-03-25 17:26:02 [INFO]   Full path : /home/cloudera/mos_qatar_demo_poc/landing/mos_sports_events_20260325_172602.txt
2026-03-25 17:26:02 [INFO]   Size      : 2074 bytes
2026-03-25 17:26:02 [INFO]   Records   : 8
2026-03-25 17:26:02 [INFO] ==================================================================
2026-03-25 17:26:02 [INFO]   Generator Completed Successfully
2026-03-25 17:26:02 [INFO] ==================================================================
