2026-03-27 18:14:01 [INFO] ==================================================================
2026-03-27 18:14:01 [INFO]   MOS Qatar Demo - Sports Data Generator
2026-03-27 18:14:01 [INFO] ==================================================================
2026-03-27 18:14:01 [INFO] Config file   : /home/cloudera/mos_qatar_demo_poc/config/mos_qatar_demo.ini
2026-03-27 18:14:01 [INFO] Landing dir   : /home/cloudera/mos_qatar_demo_poc/landing
2026-03-27 18:14:01 [INFO] Output file   : mos_sports_events_20260327_181401.txt
2026-03-27 18:14:01 [INFO] Records count : 8
2026-03-27 18:14:01 [INFO] ------------------------------------------------------------------
2026-03-27 18:14:01 [INFO]   Record 01: Event ID: EVT1358 | Event Name: National Team Preparation Match | Sport: Football | Venue:...
2026-03-27 18:14:01 [INFO]   Record 02: Event ID: EVT9489 | Event Name: Ministry Youth Sports Day | Sport: Handball | Venue: Al Ja...
2026-03-27 18:14:01 [INFO]   Record 03: Event ID: EVT8215 | Event Name: MOS Annual Charity Football Gala | Sport: Football | Venue...
2026-03-27 18:14:01 [INFO]   Record 04: Event ID: EVT9447 | Event Name: Gulf Youth Cup Round 1 | Sport: Handball | Venue: Qatar Sp...
2026-03-27 18:14:01 [INFO]   Record 05: Event ID: EVT5605 | Event Name: FIFA World Cup Qatar Legacy Match | Sport: Volleyball | Ve...
2026-03-27 18:14:01 [INFO]   Record 06: Event ID: EVT6706 | Event Name: GCC Club Championship Quarter Final | Sport: Football | Ve...
2026-03-27 18:14:01 [INFO]   Record 07: Event ID: EVT6752 | Event Name: Ramadan Football Festival | Sport: Athletics | Venue: Ahma...
2026-03-27 18:14:01 [INFO]   Record 08: Event ID: EVT9982 | Event Name: National Team Preparation Match | Sport: Football | Venue:...
2026-03-27 18:14:01 [INFO] ------------------------------------------------------------------
2026-03-27 18:14:01 [INFO] File written successfully.
2026-03-27 18:14:01 [INFO]   Full path : /home/cloudera/mos_qatar_demo_poc/landing/mos_sports_events_20260327_181401.txt
2026-03-27 18:14:01 [INFO]   Size      : 2047 bytes
2026-03-27 18:14:01 [INFO]   Records   : 8
2026-03-27 18:14:01 [INFO] ==================================================================
2026-03-27 18:14:01 [INFO]   Generator Completed Successfully
2026-03-27 18:14:01 [INFO] ==================================================================
