2026-03-26 05:09:02 [INFO] ==================================================================
2026-03-26 05:09:02 [INFO]   MOS Qatar Demo - Sports Data Generator
2026-03-26 05:09:02 [INFO] ==================================================================
2026-03-26 05:09:02 [INFO] Config file   : /home/cloudera/mos_qatar_demo_poc/config/mos_qatar_demo.ini
2026-03-26 05:09:02 [INFO] Landing dir   : /home/cloudera/mos_qatar_demo_poc/landing
2026-03-26 05:09:02 [INFO] Output file   : mos_sports_events_20260326_050902.txt
2026-03-26 05:09:02 [INFO] Records count : 7
2026-03-26 05:09:02 [INFO] ------------------------------------------------------------------
2026-03-26 05:09:02 [INFO]   Record 01: Event ID: EVT2785 | Event Name: National Day Football Celebration | Sport: Swimming | Venu...
2026-03-26 05:09:02 [INFO]   Record 02: Event ID: EVT3229 | Event Name: National Team Preparation Match | Sport: Basketball | Venu...
2026-03-26 05:09:02 [INFO]   Record 03: Event ID: EVT2632 | Event Name: Qatar Cup Final | Sport: Handball | Venue: Lusail Stadium ...
2026-03-26 05:09:02 [INFO]   Record 04: Event ID: EVT1899 | Event Name: Asian Qualifiers Warm-up Match | Sport: Football | Venue: ...
2026-03-26 05:09:02 [INFO]   Record 05: Event ID: EVT7150 | Event Name: Qatar Premier League Match Day 8 | Sport: Football | Venue...
2026-03-26 05:09:02 [INFO]   Record 06: Event ID: EVT5209 | Event Name: Qatar Premier League Match Day 12 | Sport: Handball | Venu...
2026-03-26 05:09:02 [INFO]   Record 07: Event ID: EVT8925 | Event Name: MOS Annual Charity Football Gala | Sport: Swimming | Venue...
2026-03-26 05:09:02 [INFO] ------------------------------------------------------------------
2026-03-26 05:09:02 [INFO] File written successfully.
2026-03-26 05:09:02 [INFO]   Full path : /home/cloudera/mos_qatar_demo_poc/landing/mos_sports_events_20260326_050902.txt
2026-03-26 05:09:02 [INFO]   Size      : 1796 bytes
2026-03-26 05:09:02 [INFO]   Records   : 7
2026-03-26 05:09:02 [INFO] ==================================================================
2026-03-26 05:09:02 [INFO]   Generator Completed Successfully
2026-03-26 05:09:02 [INFO] ==================================================================
