2026-03-26 18:36:01 [INFO] ==================================================================
2026-03-26 18:36:01 [INFO]   MOS Qatar Demo - Sports Data Generator
2026-03-26 18:36:01 [INFO] ==================================================================
2026-03-26 18:36:01 [INFO] Config file   : /home/cloudera/mos_qatar_demo_poc/config/mos_qatar_demo.ini
2026-03-26 18:36:01 [INFO] Landing dir   : /home/cloudera/mos_qatar_demo_poc/landing
2026-03-26 18:36:01 [INFO] Output file   : mos_sports_events_20260326_183601.txt
2026-03-26 18:36:01 [INFO] Records count : 9
2026-03-26 18:36:01 [INFO] ------------------------------------------------------------------
2026-03-26 18:36:01 [INFO]   Record 01: Event ID: EVT2229 | Event Name: GCC Club Championship Semi Final | Sport: Volleyball | Ven...
2026-03-26 18:36:01 [INFO]   Record 02: Event ID: EVT5788 | Event Name: Gulf Youth Cup Final | Sport: Football | Venue: Al Thumama...
2026-03-26 18:36:01 [INFO]   Record 03: Event ID: EVT2166 | Event Name: Gulf Youth Cup Quarter Final | Sport: Handball | Venue: Al...
2026-03-26 18:36:01 [INFO]   Record 04: Event ID: EVT9132 | Event Name: Qatar Olympic Training Camp Evaluation | Sport: Football |...
2026-03-26 18:36:01 [INFO]   Record 05: Event ID: EVT2257 | Event Name: FIFA World Cup Qatar Legacy Match | Sport: Basketball | Ve...
2026-03-26 18:36:01 [INFO]   Record 06: Event ID: EVT1720 | Event Name: Qatar Olympic Training Camp Evaluation | Sport: Volleyball...
2026-03-26 18:36:01 [INFO]   Record 07: Event ID: EVT5370 | Event Name: Ministry Youth Sports Day | Sport: Athletics | Venue: Al T...
2026-03-26 18:36:01 [INFO]   Record 08: Event ID: EVT5876 | Event Name: Qatar Schools Football League | Sport: Basketball | Venue:...
2026-03-26 18:36:01 [INFO]   Record 09: Event ID: EVT4876 | Event Name: Gulf Youth Cup Semi Final | Sport: Football | Venue: Al Ba...
2026-03-26 18:36:01 [INFO] ------------------------------------------------------------------
2026-03-26 18:36:01 [INFO] File written successfully.
2026-03-26 18:36:01 [INFO]   Full path : /home/cloudera/mos_qatar_demo_poc/landing/mos_sports_events_20260326_183601.txt
2026-03-26 18:36:01 [INFO]   Size      : 2333 bytes
2026-03-26 18:36:01 [INFO]   Records   : 9
2026-03-26 18:36:01 [INFO] ==================================================================
2026-03-26 18:36:01 [INFO]   Generator Completed Successfully
2026-03-26 18:36:01 [INFO] ==================================================================
