2026-03-27 19:34:01 [INFO] ==================================================================
2026-03-27 19:34:01 [INFO]   MOS Qatar Demo - Sports Data Generator
2026-03-27 19:34:01 [INFO] ==================================================================
2026-03-27 19:34:01 [INFO] Config file   : /home/cloudera/mos_qatar_demo_poc/config/mos_qatar_demo.ini
2026-03-27 19:34:01 [INFO] Landing dir   : /home/cloudera/mos_qatar_demo_poc/landing
2026-03-27 19:34:01 [INFO] Output file   : mos_sports_events_20260327_193401.txt
2026-03-27 19:34:01 [INFO] Records count : 10
2026-03-27 19:34:01 [INFO] ------------------------------------------------------------------
2026-03-27 19:34:01 [INFO]   Record 01: Event ID: EVT6028 | Event Name: Gulf Youth Cup Round 2 | Sport: Handball | Venue: Al Thuma...
2026-03-27 19:34:01 [INFO]   Record 02: Event ID: EVT7360 | Event Name: Gulf Cup Qualifier Round 1 | Sport: Swimming | Venue: Al T...
2026-03-27 19:34:01 [INFO]   Record 03: Event ID: EVT6528 | Event Name: Qatar Premier League Match Day 8 | Sport: Football | Venue...
2026-03-27 19:34:01 [INFO]   Record 04: Event ID: EVT9018 | Event Name: Doha Sports Festival Opening Match | Sport: Football | Ven...
2026-03-27 19:34:01 [INFO]   Record 05: Event ID: EVT7606 | Event Name: Gulf Youth Cup Semi Final | Sport: Handball | Venue: Lusai...
2026-03-27 19:34:01 [INFO]   Record 06: Event ID: EVT3664 | Event Name: GCC Club Championship Quarter Final | Sport: Football | Ve...
2026-03-27 19:34:01 [INFO]   Record 07: Event ID: EVT5826 | Event Name: Qatar Olympic Training Camp Evaluation | Sport: Swimming |...
2026-03-27 19:34:01 [INFO]   Record 08: Event ID: EVT3333 | Event Name: Ministry Youth Sports Day | Sport: Volleyball | Venue: Al ...
2026-03-27 19:34:01 [INFO]   Record 09: Event ID: EVT1726 | Event Name: Ministry Youth Sports Day | Sport: Volleyball | Venue: Al ...
2026-03-27 19:34:01 [INFO]   Record 10: Event ID: EVT5133 | Event Name: Gulf Youth Cup Final | Sport: Volleyball | Venue: Educatio...
2026-03-27 19:34:01 [INFO] ------------------------------------------------------------------
2026-03-27 19:34:01 [INFO] File written successfully.
2026-03-27 19:34:01 [INFO]   Full path : /home/cloudera/mos_qatar_demo_poc/landing/mos_sports_events_20260327_193401.txt
2026-03-27 19:34:01 [INFO]   Size      : 2593 bytes
2026-03-27 19:34:01 [INFO]   Records   : 10
2026-03-27 19:34:01 [INFO] ==================================================================
2026-03-27 19:34:01 [INFO]   Generator Completed Successfully
2026-03-27 19:34:01 [INFO] ==================================================================
