2026-03-26 15:39:02 [INFO] ==================================================================
2026-03-26 15:39:02 [INFO]   MOS Qatar Demo - Sports Data Generator
2026-03-26 15:39:02 [INFO] ==================================================================
2026-03-26 15:39:02 [INFO] Config file   : /home/cloudera/mos_qatar_demo_poc/config/mos_qatar_demo.ini
2026-03-26 15:39:02 [INFO] Landing dir   : /home/cloudera/mos_qatar_demo_poc/landing
2026-03-26 15:39:02 [INFO] Output file   : mos_sports_events_20260326_153902.txt
2026-03-26 15:39:02 [INFO] Records count : 9
2026-03-26 15:39:02 [INFO] ------------------------------------------------------------------
2026-03-26 15:39:02 [INFO]   Record 01: Event ID: EVT9769 | Event Name: GCC Club Championship Final | Sport: Swimming | Venue: Al ...
2026-03-26 15:39:02 [INFO]   Record 02: Event ID: EVT8175 | Event Name: Gulf Youth Cup Final | Sport: Football | Venue: Lusail Sta...
2026-03-26 15:39:02 [INFO]   Record 03: Event ID: EVT6314 | Event Name: Ministry Invitational Friendly Tournament | Sport: Swimmin...
2026-03-26 15:39:02 [INFO]   Record 04: Event ID: EVT2677 | Event Name: Ministry Invitational Friendly Tournament | Sport: Footbal...
2026-03-26 15:39:02 [INFO]   Record 05: Event ID: EVT2779 | Event Name: Qatar Cup Final | Sport: Handball | Venue: Education City ...
2026-03-26 15:39:02 [INFO]   Record 06: Event ID: EVT9573 | Event Name: Gulf Youth Cup Final | Sport: Swimming | Venue: Ahmad Bin ...
2026-03-26 15:39:02 [INFO]   Record 07: Event ID: EVT7205 | Event Name: FIFA World Cup Qatar Legacy Match | Sport: Basketball | Ve...
2026-03-26 15:39:02 [INFO]   Record 08: Event ID: EVT9379 | Event Name: Gulf Youth Cup Quarter Final | Sport: Athletics | Venue: A...
2026-03-26 15:39:02 [INFO]   Record 09: Event ID: EVT3083 | Event Name: Qatar Schools Football League | Sport: Football | Venue: A...
2026-03-26 15:39:02 [INFO] ------------------------------------------------------------------
2026-03-26 15:39:02 [INFO] File written successfully.
2026-03-26 15:39:02 [INFO]   Full path : /home/cloudera/mos_qatar_demo_poc/landing/mos_sports_events_20260326_153902.txt
2026-03-26 15:39:02 [INFO]   Size      : 2318 bytes
2026-03-26 15:39:02 [INFO]   Records   : 9
2026-03-26 15:39:02 [INFO] ==================================================================
2026-03-26 15:39:02 [INFO]   Generator Completed Successfully
2026-03-26 15:39:02 [INFO] ==================================================================
