2026-03-26 23:40:02 [INFO] ==================================================================
2026-03-26 23:40:02 [INFO]   MOS Qatar Demo - Sports Data Generator
2026-03-26 23:40:02 [INFO] ==================================================================
2026-03-26 23:40:02 [INFO] Config file   : /home/cloudera/mos_qatar_demo_poc/config/mos_qatar_demo.ini
2026-03-26 23:40:02 [INFO] Landing dir   : /home/cloudera/mos_qatar_demo_poc/landing
2026-03-26 23:40:02 [INFO] Output file   : mos_sports_events_20260326_234002.txt
2026-03-26 23:40:02 [INFO] Records count : 6
2026-03-26 23:40:02 [INFO] ------------------------------------------------------------------
2026-03-26 23:40:02 [INFO]   Record 01: Event ID: EVT5866 | Event Name: National Team Preparation Match | Sport: Athletics | Venue...
2026-03-26 23:40:02 [INFO]   Record 02: Event ID: EVT4420 | Event Name: MOS Annual Charity Football Gala | Sport: Basketball | Ven...
2026-03-26 23:40:02 [INFO]   Record 03: Event ID: EVT8688 | Event Name: FIFA World Cup Qatar Legacy Match | Sport: Handball | Venu...
2026-03-26 23:40:02 [INFO]   Record 04: Event ID: EVT1123 | Event Name: Arab Nations Championship Group Stage | Sport: Handball | ...
2026-03-26 23:40:02 [INFO]   Record 05: Event ID: EVT1426 | Event Name: FIFA World Cup Qatar Legacy Match | Sport: Handball | Venu...
2026-03-26 23:40:02 [INFO]   Record 06: Event ID: EVT2893 | Event Name: Ministry Invitational Friendly Tournament | Sport: Footbal...
2026-03-26 23:40:02 [INFO] ------------------------------------------------------------------
2026-03-26 23:40:02 [INFO] File written successfully.
2026-03-26 23:40:02 [INFO]   Full path : /home/cloudera/mos_qatar_demo_poc/landing/mos_sports_events_20260326_234002.txt
2026-03-26 23:40:02 [INFO]   Size      : 1586 bytes
2026-03-26 23:40:02 [INFO]   Records   : 6
2026-03-26 23:40:02 [INFO] ==================================================================
2026-03-26 23:40:02 [INFO]   Generator Completed Successfully
2026-03-26 23:40:02 [INFO] ==================================================================
