2026-03-25 01:38:02 [INFO] ==================================================================
2026-03-25 01:38:02 [INFO]   MOS Qatar Demo - Sports Data Generator
2026-03-25 01:38:02 [INFO] ==================================================================
2026-03-25 01:38:02 [INFO] Config file   : /home/cloudera/mos_qatar_demo_poc/config/mos_qatar_demo.ini
2026-03-25 01:38:02 [INFO] Landing dir   : /home/cloudera/mos_qatar_demo_poc/landing
2026-03-25 01:38:02 [INFO] Output file   : mos_sports_events_20260325_013802.txt
2026-03-25 01:38:02 [INFO] Records count : 4
2026-03-25 01:38:02 [INFO] ------------------------------------------------------------------
2026-03-25 01:38:02 [INFO]   Record 01: Event ID: EVT8444 | Event Name: GCC Club Championship Semi Final | Sport: Basketball | Ven...
2026-03-25 01:38:02 [INFO]   Record 02: Event ID: EVT9593 | Event Name: Gulf Youth Cup Quarter Final | Sport: Football | Venue: Al...
2026-03-25 01:38:02 [INFO]   Record 03: Event ID: EVT2775 | Event Name: Gulf Youth Cup Semi Final | Sport: Football | Venue: Al Ba...
2026-03-25 01:38:02 [INFO]   Record 04: Event ID: EVT3208 | Event Name: Qatar Premier League Match Day 5 | Sport: Football | Venue...
2026-03-25 01:38:02 [INFO] ------------------------------------------------------------------
2026-03-25 01:38:02 [INFO] File written successfully.
2026-03-25 01:38:02 [INFO]   Full path : /home/cloudera/mos_qatar_demo_poc/landing/mos_sports_events_20260325_013802.txt
2026-03-25 01:38:02 [INFO]   Size      : 1019 bytes
2026-03-25 01:38:02 [INFO]   Records   : 4
2026-03-25 01:38:02 [INFO] ==================================================================
2026-03-25 01:38:02 [INFO]   Generator Completed Successfully
2026-03-25 01:38:02 [INFO] ==================================================================
