2026-03-26 13:52:01 [INFO] ==================================================================
2026-03-26 13:52:01 [INFO]   MOS Qatar Demo - Sports Data Generator
2026-03-26 13:52:01 [INFO] ==================================================================
2026-03-26 13:52:01 [INFO] Config file   : /home/cloudera/mos_qatar_demo_poc/config/mos_qatar_demo.ini
2026-03-26 13:52:01 [INFO] Landing dir   : /home/cloudera/mos_qatar_demo_poc/landing
2026-03-26 13:52:01 [INFO] Output file   : mos_sports_events_20260326_135201.txt
2026-03-26 13:52:01 [INFO] Records count : 4
2026-03-26 13:52:01 [INFO] ------------------------------------------------------------------
2026-03-26 13:52:01 [INFO]   Record 01: Event ID: EVT1083 | Event Name: Ministry Invitational Friendly Tournament | Sport: Swimmin...
2026-03-26 13:52:01 [INFO]   Record 02: Event ID: EVT9679 | Event Name: Gulf Cup Qualifier Round 1 | Sport: Athletics | Venue: Al ...
2026-03-26 13:52:01 [INFO]   Record 03: Event ID: EVT5595 | Event Name: MOS Annual Charity Football Gala | Sport: Athletics | Venu...
2026-03-26 13:52:01 [INFO]   Record 04: Event ID: EVT9887 | Event Name: Qatar Premier League Match Day 12 | Sport: Handball | Venu...
2026-03-26 13:52:01 [INFO] ------------------------------------------------------------------
2026-03-26 13:52:01 [INFO] File written successfully.
2026-03-26 13:52:01 [INFO]   Full path : /home/cloudera/mos_qatar_demo_poc/landing/mos_sports_events_20260326_135201.txt
2026-03-26 13:52:01 [INFO]   Size      : 1035 bytes
2026-03-26 13:52:01 [INFO]   Records   : 4
2026-03-26 13:52:01 [INFO] ==================================================================
2026-03-26 13:52:01 [INFO]   Generator Completed Successfully
2026-03-26 13:52:01 [INFO] ==================================================================
