2026-03-26 10:07:02 [INFO] ==================================================================
2026-03-26 10:07:02 [INFO]   MOS Qatar Demo - Sports Data Generator
2026-03-26 10:07:02 [INFO] ==================================================================
2026-03-26 10:07:02 [INFO] Config file   : /home/cloudera/mos_qatar_demo_poc/config/mos_qatar_demo.ini
2026-03-26 10:07:02 [INFO] Landing dir   : /home/cloudera/mos_qatar_demo_poc/landing
2026-03-26 10:07:02 [INFO] Output file   : mos_sports_events_20260326_100702.txt
2026-03-26 10:07:02 [INFO] Records count : 8
2026-03-26 10:07:02 [INFO] ------------------------------------------------------------------
2026-03-26 10:07:02 [INFO]   Record 01: Event ID: EVT2004 | Event Name: Gulf Youth Cup Quarter Final | Sport: Football | Venue: Al...
2026-03-26 10:07:02 [INFO]   Record 02: Event ID: EVT8925 | Event Name: Gulf Youth Cup Semi Final | Sport: Football | Venue: Lusai...
2026-03-26 10:07:02 [INFO]   Record 03: Event ID: EVT8657 | Event Name: FIFA World Cup Qatar Legacy Match | Sport: Football | Venu...
2026-03-26 10:07:02 [INFO]   Record 04: Event ID: EVT3086 | Event Name: Gulf Youth Cup Round 2 | Sport: Handball | Venue: Khalifa ...
2026-03-26 10:07:02 [INFO]   Record 05: Event ID: EVT8206 | Event Name: National Team Preparation Match | Sport: Football | Venue:...
2026-03-26 10:07:02 [INFO]   Record 06: Event ID: EVT6715 | Event Name: Qatar Premier League Match Day 8 | Sport: Football | Venue...
2026-03-26 10:07:02 [INFO]   Record 07: Event ID: EVT4860 | Event Name: Qatar Premier League Match Day 8 | Sport: Football | Venue...
2026-03-26 10:07:02 [INFO]   Record 08: Event ID: EVT4949 | Event Name: Ramadan Football Festival | Sport: Swimming | Venue: Al Th...
2026-03-26 10:07:02 [INFO] ------------------------------------------------------------------
2026-03-26 10:07:02 [INFO] File written successfully.
2026-03-26 10:07:02 [INFO]   Full path : /home/cloudera/mos_qatar_demo_poc/landing/mos_sports_events_20260326_100702.txt
2026-03-26 10:07:02 [INFO]   Size      : 2053 bytes
2026-03-26 10:07:02 [INFO]   Records   : 8
2026-03-26 10:07:02 [INFO] ==================================================================
2026-03-26 10:07:02 [INFO]   Generator Completed Successfully
2026-03-26 10:07:02 [INFO] ==================================================================
