2026-03-25 00:56:02 [INFO] ==================================================================
2026-03-25 00:56:02 [INFO]   MOS Qatar Demo - Sports Data Generator
2026-03-25 00:56:02 [INFO] ==================================================================
2026-03-25 00:56:02 [INFO] Config file   : /home/cloudera/mos_qatar_demo_poc/config/mos_qatar_demo.ini
2026-03-25 00:56:02 [INFO] Landing dir   : /home/cloudera/mos_qatar_demo_poc/landing
2026-03-25 00:56:02 [INFO] Output file   : mos_sports_events_20260325_005602.txt
2026-03-25 00:56:02 [INFO] Records count : 9
2026-03-25 00:56:02 [INFO] ------------------------------------------------------------------
2026-03-25 00:56:02 [INFO]   Record 01: Event ID: EVT8476 | Event Name: Qatar Olympic Training Camp Evaluation | Sport: Handball |...
2026-03-25 00:56:02 [INFO]   Record 02: Event ID: EVT1648 | Event Name: Gulf Youth Cup Final | Sport: Athletics | Venue: Education...
2026-03-25 00:56:02 [INFO]   Record 03: Event ID: EVT6148 | Event Name: MOS Annual Charity Football Gala | Sport: Athletics | Venu...
2026-03-25 00:56:02 [INFO]   Record 04: Event ID: EVT8857 | Event Name: Arab Nations Championship Semi Final | Sport: Football | V...
2026-03-25 00:56:02 [INFO]   Record 05: Event ID: EVT4150 | Event Name: Qatar Cup Semi Final | Sport: Football | Venue: Qatar Spor...
2026-03-25 00:56:02 [INFO]   Record 06: Event ID: EVT2616 | Event Name: Gulf Youth Cup Quarter Final | Sport: Football | Venue: Al...
2026-03-25 00:56:02 [INFO]   Record 07: Event ID: EVT3557 | Event Name: Ministry Youth Sports Day | Sport: Basketball | Venue: Ahm...
2026-03-25 00:56:02 [INFO]   Record 08: Event ID: EVT7026 | Event Name: Qatar Cup Semi Final | Sport: Football | Venue: Education ...
2026-03-25 00:56:02 [INFO]   Record 09: Event ID: EVT4859 | Event Name: Gulf Youth Cup Final | Sport: Football | Venue: Ahmad Bin ...
2026-03-25 00:56:02 [INFO] ------------------------------------------------------------------
2026-03-25 00:56:02 [INFO] File written successfully.
2026-03-25 00:56:02 [INFO]   Full path : /home/cloudera/mos_qatar_demo_poc/landing/mos_sports_events_20260325_005602.txt
2026-03-25 00:56:02 [INFO]   Size      : 2291 bytes
2026-03-25 00:56:02 [INFO]   Records   : 9
2026-03-25 00:56:02 [INFO] ==================================================================
2026-03-25 00:56:02 [INFO]   Generator Completed Successfully
2026-03-25 00:56:02 [INFO] ==================================================================
