2026-03-25 06:29:01 [INFO] ==================================================================
2026-03-25 06:29:01 [INFO]   MOS Qatar Demo - Sports Data Generator
2026-03-25 06:29:01 [INFO] ==================================================================
2026-03-25 06:29:01 [INFO] Config file   : /home/cloudera/mos_qatar_demo_poc/config/mos_qatar_demo.ini
2026-03-25 06:29:01 [INFO] Landing dir   : /home/cloudera/mos_qatar_demo_poc/landing
2026-03-25 06:29:01 [INFO] Output file   : mos_sports_events_20260325_062901.txt
2026-03-25 06:29:01 [INFO] Records count : 8
2026-03-25 06:29:01 [INFO] ------------------------------------------------------------------
2026-03-25 06:29:01 [INFO]   Record 01: Event ID: EVT7160 | Event Name: Ministry Invitational Friendly Tournament | Sport: Volleyb...
2026-03-25 06:29:01 [INFO]   Record 02: Event ID: EVT5440 | Event Name: Ministry Invitational Friendly Tournament | Sport: Athleti...
2026-03-25 06:29:01 [INFO]   Record 03: Event ID: EVT1613 | Event Name: Doha Sports Festival Opening Match | Sport: Volleyball | V...
2026-03-25 06:29:01 [INFO]   Record 04: Event ID: EVT1000 | Event Name: Qatar Under-20 Development League | Sport: Football | Venu...
2026-03-25 06:29:01 [INFO]   Record 05: Event ID: EVT3646 | Event Name: Arab Nations Championship Group Stage | Sport: Athletics |...
2026-03-25 06:29:01 [INFO]   Record 06: Event ID: EVT7614 | Event Name: Gulf Youth Cup Final | Sport: Basketball | Venue: Lusail S...
2026-03-25 06:29:01 [INFO]   Record 07: Event ID: EVT6502 | Event Name: GCC Club Championship Final | Sport: Football | Venue: Qat...
2026-03-25 06:29:01 [INFO]   Record 08: Event ID: EVT5771 | Event Name: Gulf Youth Cup Semi Final | Sport: Handball | Venue: Educa...
2026-03-25 06:29:01 [INFO] ------------------------------------------------------------------
2026-03-25 06:29:01 [INFO] File written successfully.
2026-03-25 06:29:01 [INFO]   Full path : /home/cloudera/mos_qatar_demo_poc/landing/mos_sports_events_20260325_062901.txt
2026-03-25 06:29:01 [INFO]   Size      : 2111 bytes
2026-03-25 06:29:01 [INFO]   Records   : 8
2026-03-25 06:29:01 [INFO] ==================================================================
2026-03-25 06:29:01 [INFO]   Generator Completed Successfully
2026-03-25 06:29:01 [INFO] ==================================================================
