2026-03-26 11:36:01 [INFO] ==================================================================
2026-03-26 11:36:01 [INFO]   MOS Qatar Demo - Sports Data Generator
2026-03-26 11:36:01 [INFO] ==================================================================
2026-03-26 11:36:01 [INFO] Config file   : /home/cloudera/mos_qatar_demo_poc/config/mos_qatar_demo.ini
2026-03-26 11:36:01 [INFO] Landing dir   : /home/cloudera/mos_qatar_demo_poc/landing
2026-03-26 11:36:01 [INFO] Output file   : mos_sports_events_20260326_113601.txt
2026-03-26 11:36:01 [INFO] Records count : 5
2026-03-26 11:36:01 [INFO] ------------------------------------------------------------------
2026-03-26 11:36:01 [INFO]   Record 01: Event ID: EVT8003 | Event Name: FIFA World Cup Qatar Legacy Match | Sport: Athletics | Ven...
2026-03-26 11:36:01 [INFO]   Record 02: Event ID: EVT1555 | Event Name: Ministry Youth Sports Day | Sport: Basketball | Venue: Lus...
2026-03-26 11:36:01 [INFO]   Record 03: Event ID: EVT6364 | Event Name: National Team Preparation Match | Sport: Basketball | Venu...
2026-03-26 11:36:01 [INFO]   Record 04: Event ID: EVT5193 | Event Name: GCC Club Championship Final | Sport: Football | Venue: Edu...
2026-03-26 11:36:01 [INFO]   Record 05: Event ID: EVT1390 | Event Name: Qatar Cup Final | Sport: Football | Venue: Lusail Stadium ...
2026-03-26 11:36:01 [INFO] ------------------------------------------------------------------
2026-03-26 11:36:01 [INFO] File written successfully.
2026-03-26 11:36:01 [INFO]   Full path : /home/cloudera/mos_qatar_demo_poc/landing/mos_sports_events_20260326_113601.txt
2026-03-26 11:36:01 [INFO]   Size      : 1266 bytes
2026-03-26 11:36:01 [INFO]   Records   : 5
2026-03-26 11:36:01 [INFO] ==================================================================
2026-03-26 11:36:01 [INFO]   Generator Completed Successfully
2026-03-26 11:36:01 [INFO] ==================================================================
