2026-03-26 07:52:01 [INFO] ==================================================================
2026-03-26 07:52:01 [INFO]   MOS Qatar Demo - Sports Data Generator
2026-03-26 07:52:01 [INFO] ==================================================================
2026-03-26 07:52:01 [INFO] Config file   : /home/cloudera/mos_qatar_demo_poc/config/mos_qatar_demo.ini
2026-03-26 07:52:01 [INFO] Landing dir   : /home/cloudera/mos_qatar_demo_poc/landing
2026-03-26 07:52:01 [INFO] Output file   : mos_sports_events_20260326_075201.txt
2026-03-26 07:52:01 [INFO] Records count : 7
2026-03-26 07:52:01 [INFO] ------------------------------------------------------------------
2026-03-26 07:52:01 [INFO]   Record 01: Event ID: EVT1489 | Event Name: GCC Club Championship Semi Final | Sport: Handball | Venue...
2026-03-26 07:52:01 [INFO]   Record 02: Event ID: EVT3270 | Event Name: National Team Preparation Match | Sport: Volleyball | Venu...
2026-03-26 07:52:01 [INFO]   Record 03: Event ID: EVT7262 | Event Name: Gulf Cup Qualifier Round 1 | Sport: Football | Venue: Al J...
2026-03-26 07:52:01 [INFO]   Record 04: Event ID: EVT8114 | Event Name: Qatar Schools Football League | Sport: Football | Venue: E...
2026-03-26 07:52:01 [INFO]   Record 05: Event ID: EVT5077 | Event Name: Qatar Premier League Match Day 8 | Sport: Football | Venue...
2026-03-26 07:52:01 [INFO]   Record 06: Event ID: EVT3231 | Event Name: National Team Preparation Match | Sport: Football | Venue:...
2026-03-26 07:52:01 [INFO]   Record 07: Event ID: EVT2074 | Event Name: GCC Club Championship Final | Sport: Volleyball | Venue: A...
2026-03-26 07:52:01 [INFO] ------------------------------------------------------------------
2026-03-26 07:52:01 [INFO] File written successfully.
2026-03-26 07:52:01 [INFO]   Full path : /home/cloudera/mos_qatar_demo_poc/landing/mos_sports_events_20260326_075201.txt
2026-03-26 07:52:01 [INFO]   Size      : 1823 bytes
2026-03-26 07:52:01 [INFO]   Records   : 7
2026-03-26 07:52:01 [INFO] ==================================================================
2026-03-26 07:52:01 [INFO]   Generator Completed Successfully
2026-03-26 07:52:01 [INFO] ==================================================================
