2026-03-27 05:02:01 [INFO] ==================================================================
2026-03-27 05:02:01 [INFO]   MOS Qatar Demo - Sports Data Generator
2026-03-27 05:02:01 [INFO] ==================================================================
2026-03-27 05:02:01 [INFO] Config file   : /home/cloudera/mos_qatar_demo_poc/config/mos_qatar_demo.ini
2026-03-27 05:02:01 [INFO] Landing dir   : /home/cloudera/mos_qatar_demo_poc/landing
2026-03-27 05:02:01 [INFO] Output file   : mos_sports_events_20260327_050201.txt
2026-03-27 05:02:01 [INFO] Records count : 8
2026-03-27 05:02:01 [INFO] ------------------------------------------------------------------
2026-03-27 05:02:01 [INFO]   Record 01: Event ID: EVT5428 | Event Name: Gulf Youth Cup Round 2 | Sport: Football | Venue: Qatar Sp...
2026-03-27 05:02:01 [INFO]   Record 02: Event ID: EVT9043 | Event Name: Gulf Cup Qualifier Round 1 | Sport: Handball | Venue: Al W...
2026-03-27 05:02:01 [INFO]   Record 03: Event ID: EVT5379 | Event Name: Gulf Youth Cup Round 2 | Sport: Swimming | Venue: Educatio...
2026-03-27 05:02:01 [INFO]   Record 04: Event ID: EVT5705 | Event Name: Gulf Youth Cup Final | Sport: Athletics | Venue: Aspire Zo...
2026-03-27 05:02:01 [INFO]   Record 05: Event ID: EVT1828 | Event Name: Gulf Youth Cup Final | Sport: Basketball | Venue: Al Janou...
2026-03-27 05:02:01 [INFO]   Record 06: Event ID: EVT9637 | Event Name: National Team Preparation Match | Sport: Basketball | Venu...
2026-03-27 05:02:01 [INFO]   Record 07: Event ID: EVT6443 | Event Name: GCC Club Championship Final | Sport: Swimming | Venue: Al ...
2026-03-27 05:02:01 [INFO]   Record 08: Event ID: EVT2721 | Event Name: Qatar Olympic Training Camp Evaluation | Sport: Football |...
2026-03-27 05:02:01 [INFO] ------------------------------------------------------------------
2026-03-27 05:02:01 [INFO] File written successfully.
2026-03-27 05:02:01 [INFO]   Full path : /home/cloudera/mos_qatar_demo_poc/landing/mos_sports_events_20260327_050201.txt
2026-03-27 05:02:01 [INFO]   Size      : 2028 bytes
2026-03-27 05:02:01 [INFO]   Records   : 8
2026-03-27 05:02:01 [INFO] ==================================================================
2026-03-27 05:02:01 [INFO]   Generator Completed Successfully
2026-03-27 05:02:01 [INFO] ==================================================================
