2026-03-26 21:53:01 [INFO] ==================================================================
2026-03-26 21:53:01 [INFO]   MOS Qatar Demo - Sports Data Generator
2026-03-26 21:53:01 [INFO] ==================================================================
2026-03-26 21:53:01 [INFO] Config file   : /home/cloudera/mos_qatar_demo_poc/config/mos_qatar_demo.ini
2026-03-26 21:53:01 [INFO] Landing dir   : /home/cloudera/mos_qatar_demo_poc/landing
2026-03-26 21:53:01 [INFO] Output file   : mos_sports_events_20260326_215301.txt
2026-03-26 21:53:01 [INFO] Records count : 5
2026-03-26 21:53:01 [INFO] ------------------------------------------------------------------
2026-03-26 21:53:01 [INFO]   Record 01: Event ID: EVT4320 | Event Name: Gulf Youth Cup Round 1 | Sport: Football | Venue: Khalifa ...
2026-03-26 21:53:01 [INFO]   Record 02: Event ID: EVT2810 | Event Name: Gulf Youth Cup Final | Sport: Football | Venue: Ahmad Bin ...
2026-03-26 21:53:01 [INFO]   Record 03: Event ID: EVT6665 | Event Name: Ministry Youth Sports Day | Sport: Football | Venue: Educa...
2026-03-26 21:53:01 [INFO]   Record 04: Event ID: EVT7807 | Event Name: Asian Qualifiers Warm-up Match | Sport: Basketball | Venue...
2026-03-26 21:53:01 [INFO]   Record 05: Event ID: EVT9208 | Event Name: Arab Nations Championship Semi Final | Sport: Basketball |...
2026-03-26 21:53:01 [INFO] ------------------------------------------------------------------
2026-03-26 21:53:01 [INFO] File written successfully.
2026-03-26 21:53:01 [INFO]   Full path : /home/cloudera/mos_qatar_demo_poc/landing/mos_sports_events_20260326_215301.txt
2026-03-26 21:53:01 [INFO]   Size      : 1292 bytes
2026-03-26 21:53:01 [INFO]   Records   : 5
2026-03-26 21:53:01 [INFO] ==================================================================
2026-03-26 21:53:01 [INFO]   Generator Completed Successfully
2026-03-26 21:53:01 [INFO] ==================================================================
