2026-03-27 09:33:01 [INFO] ==================================================================
2026-03-27 09:33:01 [INFO]   MOS Qatar Demo - Sports Data Generator
2026-03-27 09:33:01 [INFO] ==================================================================
2026-03-27 09:33:01 [INFO] Config file   : /home/cloudera/mos_qatar_demo_poc/config/mos_qatar_demo.ini
2026-03-27 09:33:01 [INFO] Landing dir   : /home/cloudera/mos_qatar_demo_poc/landing
2026-03-27 09:33:01 [INFO] Output file   : mos_sports_events_20260327_093301.txt
2026-03-27 09:33:01 [INFO] Records count : 5
2026-03-27 09:33:01 [INFO] ------------------------------------------------------------------
2026-03-27 09:33:01 [INFO]   Record 01: Event ID: EVT2188 | Event Name: Ministry Invitational Friendly Tournament | Sport: Footbal...
2026-03-27 09:33:01 [INFO]   Record 02: Event ID: EVT3632 | Event Name: National Day Football Celebration | Sport: Swimming | Venu...
2026-03-27 09:33:01 [INFO]   Record 03: Event ID: EVT8928 | Event Name: Arab Nations Championship Semi Final | Sport: Athletics | ...
2026-03-27 09:33:01 [INFO]   Record 04: Event ID: EVT3985 | Event Name: Qatar Premier League Match Day 12 | Sport: Volleyball | Ve...
2026-03-27 09:33:01 [INFO]   Record 05: Event ID: EVT2929 | Event Name: FIFA World Cup Qatar Legacy Match | Sport: Football | Venu...
2026-03-27 09:33:01 [INFO] ------------------------------------------------------------------
2026-03-27 09:33:01 [INFO] File written successfully.
2026-03-27 09:33:01 [INFO]   Full path : /home/cloudera/mos_qatar_demo_poc/landing/mos_sports_events_20260327_093301.txt
2026-03-27 09:33:01 [INFO]   Size      : 1301 bytes
2026-03-27 09:33:01 [INFO]   Records   : 5
2026-03-27 09:33:01 [INFO] ==================================================================
2026-03-27 09:33:01 [INFO]   Generator Completed Successfully
2026-03-27 09:33:01 [INFO] ==================================================================
