2026-03-26 06:04:01 [INFO] ==================================================================
2026-03-26 06:04:01 [INFO]   MOS Qatar Demo - Sports Data Generator
2026-03-26 06:04:01 [INFO] ==================================================================
2026-03-26 06:04:01 [INFO] Config file   : /home/cloudera/mos_qatar_demo_poc/config/mos_qatar_demo.ini
2026-03-26 06:04:01 [INFO] Landing dir   : /home/cloudera/mos_qatar_demo_poc/landing
2026-03-26 06:04:01 [INFO] Output file   : mos_sports_events_20260326_060401.txt
2026-03-26 06:04:01 [INFO] Records count : 7
2026-03-26 06:04:01 [INFO] ------------------------------------------------------------------
2026-03-26 06:04:01 [INFO]   Record 01: Event ID: EVT8761 | Event Name: GCC Club Championship Quarter Final | Sport: Football | Ve...
2026-03-26 06:04:01 [INFO]   Record 02: Event ID: EVT3094 | Event Name: Qatar Schools Football League | Sport: Football | Venue: A...
2026-03-26 06:04:01 [INFO]   Record 03: Event ID: EVT2071 | Event Name: Qatar Cup Final | Sport: Swimming | Venue: Khalifa Interna...
2026-03-26 06:04:01 [INFO]   Record 04: Event ID: EVT2739 | Event Name: Arab Nations Championship Semi Final | Sport: Football | V...
2026-03-26 06:04:01 [INFO]   Record 05: Event ID: EVT4319 | Event Name: Ministry Youth Sports Day | Sport: Volleyball | Venue: Asp...
2026-03-26 06:04:01 [INFO]   Record 06: Event ID: EVT2372 | Event Name: Qatar Cup Semi Final | Sport: Volleyball | Venue: Al Wakra...
2026-03-26 06:04:01 [INFO]   Record 07: Event ID: EVT7104 | Event Name: National Team Preparation Match | Sport: Basketball | Venu...
2026-03-26 06:04:01 [INFO] ------------------------------------------------------------------
2026-03-26 06:04:01 [INFO] File written successfully.
2026-03-26 06:04:01 [INFO]   Full path : /home/cloudera/mos_qatar_demo_poc/landing/mos_sports_events_20260326_060401.txt
2026-03-26 06:04:01 [INFO]   Size      : 1797 bytes
2026-03-26 06:04:01 [INFO]   Records   : 7
2026-03-26 06:04:01 [INFO] ==================================================================
2026-03-26 06:04:01 [INFO]   Generator Completed Successfully
2026-03-26 06:04:01 [INFO] ==================================================================
