2026-03-24 22:13:01 [INFO] ==================================================================
2026-03-24 22:13:01 [INFO]   MOS Qatar Demo - Sports Data Generator
2026-03-24 22:13:01 [INFO] ==================================================================
2026-03-24 22:13:01 [INFO] Config file   : /home/cloudera/mos_qatar_demo_poc/config/mos_qatar_demo.ini
2026-03-24 22:13:01 [INFO] Landing dir   : /home/cloudera/mos_qatar_demo_poc/landing
2026-03-24 22:13:01 [INFO] Output file   : mos_sports_events_20260324_221301.txt
2026-03-24 22:13:01 [INFO] Records count : 6
2026-03-24 22:13:01 [INFO] ------------------------------------------------------------------
2026-03-24 22:13:01 [INFO]   Record 01: Event ID: EVT5506 | Event Name: National Team Preparation Match | Sport: Football | Venue:...
2026-03-24 22:13:01 [INFO]   Record 02: Event ID: EVT9383 | Event Name: Ministry Invitational Friendly Tournament | Sport: Swimmin...
2026-03-24 22:13:01 [INFO]   Record 03: Event ID: EVT6593 | Event Name: Qatar Under-20 Development League | Sport: Football | Venu...
2026-03-24 22:13:01 [INFO]   Record 04: Event ID: EVT2438 | Event Name: Qatar Premier League Match Day 5 | Sport: Swimming | Venue...
2026-03-24 22:13:01 [INFO]   Record 05: Event ID: EVT2718 | Event Name: Gulf Youth Cup Semi Final | Sport: Handball | Venue: Khali...
2026-03-24 22:13:01 [INFO]   Record 06: Event ID: EVT6457 | Event Name: Asian Qualifiers Warm-up Match | Sport: Football | Venue: ...
2026-03-24 22:13:01 [INFO] ------------------------------------------------------------------
2026-03-24 22:13:01 [INFO] File written successfully.
2026-03-24 22:13:01 [INFO]   Full path : /home/cloudera/mos_qatar_demo_poc/landing/mos_sports_events_20260324_221301.txt
2026-03-24 22:13:01 [INFO]   Size      : 1580 bytes
2026-03-24 22:13:01 [INFO]   Records   : 6
2026-03-24 22:13:01 [INFO] ==================================================================
2026-03-24 22:13:01 [INFO]   Generator Completed Successfully
2026-03-24 22:13:01 [INFO] ==================================================================
