2026-03-26 21:41:01 [INFO] ==================================================================
2026-03-26 21:41:01 [INFO]   MOS Qatar Demo - Sports Data Generator
2026-03-26 21:41:01 [INFO] ==================================================================
2026-03-26 21:41:01 [INFO] Config file   : /home/cloudera/mos_qatar_demo_poc/config/mos_qatar_demo.ini
2026-03-26 21:41:01 [INFO] Landing dir   : /home/cloudera/mos_qatar_demo_poc/landing
2026-03-26 21:41:01 [INFO] Output file   : mos_sports_events_20260326_214101.txt
2026-03-26 21:41:01 [INFO] Records count : 4
2026-03-26 21:41:01 [INFO] ------------------------------------------------------------------
2026-03-26 21:41:01 [INFO]   Record 01: Event ID: EVT4304 | Event Name: GCC Club Championship Quarter Final | Sport: Football | Ve...
2026-03-26 21:41:01 [INFO]   Record 02: Event ID: EVT2441 | Event Name: Qatar Premier League Match Day 8 | Sport: Basketball | Ven...
2026-03-26 21:41:01 [INFO]   Record 03: Event ID: EVT3007 | Event Name: Ramadan Football Festival | Sport: Football | Venue: Khali...
2026-03-26 21:41:01 [INFO]   Record 04: Event ID: EVT9522 | Event Name: National Team Preparation Match | Sport: Swimming | Venue:...
2026-03-26 21:41:01 [INFO] ------------------------------------------------------------------
2026-03-26 21:41:01 [INFO] File written successfully.
2026-03-26 21:41:01 [INFO]   Full path : /home/cloudera/mos_qatar_demo_poc/landing/mos_sports_events_20260326_214101.txt
2026-03-26 21:41:01 [INFO]   Size      : 1046 bytes
2026-03-26 21:41:01 [INFO]   Records   : 4
2026-03-26 21:41:01 [INFO] ==================================================================
2026-03-26 21:41:01 [INFO]   Generator Completed Successfully
2026-03-26 21:41:01 [INFO] ==================================================================
