2026-03-26 12:05:01 [INFO] ==================================================================
2026-03-26 12:05:01 [INFO]   MOS Qatar Demo - Sports Data Generator
2026-03-26 12:05:01 [INFO] ==================================================================
2026-03-26 12:05:01 [INFO] Config file   : /home/cloudera/mos_qatar_demo_poc/config/mos_qatar_demo.ini
2026-03-26 12:05:01 [INFO] Landing dir   : /home/cloudera/mos_qatar_demo_poc/landing
2026-03-26 12:05:01 [INFO] Output file   : mos_sports_events_20260326_120501.txt
2026-03-26 12:05:01 [INFO] Records count : 4
2026-03-26 12:05:01 [INFO] ------------------------------------------------------------------
2026-03-26 12:05:01 [INFO]   Record 01: Event ID: EVT8688 | Event Name: Doha Sports Festival Opening Match | Sport: Basketball | V...
2026-03-26 12:05:01 [INFO]   Record 02: Event ID: EVT2865 | Event Name: GCC Club Championship Semi Final | Sport: Football | Venue...
2026-03-26 12:05:01 [INFO]   Record 03: Event ID: EVT5006 | Event Name: National Team Preparation Match | Sport: Handball | Venue:...
2026-03-26 12:05:01 [INFO]   Record 04: Event ID: EVT7857 | Event Name: National Team Preparation Match | Sport: Football | Venue:...
2026-03-26 12:05:01 [INFO] ------------------------------------------------------------------
2026-03-26 12:05:01 [INFO] File written successfully.
2026-03-26 12:05:01 [INFO]   Full path : /home/cloudera/mos_qatar_demo_poc/landing/mos_sports_events_20260326_120501.txt
2026-03-26 12:05:01 [INFO]   Size      : 1037 bytes
2026-03-26 12:05:01 [INFO]   Records   : 4
2026-03-26 12:05:01 [INFO] ==================================================================
2026-03-26 12:05:01 [INFO]   Generator Completed Successfully
2026-03-26 12:05:01 [INFO] ==================================================================
