2026-03-27 21:18:02 [INFO] ==================================================================
2026-03-27 21:18:02 [INFO]   MOS Qatar Demo - Sports Data Generator
2026-03-27 21:18:02 [INFO] ==================================================================
2026-03-27 21:18:02 [INFO] Config file   : /home/cloudera/mos_qatar_demo_poc/config/mos_qatar_demo.ini
2026-03-27 21:18:02 [INFO] Landing dir   : /home/cloudera/mos_qatar_demo_poc/landing
2026-03-27 21:18:02 [INFO] Output file   : mos_sports_events_20260327_211802.txt
2026-03-27 21:18:02 [INFO] Records count : 4
2026-03-27 21:18:02 [INFO] ------------------------------------------------------------------
2026-03-27 21:18:02 [INFO]   Record 01: Event ID: EVT7559 | Event Name: Gulf Youth Cup Quarter Final | Sport: Basketball | Venue: ...
2026-03-27 21:18:02 [INFO]   Record 02: Event ID: EVT1859 | Event Name: Asian Qualifiers Warm-up Match | Sport: Basketball | Venue...
2026-03-27 21:18:02 [INFO]   Record 03: Event ID: EVT2000 | Event Name: Qatar Schools Football League | Sport: Football | Venue: L...
2026-03-27 21:18:02 [INFO]   Record 04: Event ID: EVT8519 | Event Name: National Team Preparation Match | Sport: Volleyball | Venu...
2026-03-27 21:18:02 [INFO] ------------------------------------------------------------------
2026-03-27 21:18:02 [INFO] File written successfully.
2026-03-27 21:18:02 [INFO]   Full path : /home/cloudera/mos_qatar_demo_poc/landing/mos_sports_events_20260327_211802.txt
2026-03-27 21:18:02 [INFO]   Size      : 1049 bytes
2026-03-27 21:18:02 [INFO]   Records   : 4
2026-03-27 21:18:02 [INFO] ==================================================================
2026-03-27 21:18:02 [INFO]   Generator Completed Successfully
2026-03-27 21:18:02 [INFO] ==================================================================
