2026-03-27 01:40:02 [INFO] ==================================================================
2026-03-27 01:40:02 [INFO]   MOS Qatar Demo - Sports Data Generator
2026-03-27 01:40:02 [INFO] ==================================================================
2026-03-27 01:40:02 [INFO] Config file   : /home/cloudera/mos_qatar_demo_poc/config/mos_qatar_demo.ini
2026-03-27 01:40:02 [INFO] Landing dir   : /home/cloudera/mos_qatar_demo_poc/landing
2026-03-27 01:40:02 [INFO] Output file   : mos_sports_events_20260327_014002.txt
2026-03-27 01:40:02 [INFO] Records count : 8
2026-03-27 01:40:02 [INFO] ------------------------------------------------------------------
2026-03-27 01:40:02 [INFO]   Record 01: Event ID: EVT8072 | Event Name: National Day Football Celebration | Sport: Football | Venu...
2026-03-27 01:40:02 [INFO]   Record 02: Event ID: EVT2181 | Event Name: Qatar Olympic Training Camp Evaluation | Sport: Football |...
2026-03-27 01:40:02 [INFO]   Record 03: Event ID: EVT3226 | Event Name: National Team Preparation Match | Sport: Volleyball | Venu...
2026-03-27 01:40:02 [INFO]   Record 04: Event ID: EVT4885 | Event Name: GCC Club Championship Final | Sport: Football | Venue: Al ...
2026-03-27 01:40:02 [INFO]   Record 05: Event ID: EVT7234 | Event Name: National Day Football Celebration | Sport: Football | Venu...
2026-03-27 01:40:02 [INFO]   Record 06: Event ID: EVT1126 | Event Name: Qatar Premier League Match Day 12 | Sport: Football | Venu...
2026-03-27 01:40:02 [INFO]   Record 07: Event ID: EVT1124 | Event Name: GCC Club Championship Final | Sport: Basketball | Venue: L...
2026-03-27 01:40:02 [INFO]   Record 08: Event ID: EVT2061 | Event Name: Qatar Under-20 Development League | Sport: Handball | Venu...
2026-03-27 01:40:02 [INFO] ------------------------------------------------------------------
2026-03-27 01:40:02 [INFO] File written successfully.
2026-03-27 01:40:02 [INFO]   Full path : /home/cloudera/mos_qatar_demo_poc/landing/mos_sports_events_20260327_014002.txt
2026-03-27 01:40:02 [INFO]   Size      : 2103 bytes
2026-03-27 01:40:02 [INFO]   Records   : 8
2026-03-27 01:40:02 [INFO] ==================================================================
2026-03-27 01:40:02 [INFO]   Generator Completed Successfully
2026-03-27 01:40:02 [INFO] ==================================================================
