2026-03-25 20:37:01 [INFO] ==================================================================
2026-03-25 20:37:01 [INFO]   MOS Qatar Demo - Sports Data Generator
2026-03-25 20:37:01 [INFO] ==================================================================
2026-03-25 20:37:01 [INFO] Config file   : /home/cloudera/mos_qatar_demo_poc/config/mos_qatar_demo.ini
2026-03-25 20:37:01 [INFO] Landing dir   : /home/cloudera/mos_qatar_demo_poc/landing
2026-03-25 20:37:01 [INFO] Output file   : mos_sports_events_20260325_203701.txt
2026-03-25 20:37:01 [INFO] Records count : 9
2026-03-25 20:37:01 [INFO] ------------------------------------------------------------------
2026-03-25 20:37:01 [INFO]   Record 01: Event ID: EVT7450 | Event Name: Arab Nations Championship Semi Final | Sport: Handball | V...
2026-03-25 20:37:01 [INFO]   Record 02: Event ID: EVT5450 | Event Name: FIFA World Cup Qatar Legacy Match | Sport: Basketball | Ve...
2026-03-25 20:37:01 [INFO]   Record 03: Event ID: EVT9114 | Event Name: MOS Annual Charity Football Gala | Sport: Basketball | Ven...
2026-03-25 20:37:01 [INFO]   Record 04: Event ID: EVT3785 | Event Name: Qatar Under-20 Development League | Sport: Volleyball | Ve...
2026-03-25 20:37:01 [INFO]   Record 05: Event ID: EVT2135 | Event Name: GCC Club Championship Semi Final | Sport: Football | Venue...
2026-03-25 20:37:01 [INFO]   Record 06: Event ID: EVT6470 | Event Name: Gulf Cup Qualifier Round 1 | Sport: Athletics | Venue: Kha...
2026-03-25 20:37:01 [INFO]   Record 07: Event ID: EVT4682 | Event Name: Ministry Invitational Friendly Tournament | Sport: Footbal...
2026-03-25 20:37:01 [INFO]   Record 08: Event ID: EVT9652 | Event Name: Arab Nations Championship Group Stage | Sport: Handball | ...
2026-03-25 20:37:01 [INFO]   Record 09: Event ID: EVT6909 | Event Name: FIFA World Cup Qatar Legacy Match | Sport: Football | Venu...
2026-03-25 20:37:01 [INFO] ------------------------------------------------------------------
2026-03-25 20:37:01 [INFO] File written successfully.
2026-03-25 20:37:01 [INFO]   Full path : /home/cloudera/mos_qatar_demo_poc/landing/mos_sports_events_20260325_203701.txt
2026-03-25 20:37:01 [INFO]   Size      : 2353 bytes
2026-03-25 20:37:01 [INFO]   Records   : 9
2026-03-25 20:37:01 [INFO] ==================================================================
2026-03-25 20:37:01 [INFO]   Generator Completed Successfully
2026-03-25 20:37:01 [INFO] ==================================================================
