2026-03-26 09:01:02 [INFO] ==================================================================
2026-03-26 09:01:02 [INFO]   MOS Qatar Demo - Sports Data Generator
2026-03-26 09:01:02 [INFO] ==================================================================
2026-03-26 09:01:02 [INFO] Config file   : /home/cloudera/mos_qatar_demo_poc/config/mos_qatar_demo.ini
2026-03-26 09:01:02 [INFO] Landing dir   : /home/cloudera/mos_qatar_demo_poc/landing
2026-03-26 09:01:02 [INFO] Output file   : mos_sports_events_20260326_090102.txt
2026-03-26 09:01:02 [INFO] Records count : 4
2026-03-26 09:01:02 [INFO] ------------------------------------------------------------------
2026-03-26 09:01:02 [INFO]   Record 01: Event ID: EVT3161 | Event Name: National Day Football Celebration | Sport: Football | Venu...
2026-03-26 09:01:02 [INFO]   Record 02: Event ID: EVT9570 | Event Name: Ramadan Football Festival | Sport: Athletics | Venue: Al W...
2026-03-26 09:01:02 [INFO]   Record 03: Event ID: EVT5973 | Event Name: Ramadan Football Festival | Sport: Volleyball | Venue: Lus...
2026-03-26 09:01:02 [INFO]   Record 04: Event ID: EVT9853 | Event Name: Qatar Under-20 Development League | Sport: Football | Venu...
2026-03-26 09:01:02 [INFO] ------------------------------------------------------------------
2026-03-26 09:01:02 [INFO] File written successfully.
2026-03-26 09:01:02 [INFO]   Full path : /home/cloudera/mos_qatar_demo_poc/landing/mos_sports_events_20260326_090102.txt
2026-03-26 09:01:02 [INFO]   Size      : 1032 bytes
2026-03-26 09:01:02 [INFO]   Records   : 4
2026-03-26 09:01:02 [INFO] ==================================================================
2026-03-26 09:01:02 [INFO]   Generator Completed Successfully
2026-03-26 09:01:02 [INFO] ==================================================================
