2026-03-27 02:07:02 [INFO] ==================================================================
2026-03-27 02:07:02 [INFO]   MOS Qatar Demo - Sports Data Generator
2026-03-27 02:07:02 [INFO] ==================================================================
2026-03-27 02:07:02 [INFO] Config file   : /home/cloudera/mos_qatar_demo_poc/config/mos_qatar_demo.ini
2026-03-27 02:07:02 [INFO] Landing dir   : /home/cloudera/mos_qatar_demo_poc/landing
2026-03-27 02:07:02 [INFO] Output file   : mos_sports_events_20260327_020702.txt
2026-03-27 02:07:02 [INFO] Records count : 7
2026-03-27 02:07:02 [INFO] ------------------------------------------------------------------
2026-03-27 02:07:02 [INFO]   Record 01: Event ID: EVT2868 | Event Name: Qatar Premier League Match Day 8 | Sport: Basketball | Ven...
2026-03-27 02:07:02 [INFO]   Record 02: Event ID: EVT1074 | Event Name: Gulf Youth Cup Quarter Final | Sport: Football | Venue: Qa...
2026-03-27 02:07:02 [INFO]   Record 03: Event ID: EVT2869 | Event Name: Ministry Youth Sports Day | Sport: Athletics | Venue: Al B...
2026-03-27 02:07:02 [INFO]   Record 04: Event ID: EVT9497 | Event Name: Gulf Youth Cup Semi Final | Sport: Swimming | Venue: Al Ja...
2026-03-27 02:07:02 [INFO]   Record 05: Event ID: EVT1605 | Event Name: Gulf Cup Qualifier Round 1 | Sport: Football | Venue: Lusa...
2026-03-27 02:07:02 [INFO]   Record 06: Event ID: EVT8515 | Event Name: Gulf Youth Cup Round 2 | Sport: Handball | Venue: Ahmad Bi...
2026-03-27 02:07:02 [INFO]   Record 07: Event ID: EVT1894 | Event Name: Gulf Youth Cup Quarter Final | Sport: Football | Venue: Al...
2026-03-27 02:07:02 [INFO] ------------------------------------------------------------------
2026-03-27 02:07:02 [INFO] File written successfully.
2026-03-27 02:07:02 [INFO]   Full path : /home/cloudera/mos_qatar_demo_poc/landing/mos_sports_events_20260327_020702.txt
2026-03-27 02:07:02 [INFO]   Size      : 1799 bytes
2026-03-27 02:07:02 [INFO]   Records   : 7
2026-03-27 02:07:02 [INFO] ==================================================================
2026-03-27 02:07:02 [INFO]   Generator Completed Successfully
2026-03-27 02:07:02 [INFO] ==================================================================
