2026-03-25 09:21:01 [INFO] ==================================================================
2026-03-25 09:21:01 [INFO]   MOS Qatar Demo - Sports Data Generator
2026-03-25 09:21:01 [INFO] ==================================================================
2026-03-25 09:21:01 [INFO] Config file   : /home/cloudera/mos_qatar_demo_poc/config/mos_qatar_demo.ini
2026-03-25 09:21:01 [INFO] Landing dir   : /home/cloudera/mos_qatar_demo_poc/landing
2026-03-25 09:21:01 [INFO] Output file   : mos_sports_events_20260325_092101.txt
2026-03-25 09:21:01 [INFO] Records count : 7
2026-03-25 09:21:01 [INFO] ------------------------------------------------------------------
2026-03-25 09:21:01 [INFO]   Record 01: Event ID: EVT8520 | Event Name: Qatar Premier League Match Day 8 | Sport: Volleyball | Ven...
2026-03-25 09:21:01 [INFO]   Record 02: Event ID: EVT6886 | Event Name: Gulf Cup Qualifier Round 1 | Sport: Swimming | Venue: Khal...
2026-03-25 09:21:01 [INFO]   Record 03: Event ID: EVT4978 | Event Name: Doha Sports Festival Opening Match | Sport: Football | Ven...
2026-03-25 09:21:01 [INFO]   Record 04: Event ID: EVT9158 | Event Name: Gulf Youth Cup Semi Final | Sport: Football | Venue: Educa...
2026-03-25 09:21:01 [INFO]   Record 05: Event ID: EVT5717 | Event Name: Gulf Youth Cup Round 2 | Sport: Athletics | Venue: Al Jano...
2026-03-25 09:21:01 [INFO]   Record 06: Event ID: EVT7106 | Event Name: Gulf Youth Cup Final | Sport: Basketball | Venue: Al Janou...
2026-03-25 09:21:01 [INFO]   Record 07: Event ID: EVT2744 | Event Name: Arab Nations Championship Semi Final | Sport: Football | V...
2026-03-25 09:21:01 [INFO] ------------------------------------------------------------------
2026-03-25 09:21:01 [INFO] File written successfully.
2026-03-25 09:21:01 [INFO]   Full path : /home/cloudera/mos_qatar_demo_poc/landing/mos_sports_events_20260325_092101.txt
2026-03-25 09:21:01 [INFO]   Size      : 1775 bytes
2026-03-25 09:21:01 [INFO]   Records   : 7
2026-03-25 09:21:01 [INFO] ==================================================================
2026-03-25 09:21:01 [INFO]   Generator Completed Successfully
2026-03-25 09:21:01 [INFO] ==================================================================
