2026-03-26 04:21:02 [INFO] ==================================================================
2026-03-26 04:21:02 [INFO]   MOS Qatar Demo - Sports Data Generator
2026-03-26 04:21:02 [INFO] ==================================================================
2026-03-26 04:21:02 [INFO] Config file   : /home/cloudera/mos_qatar_demo_poc/config/mos_qatar_demo.ini
2026-03-26 04:21:02 [INFO] Landing dir   : /home/cloudera/mos_qatar_demo_poc/landing
2026-03-26 04:21:02 [INFO] Output file   : mos_sports_events_20260326_042102.txt
2026-03-26 04:21:02 [INFO] Records count : 5
2026-03-26 04:21:02 [INFO] ------------------------------------------------------------------
2026-03-26 04:21:02 [INFO]   Record 01: Event ID: EVT5317 | Event Name: Qatar Schools Football League | Sport: Athletics | Venue: ...
2026-03-26 04:21:02 [INFO]   Record 02: Event ID: EVT2026 | Event Name: Qatar Premier League Match Day 5 | Sport: Volleyball | Ven...
2026-03-26 04:21:02 [INFO]   Record 03: Event ID: EVT3647 | Event Name: Ministry Invitational Friendly Tournament | Sport: Athleti...
2026-03-26 04:21:02 [INFO]   Record 04: Event ID: EVT6903 | Event Name: Qatar Premier League Match Day 5 | Sport: Handball | Venue...
2026-03-26 04:21:02 [INFO]   Record 05: Event ID: EVT5746 | Event Name: Gulf Youth Cup Round 1 | Sport: Volleyball | Venue: Qatar ...
2026-03-26 04:21:02 [INFO] ------------------------------------------------------------------
2026-03-26 04:21:02 [INFO] File written successfully.
2026-03-26 04:21:02 [INFO]   Full path : /home/cloudera/mos_qatar_demo_poc/landing/mos_sports_events_20260326_042102.txt
2026-03-26 04:21:02 [INFO]   Size      : 1311 bytes
2026-03-26 04:21:02 [INFO]   Records   : 5
2026-03-26 04:21:02 [INFO] ==================================================================
2026-03-26 04:21:02 [INFO]   Generator Completed Successfully
2026-03-26 04:21:02 [INFO] ==================================================================
