2026-03-25 10:04:01 [INFO] ==================================================================
2026-03-25 10:04:01 [INFO]   MOS Qatar Demo - Sports Data Generator
2026-03-25 10:04:01 [INFO] ==================================================================
2026-03-25 10:04:01 [INFO] Config file   : /home/cloudera/mos_qatar_demo_poc/config/mos_qatar_demo.ini
2026-03-25 10:04:01 [INFO] Landing dir   : /home/cloudera/mos_qatar_demo_poc/landing
2026-03-25 10:04:01 [INFO] Output file   : mos_sports_events_20260325_100401.txt
2026-03-25 10:04:01 [INFO] Records count : 4
2026-03-25 10:04:01 [INFO] ------------------------------------------------------------------
2026-03-25 10:04:01 [INFO]   Record 01: Event ID: EVT1520 | Event Name: Qatar Premier League Match Day 8 | Sport: Football | Venue...
2026-03-25 10:04:01 [INFO]   Record 02: Event ID: EVT2587 | Event Name: Qatar Premier League Match Day 5 | Sport: Volleyball | Ven...
2026-03-25 10:04:01 [INFO]   Record 03: Event ID: EVT1744 | Event Name: Gulf Youth Cup Final | Sport: Football | Venue: Aspire Zon...
2026-03-25 10:04:01 [INFO]   Record 04: Event ID: EVT9615 | Event Name: Qatar Premier League Match Day 8 | Sport: Football | Venue...
2026-03-25 10:04:01 [INFO] ------------------------------------------------------------------
2026-03-25 10:04:01 [INFO] File written successfully.
2026-03-25 10:04:01 [INFO]   Full path : /home/cloudera/mos_qatar_demo_poc/landing/mos_sports_events_20260325_100401.txt
2026-03-25 10:04:01 [INFO]   Size      : 1050 bytes
2026-03-25 10:04:01 [INFO]   Records   : 4
2026-03-25 10:04:01 [INFO] ==================================================================
2026-03-25 10:04:01 [INFO]   Generator Completed Successfully
2026-03-25 10:04:01 [INFO] ==================================================================
