2026-03-25 13:54:01 [INFO] ==================================================================
2026-03-25 13:54:01 [INFO]   MOS Qatar Demo - Sports Data Generator
2026-03-25 13:54:01 [INFO] ==================================================================
2026-03-25 13:54:01 [INFO] Config file   : /home/cloudera/mos_qatar_demo_poc/config/mos_qatar_demo.ini
2026-03-25 13:54:01 [INFO] Landing dir   : /home/cloudera/mos_qatar_demo_poc/landing
2026-03-25 13:54:01 [INFO] Output file   : mos_sports_events_20260325_135401.txt
2026-03-25 13:54:01 [INFO] Records count : 7
2026-03-25 13:54:01 [INFO] ------------------------------------------------------------------
2026-03-25 13:54:01 [INFO]   Record 01: Event ID: EVT3319 | Event Name: Qatar Under-20 Development League | Sport: Football | Venu...
2026-03-25 13:54:01 [INFO]   Record 02: Event ID: EVT3536 | Event Name: Qatar Under-20 Development League | Sport: Football | Venu...
2026-03-25 13:54:01 [INFO]   Record 03: Event ID: EVT8116 | Event Name: FIFA World Cup Qatar Legacy Match | Sport: Basketball | Ve...
2026-03-25 13:54:01 [INFO]   Record 04: Event ID: EVT3696 | Event Name: Qatar Cup Final | Sport: Football | Venue: Al Thumama Stad...
2026-03-25 13:54:01 [INFO]   Record 05: Event ID: EVT3803 | Event Name: Qatar Under-20 Development League | Sport: Football | Venu...
2026-03-25 13:54:01 [INFO]   Record 06: Event ID: EVT1237 | Event Name: Qatar Schools Football League | Sport: Football | Venue: Q...
2026-03-25 13:54:01 [INFO]   Record 07: Event ID: EVT8151 | Event Name: Asian Qualifiers Warm-up Match | Sport: Football | Venue: ...
2026-03-25 13:54:01 [INFO] ------------------------------------------------------------------
2026-03-25 13:54:01 [INFO] File written successfully.
2026-03-25 13:54:01 [INFO]   Full path : /home/cloudera/mos_qatar_demo_poc/landing/mos_sports_events_20260325_135401.txt
2026-03-25 13:54:01 [INFO]   Size      : 1781 bytes
2026-03-25 13:54:01 [INFO]   Records   : 7
2026-03-25 13:54:01 [INFO] ==================================================================
2026-03-25 13:54:01 [INFO]   Generator Completed Successfully
2026-03-25 13:54:01 [INFO] ==================================================================
