2026-03-25 21:03:01 [INFO] ==================================================================
2026-03-25 21:03:01 [INFO]   MOS Qatar Demo - Sports Data Generator
2026-03-25 21:03:01 [INFO] ==================================================================
2026-03-25 21:03:01 [INFO] Config file   : /home/cloudera/mos_qatar_demo_poc/config/mos_qatar_demo.ini
2026-03-25 21:03:01 [INFO] Landing dir   : /home/cloudera/mos_qatar_demo_poc/landing
2026-03-25 21:03:01 [INFO] Output file   : mos_sports_events_20260325_210301.txt
2026-03-25 21:03:01 [INFO] Records count : 4
2026-03-25 21:03:01 [INFO] ------------------------------------------------------------------
2026-03-25 21:03:01 [INFO]   Record 01: Event ID: EVT2901 | Event Name: Gulf Youth Cup Round 1 | Sport: Volleyball | Venue: Al Bay...
2026-03-25 21:03:01 [INFO]   Record 02: Event ID: EVT7100 | Event Name: Ministry Invitational Friendly Tournament | Sport: Volleyb...
2026-03-25 21:03:01 [INFO]   Record 03: Event ID: EVT1534 | Event Name: Gulf Youth Cup Round 1 | Sport: Football | Venue: Al Thuma...
2026-03-25 21:03:01 [INFO]   Record 04: Event ID: EVT6784 | Event Name: GCC Club Championship Quarter Final | Sport: Athletics | V...
2026-03-25 21:03:01 [INFO] ------------------------------------------------------------------
2026-03-25 21:03:01 [INFO] File written successfully.
2026-03-25 21:03:01 [INFO]   Full path : /home/cloudera/mos_qatar_demo_poc/landing/mos_sports_events_20260325_210301.txt
2026-03-25 21:03:01 [INFO]   Size      : 1019 bytes
2026-03-25 21:03:01 [INFO]   Records   : 4
2026-03-25 21:03:01 [INFO] ==================================================================
2026-03-25 21:03:01 [INFO]   Generator Completed Successfully
2026-03-25 21:03:01 [INFO] ==================================================================
