2026-03-27 01:01:01 [INFO] ==================================================================
2026-03-27 01:01:01 [INFO]   MOS Qatar Demo - Sports Data Generator
2026-03-27 01:01:01 [INFO] ==================================================================
2026-03-27 01:01:01 [INFO] Config file   : /home/cloudera/mos_qatar_demo_poc/config/mos_qatar_demo.ini
2026-03-27 01:01:01 [INFO] Landing dir   : /home/cloudera/mos_qatar_demo_poc/landing
2026-03-27 01:01:01 [INFO] Output file   : mos_sports_events_20260327_010101.txt
2026-03-27 01:01:01 [INFO] Records count : 10
2026-03-27 01:01:01 [INFO] ------------------------------------------------------------------
2026-03-27 01:01:01 [INFO]   Record 01: Event ID: EVT1455 | Event Name: Asian Qualifiers Warm-up Match | Sport: Football | Venue: ...
2026-03-27 01:01:01 [INFO]   Record 02: Event ID: EVT4295 | Event Name: Qatar Premier League Match Day 8 | Sport: Athletics | Venu...
2026-03-27 01:01:01 [INFO]   Record 03: Event ID: EVT1869 | Event Name: MOS Annual Charity Football Gala | Sport: Football | Venue...
2026-03-27 01:01:01 [INFO]   Record 04: Event ID: EVT8492 | Event Name: Ministry Invitational Friendly Tournament | Sport: Footbal...
2026-03-27 01:01:01 [INFO]   Record 05: Event ID: EVT1909 | Event Name: Gulf Youth Cup Round 2 | Sport: Football | Venue: Khalifa ...
2026-03-27 01:01:01 [INFO]   Record 06: Event ID: EVT1733 | Event Name: Doha Sports Festival Opening Match | Sport: Swimming | Ven...
2026-03-27 01:01:01 [INFO]   Record 07: Event ID: EVT4461 | Event Name: Doha Sports Festival Opening Match | Sport: Basketball | V...
2026-03-27 01:01:01 [INFO]   Record 08: Event ID: EVT6109 | Event Name: GCC Club Championship Quarter Final | Sport: Football | Ve...
2026-03-27 01:01:01 [INFO]   Record 09: Event ID: EVT2999 | Event Name: Gulf Youth Cup Semi Final | Sport: Handball | Venue: Lusai...
2026-03-27 01:01:01 [INFO]   Record 10: Event ID: EVT4589 | Event Name: Gulf Youth Cup Round 2 | Sport: Swimming | Venue: Lusail S...
2026-03-27 01:01:01 [INFO] ------------------------------------------------------------------
2026-03-27 01:01:01 [INFO] File written successfully.
2026-03-27 01:01:01 [INFO]   Full path : /home/cloudera/mos_qatar_demo_poc/landing/mos_sports_events_20260327_010101.txt
2026-03-27 01:01:01 [INFO]   Size      : 2573 bytes
2026-03-27 01:01:01 [INFO]   Records   : 10
2026-03-27 01:01:01 [INFO] ==================================================================
2026-03-27 01:01:01 [INFO]   Generator Completed Successfully
2026-03-27 01:01:01 [INFO] ==================================================================
