2026-03-27 01:20:01 [INFO] ==================================================================
2026-03-27 01:20:01 [INFO]   MOS Qatar Demo - Sports Data Generator
2026-03-27 01:20:01 [INFO] ==================================================================
2026-03-27 01:20:01 [INFO] Config file   : /home/cloudera/mos_qatar_demo_poc/config/mos_qatar_demo.ini
2026-03-27 01:20:01 [INFO] Landing dir   : /home/cloudera/mos_qatar_demo_poc/landing
2026-03-27 01:20:01 [INFO] Output file   : mos_sports_events_20260327_012001.txt
2026-03-27 01:20:01 [INFO] Records count : 10
2026-03-27 01:20:01 [INFO] ------------------------------------------------------------------
2026-03-27 01:20:01 [INFO]   Record 01: Event ID: EVT2214 | Event Name: Qatar Premier League Match Day 8 | Sport: Athletics | Venu...
2026-03-27 01:20:01 [INFO]   Record 02: Event ID: EVT6611 | Event Name: Arab Nations Championship Semi Final | Sport: Handball | V...
2026-03-27 01:20:01 [INFO]   Record 03: Event ID: EVT6117 | Event Name: GCC Club Championship Final | Sport: Handball | Venue: Al ...
2026-03-27 01:20:01 [INFO]   Record 04: Event ID: EVT1587 | Event Name: Qatar Cup Semi Final | Sport: Athletics | Venue: Al Thumam...
2026-03-27 01:20:01 [INFO]   Record 05: Event ID: EVT5091 | Event Name: Gulf Youth Cup Round 1 | Sport: Football | Venue: Qatar Sp...
2026-03-27 01:20:01 [INFO]   Record 06: Event ID: EVT3573 | Event Name: Qatar Premier League Match Day 5 | Sport: Football | Venue...
2026-03-27 01:20:01 [INFO]   Record 07: Event ID: EVT7603 | Event Name: Qatar Under-20 Development League | Sport: Football | Venu...
2026-03-27 01:20:01 [INFO]   Record 08: Event ID: EVT3304 | Event Name: Ministry Invitational Friendly Tournament | Sport: Footbal...
2026-03-27 01:20:01 [INFO]   Record 09: Event ID: EVT3972 | Event Name: National Team Preparation Match | Sport: Handball | Venue:...
2026-03-27 01:20:01 [INFO]   Record 10: Event ID: EVT9580 | Event Name: GCC Club Championship Semi Final | Sport: Swimming | Venue...
2026-03-27 01:20:01 [INFO] ------------------------------------------------------------------
2026-03-27 01:20:01 [INFO] File written successfully.
2026-03-27 01:20:01 [INFO]   Full path : /home/cloudera/mos_qatar_demo_poc/landing/mos_sports_events_20260327_012001.txt
2026-03-27 01:20:01 [INFO]   Size      : 2613 bytes
2026-03-27 01:20:01 [INFO]   Records   : 10
2026-03-27 01:20:01 [INFO] ==================================================================
2026-03-27 01:20:01 [INFO]   Generator Completed Successfully
2026-03-27 01:20:01 [INFO] ==================================================================
