2026-03-26 12:12:02 [INFO] ==================================================================
2026-03-26 12:12:02 [INFO]   MOS Qatar Demo - Sports Data Generator
2026-03-26 12:12:02 [INFO] ==================================================================
2026-03-26 12:12:02 [INFO] Config file   : /home/cloudera/mos_qatar_demo_poc/config/mos_qatar_demo.ini
2026-03-26 12:12:02 [INFO] Landing dir   : /home/cloudera/mos_qatar_demo_poc/landing
2026-03-26 12:12:02 [INFO] Output file   : mos_sports_events_20260326_121202.txt
2026-03-26 12:12:02 [INFO] Records count : 5
2026-03-26 12:12:02 [INFO] ------------------------------------------------------------------
2026-03-26 12:12:02 [INFO]   Record 01: Event ID: EVT6834 | Event Name: Qatar Premier League Match Day 12 | Sport: Athletics | Ven...
2026-03-26 12:12:02 [INFO]   Record 02: Event ID: EVT1021 | Event Name: Qatar Cup Final | Sport: Volleyball | Venue: Ahmad Bin Ali...
2026-03-26 12:12:02 [INFO]   Record 03: Event ID: EVT7703 | Event Name: GCC Club Championship Semi Final | Sport: Volleyball | Ven...
2026-03-26 12:12:02 [INFO]   Record 04: Event ID: EVT9749 | Event Name: Gulf Youth Cup Final | Sport: Football | Venue: Aspire Zon...
2026-03-26 12:12:02 [INFO]   Record 05: Event ID: EVT8720 | Event Name: Qatar Premier League Match Day 8 | Sport: Football | Venue...
2026-03-26 12:12:02 [INFO] ------------------------------------------------------------------
2026-03-26 12:12:02 [INFO] File written successfully.
2026-03-26 12:12:02 [INFO]   Full path : /home/cloudera/mos_qatar_demo_poc/landing/mos_sports_events_20260326_121202.txt
2026-03-26 12:12:02 [INFO]   Size      : 1298 bytes
2026-03-26 12:12:02 [INFO]   Records   : 5
2026-03-26 12:12:02 [INFO] ==================================================================
2026-03-26 12:12:02 [INFO]   Generator Completed Successfully
2026-03-26 12:12:02 [INFO] ==================================================================
