2026-03-24 19:19:01 [INFO] ==================================================================
2026-03-24 19:19:01 [INFO]   MOS Qatar Demo - Sports Data Generator
2026-03-24 19:19:01 [INFO] ==================================================================
2026-03-24 19:19:01 [INFO] Config file   : /home/cloudera/mos_qatar_demo_poc/config/mos_qatar_demo.ini
2026-03-24 19:19:01 [INFO] Landing dir   : /home/cloudera/mos_qatar_demo_poc/landing
2026-03-24 19:19:01 [INFO] Output file   : mos_sports_events_20260324_191901.txt
2026-03-24 19:19:01 [INFO] Records count : 9
2026-03-24 19:19:01 [INFO] ------------------------------------------------------------------
2026-03-24 19:19:01 [INFO]   Record 01: Event ID: EVT2779 | Event Name: Asian Qualifiers Warm-up Match | Sport: Football | Venue: ...
2026-03-24 19:19:01 [INFO]   Record 02: Event ID: EVT1746 | Event Name: National Team Preparation Match | Sport: Volleyball | Venu...
2026-03-24 19:19:01 [INFO]   Record 03: Event ID: EVT1471 | Event Name: Qatar Cup Final | Sport: Athletics | Venue: Al Wakrah Spor...
2026-03-24 19:19:01 [INFO]   Record 04: Event ID: EVT7100 | Event Name: Ramadan Football Festival | Sport: Volleyball | Venue: Al ...
2026-03-24 19:19:01 [INFO]   Record 05: Event ID: EVT3314 | Event Name: Gulf Cup Qualifier Round 1 | Sport: Football | Venue: Al B...
2026-03-24 19:19:01 [INFO]   Record 06: Event ID: EVT3786 | Event Name: Arab Nations Championship Semi Final | Sport: Football | V...
2026-03-24 19:19:01 [INFO]   Record 07: Event ID: EVT4737 | Event Name: GCC Club Championship Semi Final | Sport: Handball | Venue...
2026-03-24 19:19:01 [INFO]   Record 08: Event ID: EVT9759 | Event Name: Gulf Youth Cup Final | Sport: Basketball | Venue: Al Thuma...
2026-03-24 19:19:01 [INFO]   Record 09: Event ID: EVT6617 | Event Name: Qatar Premier League Match Day 12 | Sport: Basketball | Ve...
2026-03-24 19:19:01 [INFO] ------------------------------------------------------------------
2026-03-24 19:19:01 [INFO] File written successfully.
2026-03-24 19:19:01 [INFO]   Full path : /home/cloudera/mos_qatar_demo_poc/landing/mos_sports_events_20260324_191901.txt
2026-03-24 19:19:01 [INFO]   Size      : 2307 bytes
2026-03-24 19:19:01 [INFO]   Records   : 9
2026-03-24 19:19:01 [INFO] ==================================================================
2026-03-24 19:19:01 [INFO]   Generator Completed Successfully
2026-03-24 19:19:01 [INFO] ==================================================================
