2026-03-25 04:15:01 [INFO] ==================================================================
2026-03-25 04:15:01 [INFO]   MOS Qatar Demo - Sports Data Generator
2026-03-25 04:15:01 [INFO] ==================================================================
2026-03-25 04:15:01 [INFO] Config file   : /home/cloudera/mos_qatar_demo_poc/config/mos_qatar_demo.ini
2026-03-25 04:15:01 [INFO] Landing dir   : /home/cloudera/mos_qatar_demo_poc/landing
2026-03-25 04:15:01 [INFO] Output file   : mos_sports_events_20260325_041501.txt
2026-03-25 04:15:01 [INFO] Records count : 7
2026-03-25 04:15:01 [INFO] ------------------------------------------------------------------
2026-03-25 04:15:01 [INFO]   Record 01: Event ID: EVT6634 | Event Name: GCC Club Championship Semi Final | Sport: Volleyball | Ven...
2026-03-25 04:15:01 [INFO]   Record 02: Event ID: EVT4763 | Event Name: Qatar Olympic Training Camp Evaluation | Sport: Handball |...
2026-03-25 04:15:01 [INFO]   Record 03: Event ID: EVT2282 | Event Name: GCC Club Championship Quarter Final | Sport: Volleyball | ...
2026-03-25 04:15:01 [INFO]   Record 04: Event ID: EVT9819 | Event Name: Qatar Schools Football League | Sport: Athletics | Venue: ...
2026-03-25 04:15:01 [INFO]   Record 05: Event ID: EVT1677 | Event Name: Qatar Schools Football League | Sport: Athletics | Venue: ...
2026-03-25 04:15:01 [INFO]   Record 06: Event ID: EVT8702 | Event Name: Qatar Olympic Training Camp Evaluation | Sport: Basketball...
2026-03-25 04:15:01 [INFO]   Record 07: Event ID: EVT7872 | Event Name: MOS Annual Charity Football Gala | Sport: Swimming | Venue...
2026-03-25 04:15:01 [INFO] ------------------------------------------------------------------
2026-03-25 04:15:01 [INFO] File written successfully.
2026-03-25 04:15:01 [INFO]   Full path : /home/cloudera/mos_qatar_demo_poc/landing/mos_sports_events_20260325_041501.txt
2026-03-25 04:15:01 [INFO]   Size      : 1881 bytes
2026-03-25 04:15:01 [INFO]   Records   : 7
2026-03-25 04:15:01 [INFO] ==================================================================
2026-03-25 04:15:01 [INFO]   Generator Completed Successfully
2026-03-25 04:15:01 [INFO] ==================================================================
