2026-03-27 00:55:01 [INFO] ==================================================================
2026-03-27 00:55:01 [INFO]   MOS Qatar Demo - Sports Data Generator
2026-03-27 00:55:01 [INFO] ==================================================================
2026-03-27 00:55:01 [INFO] Config file   : /home/cloudera/mos_qatar_demo_poc/config/mos_qatar_demo.ini
2026-03-27 00:55:01 [INFO] Landing dir   : /home/cloudera/mos_qatar_demo_poc/landing
2026-03-27 00:55:01 [INFO] Output file   : mos_sports_events_20260327_005501.txt
2026-03-27 00:55:01 [INFO] Records count : 10
2026-03-27 00:55:01 [INFO] ------------------------------------------------------------------
2026-03-27 00:55:01 [INFO]   Record 01: Event ID: EVT1597 | Event Name: Qatar Premier League Match Day 8 | Sport: Volleyball | Ven...
2026-03-27 00:55:01 [INFO]   Record 02: Event ID: EVT1967 | Event Name: Gulf Youth Cup Quarter Final | Sport: Football | Venue: Kh...
2026-03-27 00:55:01 [INFO]   Record 03: Event ID: EVT6092 | Event Name: FIFA World Cup Qatar Legacy Match | Sport: Volleyball | Ve...
2026-03-27 00:55:01 [INFO]   Record 04: Event ID: EVT5030 | Event Name: Gulf Youth Cup Round 2 | Sport: Football | Venue: Ahmad Bi...
2026-03-27 00:55:01 [INFO]   Record 05: Event ID: EVT7927 | Event Name: Asian Qualifiers Warm-up Match | Sport: Football | Venue: ...
2026-03-27 00:55:01 [INFO]   Record 06: Event ID: EVT5379 | Event Name: Qatar Cup Final | Sport: Football | Venue: Qatar Sports Cl...
2026-03-27 00:55:01 [INFO]   Record 07: Event ID: EVT6004 | Event Name: Ministry Invitational Friendly Tournament | Sport: Footbal...
2026-03-27 00:55:01 [INFO]   Record 08: Event ID: EVT6669 | Event Name: Qatar Olympic Training Camp Evaluation | Sport: Athletics ...
2026-03-27 00:55:01 [INFO]   Record 09: Event ID: EVT7554 | Event Name: Asian Qualifiers Warm-up Match | Sport: Athletics | Venue:...
2026-03-27 00:55:01 [INFO]   Record 10: Event ID: EVT3418 | Event Name: Qatar Schools Football League | Sport: Volleyball | Venue:...
2026-03-27 00:55:01 [INFO] ------------------------------------------------------------------
2026-03-27 00:55:01 [INFO] File written successfully.
2026-03-27 00:55:01 [INFO]   Full path : /home/cloudera/mos_qatar_demo_poc/landing/mos_sports_events_20260327_005501.txt
2026-03-27 00:55:01 [INFO]   Size      : 2585 bytes
2026-03-27 00:55:01 [INFO]   Records   : 10
2026-03-27 00:55:01 [INFO] ==================================================================
2026-03-27 00:55:01 [INFO]   Generator Completed Successfully
2026-03-27 00:55:01 [INFO] ==================================================================
