2026-03-27 20:52:02 [INFO] ==================================================================
2026-03-27 20:52:02 [INFO]   MOS Qatar Demo - Sports Data Generator
2026-03-27 20:52:02 [INFO] ==================================================================
2026-03-27 20:52:02 [INFO] Config file   : /home/cloudera/mos_qatar_demo_poc/config/mos_qatar_demo.ini
2026-03-27 20:52:02 [INFO] Landing dir   : /home/cloudera/mos_qatar_demo_poc/landing
2026-03-27 20:52:02 [INFO] Output file   : mos_sports_events_20260327_205202.txt
2026-03-27 20:52:02 [INFO] Records count : 5
2026-03-27 20:52:02 [INFO] ------------------------------------------------------------------
2026-03-27 20:52:02 [INFO]   Record 01: Event ID: EVT3835 | Event Name: Qatar Olympic Training Camp Evaluation | Sport: Football |...
2026-03-27 20:52:02 [INFO]   Record 02: Event ID: EVT2339 | Event Name: Gulf Youth Cup Round 2 | Sport: Football | Venue: Aspire Z...
2026-03-27 20:52:02 [INFO]   Record 03: Event ID: EVT6909 | Event Name: Qatar Under-20 Development League | Sport: Football | Venu...
2026-03-27 20:52:02 [INFO]   Record 04: Event ID: EVT6212 | Event Name: GCC Club Championship Semi Final | Sport: Football | Venue...
2026-03-27 20:52:02 [INFO]   Record 05: Event ID: EVT9274 | Event Name: Arab Nations Championship Group Stage | Sport: Football | ...
2026-03-27 20:52:02 [INFO] ------------------------------------------------------------------
2026-03-27 20:52:02 [INFO] File written successfully.
2026-03-27 20:52:02 [INFO]   Full path : /home/cloudera/mos_qatar_demo_poc/landing/mos_sports_events_20260327_205202.txt
2026-03-27 20:52:02 [INFO]   Size      : 1299 bytes
2026-03-27 20:52:02 [INFO]   Records   : 5
2026-03-27 20:52:02 [INFO] ==================================================================
2026-03-27 20:52:02 [INFO]   Generator Completed Successfully
2026-03-27 20:52:02 [INFO] ==================================================================
