2026-03-25 16:31:01 [INFO] ==================================================================
2026-03-25 16:31:01 [INFO]   MOS Qatar Demo - Sports Data Generator
2026-03-25 16:31:01 [INFO] ==================================================================
2026-03-25 16:31:01 [INFO] Config file   : /home/cloudera/mos_qatar_demo_poc/config/mos_qatar_demo.ini
2026-03-25 16:31:01 [INFO] Landing dir   : /home/cloudera/mos_qatar_demo_poc/landing
2026-03-25 16:31:01 [INFO] Output file   : mos_sports_events_20260325_163101.txt
2026-03-25 16:31:01 [INFO] Records count : 9
2026-03-25 16:31:01 [INFO] ------------------------------------------------------------------
2026-03-25 16:31:01 [INFO]   Record 01: Event ID: EVT3596 | Event Name: Ministry Youth Sports Day | Sport: Volleyball | Venue: Al ...
2026-03-25 16:31:01 [INFO]   Record 02: Event ID: EVT2438 | Event Name: Qatar Under-20 Development League | Sport: Basketball | Ve...
2026-03-25 16:31:01 [INFO]   Record 03: Event ID: EVT6886 | Event Name: Qatar Premier League Match Day 8 | Sport: Football | Venue...
2026-03-25 16:31:01 [INFO]   Record 04: Event ID: EVT1709 | Event Name: Gulf Youth Cup Round 2 | Sport: Football | Venue: Khalifa ...
2026-03-25 16:31:01 [INFO]   Record 05: Event ID: EVT9102 | Event Name: Qatar Olympic Training Camp Evaluation | Sport: Football |...
2026-03-25 16:31:01 [INFO]   Record 06: Event ID: EVT1983 | Event Name: Gulf Youth Cup Quarter Final | Sport: Football | Venue: Al...
2026-03-25 16:31:01 [INFO]   Record 07: Event ID: EVT5179 | Event Name: Doha Sports Festival Opening Match | Sport: Football | Ven...
2026-03-25 16:31:01 [INFO]   Record 08: Event ID: EVT9237 | Event Name: National Day Football Celebration | Sport: Handball | Venu...
2026-03-25 16:31:01 [INFO]   Record 09: Event ID: EVT8508 | Event Name: National Team Preparation Match | Sport: Football | Venue:...
2026-03-25 16:31:01 [INFO] ------------------------------------------------------------------
2026-03-25 16:31:01 [INFO] File written successfully.
2026-03-25 16:31:01 [INFO]   Full path : /home/cloudera/mos_qatar_demo_poc/landing/mos_sports_events_20260325_163101.txt
2026-03-25 16:31:01 [INFO]   Size      : 2312 bytes
2026-03-25 16:31:01 [INFO]   Records   : 9
2026-03-25 16:31:01 [INFO] ==================================================================
2026-03-25 16:31:01 [INFO]   Generator Completed Successfully
2026-03-25 16:31:01 [INFO] ==================================================================
