2026-03-26 02:17:01 [INFO] ==================================================================
2026-03-26 02:17:01 [INFO]   MOS Qatar Demo - Sports Data Generator
2026-03-26 02:17:01 [INFO] ==================================================================
2026-03-26 02:17:01 [INFO] Config file   : /home/cloudera/mos_qatar_demo_poc/config/mos_qatar_demo.ini
2026-03-26 02:17:01 [INFO] Landing dir   : /home/cloudera/mos_qatar_demo_poc/landing
2026-03-26 02:17:01 [INFO] Output file   : mos_sports_events_20260326_021701.txt
2026-03-26 02:17:01 [INFO] Records count : 5
2026-03-26 02:17:01 [INFO] ------------------------------------------------------------------
2026-03-26 02:17:01 [INFO]   Record 01: Event ID: EVT7039 | Event Name: Ramadan Football Festival | Sport: Volleyball | Venue: Al ...
2026-03-26 02:17:01 [INFO]   Record 02: Event ID: EVT9845 | Event Name: GCC Club Championship Quarter Final | Sport: Swimming | Ve...
2026-03-26 02:17:01 [INFO]   Record 03: Event ID: EVT8650 | Event Name: GCC Club Championship Final | Sport: Football | Venue: Lus...
2026-03-26 02:17:01 [INFO]   Record 04: Event ID: EVT1795 | Event Name: Ministry Youth Sports Day | Sport: Handball | Venue: Educa...
2026-03-26 02:17:01 [INFO]   Record 05: Event ID: EVT2055 | Event Name: Arab Nations Championship Semi Final | Sport: Swimming | V...
2026-03-26 02:17:01 [INFO] ------------------------------------------------------------------
2026-03-26 02:17:01 [INFO] File written successfully.
2026-03-26 02:17:01 [INFO]   Full path : /home/cloudera/mos_qatar_demo_poc/landing/mos_sports_events_20260326_021701.txt
2026-03-26 02:17:01 [INFO]   Size      : 1314 bytes
2026-03-26 02:17:01 [INFO]   Records   : 5
2026-03-26 02:17:01 [INFO] ==================================================================
2026-03-26 02:17:01 [INFO]   Generator Completed Successfully
2026-03-26 02:17:01 [INFO] ==================================================================
