2026-03-24 21:03:02 [INFO] ==================================================================
2026-03-24 21:03:02 [INFO]   MOS Qatar Demo - Sports Data Generator
2026-03-24 21:03:02 [INFO] ==================================================================
2026-03-24 21:03:02 [INFO] Config file   : /home/cloudera/mos_qatar_demo_poc/config/mos_qatar_demo.ini
2026-03-24 21:03:02 [INFO] Landing dir   : /home/cloudera/mos_qatar_demo_poc/landing
2026-03-24 21:03:02 [INFO] Output file   : mos_sports_events_20260324_210302.txt
2026-03-24 21:03:02 [INFO] Records count : 8
2026-03-24 21:03:02 [INFO] ------------------------------------------------------------------
2026-03-24 21:03:02 [INFO]   Record 01: Event ID: EVT7409 | Event Name: National Day Football Celebration | Sport: Football | Venu...
2026-03-24 21:03:02 [INFO]   Record 02: Event ID: EVT6906 | Event Name: MOS Annual Charity Football Gala | Sport: Football | Venue...
2026-03-24 21:03:02 [INFO]   Record 03: Event ID: EVT6552 | Event Name: GCC Club Championship Final | Sport: Football | Venue: Ahm...
2026-03-24 21:03:02 [INFO]   Record 04: Event ID: EVT6067 | Event Name: Ramadan Football Festival | Sport: Football | Venue: Al Th...
2026-03-24 21:03:02 [INFO]   Record 05: Event ID: EVT2567 | Event Name: Arab Nations Championship Group Stage | Sport: Basketball ...
2026-03-24 21:03:02 [INFO]   Record 06: Event ID: EVT4394 | Event Name: Asian Qualifiers Warm-up Match | Sport: Athletics | Venue:...
2026-03-24 21:03:02 [INFO]   Record 07: Event ID: EVT2401 | Event Name: National Team Preparation Match | Sport: Football | Venue:...
2026-03-24 21:03:02 [INFO]   Record 08: Event ID: EVT4858 | Event Name: Doha Sports Festival Opening Match | Sport: Football | Ven...
2026-03-24 21:03:02 [INFO] ------------------------------------------------------------------
2026-03-24 21:03:02 [INFO] File written successfully.
2026-03-24 21:03:02 [INFO]   Full path : /home/cloudera/mos_qatar_demo_poc/landing/mos_sports_events_20260324_210302.txt
2026-03-24 21:03:02 [INFO]   Size      : 2035 bytes
2026-03-24 21:03:02 [INFO]   Records   : 8
2026-03-24 21:03:02 [INFO] ==================================================================
2026-03-24 21:03:02 [INFO]   Generator Completed Successfully
2026-03-24 21:03:02 [INFO] ==================================================================
