2026-03-25 20:21:01 [INFO] ==================================================================
2026-03-25 20:21:01 [INFO]   MOS Qatar Demo - Sports Data Generator
2026-03-25 20:21:01 [INFO] ==================================================================
2026-03-25 20:21:01 [INFO] Config file   : /home/cloudera/mos_qatar_demo_poc/config/mos_qatar_demo.ini
2026-03-25 20:21:01 [INFO] Landing dir   : /home/cloudera/mos_qatar_demo_poc/landing
2026-03-25 20:21:01 [INFO] Output file   : mos_sports_events_20260325_202101.txt
2026-03-25 20:21:01 [INFO] Records count : 7
2026-03-25 20:21:01 [INFO] ------------------------------------------------------------------
2026-03-25 20:21:01 [INFO]   Record 01: Event ID: EVT4634 | Event Name: GCC Club Championship Semi Final | Sport: Handball | Venue...
2026-03-25 20:21:01 [INFO]   Record 02: Event ID: EVT9835 | Event Name: Gulf Youth Cup Round 1 | Sport: Football | Venue: Qatar Sp...
2026-03-25 20:21:01 [INFO]   Record 03: Event ID: EVT5113 | Event Name: National Team Preparation Match | Sport: Volleyball | Venu...
2026-03-25 20:21:01 [INFO]   Record 04: Event ID: EVT2909 | Event Name: Qatar Schools Football League | Sport: Athletics | Venue: ...
2026-03-25 20:21:01 [INFO]   Record 05: Event ID: EVT4424 | Event Name: GCC Club Championship Quarter Final | Sport: Basketball | ...
2026-03-25 20:21:01 [INFO]   Record 06: Event ID: EVT6417 | Event Name: Gulf Cup Qualifier Round 1 | Sport: Volleyball | Venue: Ed...
2026-03-25 20:21:01 [INFO]   Record 07: Event ID: EVT1833 | Event Name: Gulf Youth Cup Quarter Final | Sport: Basketball | Venue: ...
2026-03-25 20:21:01 [INFO] ------------------------------------------------------------------
2026-03-25 20:21:01 [INFO] File written successfully.
2026-03-25 20:21:01 [INFO]   Full path : /home/cloudera/mos_qatar_demo_poc/landing/mos_sports_events_20260325_202101.txt
2026-03-25 20:21:01 [INFO]   Size      : 1815 bytes
2026-03-25 20:21:01 [INFO]   Records   : 7
2026-03-25 20:21:01 [INFO] ==================================================================
2026-03-25 20:21:01 [INFO]   Generator Completed Successfully
2026-03-25 20:21:01 [INFO] ==================================================================
