2026-03-25 00:29:02 [INFO] ==================================================================
2026-03-25 00:29:02 [INFO]   MOS Qatar Demo - Sports Data Generator
2026-03-25 00:29:02 [INFO] ==================================================================
2026-03-25 00:29:02 [INFO] Config file   : /home/cloudera/mos_qatar_demo_poc/config/mos_qatar_demo.ini
2026-03-25 00:29:02 [INFO] Landing dir   : /home/cloudera/mos_qatar_demo_poc/landing
2026-03-25 00:29:02 [INFO] Output file   : mos_sports_events_20260325_002902.txt
2026-03-25 00:29:02 [INFO] Records count : 9
2026-03-25 00:29:02 [INFO] ------------------------------------------------------------------
2026-03-25 00:29:02 [INFO]   Record 01: Event ID: EVT9800 | Event Name: Qatar Schools Football League | Sport: Athletics | Venue: ...
2026-03-25 00:29:02 [INFO]   Record 02: Event ID: EVT2038 | Event Name: Doha Sports Festival Opening Match | Sport: Football | Ven...
2026-03-25 00:29:02 [INFO]   Record 03: Event ID: EVT5171 | Event Name: GCC Club Championship Semi Final | Sport: Handball | Venue...
2026-03-25 00:29:02 [INFO]   Record 04: Event ID: EVT4528 | Event Name: Gulf Youth Cup Semi Final | Sport: Basketball | Venue: Lus...
2026-03-25 00:29:02 [INFO]   Record 05: Event ID: EVT7763 | Event Name: National Day Football Celebration | Sport: Basketball | Ve...
2026-03-25 00:29:02 [INFO]   Record 06: Event ID: EVT7082 | Event Name: Ministry Youth Sports Day | Sport: Basketball | Venue: Kha...
2026-03-25 00:29:02 [INFO]   Record 07: Event ID: EVT2866 | Event Name: GCC Club Championship Final | Sport: Swimming | Venue: Al ...
2026-03-25 00:29:02 [INFO]   Record 08: Event ID: EVT4136 | Event Name: MOS Annual Charity Football Gala | Sport: Basketball | Ven...
2026-03-25 00:29:02 [INFO]   Record 09: Event ID: EVT8555 | Event Name: Ministry Youth Sports Day | Sport: Swimming | Venue: Al Ba...
2026-03-25 00:29:02 [INFO] ------------------------------------------------------------------
2026-03-25 00:29:02 [INFO] File written successfully.
2026-03-25 00:29:02 [INFO]   Full path : /home/cloudera/mos_qatar_demo_poc/landing/mos_sports_events_20260325_002902.txt
2026-03-25 00:29:02 [INFO]   Size      : 2322 bytes
2026-03-25 00:29:02 [INFO]   Records   : 9
2026-03-25 00:29:02 [INFO] ==================================================================
2026-03-25 00:29:02 [INFO]   Generator Completed Successfully
2026-03-25 00:29:02 [INFO] ==================================================================
