2026-03-25 10:11:01 [INFO] ==================================================================
2026-03-25 10:11:01 [INFO]   MOS Qatar Demo - Sports Data Generator
2026-03-25 10:11:01 [INFO] ==================================================================
2026-03-25 10:11:01 [INFO] Config file   : /home/cloudera/mos_qatar_demo_poc/config/mos_qatar_demo.ini
2026-03-25 10:11:01 [INFO] Landing dir   : /home/cloudera/mos_qatar_demo_poc/landing
2026-03-25 10:11:01 [INFO] Output file   : mos_sports_events_20260325_101101.txt
2026-03-25 10:11:01 [INFO] Records count : 9
2026-03-25 10:11:01 [INFO] ------------------------------------------------------------------
2026-03-25 10:11:01 [INFO]   Record 01: Event ID: EVT2634 | Event Name: Doha Sports Festival Opening Match | Sport: Athletics | Ve...
2026-03-25 10:11:01 [INFO]   Record 02: Event ID: EVT2261 | Event Name: Arab Nations Championship Group Stage | Sport: Volleyball ...
2026-03-25 10:11:01 [INFO]   Record 03: Event ID: EVT5350 | Event Name: Qatar Premier League Match Day 12 | Sport: Football | Venu...
2026-03-25 10:11:01 [INFO]   Record 04: Event ID: EVT3294 | Event Name: Gulf Youth Cup Final | Sport: Handball | Venue: Al Bayt St...
2026-03-25 10:11:01 [INFO]   Record 05: Event ID: EVT9379 | Event Name: Qatar Premier League Match Day 5 | Sport: Football | Venue...
2026-03-25 10:11:01 [INFO]   Record 06: Event ID: EVT6121 | Event Name: Asian Qualifiers Warm-up Match | Sport: Basketball | Venue...
2026-03-25 10:11:01 [INFO]   Record 07: Event ID: EVT7109 | Event Name: Qatar Premier League Match Day 5 | Sport: Volleyball | Ven...
2026-03-25 10:11:01 [INFO]   Record 08: Event ID: EVT8773 | Event Name: Gulf Youth Cup Quarter Final | Sport: Handball | Venue: Lu...
2026-03-25 10:11:01 [INFO]   Record 09: Event ID: EVT2798 | Event Name: Ministry Invitational Friendly Tournament | Sport: Athleti...
2026-03-25 10:11:01 [INFO] ------------------------------------------------------------------
2026-03-25 10:11:01 [INFO] File written successfully.
2026-03-25 10:11:01 [INFO]   Full path : /home/cloudera/mos_qatar_demo_poc/landing/mos_sports_events_20260325_101101.txt
2026-03-25 10:11:01 [INFO]   Size      : 2324 bytes
2026-03-25 10:11:01 [INFO]   Records   : 9
2026-03-25 10:11:01 [INFO] ==================================================================
2026-03-25 10:11:01 [INFO]   Generator Completed Successfully
2026-03-25 10:11:01 [INFO] ==================================================================
