2026-03-25 16:17:02 [INFO] ==================================================================
2026-03-25 16:17:02 [INFO]   MOS Qatar Demo - Sports Data Generator
2026-03-25 16:17:02 [INFO] ==================================================================
2026-03-25 16:17:02 [INFO] Config file   : /home/cloudera/mos_qatar_demo_poc/config/mos_qatar_demo.ini
2026-03-25 16:17:02 [INFO] Landing dir   : /home/cloudera/mos_qatar_demo_poc/landing
2026-03-25 16:17:02 [INFO] Output file   : mos_sports_events_20260325_161702.txt
2026-03-25 16:17:02 [INFO] Records count : 6
2026-03-25 16:17:02 [INFO] ------------------------------------------------------------------
2026-03-25 16:17:02 [INFO]   Record 01: Event ID: EVT1816 | Event Name: Gulf Cup Qualifier Round 1 | Sport: Football | Venue: Al T...
2026-03-25 16:17:02 [INFO]   Record 02: Event ID: EVT3369 | Event Name: GCC Club Championship Semi Final | Sport: Football | Venue...
2026-03-25 16:17:02 [INFO]   Record 03: Event ID: EVT8690 | Event Name: Qatar Under-20 Development League | Sport: Athletics | Ven...
2026-03-25 16:17:02 [INFO]   Record 04: Event ID: EVT3355 | Event Name: Qatar Cup Semi Final | Sport: Athletics | Venue: Qatar Spo...
2026-03-25 16:17:02 [INFO]   Record 05: Event ID: EVT9441 | Event Name: Gulf Youth Cup Final | Sport: Basketball | Venue: Educatio...
2026-03-25 16:17:02 [INFO]   Record 06: Event ID: EVT7900 | Event Name: Doha Sports Festival Opening Match | Sport: Football | Ven...
2026-03-25 16:17:02 [INFO] ------------------------------------------------------------------
2026-03-25 16:17:02 [INFO] File written successfully.
2026-03-25 16:17:02 [INFO]   Full path : /home/cloudera/mos_qatar_demo_poc/landing/mos_sports_events_20260325_161702.txt
2026-03-25 16:17:02 [INFO]   Size      : 1555 bytes
2026-03-25 16:17:02 [INFO]   Records   : 6
2026-03-25 16:17:02 [INFO] ==================================================================
2026-03-25 16:17:02 [INFO]   Generator Completed Successfully
2026-03-25 16:17:02 [INFO] ==================================================================
