2026-03-25 04:00:02 [INFO] ==================================================================
2026-03-25 04:00:02 [INFO]   MOS Qatar Demo - Sports Data Generator
2026-03-25 04:00:02 [INFO] ==================================================================
2026-03-25 04:00:02 [INFO] Config file   : /home/cloudera/mos_qatar_demo_poc/config/mos_qatar_demo.ini
2026-03-25 04:00:02 [INFO] Landing dir   : /home/cloudera/mos_qatar_demo_poc/landing
2026-03-25 04:00:02 [INFO] Output file   : mos_sports_events_20260325_040002.txt
2026-03-25 04:00:02 [INFO] Records count : 8
2026-03-25 04:00:02 [INFO] ------------------------------------------------------------------
2026-03-25 04:00:02 [INFO]   Record 01: Event ID: EVT1482 | Event Name: Gulf Youth Cup Round 1 | Sport: Football | Venue: Qatar Sp...
2026-03-25 04:00:02 [INFO]   Record 02: Event ID: EVT2444 | Event Name: Doha Sports Festival Opening Match | Sport: Football | Ven...
2026-03-25 04:00:02 [INFO]   Record 03: Event ID: EVT5632 | Event Name: Asian Qualifiers Warm-up Match | Sport: Football | Venue: ...
2026-03-25 04:00:02 [INFO]   Record 04: Event ID: EVT4385 | Event Name: Gulf Cup Qualifier Round 1 | Sport: Handball | Venue: Educ...
2026-03-25 04:00:02 [INFO]   Record 05: Event ID: EVT2378 | Event Name: Qatar Cup Semi Final | Sport: Swimming | Venue: Al Janoub ...
2026-03-25 04:00:02 [INFO]   Record 06: Event ID: EVT3772 | Event Name: Qatar Premier League Match Day 8 | Sport: Volleyball | Ven...
2026-03-25 04:00:02 [INFO]   Record 07: Event ID: EVT9671 | Event Name: Qatar Cup Final | Sport: Football | Venue: Al Janoub Stadi...
2026-03-25 04:00:02 [INFO]   Record 08: Event ID: EVT7293 | Event Name: GCC Club Championship Final | Sport: Swimming | Venue: Asp...
2026-03-25 04:00:02 [INFO] ------------------------------------------------------------------
2026-03-25 04:00:02 [INFO] File written successfully.
2026-03-25 04:00:02 [INFO]   Full path : /home/cloudera/mos_qatar_demo_poc/landing/mos_sports_events_20260325_040002.txt
2026-03-25 04:00:02 [INFO]   Size      : 2038 bytes
2026-03-25 04:00:02 [INFO]   Records   : 8
2026-03-25 04:00:02 [INFO] ==================================================================
2026-03-25 04:00:02 [INFO]   Generator Completed Successfully
2026-03-25 04:00:02 [INFO] ==================================================================
