2026-03-27 12:41:01 [INFO] ==================================================================
2026-03-27 12:41:01 [INFO]   MOS Qatar Demo - Sports Data Generator
2026-03-27 12:41:01 [INFO] ==================================================================
2026-03-27 12:41:01 [INFO] Config file   : /home/cloudera/mos_qatar_demo_poc/config/mos_qatar_demo.ini
2026-03-27 12:41:01 [INFO] Landing dir   : /home/cloudera/mos_qatar_demo_poc/landing
2026-03-27 12:41:01 [INFO] Output file   : mos_sports_events_20260327_124101.txt
2026-03-27 12:41:01 [INFO] Records count : 10
2026-03-27 12:41:01 [INFO] ------------------------------------------------------------------
2026-03-27 12:41:01 [INFO]   Record 01: Event ID: EVT2940 | Event Name: Gulf Youth Cup Round 2 | Sport: Football | Venue: Al Wakra...
2026-03-27 12:41:01 [INFO]   Record 02: Event ID: EVT3435 | Event Name: Gulf Youth Cup Semi Final | Sport: Volleyball | Venue: Al ...
2026-03-27 12:41:01 [INFO]   Record 03: Event ID: EVT7545 | Event Name: GCC Club Championship Quarter Final | Sport: Volleyball | ...
2026-03-27 12:41:01 [INFO]   Record 04: Event ID: EVT6579 | Event Name: Gulf Youth Cup Round 1 | Sport: Basketball | Venue: Qatar ...
2026-03-27 12:41:01 [INFO]   Record 05: Event ID: EVT1635 | Event Name: Gulf Youth Cup Round 2 | Sport: Football | Venue: Aspire Z...
2026-03-27 12:41:01 [INFO]   Record 06: Event ID: EVT1563 | Event Name: Ministry Invitational Friendly Tournament | Sport: Footbal...
2026-03-27 12:41:01 [INFO]   Record 07: Event ID: EVT1162 | Event Name: Gulf Cup Qualifier Round 1 | Sport: Volleyball | Venue: Al...
2026-03-27 12:41:01 [INFO]   Record 08: Event ID: EVT4563 | Event Name: Doha Sports Festival Opening Match | Sport: Volleyball | V...
2026-03-27 12:41:01 [INFO]   Record 09: Event ID: EVT7258 | Event Name: Qatar Cup Semi Final | Sport: Football | Venue: Al Bayt St...
2026-03-27 12:41:01 [INFO]   Record 10: Event ID: EVT9790 | Event Name: Asian Qualifiers Warm-up Match | Sport: Football | Venue: ...
2026-03-27 12:41:01 [INFO] ------------------------------------------------------------------
2026-03-27 12:41:01 [INFO] File written successfully.
2026-03-27 12:41:01 [INFO]   Full path : /home/cloudera/mos_qatar_demo_poc/landing/mos_sports_events_20260327_124101.txt
2026-03-27 12:41:01 [INFO]   Size      : 2555 bytes
2026-03-27 12:41:01 [INFO]   Records   : 10
2026-03-27 12:41:01 [INFO] ==================================================================
2026-03-27 12:41:01 [INFO]   Generator Completed Successfully
2026-03-27 12:41:01 [INFO] ==================================================================
