2026-03-26 12:26:01 [INFO] ==================================================================
2026-03-26 12:26:01 [INFO]   MOS Qatar Demo - Sports Data Generator
2026-03-26 12:26:01 [INFO] ==================================================================
2026-03-26 12:26:01 [INFO] Config file   : /home/cloudera/mos_qatar_demo_poc/config/mos_qatar_demo.ini
2026-03-26 12:26:01 [INFO] Landing dir   : /home/cloudera/mos_qatar_demo_poc/landing
2026-03-26 12:26:01 [INFO] Output file   : mos_sports_events_20260326_122601.txt
2026-03-26 12:26:01 [INFO] Records count : 10
2026-03-26 12:26:01 [INFO] ------------------------------------------------------------------
2026-03-26 12:26:01 [INFO]   Record 01: Event ID: EVT8621 | Event Name: Gulf Youth Cup Quarter Final | Sport: Football | Venue: Kh...
2026-03-26 12:26:01 [INFO]   Record 02: Event ID: EVT8005 | Event Name: Doha Sports Festival Opening Match | Sport: Swimming | Ven...
2026-03-26 12:26:01 [INFO]   Record 03: Event ID: EVT8700 | Event Name: Qatar Premier League Match Day 8 | Sport: Football | Venue...
2026-03-26 12:26:01 [INFO]   Record 04: Event ID: EVT8694 | Event Name: Arab Nations Championship Group Stage | Sport: Football | ...
2026-03-26 12:26:01 [INFO]   Record 05: Event ID: EVT4386 | Event Name: Ministry Youth Sports Day | Sport: Swimming | Venue: Lusai...
2026-03-26 12:26:01 [INFO]   Record 06: Event ID: EVT5627 | Event Name: GCC Club Championship Quarter Final | Sport: Football | Ve...
2026-03-26 12:26:01 [INFO]   Record 07: Event ID: EVT8367 | Event Name: Qatar Premier League Match Day 12 | Sport: Volleyball | Ve...
2026-03-26 12:26:01 [INFO]   Record 08: Event ID: EVT8902 | Event Name: FIFA World Cup Qatar Legacy Match | Sport: Swimming | Venu...
2026-03-26 12:26:01 [INFO]   Record 09: Event ID: EVT5888 | Event Name: Qatar Olympic Training Camp Evaluation | Sport: Handball |...
2026-03-26 12:26:01 [INFO]   Record 10: Event ID: EVT7158 | Event Name: Qatar Premier League Match Day 12 | Sport: Football | Venu...
2026-03-26 12:26:01 [INFO] ------------------------------------------------------------------
2026-03-26 12:26:01 [INFO] File written successfully.
2026-03-26 12:26:01 [INFO]   Full path : /home/cloudera/mos_qatar_demo_poc/landing/mos_sports_events_20260326_122601.txt
2026-03-26 12:26:01 [INFO]   Size      : 2631 bytes
2026-03-26 12:26:01 [INFO]   Records   : 10
2026-03-26 12:26:01 [INFO] ==================================================================
2026-03-26 12:26:01 [INFO]   Generator Completed Successfully
2026-03-26 12:26:01 [INFO] ==================================================================
