2026-03-27 11:58:02 [INFO] ==================================================================
2026-03-27 11:58:02 [INFO]   MOS Qatar Demo - Sports Data Generator
2026-03-27 11:58:02 [INFO] ==================================================================
2026-03-27 11:58:02 [INFO] Config file   : /home/cloudera/mos_qatar_demo_poc/config/mos_qatar_demo.ini
2026-03-27 11:58:02 [INFO] Landing dir   : /home/cloudera/mos_qatar_demo_poc/landing
2026-03-27 11:58:02 [INFO] Output file   : mos_sports_events_20260327_115802.txt
2026-03-27 11:58:02 [INFO] Records count : 6
2026-03-27 11:58:02 [INFO] ------------------------------------------------------------------
2026-03-27 11:58:02 [INFO]   Record 01: Event ID: EVT4072 | Event Name: Gulf Youth Cup Round 2 | Sport: Handball | Venue: Al Thuma...
2026-03-27 11:58:02 [INFO]   Record 02: Event ID: EVT2343 | Event Name: Gulf Youth Cup Round 1 | Sport: Swimming | Venue: Al Thuma...
2026-03-27 11:58:02 [INFO]   Record 03: Event ID: EVT2565 | Event Name: Qatar Olympic Training Camp Evaluation | Sport: Basketball...
2026-03-27 11:58:02 [INFO]   Record 04: Event ID: EVT3191 | Event Name: National Day Football Celebration | Sport: Football | Venu...
2026-03-27 11:58:02 [INFO]   Record 05: Event ID: EVT2296 | Event Name: Qatar Schools Football League | Sport: Athletics | Venue: ...
2026-03-27 11:58:02 [INFO]   Record 06: Event ID: EVT1451 | Event Name: Arab Nations Championship Group Stage | Sport: Football | ...
2026-03-27 11:58:02 [INFO] ------------------------------------------------------------------
2026-03-27 11:58:02 [INFO] File written successfully.
2026-03-27 11:58:02 [INFO]   Full path : /home/cloudera/mos_qatar_demo_poc/landing/mos_sports_events_20260327_115802.txt
2026-03-27 11:58:02 [INFO]   Size      : 1556 bytes
2026-03-27 11:58:02 [INFO]   Records   : 6
2026-03-27 11:58:02 [INFO] ==================================================================
2026-03-27 11:58:02 [INFO]   Generator Completed Successfully
2026-03-27 11:58:02 [INFO] ==================================================================
