2026-03-24 20:00:01 [INFO] ==================================================================
2026-03-24 20:00:01 [INFO]   MOS Qatar Demo - Sports Data Generator
2026-03-24 20:00:01 [INFO] ==================================================================
2026-03-24 20:00:01 [INFO] Config file   : /home/cloudera/mos_qatar_demo_poc/config/mos_qatar_demo.ini
2026-03-24 20:00:01 [INFO] Landing dir   : /home/cloudera/mos_qatar_demo_poc/landing
2026-03-24 20:00:01 [INFO] Output file   : mos_sports_events_20260324_200001.txt
2026-03-24 20:00:01 [INFO] Records count : 7
2026-03-24 20:00:01 [INFO] ------------------------------------------------------------------
2026-03-24 20:00:01 [INFO]   Record 01: Event ID: EVT8389 | Event Name: National Team Preparation Match | Sport: Swimming | Venue:...
2026-03-24 20:00:01 [INFO]   Record 02: Event ID: EVT2331 | Event Name: Ramadan Football Festival | Sport: Athletics | Venue: Aspi...
2026-03-24 20:00:01 [INFO]   Record 03: Event ID: EVT6393 | Event Name: Gulf Youth Cup Quarter Final | Sport: Handball | Venue: Al...
2026-03-24 20:00:01 [INFO]   Record 04: Event ID: EVT9892 | Event Name: Ministry Invitational Friendly Tournament | Sport: Footbal...
2026-03-24 20:00:01 [INFO]   Record 05: Event ID: EVT5408 | Event Name: National Day Football Celebration | Sport: Football | Venu...
2026-03-24 20:00:01 [INFO]   Record 06: Event ID: EVT3645 | Event Name: Qatar Schools Football League | Sport: Basketball | Venue:...
2026-03-24 20:00:01 [INFO]   Record 07: Event ID: EVT7493 | Event Name: Arab Nations Championship Group Stage | Sport: Athletics |...
2026-03-24 20:00:01 [INFO] ------------------------------------------------------------------
2026-03-24 20:00:01 [INFO] File written successfully.
2026-03-24 20:00:01 [INFO]   Full path : /home/cloudera/mos_qatar_demo_poc/landing/mos_sports_events_20260324_200001.txt
2026-03-24 20:00:01 [INFO]   Size      : 1817 bytes
2026-03-24 20:00:01 [INFO]   Records   : 7
2026-03-24 20:00:01 [INFO] ==================================================================
2026-03-24 20:00:01 [INFO]   Generator Completed Successfully
2026-03-24 20:00:01 [INFO] ==================================================================
