2026-03-26 11:09:01 [INFO] ==================================================================
2026-03-26 11:09:01 [INFO]   MOS Qatar Demo - Sports Data Generator
2026-03-26 11:09:01 [INFO] ==================================================================
2026-03-26 11:09:01 [INFO] Config file   : /home/cloudera/mos_qatar_demo_poc/config/mos_qatar_demo.ini
2026-03-26 11:09:01 [INFO] Landing dir   : /home/cloudera/mos_qatar_demo_poc/landing
2026-03-26 11:09:01 [INFO] Output file   : mos_sports_events_20260326_110901.txt
2026-03-26 11:09:01 [INFO] Records count : 7
2026-03-26 11:09:01 [INFO] ------------------------------------------------------------------
2026-03-26 11:09:01 [INFO]   Record 01: Event ID: EVT2195 | Event Name: Ministry Youth Sports Day | Sport: Swimming | Venue: Qatar...
2026-03-26 11:09:01 [INFO]   Record 02: Event ID: EVT3992 | Event Name: Ramadan Football Festival | Sport: Handball | Venue: Al Ja...
2026-03-26 11:09:01 [INFO]   Record 03: Event ID: EVT1726 | Event Name: Gulf Youth Cup Round 1 | Sport: Swimming | Venue: Al Janou...
2026-03-26 11:09:01 [INFO]   Record 04: Event ID: EVT4601 | Event Name: Qatar Schools Football League | Sport: Football | Venue: A...
2026-03-26 11:09:01 [INFO]   Record 05: Event ID: EVT2338 | Event Name: Doha Sports Festival Opening Match | Sport: Football | Ven...
2026-03-26 11:09:01 [INFO]   Record 06: Event ID: EVT3605 | Event Name: Qatar Premier League Match Day 12 | Sport: Football | Venu...
2026-03-26 11:09:01 [INFO]   Record 07: Event ID: EVT8701 | Event Name: GCC Club Championship Final | Sport: Football | Venue: Al ...
2026-03-26 11:09:01 [INFO] ------------------------------------------------------------------
2026-03-26 11:09:01 [INFO] File written successfully.
2026-03-26 11:09:01 [INFO]   Full path : /home/cloudera/mos_qatar_demo_poc/landing/mos_sports_events_20260326_110901.txt
2026-03-26 11:09:01 [INFO]   Size      : 1773 bytes
2026-03-26 11:09:01 [INFO]   Records   : 7
2026-03-26 11:09:01 [INFO] ==================================================================
2026-03-26 11:09:01 [INFO]   Generator Completed Successfully
2026-03-26 11:09:01 [INFO] ==================================================================
