2026-03-26 06:36:01 [INFO] ==================================================================
2026-03-26 06:36:01 [INFO]   MOS Qatar Demo - Sports Data Generator
2026-03-26 06:36:01 [INFO] ==================================================================
2026-03-26 06:36:01 [INFO] Config file   : /home/cloudera/mos_qatar_demo_poc/config/mos_qatar_demo.ini
2026-03-26 06:36:01 [INFO] Landing dir   : /home/cloudera/mos_qatar_demo_poc/landing
2026-03-26 06:36:01 [INFO] Output file   : mos_sports_events_20260326_063601.txt
2026-03-26 06:36:01 [INFO] Records count : 6
2026-03-26 06:36:01 [INFO] ------------------------------------------------------------------
2026-03-26 06:36:01 [INFO]   Record 01: Event ID: EVT1304 | Event Name: Gulf Youth Cup Semi Final | Sport: Athletics | Venue: Ahma...
2026-03-26 06:36:01 [INFO]   Record 02: Event ID: EVT7228 | Event Name: Qatar Cup Semi Final | Sport: Football | Venue: Education ...
2026-03-26 06:36:01 [INFO]   Record 03: Event ID: EVT2048 | Event Name: Gulf Youth Cup Quarter Final | Sport: Basketball | Venue: ...
2026-03-26 06:36:01 [INFO]   Record 04: Event ID: EVT3136 | Event Name: National Day Football Celebration | Sport: Football | Venu...
2026-03-26 06:36:01 [INFO]   Record 05: Event ID: EVT6317 | Event Name: Gulf Cup Qualifier Round 1 | Sport: Football | Venue: Al W...
2026-03-26 06:36:01 [INFO]   Record 06: Event ID: EVT5030 | Event Name: FIFA World Cup Qatar Legacy Match | Sport: Handball | Venu...
2026-03-26 06:36:01 [INFO] ------------------------------------------------------------------
2026-03-26 06:36:01 [INFO] File written successfully.
2026-03-26 06:36:01 [INFO]   Full path : /home/cloudera/mos_qatar_demo_poc/landing/mos_sports_events_20260326_063601.txt
2026-03-26 06:36:01 [INFO]   Size      : 1550 bytes
2026-03-26 06:36:01 [INFO]   Records   : 6
2026-03-26 06:36:01 [INFO] ==================================================================
2026-03-26 06:36:01 [INFO]   Generator Completed Successfully
2026-03-26 06:36:01 [INFO] ==================================================================
