2026-03-25 00:46:01 [INFO] ==================================================================
2026-03-25 00:46:01 [INFO]   MOS Qatar Demo - Sports Data Generator
2026-03-25 00:46:01 [INFO] ==================================================================
2026-03-25 00:46:01 [INFO] Config file   : /home/cloudera/mos_qatar_demo_poc/config/mos_qatar_demo.ini
2026-03-25 00:46:01 [INFO] Landing dir   : /home/cloudera/mos_qatar_demo_poc/landing
2026-03-25 00:46:01 [INFO] Output file   : mos_sports_events_20260325_004601.txt
2026-03-25 00:46:01 [INFO] Records count : 8
2026-03-25 00:46:01 [INFO] ------------------------------------------------------------------
2026-03-25 00:46:01 [INFO]   Record 01: Event ID: EVT9312 | Event Name: National Team Preparation Match | Sport: Football | Venue:...
2026-03-25 00:46:01 [INFO]   Record 02: Event ID: EVT9103 | Event Name: Qatar Cup Final | Sport: Basketball | Venue: Lusail Stadiu...
2026-03-25 00:46:01 [INFO]   Record 03: Event ID: EVT9501 | Event Name: National Team Preparation Match | Sport: Football | Venue:...
2026-03-25 00:46:01 [INFO]   Record 04: Event ID: EVT2252 | Event Name: Gulf Youth Cup Final | Sport: Football | Venue: Al Janoub ...
2026-03-25 00:46:01 [INFO]   Record 05: Event ID: EVT7261 | Event Name: Qatar Premier League Match Day 5 | Sport: Handball | Venue...
2026-03-25 00:46:01 [INFO]   Record 06: Event ID: EVT9112 | Event Name: Qatar Cup Semi Final | Sport: Football | Venue: Ahmad Bin ...
2026-03-25 00:46:01 [INFO]   Record 07: Event ID: EVT1479 | Event Name: Asian Qualifiers Warm-up Match | Sport: Football | Venue: ...
2026-03-25 00:46:01 [INFO]   Record 08: Event ID: EVT5768 | Event Name: Gulf Cup Qualifier Round 1 | Sport: Football | Venue: Qata...
2026-03-25 00:46:01 [INFO] ------------------------------------------------------------------
2026-03-25 00:46:01 [INFO] File written successfully.
2026-03-25 00:46:01 [INFO]   Full path : /home/cloudera/mos_qatar_demo_poc/landing/mos_sports_events_20260325_004601.txt
2026-03-25 00:46:01 [INFO]   Size      : 2038 bytes
2026-03-25 00:46:01 [INFO]   Records   : 8
2026-03-25 00:46:01 [INFO] ==================================================================
2026-03-25 00:46:01 [INFO]   Generator Completed Successfully
2026-03-25 00:46:01 [INFO] ==================================================================
