2026-03-26 10:32:01 [INFO] ==================================================================
2026-03-26 10:32:01 [INFO]   MOS Qatar Demo - Sports Data Generator
2026-03-26 10:32:01 [INFO] ==================================================================
2026-03-26 10:32:01 [INFO] Config file   : /home/cloudera/mos_qatar_demo_poc/config/mos_qatar_demo.ini
2026-03-26 10:32:01 [INFO] Landing dir   : /home/cloudera/mos_qatar_demo_poc/landing
2026-03-26 10:32:01 [INFO] Output file   : mos_sports_events_20260326_103201.txt
2026-03-26 10:32:01 [INFO] Records count : 4
2026-03-26 10:32:01 [INFO] ------------------------------------------------------------------
2026-03-26 10:32:01 [INFO]   Record 01: Event ID: EVT9434 | Event Name: Ministry Invitational Friendly Tournament | Sport: Basketb...
2026-03-26 10:32:01 [INFO]   Record 02: Event ID: EVT1198 | Event Name: Qatar Premier League Match Day 12 | Sport: Football | Venu...
2026-03-26 10:32:01 [INFO]   Record 03: Event ID: EVT9039 | Event Name: Qatar Cup Final | Sport: Basketball | Venue: Education Cit...
2026-03-26 10:32:01 [INFO]   Record 04: Event ID: EVT7382 | Event Name: Doha Sports Festival Opening Match | Sport: Football | Ven...
2026-03-26 10:32:01 [INFO] ------------------------------------------------------------------
2026-03-26 10:32:01 [INFO] File written successfully.
2026-03-26 10:32:01 [INFO]   Full path : /home/cloudera/mos_qatar_demo_poc/landing/mos_sports_events_20260326_103201.txt
2026-03-26 10:32:01 [INFO]   Size      : 1031 bytes
2026-03-26 10:32:01 [INFO]   Records   : 4
2026-03-26 10:32:01 [INFO] ==================================================================
2026-03-26 10:32:01 [INFO]   Generator Completed Successfully
2026-03-26 10:32:01 [INFO] ==================================================================
