2026-03-27 06:08:01 [INFO] ==================================================================
2026-03-27 06:08:01 [INFO]   MOS Qatar Demo - Sports Data Generator
2026-03-27 06:08:01 [INFO] ==================================================================
2026-03-27 06:08:01 [INFO] Config file   : /home/cloudera/mos_qatar_demo_poc/config/mos_qatar_demo.ini
2026-03-27 06:08:01 [INFO] Landing dir   : /home/cloudera/mos_qatar_demo_poc/landing
2026-03-27 06:08:01 [INFO] Output file   : mos_sports_events_20260327_060801.txt
2026-03-27 06:08:01 [INFO] Records count : 8
2026-03-27 06:08:01 [INFO] ------------------------------------------------------------------
2026-03-27 06:08:01 [INFO]   Record 01: Event ID: EVT3905 | Event Name: GCC Club Championship Semi Final | Sport: Football | Venue...
2026-03-27 06:08:01 [INFO]   Record 02: Event ID: EVT7077 | Event Name: Asian Qualifiers Warm-up Match | Sport: Volleyball | Venue...
2026-03-27 06:08:01 [INFO]   Record 03: Event ID: EVT5259 | Event Name: Gulf Youth Cup Quarter Final | Sport: Basketball | Venue: ...
2026-03-27 06:08:01 [INFO]   Record 04: Event ID: EVT1956 | Event Name: Qatar Olympic Training Camp Evaluation | Sport: Athletics ...
2026-03-27 06:08:01 [INFO]   Record 05: Event ID: EVT8073 | Event Name: GCC Club Championship Semi Final | Sport: Athletics | Venu...
2026-03-27 06:08:01 [INFO]   Record 06: Event ID: EVT1704 | Event Name: Gulf Cup Qualifier Round 1 | Sport: Handball | Venue: Qata...
2026-03-27 06:08:01 [INFO]   Record 07: Event ID: EVT6802 | Event Name: Arab Nations Championship Semi Final | Sport: Volleyball |...
2026-03-27 06:08:01 [INFO]   Record 08: Event ID: EVT4691 | Event Name: GCC Club Championship Quarter Final | Sport: Swimming | Ve...
2026-03-27 06:08:01 [INFO] ------------------------------------------------------------------
2026-03-27 06:08:01 [INFO] File written successfully.
2026-03-27 06:08:01 [INFO]   Full path : /home/cloudera/mos_qatar_demo_poc/landing/mos_sports_events_20260327_060801.txt
2026-03-27 06:08:01 [INFO]   Size      : 2075 bytes
2026-03-27 06:08:01 [INFO]   Records   : 8
2026-03-27 06:08:01 [INFO] ==================================================================
2026-03-27 06:08:01 [INFO]   Generator Completed Successfully
2026-03-27 06:08:01 [INFO] ==================================================================
