2026-03-25 19:17:01 [INFO] ==================================================================
2026-03-25 19:17:01 [INFO]   MOS Qatar Demo - Sports Data Generator
2026-03-25 19:17:01 [INFO] ==================================================================
2026-03-25 19:17:01 [INFO] Config file   : /home/cloudera/mos_qatar_demo_poc/config/mos_qatar_demo.ini
2026-03-25 19:17:01 [INFO] Landing dir   : /home/cloudera/mos_qatar_demo_poc/landing
2026-03-25 19:17:01 [INFO] Output file   : mos_sports_events_20260325_191701.txt
2026-03-25 19:17:01 [INFO] Records count : 10
2026-03-25 19:17:01 [INFO] ------------------------------------------------------------------
2026-03-25 19:17:01 [INFO]   Record 01: Event ID: EVT2565 | Event Name: Qatar Cup Semi Final | Sport: Football | Venue: Qatar Spor...
2026-03-25 19:17:01 [INFO]   Record 02: Event ID: EVT1769 | Event Name: FIFA World Cup Qatar Legacy Match | Sport: Swimming | Venu...
2026-03-25 19:17:01 [INFO]   Record 03: Event ID: EVT5658 | Event Name: Ministry Youth Sports Day | Sport: Football | Venue: Al Ja...
2026-03-25 19:17:01 [INFO]   Record 04: Event ID: EVT8752 | Event Name: Gulf Youth Cup Round 1 | Sport: Athletics | Venue: Al Wakr...
2026-03-25 19:17:01 [INFO]   Record 05: Event ID: EVT4355 | Event Name: Qatar Premier League Match Day 12 | Sport: Handball | Venu...
2026-03-25 19:17:01 [INFO]   Record 06: Event ID: EVT5374 | Event Name: FIFA World Cup Qatar Legacy Match | Sport: Football | Venu...
2026-03-25 19:17:01 [INFO]   Record 07: Event ID: EVT4512 | Event Name: GCC Club Championship Final | Sport: Swimming | Venue: Asp...
2026-03-25 19:17:01 [INFO]   Record 08: Event ID: EVT2798 | Event Name: Qatar Under-20 Development League | Sport: Athletics | Ven...
2026-03-25 19:17:01 [INFO]   Record 09: Event ID: EVT9168 | Event Name: Gulf Youth Cup Semi Final | Sport: Football | Venue: Al Ja...
2026-03-25 19:17:01 [INFO]   Record 10: Event ID: EVT3639 | Event Name: Qatar Under-20 Development League | Sport: Basketball | Ve...
2026-03-25 19:17:01 [INFO] ------------------------------------------------------------------
2026-03-25 19:17:01 [INFO] File written successfully.
2026-03-25 19:17:01 [INFO]   Full path : /home/cloudera/mos_qatar_demo_poc/landing/mos_sports_events_20260325_191701.txt
2026-03-25 19:17:01 [INFO]   Size      : 2568 bytes
2026-03-25 19:17:01 [INFO]   Records   : 10
2026-03-25 19:17:01 [INFO] ==================================================================
2026-03-25 19:17:01 [INFO]   Generator Completed Successfully
2026-03-25 19:17:01 [INFO] ==================================================================
