2026-03-26 07:49:02 [INFO] ==================================================================
2026-03-26 07:49:02 [INFO]   MOS Qatar Demo - Sports Data Generator
2026-03-26 07:49:02 [INFO] ==================================================================
2026-03-26 07:49:02 [INFO] Config file   : /home/cloudera/mos_qatar_demo_poc/config/mos_qatar_demo.ini
2026-03-26 07:49:02 [INFO] Landing dir   : /home/cloudera/mos_qatar_demo_poc/landing
2026-03-26 07:49:02 [INFO] Output file   : mos_sports_events_20260326_074902.txt
2026-03-26 07:49:02 [INFO] Records count : 4
2026-03-26 07:49:02 [INFO] ------------------------------------------------------------------
2026-03-26 07:49:02 [INFO]   Record 01: Event ID: EVT9981 | Event Name: Gulf Youth Cup Final | Sport: Volleyball | Venue: Al Bayt ...
2026-03-26 07:49:02 [INFO]   Record 02: Event ID: EVT2777 | Event Name: Ramadan Football Festival | Sport: Athletics | Venue: Al B...
2026-03-26 07:49:02 [INFO]   Record 03: Event ID: EVT4927 | Event Name: Qatar Under-20 Development League | Sport: Football | Venu...
2026-03-26 07:49:02 [INFO]   Record 04: Event ID: EVT7179 | Event Name: Gulf Youth Cup Round 1 | Sport: Football | Venue: Al Janou...
2026-03-26 07:49:02 [INFO] ------------------------------------------------------------------
2026-03-26 07:49:02 [INFO] File written successfully.
2026-03-26 07:49:02 [INFO]   Full path : /home/cloudera/mos_qatar_demo_poc/landing/mos_sports_events_20260326_074902.txt
2026-03-26 07:49:02 [INFO]   Size      : 1015 bytes
2026-03-26 07:49:02 [INFO]   Records   : 4
2026-03-26 07:49:02 [INFO] ==================================================================
2026-03-26 07:49:02 [INFO]   Generator Completed Successfully
2026-03-26 07:49:02 [INFO] ==================================================================
