2026-03-27 22:56:02 [INFO] ==================================================================
2026-03-27 22:56:02 [INFO]   MOS Qatar Demo - Sports Data Generator
2026-03-27 22:56:02 [INFO] ==================================================================
2026-03-27 22:56:02 [INFO] Config file   : /home/cloudera/mos_qatar_demo_poc/config/mos_qatar_demo.ini
2026-03-27 22:56:02 [INFO] Landing dir   : /home/cloudera/mos_qatar_demo_poc/landing
2026-03-27 22:56:02 [INFO] Output file   : mos_sports_events_20260327_225602.txt
2026-03-27 22:56:02 [INFO] Records count : 6
2026-03-27 22:56:02 [INFO] ------------------------------------------------------------------
2026-03-27 22:56:02 [INFO]   Record 01: Event ID: EVT8439 | Event Name: Qatar Cup Final | Sport: Handball | Venue: Al Bayt Stadium...
2026-03-27 22:56:02 [INFO]   Record 02: Event ID: EVT9172 | Event Name: Qatar Premier League Match Day 8 | Sport: Athletics | Venu...
2026-03-27 22:56:02 [INFO]   Record 03: Event ID: EVT4257 | Event Name: Gulf Youth Cup Round 1 | Sport: Basketball | Venue: Educat...
2026-03-27 22:56:02 [INFO]   Record 04: Event ID: EVT1284 | Event Name: National Team Preparation Match | Sport: Football | Venue:...
2026-03-27 22:56:02 [INFO]   Record 05: Event ID: EVT2269 | Event Name: National Team Preparation Match | Sport: Handball | Venue:...
2026-03-27 22:56:02 [INFO]   Record 06: Event ID: EVT8697 | Event Name: Qatar Premier League Match Day 8 | Sport: Football | Venue...
2026-03-27 22:56:02 [INFO] ------------------------------------------------------------------
2026-03-27 22:56:02 [INFO] File written successfully.
2026-03-27 22:56:02 [INFO]   Full path : /home/cloudera/mos_qatar_demo_poc/landing/mos_sports_events_20260327_225602.txt
2026-03-27 22:56:02 [INFO]   Size      : 1549 bytes
2026-03-27 22:56:02 [INFO]   Records   : 6
2026-03-27 22:56:02 [INFO] ==================================================================
2026-03-27 22:56:02 [INFO]   Generator Completed Successfully
2026-03-27 22:56:02 [INFO] ==================================================================
