2026-03-24 21:57:01 [INFO] ==================================================================
2026-03-24 21:57:01 [INFO]   MOS Qatar Demo - Sports Data Generator
2026-03-24 21:57:01 [INFO] ==================================================================
2026-03-24 21:57:01 [INFO] Config file   : /home/cloudera/mos_qatar_demo_poc/config/mos_qatar_demo.ini
2026-03-24 21:57:01 [INFO] Landing dir   : /home/cloudera/mos_qatar_demo_poc/landing
2026-03-24 21:57:01 [INFO] Output file   : mos_sports_events_20260324_215701.txt
2026-03-24 21:57:01 [INFO] Records count : 8
2026-03-24 21:57:01 [INFO] ------------------------------------------------------------------
2026-03-24 21:57:01 [INFO]   Record 01: Event ID: EVT9664 | Event Name: Doha Sports Festival Opening Match | Sport: Football | Ven...
2026-03-24 21:57:01 [INFO]   Record 02: Event ID: EVT4388 | Event Name: GCC Club Championship Final | Sport: Volleyball | Venue: Q...
2026-03-24 21:57:01 [INFO]   Record 03: Event ID: EVT1918 | Event Name: Gulf Youth Cup Round 2 | Sport: Volleyball | Venue: Educat...
2026-03-24 21:57:01 [INFO]   Record 04: Event ID: EVT1444 | Event Name: Gulf Youth Cup Round 2 | Sport: Athletics | Venue: Al Thum...
2026-03-24 21:57:01 [INFO]   Record 05: Event ID: EVT1698 | Event Name: Qatar Under-20 Development League | Sport: Football | Venu...
2026-03-24 21:57:01 [INFO]   Record 06: Event ID: EVT2914 | Event Name: Gulf Youth Cup Round 1 | Sport: Basketball | Venue: Al Jan...
2026-03-24 21:57:01 [INFO]   Record 07: Event ID: EVT2206 | Event Name: Ramadan Football Festival | Sport: Football | Venue: Qatar...
2026-03-24 21:57:01 [INFO]   Record 08: Event ID: EVT1535 | Event Name: Qatar Schools Football League | Sport: Swimming | Venue: E...
2026-03-24 21:57:01 [INFO] ------------------------------------------------------------------
2026-03-24 21:57:01 [INFO] File written successfully.
2026-03-24 21:57:01 [INFO]   Full path : /home/cloudera/mos_qatar_demo_poc/landing/mos_sports_events_20260324_215701.txt
2026-03-24 21:57:01 [INFO]   Size      : 2051 bytes
2026-03-24 21:57:01 [INFO]   Records   : 8
2026-03-24 21:57:01 [INFO] ==================================================================
2026-03-24 21:57:01 [INFO]   Generator Completed Successfully
2026-03-24 21:57:01 [INFO] ==================================================================
