2026-03-26 21:07:01 [INFO] ==================================================================
2026-03-26 21:07:01 [INFO]   MOS Qatar Demo - Sports Data Generator
2026-03-26 21:07:01 [INFO] ==================================================================
2026-03-26 21:07:01 [INFO] Config file   : /home/cloudera/mos_qatar_demo_poc/config/mos_qatar_demo.ini
2026-03-26 21:07:01 [INFO] Landing dir   : /home/cloudera/mos_qatar_demo_poc/landing
2026-03-26 21:07:01 [INFO] Output file   : mos_sports_events_20260326_210701.txt
2026-03-26 21:07:01 [INFO] Records count : 7
2026-03-26 21:07:01 [INFO] ------------------------------------------------------------------
2026-03-26 21:07:01 [INFO]   Record 01: Event ID: EVT8455 | Event Name: Ministry Youth Sports Day | Sport: Basketball | Venue: Kha...
2026-03-26 21:07:01 [INFO]   Record 02: Event ID: EVT8100 | Event Name: Qatar Cup Semi Final | Sport: Football | Venue: Al Janoub ...
2026-03-26 21:07:01 [INFO]   Record 03: Event ID: EVT3509 | Event Name: Gulf Youth Cup Semi Final | Sport: Basketball | Venue: Qat...
2026-03-26 21:07:01 [INFO]   Record 04: Event ID: EVT8013 | Event Name: Gulf Youth Cup Round 2 | Sport: Swimming | Venue: Ahmad Bi...
2026-03-26 21:07:01 [INFO]   Record 05: Event ID: EVT4642 | Event Name: Qatar Schools Football League | Sport: Football | Venue: L...
2026-03-26 21:07:01 [INFO]   Record 06: Event ID: EVT4422 | Event Name: Qatar Schools Football League | Sport: Basketball | Venue:...
2026-03-26 21:07:01 [INFO]   Record 07: Event ID: EVT8089 | Event Name: National Team Preparation Match | Sport: Football | Venue:...
2026-03-26 21:07:01 [INFO] ------------------------------------------------------------------
2026-03-26 21:07:01 [INFO] File written successfully.
2026-03-26 21:07:01 [INFO]   Full path : /home/cloudera/mos_qatar_demo_poc/landing/mos_sports_events_20260326_210701.txt
2026-03-26 21:07:01 [INFO]   Size      : 1788 bytes
2026-03-26 21:07:01 [INFO]   Records   : 7
2026-03-26 21:07:01 [INFO] ==================================================================
2026-03-26 21:07:01 [INFO]   Generator Completed Successfully
2026-03-26 21:07:01 [INFO] ==================================================================
