2026-03-27 15:56:01 [INFO] ==================================================================
2026-03-27 15:56:01 [INFO]   MOS Qatar Demo - Sports Data Generator
2026-03-27 15:56:01 [INFO] ==================================================================
2026-03-27 15:56:01 [INFO] Config file   : /home/cloudera/mos_qatar_demo_poc/config/mos_qatar_demo.ini
2026-03-27 15:56:01 [INFO] Landing dir   : /home/cloudera/mos_qatar_demo_poc/landing
2026-03-27 15:56:01 [INFO] Output file   : mos_sports_events_20260327_155601.txt
2026-03-27 15:56:01 [INFO] Records count : 10
2026-03-27 15:56:01 [INFO] ------------------------------------------------------------------
2026-03-27 15:56:01 [INFO]   Record 01: Event ID: EVT6146 | Event Name: Qatar Premier League Match Day 12 | Sport: Handball | Venu...
2026-03-27 15:56:01 [INFO]   Record 02: Event ID: EVT4461 | Event Name: Doha Sports Festival Opening Match | Sport: Handball | Ven...
2026-03-27 15:56:01 [INFO]   Record 03: Event ID: EVT8825 | Event Name: Arab Nations Championship Group Stage | Sport: Football | ...
2026-03-27 15:56:01 [INFO]   Record 04: Event ID: EVT7321 | Event Name: Gulf Youth Cup Final | Sport: Football | Venue: Khalifa In...
2026-03-27 15:56:01 [INFO]   Record 05: Event ID: EVT4785 | Event Name: Gulf Youth Cup Final | Sport: Swimming | Venue: Khalifa In...
2026-03-27 15:56:01 [INFO]   Record 06: Event ID: EVT9030 | Event Name: Qatar Under-20 Development League | Sport: Athletics | Ven...
2026-03-27 15:56:01 [INFO]   Record 07: Event ID: EVT1054 | Event Name: Gulf Cup Qualifier Round 1 | Sport: Basketball | Venue: Al...
2026-03-27 15:56:01 [INFO]   Record 08: Event ID: EVT9622 | Event Name: Qatar Schools Football League | Sport: Basketball | Venue:...
2026-03-27 15:56:01 [INFO]   Record 09: Event ID: EVT6609 | Event Name: National Day Football Celebration | Sport: Football | Venu...
2026-03-27 15:56:01 [INFO]   Record 10: Event ID: EVT6884 | Event Name: Qatar Olympic Training Camp Evaluation | Sport: Football |...
2026-03-27 15:56:01 [INFO] ------------------------------------------------------------------
2026-03-27 15:56:01 [INFO] File written successfully.
2026-03-27 15:56:01 [INFO]   Full path : /home/cloudera/mos_qatar_demo_poc/landing/mos_sports_events_20260327_155601.txt
2026-03-27 15:56:01 [INFO]   Size      : 2590 bytes
2026-03-27 15:56:01 [INFO]   Records   : 10
2026-03-27 15:56:01 [INFO] ==================================================================
2026-03-27 15:56:01 [INFO]   Generator Completed Successfully
2026-03-27 15:56:01 [INFO] ==================================================================
