2026-03-27 12:12:01 [INFO] ==================================================================
2026-03-27 12:12:01 [INFO]   MOS Qatar Demo - Sports Data Generator
2026-03-27 12:12:01 [INFO] ==================================================================
2026-03-27 12:12:01 [INFO] Config file   : /home/cloudera/mos_qatar_demo_poc/config/mos_qatar_demo.ini
2026-03-27 12:12:01 [INFO] Landing dir   : /home/cloudera/mos_qatar_demo_poc/landing
2026-03-27 12:12:01 [INFO] Output file   : mos_sports_events_20260327_121201.txt
2026-03-27 12:12:01 [INFO] Records count : 9
2026-03-27 12:12:01 [INFO] ------------------------------------------------------------------
2026-03-27 12:12:01 [INFO]   Record 01: Event ID: EVT9267 | Event Name: Qatar Under-20 Development League | Sport: Swimming | Venu...
2026-03-27 12:12:01 [INFO]   Record 02: Event ID: EVT1286 | Event Name: MOS Annual Charity Football Gala | Sport: Basketball | Ven...
2026-03-27 12:12:01 [INFO]   Record 03: Event ID: EVT1953 | Event Name: Gulf Youth Cup Quarter Final | Sport: Football | Venue: Ah...
2026-03-27 12:12:01 [INFO]   Record 04: Event ID: EVT5891 | Event Name: Gulf Cup Qualifier Round 1 | Sport: Football | Venue: Khal...
2026-03-27 12:12:01 [INFO]   Record 05: Event ID: EVT9288 | Event Name: Qatar Olympic Training Camp Evaluation | Sport: Volleyball...
2026-03-27 12:12:01 [INFO]   Record 06: Event ID: EVT5559 | Event Name: Ministry Youth Sports Day | Sport: Football | Venue: Khali...
2026-03-27 12:12:01 [INFO]   Record 07: Event ID: EVT7684 | Event Name: Gulf Youth Cup Quarter Final | Sport: Handball | Venue: Al...
2026-03-27 12:12:01 [INFO]   Record 08: Event ID: EVT2074 | Event Name: GCC Club Championship Quarter Final | Sport: Volleyball | ...
2026-03-27 12:12:01 [INFO]   Record 09: Event ID: EVT3399 | Event Name: Asian Qualifiers Warm-up Match | Sport: Football | Venue: ...
2026-03-27 12:12:01 [INFO] ------------------------------------------------------------------
2026-03-27 12:12:01 [INFO] File written successfully.
2026-03-27 12:12:01 [INFO]   Full path : /home/cloudera/mos_qatar_demo_poc/landing/mos_sports_events_20260327_121201.txt
2026-03-27 12:12:01 [INFO]   Size      : 2354 bytes
2026-03-27 12:12:01 [INFO]   Records   : 9
2026-03-27 12:12:01 [INFO] ==================================================================
2026-03-27 12:12:01 [INFO]   Generator Completed Successfully
2026-03-27 12:12:01 [INFO] ==================================================================
