2026-03-26 19:12:02 [INFO] ==================================================================
2026-03-26 19:12:02 [INFO]   MOS Qatar Demo - Sports Data Generator
2026-03-26 19:12:02 [INFO] ==================================================================
2026-03-26 19:12:02 [INFO] Config file   : /home/cloudera/mos_qatar_demo_poc/config/mos_qatar_demo.ini
2026-03-26 19:12:02 [INFO] Landing dir   : /home/cloudera/mos_qatar_demo_poc/landing
2026-03-26 19:12:02 [INFO] Output file   : mos_sports_events_20260326_191202.txt
2026-03-26 19:12:02 [INFO] Records count : 10
2026-03-26 19:12:02 [INFO] ------------------------------------------------------------------
2026-03-26 19:12:02 [INFO]   Record 01: Event ID: EVT2491 | Event Name: National Team Preparation Match | Sport: Football | Venue:...
2026-03-26 19:12:02 [INFO]   Record 02: Event ID: EVT4364 | Event Name: Ramadan Football Festival | Sport: Football | Venue: Al Wa...
2026-03-26 19:12:02 [INFO]   Record 03: Event ID: EVT8459 | Event Name: Gulf Cup Qualifier Round 1 | Sport: Volleyball | Venue: As...
2026-03-26 19:12:02 [INFO]   Record 04: Event ID: EVT1082 | Event Name: Doha Sports Festival Opening Match | Sport: Volleyball | V...
2026-03-26 19:12:02 [INFO]   Record 05: Event ID: EVT2372 | Event Name: Qatar Cup Final | Sport: Volleyball | Venue: Al Wakrah Spo...
2026-03-26 19:12:02 [INFO]   Record 06: Event ID: EVT3147 | Event Name: Gulf Youth Cup Quarter Final | Sport: Swimming | Venue: Lu...
2026-03-26 19:12:02 [INFO]   Record 07: Event ID: EVT5790 | Event Name: Gulf Youth Cup Round 1 | Sport: Football | Venue: Al Wakra...
2026-03-26 19:12:02 [INFO]   Record 08: Event ID: EVT9249 | Event Name: Gulf Youth Cup Round 1 | Sport: Handball | Venue: Al Thuma...
2026-03-26 19:12:02 [INFO]   Record 09: Event ID: EVT6762 | Event Name: GCC Club Championship Final | Sport: Athletics | Venue: Qa...
2026-03-26 19:12:02 [INFO]   Record 10: Event ID: EVT2892 | Event Name: Gulf Cup Qualifier Round 1 | Sport: Basketball | Venue: Qa...
2026-03-26 19:12:02 [INFO] ------------------------------------------------------------------
2026-03-26 19:12:02 [INFO] File written successfully.
2026-03-26 19:12:02 [INFO]   Full path : /home/cloudera/mos_qatar_demo_poc/landing/mos_sports_events_20260326_191202.txt
2026-03-26 19:12:02 [INFO]   Size      : 2583 bytes
2026-03-26 19:12:02 [INFO]   Records   : 10
2026-03-26 19:12:02 [INFO] ==================================================================
2026-03-26 19:12:02 [INFO]   Generator Completed Successfully
2026-03-26 19:12:02 [INFO] ==================================================================
