2026-03-25 12:26:01 [INFO] ==================================================================
2026-03-25 12:26:01 [INFO]   MOS Qatar Demo - Sports Data Generator
2026-03-25 12:26:01 [INFO] ==================================================================
2026-03-25 12:26:01 [INFO] Config file   : /home/cloudera/mos_qatar_demo_poc/config/mos_qatar_demo.ini
2026-03-25 12:26:01 [INFO] Landing dir   : /home/cloudera/mos_qatar_demo_poc/landing
2026-03-25 12:26:01 [INFO] Output file   : mos_sports_events_20260325_122601.txt
2026-03-25 12:26:01 [INFO] Records count : 10
2026-03-25 12:26:01 [INFO] ------------------------------------------------------------------
2026-03-25 12:26:01 [INFO]   Record 01: Event ID: EVT1933 | Event Name: Qatar Cup Final | Sport: Basketball | Venue: Ahmad Bin Ali...
2026-03-25 12:26:01 [INFO]   Record 02: Event ID: EVT1687 | Event Name: National Day Football Celebration | Sport: Football | Venu...
2026-03-25 12:26:01 [INFO]   Record 03: Event ID: EVT3211 | Event Name: Qatar Cup Final | Sport: Athletics | Venue: Qatar Sports C...
2026-03-25 12:26:01 [INFO]   Record 04: Event ID: EVT3705 | Event Name: Gulf Youth Cup Round 1 | Sport: Athletics | Venue: Al Thum...
2026-03-25 12:26:01 [INFO]   Record 05: Event ID: EVT6430 | Event Name: Qatar Premier League Match Day 12 | Sport: Football | Venu...
2026-03-25 12:26:01 [INFO]   Record 06: Event ID: EVT3462 | Event Name: Gulf Youth Cup Round 2 | Sport: Football | Venue: Aspire Z...
2026-03-25 12:26:01 [INFO]   Record 07: Event ID: EVT5856 | Event Name: Gulf Youth Cup Quarter Final | Sport: Football | Venue: Al...
2026-03-25 12:26:01 [INFO]   Record 08: Event ID: EVT5929 | Event Name: Doha Sports Festival Opening Match | Sport: Handball | Ven...
2026-03-25 12:26:01 [INFO]   Record 09: Event ID: EVT7467 | Event Name: Gulf Youth Cup Semi Final | Sport: Basketball | Venue: Al ...
2026-03-25 12:26:01 [INFO]   Record 10: Event ID: EVT7800 | Event Name: FIFA World Cup Qatar Legacy Match | Sport: Volleyball | Ve...
2026-03-25 12:26:01 [INFO] ------------------------------------------------------------------
2026-03-25 12:26:01 [INFO] File written successfully.
2026-03-25 12:26:01 [INFO]   Full path : /home/cloudera/mos_qatar_demo_poc/landing/mos_sports_events_20260325_122601.txt
2026-03-25 12:26:01 [INFO]   Size      : 2549 bytes
2026-03-25 12:26:01 [INFO]   Records   : 10
2026-03-25 12:26:01 [INFO] ==================================================================
2026-03-25 12:26:01 [INFO]   Generator Completed Successfully
2026-03-25 12:26:01 [INFO] ==================================================================
