2026-03-27 10:33:02 [INFO] ==================================================================
2026-03-27 10:33:02 [INFO]   MOS Qatar Demo - Sports Data Generator
2026-03-27 10:33:02 [INFO] ==================================================================
2026-03-27 10:33:02 [INFO] Config file   : /home/cloudera/mos_qatar_demo_poc/config/mos_qatar_demo.ini
2026-03-27 10:33:02 [INFO] Landing dir   : /home/cloudera/mos_qatar_demo_poc/landing
2026-03-27 10:33:02 [INFO] Output file   : mos_sports_events_20260327_103302.txt
2026-03-27 10:33:02 [INFO] Records count : 6
2026-03-27 10:33:02 [INFO] ------------------------------------------------------------------
2026-03-27 10:33:02 [INFO]   Record 01: Event ID: EVT6914 | Event Name: Gulf Cup Qualifier Round 1 | Sport: Handball | Venue: Al B...
2026-03-27 10:33:02 [INFO]   Record 02: Event ID: EVT1973 | Event Name: Qatar Schools Football League | Sport: Football | Venue: E...
2026-03-27 10:33:02 [INFO]   Record 03: Event ID: EVT7838 | Event Name: Gulf Youth Cup Final | Sport: Volleyball | Venue: Al Janou...
2026-03-27 10:33:02 [INFO]   Record 04: Event ID: EVT1523 | Event Name: Gulf Youth Cup Quarter Final | Sport: Swimming | Venue: As...
2026-03-27 10:33:02 [INFO]   Record 05: Event ID: EVT7810 | Event Name: Qatar Olympic Training Camp Evaluation | Sport: Football |...
2026-03-27 10:33:02 [INFO]   Record 06: Event ID: EVT1031 | Event Name: Arab Nations Championship Group Stage | Sport: Football | ...
2026-03-27 10:33:02 [INFO] ------------------------------------------------------------------
2026-03-27 10:33:02 [INFO] File written successfully.
2026-03-27 10:33:02 [INFO]   Full path : /home/cloudera/mos_qatar_demo_poc/landing/mos_sports_events_20260327_103302.txt
2026-03-27 10:33:02 [INFO]   Size      : 1568 bytes
2026-03-27 10:33:02 [INFO]   Records   : 6
2026-03-27 10:33:02 [INFO] ==================================================================
2026-03-27 10:33:02 [INFO]   Generator Completed Successfully
2026-03-27 10:33:02 [INFO] ==================================================================
