2026-03-25 02:35:02 [INFO] ==================================================================
2026-03-25 02:35:02 [INFO]   MOS Qatar Demo - Sports Data Generator
2026-03-25 02:35:02 [INFO] ==================================================================
2026-03-25 02:35:02 [INFO] Config file   : /home/cloudera/mos_qatar_demo_poc/config/mos_qatar_demo.ini
2026-03-25 02:35:02 [INFO] Landing dir   : /home/cloudera/mos_qatar_demo_poc/landing
2026-03-25 02:35:02 [INFO] Output file   : mos_sports_events_20260325_023502.txt
2026-03-25 02:35:02 [INFO] Records count : 5
2026-03-25 02:35:02 [INFO] ------------------------------------------------------------------
2026-03-25 02:35:02 [INFO]   Record 01: Event ID: EVT8909 | Event Name: MOS Annual Charity Football Gala | Sport: Football | Venue...
2026-03-25 02:35:02 [INFO]   Record 02: Event ID: EVT2641 | Event Name: Gulf Youth Cup Semi Final | Sport: Football | Venue: Al Th...
2026-03-25 02:35:02 [INFO]   Record 03: Event ID: EVT9433 | Event Name: Gulf Youth Cup Final | Sport: Athletics | Venue: Lusail St...
2026-03-25 02:35:02 [INFO]   Record 04: Event ID: EVT7841 | Event Name: National Day Football Celebration | Sport: Basketball | Ve...
2026-03-25 02:35:02 [INFO]   Record 05: Event ID: EVT8877 | Event Name: Qatar Premier League Match Day 5 | Sport: Athletics | Venu...
2026-03-25 02:35:02 [INFO] ------------------------------------------------------------------
2026-03-25 02:35:02 [INFO] File written successfully.
2026-03-25 02:35:02 [INFO]   Full path : /home/cloudera/mos_qatar_demo_poc/landing/mos_sports_events_20260325_023502.txt
2026-03-25 02:35:02 [INFO]   Size      : 1306 bytes
2026-03-25 02:35:02 [INFO]   Records   : 5
2026-03-25 02:35:02 [INFO] ==================================================================
2026-03-25 02:35:02 [INFO]   Generator Completed Successfully
2026-03-25 02:35:02 [INFO] ==================================================================
