2026-03-26 05:22:02 [INFO] ==================================================================
2026-03-26 05:22:02 [INFO]   MOS Qatar Demo - Sports Data Generator
2026-03-26 05:22:02 [INFO] ==================================================================
2026-03-26 05:22:02 [INFO] Config file   : /home/cloudera/mos_qatar_demo_poc/config/mos_qatar_demo.ini
2026-03-26 05:22:02 [INFO] Landing dir   : /home/cloudera/mos_qatar_demo_poc/landing
2026-03-26 05:22:02 [INFO] Output file   : mos_sports_events_20260326_052202.txt
2026-03-26 05:22:02 [INFO] Records count : 7
2026-03-26 05:22:02 [INFO] ------------------------------------------------------------------
2026-03-26 05:22:02 [INFO]   Record 01: Event ID: EVT2825 | Event Name: Gulf Youth Cup Round 1 | Sport: Swimming | Venue: Al Bayt ...
2026-03-26 05:22:02 [INFO]   Record 02: Event ID: EVT2630 | Event Name: Gulf Youth Cup Semi Final | Sport: Football | Venue: Lusai...
2026-03-26 05:22:02 [INFO]   Record 03: Event ID: EVT1509 | Event Name: Qatar Schools Football League | Sport: Swimming | Venue: A...
2026-03-26 05:22:02 [INFO]   Record 04: Event ID: EVT7353 | Event Name: Qatar Premier League Match Day 8 | Sport: Football | Venue...
2026-03-26 05:22:02 [INFO]   Record 05: Event ID: EVT7102 | Event Name: Gulf Cup Qualifier Round 1 | Sport: Football | Venue: Khal...
2026-03-26 05:22:02 [INFO]   Record 06: Event ID: EVT6788 | Event Name: Ministry Youth Sports Day | Sport: Football | Venue: Lusai...
2026-03-26 05:22:02 [INFO]   Record 07: Event ID: EVT5407 | Event Name: Arab Nations Championship Semi Final | Sport: Football | V...
2026-03-26 05:22:02 [INFO] ------------------------------------------------------------------
2026-03-26 05:22:02 [INFO] File written successfully.
2026-03-26 05:22:02 [INFO]   Full path : /home/cloudera/mos_qatar_demo_poc/landing/mos_sports_events_20260326_052202.txt
2026-03-26 05:22:02 [INFO]   Size      : 1774 bytes
2026-03-26 05:22:02 [INFO]   Records   : 7
2026-03-26 05:22:02 [INFO] ==================================================================
2026-03-26 05:22:02 [INFO]   Generator Completed Successfully
2026-03-26 05:22:02 [INFO] ==================================================================
