2026-03-27 02:10:01 [INFO] ==================================================================
2026-03-27 02:10:01 [INFO]   MOS Qatar Demo - Sports Data Generator
2026-03-27 02:10:01 [INFO] ==================================================================
2026-03-27 02:10:01 [INFO] Config file   : /home/cloudera/mos_qatar_demo_poc/config/mos_qatar_demo.ini
2026-03-27 02:10:01 [INFO] Landing dir   : /home/cloudera/mos_qatar_demo_poc/landing
2026-03-27 02:10:01 [INFO] Output file   : mos_sports_events_20260327_021001.txt
2026-03-27 02:10:01 [INFO] Records count : 5
2026-03-27 02:10:01 [INFO] ------------------------------------------------------------------
2026-03-27 02:10:01 [INFO]   Record 01: Event ID: EVT3141 | Event Name: Ministry Youth Sports Day | Sport: Football | Venue: Khali...
2026-03-27 02:10:01 [INFO]   Record 02: Event ID: EVT9525 | Event Name: Arab Nations Championship Semi Final | Sport: Handball | V...
2026-03-27 02:10:01 [INFO]   Record 03: Event ID: EVT3315 | Event Name: Gulf Youth Cup Final | Sport: Football | Venue: Al Janoub ...
2026-03-27 02:10:01 [INFO]   Record 04: Event ID: EVT8271 | Event Name: Asian Qualifiers Warm-up Match | Sport: Volleyball | Venue...
2026-03-27 02:10:01 [INFO]   Record 05: Event ID: EVT7427 | Event Name: Qatar Schools Football League | Sport: Football | Venue: A...
2026-03-27 02:10:01 [INFO] ------------------------------------------------------------------
2026-03-27 02:10:01 [INFO] File written successfully.
2026-03-27 02:10:01 [INFO]   Full path : /home/cloudera/mos_qatar_demo_poc/landing/mos_sports_events_20260327_021001.txt
2026-03-27 02:10:01 [INFO]   Size      : 1277 bytes
2026-03-27 02:10:01 [INFO]   Records   : 5
2026-03-27 02:10:01 [INFO] ==================================================================
2026-03-27 02:10:01 [INFO]   Generator Completed Successfully
2026-03-27 02:10:01 [INFO] ==================================================================
