2026-03-25 18:17:02 [INFO] ==================================================================
2026-03-25 18:17:02 [INFO]   MOS Qatar Demo - Sports Data Generator
2026-03-25 18:17:02 [INFO] ==================================================================
2026-03-25 18:17:02 [INFO] Config file   : /home/cloudera/mos_qatar_demo_poc/config/mos_qatar_demo.ini
2026-03-25 18:17:02 [INFO] Landing dir   : /home/cloudera/mos_qatar_demo_poc/landing
2026-03-25 18:17:02 [INFO] Output file   : mos_sports_events_20260325_181702.txt
2026-03-25 18:17:02 [INFO] Records count : 9
2026-03-25 18:17:02 [INFO] ------------------------------------------------------------------
2026-03-25 18:17:02 [INFO]   Record 01: Event ID: EVT2077 | Event Name: National Team Preparation Match | Sport: Football | Venue:...
2026-03-25 18:17:02 [INFO]   Record 02: Event ID: EVT3021 | Event Name: Qatar Premier League Match Day 5 | Sport: Handball | Venue...
2026-03-25 18:17:02 [INFO]   Record 03: Event ID: EVT6729 | Event Name: Qatar Cup Final | Sport: Football | Venue: Aspire Zone Are...
2026-03-25 18:17:02 [INFO]   Record 04: Event ID: EVT8129 | Event Name: Qatar Schools Football League | Sport: Swimming | Venue: A...
2026-03-25 18:17:02 [INFO]   Record 05: Event ID: EVT6478 | Event Name: Gulf Youth Cup Final | Sport: Football | Venue: Al Janoub ...
2026-03-25 18:17:02 [INFO]   Record 06: Event ID: EVT5160 | Event Name: Ramadan Football Festival | Sport: Football | Venue: Lusai...
2026-03-25 18:17:02 [INFO]   Record 07: Event ID: EVT2523 | Event Name: Qatar Schools Football League | Sport: Football | Venue: A...
2026-03-25 18:17:02 [INFO]   Record 08: Event ID: EVT8486 | Event Name: Qatar Premier League Match Day 12 | Sport: Volleyball | Ve...
2026-03-25 18:17:02 [INFO]   Record 09: Event ID: EVT8229 | Event Name: National Team Preparation Match | Sport: Handball | Venue:...
2026-03-25 18:17:02 [INFO] ------------------------------------------------------------------
2026-03-25 18:17:02 [INFO] File written successfully.
2026-03-25 18:17:02 [INFO]   Full path : /home/cloudera/mos_qatar_demo_poc/landing/mos_sports_events_20260325_181702.txt
2026-03-25 18:17:02 [INFO]   Size      : 2271 bytes
2026-03-25 18:17:02 [INFO]   Records   : 9
2026-03-25 18:17:02 [INFO] ==================================================================
2026-03-25 18:17:02 [INFO]   Generator Completed Successfully
2026-03-25 18:17:02 [INFO] ==================================================================
