2026-03-27 14:07:01 [INFO] ==================================================================
2026-03-27 14:07:01 [INFO]   MOS Qatar Demo - Sports Data Generator
2026-03-27 14:07:01 [INFO] ==================================================================
2026-03-27 14:07:01 [INFO] Config file   : /home/cloudera/mos_qatar_demo_poc/config/mos_qatar_demo.ini
2026-03-27 14:07:01 [INFO] Landing dir   : /home/cloudera/mos_qatar_demo_poc/landing
2026-03-27 14:07:01 [INFO] Output file   : mos_sports_events_20260327_140701.txt
2026-03-27 14:07:01 [INFO] Records count : 10
2026-03-27 14:07:01 [INFO] ------------------------------------------------------------------
2026-03-27 14:07:01 [INFO]   Record 01: Event ID: EVT3728 | Event Name: Gulf Youth Cup Round 2 | Sport: Football | Venue: Al Wakra...
2026-03-27 14:07:01 [INFO]   Record 02: Event ID: EVT6492 | Event Name: Qatar Premier League Match Day 12 | Sport: Football | Venu...
2026-03-27 14:07:01 [INFO]   Record 03: Event ID: EVT9121 | Event Name: Ministry Invitational Friendly Tournament | Sport: Basketb...
2026-03-27 14:07:01 [INFO]   Record 04: Event ID: EVT5899 | Event Name: Qatar Cup Semi Final | Sport: Basketball | Venue: Educatio...
2026-03-27 14:07:01 [INFO]   Record 05: Event ID: EVT8524 | Event Name: Qatar Premier League Match Day 5 | Sport: Football | Venue...
2026-03-27 14:07:01 [INFO]   Record 06: Event ID: EVT3638 | Event Name: Qatar Schools Football League | Sport: Basketball | Venue:...
2026-03-27 14:07:01 [INFO]   Record 07: Event ID: EVT3516 | Event Name: Gulf Cup Qualifier Round 1 | Sport: Football | Venue: Educ...
2026-03-27 14:07:01 [INFO]   Record 08: Event ID: EVT1260 | Event Name: Qatar Cup Final | Sport: Athletics | Venue: Ahmad Bin Ali ...
2026-03-27 14:07:01 [INFO]   Record 09: Event ID: EVT9779 | Event Name: Arab Nations Championship Semi Final | Sport: Football | V...
2026-03-27 14:07:01 [INFO]   Record 10: Event ID: EVT9769 | Event Name: National Day Football Celebration | Sport: Volleyball | Ve...
2026-03-27 14:07:01 [INFO] ------------------------------------------------------------------
2026-03-27 14:07:01 [INFO] File written successfully.
2026-03-27 14:07:01 [INFO]   Full path : /home/cloudera/mos_qatar_demo_poc/landing/mos_sports_events_20260327_140701.txt
2026-03-27 14:07:01 [INFO]   Size      : 2607 bytes
2026-03-27 14:07:01 [INFO]   Records   : 10
2026-03-27 14:07:01 [INFO] ==================================================================
2026-03-27 14:07:01 [INFO]   Generator Completed Successfully
2026-03-27 14:07:01 [INFO] ==================================================================
