2026-03-27 10:35:01 [INFO] ==================================================================
2026-03-27 10:35:01 [INFO]   MOS Qatar Demo - Sports Data Generator
2026-03-27 10:35:01 [INFO] ==================================================================
2026-03-27 10:35:01 [INFO] Config file   : /home/cloudera/mos_qatar_demo_poc/config/mos_qatar_demo.ini
2026-03-27 10:35:01 [INFO] Landing dir   : /home/cloudera/mos_qatar_demo_poc/landing
2026-03-27 10:35:01 [INFO] Output file   : mos_sports_events_20260327_103501.txt
2026-03-27 10:35:01 [INFO] Records count : 5
2026-03-27 10:35:01 [INFO] ------------------------------------------------------------------
2026-03-27 10:35:01 [INFO]   Record 01: Event ID: EVT7041 | Event Name: Doha Sports Festival Opening Match | Sport: Football | Ven...
2026-03-27 10:35:01 [INFO]   Record 02: Event ID: EVT1877 | Event Name: Qatar Olympic Training Camp Evaluation | Sport: Football |...
2026-03-27 10:35:01 [INFO]   Record 03: Event ID: EVT3200 | Event Name: Gulf Cup Qualifier Round 1 | Sport: Football | Venue: Khal...
2026-03-27 10:35:01 [INFO]   Record 04: Event ID: EVT8775 | Event Name: Qatar Premier League Match Day 5 | Sport: Football | Venue...
2026-03-27 10:35:01 [INFO]   Record 05: Event ID: EVT3025 | Event Name: Ramadan Football Festival | Sport: Handball | Venue: Ahmad...
2026-03-27 10:35:01 [INFO] ------------------------------------------------------------------
2026-03-27 10:35:01 [INFO] File written successfully.
2026-03-27 10:35:01 [INFO]   Full path : /home/cloudera/mos_qatar_demo_poc/landing/mos_sports_events_20260327_103501.txt
2026-03-27 10:35:01 [INFO]   Size      : 1315 bytes
2026-03-27 10:35:01 [INFO]   Records   : 5
2026-03-27 10:35:01 [INFO] ==================================================================
2026-03-27 10:35:01 [INFO]   Generator Completed Successfully
2026-03-27 10:35:01 [INFO] ==================================================================
