2026-03-27 15:39:01 [INFO] ==================================================================
2026-03-27 15:39:01 [INFO]   MOS Qatar Demo - Sports Data Generator
2026-03-27 15:39:01 [INFO] ==================================================================
2026-03-27 15:39:01 [INFO] Config file   : /home/cloudera/mos_qatar_demo_poc/config/mos_qatar_demo.ini
2026-03-27 15:39:01 [INFO] Landing dir   : /home/cloudera/mos_qatar_demo_poc/landing
2026-03-27 15:39:01 [INFO] Output file   : mos_sports_events_20260327_153901.txt
2026-03-27 15:39:01 [INFO] Records count : 5
2026-03-27 15:39:01 [INFO] ------------------------------------------------------------------
2026-03-27 15:39:01 [INFO]   Record 01: Event ID: EVT3705 | Event Name: Gulf Cup Qualifier Round 1 | Sport: Football | Venue: Ahma...
2026-03-27 15:39:01 [INFO]   Record 02: Event ID: EVT3964 | Event Name: MOS Annual Charity Football Gala | Sport: Basketball | Ven...
2026-03-27 15:39:01 [INFO]   Record 03: Event ID: EVT2577 | Event Name: FIFA World Cup Qatar Legacy Match | Sport: Football | Venu...
2026-03-27 15:39:01 [INFO]   Record 04: Event ID: EVT4950 | Event Name: Asian Qualifiers Warm-up Match | Sport: Basketball | Venue...
2026-03-27 15:39:01 [INFO]   Record 05: Event ID: EVT4417 | Event Name: Qatar Cup Semi Final | Sport: Football | Venue: Aspire Zon...
2026-03-27 15:39:01 [INFO] ------------------------------------------------------------------
2026-03-27 15:39:01 [INFO] File written successfully.
2026-03-27 15:39:01 [INFO]   Full path : /home/cloudera/mos_qatar_demo_poc/landing/mos_sports_events_20260327_153901.txt
2026-03-27 15:39:01 [INFO]   Size      : 1281 bytes
2026-03-27 15:39:01 [INFO]   Records   : 5
2026-03-27 15:39:01 [INFO] ==================================================================
2026-03-27 15:39:01 [INFO]   Generator Completed Successfully
2026-03-27 15:39:01 [INFO] ==================================================================
