2026-03-25 12:41:02 [INFO] ==================================================================
2026-03-25 12:41:02 [INFO]   MOS Qatar Demo - Sports Data Generator
2026-03-25 12:41:02 [INFO] ==================================================================
2026-03-25 12:41:02 [INFO] Config file   : /home/cloudera/mos_qatar_demo_poc/config/mos_qatar_demo.ini
2026-03-25 12:41:02 [INFO] Landing dir   : /home/cloudera/mos_qatar_demo_poc/landing
2026-03-25 12:41:02 [INFO] Output file   : mos_sports_events_20260325_124102.txt
2026-03-25 12:41:02 [INFO] Records count : 6
2026-03-25 12:41:02 [INFO] ------------------------------------------------------------------
2026-03-25 12:41:02 [INFO]   Record 01: Event ID: EVT6365 | Event Name: Asian Qualifiers Warm-up Match | Sport: Football | Venue: ...
2026-03-25 12:41:02 [INFO]   Record 02: Event ID: EVT9229 | Event Name: Gulf Youth Cup Round 2 | Sport: Football | Venue: Khalifa ...
2026-03-25 12:41:02 [INFO]   Record 03: Event ID: EVT9057 | Event Name: Gulf Youth Cup Final | Sport: Swimming | Venue: Khalifa In...
2026-03-25 12:41:02 [INFO]   Record 04: Event ID: EVT3038 | Event Name: Doha Sports Festival Opening Match | Sport: Football | Ven...
2026-03-25 12:41:02 [INFO]   Record 05: Event ID: EVT6268 | Event Name: National Team Preparation Match | Sport: Football | Venue:...
2026-03-25 12:41:02 [INFO]   Record 06: Event ID: EVT6381 | Event Name: Asian Qualifiers Warm-up Match | Sport: Football | Venue: ...
2026-03-25 12:41:02 [INFO] ------------------------------------------------------------------
2026-03-25 12:41:02 [INFO] File written successfully.
2026-03-25 12:41:02 [INFO]   Full path : /home/cloudera/mos_qatar_demo_poc/landing/mos_sports_events_20260325_124102.txt
2026-03-25 12:41:02 [INFO]   Size      : 1555 bytes
2026-03-25 12:41:02 [INFO]   Records   : 6
2026-03-25 12:41:02 [INFO] ==================================================================
2026-03-25 12:41:02 [INFO]   Generator Completed Successfully
2026-03-25 12:41:02 [INFO] ==================================================================
