2026-03-26 06:29:02 [INFO] ==================================================================
2026-03-26 06:29:02 [INFO]   MOS Qatar Demo - Sports Data Generator
2026-03-26 06:29:02 [INFO] ==================================================================
2026-03-26 06:29:02 [INFO] Config file   : /home/cloudera/mos_qatar_demo_poc/config/mos_qatar_demo.ini
2026-03-26 06:29:02 [INFO] Landing dir   : /home/cloudera/mos_qatar_demo_poc/landing
2026-03-26 06:29:02 [INFO] Output file   : mos_sports_events_20260326_062902.txt
2026-03-26 06:29:02 [INFO] Records count : 9
2026-03-26 06:29:02 [INFO] ------------------------------------------------------------------
2026-03-26 06:29:02 [INFO]   Record 01: Event ID: EVT7633 | Event Name: GCC Club Championship Semi Final | Sport: Handball | Venue...
2026-03-26 06:29:02 [INFO]   Record 02: Event ID: EVT7842 | Event Name: Qatar Olympic Training Camp Evaluation | Sport: Football |...
2026-03-26 06:29:02 [INFO]   Record 03: Event ID: EVT4394 | Event Name: Asian Qualifiers Warm-up Match | Sport: Swimming | Venue: ...
2026-03-26 06:29:02 [INFO]   Record 04: Event ID: EVT4410 | Event Name: Ministry Youth Sports Day | Sport: Football | Venue: Educa...
2026-03-26 06:29:02 [INFO]   Record 05: Event ID: EVT1956 | Event Name: Qatar Premier League Match Day 12 | Sport: Basketball | Ve...
2026-03-26 06:29:02 [INFO]   Record 06: Event ID: EVT1112 | Event Name: Qatar Olympic Training Camp Evaluation | Sport: Athletics ...
2026-03-26 06:29:02 [INFO]   Record 07: Event ID: EVT6469 | Event Name: Gulf Youth Cup Round 2 | Sport: Athletics | Venue: Qatar S...
2026-03-26 06:29:02 [INFO]   Record 08: Event ID: EVT2359 | Event Name: FIFA World Cup Qatar Legacy Match | Sport: Basketball | Ve...
2026-03-26 06:29:02 [INFO]   Record 09: Event ID: EVT4460 | Event Name: National Day Football Celebration | Sport: Football | Venu...
2026-03-26 06:29:02 [INFO] ------------------------------------------------------------------
2026-03-26 06:29:02 [INFO] File written successfully.
2026-03-26 06:29:02 [INFO]   Full path : /home/cloudera/mos_qatar_demo_poc/landing/mos_sports_events_20260326_062902.txt
2026-03-26 06:29:02 [INFO]   Size      : 2336 bytes
2026-03-26 06:29:02 [INFO]   Records   : 9
2026-03-26 06:29:02 [INFO] ==================================================================
2026-03-26 06:29:02 [INFO]   Generator Completed Successfully
2026-03-26 06:29:02 [INFO] ==================================================================
