2026-03-26 10:34:02 [INFO] ==================================================================
2026-03-26 10:34:02 [INFO]   MOS Qatar Demo - Sports Data Generator
2026-03-26 10:34:02 [INFO] ==================================================================
2026-03-26 10:34:02 [INFO] Config file   : /home/cloudera/mos_qatar_demo_poc/config/mos_qatar_demo.ini
2026-03-26 10:34:02 [INFO] Landing dir   : /home/cloudera/mos_qatar_demo_poc/landing
2026-03-26 10:34:02 [INFO] Output file   : mos_sports_events_20260326_103402.txt
2026-03-26 10:34:02 [INFO] Records count : 8
2026-03-26 10:34:02 [INFO] ------------------------------------------------------------------
2026-03-26 10:34:02 [INFO]   Record 01: Event ID: EVT2970 | Event Name: Gulf Youth Cup Final | Sport: Football | Venue: Al Bayt St...
2026-03-26 10:34:02 [INFO]   Record 02: Event ID: EVT2670 | Event Name: Qatar Cup Final | Sport: Football | Venue: Aspire Zone Are...
2026-03-26 10:34:02 [INFO]   Record 03: Event ID: EVT3025 | Event Name: Gulf Cup Qualifier Round 1 | Sport: Football | Venue: Lusa...
2026-03-26 10:34:02 [INFO]   Record 04: Event ID: EVT6646 | Event Name: Gulf Youth Cup Quarter Final | Sport: Football | Venue: Ed...
2026-03-26 10:34:02 [INFO]   Record 05: Event ID: EVT4477 | Event Name: Ministry Invitational Friendly Tournament | Sport: Footbal...
2026-03-26 10:34:02 [INFO]   Record 06: Event ID: EVT6368 | Event Name: Qatar Olympic Training Camp Evaluation | Sport: Football |...
2026-03-26 10:34:02 [INFO]   Record 07: Event ID: EVT1736 | Event Name: MOS Annual Charity Football Gala | Sport: Athletics | Venu...
2026-03-26 10:34:02 [INFO]   Record 08: Event ID: EVT5378 | Event Name: Qatar Under-20 Development League | Sport: Football | Venu...
2026-03-26 10:34:02 [INFO] ------------------------------------------------------------------
2026-03-26 10:34:02 [INFO] File written successfully.
2026-03-26 10:34:02 [INFO]   Full path : /home/cloudera/mos_qatar_demo_poc/landing/mos_sports_events_20260326_103402.txt
2026-03-26 10:34:02 [INFO]   Size      : 2085 bytes
2026-03-26 10:34:02 [INFO]   Records   : 8
2026-03-26 10:34:02 [INFO] ==================================================================
2026-03-26 10:34:02 [INFO]   Generator Completed Successfully
2026-03-26 10:34:02 [INFO] ==================================================================
