2026-03-27 14:54:01 [INFO] ==================================================================
2026-03-27 14:54:01 [INFO]   MOS Qatar Demo - Sports Data Generator
2026-03-27 14:54:01 [INFO] ==================================================================
2026-03-27 14:54:01 [INFO] Config file   : /home/cloudera/mos_qatar_demo_poc/config/mos_qatar_demo.ini
2026-03-27 14:54:01 [INFO] Landing dir   : /home/cloudera/mos_qatar_demo_poc/landing
2026-03-27 14:54:01 [INFO] Output file   : mos_sports_events_20260327_145401.txt
2026-03-27 14:54:01 [INFO] Records count : 10
2026-03-27 14:54:01 [INFO] ------------------------------------------------------------------
2026-03-27 14:54:01 [INFO]   Record 01: Event ID: EVT9016 | Event Name: GCC Club Championship Quarter Final | Sport: Football | Ve...
2026-03-27 14:54:01 [INFO]   Record 02: Event ID: EVT4555 | Event Name: Doha Sports Festival Opening Match | Sport: Football | Ven...
2026-03-27 14:54:01 [INFO]   Record 03: Event ID: EVT2836 | Event Name: Qatar Under-20 Development League | Sport: Football | Venu...
2026-03-27 14:54:01 [INFO]   Record 04: Event ID: EVT3497 | Event Name: Asian Qualifiers Warm-up Match | Sport: Football | Venue: ...
2026-03-27 14:54:01 [INFO]   Record 05: Event ID: EVT1627 | Event Name: Qatar Schools Football League | Sport: Basketball | Venue:...
2026-03-27 14:54:01 [INFO]   Record 06: Event ID: EVT9958 | Event Name: Qatar Under-20 Development League | Sport: Basketball | Ve...
2026-03-27 14:54:01 [INFO]   Record 07: Event ID: EVT8871 | Event Name: Gulf Cup Qualifier Round 1 | Sport: Football | Venue: Qata...
2026-03-27 14:54:01 [INFO]   Record 08: Event ID: EVT3233 | Event Name: Gulf Cup Qualifier Round 1 | Sport: Football | Venue: Educ...
2026-03-27 14:54:01 [INFO]   Record 09: Event ID: EVT4421 | Event Name: GCC Club Championship Final | Sport: Athletics | Venue: Al...
2026-03-27 14:54:01 [INFO]   Record 10: Event ID: EVT1981 | Event Name: Asian Qualifiers Warm-up Match | Sport: Football | Venue: ...
2026-03-27 14:54:01 [INFO] ------------------------------------------------------------------
2026-03-27 14:54:01 [INFO] File written successfully.
2026-03-27 14:54:01 [INFO]   Full path : /home/cloudera/mos_qatar_demo_poc/landing/mos_sports_events_20260327_145401.txt
2026-03-27 14:54:01 [INFO]   Size      : 2596 bytes
2026-03-27 14:54:01 [INFO]   Records   : 10
2026-03-27 14:54:01 [INFO] ==================================================================
2026-03-27 14:54:01 [INFO]   Generator Completed Successfully
2026-03-27 14:54:01 [INFO] ==================================================================
