2026-03-24 23:02:01 [INFO] ==================================================================
2026-03-24 23:02:01 [INFO]   MOS Qatar Demo - Sports Data Generator
2026-03-24 23:02:01 [INFO] ==================================================================
2026-03-24 23:02:01 [INFO] Config file   : /home/cloudera/mos_qatar_demo_poc/config/mos_qatar_demo.ini
2026-03-24 23:02:01 [INFO] Landing dir   : /home/cloudera/mos_qatar_demo_poc/landing
2026-03-24 23:02:01 [INFO] Output file   : mos_sports_events_20260324_230201.txt
2026-03-24 23:02:01 [INFO] Records count : 7
2026-03-24 23:02:01 [INFO] ------------------------------------------------------------------
2026-03-24 23:02:01 [INFO]   Record 01: Event ID: EVT3206 | Event Name: Ramadan Football Festival | Sport: Football | Venue: Al Wa...
2026-03-24 23:02:01 [INFO]   Record 02: Event ID: EVT8242 | Event Name: Gulf Cup Qualifier Round 1 | Sport: Football | Venue: Khal...
2026-03-24 23:02:01 [INFO]   Record 03: Event ID: EVT3048 | Event Name: Arab Nations Championship Group Stage | Sport: Swimming | ...
2026-03-24 23:02:01 [INFO]   Record 04: Event ID: EVT2769 | Event Name: Ramadan Football Festival | Sport: Football | Venue: Qatar...
2026-03-24 23:02:01 [INFO]   Record 05: Event ID: EVT4262 | Event Name: MOS Annual Charity Football Gala | Sport: Football | Venue...
2026-03-24 23:02:01 [INFO]   Record 06: Event ID: EVT9071 | Event Name: Qatar Premier League Match Day 5 | Sport: Basketball | Ven...
2026-03-24 23:02:01 [INFO]   Record 07: Event ID: EVT6149 | Event Name: MOS Annual Charity Football Gala | Sport: Football | Venue...
2026-03-24 23:02:01 [INFO] ------------------------------------------------------------------
2026-03-24 23:02:01 [INFO] File written successfully.
2026-03-24 23:02:01 [INFO]   Full path : /home/cloudera/mos_qatar_demo_poc/landing/mos_sports_events_20260324_230201.txt
2026-03-24 23:02:01 [INFO]   Size      : 1771 bytes
2026-03-24 23:02:01 [INFO]   Records   : 7
2026-03-24 23:02:01 [INFO] ==================================================================
2026-03-24 23:02:01 [INFO]   Generator Completed Successfully
2026-03-24 23:02:01 [INFO] ==================================================================
