2026-03-26 04:20:01 [INFO] ==================================================================
2026-03-26 04:20:01 [INFO]   MOS Qatar Demo - Sports Data Generator
2026-03-26 04:20:01 [INFO] ==================================================================
2026-03-26 04:20:01 [INFO] Config file   : /home/cloudera/mos_qatar_demo_poc/config/mos_qatar_demo.ini
2026-03-26 04:20:01 [INFO] Landing dir   : /home/cloudera/mos_qatar_demo_poc/landing
2026-03-26 04:20:01 [INFO] Output file   : mos_sports_events_20260326_042001.txt
2026-03-26 04:20:01 [INFO] Records count : 8
2026-03-26 04:20:01 [INFO] ------------------------------------------------------------------
2026-03-26 04:20:01 [INFO]   Record 01: Event ID: EVT4372 | Event Name: Gulf Cup Qualifier Round 1 | Sport: Football | Venue: Ahma...
2026-03-26 04:20:01 [INFO]   Record 02: Event ID: EVT6160 | Event Name: Asian Qualifiers Warm-up Match | Sport: Swimming | Venue: ...
2026-03-26 04:20:01 [INFO]   Record 03: Event ID: EVT4050 | Event Name: Asian Qualifiers Warm-up Match | Sport: Volleyball | Venue...
2026-03-26 04:20:01 [INFO]   Record 04: Event ID: EVT8076 | Event Name: Qatar Olympic Training Camp Evaluation | Sport: Volleyball...
2026-03-26 04:20:01 [INFO]   Record 05: Event ID: EVT5302 | Event Name: GCC Club Championship Semi Final | Sport: Football | Venue...
2026-03-26 04:20:01 [INFO]   Record 06: Event ID: EVT1013 | Event Name: Arab Nations Championship Group Stage | Sport: Athletics |...
2026-03-26 04:20:01 [INFO]   Record 07: Event ID: EVT5349 | Event Name: Gulf Youth Cup Semi Final | Sport: Athletics | Venue: Aspi...
2026-03-26 04:20:01 [INFO]   Record 08: Event ID: EVT3659 | Event Name: National Team Preparation Match | Sport: Volleyball | Venu...
2026-03-26 04:20:01 [INFO] ------------------------------------------------------------------
2026-03-26 04:20:01 [INFO] File written successfully.
2026-03-26 04:20:01 [INFO]   Full path : /home/cloudera/mos_qatar_demo_poc/landing/mos_sports_events_20260326_042001.txt
2026-03-26 04:20:01 [INFO]   Size      : 2078 bytes
2026-03-26 04:20:01 [INFO]   Records   : 8
2026-03-26 04:20:01 [INFO] ==================================================================
2026-03-26 04:20:01 [INFO]   Generator Completed Successfully
2026-03-26 04:20:01 [INFO] ==================================================================
