2026-03-27 23:04:02 [INFO] ==================================================================
2026-03-27 23:04:02 [INFO]   MOS Qatar Demo - Sports Data Generator
2026-03-27 23:04:02 [INFO] ==================================================================
2026-03-27 23:04:02 [INFO] Config file   : /home/cloudera/mos_qatar_demo_poc/config/mos_qatar_demo.ini
2026-03-27 23:04:02 [INFO] Landing dir   : /home/cloudera/mos_qatar_demo_poc/landing
2026-03-27 23:04:02 [INFO] Output file   : mos_sports_events_20260327_230402.txt
2026-03-27 23:04:02 [INFO] Records count : 8
2026-03-27 23:04:02 [INFO] ------------------------------------------------------------------
2026-03-27 23:04:02 [INFO]   Record 01: Event ID: EVT9766 | Event Name: National Team Preparation Match | Sport: Basketball | Venu...
2026-03-27 23:04:02 [INFO]   Record 02: Event ID: EVT1356 | Event Name: National Day Football Celebration | Sport: Football | Venu...
2026-03-27 23:04:02 [INFO]   Record 03: Event ID: EVT2494 | Event Name: Qatar Premier League Match Day 12 | Sport: Football | Venu...
2026-03-27 23:04:02 [INFO]   Record 04: Event ID: EVT7629 | Event Name: GCC Club Championship Semi Final | Sport: Football | Venue...
2026-03-27 23:04:02 [INFO]   Record 05: Event ID: EVT3186 | Event Name: Gulf Youth Cup Quarter Final | Sport: Football | Venue: Al...
2026-03-27 23:04:02 [INFO]   Record 06: Event ID: EVT3961 | Event Name: MOS Annual Charity Football Gala | Sport: Volleyball | Ven...
2026-03-27 23:04:02 [INFO]   Record 07: Event ID: EVT4178 | Event Name: Qatar Premier League Match Day 5 | Sport: Basketball | Ven...
2026-03-27 23:04:02 [INFO]   Record 08: Event ID: EVT7020 | Event Name: Gulf Youth Cup Final | Sport: Athletics | Venue: Education...
2026-03-27 23:04:02 [INFO] ------------------------------------------------------------------
2026-03-27 23:04:02 [INFO] File written successfully.
2026-03-27 23:04:02 [INFO]   Full path : /home/cloudera/mos_qatar_demo_poc/landing/mos_sports_events_20260327_230402.txt
2026-03-27 23:04:02 [INFO]   Size      : 2085 bytes
2026-03-27 23:04:02 [INFO]   Records   : 8
2026-03-27 23:04:02 [INFO] ==================================================================
2026-03-27 23:04:02 [INFO]   Generator Completed Successfully
2026-03-27 23:04:02 [INFO] ==================================================================
