2026-03-27 12:45:01 [INFO] ==================================================================
2026-03-27 12:45:01 [INFO]   MOS Qatar Demo - Sports Data Generator
2026-03-27 12:45:01 [INFO] ==================================================================
2026-03-27 12:45:01 [INFO] Config file   : /home/cloudera/mos_qatar_demo_poc/config/mos_qatar_demo.ini
2026-03-27 12:45:01 [INFO] Landing dir   : /home/cloudera/mos_qatar_demo_poc/landing
2026-03-27 12:45:01 [INFO] Output file   : mos_sports_events_20260327_124501.txt
2026-03-27 12:45:01 [INFO] Records count : 6
2026-03-27 12:45:01 [INFO] ------------------------------------------------------------------
2026-03-27 12:45:01 [INFO]   Record 01: Event ID: EVT3205 | Event Name: MOS Annual Charity Football Gala | Sport: Handball | Venue...
2026-03-27 12:45:01 [INFO]   Record 02: Event ID: EVT5377 | Event Name: Qatar Olympic Training Camp Evaluation | Sport: Athletics ...
2026-03-27 12:45:01 [INFO]   Record 03: Event ID: EVT4935 | Event Name: National Team Preparation Match | Sport: Handball | Venue:...
2026-03-27 12:45:01 [INFO]   Record 04: Event ID: EVT8284 | Event Name: Gulf Youth Cup Round 1 | Sport: Football | Venue: Aspire Z...
2026-03-27 12:45:01 [INFO]   Record 05: Event ID: EVT8958 | Event Name: GCC Club Championship Quarter Final | Sport: Handball | Ve...
2026-03-27 12:45:01 [INFO]   Record 06: Event ID: EVT2242 | Event Name: Ramadan Football Festival | Sport: Football | Venue: Educa...
2026-03-27 12:45:01 [INFO] ------------------------------------------------------------------
2026-03-27 12:45:01 [INFO] File written successfully.
2026-03-27 12:45:01 [INFO]   Full path : /home/cloudera/mos_qatar_demo_poc/landing/mos_sports_events_20260327_124501.txt
2026-03-27 12:45:01 [INFO]   Size      : 1552 bytes
2026-03-27 12:45:01 [INFO]   Records   : 6
2026-03-27 12:45:01 [INFO] ==================================================================
2026-03-27 12:45:01 [INFO]   Generator Completed Successfully
2026-03-27 12:45:01 [INFO] ==================================================================
