2026-03-24 17:06:02 [INFO] ==================================================================
2026-03-24 17:06:02 [INFO]   MOS Qatar Demo - Sports Data Generator
2026-03-24 17:06:02 [INFO] ==================================================================
2026-03-24 17:06:02 [INFO] Config file   : /home/cloudera/mos_qatar_demo_poc/config/mos_qatar_demo.ini
2026-03-24 17:06:02 [INFO] Landing dir   : /home/cloudera/mos_qatar_demo_poc/landing
2026-03-24 17:06:02 [INFO] Output file   : mos_sports_events_20260324_170602.txt
2026-03-24 17:06:02 [INFO] Records count : 8
2026-03-24 17:06:02 [INFO] ------------------------------------------------------------------
2026-03-24 17:06:02 [INFO]   Record 01: Event ID: EVT1199 | Event Name: Asian Qualifiers Warm-up Match | Sport: Athletics | Venue:...
2026-03-24 17:06:02 [INFO]   Record 02: Event ID: EVT8775 | Event Name: Asian Qualifiers Warm-up Match | Sport: Athletics | Venue:...
2026-03-24 17:06:02 [INFO]   Record 03: Event ID: EVT9987 | Event Name: National Day Football Celebration | Sport: Basketball | Ve...
2026-03-24 17:06:02 [INFO]   Record 04: Event ID: EVT8384 | Event Name: Qatar Cup Final | Sport: Athletics | Venue: Al Bayt Stadiu...
2026-03-24 17:06:02 [INFO]   Record 05: Event ID: EVT5968 | Event Name: FIFA World Cup Qatar Legacy Match | Sport: Football | Venu...
2026-03-24 17:06:02 [INFO]   Record 06: Event ID: EVT9730 | Event Name: Arab Nations Championship Group Stage | Sport: Football | ...
2026-03-24 17:06:02 [INFO]   Record 07: Event ID: EVT9536 | Event Name: GCC Club Championship Quarter Final | Sport: Football | Ve...
2026-03-24 17:06:02 [INFO]   Record 08: Event ID: EVT7928 | Event Name: GCC Club Championship Final | Sport: Basketball | Venue: A...
2026-03-24 17:06:02 [INFO] ------------------------------------------------------------------
2026-03-24 17:06:02 [INFO] File written successfully.
2026-03-24 17:06:02 [INFO]   Full path : /home/cloudera/mos_qatar_demo_poc/landing/mos_sports_events_20260324_170602.txt
2026-03-24 17:06:02 [INFO]   Size      : 2069 bytes
2026-03-24 17:06:02 [INFO]   Records   : 8
2026-03-24 17:06:02 [INFO] ==================================================================
2026-03-24 17:06:02 [INFO]   Generator Completed Successfully
2026-03-24 17:06:02 [INFO] ==================================================================
