2026-03-25 12:44:02 [INFO] ==================================================================
2026-03-25 12:44:02 [INFO]   MOS Qatar Demo - Sports Data Generator
2026-03-25 12:44:02 [INFO] ==================================================================
2026-03-25 12:44:02 [INFO] Config file   : /home/cloudera/mos_qatar_demo_poc/config/mos_qatar_demo.ini
2026-03-25 12:44:02 [INFO] Landing dir   : /home/cloudera/mos_qatar_demo_poc/landing
2026-03-25 12:44:02 [INFO] Output file   : mos_sports_events_20260325_124402.txt
2026-03-25 12:44:02 [INFO] Records count : 5
2026-03-25 12:44:02 [INFO] ------------------------------------------------------------------
2026-03-25 12:44:02 [INFO]   Record 01: Event ID: EVT1118 | Event Name: MOS Annual Charity Football Gala | Sport: Basketball | Ven...
2026-03-25 12:44:02 [INFO]   Record 02: Event ID: EVT1312 | Event Name: Ministry Invitational Friendly Tournament | Sport: Footbal...
2026-03-25 12:44:02 [INFO]   Record 03: Event ID: EVT2551 | Event Name: Gulf Cup Qualifier Round 1 | Sport: Swimming | Venue: Al T...
2026-03-25 12:44:02 [INFO]   Record 04: Event ID: EVT6167 | Event Name: Qatar Olympic Training Camp Evaluation | Sport: Football |...
2026-03-25 12:44:02 [INFO]   Record 05: Event ID: EVT4365 | Event Name: Gulf Youth Cup Final | Sport: Football | Venue: Al Wakrah ...
2026-03-25 12:44:02 [INFO] ------------------------------------------------------------------
2026-03-25 12:44:02 [INFO] File written successfully.
2026-03-25 12:44:02 [INFO]   Full path : /home/cloudera/mos_qatar_demo_poc/landing/mos_sports_events_20260325_124402.txt
2026-03-25 12:44:02 [INFO]   Size      : 1289 bytes
2026-03-25 12:44:02 [INFO]   Records   : 5
2026-03-25 12:44:02 [INFO] ==================================================================
2026-03-25 12:44:02 [INFO]   Generator Completed Successfully
2026-03-25 12:44:02 [INFO] ==================================================================
