2026-03-25 20:44:01 [INFO] ==================================================================
2026-03-25 20:44:01 [INFO]   MOS Qatar Demo - Sports Data Generator
2026-03-25 20:44:01 [INFO] ==================================================================
2026-03-25 20:44:01 [INFO] Config file   : /home/cloudera/mos_qatar_demo_poc/config/mos_qatar_demo.ini
2026-03-25 20:44:01 [INFO] Landing dir   : /home/cloudera/mos_qatar_demo_poc/landing
2026-03-25 20:44:01 [INFO] Output file   : mos_sports_events_20260325_204401.txt
2026-03-25 20:44:01 [INFO] Records count : 10
2026-03-25 20:44:01 [INFO] ------------------------------------------------------------------
2026-03-25 20:44:01 [INFO]   Record 01: Event ID: EVT3623 | Event Name: Qatar Cup Final | Sport: Football | Venue: Ahmad Bin Ali S...
2026-03-25 20:44:01 [INFO]   Record 02: Event ID: EVT8170 | Event Name: Qatar Premier League Match Day 12 | Sport: Football | Venu...
2026-03-25 20:44:01 [INFO]   Record 03: Event ID: EVT3414 | Event Name: Qatar Cup Semi Final | Sport: Handball | Venue: Lusail Sta...
2026-03-25 20:44:01 [INFO]   Record 04: Event ID: EVT8252 | Event Name: Gulf Youth Cup Quarter Final | Sport: Football | Venue: Ed...
2026-03-25 20:44:01 [INFO]   Record 05: Event ID: EVT6211 | Event Name: Qatar Cup Final | Sport: Football | Venue: Ahmad Bin Ali S...
2026-03-25 20:44:01 [INFO]   Record 06: Event ID: EVT7048 | Event Name: Arab Nations Championship Group Stage | Sport: Swimming | ...
2026-03-25 20:44:01 [INFO]   Record 07: Event ID: EVT3997 | Event Name: Qatar Olympic Training Camp Evaluation | Sport: Athletics ...
2026-03-25 20:44:01 [INFO]   Record 08: Event ID: EVT1542 | Event Name: Gulf Youth Cup Round 1 | Sport: Athletics | Venue: Al Wakr...
2026-03-25 20:44:01 [INFO]   Record 09: Event ID: EVT1080 | Event Name: GCC Club Championship Quarter Final | Sport: Handball | Ve...
2026-03-25 20:44:01 [INFO]   Record 10: Event ID: EVT3423 | Event Name: GCC Club Championship Semi Final | Sport: Football | Venue...
2026-03-25 20:44:01 [INFO] ------------------------------------------------------------------
2026-03-25 20:44:01 [INFO] File written successfully.
2026-03-25 20:44:01 [INFO]   Full path : /home/cloudera/mos_qatar_demo_poc/landing/mos_sports_events_20260325_204401.txt
2026-03-25 20:44:01 [INFO]   Size      : 2584 bytes
2026-03-25 20:44:01 [INFO]   Records   : 10
2026-03-25 20:44:01 [INFO] ==================================================================
2026-03-25 20:44:01 [INFO]   Generator Completed Successfully
2026-03-25 20:44:01 [INFO] ==================================================================
