2026-03-26 17:45:01 [INFO] ==================================================================
2026-03-26 17:45:01 [INFO]   MOS Qatar Demo - Sports Data Generator
2026-03-26 17:45:01 [INFO] ==================================================================
2026-03-26 17:45:01 [INFO] Config file   : /home/cloudera/mos_qatar_demo_poc/config/mos_qatar_demo.ini
2026-03-26 17:45:01 [INFO] Landing dir   : /home/cloudera/mos_qatar_demo_poc/landing
2026-03-26 17:45:01 [INFO] Output file   : mos_sports_events_20260326_174501.txt
2026-03-26 17:45:01 [INFO] Records count : 9
2026-03-26 17:45:01 [INFO] ------------------------------------------------------------------
2026-03-26 17:45:01 [INFO]   Record 01: Event ID: EVT9114 | Event Name: Ministry Youth Sports Day | Sport: Football | Venue: Aspir...
2026-03-26 17:45:01 [INFO]   Record 02: Event ID: EVT6352 | Event Name: National Day Football Celebration | Sport: Basketball | Ve...
2026-03-26 17:45:01 [INFO]   Record 03: Event ID: EVT2405 | Event Name: Qatar Olympic Training Camp Evaluation | Sport: Football |...
2026-03-26 17:45:01 [INFO]   Record 04: Event ID: EVT7105 | Event Name: Asian Qualifiers Warm-up Match | Sport: Football | Venue: ...
2026-03-26 17:45:01 [INFO]   Record 05: Event ID: EVT7000 | Event Name: GCC Club Championship Final | Sport: Basketball | Venue: A...
2026-03-26 17:45:01 [INFO]   Record 06: Event ID: EVT9041 | Event Name: Ministry Youth Sports Day | Sport: Football | Venue: Lusai...
2026-03-26 17:45:01 [INFO]   Record 07: Event ID: EVT9768 | Event Name: Gulf Youth Cup Quarter Final | Sport: Football | Venue: Al...
2026-03-26 17:45:01 [INFO]   Record 08: Event ID: EVT2422 | Event Name: Qatar Olympic Training Camp Evaluation | Sport: Football |...
2026-03-26 17:45:01 [INFO]   Record 09: Event ID: EVT9744 | Event Name: Qatar Under-20 Development League | Sport: Football | Venu...
2026-03-26 17:45:01 [INFO] ------------------------------------------------------------------
2026-03-26 17:45:01 [INFO] File written successfully.
2026-03-26 17:45:01 [INFO]   Full path : /home/cloudera/mos_qatar_demo_poc/landing/mos_sports_events_20260326_174501.txt
2026-03-26 17:45:01 [INFO]   Size      : 2335 bytes
2026-03-26 17:45:01 [INFO]   Records   : 9
2026-03-26 17:45:01 [INFO] ==================================================================
2026-03-26 17:45:01 [INFO]   Generator Completed Successfully
2026-03-26 17:45:01 [INFO] ==================================================================
