2026-03-24 22:39:02 [INFO] ==================================================================
2026-03-24 22:39:02 [INFO]   MOS Qatar Demo - Sports Data Generator
2026-03-24 22:39:02 [INFO] ==================================================================
2026-03-24 22:39:02 [INFO] Config file   : /home/cloudera/mos_qatar_demo_poc/config/mos_qatar_demo.ini
2026-03-24 22:39:02 [INFO] Landing dir   : /home/cloudera/mos_qatar_demo_poc/landing
2026-03-24 22:39:02 [INFO] Output file   : mos_sports_events_20260324_223902.txt
2026-03-24 22:39:02 [INFO] Records count : 7
2026-03-24 22:39:02 [INFO] ------------------------------------------------------------------
2026-03-24 22:39:02 [INFO]   Record 01: Event ID: EVT1838 | Event Name: Ministry Invitational Friendly Tournament | Sport: Basketb...
2026-03-24 22:39:02 [INFO]   Record 02: Event ID: EVT2663 | Event Name: MOS Annual Charity Football Gala | Sport: Swimming | Venue...
2026-03-24 22:39:02 [INFO]   Record 03: Event ID: EVT2838 | Event Name: Qatar Schools Football League | Sport: Handball | Venue: A...
2026-03-24 22:39:02 [INFO]   Record 04: Event ID: EVT9720 | Event Name: National Day Football Celebration | Sport: Football | Venu...
2026-03-24 22:39:02 [INFO]   Record 05: Event ID: EVT5870 | Event Name: Qatar Olympic Training Camp Evaluation | Sport: Athletics ...
2026-03-24 22:39:02 [INFO]   Record 06: Event ID: EVT6257 | Event Name: National Day Football Celebration | Sport: Athletics | Ven...
2026-03-24 22:39:02 [INFO]   Record 07: Event ID: EVT9326 | Event Name: Qatar Cup Final | Sport: Football | Venue: Al Bayt Stadium...
2026-03-24 22:39:02 [INFO] ------------------------------------------------------------------
2026-03-24 22:39:02 [INFO] File written successfully.
2026-03-24 22:39:02 [INFO]   Full path : /home/cloudera/mos_qatar_demo_poc/landing/mos_sports_events_20260324_223902.txt
2026-03-24 22:39:02 [INFO]   Size      : 1829 bytes
2026-03-24 22:39:02 [INFO]   Records   : 7
2026-03-24 22:39:02 [INFO] ==================================================================
2026-03-24 22:39:02 [INFO]   Generator Completed Successfully
2026-03-24 22:39:02 [INFO] ==================================================================
