2026-03-25 19:38:01 [INFO] ==================================================================
2026-03-25 19:38:01 [INFO]   MOS Qatar Demo - Sports Data Generator
2026-03-25 19:38:01 [INFO] ==================================================================
2026-03-25 19:38:01 [INFO] Config file   : /home/cloudera/mos_qatar_demo_poc/config/mos_qatar_demo.ini
2026-03-25 19:38:01 [INFO] Landing dir   : /home/cloudera/mos_qatar_demo_poc/landing
2026-03-25 19:38:01 [INFO] Output file   : mos_sports_events_20260325_193801.txt
2026-03-25 19:38:01 [INFO] Records count : 5
2026-03-25 19:38:01 [INFO] ------------------------------------------------------------------
2026-03-25 19:38:01 [INFO]   Record 01: Event ID: EVT4347 | Event Name: MOS Annual Charity Football Gala | Sport: Football | Venue...
2026-03-25 19:38:01 [INFO]   Record 02: Event ID: EVT2310 | Event Name: Asian Qualifiers Warm-up Match | Sport: Basketball | Venue...
2026-03-25 19:38:01 [INFO]   Record 03: Event ID: EVT3473 | Event Name: FIFA World Cup Qatar Legacy Match | Sport: Handball | Venu...
2026-03-25 19:38:01 [INFO]   Record 04: Event ID: EVT8397 | Event Name: Qatar Cup Final | Sport: Basketball | Venue: Al Janoub Sta...
2026-03-25 19:38:01 [INFO]   Record 05: Event ID: EVT9437 | Event Name: Qatar Cup Semi Final | Sport: Swimming | Venue: Al Janoub ...
2026-03-25 19:38:01 [INFO] ------------------------------------------------------------------
2026-03-25 19:38:01 [INFO] File written successfully.
2026-03-25 19:38:01 [INFO]   Full path : /home/cloudera/mos_qatar_demo_poc/landing/mos_sports_events_20260325_193801.txt
2026-03-25 19:38:01 [INFO]   Size      : 1258 bytes
2026-03-25 19:38:01 [INFO]   Records   : 5
2026-03-25 19:38:01 [INFO] ==================================================================
2026-03-25 19:38:01 [INFO]   Generator Completed Successfully
2026-03-25 19:38:01 [INFO] ==================================================================
