2026-03-27 12:27:02 [INFO] ==================================================================
2026-03-27 12:27:02 [INFO]   MOS Qatar Demo - Sports Data Generator
2026-03-27 12:27:02 [INFO] ==================================================================
2026-03-27 12:27:02 [INFO] Config file   : /home/cloudera/mos_qatar_demo_poc/config/mos_qatar_demo.ini
2026-03-27 12:27:02 [INFO] Landing dir   : /home/cloudera/mos_qatar_demo_poc/landing
2026-03-27 12:27:02 [INFO] Output file   : mos_sports_events_20260327_122702.txt
2026-03-27 12:27:02 [INFO] Records count : 4
2026-03-27 12:27:02 [INFO] ------------------------------------------------------------------
2026-03-27 12:27:02 [INFO]   Record 01: Event ID: EVT6273 | Event Name: Asian Qualifiers Warm-up Match | Sport: Volleyball | Venue...
2026-03-27 12:27:02 [INFO]   Record 02: Event ID: EVT9404 | Event Name: National Team Preparation Match | Sport: Football | Venue:...
2026-03-27 12:27:02 [INFO]   Record 03: Event ID: EVT7015 | Event Name: Qatar Schools Football League | Sport: Handball | Venue: A...
2026-03-27 12:27:02 [INFO]   Record 04: Event ID: EVT1782 | Event Name: GCC Club Championship Quarter Final | Sport: Football | Ve...
2026-03-27 12:27:02 [INFO] ------------------------------------------------------------------
2026-03-27 12:27:02 [INFO] File written successfully.
2026-03-27 12:27:02 [INFO]   Full path : /home/cloudera/mos_qatar_demo_poc/landing/mos_sports_events_20260327_122702.txt
2026-03-27 12:27:02 [INFO]   Size      : 1038 bytes
2026-03-27 12:27:02 [INFO]   Records   : 4
2026-03-27 12:27:02 [INFO] ==================================================================
2026-03-27 12:27:02 [INFO]   Generator Completed Successfully
2026-03-27 12:27:02 [INFO] ==================================================================
