2026-03-24 23:30:02 [INFO] ==================================================================
2026-03-24 23:30:02 [INFO]   MOS Qatar Demo - Sports Data Generator
2026-03-24 23:30:02 [INFO] ==================================================================
2026-03-24 23:30:02 [INFO] Config file   : /home/cloudera/mos_qatar_demo_poc/config/mos_qatar_demo.ini
2026-03-24 23:30:02 [INFO] Landing dir   : /home/cloudera/mos_qatar_demo_poc/landing
2026-03-24 23:30:02 [INFO] Output file   : mos_sports_events_20260324_233002.txt
2026-03-24 23:30:02 [INFO] Records count : 8
2026-03-24 23:30:02 [INFO] ------------------------------------------------------------------
2026-03-24 23:30:02 [INFO]   Record 01: Event ID: EVT7646 | Event Name: Qatar Premier League Match Day 12 | Sport: Swimming | Venu...
2026-03-24 23:30:02 [INFO]   Record 02: Event ID: EVT6158 | Event Name: Ramadan Football Festival | Sport: Basketball | Venue: Kha...
2026-03-24 23:30:02 [INFO]   Record 03: Event ID: EVT5885 | Event Name: Gulf Cup Qualifier Round 1 | Sport: Football | Venue: Ahma...
2026-03-24 23:30:02 [INFO]   Record 04: Event ID: EVT2986 | Event Name: Ministry Youth Sports Day | Sport: Handball | Venue: Educa...
2026-03-24 23:30:02 [INFO]   Record 05: Event ID: EVT8132 | Event Name: Qatar Under-20 Development League | Sport: Football | Venu...
2026-03-24 23:30:02 [INFO]   Record 06: Event ID: EVT8323 | Event Name: Qatar Cup Final | Sport: Football | Venue: Qatar Sports Cl...
2026-03-24 23:30:02 [INFO]   Record 07: Event ID: EVT5656 | Event Name: Gulf Youth Cup Quarter Final | Sport: Volleyball | Venue: ...
2026-03-24 23:30:02 [INFO]   Record 08: Event ID: EVT2729 | Event Name: Ramadan Football Festival | Sport: Football | Venue: Aspir...
2026-03-24 23:30:02 [INFO] ------------------------------------------------------------------
2026-03-24 23:30:02 [INFO] File written successfully.
2026-03-24 23:30:02 [INFO]   Full path : /home/cloudera/mos_qatar_demo_poc/landing/mos_sports_events_20260324_233002.txt
2026-03-24 23:30:02 [INFO]   Size      : 2030 bytes
2026-03-24 23:30:02 [INFO]   Records   : 8
2026-03-24 23:30:02 [INFO] ==================================================================
2026-03-24 23:30:02 [INFO]   Generator Completed Successfully
2026-03-24 23:30:02 [INFO] ==================================================================
