2026-03-24 20:23:01 [INFO] ==================================================================
2026-03-24 20:23:01 [INFO]   MOS Qatar Demo - Sports Data Generator
2026-03-24 20:23:01 [INFO] ==================================================================
2026-03-24 20:23:01 [INFO] Config file   : /home/cloudera/mos_qatar_demo_poc/config/mos_qatar_demo.ini
2026-03-24 20:23:01 [INFO] Landing dir   : /home/cloudera/mos_qatar_demo_poc/landing
2026-03-24 20:23:01 [INFO] Output file   : mos_sports_events_20260324_202301.txt
2026-03-24 20:23:01 [INFO] Records count : 8
2026-03-24 20:23:01 [INFO] ------------------------------------------------------------------
2026-03-24 20:23:01 [INFO]   Record 01: Event ID: EVT4652 | Event Name: Qatar Schools Football League | Sport: Handball | Venue: Q...
2026-03-24 20:23:01 [INFO]   Record 02: Event ID: EVT8730 | Event Name: MOS Annual Charity Football Gala | Sport: Athletics | Venu...
2026-03-24 20:23:01 [INFO]   Record 03: Event ID: EVT4612 | Event Name: Arab Nations Championship Group Stage | Sport: Football | ...
2026-03-24 20:23:01 [INFO]   Record 04: Event ID: EVT7872 | Event Name: Ramadan Football Festival | Sport: Volleyball | Venue: Al ...
2026-03-24 20:23:01 [INFO]   Record 05: Event ID: EVT8149 | Event Name: Ramadan Football Festival | Sport: Volleyball | Venue: Qat...
2026-03-24 20:23:01 [INFO]   Record 06: Event ID: EVT4584 | Event Name: Qatar Under-20 Development League | Sport: Football | Venu...
2026-03-24 20:23:01 [INFO]   Record 07: Event ID: EVT5085 | Event Name: Ministry Invitational Friendly Tournament | Sport: Basketb...
2026-03-24 20:23:01 [INFO]   Record 08: Event ID: EVT8647 | Event Name: FIFA World Cup Qatar Legacy Match | Sport: Football | Venu...
2026-03-24 20:23:01 [INFO] ------------------------------------------------------------------
2026-03-24 20:23:01 [INFO] File written successfully.
2026-03-24 20:23:01 [INFO]   Full path : /home/cloudera/mos_qatar_demo_poc/landing/mos_sports_events_20260324_202301.txt
2026-03-24 20:23:01 [INFO]   Size      : 2082 bytes
2026-03-24 20:23:01 [INFO]   Records   : 8
2026-03-24 20:23:01 [INFO] ==================================================================
2026-03-24 20:23:01 [INFO]   Generator Completed Successfully
2026-03-24 20:23:01 [INFO] ==================================================================
