2026-03-25 11:10:01 [INFO] ==================================================================
2026-03-25 11:10:01 [INFO]   MOS Qatar Demo - Sports Data Generator
2026-03-25 11:10:01 [INFO] ==================================================================
2026-03-25 11:10:01 [INFO] Config file   : /home/cloudera/mos_qatar_demo_poc/config/mos_qatar_demo.ini
2026-03-25 11:10:01 [INFO] Landing dir   : /home/cloudera/mos_qatar_demo_poc/landing
2026-03-25 11:10:01 [INFO] Output file   : mos_sports_events_20260325_111001.txt
2026-03-25 11:10:01 [INFO] Records count : 5
2026-03-25 11:10:01 [INFO] ------------------------------------------------------------------
2026-03-25 11:10:01 [INFO]   Record 01: Event ID: EVT8141 | Event Name: Gulf Youth Cup Round 1 | Sport: Swimming | Venue: Al Wakra...
2026-03-25 11:10:01 [INFO]   Record 02: Event ID: EVT7004 | Event Name: Gulf Youth Cup Round 2 | Sport: Football | Venue: Educatio...
2026-03-25 11:10:01 [INFO]   Record 03: Event ID: EVT2112 | Event Name: Qatar Cup Semi Final | Sport: Football | Venue: Lusail Sta...
2026-03-25 11:10:01 [INFO]   Record 04: Event ID: EVT9710 | Event Name: Gulf Cup Qualifier Round 1 | Sport: Basketball | Venue: Qa...
2026-03-25 11:10:01 [INFO]   Record 05: Event ID: EVT8686 | Event Name: GCC Club Championship Semi Final | Sport: Football | Venue...
2026-03-25 11:10:01 [INFO] ------------------------------------------------------------------
2026-03-25 11:10:01 [INFO] File written successfully.
2026-03-25 11:10:01 [INFO]   Full path : /home/cloudera/mos_qatar_demo_poc/landing/mos_sports_events_20260325_111001.txt
2026-03-25 11:10:01 [INFO]   Size      : 1251 bytes
2026-03-25 11:10:01 [INFO]   Records   : 5
2026-03-25 11:10:01 [INFO] ==================================================================
2026-03-25 11:10:01 [INFO]   Generator Completed Successfully
2026-03-25 11:10:01 [INFO] ==================================================================
