2026-03-27 20:19:01 [INFO] ==================================================================
2026-03-27 20:19:01 [INFO]   MOS Qatar Demo - Sports Data Generator
2026-03-27 20:19:01 [INFO] ==================================================================
2026-03-27 20:19:01 [INFO] Config file   : /home/cloudera/mos_qatar_demo_poc/config/mos_qatar_demo.ini
2026-03-27 20:19:01 [INFO] Landing dir   : /home/cloudera/mos_qatar_demo_poc/landing
2026-03-27 20:19:01 [INFO] Output file   : mos_sports_events_20260327_201901.txt
2026-03-27 20:19:01 [INFO] Records count : 8
2026-03-27 20:19:01 [INFO] ------------------------------------------------------------------
2026-03-27 20:19:01 [INFO]   Record 01: Event ID: EVT9986 | Event Name: Ministry Youth Sports Day | Sport: Swimming | Venue: Khali...
2026-03-27 20:19:01 [INFO]   Record 02: Event ID: EVT2308 | Event Name: National Team Preparation Match | Sport: Basketball | Venu...
2026-03-27 20:19:01 [INFO]   Record 03: Event ID: EVT9133 | Event Name: Gulf Cup Qualifier Round 1 | Sport: Football | Venue: Qata...
2026-03-27 20:19:01 [INFO]   Record 04: Event ID: EVT6898 | Event Name: MOS Annual Charity Football Gala | Sport: Handball | Venue...
2026-03-27 20:19:01 [INFO]   Record 05: Event ID: EVT4321 | Event Name: Gulf Youth Cup Round 2 | Sport: Swimming | Venue: Aspire Z...
2026-03-27 20:19:01 [INFO]   Record 06: Event ID: EVT8967 | Event Name: Gulf Youth Cup Round 1 | Sport: Football | Venue: Qatar Sp...
2026-03-27 20:19:01 [INFO]   Record 07: Event ID: EVT3182 | Event Name: Arab Nations Championship Semi Final | Sport: Basketball |...
2026-03-27 20:19:01 [INFO]   Record 08: Event ID: EVT9367 | Event Name: Qatar Premier League Match Day 12 | Sport: Athletics | Ven...
2026-03-27 20:19:01 [INFO] ------------------------------------------------------------------
2026-03-27 20:19:01 [INFO] File written successfully.
2026-03-27 20:19:01 [INFO]   Full path : /home/cloudera/mos_qatar_demo_poc/landing/mos_sports_events_20260327_201901.txt
2026-03-27 20:19:01 [INFO]   Size      : 2074 bytes
2026-03-27 20:19:01 [INFO]   Records   : 8
2026-03-27 20:19:01 [INFO] ==================================================================
2026-03-27 20:19:01 [INFO]   Generator Completed Successfully
2026-03-27 20:19:01 [INFO] ==================================================================
