2026-03-27 08:56:01 [INFO] ==================================================================
2026-03-27 08:56:01 [INFO]   MOS Qatar Demo - Sports Data Generator
2026-03-27 08:56:01 [INFO] ==================================================================
2026-03-27 08:56:01 [INFO] Config file   : /home/cloudera/mos_qatar_demo_poc/config/mos_qatar_demo.ini
2026-03-27 08:56:01 [INFO] Landing dir   : /home/cloudera/mos_qatar_demo_poc/landing
2026-03-27 08:56:01 [INFO] Output file   : mos_sports_events_20260327_085601.txt
2026-03-27 08:56:01 [INFO] Records count : 5
2026-03-27 08:56:01 [INFO] ------------------------------------------------------------------
2026-03-27 08:56:01 [INFO]   Record 01: Event ID: EVT4945 | Event Name: Asian Qualifiers Warm-up Match | Sport: Swimming | Venue: ...
2026-03-27 08:56:01 [INFO]   Record 02: Event ID: EVT9465 | Event Name: Doha Sports Festival Opening Match | Sport: Handball | Ven...
2026-03-27 08:56:01 [INFO]   Record 03: Event ID: EVT8542 | Event Name: Qatar Cup Final | Sport: Swimming | Venue: Lusail Stadium ...
2026-03-27 08:56:01 [INFO]   Record 04: Event ID: EVT2611 | Event Name: Arab Nations Championship Group Stage | Sport: Football | ...
2026-03-27 08:56:01 [INFO]   Record 05: Event ID: EVT2109 | Event Name: Gulf Youth Cup Round 1 | Sport: Swimming | Venue: Aspire Z...
2026-03-27 08:56:01 [INFO] ------------------------------------------------------------------
2026-03-27 08:56:01 [INFO] File written successfully.
2026-03-27 08:56:01 [INFO]   Full path : /home/cloudera/mos_qatar_demo_poc/landing/mos_sports_events_20260327_085601.txt
2026-03-27 08:56:01 [INFO]   Size      : 1258 bytes
2026-03-27 08:56:01 [INFO]   Records   : 5
2026-03-27 08:56:01 [INFO] ==================================================================
2026-03-27 08:56:01 [INFO]   Generator Completed Successfully
2026-03-27 08:56:01 [INFO] ==================================================================
