2026-03-24 21:47:01 [INFO] ==================================================================
2026-03-24 21:47:01 [INFO]   MOS Qatar Demo - Sports Data Generator
2026-03-24 21:47:01 [INFO] ==================================================================
2026-03-24 21:47:01 [INFO] Config file   : /home/cloudera/mos_qatar_demo_poc/config/mos_qatar_demo.ini
2026-03-24 21:47:01 [INFO] Landing dir   : /home/cloudera/mos_qatar_demo_poc/landing
2026-03-24 21:47:01 [INFO] Output file   : mos_sports_events_20260324_214701.txt
2026-03-24 21:47:01 [INFO] Records count : 9
2026-03-24 21:47:01 [INFO] ------------------------------------------------------------------
2026-03-24 21:47:01 [INFO]   Record 01: Event ID: EVT8062 | Event Name: Qatar Schools Football League | Sport: Football | Venue: A...
2026-03-24 21:47:01 [INFO]   Record 02: Event ID: EVT8493 | Event Name: National Team Preparation Match | Sport: Handball | Venue:...
2026-03-24 21:47:01 [INFO]   Record 03: Event ID: EVT5799 | Event Name: GCC Club Championship Final | Sport: Swimming | Venue: Al ...
2026-03-24 21:47:01 [INFO]   Record 04: Event ID: EVT8093 | Event Name: Arab Nations Championship Semi Final | Sport: Football | V...
2026-03-24 21:47:01 [INFO]   Record 05: Event ID: EVT4048 | Event Name: National Team Preparation Match | Sport: Football | Venue:...
2026-03-24 21:47:01 [INFO]   Record 06: Event ID: EVT7050 | Event Name: Gulf Youth Cup Quarter Final | Sport: Football | Venue: Ed...
2026-03-24 21:47:01 [INFO]   Record 07: Event ID: EVT9596 | Event Name: Qatar Premier League Match Day 12 | Sport: Volleyball | Ve...
2026-03-24 21:47:01 [INFO]   Record 08: Event ID: EVT3982 | Event Name: GCC Club Championship Quarter Final | Sport: Football | Ve...
2026-03-24 21:47:01 [INFO]   Record 09: Event ID: EVT8296 | Event Name: GCC Club Championship Quarter Final | Sport: Football | Ve...
2026-03-24 21:47:01 [INFO] ------------------------------------------------------------------
2026-03-24 21:47:01 [INFO] File written successfully.
2026-03-24 21:47:01 [INFO]   Full path : /home/cloudera/mos_qatar_demo_poc/landing/mos_sports_events_20260324_214701.txt
2026-03-24 21:47:01 [INFO]   Size      : 2321 bytes
2026-03-24 21:47:01 [INFO]   Records   : 9
2026-03-24 21:47:01 [INFO] ==================================================================
2026-03-24 21:47:01 [INFO]   Generator Completed Successfully
2026-03-24 21:47:01 [INFO] ==================================================================
