2026-03-26 21:18:01 [INFO] ==================================================================
2026-03-26 21:18:01 [INFO]   MOS Qatar Demo - Sports Data Generator
2026-03-26 21:18:01 [INFO] ==================================================================
2026-03-26 21:18:01 [INFO] Config file   : /home/cloudera/mos_qatar_demo_poc/config/mos_qatar_demo.ini
2026-03-26 21:18:01 [INFO] Landing dir   : /home/cloudera/mos_qatar_demo_poc/landing
2026-03-26 21:18:01 [INFO] Output file   : mos_sports_events_20260326_211801.txt
2026-03-26 21:18:01 [INFO] Records count : 10
2026-03-26 21:18:01 [INFO] ------------------------------------------------------------------
2026-03-26 21:18:01 [INFO]   Record 01: Event ID: EVT2658 | Event Name: Arab Nations Championship Semi Final | Sport: Football | V...
2026-03-26 21:18:01 [INFO]   Record 02: Event ID: EVT4359 | Event Name: Gulf Cup Qualifier Round 1 | Sport: Swimming | Venue: Qata...
2026-03-26 21:18:01 [INFO]   Record 03: Event ID: EVT2159 | Event Name: GCC Club Championship Quarter Final | Sport: Athletics | V...
2026-03-26 21:18:01 [INFO]   Record 04: Event ID: EVT5371 | Event Name: National Day Football Celebration | Sport: Athletics | Ven...
2026-03-26 21:18:01 [INFO]   Record 05: Event ID: EVT6358 | Event Name: National Day Football Celebration | Sport: Football | Venu...
2026-03-26 21:18:01 [INFO]   Record 06: Event ID: EVT8996 | Event Name: Qatar Under-20 Development League | Sport: Football | Venu...
2026-03-26 21:18:01 [INFO]   Record 07: Event ID: EVT1984 | Event Name: National Team Preparation Match | Sport: Volleyball | Venu...
2026-03-26 21:18:01 [INFO]   Record 08: Event ID: EVT5553 | Event Name: Qatar Cup Final | Sport: Volleyball | Venue: Qatar Sports ...
2026-03-26 21:18:01 [INFO]   Record 09: Event ID: EVT7129 | Event Name: Ramadan Football Festival | Sport: Volleyball | Venue: Al ...
2026-03-26 21:18:01 [INFO]   Record 10: Event ID: EVT5723 | Event Name: Gulf Youth Cup Round 2 | Sport: Football | Venue: Khalifa ...
2026-03-26 21:18:01 [INFO] ------------------------------------------------------------------
2026-03-26 21:18:01 [INFO] File written successfully.
2026-03-26 21:18:01 [INFO]   Full path : /home/cloudera/mos_qatar_demo_poc/landing/mos_sports_events_20260326_211801.txt
2026-03-26 21:18:01 [INFO]   Size      : 2567 bytes
2026-03-26 21:18:01 [INFO]   Records   : 10
2026-03-26 21:18:01 [INFO] ==================================================================
2026-03-26 21:18:01 [INFO]   Generator Completed Successfully
2026-03-26 21:18:01 [INFO] ==================================================================
