2026-03-24 15:19:02 [INFO] ==================================================================
2026-03-24 15:19:02 [INFO]   MOS Qatar Demo - Sports Data Generator
2026-03-24 15:19:02 [INFO] ==================================================================
2026-03-24 15:19:02 [INFO] Config file   : /home/cloudera/mos_qatar_demo_poc/config/mos_qatar_demo.ini
2026-03-24 15:19:02 [INFO] Landing dir   : /home/cloudera/mos_qatar_demo_poc/landing
2026-03-24 15:19:02 [INFO] Output file   : mos_sports_events_20260324_151902.txt
2026-03-24 15:19:02 [INFO] Records count : 10
2026-03-24 15:19:02 [INFO] ------------------------------------------------------------------
2026-03-24 15:19:02 [INFO]   Record 01: Event ID: EVT5206 | Event Name: GCC Club Championship Quarter Final | Sport: Basketball | ...
2026-03-24 15:19:02 [INFO]   Record 02: Event ID: EVT1204 | Event Name: National Team Preparation Match | Sport: Basketball | Venu...
2026-03-24 15:19:02 [INFO]   Record 03: Event ID: EVT8019 | Event Name: Asian Qualifiers Warm-up Match | Sport: Swimming | Venue: ...
2026-03-24 15:19:02 [INFO]   Record 04: Event ID: EVT5576 | Event Name: GCC Club Championship Quarter Final | Sport: Handball | Ve...
2026-03-24 15:19:02 [INFO]   Record 05: Event ID: EVT8061 | Event Name: Arab Nations Championship Group Stage | Sport: Football | ...
2026-03-24 15:19:02 [INFO]   Record 06: Event ID: EVT9141 | Event Name: Qatar Premier League Match Day 8 | Sport: Handball | Venue...
2026-03-24 15:19:02 [INFO]   Record 07: Event ID: EVT1504 | Event Name: FIFA World Cup Qatar Legacy Match | Sport: Football | Venu...
2026-03-24 15:19:02 [INFO]   Record 08: Event ID: EVT7512 | Event Name: Qatar Under-20 Development League | Sport: Swimming | Venu...
2026-03-24 15:19:02 [INFO]   Record 09: Event ID: EVT5368 | Event Name: Qatar Cup Semi Final | Sport: Volleyball | Venue: Al Bayt ...
2026-03-24 15:19:02 [INFO]   Record 10: Event ID: EVT7289 | Event Name: FIFA World Cup Qatar Legacy Match | Sport: Basketball | Ve...
2026-03-24 15:19:02 [INFO] ------------------------------------------------------------------
2026-03-24 15:19:02 [INFO] File written successfully.
2026-03-24 15:19:02 [INFO]   Full path : /home/cloudera/mos_qatar_demo_poc/landing/mos_sports_events_20260324_151902.txt
2026-03-24 15:19:02 [INFO]   Size      : 2625 bytes
2026-03-24 15:19:02 [INFO]   Records   : 10
2026-03-24 15:19:02 [INFO] ==================================================================
2026-03-24 15:19:02 [INFO]   Generator Completed Successfully
2026-03-24 15:19:02 [INFO] ==================================================================
