2026-03-27 11:15:02 [INFO] ==================================================================
2026-03-27 11:15:02 [INFO]   MOS Qatar Demo - Sports Data Generator
2026-03-27 11:15:02 [INFO] ==================================================================
2026-03-27 11:15:02 [INFO] Config file   : /home/cloudera/mos_qatar_demo_poc/config/mos_qatar_demo.ini
2026-03-27 11:15:02 [INFO] Landing dir   : /home/cloudera/mos_qatar_demo_poc/landing
2026-03-27 11:15:02 [INFO] Output file   : mos_sports_events_20260327_111502.txt
2026-03-27 11:15:02 [INFO] Records count : 6
2026-03-27 11:15:02 [INFO] ------------------------------------------------------------------
2026-03-27 11:15:02 [INFO]   Record 01: Event ID: EVT6001 | Event Name: Qatar Premier League Match Day 5 | Sport: Volleyball | Ven...
2026-03-27 11:15:02 [INFO]   Record 02: Event ID: EVT3413 | Event Name: GCC Club Championship Semi Final | Sport: Volleyball | Ven...
2026-03-27 11:15:02 [INFO]   Record 03: Event ID: EVT5557 | Event Name: Qatar Cup Final | Sport: Football | Venue: Aspire Zone Are...
2026-03-27 11:15:02 [INFO]   Record 04: Event ID: EVT9240 | Event Name: GCC Club Championship Final | Sport: Athletics | Venue: Al...
2026-03-27 11:15:02 [INFO]   Record 05: Event ID: EVT8880 | Event Name: GCC Club Championship Final | Sport: Handball | Venue: Edu...
2026-03-27 11:15:02 [INFO]   Record 06: Event ID: EVT7326 | Event Name: FIFA World Cup Qatar Legacy Match | Sport: Football | Venu...
2026-03-27 11:15:02 [INFO] ------------------------------------------------------------------
2026-03-27 11:15:02 [INFO] File written successfully.
2026-03-27 11:15:02 [INFO]   Full path : /home/cloudera/mos_qatar_demo_poc/landing/mos_sports_events_20260327_111502.txt
2026-03-27 11:15:02 [INFO]   Size      : 1540 bytes
2026-03-27 11:15:02 [INFO]   Records   : 6
2026-03-27 11:15:02 [INFO] ==================================================================
2026-03-27 11:15:02 [INFO]   Generator Completed Successfully
2026-03-27 11:15:02 [INFO] ==================================================================
