2026-03-26 17:00:01 [INFO] ==================================================================
2026-03-26 17:00:01 [INFO]   MOS Qatar Demo - Sports Data Generator
2026-03-26 17:00:01 [INFO] ==================================================================
2026-03-26 17:00:01 [INFO] Config file   : /home/cloudera/mos_qatar_demo_poc/config/mos_qatar_demo.ini
2026-03-26 17:00:01 [INFO] Landing dir   : /home/cloudera/mos_qatar_demo_poc/landing
2026-03-26 17:00:01 [INFO] Output file   : mos_sports_events_20260326_170001.txt
2026-03-26 17:00:01 [INFO] Records count : 5
2026-03-26 17:00:01 [INFO] ------------------------------------------------------------------
2026-03-26 17:00:01 [INFO]   Record 01: Event ID: EVT5879 | Event Name: GCC Club Championship Semi Final | Sport: Volleyball | Ven...
2026-03-26 17:00:01 [INFO]   Record 02: Event ID: EVT7577 | Event Name: Doha Sports Festival Opening Match | Sport: Athletics | Ve...
2026-03-26 17:00:01 [INFO]   Record 03: Event ID: EVT1568 | Event Name: Arab Nations Championship Group Stage | Sport: Handball | ...
2026-03-26 17:00:01 [INFO]   Record 04: Event ID: EVT2241 | Event Name: Ministry Youth Sports Day | Sport: Football | Venue: Khali...
2026-03-26 17:00:01 [INFO]   Record 05: Event ID: EVT3280 | Event Name: Ramadan Football Festival | Sport: Swimming | Venue: Aspir...
2026-03-26 17:00:01 [INFO] ------------------------------------------------------------------
2026-03-26 17:00:01 [INFO] File written successfully.
2026-03-26 17:00:01 [INFO]   Full path : /home/cloudera/mos_qatar_demo_poc/landing/mos_sports_events_20260326_170001.txt
2026-03-26 17:00:01 [INFO]   Size      : 1274 bytes
2026-03-26 17:00:01 [INFO]   Records   : 5
2026-03-26 17:00:01 [INFO] ==================================================================
2026-03-26 17:00:01 [INFO]   Generator Completed Successfully
2026-03-26 17:00:01 [INFO] ==================================================================
