2026-03-27 23:09:02 [INFO] ==================================================================
2026-03-27 23:09:02 [INFO]   MOS Qatar Demo - Sports Data Generator
2026-03-27 23:09:02 [INFO] ==================================================================
2026-03-27 23:09:02 [INFO] Config file   : /home/cloudera/mos_qatar_demo_poc/config/mos_qatar_demo.ini
2026-03-27 23:09:02 [INFO] Landing dir   : /home/cloudera/mos_qatar_demo_poc/landing
2026-03-27 23:09:02 [INFO] Output file   : mos_sports_events_20260327_230902.txt
2026-03-27 23:09:02 [INFO] Records count : 5
2026-03-27 23:09:02 [INFO] ------------------------------------------------------------------
2026-03-27 23:09:02 [INFO]   Record 01: Event ID: EVT8253 | Event Name: Gulf Cup Qualifier Round 1 | Sport: Football | Venue: Al B...
2026-03-27 23:09:02 [INFO]   Record 02: Event ID: EVT3197 | Event Name: Arab Nations Championship Group Stage | Sport: Football | ...
2026-03-27 23:09:02 [INFO]   Record 03: Event ID: EVT4224 | Event Name: Ministry Invitational Friendly Tournament | Sport: Basketb...
2026-03-27 23:09:02 [INFO]   Record 04: Event ID: EVT2180 | Event Name: Qatar Cup Semi Final | Sport: Volleyball | Venue: Al Janou...
2026-03-27 23:09:02 [INFO]   Record 05: Event ID: EVT5335 | Event Name: Qatar Schools Football League | Sport: Swimming | Venue: A...
2026-03-27 23:09:02 [INFO] ------------------------------------------------------------------
2026-03-27 23:09:02 [INFO] File written successfully.
2026-03-27 23:09:02 [INFO]   Full path : /home/cloudera/mos_qatar_demo_poc/landing/mos_sports_events_20260327_230902.txt
2026-03-27 23:09:02 [INFO]   Size      : 1323 bytes
2026-03-27 23:09:02 [INFO]   Records   : 5
2026-03-27 23:09:02 [INFO] ==================================================================
2026-03-27 23:09:02 [INFO]   Generator Completed Successfully
2026-03-27 23:09:02 [INFO] ==================================================================
