2026-03-25 13:51:01 [INFO] ==================================================================
2026-03-25 13:51:01 [INFO]   MOS Qatar Demo - Sports Data Generator
2026-03-25 13:51:01 [INFO] ==================================================================
2026-03-25 13:51:01 [INFO] Config file   : /home/cloudera/mos_qatar_demo_poc/config/mos_qatar_demo.ini
2026-03-25 13:51:01 [INFO] Landing dir   : /home/cloudera/mos_qatar_demo_poc/landing
2026-03-25 13:51:01 [INFO] Output file   : mos_sports_events_20260325_135101.txt
2026-03-25 13:51:01 [INFO] Records count : 6
2026-03-25 13:51:01 [INFO] ------------------------------------------------------------------
2026-03-25 13:51:01 [INFO]   Record 01: Event ID: EVT7696 | Event Name: Gulf Youth Cup Round 2 | Sport: Football | Venue: Al Janou...
2026-03-25 13:51:01 [INFO]   Record 02: Event ID: EVT7066 | Event Name: Qatar Premier League Match Day 12 | Sport: Basketball | Ve...
2026-03-25 13:51:01 [INFO]   Record 03: Event ID: EVT7233 | Event Name: Qatar Schools Football League | Sport: Football | Venue: A...
2026-03-25 13:51:01 [INFO]   Record 04: Event ID: EVT6262 | Event Name: Gulf Youth Cup Round 2 | Sport: Volleyball | Venue: Khalif...
2026-03-25 13:51:01 [INFO]   Record 05: Event ID: EVT5473 | Event Name: National Day Football Celebration | Sport: Football | Venu...
2026-03-25 13:51:01 [INFO]   Record 06: Event ID: EVT2161 | Event Name: Gulf Cup Qualifier Round 1 | Sport: Athletics | Venue: Lus...
2026-03-25 13:51:01 [INFO] ------------------------------------------------------------------
2026-03-25 13:51:01 [INFO] File written successfully.
2026-03-25 13:51:01 [INFO]   Full path : /home/cloudera/mos_qatar_demo_poc/landing/mos_sports_events_20260325_135101.txt
2026-03-25 13:51:01 [INFO]   Size      : 1561 bytes
2026-03-25 13:51:01 [INFO]   Records   : 6
2026-03-25 13:51:01 [INFO] ==================================================================
2026-03-25 13:51:01 [INFO]   Generator Completed Successfully
2026-03-25 13:51:01 [INFO] ==================================================================
