2026-03-27 06:40:01 [INFO] ==================================================================
2026-03-27 06:40:01 [INFO]   MOS Qatar Demo - Sports Data Generator
2026-03-27 06:40:01 [INFO] ==================================================================
2026-03-27 06:40:01 [INFO] Config file   : /home/cloudera/mos_qatar_demo_poc/config/mos_qatar_demo.ini
2026-03-27 06:40:01 [INFO] Landing dir   : /home/cloudera/mos_qatar_demo_poc/landing
2026-03-27 06:40:01 [INFO] Output file   : mos_sports_events_20260327_064001.txt
2026-03-27 06:40:01 [INFO] Records count : 10
2026-03-27 06:40:01 [INFO] ------------------------------------------------------------------
2026-03-27 06:40:01 [INFO]   Record 01: Event ID: EVT9495 | Event Name: Qatar Premier League Match Day 12 | Sport: Football | Venu...
2026-03-27 06:40:01 [INFO]   Record 02: Event ID: EVT1708 | Event Name: Asian Qualifiers Warm-up Match | Sport: Football | Venue: ...
2026-03-27 06:40:01 [INFO]   Record 03: Event ID: EVT8376 | Event Name: Qatar Under-20 Development League | Sport: Volleyball | Ve...
2026-03-27 06:40:01 [INFO]   Record 04: Event ID: EVT6085 | Event Name: Gulf Youth Cup Semi Final | Sport: Basketball | Venue: Lus...
2026-03-27 06:40:01 [INFO]   Record 05: Event ID: EVT6997 | Event Name: Gulf Youth Cup Round 1 | Sport: Football | Venue: Aspire Z...
2026-03-27 06:40:01 [INFO]   Record 06: Event ID: EVT4755 | Event Name: GCC Club Championship Final | Sport: Football | Venue: Asp...
2026-03-27 06:40:01 [INFO]   Record 07: Event ID: EVT7831 | Event Name: MOS Annual Charity Football Gala | Sport: Football | Venue...
2026-03-27 06:40:01 [INFO]   Record 08: Event ID: EVT7136 | Event Name: FIFA World Cup Qatar Legacy Match | Sport: Football | Venu...
2026-03-27 06:40:01 [INFO]   Record 09: Event ID: EVT2749 | Event Name: Ministry Invitational Friendly Tournament | Sport: Footbal...
2026-03-27 06:40:01 [INFO]   Record 10: Event ID: EVT9845 | Event Name: Ramadan Football Festival | Sport: Basketball | Venue: Asp...
2026-03-27 06:40:01 [INFO] ------------------------------------------------------------------
2026-03-27 06:40:01 [INFO] File written successfully.
2026-03-27 06:40:01 [INFO]   Full path : /home/cloudera/mos_qatar_demo_poc/landing/mos_sports_events_20260327_064001.txt
2026-03-27 06:40:01 [INFO]   Size      : 2581 bytes
2026-03-27 06:40:01 [INFO]   Records   : 10
2026-03-27 06:40:01 [INFO] ==================================================================
2026-03-27 06:40:01 [INFO]   Generator Completed Successfully
2026-03-27 06:40:01 [INFO] ==================================================================
