2026-03-26 05:47:01 [INFO] ==================================================================
2026-03-26 05:47:01 [INFO]   MOS Qatar Demo - Sports Data Generator
2026-03-26 05:47:01 [INFO] ==================================================================
2026-03-26 05:47:01 [INFO] Config file   : /home/cloudera/mos_qatar_demo_poc/config/mos_qatar_demo.ini
2026-03-26 05:47:01 [INFO] Landing dir   : /home/cloudera/mos_qatar_demo_poc/landing
2026-03-26 05:47:01 [INFO] Output file   : mos_sports_events_20260326_054701.txt
2026-03-26 05:47:01 [INFO] Records count : 9
2026-03-26 05:47:01 [INFO] ------------------------------------------------------------------
2026-03-26 05:47:01 [INFO]   Record 01: Event ID: EVT2456 | Event Name: National Day Football Celebration | Sport: Athletics | Ven...
2026-03-26 05:47:01 [INFO]   Record 02: Event ID: EVT4369 | Event Name: Arab Nations Championship Semi Final | Sport: Football | V...
2026-03-26 05:47:01 [INFO]   Record 03: Event ID: EVT6825 | Event Name: GCC Club Championship Final | Sport: Football | Venue: Edu...
2026-03-26 05:47:01 [INFO]   Record 04: Event ID: EVT9583 | Event Name: Qatar Olympic Training Camp Evaluation | Sport: Football |...
2026-03-26 05:47:01 [INFO]   Record 05: Event ID: EVT5281 | Event Name: Qatar Premier League Match Day 5 | Sport: Athletics | Venu...
2026-03-26 05:47:01 [INFO]   Record 06: Event ID: EVT1873 | Event Name: Gulf Youth Cup Semi Final | Sport: Football | Venue: Al Wa...
2026-03-26 05:47:01 [INFO]   Record 07: Event ID: EVT8997 | Event Name: FIFA World Cup Qatar Legacy Match | Sport: Football | Venu...
2026-03-26 05:47:01 [INFO]   Record 08: Event ID: EVT3650 | Event Name: Asian Qualifiers Warm-up Match | Sport: Volleyball | Venue...
2026-03-26 05:47:01 [INFO]   Record 09: Event ID: EVT6729 | Event Name: Doha Sports Festival Opening Match | Sport: Football | Ven...
2026-03-26 05:47:01 [INFO] ------------------------------------------------------------------
2026-03-26 05:47:01 [INFO] File written successfully.
2026-03-26 05:47:01 [INFO]   Full path : /home/cloudera/mos_qatar_demo_poc/landing/mos_sports_events_20260326_054701.txt
2026-03-26 05:47:01 [INFO]   Size      : 2360 bytes
2026-03-26 05:47:01 [INFO]   Records   : 9
2026-03-26 05:47:01 [INFO] ==================================================================
2026-03-26 05:47:01 [INFO]   Generator Completed Successfully
2026-03-26 05:47:01 [INFO] ==================================================================
