2026-03-27 00:02:01 [INFO] ==================================================================
2026-03-27 00:02:01 [INFO]   MOS Qatar Demo - Sports Data Generator
2026-03-27 00:02:01 [INFO] ==================================================================
2026-03-27 00:02:01 [INFO] Config file   : /home/cloudera/mos_qatar_demo_poc/config/mos_qatar_demo.ini
2026-03-27 00:02:01 [INFO] Landing dir   : /home/cloudera/mos_qatar_demo_poc/landing
2026-03-27 00:02:01 [INFO] Output file   : mos_sports_events_20260327_000201.txt
2026-03-27 00:02:01 [INFO] Records count : 7
2026-03-27 00:02:01 [INFO] ------------------------------------------------------------------
2026-03-27 00:02:01 [INFO]   Record 01: Event ID: EVT7482 | Event Name: Gulf Youth Cup Final | Sport: Football | Venue: Education ...
2026-03-27 00:02:01 [INFO]   Record 02: Event ID: EVT5435 | Event Name: Qatar Olympic Training Camp Evaluation | Sport: Football |...
2026-03-27 00:02:01 [INFO]   Record 03: Event ID: EVT5646 | Event Name: Qatar Cup Final | Sport: Football | Venue: Ahmad Bin Ali S...
2026-03-27 00:02:01 [INFO]   Record 04: Event ID: EVT3091 | Event Name: Gulf Cup Qualifier Round 1 | Sport: Football | Venue: Al T...
2026-03-27 00:02:01 [INFO]   Record 05: Event ID: EVT3290 | Event Name: Gulf Cup Qualifier Round 1 | Sport: Swimming | Venue: Al J...
2026-03-27 00:02:01 [INFO]   Record 06: Event ID: EVT4109 | Event Name: MOS Annual Charity Football Gala | Sport: Swimming | Venue...
2026-03-27 00:02:01 [INFO]   Record 07: Event ID: EVT9437 | Event Name: GCC Club Championship Final | Sport: Swimming | Venue: Qat...
2026-03-27 00:02:01 [INFO] ------------------------------------------------------------------
2026-03-27 00:02:01 [INFO] File written successfully.
2026-03-27 00:02:01 [INFO]   Full path : /home/cloudera/mos_qatar_demo_poc/landing/mos_sports_events_20260327_000201.txt
2026-03-27 00:02:01 [INFO]   Size      : 1772 bytes
2026-03-27 00:02:01 [INFO]   Records   : 7
2026-03-27 00:02:01 [INFO] ==================================================================
2026-03-27 00:02:01 [INFO]   Generator Completed Successfully
2026-03-27 00:02:01 [INFO] ==================================================================
