2026-03-26 09:50:01 [INFO] ==================================================================
2026-03-26 09:50:01 [INFO]   MOS Qatar Demo - Sports Data Generator
2026-03-26 09:50:01 [INFO] ==================================================================
2026-03-26 09:50:01 [INFO] Config file   : /home/cloudera/mos_qatar_demo_poc/config/mos_qatar_demo.ini
2026-03-26 09:50:01 [INFO] Landing dir   : /home/cloudera/mos_qatar_demo_poc/landing
2026-03-26 09:50:01 [INFO] Output file   : mos_sports_events_20260326_095001.txt
2026-03-26 09:50:01 [INFO] Records count : 6
2026-03-26 09:50:01 [INFO] ------------------------------------------------------------------
2026-03-26 09:50:01 [INFO]   Record 01: Event ID: EVT8277 | Event Name: Qatar Cup Semi Final | Sport: Football | Venue: Al Janoub ...
2026-03-26 09:50:01 [INFO]   Record 02: Event ID: EVT2510 | Event Name: Qatar Olympic Training Camp Evaluation | Sport: Football |...
2026-03-26 09:50:01 [INFO]   Record 03: Event ID: EVT8311 | Event Name: Arab Nations Championship Semi Final | Sport: Football | V...
2026-03-26 09:50:01 [INFO]   Record 04: Event ID: EVT1396 | Event Name: National Team Preparation Match | Sport: Basketball | Venu...
2026-03-26 09:50:01 [INFO]   Record 05: Event ID: EVT5883 | Event Name: Asian Qualifiers Warm-up Match | Sport: Volleyball | Venue...
2026-03-26 09:50:01 [INFO]   Record 06: Event ID: EVT7791 | Event Name: Qatar Cup Semi Final | Sport: Football | Venue: Lusail Sta...
2026-03-26 09:50:01 [INFO] ------------------------------------------------------------------
2026-03-26 09:50:01 [INFO] File written successfully.
2026-03-26 09:50:01 [INFO]   Full path : /home/cloudera/mos_qatar_demo_poc/landing/mos_sports_events_20260326_095001.txt
2026-03-26 09:50:01 [INFO]   Size      : 1548 bytes
2026-03-26 09:50:01 [INFO]   Records   : 6
2026-03-26 09:50:01 [INFO] ==================================================================
2026-03-26 09:50:01 [INFO]   Generator Completed Successfully
2026-03-26 09:50:01 [INFO] ==================================================================
