2026-03-26 06:32:02 [INFO] ==================================================================
2026-03-26 06:32:02 [INFO]   MOS Qatar Demo - Sports Data Generator
2026-03-26 06:32:02 [INFO] ==================================================================
2026-03-26 06:32:02 [INFO] Config file   : /home/cloudera/mos_qatar_demo_poc/config/mos_qatar_demo.ini
2026-03-26 06:32:02 [INFO] Landing dir   : /home/cloudera/mos_qatar_demo_poc/landing
2026-03-26 06:32:02 [INFO] Output file   : mos_sports_events_20260326_063202.txt
2026-03-26 06:32:02 [INFO] Records count : 5
2026-03-26 06:32:02 [INFO] ------------------------------------------------------------------
2026-03-26 06:32:02 [INFO]   Record 01: Event ID: EVT7526 | Event Name: Gulf Youth Cup Semi Final | Sport: Football | Venue: Aspir...
2026-03-26 06:32:02 [INFO]   Record 02: Event ID: EVT6365 | Event Name: GCC Club Championship Final | Sport: Football | Venue: Al ...
2026-03-26 06:32:02 [INFO]   Record 03: Event ID: EVT5026 | Event Name: GCC Club Championship Final | Sport: Football | Venue: Kha...
2026-03-26 06:32:02 [INFO]   Record 04: Event ID: EVT2376 | Event Name: Qatar Under-20 Development League | Sport: Football | Venu...
2026-03-26 06:32:02 [INFO]   Record 05: Event ID: EVT8356 | Event Name: Gulf Youth Cup Quarter Final | Sport: Football | Venue: Al...
2026-03-26 06:32:02 [INFO] ------------------------------------------------------------------
2026-03-26 06:32:02 [INFO] File written successfully.
2026-03-26 06:32:02 [INFO]   Full path : /home/cloudera/mos_qatar_demo_poc/landing/mos_sports_events_20260326_063202.txt
2026-03-26 06:32:02 [INFO]   Size      : 1258 bytes
2026-03-26 06:32:02 [INFO]   Records   : 5
2026-03-26 06:32:02 [INFO] ==================================================================
2026-03-26 06:32:02 [INFO]   Generator Completed Successfully
2026-03-26 06:32:02 [INFO] ==================================================================
