2026-03-24 16:00:01 [INFO] ==================================================================
2026-03-24 16:00:01 [INFO]   MOS Qatar Demo - Sports Data Generator
2026-03-24 16:00:01 [INFO] ==================================================================
2026-03-24 16:00:01 [INFO] Config file   : /home/cloudera/mos_qatar_demo_poc/config/mos_qatar_demo.ini
2026-03-24 16:00:01 [INFO] Landing dir   : /home/cloudera/mos_qatar_demo_poc/landing
2026-03-24 16:00:01 [INFO] Output file   : mos_sports_events_20260324_160001.txt
2026-03-24 16:00:01 [INFO] Records count : 8
2026-03-24 16:00:01 [INFO] ------------------------------------------------------------------
2026-03-24 16:00:01 [INFO]   Record 01: Event ID: EVT4985 | Event Name: FIFA World Cup Qatar Legacy Match | Sport: Swimming | Venu...
2026-03-24 16:00:01 [INFO]   Record 02: Event ID: EVT8452 | Event Name: Ministry Youth Sports Day | Sport: Football | Venue: Qatar...
2026-03-24 16:00:01 [INFO]   Record 03: Event ID: EVT9441 | Event Name: Gulf Youth Cup Final | Sport: Football | Venue: Lusail Sta...
2026-03-24 16:00:01 [INFO]   Record 04: Event ID: EVT6401 | Event Name: Arab Nations Championship Group Stage | Sport: Football | ...
2026-03-24 16:00:01 [INFO]   Record 05: Event ID: EVT8679 | Event Name: Gulf Cup Qualifier Round 1 | Sport: Football | Venue: Khal...
2026-03-24 16:00:01 [INFO]   Record 06: Event ID: EVT6979 | Event Name: FIFA World Cup Qatar Legacy Match | Sport: Football | Venu...
2026-03-24 16:00:01 [INFO]   Record 07: Event ID: EVT2539 | Event Name: GCC Club Championship Quarter Final | Sport: Football | Ve...
2026-03-24 16:00:01 [INFO]   Record 08: Event ID: EVT5557 | Event Name: Gulf Youth Cup Round 2 | Sport: Basketball | Venue: Aspire...
2026-03-24 16:00:01 [INFO] ------------------------------------------------------------------
2026-03-24 16:00:01 [INFO] File written successfully.
2026-03-24 16:00:01 [INFO]   Full path : /home/cloudera/mos_qatar_demo_poc/landing/mos_sports_events_20260324_160001.txt
2026-03-24 16:00:01 [INFO]   Size      : 2074 bytes
2026-03-24 16:00:01 [INFO]   Records   : 8
2026-03-24 16:00:01 [INFO] ==================================================================
2026-03-24 16:00:01 [INFO]   Generator Completed Successfully
2026-03-24 16:00:01 [INFO] ==================================================================
