2026-03-25 23:41:02 [INFO] ==================================================================
2026-03-25 23:41:02 [INFO]   MOS Qatar Demo - Sports Data Generator
2026-03-25 23:41:02 [INFO] ==================================================================
2026-03-25 23:41:02 [INFO] Config file   : /home/cloudera/mos_qatar_demo_poc/config/mos_qatar_demo.ini
2026-03-25 23:41:02 [INFO] Landing dir   : /home/cloudera/mos_qatar_demo_poc/landing
2026-03-25 23:41:02 [INFO] Output file   : mos_sports_events_20260325_234102.txt
2026-03-25 23:41:02 [INFO] Records count : 6
2026-03-25 23:41:02 [INFO] ------------------------------------------------------------------
2026-03-25 23:41:02 [INFO]   Record 01: Event ID: EVT7646 | Event Name: Qatar Cup Final | Sport: Athletics | Venue: Lusail Stadium...
2026-03-25 23:41:02 [INFO]   Record 02: Event ID: EVT5956 | Event Name: National Team Preparation Match | Sport: Football | Venue:...
2026-03-25 23:41:02 [INFO]   Record 03: Event ID: EVT1244 | Event Name: Gulf Youth Cup Round 2 | Sport: Swimming | Venue: Al Thuma...
2026-03-25 23:41:02 [INFO]   Record 04: Event ID: EVT2890 | Event Name: Ministry Youth Sports Day | Sport: Swimming | Venue: Al Th...
2026-03-25 23:41:02 [INFO]   Record 05: Event ID: EVT5807 | Event Name: Asian Qualifiers Warm-up Match | Sport: Football | Venue: ...
2026-03-25 23:41:02 [INFO]   Record 06: Event ID: EVT4430 | Event Name: MOS Annual Charity Football Gala | Sport: Football | Venue...
2026-03-25 23:41:02 [INFO] ------------------------------------------------------------------
2026-03-25 23:41:02 [INFO] File written successfully.
2026-03-25 23:41:02 [INFO]   Full path : /home/cloudera/mos_qatar_demo_poc/landing/mos_sports_events_20260325_234102.txt
2026-03-25 23:41:02 [INFO]   Size      : 1463 bytes
2026-03-25 23:41:02 [INFO]   Records   : 6
2026-03-25 23:41:02 [INFO] ==================================================================
2026-03-25 23:41:02 [INFO]   Generator Completed Successfully
2026-03-25 23:41:02 [INFO] ==================================================================
