2026-03-26 12:01:02 [INFO] ==================================================================
2026-03-26 12:01:02 [INFO]   MOS Qatar Demo - Sports Data Generator
2026-03-26 12:01:02 [INFO] ==================================================================
2026-03-26 12:01:02 [INFO] Config file   : /home/cloudera/mos_qatar_demo_poc/config/mos_qatar_demo.ini
2026-03-26 12:01:02 [INFO] Landing dir   : /home/cloudera/mos_qatar_demo_poc/landing
2026-03-26 12:01:02 [INFO] Output file   : mos_sports_events_20260326_120102.txt
2026-03-26 12:01:02 [INFO] Records count : 5
2026-03-26 12:01:02 [INFO] ------------------------------------------------------------------
2026-03-26 12:01:02 [INFO]   Record 01: Event ID: EVT8656 | Event Name: Arab Nations Championship Semi Final | Sport: Football | V...
2026-03-26 12:01:02 [INFO]   Record 02: Event ID: EVT2134 | Event Name: Gulf Youth Cup Round 2 | Sport: Athletics | Venue: Al Thum...
2026-03-26 12:01:02 [INFO]   Record 03: Event ID: EVT1077 | Event Name: Doha Sports Festival Opening Match | Sport: Football | Ven...
2026-03-26 12:01:02 [INFO]   Record 04: Event ID: EVT1695 | Event Name: Gulf Youth Cup Round 2 | Sport: Football | Venue: Educatio...
2026-03-26 12:01:02 [INFO]   Record 05: Event ID: EVT1272 | Event Name: Gulf Youth Cup Round 2 | Sport: Swimming | Venue: Lusail S...
2026-03-26 12:01:02 [INFO] ------------------------------------------------------------------
2026-03-26 12:01:02 [INFO] File written successfully.
2026-03-26 12:01:02 [INFO]   Full path : /home/cloudera/mos_qatar_demo_poc/landing/mos_sports_events_20260326_120102.txt
2026-03-26 12:01:02 [INFO]   Size      : 1249 bytes
2026-03-26 12:01:02 [INFO]   Records   : 5
2026-03-26 12:01:02 [INFO] ==================================================================
2026-03-26 12:01:02 [INFO]   Generator Completed Successfully
2026-03-26 12:01:02 [INFO] ==================================================================
