2026-03-24 23:21:01 [INFO] ==================================================================
2026-03-24 23:21:01 [INFO]   MOS Qatar Demo - Sports Data Generator
2026-03-24 23:21:01 [INFO] ==================================================================
2026-03-24 23:21:01 [INFO] Config file   : /home/cloudera/mos_qatar_demo_poc/config/mos_qatar_demo.ini
2026-03-24 23:21:01 [INFO] Landing dir   : /home/cloudera/mos_qatar_demo_poc/landing
2026-03-24 23:21:01 [INFO] Output file   : mos_sports_events_20260324_232101.txt
2026-03-24 23:21:01 [INFO] Records count : 7
2026-03-24 23:21:01 [INFO] ------------------------------------------------------------------
2026-03-24 23:21:01 [INFO]   Record 01: Event ID: EVT7149 | Event Name: Gulf Youth Cup Round 2 | Sport: Swimming | Venue: Lusail S...
2026-03-24 23:21:01 [INFO]   Record 02: Event ID: EVT9009 | Event Name: FIFA World Cup Qatar Legacy Match | Sport: Volleyball | Ve...
2026-03-24 23:21:01 [INFO]   Record 03: Event ID: EVT3872 | Event Name: National Team Preparation Match | Sport: Football | Venue:...
2026-03-24 23:21:01 [INFO]   Record 04: Event ID: EVT7000 | Event Name: Qatar Cup Final | Sport: Swimming | Venue: Al Wakrah Sport...
2026-03-24 23:21:01 [INFO]   Record 05: Event ID: EVT4027 | Event Name: Arab Nations Championship Semi Final | Sport: Athletics | ...
2026-03-24 23:21:01 [INFO]   Record 06: Event ID: EVT9727 | Event Name: Gulf Cup Qualifier Round 1 | Sport: Football | Venue: Lusa...
2026-03-24 23:21:01 [INFO]   Record 07: Event ID: EVT4222 | Event Name: Gulf Youth Cup Final | Sport: Football | Venue: Education ...
2026-03-24 23:21:01 [INFO] ------------------------------------------------------------------
2026-03-24 23:21:01 [INFO] File written successfully.
2026-03-24 23:21:01 [INFO]   Full path : /home/cloudera/mos_qatar_demo_poc/landing/mos_sports_events_20260324_232101.txt
2026-03-24 23:21:01 [INFO]   Size      : 1790 bytes
2026-03-24 23:21:01 [INFO]   Records   : 7
2026-03-24 23:21:01 [INFO] ==================================================================
2026-03-24 23:21:01 [INFO]   Generator Completed Successfully
2026-03-24 23:21:01 [INFO] ==================================================================
