2026-03-27 19:52:01 [INFO] ==================================================================
2026-03-27 19:52:01 [INFO]   MOS Qatar Demo - Sports Data Generator
2026-03-27 19:52:01 [INFO] ==================================================================
2026-03-27 19:52:01 [INFO] Config file   : /home/cloudera/mos_qatar_demo_poc/config/mos_qatar_demo.ini
2026-03-27 19:52:01 [INFO] Landing dir   : /home/cloudera/mos_qatar_demo_poc/landing
2026-03-27 19:52:01 [INFO] Output file   : mos_sports_events_20260327_195201.txt
2026-03-27 19:52:01 [INFO] Records count : 10
2026-03-27 19:52:01 [INFO] ------------------------------------------------------------------
2026-03-27 19:52:01 [INFO]   Record 01: Event ID: EVT8769 | Event Name: Qatar Premier League Match Day 5 | Sport: Football | Venue...
2026-03-27 19:52:01 [INFO]   Record 02: Event ID: EVT3524 | Event Name: Qatar Premier League Match Day 12 | Sport: Football | Venu...
2026-03-27 19:52:01 [INFO]   Record 03: Event ID: EVT8216 | Event Name: Gulf Cup Qualifier Round 1 | Sport: Volleyball | Venue: As...
2026-03-27 19:52:01 [INFO]   Record 04: Event ID: EVT9985 | Event Name: Ministry Invitational Friendly Tournament | Sport: Footbal...
2026-03-27 19:52:01 [INFO]   Record 05: Event ID: EVT5738 | Event Name: Gulf Youth Cup Final | Sport: Basketball | Venue: Ahmad Bi...
2026-03-27 19:52:01 [INFO]   Record 06: Event ID: EVT7713 | Event Name: Qatar Olympic Training Camp Evaluation | Sport: Athletics ...
2026-03-27 19:52:01 [INFO]   Record 07: Event ID: EVT1028 | Event Name: GCC Club Championship Final | Sport: Athletics | Venue: Al...
2026-03-27 19:52:01 [INFO]   Record 08: Event ID: EVT5723 | Event Name: Asian Qualifiers Warm-up Match | Sport: Volleyball | Venue...
2026-03-27 19:52:01 [INFO]   Record 09: Event ID: EVT8849 | Event Name: Arab Nations Championship Semi Final | Sport: Handball | V...
2026-03-27 19:52:01 [INFO]   Record 10: Event ID: EVT5771 | Event Name: Ramadan Football Festival | Sport: Athletics | Venue: Ahma...
2026-03-27 19:52:01 [INFO] ------------------------------------------------------------------
2026-03-27 19:52:01 [INFO] File written successfully.
2026-03-27 19:52:01 [INFO]   Full path : /home/cloudera/mos_qatar_demo_poc/landing/mos_sports_events_20260327_195201.txt
2026-03-27 19:52:01 [INFO]   Size      : 2607 bytes
2026-03-27 19:52:01 [INFO]   Records   : 10
2026-03-27 19:52:01 [INFO] ==================================================================
2026-03-27 19:52:01 [INFO]   Generator Completed Successfully
2026-03-27 19:52:01 [INFO] ==================================================================
