2026-03-27 22:46:02 [INFO] ==================================================================
2026-03-27 22:46:02 [INFO]   MOS Qatar Demo - Sports Data Generator
2026-03-27 22:46:02 [INFO] ==================================================================
2026-03-27 22:46:02 [INFO] Config file   : /home/cloudera/mos_qatar_demo_poc/config/mos_qatar_demo.ini
2026-03-27 22:46:02 [INFO] Landing dir   : /home/cloudera/mos_qatar_demo_poc/landing
2026-03-27 22:46:02 [INFO] Output file   : mos_sports_events_20260327_224602.txt
2026-03-27 22:46:02 [INFO] Records count : 5
2026-03-27 22:46:02 [INFO] ------------------------------------------------------------------
2026-03-27 22:46:02 [INFO]   Record 01: Event ID: EVT9283 | Event Name: Gulf Youth Cup Semi Final | Sport: Football | Venue: Ahmad...
2026-03-27 22:46:02 [INFO]   Record 02: Event ID: EVT1583 | Event Name: Gulf Youth Cup Semi Final | Sport: Athletics | Venue: Al B...
2026-03-27 22:46:02 [INFO]   Record 03: Event ID: EVT2181 | Event Name: National Day Football Celebration | Sport: Football | Venu...
2026-03-27 22:46:02 [INFO]   Record 04: Event ID: EVT2191 | Event Name: Asian Qualifiers Warm-up Match | Sport: Basketball | Venue...
2026-03-27 22:46:02 [INFO]   Record 05: Event ID: EVT9633 | Event Name: GCC Club Championship Quarter Final | Sport: Football | Ve...
2026-03-27 22:46:02 [INFO] ------------------------------------------------------------------
2026-03-27 22:46:02 [INFO] File written successfully.
2026-03-27 22:46:02 [INFO]   Full path : /home/cloudera/mos_qatar_demo_poc/landing/mos_sports_events_20260327_224602.txt
2026-03-27 22:46:02 [INFO]   Size      : 1289 bytes
2026-03-27 22:46:02 [INFO]   Records   : 5
2026-03-27 22:46:02 [INFO] ==================================================================
2026-03-27 22:46:02 [INFO]   Generator Completed Successfully
2026-03-27 22:46:02 [INFO] ==================================================================
