2026-03-27 05:52:01 [INFO] ==================================================================
2026-03-27 05:52:01 [INFO]   MOS Qatar Demo - Sports Data Generator
2026-03-27 05:52:01 [INFO] ==================================================================
2026-03-27 05:52:01 [INFO] Config file   : /home/cloudera/mos_qatar_demo_poc/config/mos_qatar_demo.ini
2026-03-27 05:52:01 [INFO] Landing dir   : /home/cloudera/mos_qatar_demo_poc/landing
2026-03-27 05:52:01 [INFO] Output file   : mos_sports_events_20260327_055201.txt
2026-03-27 05:52:01 [INFO] Records count : 10
2026-03-27 05:52:01 [INFO] ------------------------------------------------------------------
2026-03-27 05:52:01 [INFO]   Record 01: Event ID: EVT2931 | Event Name: Asian Qualifiers Warm-up Match | Sport: Football | Venue: ...
2026-03-27 05:52:01 [INFO]   Record 02: Event ID: EVT9997 | Event Name: Qatar Under-20 Development League | Sport: Football | Venu...
2026-03-27 05:52:01 [INFO]   Record 03: Event ID: EVT3785 | Event Name: GCC Club Championship Final | Sport: Volleyball | Venue: E...
2026-03-27 05:52:01 [INFO]   Record 04: Event ID: EVT8778 | Event Name: Asian Qualifiers Warm-up Match | Sport: Football | Venue: ...
2026-03-27 05:52:01 [INFO]   Record 05: Event ID: EVT8274 | Event Name: Ramadan Football Festival | Sport: Handball | Venue: Khali...
2026-03-27 05:52:01 [INFO]   Record 06: Event ID: EVT8075 | Event Name: Doha Sports Festival Opening Match | Sport: Swimming | Ven...
2026-03-27 05:52:01 [INFO]   Record 07: Event ID: EVT2169 | Event Name: Gulf Youth Cup Quarter Final | Sport: Athletics | Venue: Q...
2026-03-27 05:52:01 [INFO]   Record 08: Event ID: EVT2794 | Event Name: National Team Preparation Match | Sport: Basketball | Venu...
2026-03-27 05:52:01 [INFO]   Record 09: Event ID: EVT8096 | Event Name: Doha Sports Festival Opening Match | Sport: Swimming | Ven...
2026-03-27 05:52:01 [INFO]   Record 10: Event ID: EVT1221 | Event Name: Qatar Premier League Match Day 5 | Sport: Football | Venue...
2026-03-27 05:52:01 [INFO] ------------------------------------------------------------------
2026-03-27 05:52:01 [INFO] File written successfully.
2026-03-27 05:52:01 [INFO]   Full path : /home/cloudera/mos_qatar_demo_poc/landing/mos_sports_events_20260327_055201.txt
2026-03-27 05:52:01 [INFO]   Size      : 2586 bytes
2026-03-27 05:52:01 [INFO]   Records   : 10
2026-03-27 05:52:01 [INFO] ==================================================================
2026-03-27 05:52:01 [INFO]   Generator Completed Successfully
2026-03-27 05:52:01 [INFO] ==================================================================
