2026-03-27 14:02:01 [INFO] ==================================================================
2026-03-27 14:02:01 [INFO]   MOS Qatar Demo - Sports Data Generator
2026-03-27 14:02:01 [INFO] ==================================================================
2026-03-27 14:02:01 [INFO] Config file   : /home/cloudera/mos_qatar_demo_poc/config/mos_qatar_demo.ini
2026-03-27 14:02:01 [INFO] Landing dir   : /home/cloudera/mos_qatar_demo_poc/landing
2026-03-27 14:02:01 [INFO] Output file   : mos_sports_events_20260327_140201.txt
2026-03-27 14:02:01 [INFO] Records count : 10
2026-03-27 14:02:01 [INFO] ------------------------------------------------------------------
2026-03-27 14:02:01 [INFO]   Record 01: Event ID: EVT9392 | Event Name: Asian Qualifiers Warm-up Match | Sport: Handball | Venue: ...
2026-03-27 14:02:01 [INFO]   Record 02: Event ID: EVT3740 | Event Name: Gulf Youth Cup Final | Sport: Athletics | Venue: Qatar Spo...
2026-03-27 14:02:01 [INFO]   Record 03: Event ID: EVT6259 | Event Name: Gulf Youth Cup Round 1 | Sport: Basketball | Venue: Al Jan...
2026-03-27 14:02:01 [INFO]   Record 04: Event ID: EVT8431 | Event Name: Gulf Youth Cup Quarter Final | Sport: Football | Venue: Ed...
2026-03-27 14:02:01 [INFO]   Record 05: Event ID: EVT4815 | Event Name: Gulf Youth Cup Round 2 | Sport: Athletics | Venue: Qatar S...
2026-03-27 14:02:01 [INFO]   Record 06: Event ID: EVT3490 | Event Name: Qatar Cup Final | Sport: Football | Venue: Khalifa Interna...
2026-03-27 14:02:01 [INFO]   Record 07: Event ID: EVT9920 | Event Name: Gulf Youth Cup Final | Sport: Football | Venue: Ahmad Bin ...
2026-03-27 14:02:01 [INFO]   Record 08: Event ID: EVT8068 | Event Name: Ministry Invitational Friendly Tournament | Sport: Footbal...
2026-03-27 14:02:01 [INFO]   Record 09: Event ID: EVT4987 | Event Name: Qatar Cup Semi Final | Sport: Athletics | Venue: Khalifa I...
2026-03-27 14:02:01 [INFO]   Record 10: Event ID: EVT8535 | Event Name: Qatar Premier League Match Day 5 | Sport: Football | Venue...
2026-03-27 14:02:01 [INFO] ------------------------------------------------------------------
2026-03-27 14:02:01 [INFO] File written successfully.
2026-03-27 14:02:01 [INFO]   Full path : /home/cloudera/mos_qatar_demo_poc/landing/mos_sports_events_20260327_140201.txt
2026-03-27 14:02:01 [INFO]   Size      : 2593 bytes
2026-03-27 14:02:01 [INFO]   Records   : 10
2026-03-27 14:02:01 [INFO] ==================================================================
2026-03-27 14:02:01 [INFO]   Generator Completed Successfully
2026-03-27 14:02:01 [INFO] ==================================================================
