2026-03-25 10:01:01 [INFO] ==================================================================
2026-03-25 10:01:01 [INFO]   MOS Qatar Demo - Sports Data Generator
2026-03-25 10:01:01 [INFO] ==================================================================
2026-03-25 10:01:01 [INFO] Config file   : /home/cloudera/mos_qatar_demo_poc/config/mos_qatar_demo.ini
2026-03-25 10:01:01 [INFO] Landing dir   : /home/cloudera/mos_qatar_demo_poc/landing
2026-03-25 10:01:01 [INFO] Output file   : mos_sports_events_20260325_100101.txt
2026-03-25 10:01:01 [INFO] Records count : 4
2026-03-25 10:01:01 [INFO] ------------------------------------------------------------------
2026-03-25 10:01:01 [INFO]   Record 01: Event ID: EVT8862 | Event Name: Gulf Youth Cup Quarter Final | Sport: Athletics | Venue: A...
2026-03-25 10:01:01 [INFO]   Record 02: Event ID: EVT9846 | Event Name: Qatar Schools Football League | Sport: Volleyball | Venue:...
2026-03-25 10:01:01 [INFO]   Record 03: Event ID: EVT5858 | Event Name: Gulf Cup Qualifier Round 1 | Sport: Handball | Venue: Al T...
2026-03-25 10:01:01 [INFO]   Record 04: Event ID: EVT5338 | Event Name: Ramadan Football Festival | Sport: Basketball | Venue: Al ...
2026-03-25 10:01:01 [INFO] ------------------------------------------------------------------
2026-03-25 10:01:01 [INFO] File written successfully.
2026-03-25 10:01:01 [INFO]   Full path : /home/cloudera/mos_qatar_demo_poc/landing/mos_sports_events_20260325_100101.txt
2026-03-25 10:01:01 [INFO]   Size      : 1029 bytes
2026-03-25 10:01:01 [INFO]   Records   : 4
2026-03-25 10:01:01 [INFO] ==================================================================
2026-03-25 10:01:01 [INFO]   Generator Completed Successfully
2026-03-25 10:01:01 [INFO] ==================================================================
