2026-03-26 13:08:01 [INFO] ==================================================================
2026-03-26 13:08:01 [INFO]   MOS Qatar Demo - Sports Data Generator
2026-03-26 13:08:01 [INFO] ==================================================================
2026-03-26 13:08:01 [INFO] Config file   : /home/cloudera/mos_qatar_demo_poc/config/mos_qatar_demo.ini
2026-03-26 13:08:01 [INFO] Landing dir   : /home/cloudera/mos_qatar_demo_poc/landing
2026-03-26 13:08:01 [INFO] Output file   : mos_sports_events_20260326_130801.txt
2026-03-26 13:08:01 [INFO] Records count : 10
2026-03-26 13:08:01 [INFO] ------------------------------------------------------------------
2026-03-26 13:08:01 [INFO]   Record 01: Event ID: EVT5125 | Event Name: Qatar Premier League Match Day 8 | Sport: Football | Venue...
2026-03-26 13:08:01 [INFO]   Record 02: Event ID: EVT4104 | Event Name: Ministry Invitational Friendly Tournament | Sport: Footbal...
2026-03-26 13:08:01 [INFO]   Record 03: Event ID: EVT8592 | Event Name: Arab Nations Championship Group Stage | Sport: Football | ...
2026-03-26 13:08:01 [INFO]   Record 04: Event ID: EVT4029 | Event Name: Gulf Youth Cup Round 1 | Sport: Swimming | Venue: Al Bayt ...
2026-03-26 13:08:01 [INFO]   Record 05: Event ID: EVT4432 | Event Name: Qatar Cup Final | Sport: Swimming | Venue: Al Wakrah Sport...
2026-03-26 13:08:01 [INFO]   Record 06: Event ID: EVT6332 | Event Name: Ministry Invitational Friendly Tournament | Sport: Basketb...
2026-03-26 13:08:01 [INFO]   Record 07: Event ID: EVT9850 | Event Name: FIFA World Cup Qatar Legacy Match | Sport: Football | Venu...
2026-03-26 13:08:01 [INFO]   Record 08: Event ID: EVT4934 | Event Name: GCC Club Championship Final | Sport: Football | Venue: Asp...
2026-03-26 13:08:01 [INFO]   Record 09: Event ID: EVT3086 | Event Name: Qatar Cup Semi Final | Sport: Volleyball | Venue: Qatar Sp...
2026-03-26 13:08:01 [INFO]   Record 10: Event ID: EVT7713 | Event Name: National Team Preparation Match | Sport: Football | Venue:...
2026-03-26 13:08:01 [INFO] ------------------------------------------------------------------
2026-03-26 13:08:01 [INFO] File written successfully.
2026-03-26 13:08:01 [INFO]   Full path : /home/cloudera/mos_qatar_demo_poc/landing/mos_sports_events_20260326_130801.txt
2026-03-26 13:08:01 [INFO]   Size      : 2577 bytes
2026-03-26 13:08:01 [INFO]   Records   : 10
2026-03-26 13:08:01 [INFO] ==================================================================
2026-03-26 13:08:01 [INFO]   Generator Completed Successfully
2026-03-26 13:08:01 [INFO] ==================================================================
