2026-03-27 05:32:01 [INFO] ==================================================================
2026-03-27 05:32:01 [INFO]   MOS Qatar Demo - Sports Data Generator
2026-03-27 05:32:01 [INFO] ==================================================================
2026-03-27 05:32:01 [INFO] Config file   : /home/cloudera/mos_qatar_demo_poc/config/mos_qatar_demo.ini
2026-03-27 05:32:01 [INFO] Landing dir   : /home/cloudera/mos_qatar_demo_poc/landing
2026-03-27 05:32:01 [INFO] Output file   : mos_sports_events_20260327_053201.txt
2026-03-27 05:32:01 [INFO] Records count : 7
2026-03-27 05:32:01 [INFO] ------------------------------------------------------------------
2026-03-27 05:32:01 [INFO]   Record 01: Event ID: EVT1996 | Event Name: GCC Club Championship Quarter Final | Sport: Athletics | V...
2026-03-27 05:32:01 [INFO]   Record 02: Event ID: EVT4894 | Event Name: FIFA World Cup Qatar Legacy Match | Sport: Athletics | Ven...
2026-03-27 05:32:01 [INFO]   Record 03: Event ID: EVT1670 | Event Name: Qatar Premier League Match Day 8 | Sport: Volleyball | Ven...
2026-03-27 05:32:01 [INFO]   Record 04: Event ID: EVT7117 | Event Name: Ministry Invitational Friendly Tournament | Sport: Footbal...
2026-03-27 05:32:01 [INFO]   Record 05: Event ID: EVT5885 | Event Name: Qatar Cup Final | Sport: Athletics | Venue: Al Bayt Stadiu...
2026-03-27 05:32:01 [INFO]   Record 06: Event ID: EVT8079 | Event Name: Gulf Youth Cup Round 2 | Sport: Football | Venue: Qatar Sp...
2026-03-27 05:32:01 [INFO]   Record 07: Event ID: EVT3304 | Event Name: Ministry Youth Sports Day | Sport: Basketball | Venue: Al ...
2026-03-27 05:32:01 [INFO] ------------------------------------------------------------------
2026-03-27 05:32:01 [INFO] File written successfully.
2026-03-27 05:32:01 [INFO]   Full path : /home/cloudera/mos_qatar_demo_poc/landing/mos_sports_events_20260327_053201.txt
2026-03-27 05:32:01 [INFO]   Size      : 1823 bytes
2026-03-27 05:32:01 [INFO]   Records   : 7
2026-03-27 05:32:01 [INFO] ==================================================================
2026-03-27 05:32:01 [INFO]   Generator Completed Successfully
2026-03-27 05:32:01 [INFO] ==================================================================
