2026-03-27 20:32:01 [INFO] ==================================================================
2026-03-27 20:32:01 [INFO]   MOS Qatar Demo - Sports Data Generator
2026-03-27 20:32:01 [INFO] ==================================================================
2026-03-27 20:32:01 [INFO] Config file   : /home/cloudera/mos_qatar_demo_poc/config/mos_qatar_demo.ini
2026-03-27 20:32:01 [INFO] Landing dir   : /home/cloudera/mos_qatar_demo_poc/landing
2026-03-27 20:32:01 [INFO] Output file   : mos_sports_events_20260327_203201.txt
2026-03-27 20:32:01 [INFO] Records count : 10
2026-03-27 20:32:01 [INFO] ------------------------------------------------------------------
2026-03-27 20:32:01 [INFO]   Record 01: Event ID: EVT2124 | Event Name: Qatar Olympic Training Camp Evaluation | Sport: Basketball...
2026-03-27 20:32:01 [INFO]   Record 02: Event ID: EVT6079 | Event Name: Gulf Youth Cup Quarter Final | Sport: Football | Venue: As...
2026-03-27 20:32:01 [INFO]   Record 03: Event ID: EVT5270 | Event Name: Asian Qualifiers Warm-up Match | Sport: Football | Venue: ...
2026-03-27 20:32:01 [INFO]   Record 04: Event ID: EVT9550 | Event Name: Qatar Olympic Training Camp Evaluation | Sport: Volleyball...
2026-03-27 20:32:01 [INFO]   Record 05: Event ID: EVT5176 | Event Name: Arab Nations Championship Semi Final | Sport: Football | V...
2026-03-27 20:32:01 [INFO]   Record 06: Event ID: EVT7872 | Event Name: Gulf Cup Qualifier Round 1 | Sport: Volleyball | Venue: Lu...
2026-03-27 20:32:01 [INFO]   Record 07: Event ID: EVT3034 | Event Name: FIFA World Cup Qatar Legacy Match | Sport: Football | Venu...
2026-03-27 20:32:01 [INFO]   Record 08: Event ID: EVT7486 | Event Name: Arab Nations Championship Semi Final | Sport: Football | V...
2026-03-27 20:32:01 [INFO]   Record 09: Event ID: EVT3467 | Event Name: Arab Nations Championship Semi Final | Sport: Football | V...
2026-03-27 20:32:01 [INFO]   Record 10: Event ID: EVT6026 | Event Name: GCC Club Championship Quarter Final | Sport: Basketball | ...
2026-03-27 20:32:01 [INFO] ------------------------------------------------------------------
2026-03-27 20:32:01 [INFO] File written successfully.
2026-03-27 20:32:01 [INFO]   Full path : /home/cloudera/mos_qatar_demo_poc/landing/mos_sports_events_20260327_203201.txt
2026-03-27 20:32:01 [INFO]   Size      : 2617 bytes
2026-03-27 20:32:01 [INFO]   Records   : 10
2026-03-27 20:32:01 [INFO] ==================================================================
2026-03-27 20:32:01 [INFO]   Generator Completed Successfully
2026-03-27 20:32:01 [INFO] ==================================================================
