2026-03-25 20:02:01 [INFO] ==================================================================
2026-03-25 20:02:01 [INFO]   MOS Qatar Demo - Sports Data Generator
2026-03-25 20:02:01 [INFO] ==================================================================
2026-03-25 20:02:01 [INFO] Config file   : /home/cloudera/mos_qatar_demo_poc/config/mos_qatar_demo.ini
2026-03-25 20:02:01 [INFO] Landing dir   : /home/cloudera/mos_qatar_demo_poc/landing
2026-03-25 20:02:01 [INFO] Output file   : mos_sports_events_20260325_200201.txt
2026-03-25 20:02:01 [INFO] Records count : 6
2026-03-25 20:02:01 [INFO] ------------------------------------------------------------------
2026-03-25 20:02:01 [INFO]   Record 01: Event ID: EVT2416 | Event Name: Gulf Youth Cup Quarter Final | Sport: Handball | Venue: Kh...
2026-03-25 20:02:01 [INFO]   Record 02: Event ID: EVT8968 | Event Name: GCC Club Championship Quarter Final | Sport: Football | Ve...
2026-03-25 20:02:01 [INFO]   Record 03: Event ID: EVT1166 | Event Name: Ramadan Football Festival | Sport: Football | Venue: Al Wa...
2026-03-25 20:02:01 [INFO]   Record 04: Event ID: EVT3391 | Event Name: Gulf Cup Qualifier Round 1 | Sport: Swimming | Venue: Qata...
2026-03-25 20:02:01 [INFO]   Record 05: Event ID: EVT7464 | Event Name: Qatar Premier League Match Day 8 | Sport: Football | Venue...
2026-03-25 20:02:01 [INFO]   Record 06: Event ID: EVT8217 | Event Name: Gulf Youth Cup Round 2 | Sport: Football | Venue: Al Janou...
2026-03-25 20:02:01 [INFO] ------------------------------------------------------------------
2026-03-25 20:02:01 [INFO] File written successfully.
2026-03-25 20:02:01 [INFO]   Full path : /home/cloudera/mos_qatar_demo_poc/landing/mos_sports_events_20260325_200201.txt
2026-03-25 20:02:01 [INFO]   Size      : 1559 bytes
2026-03-25 20:02:01 [INFO]   Records   : 6
2026-03-25 20:02:01 [INFO] ==================================================================
2026-03-25 20:02:01 [INFO]   Generator Completed Successfully
2026-03-25 20:02:01 [INFO] ==================================================================
