2026-03-27 21:49:01 [INFO] ==================================================================
2026-03-27 21:49:01 [INFO]   MOS Qatar Demo - Sports Data Generator
2026-03-27 21:49:01 [INFO] ==================================================================
2026-03-27 21:49:01 [INFO] Config file   : /home/cloudera/mos_qatar_demo_poc/config/mos_qatar_demo.ini
2026-03-27 21:49:01 [INFO] Landing dir   : /home/cloudera/mos_qatar_demo_poc/landing
2026-03-27 21:49:01 [INFO] Output file   : mos_sports_events_20260327_214901.txt
2026-03-27 21:49:01 [INFO] Records count : 6
2026-03-27 21:49:01 [INFO] ------------------------------------------------------------------
2026-03-27 21:49:01 [INFO]   Record 01: Event ID: EVT2720 | Event Name: Qatar Olympic Training Camp Evaluation | Sport: Volleyball...
2026-03-27 21:49:01 [INFO]   Record 02: Event ID: EVT1257 | Event Name: Qatar Schools Football League | Sport: Football | Venue: Q...
2026-03-27 21:49:01 [INFO]   Record 03: Event ID: EVT3376 | Event Name: Qatar Premier League Match Day 12 | Sport: Football | Venu...
2026-03-27 21:49:01 [INFO]   Record 04: Event ID: EVT2312 | Event Name: Gulf Youth Cup Round 1 | Sport: Football | Venue: Aspire Z...
2026-03-27 21:49:01 [INFO]   Record 05: Event ID: EVT8313 | Event Name: Qatar Olympic Training Camp Evaluation | Sport: Athletics ...
2026-03-27 21:49:01 [INFO]   Record 06: Event ID: EVT5279 | Event Name: Asian Qualifiers Warm-up Match | Sport: Volleyball | Venue...
2026-03-27 21:49:01 [INFO] ------------------------------------------------------------------
2026-03-27 21:49:01 [INFO] File written successfully.
2026-03-27 21:49:01 [INFO]   Full path : /home/cloudera/mos_qatar_demo_poc/landing/mos_sports_events_20260327_214901.txt
2026-03-27 21:49:01 [INFO]   Size      : 1526 bytes
2026-03-27 21:49:01 [INFO]   Records   : 6
2026-03-27 21:49:01 [INFO] ==================================================================
2026-03-27 21:49:01 [INFO]   Generator Completed Successfully
2026-03-27 21:49:01 [INFO] ==================================================================
