2026-03-26 20:01:01 [INFO] ==================================================================
2026-03-26 20:01:01 [INFO]   MOS Qatar Demo - Sports Data Generator
2026-03-26 20:01:01 [INFO] ==================================================================
2026-03-26 20:01:01 [INFO] Config file   : /home/cloudera/mos_qatar_demo_poc/config/mos_qatar_demo.ini
2026-03-26 20:01:01 [INFO] Landing dir   : /home/cloudera/mos_qatar_demo_poc/landing
2026-03-26 20:01:01 [INFO] Output file   : mos_sports_events_20260326_200101.txt
2026-03-26 20:01:01 [INFO] Records count : 9
2026-03-26 20:01:01 [INFO] ------------------------------------------------------------------
2026-03-26 20:01:01 [INFO]   Record 01: Event ID: EVT6624 | Event Name: Qatar Premier League Match Day 12 | Sport: Football | Venu...
2026-03-26 20:01:01 [INFO]   Record 02: Event ID: EVT2361 | Event Name: Qatar Premier League Match Day 8 | Sport: Football | Venue...
2026-03-26 20:01:01 [INFO]   Record 03: Event ID: EVT4207 | Event Name: Qatar Cup Semi Final | Sport: Football | Venue: Al Thumama...
2026-03-26 20:01:01 [INFO]   Record 04: Event ID: EVT5676 | Event Name: Gulf Youth Cup Semi Final | Sport: Football | Venue: Ahmad...
2026-03-26 20:01:01 [INFO]   Record 05: Event ID: EVT9729 | Event Name: Gulf Youth Cup Round 1 | Sport: Handball | Venue: Al Thuma...
2026-03-26 20:01:01 [INFO]   Record 06: Event ID: EVT5660 | Event Name: Qatar Premier League Match Day 5 | Sport: Basketball | Ven...
2026-03-26 20:01:01 [INFO]   Record 07: Event ID: EVT1022 | Event Name: National Team Preparation Match | Sport: Football | Venue:...
2026-03-26 20:01:01 [INFO]   Record 08: Event ID: EVT1920 | Event Name: Gulf Youth Cup Round 1 | Sport: Volleyball | Venue: Khalif...
2026-03-26 20:01:01 [INFO]   Record 09: Event ID: EVT7349 | Event Name: Gulf Cup Qualifier Round 1 | Sport: Football | Venue: Al W...
2026-03-26 20:01:01 [INFO] ------------------------------------------------------------------
2026-03-26 20:01:01 [INFO] File written successfully.
2026-03-26 20:01:01 [INFO]   Full path : /home/cloudera/mos_qatar_demo_poc/landing/mos_sports_events_20260326_200101.txt
2026-03-26 20:01:01 [INFO]   Size      : 2313 bytes
2026-03-26 20:01:01 [INFO]   Records   : 9
2026-03-26 20:01:01 [INFO] ==================================================================
2026-03-26 20:01:01 [INFO]   Generator Completed Successfully
2026-03-26 20:01:01 [INFO] ==================================================================
