2026-03-26 05:03:02 [INFO] ==================================================================
2026-03-26 05:03:02 [INFO]   MOS Qatar Demo - Sports Data Generator
2026-03-26 05:03:02 [INFO] ==================================================================
2026-03-26 05:03:02 [INFO] Config file   : /home/cloudera/mos_qatar_demo_poc/config/mos_qatar_demo.ini
2026-03-26 05:03:02 [INFO] Landing dir   : /home/cloudera/mos_qatar_demo_poc/landing
2026-03-26 05:03:02 [INFO] Output file   : mos_sports_events_20260326_050302.txt
2026-03-26 05:03:02 [INFO] Records count : 7
2026-03-26 05:03:02 [INFO] ------------------------------------------------------------------
2026-03-26 05:03:02 [INFO]   Record 01: Event ID: EVT8284 | Event Name: Doha Sports Festival Opening Match | Sport: Football | Ven...
2026-03-26 05:03:02 [INFO]   Record 02: Event ID: EVT4441 | Event Name: Gulf Youth Cup Round 2 | Sport: Volleyball | Venue: Educat...
2026-03-26 05:03:02 [INFO]   Record 03: Event ID: EVT7659 | Event Name: Ministry Invitational Friendly Tournament | Sport: Basketb...
2026-03-26 05:03:02 [INFO]   Record 04: Event ID: EVT6398 | Event Name: Ramadan Football Festival | Sport: Football | Venue: Al Ja...
2026-03-26 05:03:02 [INFO]   Record 05: Event ID: EVT6974 | Event Name: National Team Preparation Match | Sport: Football | Venue:...
2026-03-26 05:03:02 [INFO]   Record 06: Event ID: EVT8606 | Event Name: Qatar Cup Final | Sport: Football | Venue: Al Wakrah Sport...
2026-03-26 05:03:02 [INFO]   Record 07: Event ID: EVT8401 | Event Name: GCC Club Championship Semi Final | Sport: Football | Venue...
2026-03-26 05:03:02 [INFO] ------------------------------------------------------------------
2026-03-26 05:03:02 [INFO] File written successfully.
2026-03-26 05:03:02 [INFO]   Full path : /home/cloudera/mos_qatar_demo_poc/landing/mos_sports_events_20260326_050302.txt
2026-03-26 05:03:02 [INFO]   Size      : 1820 bytes
2026-03-26 05:03:02 [INFO]   Records   : 7
2026-03-26 05:03:02 [INFO] ==================================================================
2026-03-26 05:03:02 [INFO]   Generator Completed Successfully
2026-03-26 05:03:02 [INFO] ==================================================================
