2026-03-26 13:21:02 [INFO] ==================================================================
2026-03-26 13:21:02 [INFO]   MOS Qatar Demo - Sports Data Generator
2026-03-26 13:21:02 [INFO] ==================================================================
2026-03-26 13:21:02 [INFO] Config file   : /home/cloudera/mos_qatar_demo_poc/config/mos_qatar_demo.ini
2026-03-26 13:21:02 [INFO] Landing dir   : /home/cloudera/mos_qatar_demo_poc/landing
2026-03-26 13:21:02 [INFO] Output file   : mos_sports_events_20260326_132102.txt
2026-03-26 13:21:02 [INFO] Records count : 5
2026-03-26 13:21:02 [INFO] ------------------------------------------------------------------
2026-03-26 13:21:02 [INFO]   Record 01: Event ID: EVT7994 | Event Name: Qatar Schools Football League | Sport: Football | Venue: L...
2026-03-26 13:21:02 [INFO]   Record 02: Event ID: EVT2487 | Event Name: Ramadan Football Festival | Sport: Football | Venue: Al Wa...
2026-03-26 13:21:02 [INFO]   Record 03: Event ID: EVT4420 | Event Name: Qatar Premier League Match Day 12 | Sport: Volleyball | Ve...
2026-03-26 13:21:02 [INFO]   Record 04: Event ID: EVT4125 | Event Name: Qatar Cup Final | Sport: Football | Venue: Education City ...
2026-03-26 13:21:02 [INFO]   Record 05: Event ID: EVT3121 | Event Name: Arab Nations Championship Semi Final | Sport: Football | V...
2026-03-26 13:21:02 [INFO] ------------------------------------------------------------------
2026-03-26 13:21:02 [INFO] File written successfully.
2026-03-26 13:21:02 [INFO]   Full path : /home/cloudera/mos_qatar_demo_poc/landing/mos_sports_events_20260326_132102.txt
2026-03-26 13:21:02 [INFO]   Size      : 1281 bytes
2026-03-26 13:21:02 [INFO]   Records   : 5
2026-03-26 13:21:02 [INFO] ==================================================================
2026-03-26 13:21:02 [INFO]   Generator Completed Successfully
2026-03-26 13:21:02 [INFO] ==================================================================
