2026-03-27 03:52:01 [INFO] ==================================================================
2026-03-27 03:52:01 [INFO]   MOS Qatar Demo - Sports Data Generator
2026-03-27 03:52:01 [INFO] ==================================================================
2026-03-27 03:52:01 [INFO] Config file   : /home/cloudera/mos_qatar_demo_poc/config/mos_qatar_demo.ini
2026-03-27 03:52:01 [INFO] Landing dir   : /home/cloudera/mos_qatar_demo_poc/landing
2026-03-27 03:52:01 [INFO] Output file   : mos_sports_events_20260327_035201.txt
2026-03-27 03:52:01 [INFO] Records count : 9
2026-03-27 03:52:01 [INFO] ------------------------------------------------------------------
2026-03-27 03:52:01 [INFO]   Record 01: Event ID: EVT1763 | Event Name: Ministry Invitational Friendly Tournament | Sport: Volleyb...
2026-03-27 03:52:01 [INFO]   Record 02: Event ID: EVT7600 | Event Name: Qatar Cup Final | Sport: Football | Venue: Lusail Stadium ...
2026-03-27 03:52:01 [INFO]   Record 03: Event ID: EVT7383 | Event Name: Ministry Invitational Friendly Tournament | Sport: Footbal...
2026-03-27 03:52:01 [INFO]   Record 04: Event ID: EVT4402 | Event Name: Qatar Schools Football League | Sport: Football | Venue: A...
2026-03-27 03:52:01 [INFO]   Record 05: Event ID: EVT3428 | Event Name: Qatar Premier League Match Day 8 | Sport: Volleyball | Ven...
2026-03-27 03:52:01 [INFO]   Record 06: Event ID: EVT4801 | Event Name: Qatar Cup Semi Final | Sport: Football | Venue: Aspire Zon...
2026-03-27 03:52:01 [INFO]   Record 07: Event ID: EVT1095 | Event Name: Gulf Youth Cup Round 1 | Sport: Football | Venue: Ahmad Bi...
2026-03-27 03:52:01 [INFO]   Record 08: Event ID: EVT9870 | Event Name: Qatar Cup Final | Sport: Football | Venue: Al Wakrah Sport...
2026-03-27 03:52:01 [INFO]   Record 09: Event ID: EVT3577 | Event Name: Ramadan Football Festival | Sport: Basketball | Venue: Al ...
2026-03-27 03:52:01 [INFO] ------------------------------------------------------------------
2026-03-27 03:52:01 [INFO] File written successfully.
2026-03-27 03:52:01 [INFO]   Full path : /home/cloudera/mos_qatar_demo_poc/landing/mos_sports_events_20260327_035201.txt
2026-03-27 03:52:01 [INFO]   Size      : 2290 bytes
2026-03-27 03:52:01 [INFO]   Records   : 9
2026-03-27 03:52:01 [INFO] ==================================================================
2026-03-27 03:52:01 [INFO]   Generator Completed Successfully
2026-03-27 03:52:01 [INFO] ==================================================================
