2026-03-26 05:58:01 [INFO] ==================================================================
2026-03-26 05:58:01 [INFO]   MOS Qatar Demo - Sports Data Generator
2026-03-26 05:58:01 [INFO] ==================================================================
2026-03-26 05:58:01 [INFO] Config file   : /home/cloudera/mos_qatar_demo_poc/config/mos_qatar_demo.ini
2026-03-26 05:58:01 [INFO] Landing dir   : /home/cloudera/mos_qatar_demo_poc/landing
2026-03-26 05:58:01 [INFO] Output file   : mos_sports_events_20260326_055801.txt
2026-03-26 05:58:01 [INFO] Records count : 8
2026-03-26 05:58:01 [INFO] ------------------------------------------------------------------
2026-03-26 05:58:01 [INFO]   Record 01: Event ID: EVT2061 | Event Name: Gulf Youth Cup Final | Sport: Handball | Venue: Al Bayt St...
2026-03-26 05:58:01 [INFO]   Record 02: Event ID: EVT2234 | Event Name: GCC Club Championship Quarter Final | Sport: Football | Ve...
2026-03-26 05:58:01 [INFO]   Record 03: Event ID: EVT7397 | Event Name: Gulf Youth Cup Round 1 | Sport: Athletics | Venue: Al Thum...
2026-03-26 05:58:01 [INFO]   Record 04: Event ID: EVT4634 | Event Name: Gulf Youth Cup Round 1 | Sport: Swimming | Venue: Educatio...
2026-03-26 05:58:01 [INFO]   Record 05: Event ID: EVT3039 | Event Name: Ramadan Football Festival | Sport: Football | Venue: Qatar...
2026-03-26 05:58:01 [INFO]   Record 06: Event ID: EVT7381 | Event Name: Arab Nations Championship Semi Final | Sport: Handball | V...
2026-03-26 05:58:01 [INFO]   Record 07: Event ID: EVT9508 | Event Name: Ramadan Football Festival | Sport: Football | Venue: Al Th...
2026-03-26 05:58:01 [INFO]   Record 08: Event ID: EVT2093 | Event Name: Ministry Invitational Friendly Tournament | Sport: Footbal...
2026-03-26 05:58:01 [INFO] ------------------------------------------------------------------
2026-03-26 05:58:01 [INFO] File written successfully.
2026-03-26 05:58:01 [INFO]   Full path : /home/cloudera/mos_qatar_demo_poc/landing/mos_sports_events_20260326_055801.txt
2026-03-26 05:58:01 [INFO]   Size      : 2067 bytes
2026-03-26 05:58:01 [INFO]   Records   : 8
2026-03-26 05:58:01 [INFO] ==================================================================
2026-03-26 05:58:01 [INFO]   Generator Completed Successfully
2026-03-26 05:58:01 [INFO] ==================================================================
