2026-03-26 04:47:02 [INFO] ==================================================================
2026-03-26 04:47:02 [INFO]   MOS Qatar Demo - Sports Data Generator
2026-03-26 04:47:02 [INFO] ==================================================================
2026-03-26 04:47:02 [INFO] Config file   : /home/cloudera/mos_qatar_demo_poc/config/mos_qatar_demo.ini
2026-03-26 04:47:02 [INFO] Landing dir   : /home/cloudera/mos_qatar_demo_poc/landing
2026-03-26 04:47:02 [INFO] Output file   : mos_sports_events_20260326_044702.txt
2026-03-26 04:47:02 [INFO] Records count : 4
2026-03-26 04:47:02 [INFO] ------------------------------------------------------------------
2026-03-26 04:47:02 [INFO]   Record 01: Event ID: EVT6460 | Event Name: Asian Qualifiers Warm-up Match | Sport: Football | Venue: ...
2026-03-26 04:47:02 [INFO]   Record 02: Event ID: EVT9850 | Event Name: Gulf Youth Cup Semi Final | Sport: Swimming | Venue: Al Ba...
2026-03-26 04:47:02 [INFO]   Record 03: Event ID: EVT9064 | Event Name: Ministry Invitational Friendly Tournament | Sport: Swimmin...
2026-03-26 04:47:02 [INFO]   Record 04: Event ID: EVT5421 | Event Name: Asian Qualifiers Warm-up Match | Sport: Basketball | Venue...
2026-03-26 04:47:02 [INFO] ------------------------------------------------------------------
2026-03-26 04:47:02 [INFO] File written successfully.
2026-03-26 04:47:02 [INFO]   Full path : /home/cloudera/mos_qatar_demo_poc/landing/mos_sports_events_20260326_044702.txt
2026-03-26 04:47:02 [INFO]   Size      : 1038 bytes
2026-03-26 04:47:02 [INFO]   Records   : 4
2026-03-26 04:47:02 [INFO] ==================================================================
2026-03-26 04:47:02 [INFO]   Generator Completed Successfully
2026-03-26 04:47:02 [INFO] ==================================================================
