2026-03-25 16:10:01 [INFO] ==================================================================
2026-03-25 16:10:01 [INFO]   MOS Qatar Demo - Sports Data Generator
2026-03-25 16:10:01 [INFO] ==================================================================
2026-03-25 16:10:01 [INFO] Config file   : /home/cloudera/mos_qatar_demo_poc/config/mos_qatar_demo.ini
2026-03-25 16:10:01 [INFO] Landing dir   : /home/cloudera/mos_qatar_demo_poc/landing
2026-03-25 16:10:01 [INFO] Output file   : mos_sports_events_20260325_161001.txt
2026-03-25 16:10:01 [INFO] Records count : 7
2026-03-25 16:10:01 [INFO] ------------------------------------------------------------------
2026-03-25 16:10:01 [INFO]   Record 01: Event ID: EVT6485 | Event Name: GCC Club Championship Final | Sport: Volleyball | Venue: A...
2026-03-25 16:10:01 [INFO]   Record 02: Event ID: EVT4893 | Event Name: MOS Annual Charity Football Gala | Sport: Handball | Venue...
2026-03-25 16:10:01 [INFO]   Record 03: Event ID: EVT1553 | Event Name: GCC Club Championship Final | Sport: Basketball | Venue: L...
2026-03-25 16:10:01 [INFO]   Record 04: Event ID: EVT3538 | Event Name: Qatar Olympic Training Camp Evaluation | Sport: Volleyball...
2026-03-25 16:10:01 [INFO]   Record 05: Event ID: EVT1538 | Event Name: Qatar Olympic Training Camp Evaluation | Sport: Football |...
2026-03-25 16:10:01 [INFO]   Record 06: Event ID: EVT2994 | Event Name: GCC Club Championship Semi Final | Sport: Football | Venue...
2026-03-25 16:10:01 [INFO]   Record 07: Event ID: EVT8153 | Event Name: Qatar Olympic Training Camp Evaluation | Sport: Swimming |...
2026-03-25 16:10:01 [INFO] ------------------------------------------------------------------
2026-03-25 16:10:01 [INFO] File written successfully.
2026-03-25 16:10:01 [INFO]   Full path : /home/cloudera/mos_qatar_demo_poc/landing/mos_sports_events_20260325_161001.txt
2026-03-25 16:10:01 [INFO]   Size      : 1792 bytes
2026-03-25 16:10:01 [INFO]   Records   : 7
2026-03-25 16:10:01 [INFO] ==================================================================
2026-03-25 16:10:01 [INFO]   Generator Completed Successfully
2026-03-25 16:10:01 [INFO] ==================================================================
