2026-03-26 06:53:02 [INFO] ==================================================================
2026-03-26 06:53:02 [INFO]   MOS Qatar Demo - Sports Data Generator
2026-03-26 06:53:02 [INFO] ==================================================================
2026-03-26 06:53:02 [INFO] Config file   : /home/cloudera/mos_qatar_demo_poc/config/mos_qatar_demo.ini
2026-03-26 06:53:02 [INFO] Landing dir   : /home/cloudera/mos_qatar_demo_poc/landing
2026-03-26 06:53:02 [INFO] Output file   : mos_sports_events_20260326_065302.txt
2026-03-26 06:53:02 [INFO] Records count : 4
2026-03-26 06:53:02 [INFO] ------------------------------------------------------------------
2026-03-26 06:53:02 [INFO]   Record 01: Event ID: EVT1784 | Event Name: Gulf Youth Cup Round 2 | Sport: Handball | Venue: Khalifa ...
2026-03-26 06:53:02 [INFO]   Record 02: Event ID: EVT9949 | Event Name: Qatar Schools Football League | Sport: Football | Venue: A...
2026-03-26 06:53:02 [INFO]   Record 03: Event ID: EVT8226 | Event Name: National Team Preparation Match | Sport: Football | Venue:...
2026-03-26 06:53:02 [INFO]   Record 04: Event ID: EVT6780 | Event Name: MOS Annual Charity Football Gala | Sport: Swimming | Venue...
2026-03-26 06:53:02 [INFO] ------------------------------------------------------------------
2026-03-26 06:53:02 [INFO] File written successfully.
2026-03-26 06:53:02 [INFO]   Full path : /home/cloudera/mos_qatar_demo_poc/landing/mos_sports_events_20260326_065302.txt
2026-03-26 06:53:02 [INFO]   Size      : 1033 bytes
2026-03-26 06:53:02 [INFO]   Records   : 4
2026-03-26 06:53:02 [INFO] ==================================================================
2026-03-26 06:53:02 [INFO]   Generator Completed Successfully
2026-03-26 06:53:02 [INFO] ==================================================================
