2026-03-27 16:44:01 [INFO] ==================================================================
2026-03-27 16:44:01 [INFO]   MOS Qatar Demo - Sports Data Generator
2026-03-27 16:44:01 [INFO] ==================================================================
2026-03-27 16:44:01 [INFO] Config file   : /home/cloudera/mos_qatar_demo_poc/config/mos_qatar_demo.ini
2026-03-27 16:44:01 [INFO] Landing dir   : /home/cloudera/mos_qatar_demo_poc/landing
2026-03-27 16:44:01 [INFO] Output file   : mos_sports_events_20260327_164401.txt
2026-03-27 16:44:01 [INFO] Records count : 4
2026-03-27 16:44:01 [INFO] ------------------------------------------------------------------
2026-03-27 16:44:01 [INFO]   Record 01: Event ID: EVT8542 | Event Name: Asian Qualifiers Warm-up Match | Sport: Handball | Venue: ...
2026-03-27 16:44:01 [INFO]   Record 02: Event ID: EVT8481 | Event Name: Qatar Premier League Match Day 12 | Sport: Football | Venu...
2026-03-27 16:44:01 [INFO]   Record 03: Event ID: EVT6568 | Event Name: Arab Nations Championship Semi Final | Sport: Football | V...
2026-03-27 16:44:01 [INFO]   Record 04: Event ID: EVT4114 | Event Name: Arab Nations Championship Group Stage | Sport: Basketball ...
2026-03-27 16:44:01 [INFO] ------------------------------------------------------------------
2026-03-27 16:44:01 [INFO] File written successfully.
2026-03-27 16:44:01 [INFO]   Full path : /home/cloudera/mos_qatar_demo_poc/landing/mos_sports_events_20260327_164401.txt
2026-03-27 16:44:01 [INFO]   Size      : 1055 bytes
2026-03-27 16:44:01 [INFO]   Records   : 4
2026-03-27 16:44:01 [INFO] ==================================================================
2026-03-27 16:44:01 [INFO]   Generator Completed Successfully
2026-03-27 16:44:01 [INFO] ==================================================================
