2026-03-26 08:14:01 [INFO] ==================================================================
2026-03-26 08:14:01 [INFO]   MOS Qatar Demo - Sports Data Generator
2026-03-26 08:14:01 [INFO] ==================================================================
2026-03-26 08:14:01 [INFO] Config file   : /home/cloudera/mos_qatar_demo_poc/config/mos_qatar_demo.ini
2026-03-26 08:14:01 [INFO] Landing dir   : /home/cloudera/mos_qatar_demo_poc/landing
2026-03-26 08:14:01 [INFO] Output file   : mos_sports_events_20260326_081401.txt
2026-03-26 08:14:01 [INFO] Records count : 7
2026-03-26 08:14:01 [INFO] ------------------------------------------------------------------
2026-03-26 08:14:01 [INFO]   Record 01: Event ID: EVT9486 | Event Name: Gulf Youth Cup Round 1 | Sport: Football | Venue: Aspire Z...
2026-03-26 08:14:01 [INFO]   Record 02: Event ID: EVT5788 | Event Name: Ministry Invitational Friendly Tournament | Sport: Handbal...
2026-03-26 08:14:01 [INFO]   Record 03: Event ID: EVT2283 | Event Name: Ramadan Football Festival | Sport: Football | Venue: Al Ba...
2026-03-26 08:14:01 [INFO]   Record 04: Event ID: EVT8255 | Event Name: GCC Club Championship Final | Sport: Football | Venue: Al ...
2026-03-26 08:14:01 [INFO]   Record 05: Event ID: EVT7734 | Event Name: Qatar Schools Football League | Sport: Football | Venue: L...
2026-03-26 08:14:01 [INFO]   Record 06: Event ID: EVT6304 | Event Name: Gulf Youth Cup Round 2 | Sport: Football | Venue: Educatio...
2026-03-26 08:14:01 [INFO]   Record 07: Event ID: EVT8853 | Event Name: Gulf Cup Qualifier Round 1 | Sport: Basketball | Venue: Al...
2026-03-26 08:14:01 [INFO] ------------------------------------------------------------------
2026-03-26 08:14:01 [INFO] File written successfully.
2026-03-26 08:14:01 [INFO]   Full path : /home/cloudera/mos_qatar_demo_poc/landing/mos_sports_events_20260326_081401.txt
2026-03-26 08:14:01 [INFO]   Size      : 1763 bytes
2026-03-26 08:14:01 [INFO]   Records   : 7
2026-03-26 08:14:01 [INFO] ==================================================================
2026-03-26 08:14:01 [INFO]   Generator Completed Successfully
2026-03-26 08:14:01 [INFO] ==================================================================
