2026-03-27 04:01:01 [INFO] ==================================================================
2026-03-27 04:01:01 [INFO]   MOS Qatar Demo - Sports Data Generator
2026-03-27 04:01:01 [INFO] ==================================================================
2026-03-27 04:01:01 [INFO] Config file   : /home/cloudera/mos_qatar_demo_poc/config/mos_qatar_demo.ini
2026-03-27 04:01:01 [INFO] Landing dir   : /home/cloudera/mos_qatar_demo_poc/landing
2026-03-27 04:01:01 [INFO] Output file   : mos_sports_events_20260327_040101.txt
2026-03-27 04:01:01 [INFO] Records count : 7
2026-03-27 04:01:01 [INFO] ------------------------------------------------------------------
2026-03-27 04:01:01 [INFO]   Record 01: Event ID: EVT4068 | Event Name: MOS Annual Charity Football Gala | Sport: Handball | Venue...
2026-03-27 04:01:01 [INFO]   Record 02: Event ID: EVT6185 | Event Name: Qatar Olympic Training Camp Evaluation | Sport: Volleyball...
2026-03-27 04:01:01 [INFO]   Record 03: Event ID: EVT3365 | Event Name: MOS Annual Charity Football Gala | Sport: Football | Venue...
2026-03-27 04:01:01 [INFO]   Record 04: Event ID: EVT3149 | Event Name: Arab Nations Championship Group Stage | Sport: Football | ...
2026-03-27 04:01:01 [INFO]   Record 05: Event ID: EVT5680 | Event Name: Gulf Youth Cup Quarter Final | Sport: Basketball | Venue: ...
2026-03-27 04:01:01 [INFO]   Record 06: Event ID: EVT3709 | Event Name: Qatar Premier League Match Day 8 | Sport: Football | Venue...
2026-03-27 04:01:01 [INFO]   Record 07: Event ID: EVT5045 | Event Name: Qatar Premier League Match Day 12 | Sport: Football | Venu...
2026-03-27 04:01:01 [INFO] ------------------------------------------------------------------
2026-03-27 04:01:01 [INFO] File written successfully.
2026-03-27 04:01:01 [INFO]   Full path : /home/cloudera/mos_qatar_demo_poc/landing/mos_sports_events_20260327_040101.txt
2026-03-27 04:01:01 [INFO]   Size      : 1816 bytes
2026-03-27 04:01:01 [INFO]   Records   : 7
2026-03-27 04:01:01 [INFO] ==================================================================
2026-03-27 04:01:01 [INFO]   Generator Completed Successfully
2026-03-27 04:01:01 [INFO] ==================================================================
