2026-03-27 06:00:01 [INFO] ==================================================================
2026-03-27 06:00:01 [INFO]   MOS Qatar Demo - Sports Data Generator
2026-03-27 06:00:01 [INFO] ==================================================================
2026-03-27 06:00:01 [INFO] Config file   : /home/cloudera/mos_qatar_demo_poc/config/mos_qatar_demo.ini
2026-03-27 06:00:01 [INFO] Landing dir   : /home/cloudera/mos_qatar_demo_poc/landing
2026-03-27 06:00:01 [INFO] Output file   : mos_sports_events_20260327_060001.txt
2026-03-27 06:00:01 [INFO] Records count : 8
2026-03-27 06:00:01 [INFO] ------------------------------------------------------------------
2026-03-27 06:00:01 [INFO]   Record 01: Event ID: EVT5100 | Event Name: MOS Annual Charity Football Gala | Sport: Football | Venue...
2026-03-27 06:00:01 [INFO]   Record 02: Event ID: EVT5484 | Event Name: Ramadan Football Festival | Sport: Basketball | Venue: Lus...
2026-03-27 06:00:01 [INFO]   Record 03: Event ID: EVT7437 | Event Name: FIFA World Cup Qatar Legacy Match | Sport: Football | Venu...
2026-03-27 06:00:01 [INFO]   Record 04: Event ID: EVT6890 | Event Name: Qatar Premier League Match Day 8 | Sport: Athletics | Venu...
2026-03-27 06:00:01 [INFO]   Record 05: Event ID: EVT2676 | Event Name: Asian Qualifiers Warm-up Match | Sport: Swimming | Venue: ...
2026-03-27 06:00:01 [INFO]   Record 06: Event ID: EVT6825 | Event Name: Qatar Olympic Training Camp Evaluation | Sport: Athletics ...
2026-03-27 06:00:01 [INFO]   Record 07: Event ID: EVT1063 | Event Name: Asian Qualifiers Warm-up Match | Sport: Football | Venue: ...
2026-03-27 06:00:01 [INFO]   Record 08: Event ID: EVT2011 | Event Name: GCC Club Championship Final | Sport: Football | Venue: Al ...
2026-03-27 06:00:01 [INFO] ------------------------------------------------------------------
2026-03-27 06:00:01 [INFO] File written successfully.
2026-03-27 06:00:01 [INFO]   Full path : /home/cloudera/mos_qatar_demo_poc/landing/mos_sports_events_20260327_060001.txt
2026-03-27 06:00:01 [INFO]   Size      : 2092 bytes
2026-03-27 06:00:01 [INFO]   Records   : 8
2026-03-27 06:00:01 [INFO] ==================================================================
2026-03-27 06:00:01 [INFO]   Generator Completed Successfully
2026-03-27 06:00:01 [INFO] ==================================================================
