2026-03-27 19:48:02 [INFO] ==================================================================
2026-03-27 19:48:02 [INFO]   MOS Qatar Demo - Sports Data Generator
2026-03-27 19:48:02 [INFO] ==================================================================
2026-03-27 19:48:02 [INFO] Config file   : /home/cloudera/mos_qatar_demo_poc/config/mos_qatar_demo.ini
2026-03-27 19:48:02 [INFO] Landing dir   : /home/cloudera/mos_qatar_demo_poc/landing
2026-03-27 19:48:02 [INFO] Output file   : mos_sports_events_20260327_194802.txt
2026-03-27 19:48:02 [INFO] Records count : 5
2026-03-27 19:48:02 [INFO] ------------------------------------------------------------------
2026-03-27 19:48:02 [INFO]   Record 01: Event ID: EVT3276 | Event Name: GCC Club Championship Semi Final | Sport: Handball | Venue...
2026-03-27 19:48:02 [INFO]   Record 02: Event ID: EVT3424 | Event Name: Gulf Youth Cup Final | Sport: Handball | Venue: Al Wakrah ...
2026-03-27 19:48:02 [INFO]   Record 03: Event ID: EVT9640 | Event Name: FIFA World Cup Qatar Legacy Match | Sport: Swimming | Venu...
2026-03-27 19:48:02 [INFO]   Record 04: Event ID: EVT7284 | Event Name: Qatar Cup Semi Final | Sport: Football | Venue: Lusail Sta...
2026-03-27 19:48:02 [INFO]   Record 05: Event ID: EVT5240 | Event Name: Qatar Cup Semi Final | Sport: Basketball | Venue: Al Wakra...
2026-03-27 19:48:02 [INFO] ------------------------------------------------------------------
2026-03-27 19:48:02 [INFO] File written successfully.
2026-03-27 19:48:02 [INFO]   Full path : /home/cloudera/mos_qatar_demo_poc/landing/mos_sports_events_20260327_194802.txt
2026-03-27 19:48:02 [INFO]   Size      : 1286 bytes
2026-03-27 19:48:02 [INFO]   Records   : 5
2026-03-27 19:48:02 [INFO] ==================================================================
2026-03-27 19:48:02 [INFO]   Generator Completed Successfully
2026-03-27 19:48:02 [INFO] ==================================================================
