2026-03-27 23:12:02 [INFO] ==================================================================
2026-03-27 23:12:02 [INFO]   MOS Qatar Demo - Sports Data Generator
2026-03-27 23:12:02 [INFO] ==================================================================
2026-03-27 23:12:02 [INFO] Config file   : /home/cloudera/mos_qatar_demo_poc/config/mos_qatar_demo.ini
2026-03-27 23:12:02 [INFO] Landing dir   : /home/cloudera/mos_qatar_demo_poc/landing
2026-03-27 23:12:02 [INFO] Output file   : mos_sports_events_20260327_231202.txt
2026-03-27 23:12:02 [INFO] Records count : 6
2026-03-27 23:12:02 [INFO] ------------------------------------------------------------------
2026-03-27 23:12:02 [INFO]   Record 01: Event ID: EVT8048 | Event Name: Gulf Youth Cup Final | Sport: Athletics | Venue: Ahmad Bin...
2026-03-27 23:12:02 [INFO]   Record 02: Event ID: EVT8695 | Event Name: Gulf Youth Cup Semi Final | Sport: Basketball | Venue: Qat...
2026-03-27 23:12:02 [INFO]   Record 03: Event ID: EVT5616 | Event Name: Qatar Olympic Training Camp Evaluation | Sport: Football |...
2026-03-27 23:12:02 [INFO]   Record 04: Event ID: EVT9859 | Event Name: Gulf Youth Cup Final | Sport: Swimming | Venue: Ahmad Bin ...
2026-03-27 23:12:02 [INFO]   Record 05: Event ID: EVT5743 | Event Name: Arab Nations Championship Group Stage | Sport: Football | ...
2026-03-27 23:12:02 [INFO]   Record 06: Event ID: EVT5094 | Event Name: Qatar Cup Final | Sport: Athletics | Venue: Lusail Stadium...
2026-03-27 23:12:02 [INFO] ------------------------------------------------------------------
2026-03-27 23:12:02 [INFO] File written successfully.
2026-03-27 23:12:02 [INFO]   Full path : /home/cloudera/mos_qatar_demo_poc/landing/mos_sports_events_20260327_231202.txt
2026-03-27 23:12:02 [INFO]   Size      : 1531 bytes
2026-03-27 23:12:02 [INFO]   Records   : 6
2026-03-27 23:12:02 [INFO] ==================================================================
2026-03-27 23:12:02 [INFO]   Generator Completed Successfully
2026-03-27 23:12:02 [INFO] ==================================================================
