2026-03-25 10:07:01 [INFO] ==================================================================
2026-03-25 10:07:01 [INFO]   MOS Qatar Demo - Sports Data Generator
2026-03-25 10:07:01 [INFO] ==================================================================
2026-03-25 10:07:01 [INFO] Config file   : /home/cloudera/mos_qatar_demo_poc/config/mos_qatar_demo.ini
2026-03-25 10:07:01 [INFO] Landing dir   : /home/cloudera/mos_qatar_demo_poc/landing
2026-03-25 10:07:01 [INFO] Output file   : mos_sports_events_20260325_100701.txt
2026-03-25 10:07:01 [INFO] Records count : 10
2026-03-25 10:07:01 [INFO] ------------------------------------------------------------------
2026-03-25 10:07:01 [INFO]   Record 01: Event ID: EVT9039 | Event Name: Ministry Invitational Friendly Tournament | Sport: Footbal...
2026-03-25 10:07:01 [INFO]   Record 02: Event ID: EVT7209 | Event Name: Gulf Youth Cup Round 1 | Sport: Athletics | Venue: Al Wakr...
2026-03-25 10:07:01 [INFO]   Record 03: Event ID: EVT5136 | Event Name: National Team Preparation Match | Sport: Football | Venue:...
2026-03-25 10:07:01 [INFO]   Record 04: Event ID: EVT7919 | Event Name: Qatar Premier League Match Day 12 | Sport: Football | Venu...
2026-03-25 10:07:01 [INFO]   Record 05: Event ID: EVT7483 | Event Name: Qatar Under-20 Development League | Sport: Athletics | Ven...
2026-03-25 10:07:01 [INFO]   Record 06: Event ID: EVT1989 | Event Name: Gulf Cup Qualifier Round 1 | Sport: Football | Venue: Qata...
2026-03-25 10:07:01 [INFO]   Record 07: Event ID: EVT2267 | Event Name: Gulf Youth Cup Semi Final | Sport: Swimming | Venue: Qatar...
2026-03-25 10:07:01 [INFO]   Record 08: Event ID: EVT4991 | Event Name: Qatar Cup Final | Sport: Handball | Venue: Qatar Sports Cl...
2026-03-25 10:07:01 [INFO]   Record 09: Event ID: EVT8392 | Event Name: Arab Nations Championship Semi Final | Sport: Volleyball |...
2026-03-25 10:07:01 [INFO]   Record 10: Event ID: EVT8915 | Event Name: Ramadan Football Festival | Sport: Swimming | Venue: Educa...
2026-03-25 10:07:01 [INFO] ------------------------------------------------------------------
2026-03-25 10:07:01 [INFO] File written successfully.
2026-03-25 10:07:01 [INFO]   Full path : /home/cloudera/mos_qatar_demo_poc/landing/mos_sports_events_20260325_100701.txt
2026-03-25 10:07:01 [INFO]   Size      : 2575 bytes
2026-03-25 10:07:01 [INFO]   Records   : 10
2026-03-25 10:07:01 [INFO] ==================================================================
2026-03-25 10:07:01 [INFO]   Generator Completed Successfully
2026-03-25 10:07:01 [INFO] ==================================================================
