2026-03-24 19:10:02 [INFO] ==================================================================
2026-03-24 19:10:02 [INFO]   MOS Qatar Demo - Sports Data Generator
2026-03-24 19:10:02 [INFO] ==================================================================
2026-03-24 19:10:02 [INFO] Config file   : /home/cloudera/mos_qatar_demo_poc/config/mos_qatar_demo.ini
2026-03-24 19:10:02 [INFO] Landing dir   : /home/cloudera/mos_qatar_demo_poc/landing
2026-03-24 19:10:02 [INFO] Output file   : mos_sports_events_20260324_191002.txt
2026-03-24 19:10:02 [INFO] Records count : 9
2026-03-24 19:10:02 [INFO] ------------------------------------------------------------------
2026-03-24 19:10:02 [INFO]   Record 01: Event ID: EVT1668 | Event Name: Qatar Cup Final | Sport: Swimming | Venue: Al Janoub Stadi...
2026-03-24 19:10:02 [INFO]   Record 02: Event ID: EVT7772 | Event Name: Qatar Olympic Training Camp Evaluation | Sport: Football |...
2026-03-24 19:10:02 [INFO]   Record 03: Event ID: EVT1456 | Event Name: Qatar Premier League Match Day 12 | Sport: Football | Venu...
2026-03-24 19:10:02 [INFO]   Record 04: Event ID: EVT5344 | Event Name: National Team Preparation Match | Sport: Football | Venue:...
2026-03-24 19:10:02 [INFO]   Record 05: Event ID: EVT8005 | Event Name: Gulf Youth Cup Final | Sport: Volleyball | Venue: Al Bayt ...
2026-03-24 19:10:02 [INFO]   Record 06: Event ID: EVT8217 | Event Name: Gulf Cup Qualifier Round 1 | Sport: Football | Venue: Al W...
2026-03-24 19:10:02 [INFO]   Record 07: Event ID: EVT9442 | Event Name: Gulf Cup Qualifier Round 1 | Sport: Football | Venue: Al W...
2026-03-24 19:10:02 [INFO]   Record 08: Event ID: EVT4131 | Event Name: Arab Nations Championship Semi Final | Sport: Athletics | ...
2026-03-24 19:10:02 [INFO]   Record 09: Event ID: EVT8313 | Event Name: GCC Club Championship Final | Sport: Handball | Venue: Kha...
2026-03-24 19:10:02 [INFO] ------------------------------------------------------------------
2026-03-24 19:10:02 [INFO] File written successfully.
2026-03-24 19:10:02 [INFO]   Full path : /home/cloudera/mos_qatar_demo_poc/landing/mos_sports_events_20260324_191002.txt
2026-03-24 19:10:02 [INFO]   Size      : 2341 bytes
2026-03-24 19:10:02 [INFO]   Records   : 9
2026-03-24 19:10:02 [INFO] ==================================================================
2026-03-24 19:10:02 [INFO]   Generator Completed Successfully
2026-03-24 19:10:02 [INFO] ==================================================================
