2026-03-24 15:47:01 [INFO] ==================================================================
2026-03-24 15:47:01 [INFO]   MOS Qatar Demo - Sports Data Generator
2026-03-24 15:47:01 [INFO] ==================================================================
2026-03-24 15:47:01 [INFO] Config file   : /home/cloudera/mos_qatar_demo_poc/config/mos_qatar_demo.ini
2026-03-24 15:47:01 [INFO] Landing dir   : /home/cloudera/mos_qatar_demo_poc/landing
2026-03-24 15:47:01 [INFO] Output file   : mos_sports_events_20260324_154701.txt
2026-03-24 15:47:01 [INFO] Records count : 10
2026-03-24 15:47:01 [INFO] ------------------------------------------------------------------
2026-03-24 15:47:01 [INFO]   Record 01: Event ID: EVT6273 | Event Name: Gulf Youth Cup Round 2 | Sport: Football | Venue: Aspire Z...
2026-03-24 15:47:01 [INFO]   Record 02: Event ID: EVT5473 | Event Name: National Day Football Celebration | Sport: Handball | Venu...
2026-03-24 15:47:01 [INFO]   Record 03: Event ID: EVT1569 | Event Name: Gulf Youth Cup Round 1 | Sport: Football | Venue: Al Bayt ...
2026-03-24 15:47:01 [INFO]   Record 04: Event ID: EVT3185 | Event Name: Ministry Youth Sports Day | Sport: Handball | Venue: Al Ba...
2026-03-24 15:47:01 [INFO]   Record 05: Event ID: EVT7303 | Event Name: Arab Nations Championship Group Stage | Sport: Basketball ...
2026-03-24 15:47:01 [INFO]   Record 06: Event ID: EVT4779 | Event Name: Gulf Youth Cup Final | Sport: Volleyball | Venue: Ahmad Bi...
2026-03-24 15:47:01 [INFO]   Record 07: Event ID: EVT4494 | Event Name: MOS Annual Charity Football Gala | Sport: Football | Venue...
2026-03-24 15:47:01 [INFO]   Record 08: Event ID: EVT1426 | Event Name: Qatar Under-20 Development League | Sport: Handball | Venu...
2026-03-24 15:47:01 [INFO]   Record 09: Event ID: EVT6492 | Event Name: GCC Club Championship Quarter Final | Sport: Basketball | ...
2026-03-24 15:47:01 [INFO]   Record 10: Event ID: EVT9815 | Event Name: Asian Qualifiers Warm-up Match | Sport: Volleyball | Venue...
2026-03-24 15:47:01 [INFO] ------------------------------------------------------------------
2026-03-24 15:47:01 [INFO] File written successfully.
2026-03-24 15:47:01 [INFO]   Full path : /home/cloudera/mos_qatar_demo_poc/landing/mos_sports_events_20260324_154701.txt
2026-03-24 15:47:01 [INFO]   Size      : 2597 bytes
2026-03-24 15:47:01 [INFO]   Records   : 10
2026-03-24 15:47:01 [INFO] ==================================================================
2026-03-24 15:47:01 [INFO]   Generator Completed Successfully
2026-03-24 15:47:01 [INFO] ==================================================================
