2026-03-26 02:00:02 [INFO] ==================================================================
2026-03-26 02:00:02 [INFO]   MOS Qatar Demo - Sports Data Generator
2026-03-26 02:00:02 [INFO] ==================================================================
2026-03-26 02:00:02 [INFO] Config file   : /home/cloudera/mos_qatar_demo_poc/config/mos_qatar_demo.ini
2026-03-26 02:00:02 [INFO] Landing dir   : /home/cloudera/mos_qatar_demo_poc/landing
2026-03-26 02:00:02 [INFO] Output file   : mos_sports_events_20260326_020002.txt
2026-03-26 02:00:02 [INFO] Records count : 9
2026-03-26 02:00:02 [INFO] ------------------------------------------------------------------
2026-03-26 02:00:02 [INFO]   Record 01: Event ID: EVT8711 | Event Name: Qatar Schools Football League | Sport: Swimming | Venue: A...
2026-03-26 02:00:02 [INFO]   Record 02: Event ID: EVT5200 | Event Name: GCC Club Championship Quarter Final | Sport: Football | Ve...
2026-03-26 02:00:02 [INFO]   Record 03: Event ID: EVT9916 | Event Name: Qatar Schools Football League | Sport: Football | Venue: K...
2026-03-26 02:00:02 [INFO]   Record 04: Event ID: EVT4263 | Event Name: Gulf Youth Cup Semi Final | Sport: Volleyball | Venue: Al ...
2026-03-26 02:00:02 [INFO]   Record 05: Event ID: EVT5959 | Event Name: National Team Preparation Match | Sport: Swimming | Venue:...
2026-03-26 02:00:02 [INFO]   Record 06: Event ID: EVT9111 | Event Name: Gulf Youth Cup Round 2 | Sport: Basketball | Venue: Al Bay...
2026-03-26 02:00:02 [INFO]   Record 07: Event ID: EVT2849 | Event Name: Qatar Schools Football League | Sport: Football | Venue: A...
2026-03-26 02:00:02 [INFO]   Record 08: Event ID: EVT2498 | Event Name: Gulf Youth Cup Round 1 | Sport: Football | Venue: Al Bayt ...
2026-03-26 02:00:02 [INFO]   Record 09: Event ID: EVT4586 | Event Name: Ministry Youth Sports Day | Sport: Handball | Venue: Al Wa...
2026-03-26 02:00:02 [INFO] ------------------------------------------------------------------
2026-03-26 02:00:02 [INFO] File written successfully.
2026-03-26 02:00:02 [INFO]   Full path : /home/cloudera/mos_qatar_demo_poc/landing/mos_sports_events_20260326_020002.txt
2026-03-26 02:00:02 [INFO]   Size      : 2305 bytes
2026-03-26 02:00:02 [INFO]   Records   : 9
2026-03-26 02:00:02 [INFO] ==================================================================
2026-03-26 02:00:02 [INFO]   Generator Completed Successfully
2026-03-26 02:00:02 [INFO] ==================================================================
