2026-03-27 17:55:01 [INFO] ==================================================================
2026-03-27 17:55:01 [INFO]   MOS Qatar Demo - Sports Data Generator
2026-03-27 17:55:01 [INFO] ==================================================================
2026-03-27 17:55:01 [INFO] Config file   : /home/cloudera/mos_qatar_demo_poc/config/mos_qatar_demo.ini
2026-03-27 17:55:01 [INFO] Landing dir   : /home/cloudera/mos_qatar_demo_poc/landing
2026-03-27 17:55:01 [INFO] Output file   : mos_sports_events_20260327_175501.txt
2026-03-27 17:55:01 [INFO] Records count : 4
2026-03-27 17:55:01 [INFO] ------------------------------------------------------------------
2026-03-27 17:55:01 [INFO]   Record 01: Event ID: EVT6903 | Event Name: Gulf Youth Cup Round 1 | Sport: Handball | Venue: Al Wakra...
2026-03-27 17:55:01 [INFO]   Record 02: Event ID: EVT4232 | Event Name: Doha Sports Festival Opening Match | Sport: Handball | Ven...
2026-03-27 17:55:01 [INFO]   Record 03: Event ID: EVT8673 | Event Name: GCC Club Championship Final | Sport: Basketball | Venue: E...
2026-03-27 17:55:01 [INFO]   Record 04: Event ID: EVT3554 | Event Name: Qatar Under-20 Development League | Sport: Basketball | Ve...
2026-03-27 17:55:01 [INFO] ------------------------------------------------------------------
2026-03-27 17:55:01 [INFO] File written successfully.
2026-03-27 17:55:01 [INFO]   Full path : /home/cloudera/mos_qatar_demo_poc/landing/mos_sports_events_20260327_175501.txt
2026-03-27 17:55:01 [INFO]   Size      : 1050 bytes
2026-03-27 17:55:01 [INFO]   Records   : 4
2026-03-27 17:55:01 [INFO] ==================================================================
2026-03-27 17:55:01 [INFO]   Generator Completed Successfully
2026-03-27 17:55:01 [INFO] ==================================================================
