2026-03-25 14:49:01 [INFO] ==================================================================
2026-03-25 14:49:01 [INFO]   MOS Qatar Demo - Sports Data Generator
2026-03-25 14:49:01 [INFO] ==================================================================
2026-03-25 14:49:01 [INFO] Config file   : /home/cloudera/mos_qatar_demo_poc/config/mos_qatar_demo.ini
2026-03-25 14:49:01 [INFO] Landing dir   : /home/cloudera/mos_qatar_demo_poc/landing
2026-03-25 14:49:01 [INFO] Output file   : mos_sports_events_20260325_144901.txt
2026-03-25 14:49:01 [INFO] Records count : 10
2026-03-25 14:49:01 [INFO] ------------------------------------------------------------------
2026-03-25 14:49:01 [INFO]   Record 01: Event ID: EVT1972 | Event Name: GCC Club Championship Final | Sport: Athletics | Venue: Ah...
2026-03-25 14:49:01 [INFO]   Record 02: Event ID: EVT6463 | Event Name: Gulf Youth Cup Quarter Final | Sport: Handball | Venue: Ed...
2026-03-25 14:49:01 [INFO]   Record 03: Event ID: EVT8572 | Event Name: Gulf Youth Cup Final | Sport: Swimming | Venue: Al Thumama...
2026-03-25 14:49:01 [INFO]   Record 04: Event ID: EVT1649 | Event Name: Asian Qualifiers Warm-up Match | Sport: Football | Venue: ...
2026-03-25 14:49:01 [INFO]   Record 05: Event ID: EVT7650 | Event Name: Asian Qualifiers Warm-up Match | Sport: Volleyball | Venue...
2026-03-25 14:49:01 [INFO]   Record 06: Event ID: EVT7587 | Event Name: Qatar Cup Final | Sport: Basketball | Venue: Khalifa Inter...
2026-03-25 14:49:01 [INFO]   Record 07: Event ID: EVT6651 | Event Name: FIFA World Cup Qatar Legacy Match | Sport: Swimming | Venu...
2026-03-25 14:49:01 [INFO]   Record 08: Event ID: EVT6781 | Event Name: National Day Football Celebration | Sport: Football | Venu...
2026-03-25 14:49:01 [INFO]   Record 09: Event ID: EVT7962 | Event Name: Qatar Olympic Training Camp Evaluation | Sport: Football |...
2026-03-25 14:49:01 [INFO]   Record 10: Event ID: EVT6365 | Event Name: Doha Sports Festival Opening Match | Sport: Football | Ven...
2026-03-25 14:49:01 [INFO] ------------------------------------------------------------------
2026-03-25 14:49:01 [INFO] File written successfully.
2026-03-25 14:49:01 [INFO]   Full path : /home/cloudera/mos_qatar_demo_poc/landing/mos_sports_events_20260325_144901.txt
2026-03-25 14:49:01 [INFO]   Size      : 2557 bytes
2026-03-25 14:49:01 [INFO]   Records   : 10
2026-03-25 14:49:01 [INFO] ==================================================================
2026-03-25 14:49:01 [INFO]   Generator Completed Successfully
2026-03-25 14:49:01 [INFO] ==================================================================
