2026-03-26 03:54:02 [INFO] ==================================================================
2026-03-26 03:54:02 [INFO]   MOS Qatar Demo - Sports Data Generator
2026-03-26 03:54:02 [INFO] ==================================================================
2026-03-26 03:54:02 [INFO] Config file   : /home/cloudera/mos_qatar_demo_poc/config/mos_qatar_demo.ini
2026-03-26 03:54:02 [INFO] Landing dir   : /home/cloudera/mos_qatar_demo_poc/landing
2026-03-26 03:54:02 [INFO] Output file   : mos_sports_events_20260326_035402.txt
2026-03-26 03:54:02 [INFO] Records count : 9
2026-03-26 03:54:02 [INFO] ------------------------------------------------------------------
2026-03-26 03:54:02 [INFO]   Record 01: Event ID: EVT6233 | Event Name: GCC Club Championship Final | Sport: Football | Venue: Lus...
2026-03-26 03:54:02 [INFO]   Record 02: Event ID: EVT4760 | Event Name: GCC Club Championship Final | Sport: Handball | Venue: Al ...
2026-03-26 03:54:02 [INFO]   Record 03: Event ID: EVT7829 | Event Name: Ramadan Football Festival | Sport: Handball | Venue: Al Ja...
2026-03-26 03:54:02 [INFO]   Record 04: Event ID: EVT1346 | Event Name: National Day Football Celebration | Sport: Football | Venu...
2026-03-26 03:54:02 [INFO]   Record 05: Event ID: EVT3429 | Event Name: Qatar Premier League Match Day 5 | Sport: Football | Venue...
2026-03-26 03:54:02 [INFO]   Record 06: Event ID: EVT2561 | Event Name: Qatar Olympic Training Camp Evaluation | Sport: Football |...
2026-03-26 03:54:02 [INFO]   Record 07: Event ID: EVT5321 | Event Name: Qatar Premier League Match Day 8 | Sport: Handball | Venue...
2026-03-26 03:54:02 [INFO]   Record 08: Event ID: EVT1172 | Event Name: FIFA World Cup Qatar Legacy Match | Sport: Handball | Venu...
2026-03-26 03:54:02 [INFO]   Record 09: Event ID: EVT1567 | Event Name: Gulf Youth Cup Final | Sport: Basketball | Venue: Ahmad Bi...
2026-03-26 03:54:02 [INFO] ------------------------------------------------------------------
2026-03-26 03:54:02 [INFO] File written successfully.
2026-03-26 03:54:02 [INFO]   Full path : /home/cloudera/mos_qatar_demo_poc/landing/mos_sports_events_20260326_035402.txt
2026-03-26 03:54:02 [INFO]   Size      : 2308 bytes
2026-03-26 03:54:02 [INFO]   Records   : 9
2026-03-26 03:54:02 [INFO] ==================================================================
2026-03-26 03:54:02 [INFO]   Generator Completed Successfully
2026-03-26 03:54:02 [INFO] ==================================================================
