2026-03-25 03:44:02 [INFO] ==================================================================
2026-03-25 03:44:02 [INFO]   MOS Qatar Demo - Sports Data Generator
2026-03-25 03:44:02 [INFO] ==================================================================
2026-03-25 03:44:02 [INFO] Config file   : /home/cloudera/mos_qatar_demo_poc/config/mos_qatar_demo.ini
2026-03-25 03:44:02 [INFO] Landing dir   : /home/cloudera/mos_qatar_demo_poc/landing
2026-03-25 03:44:02 [INFO] Output file   : mos_sports_events_20260325_034402.txt
2026-03-25 03:44:02 [INFO] Records count : 8
2026-03-25 03:44:02 [INFO] ------------------------------------------------------------------
2026-03-25 03:44:02 [INFO]   Record 01: Event ID: EVT9248 | Event Name: National Team Preparation Match | Sport: Volleyball | Venu...
2026-03-25 03:44:02 [INFO]   Record 02: Event ID: EVT9167 | Event Name: Ministry Youth Sports Day | Sport: Handball | Venue: Al Th...
2026-03-25 03:44:02 [INFO]   Record 03: Event ID: EVT3103 | Event Name: Qatar Schools Football League | Sport: Volleyball | Venue:...
2026-03-25 03:44:02 [INFO]   Record 04: Event ID: EVT1420 | Event Name: Qatar Premier League Match Day 5 | Sport: Basketball | Ven...
2026-03-25 03:44:02 [INFO]   Record 05: Event ID: EVT4655 | Event Name: Qatar Cup Final | Sport: Football | Venue: Aspire Zone Are...
2026-03-25 03:44:02 [INFO]   Record 06: Event ID: EVT6936 | Event Name: MOS Annual Charity Football Gala | Sport: Athletics | Venu...
2026-03-25 03:44:02 [INFO]   Record 07: Event ID: EVT8527 | Event Name: Gulf Youth Cup Quarter Final | Sport: Swimming | Venue: Qa...
2026-03-25 03:44:02 [INFO]   Record 08: Event ID: EVT6033 | Event Name: Ramadan Football Festival | Sport: Football | Venue: Al Wa...
2026-03-25 03:44:02 [INFO] ------------------------------------------------------------------
2026-03-25 03:44:02 [INFO] File written successfully.
2026-03-25 03:44:02 [INFO]   Full path : /home/cloudera/mos_qatar_demo_poc/landing/mos_sports_events_20260325_034402.txt
2026-03-25 03:44:02 [INFO]   Size      : 2099 bytes
2026-03-25 03:44:02 [INFO]   Records   : 8
2026-03-25 03:44:02 [INFO] ==================================================================
2026-03-25 03:44:02 [INFO]   Generator Completed Successfully
2026-03-25 03:44:02 [INFO] ==================================================================
