2026-03-25 20:01:01 [INFO] ==================================================================
2026-03-25 20:01:01 [INFO]   MOS Qatar Demo - Sports Data Generator
2026-03-25 20:01:01 [INFO] ==================================================================
2026-03-25 20:01:01 [INFO] Config file   : /home/cloudera/mos_qatar_demo_poc/config/mos_qatar_demo.ini
2026-03-25 20:01:01 [INFO] Landing dir   : /home/cloudera/mos_qatar_demo_poc/landing
2026-03-25 20:01:01 [INFO] Output file   : mos_sports_events_20260325_200101.txt
2026-03-25 20:01:01 [INFO] Records count : 10
2026-03-25 20:01:01 [INFO] ------------------------------------------------------------------
2026-03-25 20:01:01 [INFO]   Record 01: Event ID: EVT5955 | Event Name: Ministry Youth Sports Day | Sport: Football | Venue: Qatar...
2026-03-25 20:01:01 [INFO]   Record 02: Event ID: EVT2013 | Event Name: Gulf Youth Cup Round 1 | Sport: Handball | Venue: Al Janou...
2026-03-25 20:01:01 [INFO]   Record 03: Event ID: EVT3216 | Event Name: Ministry Youth Sports Day | Sport: Football | Venue: Al Th...
2026-03-25 20:01:01 [INFO]   Record 04: Event ID: EVT4679 | Event Name: Gulf Cup Qualifier Round 1 | Sport: Football | Venue: Educ...
2026-03-25 20:01:01 [INFO]   Record 05: Event ID: EVT7977 | Event Name: Qatar Premier League Match Day 12 | Sport: Handball | Venu...
2026-03-25 20:01:01 [INFO]   Record 06: Event ID: EVT4815 | Event Name: GCC Club Championship Quarter Final | Sport: Football | Ve...
2026-03-25 20:01:01 [INFO]   Record 07: Event ID: EVT2124 | Event Name: Doha Sports Festival Opening Match | Sport: Swimming | Ven...
2026-03-25 20:01:01 [INFO]   Record 08: Event ID: EVT5186 | Event Name: Gulf Youth Cup Quarter Final | Sport: Football | Venue: Lu...
2026-03-25 20:01:01 [INFO]   Record 09: Event ID: EVT1865 | Event Name: National Day Football Celebration | Sport: Volleyball | Ve...
2026-03-25 20:01:01 [INFO]   Record 10: Event ID: EVT9380 | Event Name: Doha Sports Festival Opening Match | Sport: Basketball | V...
2026-03-25 20:01:01 [INFO] ------------------------------------------------------------------
2026-03-25 20:01:01 [INFO] File written successfully.
2026-03-25 20:01:01 [INFO]   Full path : /home/cloudera/mos_qatar_demo_poc/landing/mos_sports_events_20260325_200101.txt
2026-03-25 20:01:01 [INFO]   Size      : 2598 bytes
2026-03-25 20:01:01 [INFO]   Records   : 10
2026-03-25 20:01:01 [INFO] ==================================================================
2026-03-25 20:01:01 [INFO]   Generator Completed Successfully
2026-03-25 20:01:01 [INFO] ==================================================================
