2026-03-26 15:23:02 [INFO] ==================================================================
2026-03-26 15:23:02 [INFO]   MOS Qatar Demo - Sports Data Generator
2026-03-26 15:23:02 [INFO] ==================================================================
2026-03-26 15:23:02 [INFO] Config file   : /home/cloudera/mos_qatar_demo_poc/config/mos_qatar_demo.ini
2026-03-26 15:23:02 [INFO] Landing dir   : /home/cloudera/mos_qatar_demo_poc/landing
2026-03-26 15:23:02 [INFO] Output file   : mos_sports_events_20260326_152302.txt
2026-03-26 15:23:02 [INFO] Records count : 9
2026-03-26 15:23:02 [INFO] ------------------------------------------------------------------
2026-03-26 15:23:02 [INFO]   Record 01: Event ID: EVT5041 | Event Name: Gulf Youth Cup Semi Final | Sport: Volleyball | Venue: Al ...
2026-03-26 15:23:02 [INFO]   Record 02: Event ID: EVT8711 | Event Name: Ministry Youth Sports Day | Sport: Basketball | Venue: Asp...
2026-03-26 15:23:02 [INFO]   Record 03: Event ID: EVT5562 | Event Name: Ministry Invitational Friendly Tournament | Sport: Volleyb...
2026-03-26 15:23:02 [INFO]   Record 04: Event ID: EVT1744 | Event Name: Qatar Olympic Training Camp Evaluation | Sport: Handball |...
2026-03-26 15:23:02 [INFO]   Record 05: Event ID: EVT5850 | Event Name: Qatar Premier League Match Day 8 | Sport: Swimming | Venue...
2026-03-26 15:23:02 [INFO]   Record 06: Event ID: EVT2033 | Event Name: Gulf Youth Cup Final | Sport: Athletics | Venue: Al Bayt S...
2026-03-26 15:23:02 [INFO]   Record 07: Event ID: EVT9509 | Event Name: National Day Football Celebration | Sport: Football | Venu...
2026-03-26 15:23:02 [INFO]   Record 08: Event ID: EVT1772 | Event Name: Qatar Premier League Match Day 5 | Sport: Basketball | Ven...
2026-03-26 15:23:02 [INFO]   Record 09: Event ID: EVT7217 | Event Name: GCC Club Championship Semi Final | Sport: Swimming | Venue...
2026-03-26 15:23:02 [INFO] ------------------------------------------------------------------
2026-03-26 15:23:02 [INFO] File written successfully.
2026-03-26 15:23:02 [INFO]   Full path : /home/cloudera/mos_qatar_demo_poc/landing/mos_sports_events_20260326_152302.txt
2026-03-26 15:23:02 [INFO]   Size      : 2278 bytes
2026-03-26 15:23:02 [INFO]   Records   : 9
2026-03-26 15:23:02 [INFO] ==================================================================
2026-03-26 15:23:02 [INFO]   Generator Completed Successfully
2026-03-26 15:23:02 [INFO] ==================================================================
