2026-03-25 06:18:01 [INFO] ==================================================================
2026-03-25 06:18:01 [INFO]   MOS Qatar Demo - Sports Data Generator
2026-03-25 06:18:01 [INFO] ==================================================================
2026-03-25 06:18:01 [INFO] Config file   : /home/cloudera/mos_qatar_demo_poc/config/mos_qatar_demo.ini
2026-03-25 06:18:01 [INFO] Landing dir   : /home/cloudera/mos_qatar_demo_poc/landing
2026-03-25 06:18:01 [INFO] Output file   : mos_sports_events_20260325_061801.txt
2026-03-25 06:18:01 [INFO] Records count : 8
2026-03-25 06:18:01 [INFO] ------------------------------------------------------------------
2026-03-25 06:18:01 [INFO]   Record 01: Event ID: EVT1934 | Event Name: Asian Qualifiers Warm-up Match | Sport: Football | Venue: ...
2026-03-25 06:18:01 [INFO]   Record 02: Event ID: EVT3689 | Event Name: Gulf Youth Cup Round 1 | Sport: Volleyball | Venue: Aspire...
2026-03-25 06:18:01 [INFO]   Record 03: Event ID: EVT8956 | Event Name: Ministry Invitational Friendly Tournament | Sport: Handbal...
2026-03-25 06:18:01 [INFO]   Record 04: Event ID: EVT3214 | Event Name: National Team Preparation Match | Sport: Volleyball | Venu...
2026-03-25 06:18:01 [INFO]   Record 05: Event ID: EVT2255 | Event Name: Qatar Premier League Match Day 5 | Sport: Handball | Venue...
2026-03-25 06:18:01 [INFO]   Record 06: Event ID: EVT7363 | Event Name: Gulf Cup Qualifier Round 1 | Sport: Football | Venue: Al T...
2026-03-25 06:18:01 [INFO]   Record 07: Event ID: EVT2446 | Event Name: Gulf Youth Cup Semi Final | Sport: Handball | Venue: Al Ja...
2026-03-25 06:18:01 [INFO]   Record 08: Event ID: EVT8242 | Event Name: Gulf Youth Cup Semi Final | Sport: Handball | Venue: Al Ba...
2026-03-25 06:18:01 [INFO] ------------------------------------------------------------------
2026-03-25 06:18:01 [INFO] File written successfully.
2026-03-25 06:18:01 [INFO]   Full path : /home/cloudera/mos_qatar_demo_poc/landing/mos_sports_events_20260325_061801.txt
2026-03-25 06:18:01 [INFO]   Size      : 2026 bytes
2026-03-25 06:18:01 [INFO]   Records   : 8
2026-03-25 06:18:01 [INFO] ==================================================================
2026-03-25 06:18:01 [INFO]   Generator Completed Successfully
2026-03-25 06:18:01 [INFO] ==================================================================
