2026-03-27 06:12:01 [INFO] ==================================================================
2026-03-27 06:12:01 [INFO]   MOS Qatar Demo - Sports Data Generator
2026-03-27 06:12:01 [INFO] ==================================================================
2026-03-27 06:12:01 [INFO] Config file   : /home/cloudera/mos_qatar_demo_poc/config/mos_qatar_demo.ini
2026-03-27 06:12:01 [INFO] Landing dir   : /home/cloudera/mos_qatar_demo_poc/landing
2026-03-27 06:12:01 [INFO] Output file   : mos_sports_events_20260327_061201.txt
2026-03-27 06:12:01 [INFO] Records count : 9
2026-03-27 06:12:01 [INFO] ------------------------------------------------------------------
2026-03-27 06:12:01 [INFO]   Record 01: Event ID: EVT4446 | Event Name: Arab Nations Championship Group Stage | Sport: Handball | ...
2026-03-27 06:12:01 [INFO]   Record 02: Event ID: EVT7487 | Event Name: Ramadan Football Festival | Sport: Football | Venue: Aspir...
2026-03-27 06:12:01 [INFO]   Record 03: Event ID: EVT7020 | Event Name: National Team Preparation Match | Sport: Football | Venue:...
2026-03-27 06:12:01 [INFO]   Record 04: Event ID: EVT2160 | Event Name: Qatar Cup Semi Final | Sport: Football | Venue: Al Wakrah ...
2026-03-27 06:12:01 [INFO]   Record 05: Event ID: EVT9163 | Event Name: MOS Annual Charity Football Gala | Sport: Basketball | Ven...
2026-03-27 06:12:01 [INFO]   Record 06: Event ID: EVT5681 | Event Name: Qatar Cup Final | Sport: Football | Venue: Al Wakrah Sport...
2026-03-27 06:12:01 [INFO]   Record 07: Event ID: EVT6303 | Event Name: Gulf Youth Cup Semi Final | Sport: Football | Venue: Aspir...
2026-03-27 06:12:01 [INFO]   Record 08: Event ID: EVT4638 | Event Name: Ministry Invitational Friendly Tournament | Sport: Volleyb...
2026-03-27 06:12:01 [INFO]   Record 09: Event ID: EVT8586 | Event Name: Gulf Youth Cup Semi Final | Sport: Volleyball | Venue: Kha...
2026-03-27 06:12:01 [INFO] ------------------------------------------------------------------
2026-03-27 06:12:01 [INFO] File written successfully.
2026-03-27 06:12:01 [INFO]   Full path : /home/cloudera/mos_qatar_demo_poc/landing/mos_sports_events_20260327_061201.txt
2026-03-27 06:12:01 [INFO]   Size      : 2342 bytes
2026-03-27 06:12:01 [INFO]   Records   : 9
2026-03-27 06:12:01 [INFO] ==================================================================
2026-03-27 06:12:01 [INFO]   Generator Completed Successfully
2026-03-27 06:12:01 [INFO] ==================================================================
