2026-03-26 15:20:02 [INFO] ==================================================================
2026-03-26 15:20:02 [INFO]   MOS Qatar Demo - Sports Data Generator
2026-03-26 15:20:02 [INFO] ==================================================================
2026-03-26 15:20:02 [INFO] Config file   : /home/cloudera/mos_qatar_demo_poc/config/mos_qatar_demo.ini
2026-03-26 15:20:02 [INFO] Landing dir   : /home/cloudera/mos_qatar_demo_poc/landing
2026-03-26 15:20:02 [INFO] Output file   : mos_sports_events_20260326_152002.txt
2026-03-26 15:20:02 [INFO] Records count : 9
2026-03-26 15:20:02 [INFO] ------------------------------------------------------------------
2026-03-26 15:20:02 [INFO]   Record 01: Event ID: EVT6992 | Event Name: Ministry Youth Sports Day | Sport: Football | Venue: Al Ba...
2026-03-26 15:20:02 [INFO]   Record 02: Event ID: EVT3492 | Event Name: Ramadan Football Festival | Sport: Football | Venue: Qatar...
2026-03-26 15:20:02 [INFO]   Record 03: Event ID: EVT3455 | Event Name: National Team Preparation Match | Sport: Handball | Venue:...
2026-03-26 15:20:02 [INFO]   Record 04: Event ID: EVT8784 | Event Name: Gulf Youth Cup Round 1 | Sport: Athletics | Venue: Khalifa...
2026-03-26 15:20:02 [INFO]   Record 05: Event ID: EVT2203 | Event Name: Qatar Schools Football League | Sport: Football | Venue: A...
2026-03-26 15:20:02 [INFO]   Record 06: Event ID: EVT3684 | Event Name: MOS Annual Charity Football Gala | Sport: Football | Venue...
2026-03-26 15:20:02 [INFO]   Record 07: Event ID: EVT7646 | Event Name: Qatar Premier League Match Day 12 | Sport: Basketball | Ve...
2026-03-26 15:20:02 [INFO]   Record 08: Event ID: EVT8293 | Event Name: Gulf Youth Cup Final | Sport: Basketball | Venue: Aspire Z...
2026-03-26 15:20:02 [INFO]   Record 09: Event ID: EVT8407 | Event Name: Qatar Schools Football League | Sport: Swimming | Venue: Q...
2026-03-26 15:20:02 [INFO] ------------------------------------------------------------------
2026-03-26 15:20:02 [INFO] File written successfully.
2026-03-26 15:20:02 [INFO]   Full path : /home/cloudera/mos_qatar_demo_poc/landing/mos_sports_events_20260326_152002.txt
2026-03-26 15:20:02 [INFO]   Size      : 2323 bytes
2026-03-26 15:20:02 [INFO]   Records   : 9
2026-03-26 15:20:02 [INFO] ==================================================================
2026-03-26 15:20:02 [INFO]   Generator Completed Successfully
2026-03-26 15:20:02 [INFO] ==================================================================
