2026-03-26 14:49:01 [INFO] ==================================================================
2026-03-26 14:49:01 [INFO]   MOS Qatar Demo - Sports Data Generator
2026-03-26 14:49:01 [INFO] ==================================================================
2026-03-26 14:49:01 [INFO] Config file   : /home/cloudera/mos_qatar_demo_poc/config/mos_qatar_demo.ini
2026-03-26 14:49:01 [INFO] Landing dir   : /home/cloudera/mos_qatar_demo_poc/landing
2026-03-26 14:49:01 [INFO] Output file   : mos_sports_events_20260326_144901.txt
2026-03-26 14:49:01 [INFO] Records count : 8
2026-03-26 14:49:01 [INFO] ------------------------------------------------------------------
2026-03-26 14:49:01 [INFO]   Record 01: Event ID: EVT6300 | Event Name: MOS Annual Charity Football Gala | Sport: Football | Venue...
2026-03-26 14:49:01 [INFO]   Record 02: Event ID: EVT6383 | Event Name: Qatar Premier League Match Day 12 | Sport: Football | Venu...
2026-03-26 14:49:01 [INFO]   Record 03: Event ID: EVT2155 | Event Name: Asian Qualifiers Warm-up Match | Sport: Athletics | Venue:...
2026-03-26 14:49:01 [INFO]   Record 04: Event ID: EVT2607 | Event Name: Ministry Youth Sports Day | Sport: Basketball | Venue: Asp...
2026-03-26 14:49:01 [INFO]   Record 05: Event ID: EVT5067 | Event Name: Doha Sports Festival Opening Match | Sport: Handball | Ven...
2026-03-26 14:49:01 [INFO]   Record 06: Event ID: EVT2649 | Event Name: Gulf Youth Cup Round 1 | Sport: Football | Venue: Khalifa ...
2026-03-26 14:49:01 [INFO]   Record 07: Event ID: EVT8357 | Event Name: Gulf Youth Cup Round 1 | Sport: Volleyball | Venue: Al Wak...
2026-03-26 14:49:01 [INFO]   Record 08: Event ID: EVT6209 | Event Name: GCC Club Championship Semi Final | Sport: Swimming | Venue...
2026-03-26 14:49:01 [INFO] ------------------------------------------------------------------
2026-03-26 14:49:01 [INFO] File written successfully.
2026-03-26 14:49:01 [INFO]   Full path : /home/cloudera/mos_qatar_demo_poc/landing/mos_sports_events_20260326_144901.txt
2026-03-26 14:49:01 [INFO]   Size      : 2104 bytes
2026-03-26 14:49:01 [INFO]   Records   : 8
2026-03-26 14:49:01 [INFO] ==================================================================
2026-03-26 14:49:01 [INFO]   Generator Completed Successfully
2026-03-26 14:49:01 [INFO] ==================================================================
