2026-03-26 17:37:01 [INFO] ==================================================================
2026-03-26 17:37:01 [INFO]   MOS Qatar Demo - Sports Data Generator
2026-03-26 17:37:01 [INFO] ==================================================================
2026-03-26 17:37:01 [INFO] Config file   : /home/cloudera/mos_qatar_demo_poc/config/mos_qatar_demo.ini
2026-03-26 17:37:01 [INFO] Landing dir   : /home/cloudera/mos_qatar_demo_poc/landing
2026-03-26 17:37:01 [INFO] Output file   : mos_sports_events_20260326_173701.txt
2026-03-26 17:37:01 [INFO] Records count : 4
2026-03-26 17:37:01 [INFO] ------------------------------------------------------------------
2026-03-26 17:37:01 [INFO]   Record 01: Event ID: EVT8920 | Event Name: Gulf Youth Cup Quarter Final | Sport: Football | Venue: Al...
2026-03-26 17:37:01 [INFO]   Record 02: Event ID: EVT7659 | Event Name: Qatar Under-20 Development League | Sport: Swimming | Venu...
2026-03-26 17:37:01 [INFO]   Record 03: Event ID: EVT1550 | Event Name: Gulf Youth Cup Quarter Final | Sport: Football | Venue: Lu...
2026-03-26 17:37:01 [INFO]   Record 04: Event ID: EVT7349 | Event Name: GCC Club Championship Quarter Final | Sport: Football | Ve...
2026-03-26 17:37:01 [INFO] ------------------------------------------------------------------
2026-03-26 17:37:01 [INFO] File written successfully.
2026-03-26 17:37:01 [INFO]   Full path : /home/cloudera/mos_qatar_demo_poc/landing/mos_sports_events_20260326_173701.txt
2026-03-26 17:37:01 [INFO]   Size      : 1021 bytes
2026-03-26 17:37:01 [INFO]   Records   : 4
2026-03-26 17:37:01 [INFO] ==================================================================
2026-03-26 17:37:01 [INFO]   Generator Completed Successfully
2026-03-26 17:37:01 [INFO] ==================================================================
