2026-03-25 04:39:01 [INFO] ==================================================================
2026-03-25 04:39:01 [INFO]   MOS Qatar Demo - Sports Data Generator
2026-03-25 04:39:01 [INFO] ==================================================================
2026-03-25 04:39:01 [INFO] Config file   : /home/cloudera/mos_qatar_demo_poc/config/mos_qatar_demo.ini
2026-03-25 04:39:01 [INFO] Landing dir   : /home/cloudera/mos_qatar_demo_poc/landing
2026-03-25 04:39:01 [INFO] Output file   : mos_sports_events_20260325_043901.txt
2026-03-25 04:39:01 [INFO] Records count : 9
2026-03-25 04:39:01 [INFO] ------------------------------------------------------------------
2026-03-25 04:39:01 [INFO]   Record 01: Event ID: EVT6967 | Event Name: Gulf Youth Cup Round 1 | Sport: Football | Venue: Qatar Sp...
2026-03-25 04:39:01 [INFO]   Record 02: Event ID: EVT4847 | Event Name: Qatar Premier League Match Day 12 | Sport: Volleyball | Ve...
2026-03-25 04:39:01 [INFO]   Record 03: Event ID: EVT4557 | Event Name: Ramadan Football Festival | Sport: Football | Venue: Al Ba...
2026-03-25 04:39:01 [INFO]   Record 04: Event ID: EVT8729 | Event Name: GCC Club Championship Quarter Final | Sport: Athletics | V...
2026-03-25 04:39:01 [INFO]   Record 05: Event ID: EVT9136 | Event Name: Qatar Schools Football League | Sport: Football | Venue: A...
2026-03-25 04:39:01 [INFO]   Record 06: Event ID: EVT3901 | Event Name: FIFA World Cup Qatar Legacy Match | Sport: Volleyball | Ve...
2026-03-25 04:39:01 [INFO]   Record 07: Event ID: EVT2666 | Event Name: Qatar Schools Football League | Sport: Basketball | Venue:...
2026-03-25 04:39:01 [INFO]   Record 08: Event ID: EVT8451 | Event Name: Ministry Youth Sports Day | Sport: Basketball | Venue: Al ...
2026-03-25 04:39:01 [INFO]   Record 09: Event ID: EVT5551 | Event Name: Asian Qualifiers Warm-up Match | Sport: Football | Venue: ...
2026-03-25 04:39:01 [INFO] ------------------------------------------------------------------
2026-03-25 04:39:01 [INFO] File written successfully.
2026-03-25 04:39:01 [INFO]   Full path : /home/cloudera/mos_qatar_demo_poc/landing/mos_sports_events_20260325_043901.txt
2026-03-25 04:39:01 [INFO]   Size      : 2339 bytes
2026-03-25 04:39:01 [INFO]   Records   : 9
2026-03-25 04:39:01 [INFO] ==================================================================
2026-03-25 04:39:01 [INFO]   Generator Completed Successfully
2026-03-25 04:39:01 [INFO] ==================================================================
