2026-03-24 22:06:01 [INFO] ==================================================================
2026-03-24 22:06:01 [INFO]   MOS Qatar Demo - Sports Data Generator
2026-03-24 22:06:01 [INFO] ==================================================================
2026-03-24 22:06:01 [INFO] Config file   : /home/cloudera/mos_qatar_demo_poc/config/mos_qatar_demo.ini
2026-03-24 22:06:01 [INFO] Landing dir   : /home/cloudera/mos_qatar_demo_poc/landing
2026-03-24 22:06:01 [INFO] Output file   : mos_sports_events_20260324_220601.txt
2026-03-24 22:06:01 [INFO] Records count : 5
2026-03-24 22:06:01 [INFO] ------------------------------------------------------------------
2026-03-24 22:06:01 [INFO]   Record 01: Event ID: EVT3978 | Event Name: National Day Football Celebration | Sport: Swimming | Venu...
2026-03-24 22:06:01 [INFO]   Record 02: Event ID: EVT2307 | Event Name: FIFA World Cup Qatar Legacy Match | Sport: Handball | Venu...
2026-03-24 22:06:01 [INFO]   Record 03: Event ID: EVT2991 | Event Name: Gulf Cup Qualifier Round 1 | Sport: Basketball | Venue: Lu...
2026-03-24 22:06:01 [INFO]   Record 04: Event ID: EVT4622 | Event Name: Qatar Premier League Match Day 8 | Sport: Volleyball | Ven...
2026-03-24 22:06:01 [INFO]   Record 05: Event ID: EVT6927 | Event Name: Asian Qualifiers Warm-up Match | Sport: Handball | Venue: ...
2026-03-24 22:06:01 [INFO] ------------------------------------------------------------------
2026-03-24 22:06:01 [INFO] File written successfully.
2026-03-24 22:06:01 [INFO]   Full path : /home/cloudera/mos_qatar_demo_poc/landing/mos_sports_events_20260324_220601.txt
2026-03-24 22:06:01 [INFO]   Size      : 1291 bytes
2026-03-24 22:06:01 [INFO]   Records   : 5
2026-03-24 22:06:01 [INFO] ==================================================================
2026-03-24 22:06:01 [INFO]   Generator Completed Successfully
2026-03-24 22:06:01 [INFO] ==================================================================
