2026-03-24 16:10:02 [INFO] ==================================================================
2026-03-24 16:10:02 [INFO]   MOS Qatar Demo - Sports Data Generator
2026-03-24 16:10:02 [INFO] ==================================================================
2026-03-24 16:10:02 [INFO] Config file   : /home/cloudera/mos_qatar_demo_poc/config/mos_qatar_demo.ini
2026-03-24 16:10:02 [INFO] Landing dir   : /home/cloudera/mos_qatar_demo_poc/landing
2026-03-24 16:10:02 [INFO] Output file   : mos_sports_events_20260324_161002.txt
2026-03-24 16:10:02 [INFO] Records count : 5
2026-03-24 16:10:02 [INFO] ------------------------------------------------------------------
2026-03-24 16:10:02 [INFO]   Record 01: Event ID: EVT8939 | Event Name: Qatar Premier League Match Day 5 | Sport: Basketball | Ven...
2026-03-24 16:10:02 [INFO]   Record 02: Event ID: EVT6662 | Event Name: Ramadan Football Festival | Sport: Athletics | Venue: Al T...
2026-03-24 16:10:02 [INFO]   Record 03: Event ID: EVT9801 | Event Name: Qatar Premier League Match Day 8 | Sport: Basketball | Ven...
2026-03-24 16:10:02 [INFO]   Record 04: Event ID: EVT4796 | Event Name: Gulf Cup Qualifier Round 1 | Sport: Football | Venue: Al W...
2026-03-24 16:10:02 [INFO]   Record 05: Event ID: EVT1341 | Event Name: Gulf Youth Cup Quarter Final | Sport: Football | Venue: Al...
2026-03-24 16:10:02 [INFO] ------------------------------------------------------------------
2026-03-24 16:10:02 [INFO] File written successfully.
2026-03-24 16:10:02 [INFO]   Full path : /home/cloudera/mos_qatar_demo_poc/landing/mos_sports_events_20260324_161002.txt
2026-03-24 16:10:02 [INFO]   Size      : 1306 bytes
2026-03-24 16:10:02 [INFO]   Records   : 5
2026-03-24 16:10:02 [INFO] ==================================================================
2026-03-24 16:10:02 [INFO]   Generator Completed Successfully
2026-03-24 16:10:02 [INFO] ==================================================================
