2026-03-27 04:45:02 [INFO] ==================================================================
2026-03-27 04:45:02 [INFO]   MOS Qatar Demo - Sports Data Generator
2026-03-27 04:45:02 [INFO] ==================================================================
2026-03-27 04:45:02 [INFO] Config file   : /home/cloudera/mos_qatar_demo_poc/config/mos_qatar_demo.ini
2026-03-27 04:45:02 [INFO] Landing dir   : /home/cloudera/mos_qatar_demo_poc/landing
2026-03-27 04:45:02 [INFO] Output file   : mos_sports_events_20260327_044502.txt
2026-03-27 04:45:02 [INFO] Records count : 4
2026-03-27 04:45:02 [INFO] ------------------------------------------------------------------
2026-03-27 04:45:02 [INFO]   Record 01: Event ID: EVT5722 | Event Name: Gulf Youth Cup Quarter Final | Sport: Football | Venue: Al...
2026-03-27 04:45:02 [INFO]   Record 02: Event ID: EVT6089 | Event Name: Gulf Youth Cup Final | Sport: Football | Venue: Al Bayt St...
2026-03-27 04:45:02 [INFO]   Record 03: Event ID: EVT3390 | Event Name: Qatar Schools Football League | Sport: Football | Venue: A...
2026-03-27 04:45:02 [INFO]   Record 04: Event ID: EVT9442 | Event Name: Qatar Schools Football League | Sport: Volleyball | Venue:...
2026-03-27 04:45:02 [INFO] ------------------------------------------------------------------
2026-03-27 04:45:02 [INFO] File written successfully.
2026-03-27 04:45:02 [INFO]   Full path : /home/cloudera/mos_qatar_demo_poc/landing/mos_sports_events_20260327_044502.txt
2026-03-27 04:45:02 [INFO]   Size      : 1031 bytes
2026-03-27 04:45:02 [INFO]   Records   : 4
2026-03-27 04:45:02 [INFO] ==================================================================
2026-03-27 04:45:02 [INFO]   Generator Completed Successfully
2026-03-27 04:45:02 [INFO] ==================================================================
