2026-03-27 21:29:02 [INFO] ==================================================================
2026-03-27 21:29:02 [INFO]   MOS Qatar Demo - Sports Data Generator
2026-03-27 21:29:02 [INFO] ==================================================================
2026-03-27 21:29:02 [INFO] Config file   : /home/cloudera/mos_qatar_demo_poc/config/mos_qatar_demo.ini
2026-03-27 21:29:02 [INFO] Landing dir   : /home/cloudera/mos_qatar_demo_poc/landing
2026-03-27 21:29:02 [INFO] Output file   : mos_sports_events_20260327_212902.txt
2026-03-27 21:29:02 [INFO] Records count : 8
2026-03-27 21:29:02 [INFO] ------------------------------------------------------------------
2026-03-27 21:29:02 [INFO]   Record 01: Event ID: EVT9911 | Event Name: Gulf Cup Qualifier Round 1 | Sport: Swimming | Venue: Khal...
2026-03-27 21:29:02 [INFO]   Record 02: Event ID: EVT9123 | Event Name: Qatar Premier League Match Day 5 | Sport: Football | Venue...
2026-03-27 21:29:02 [INFO]   Record 03: Event ID: EVT7233 | Event Name: GCC Club Championship Final | Sport: Football | Venue: Lus...
2026-03-27 21:29:02 [INFO]   Record 04: Event ID: EVT2094 | Event Name: GCC Club Championship Semi Final | Sport: Football | Venue...
2026-03-27 21:29:02 [INFO]   Record 05: Event ID: EVT5598 | Event Name: Qatar Premier League Match Day 12 | Sport: Handball | Venu...
2026-03-27 21:29:02 [INFO]   Record 06: Event ID: EVT7571 | Event Name: Qatar Cup Semi Final | Sport: Football | Venue: Qatar Spor...
2026-03-27 21:29:02 [INFO]   Record 07: Event ID: EVT3884 | Event Name: Arab Nations Championship Group Stage | Sport: Football | ...
2026-03-27 21:29:02 [INFO]   Record 08: Event ID: EVT4329 | Event Name: National Day Football Celebration | Sport: Football | Venu...
2026-03-27 21:29:02 [INFO] ------------------------------------------------------------------
2026-03-27 21:29:02 [INFO] File written successfully.
2026-03-27 21:29:02 [INFO]   Full path : /home/cloudera/mos_qatar_demo_poc/landing/mos_sports_events_20260327_212902.txt
2026-03-27 21:29:02 [INFO]   Size      : 2081 bytes
2026-03-27 21:29:02 [INFO]   Records   : 8
2026-03-27 21:29:02 [INFO] ==================================================================
2026-03-27 21:29:02 [INFO]   Generator Completed Successfully
2026-03-27 21:29:02 [INFO] ==================================================================
