2026-03-24 16:09:01 [INFO] ==================================================================
2026-03-24 16:09:01 [INFO]   MOS Qatar Demo - Sports Data Generator
2026-03-24 16:09:01 [INFO] ==================================================================
2026-03-24 16:09:01 [INFO] Config file   : /home/cloudera/mos_qatar_demo_poc/config/mos_qatar_demo.ini
2026-03-24 16:09:01 [INFO] Landing dir   : /home/cloudera/mos_qatar_demo_poc/landing
2026-03-24 16:09:01 [INFO] Output file   : mos_sports_events_20260324_160901.txt
2026-03-24 16:09:01 [INFO] Records count : 7
2026-03-24 16:09:01 [INFO] ------------------------------------------------------------------
2026-03-24 16:09:01 [INFO]   Record 01: Event ID: EVT8994 | Event Name: Gulf Youth Cup Round 1 | Sport: Football | Venue: Aspire Z...
2026-03-24 16:09:01 [INFO]   Record 02: Event ID: EVT8963 | Event Name: Gulf Cup Qualifier Round 1 | Sport: Football | Venue: Aspi...
2026-03-24 16:09:01 [INFO]   Record 03: Event ID: EVT3241 | Event Name: National Team Preparation Match | Sport: Handball | Venue:...
2026-03-24 16:09:01 [INFO]   Record 04: Event ID: EVT8199 | Event Name: GCC Club Championship Semi Final | Sport: Football | Venue...
2026-03-24 16:09:01 [INFO]   Record 05: Event ID: EVT5046 | Event Name: Ramadan Football Festival | Sport: Handball | Venue: Al Ba...
2026-03-24 16:09:01 [INFO]   Record 06: Event ID: EVT2894 | Event Name: Qatar Premier League Match Day 5 | Sport: Basketball | Ven...
2026-03-24 16:09:01 [INFO]   Record 07: Event ID: EVT9785 | Event Name: Doha Sports Festival Opening Match | Sport: Athletics | Ve...
2026-03-24 16:09:01 [INFO] ------------------------------------------------------------------
2026-03-24 16:09:01 [INFO] File written successfully.
2026-03-24 16:09:01 [INFO]   Full path : /home/cloudera/mos_qatar_demo_poc/landing/mos_sports_events_20260324_160901.txt
2026-03-24 16:09:01 [INFO]   Size      : 1797 bytes
2026-03-24 16:09:01 [INFO]   Records   : 7
2026-03-24 16:09:01 [INFO] ==================================================================
2026-03-24 16:09:01 [INFO]   Generator Completed Successfully
2026-03-24 16:09:01 [INFO] ==================================================================
