2026-03-25 03:19:01 [INFO] ==================================================================
2026-03-25 03:19:01 [INFO]   MOS Qatar Demo - Sports Data Generator
2026-03-25 03:19:01 [INFO] ==================================================================
2026-03-25 03:19:01 [INFO] Config file   : /home/cloudera/mos_qatar_demo_poc/config/mos_qatar_demo.ini
2026-03-25 03:19:01 [INFO] Landing dir   : /home/cloudera/mos_qatar_demo_poc/landing
2026-03-25 03:19:01 [INFO] Output file   : mos_sports_events_20260325_031901.txt
2026-03-25 03:19:01 [INFO] Records count : 9
2026-03-25 03:19:01 [INFO] ------------------------------------------------------------------
2026-03-25 03:19:01 [INFO]   Record 01: Event ID: EVT5723 | Event Name: Ministry Invitational Friendly Tournament | Sport: Swimmin...
2026-03-25 03:19:01 [INFO]   Record 02: Event ID: EVT5636 | Event Name: National Day Football Celebration | Sport: Football | Venu...
2026-03-25 03:19:01 [INFO]   Record 03: Event ID: EVT7544 | Event Name: Gulf Youth Cup Semi Final | Sport: Basketball | Venue: Al ...
2026-03-25 03:19:01 [INFO]   Record 04: Event ID: EVT3680 | Event Name: GCC Club Championship Final | Sport: Football | Venue: Kha...
2026-03-25 03:19:01 [INFO]   Record 05: Event ID: EVT1234 | Event Name: Gulf Youth Cup Semi Final | Sport: Basketball | Venue: Ahm...
2026-03-25 03:19:01 [INFO]   Record 06: Event ID: EVT8509 | Event Name: Gulf Youth Cup Quarter Final | Sport: Football | Venue: Lu...
2026-03-25 03:19:01 [INFO]   Record 07: Event ID: EVT4090 | Event Name: Gulf Youth Cup Round 2 | Sport: Football | Venue: Khalifa ...
2026-03-25 03:19:01 [INFO]   Record 08: Event ID: EVT4112 | Event Name: Ministry Youth Sports Day | Sport: Swimming | Venue: Al Ba...
2026-03-25 03:19:01 [INFO]   Record 09: Event ID: EVT1748 | Event Name: Doha Sports Festival Opening Match | Sport: Football | Ven...
2026-03-25 03:19:01 [INFO] ------------------------------------------------------------------
2026-03-25 03:19:01 [INFO] File written successfully.
2026-03-25 03:19:01 [INFO]   Full path : /home/cloudera/mos_qatar_demo_poc/landing/mos_sports_events_20260325_031901.txt
2026-03-25 03:19:01 [INFO]   Size      : 2360 bytes
2026-03-25 03:19:01 [INFO]   Records   : 9
2026-03-25 03:19:01 [INFO] ==================================================================
2026-03-25 03:19:01 [INFO]   Generator Completed Successfully
2026-03-25 03:19:01 [INFO] ==================================================================
