2026-03-26 20:21:02 [INFO] ==================================================================
2026-03-26 20:21:02 [INFO]   MOS Qatar Demo - Sports Data Generator
2026-03-26 20:21:02 [INFO] ==================================================================
2026-03-26 20:21:02 [INFO] Config file   : /home/cloudera/mos_qatar_demo_poc/config/mos_qatar_demo.ini
2026-03-26 20:21:02 [INFO] Landing dir   : /home/cloudera/mos_qatar_demo_poc/landing
2026-03-26 20:21:02 [INFO] Output file   : mos_sports_events_20260326_202102.txt
2026-03-26 20:21:02 [INFO] Records count : 10
2026-03-26 20:21:02 [INFO] ------------------------------------------------------------------
2026-03-26 20:21:02 [INFO]   Record 01: Event ID: EVT3701 | Event Name: Qatar Premier League Match Day 8 | Sport: Football | Venue...
2026-03-26 20:21:02 [INFO]   Record 02: Event ID: EVT9590 | Event Name: Ramadan Football Festival | Sport: Handball | Venue: Khali...
2026-03-26 20:21:02 [INFO]   Record 03: Event ID: EVT7213 | Event Name: Arab Nations Championship Semi Final | Sport: Football | V...
2026-03-26 20:21:02 [INFO]   Record 04: Event ID: EVT1821 | Event Name: Gulf Cup Qualifier Round 1 | Sport: Volleyball | Venue: Ed...
2026-03-26 20:21:02 [INFO]   Record 05: Event ID: EVT6184 | Event Name: Ministry Invitational Friendly Tournament | Sport: Swimmin...
2026-03-26 20:21:02 [INFO]   Record 06: Event ID: EVT7318 | Event Name: FIFA World Cup Qatar Legacy Match | Sport: Basketball | Ve...
2026-03-26 20:21:02 [INFO]   Record 07: Event ID: EVT3610 | Event Name: Qatar Cup Final | Sport: Handball | Venue: Education City ...
2026-03-26 20:21:02 [INFO]   Record 08: Event ID: EVT9799 | Event Name: Arab Nations Championship Semi Final | Sport: Swimming | V...
2026-03-26 20:21:02 [INFO]   Record 09: Event ID: EVT2355 | Event Name: Ramadan Football Festival | Sport: Football | Venue: Educa...
2026-03-26 20:21:02 [INFO]   Record 10: Event ID: EVT9456 | Event Name: Qatar Premier League Match Day 5 | Sport: Football | Venue...
2026-03-26 20:21:02 [INFO] ------------------------------------------------------------------
2026-03-26 20:21:02 [INFO] File written successfully.
2026-03-26 20:21:02 [INFO]   Full path : /home/cloudera/mos_qatar_demo_poc/landing/mos_sports_events_20260326_202102.txt
2026-03-26 20:21:02 [INFO]   Size      : 2574 bytes
2026-03-26 20:21:02 [INFO]   Records   : 10
2026-03-26 20:21:02 [INFO] ==================================================================
2026-03-26 20:21:02 [INFO]   Generator Completed Successfully
2026-03-26 20:21:02 [INFO] ==================================================================
