2026-03-27 04:52:01 [INFO] ==================================================================
2026-03-27 04:52:01 [INFO]   MOS Qatar Demo - Sports Data Generator
2026-03-27 04:52:01 [INFO] ==================================================================
2026-03-27 04:52:01 [INFO] Config file   : /home/cloudera/mos_qatar_demo_poc/config/mos_qatar_demo.ini
2026-03-27 04:52:01 [INFO] Landing dir   : /home/cloudera/mos_qatar_demo_poc/landing
2026-03-27 04:52:01 [INFO] Output file   : mos_sports_events_20260327_045201.txt
2026-03-27 04:52:01 [INFO] Records count : 7
2026-03-27 04:52:01 [INFO] ------------------------------------------------------------------
2026-03-27 04:52:01 [INFO]   Record 01: Event ID: EVT9428 | Event Name: Qatar Olympic Training Camp Evaluation | Sport: Football |...
2026-03-27 04:52:01 [INFO]   Record 02: Event ID: EVT6196 | Event Name: Gulf Cup Qualifier Round 1 | Sport: Volleyball | Venue: Qa...
2026-03-27 04:52:01 [INFO]   Record 03: Event ID: EVT2833 | Event Name: MOS Annual Charity Football Gala | Sport: Swimming | Venue...
2026-03-27 04:52:01 [INFO]   Record 04: Event ID: EVT9567 | Event Name: Asian Qualifiers Warm-up Match | Sport: Volleyball | Venue...
2026-03-27 04:52:01 [INFO]   Record 05: Event ID: EVT1929 | Event Name: Qatar Olympic Training Camp Evaluation | Sport: Football |...
2026-03-27 04:52:01 [INFO]   Record 06: Event ID: EVT1888 | Event Name: Qatar Premier League Match Day 12 | Sport: Football | Venu...
2026-03-27 04:52:01 [INFO]   Record 07: Event ID: EVT8142 | Event Name: Ministry Youth Sports Day | Sport: Football | Venue: Khali...
2026-03-27 04:52:01 [INFO] ------------------------------------------------------------------
2026-03-27 04:52:01 [INFO] File written successfully.
2026-03-27 04:52:01 [INFO]   Full path : /home/cloudera/mos_qatar_demo_poc/landing/mos_sports_events_20260327_045201.txt
2026-03-27 04:52:01 [INFO]   Size      : 1819 bytes
2026-03-27 04:52:01 [INFO]   Records   : 7
2026-03-27 04:52:01 [INFO] ==================================================================
2026-03-27 04:52:01 [INFO]   Generator Completed Successfully
2026-03-27 04:52:01 [INFO] ==================================================================
