2026-03-27 01:18:01 [INFO] ==================================================================
2026-03-27 01:18:01 [INFO]   MOS Qatar Demo - Sports Data Generator
2026-03-27 01:18:01 [INFO] ==================================================================
2026-03-27 01:18:01 [INFO] Config file   : /home/cloudera/mos_qatar_demo_poc/config/mos_qatar_demo.ini
2026-03-27 01:18:01 [INFO] Landing dir   : /home/cloudera/mos_qatar_demo_poc/landing
2026-03-27 01:18:01 [INFO] Output file   : mos_sports_events_20260327_011801.txt
2026-03-27 01:18:01 [INFO] Records count : 6
2026-03-27 01:18:01 [INFO] ------------------------------------------------------------------
2026-03-27 01:18:01 [INFO]   Record 01: Event ID: EVT4877 | Event Name: MOS Annual Charity Football Gala | Sport: Athletics | Venu...
2026-03-27 01:18:01 [INFO]   Record 02: Event ID: EVT9544 | Event Name: Ministry Youth Sports Day | Sport: Football | Venue: Aspir...
2026-03-27 01:18:01 [INFO]   Record 03: Event ID: EVT9579 | Event Name: Gulf Youth Cup Final | Sport: Swimming | Venue: Education ...
2026-03-27 01:18:01 [INFO]   Record 04: Event ID: EVT6574 | Event Name: Qatar Olympic Training Camp Evaluation | Sport: Football |...
2026-03-27 01:18:01 [INFO]   Record 05: Event ID: EVT3732 | Event Name: Ramadan Football Festival | Sport: Swimming | Venue: Ahmad...
2026-03-27 01:18:01 [INFO]   Record 06: Event ID: EVT6981 | Event Name: Qatar Cup Semi Final | Sport: Basketball | Venue: Al Wakra...
2026-03-27 01:18:01 [INFO] ------------------------------------------------------------------
2026-03-27 01:18:01 [INFO] File written successfully.
2026-03-27 01:18:01 [INFO]   Full path : /home/cloudera/mos_qatar_demo_poc/landing/mos_sports_events_20260327_011801.txt
2026-03-27 01:18:01 [INFO]   Size      : 1557 bytes
2026-03-27 01:18:01 [INFO]   Records   : 6
2026-03-27 01:18:01 [INFO] ==================================================================
2026-03-27 01:18:01 [INFO]   Generator Completed Successfully
2026-03-27 01:18:01 [INFO] ==================================================================
