2026-03-26 14:27:02 [INFO] ==================================================================
2026-03-26 14:27:02 [INFO]   MOS Qatar Demo - Sports Data Generator
2026-03-26 14:27:02 [INFO] ==================================================================
2026-03-26 14:27:02 [INFO] Config file   : /home/cloudera/mos_qatar_demo_poc/config/mos_qatar_demo.ini
2026-03-26 14:27:02 [INFO] Landing dir   : /home/cloudera/mos_qatar_demo_poc/landing
2026-03-26 14:27:02 [INFO] Output file   : mos_sports_events_20260326_142702.txt
2026-03-26 14:27:02 [INFO] Records count : 5
2026-03-26 14:27:02 [INFO] ------------------------------------------------------------------
2026-03-26 14:27:02 [INFO]   Record 01: Event ID: EVT1605 | Event Name: Gulf Cup Qualifier Round 1 | Sport: Athletics | Venue: Lus...
2026-03-26 14:27:02 [INFO]   Record 02: Event ID: EVT9579 | Event Name: Doha Sports Festival Opening Match | Sport: Volleyball | V...
2026-03-26 14:27:02 [INFO]   Record 03: Event ID: EVT4644 | Event Name: Gulf Youth Cup Round 2 | Sport: Football | Venue: Al Bayt ...
2026-03-26 14:27:02 [INFO]   Record 04: Event ID: EVT7378 | Event Name: Gulf Youth Cup Round 1 | Sport: Athletics | Venue: Qatar S...
2026-03-26 14:27:02 [INFO]   Record 05: Event ID: EVT3681 | Event Name: Asian Qualifiers Warm-up Match | Sport: Football | Venue: ...
2026-03-26 14:27:02 [INFO] ------------------------------------------------------------------
2026-03-26 14:27:02 [INFO] File written successfully.
2026-03-26 14:27:02 [INFO]   Full path : /home/cloudera/mos_qatar_demo_poc/landing/mos_sports_events_20260326_142702.txt
2026-03-26 14:27:02 [INFO]   Size      : 1264 bytes
2026-03-26 14:27:02 [INFO]   Records   : 5
2026-03-26 14:27:02 [INFO] ==================================================================
2026-03-26 14:27:02 [INFO]   Generator Completed Successfully
2026-03-26 14:27:02 [INFO] ==================================================================
