2026-03-26 02:56:01 [INFO] ==================================================================
2026-03-26 02:56:01 [INFO]   MOS Qatar Demo - Sports Data Generator
2026-03-26 02:56:01 [INFO] ==================================================================
2026-03-26 02:56:01 [INFO] Config file   : /home/cloudera/mos_qatar_demo_poc/config/mos_qatar_demo.ini
2026-03-26 02:56:01 [INFO] Landing dir   : /home/cloudera/mos_qatar_demo_poc/landing
2026-03-26 02:56:01 [INFO] Output file   : mos_sports_events_20260326_025601.txt
2026-03-26 02:56:01 [INFO] Records count : 9
2026-03-26 02:56:01 [INFO] ------------------------------------------------------------------
2026-03-26 02:56:01 [INFO]   Record 01: Event ID: EVT6494 | Event Name: Qatar Schools Football League | Sport: Football | Venue: A...
2026-03-26 02:56:01 [INFO]   Record 02: Event ID: EVT2886 | Event Name: Ministry Invitational Friendly Tournament | Sport: Basketb...
2026-03-26 02:56:01 [INFO]   Record 03: Event ID: EVT7788 | Event Name: Qatar Premier League Match Day 5 | Sport: Athletics | Venu...
2026-03-26 02:56:01 [INFO]   Record 04: Event ID: EVT6584 | Event Name: Qatar Premier League Match Day 8 | Sport: Handball | Venue...
2026-03-26 02:56:01 [INFO]   Record 05: Event ID: EVT2103 | Event Name: Qatar Cup Semi Final | Sport: Football | Venue: Al Wakrah ...
2026-03-26 02:56:01 [INFO]   Record 06: Event ID: EVT9090 | Event Name: Gulf Youth Cup Semi Final | Sport: Handball | Venue: Al Ja...
2026-03-26 02:56:01 [INFO]   Record 07: Event ID: EVT7492 | Event Name: Ministry Invitational Friendly Tournament | Sport: Footbal...
2026-03-26 02:56:01 [INFO]   Record 08: Event ID: EVT2595 | Event Name: Qatar Under-20 Development League | Sport: Basketball | Ve...
2026-03-26 02:56:01 [INFO]   Record 09: Event ID: EVT1655 | Event Name: Qatar Premier League Match Day 12 | Sport: Athletics | Ven...
2026-03-26 02:56:01 [INFO] ------------------------------------------------------------------
2026-03-26 02:56:01 [INFO] File written successfully.
2026-03-26 02:56:01 [INFO]   Full path : /home/cloudera/mos_qatar_demo_poc/landing/mos_sports_events_20260326_025601.txt
2026-03-26 02:56:01 [INFO]   Size      : 2375 bytes
2026-03-26 02:56:01 [INFO]   Records   : 9
2026-03-26 02:56:01 [INFO] ==================================================================
2026-03-26 02:56:01 [INFO]   Generator Completed Successfully
2026-03-26 02:56:01 [INFO] ==================================================================
