2026-03-27 21:57:01 [INFO] ==================================================================
2026-03-27 21:57:01 [INFO]   MOS Qatar Demo - Sports Data Generator
2026-03-27 21:57:01 [INFO] ==================================================================
2026-03-27 21:57:01 [INFO] Config file   : /home/cloudera/mos_qatar_demo_poc/config/mos_qatar_demo.ini
2026-03-27 21:57:01 [INFO] Landing dir   : /home/cloudera/mos_qatar_demo_poc/landing
2026-03-27 21:57:01 [INFO] Output file   : mos_sports_events_20260327_215701.txt
2026-03-27 21:57:01 [INFO] Records count : 5
2026-03-27 21:57:01 [INFO] ------------------------------------------------------------------
2026-03-27 21:57:01 [INFO]   Record 01: Event ID: EVT9217 | Event Name: Qatar Premier League Match Day 8 | Sport: Handball | Venue...
2026-03-27 21:57:01 [INFO]   Record 02: Event ID: EVT8052 | Event Name: Qatar Cup Semi Final | Sport: Football | Venue: Al Bayt St...
2026-03-27 21:57:01 [INFO]   Record 03: Event ID: EVT2660 | Event Name: Gulf Youth Cup Quarter Final | Sport: Football | Venue: Kh...
2026-03-27 21:57:01 [INFO]   Record 04: Event ID: EVT4471 | Event Name: Qatar Cup Final | Sport: Basketball | Venue: Khalifa Inter...
2026-03-27 21:57:01 [INFO]   Record 05: Event ID: EVT6396 | Event Name: Gulf Youth Cup Semi Final | Sport: Football | Venue: Lusai...
2026-03-27 21:57:01 [INFO] ------------------------------------------------------------------
2026-03-27 21:57:01 [INFO] File written successfully.
2026-03-27 21:57:01 [INFO]   Full path : /home/cloudera/mos_qatar_demo_poc/landing/mos_sports_events_20260327_215701.txt
2026-03-27 21:57:01 [INFO]   Size      : 1276 bytes
2026-03-27 21:57:01 [INFO]   Records   : 5
2026-03-27 21:57:01 [INFO] ==================================================================
2026-03-27 21:57:01 [INFO]   Generator Completed Successfully
2026-03-27 21:57:01 [INFO] ==================================================================
