2026-03-27 07:26:01 [INFO] ==================================================================
2026-03-27 07:26:01 [INFO]   MOS Qatar Demo - Sports Data Generator
2026-03-27 07:26:01 [INFO] ==================================================================
2026-03-27 07:26:01 [INFO] Config file   : /home/cloudera/mos_qatar_demo_poc/config/mos_qatar_demo.ini
2026-03-27 07:26:01 [INFO] Landing dir   : /home/cloudera/mos_qatar_demo_poc/landing
2026-03-27 07:26:01 [INFO] Output file   : mos_sports_events_20260327_072601.txt
2026-03-27 07:26:01 [INFO] Records count : 9
2026-03-27 07:26:01 [INFO] ------------------------------------------------------------------
2026-03-27 07:26:01 [INFO]   Record 01: Event ID: EVT6531 | Event Name: Qatar Cup Final | Sport: Football | Venue: Qatar Sports Cl...
2026-03-27 07:26:01 [INFO]   Record 02: Event ID: EVT8831 | Event Name: Qatar Premier League Match Day 5 | Sport: Handball | Venue...
2026-03-27 07:26:01 [INFO]   Record 03: Event ID: EVT4445 | Event Name: Ramadan Football Festival | Sport: Football | Venue: Al Ja...
2026-03-27 07:26:01 [INFO]   Record 04: Event ID: EVT2578 | Event Name: Ministry Youth Sports Day | Sport: Football | Venue: Educa...
2026-03-27 07:26:01 [INFO]   Record 05: Event ID: EVT6696 | Event Name: GCC Club Championship Final | Sport: Swimming | Venue: Lus...
2026-03-27 07:26:01 [INFO]   Record 06: Event ID: EVT1925 | Event Name: Qatar Olympic Training Camp Evaluation | Sport: Athletics ...
2026-03-27 07:26:01 [INFO]   Record 07: Event ID: EVT4997 | Event Name: Gulf Youth Cup Semi Final | Sport: Football | Venue: Al Ba...
2026-03-27 07:26:01 [INFO]   Record 08: Event ID: EVT7156 | Event Name: Qatar Premier League Match Day 5 | Sport: Football | Venue...
2026-03-27 07:26:01 [INFO]   Record 09: Event ID: EVT4085 | Event Name: Qatar Premier League Match Day 5 | Sport: Football | Venue...
2026-03-27 07:26:01 [INFO] ------------------------------------------------------------------
2026-03-27 07:26:01 [INFO] File written successfully.
2026-03-27 07:26:01 [INFO]   Full path : /home/cloudera/mos_qatar_demo_poc/landing/mos_sports_events_20260327_072601.txt
2026-03-27 07:26:01 [INFO]   Size      : 2285 bytes
2026-03-27 07:26:01 [INFO]   Records   : 9
2026-03-27 07:26:01 [INFO] ==================================================================
2026-03-27 07:26:01 [INFO]   Generator Completed Successfully
2026-03-27 07:26:01 [INFO] ==================================================================
