2026-03-26 20:17:01 [INFO] ==================================================================
2026-03-26 20:17:01 [INFO]   MOS Qatar Demo - Sports Data Generator
2026-03-26 20:17:01 [INFO] ==================================================================
2026-03-26 20:17:01 [INFO] Config file   : /home/cloudera/mos_qatar_demo_poc/config/mos_qatar_demo.ini
2026-03-26 20:17:01 [INFO] Landing dir   : /home/cloudera/mos_qatar_demo_poc/landing
2026-03-26 20:17:01 [INFO] Output file   : mos_sports_events_20260326_201701.txt
2026-03-26 20:17:01 [INFO] Records count : 10
2026-03-26 20:17:01 [INFO] ------------------------------------------------------------------
2026-03-26 20:17:01 [INFO]   Record 01: Event ID: EVT8047 | Event Name: GCC Club Championship Semi Final | Sport: Football | Venue...
2026-03-26 20:17:01 [INFO]   Record 02: Event ID: EVT9640 | Event Name: FIFA World Cup Qatar Legacy Match | Sport: Handball | Venu...
2026-03-26 20:17:01 [INFO]   Record 03: Event ID: EVT2731 | Event Name: Gulf Youth Cup Final | Sport: Swimming | Venue: Lusail Sta...
2026-03-26 20:17:01 [INFO]   Record 04: Event ID: EVT2401 | Event Name: Qatar Under-20 Development League | Sport: Football | Venu...
2026-03-26 20:17:01 [INFO]   Record 05: Event ID: EVT4959 | Event Name: Ministry Youth Sports Day | Sport: Athletics | Venue: Al W...
2026-03-26 20:17:01 [INFO]   Record 06: Event ID: EVT5519 | Event Name: National Day Football Celebration | Sport: Handball | Venu...
2026-03-26 20:17:01 [INFO]   Record 07: Event ID: EVT6629 | Event Name: Qatar Under-20 Development League | Sport: Athletics | Ven...
2026-03-26 20:17:01 [INFO]   Record 08: Event ID: EVT3593 | Event Name: Gulf Youth Cup Final | Sport: Football | Venue: Aspire Zon...
2026-03-26 20:17:01 [INFO]   Record 09: Event ID: EVT7976 | Event Name: Arab Nations Championship Semi Final | Sport: Basketball |...
2026-03-26 20:17:01 [INFO]   Record 10: Event ID: EVT8661 | Event Name: Ministry Invitational Friendly Tournament | Sport: Footbal...
2026-03-26 20:17:01 [INFO] ------------------------------------------------------------------
2026-03-26 20:17:01 [INFO] File written successfully.
2026-03-26 20:17:01 [INFO]   Full path : /home/cloudera/mos_qatar_demo_poc/landing/mos_sports_events_20260326_201701.txt
2026-03-26 20:17:01 [INFO]   Size      : 2591 bytes
2026-03-26 20:17:01 [INFO]   Records   : 10
2026-03-26 20:17:01 [INFO] ==================================================================
2026-03-26 20:17:01 [INFO]   Generator Completed Successfully
2026-03-26 20:17:01 [INFO] ==================================================================
