2026-03-25 04:25:01 [INFO] ==================================================================
2026-03-25 04:25:01 [INFO]   MOS Qatar Demo - Sports Data Generator
2026-03-25 04:25:01 [INFO] ==================================================================
2026-03-25 04:25:01 [INFO] Config file   : /home/cloudera/mos_qatar_demo_poc/config/mos_qatar_demo.ini
2026-03-25 04:25:01 [INFO] Landing dir   : /home/cloudera/mos_qatar_demo_poc/landing
2026-03-25 04:25:01 [INFO] Output file   : mos_sports_events_20260325_042501.txt
2026-03-25 04:25:01 [INFO] Records count : 8
2026-03-25 04:25:01 [INFO] ------------------------------------------------------------------
2026-03-25 04:25:01 [INFO]   Record 01: Event ID: EVT9704 | Event Name: GCC Club Championship Semi Final | Sport: Swimming | Venue...
2026-03-25 04:25:01 [INFO]   Record 02: Event ID: EVT6931 | Event Name: Asian Qualifiers Warm-up Match | Sport: Football | Venue: ...
2026-03-25 04:25:01 [INFO]   Record 03: Event ID: EVT8113 | Event Name: GCC Club Championship Semi Final | Sport: Football | Venue...
2026-03-25 04:25:01 [INFO]   Record 04: Event ID: EVT2797 | Event Name: Gulf Youth Cup Semi Final | Sport: Football | Venue: Educa...
2026-03-25 04:25:01 [INFO]   Record 05: Event ID: EVT6236 | Event Name: MOS Annual Charity Football Gala | Sport: Handball | Venue...
2026-03-25 04:25:01 [INFO]   Record 06: Event ID: EVT3589 | Event Name: National Team Preparation Match | Sport: Football | Venue:...
2026-03-25 04:25:01 [INFO]   Record 07: Event ID: EVT8991 | Event Name: Gulf Youth Cup Final | Sport: Football | Venue: Khalifa In...
2026-03-25 04:25:01 [INFO]   Record 08: Event ID: EVT5776 | Event Name: Gulf Youth Cup Final | Sport: Athletics | Venue: Al Bayt S...
2026-03-25 04:25:01 [INFO] ------------------------------------------------------------------
2026-03-25 04:25:01 [INFO] File written successfully.
2026-03-25 04:25:01 [INFO]   Full path : /home/cloudera/mos_qatar_demo_poc/landing/mos_sports_events_20260325_042501.txt
2026-03-25 04:25:01 [INFO]   Size      : 2077 bytes
2026-03-25 04:25:01 [INFO]   Records   : 8
2026-03-25 04:25:01 [INFO] ==================================================================
2026-03-25 04:25:01 [INFO]   Generator Completed Successfully
2026-03-25 04:25:01 [INFO] ==================================================================
