2026-03-25 11:47:01 [INFO] ==================================================================
2026-03-25 11:47:01 [INFO]   MOS Qatar Demo - Sports Data Generator
2026-03-25 11:47:01 [INFO] ==================================================================
2026-03-25 11:47:01 [INFO] Config file   : /home/cloudera/mos_qatar_demo_poc/config/mos_qatar_demo.ini
2026-03-25 11:47:01 [INFO] Landing dir   : /home/cloudera/mos_qatar_demo_poc/landing
2026-03-25 11:47:01 [INFO] Output file   : mos_sports_events_20260325_114701.txt
2026-03-25 11:47:01 [INFO] Records count : 6
2026-03-25 11:47:01 [INFO] ------------------------------------------------------------------
2026-03-25 11:47:01 [INFO]   Record 01: Event ID: EVT4568 | Event Name: Arab Nations Championship Semi Final | Sport: Handball | V...
2026-03-25 11:47:01 [INFO]   Record 02: Event ID: EVT3147 | Event Name: GCC Club Championship Final | Sport: Swimming | Venue: Ahm...
2026-03-25 11:47:01 [INFO]   Record 03: Event ID: EVT3380 | Event Name: FIFA World Cup Qatar Legacy Match | Sport: Handball | Venu...
2026-03-25 11:47:01 [INFO]   Record 04: Event ID: EVT5623 | Event Name: Qatar Olympic Training Camp Evaluation | Sport: Athletics ...
2026-03-25 11:47:01 [INFO]   Record 05: Event ID: EVT8171 | Event Name: Qatar Under-20 Development League | Sport: Football | Venu...
2026-03-25 11:47:01 [INFO]   Record 06: Event ID: EVT1354 | Event Name: Qatar Under-20 Development League | Sport: Handball | Venu...
2026-03-25 11:47:01 [INFO] ------------------------------------------------------------------
2026-03-25 11:47:01 [INFO] File written successfully.
2026-03-25 11:47:01 [INFO]   Full path : /home/cloudera/mos_qatar_demo_poc/landing/mos_sports_events_20260325_114701.txt
2026-03-25 11:47:01 [INFO]   Size      : 1588 bytes
2026-03-25 11:47:01 [INFO]   Records   : 6
2026-03-25 11:47:01 [INFO] ==================================================================
2026-03-25 11:47:01 [INFO]   Generator Completed Successfully
2026-03-25 11:47:01 [INFO] ==================================================================
