2026-03-27 13:38:01 [INFO] ==================================================================
2026-03-27 13:38:01 [INFO]   MOS Qatar Demo - Sports Data Generator
2026-03-27 13:38:01 [INFO] ==================================================================
2026-03-27 13:38:01 [INFO] Config file   : /home/cloudera/mos_qatar_demo_poc/config/mos_qatar_demo.ini
2026-03-27 13:38:01 [INFO] Landing dir   : /home/cloudera/mos_qatar_demo_poc/landing
2026-03-27 13:38:01 [INFO] Output file   : mos_sports_events_20260327_133801.txt
2026-03-27 13:38:01 [INFO] Records count : 6
2026-03-27 13:38:01 [INFO] ------------------------------------------------------------------
2026-03-27 13:38:01 [INFO]   Record 01: Event ID: EVT7785 | Event Name: FIFA World Cup Qatar Legacy Match | Sport: Football | Venu...
2026-03-27 13:38:01 [INFO]   Record 02: Event ID: EVT6191 | Event Name: Qatar Cup Semi Final | Sport: Football | Venue: Qatar Spor...
2026-03-27 13:38:01 [INFO]   Record 03: Event ID: EVT3943 | Event Name: MOS Annual Charity Football Gala | Sport: Football | Venue...
2026-03-27 13:38:01 [INFO]   Record 04: Event ID: EVT6770 | Event Name: Gulf Youth Cup Quarter Final | Sport: Football | Venue: Qa...
2026-03-27 13:38:01 [INFO]   Record 05: Event ID: EVT6700 | Event Name: Gulf Youth Cup Quarter Final | Sport: Football | Venue: As...
2026-03-27 13:38:01 [INFO]   Record 06: Event ID: EVT4484 | Event Name: Gulf Youth Cup Round 2 | Sport: Athletics | Venue: Al Thum...
2026-03-27 13:38:01 [INFO] ------------------------------------------------------------------
2026-03-27 13:38:01 [INFO] File written successfully.
2026-03-27 13:38:01 [INFO]   Full path : /home/cloudera/mos_qatar_demo_poc/landing/mos_sports_events_20260327_133801.txt
2026-03-27 13:38:01 [INFO]   Size      : 1526 bytes
2026-03-27 13:38:01 [INFO]   Records   : 6
2026-03-27 13:38:01 [INFO] ==================================================================
2026-03-27 13:38:01 [INFO]   Generator Completed Successfully
2026-03-27 13:38:01 [INFO] ==================================================================
