2026-03-27 04:47:02 [INFO] ==================================================================
2026-03-27 04:47:02 [INFO]   MOS Qatar Demo - Sports Data Generator
2026-03-27 04:47:02 [INFO] ==================================================================
2026-03-27 04:47:02 [INFO] Config file   : /home/cloudera/mos_qatar_demo_poc/config/mos_qatar_demo.ini
2026-03-27 04:47:02 [INFO] Landing dir   : /home/cloudera/mos_qatar_demo_poc/landing
2026-03-27 04:47:02 [INFO] Output file   : mos_sports_events_20260327_044702.txt
2026-03-27 04:47:02 [INFO] Records count : 8
2026-03-27 04:47:02 [INFO] ------------------------------------------------------------------
2026-03-27 04:47:02 [INFO]   Record 01: Event ID: EVT6148 | Event Name: Ramadan Football Festival | Sport: Athletics | Venue: Al B...
2026-03-27 04:47:02 [INFO]   Record 02: Event ID: EVT6661 | Event Name: Ramadan Football Festival | Sport: Football | Venue: Lusai...
2026-03-27 04:47:02 [INFO]   Record 03: Event ID: EVT1939 | Event Name: GCC Club Championship Quarter Final | Sport: Handball | Ve...
2026-03-27 04:47:02 [INFO]   Record 04: Event ID: EVT5819 | Event Name: National Team Preparation Match | Sport: Football | Venue:...
2026-03-27 04:47:02 [INFO]   Record 05: Event ID: EVT5159 | Event Name: National Day Football Celebration | Sport: Football | Venu...
2026-03-27 04:47:02 [INFO]   Record 06: Event ID: EVT9992 | Event Name: Ministry Invitational Friendly Tournament | Sport: Basketb...
2026-03-27 04:47:02 [INFO]   Record 07: Event ID: EVT3239 | Event Name: Gulf Youth Cup Round 2 | Sport: Football | Venue: Lusail S...
2026-03-27 04:47:02 [INFO]   Record 08: Event ID: EVT9285 | Event Name: Qatar Under-20 Development League | Sport: Athletics | Ven...
2026-03-27 04:47:02 [INFO] ------------------------------------------------------------------
2026-03-27 04:47:02 [INFO] File written successfully.
2026-03-27 04:47:02 [INFO]   Full path : /home/cloudera/mos_qatar_demo_poc/landing/mos_sports_events_20260327_044702.txt
2026-03-27 04:47:02 [INFO]   Size      : 2054 bytes
2026-03-27 04:47:02 [INFO]   Records   : 8
2026-03-27 04:47:02 [INFO] ==================================================================
2026-03-27 04:47:02 [INFO]   Generator Completed Successfully
2026-03-27 04:47:02 [INFO] ==================================================================
