2026-03-24 20:53:01 [INFO] ==================================================================
2026-03-24 20:53:01 [INFO]   MOS Qatar Demo - Sports Data Generator
2026-03-24 20:53:01 [INFO] ==================================================================
2026-03-24 20:53:01 [INFO] Config file   : /home/cloudera/mos_qatar_demo_poc/config/mos_qatar_demo.ini
2026-03-24 20:53:01 [INFO] Landing dir   : /home/cloudera/mos_qatar_demo_poc/landing
2026-03-24 20:53:01 [INFO] Output file   : mos_sports_events_20260324_205301.txt
2026-03-24 20:53:01 [INFO] Records count : 4
2026-03-24 20:53:01 [INFO] ------------------------------------------------------------------
2026-03-24 20:53:01 [INFO]   Record 01: Event ID: EVT5361 | Event Name: Qatar Olympic Training Camp Evaluation | Sport: Football |...
2026-03-24 20:53:01 [INFO]   Record 02: Event ID: EVT4495 | Event Name: FIFA World Cup Qatar Legacy Match | Sport: Handball | Venu...
2026-03-24 20:53:01 [INFO]   Record 03: Event ID: EVT5860 | Event Name: Qatar Cup Semi Final | Sport: Swimming | Venue: Education ...
2026-03-24 20:53:01 [INFO]   Record 04: Event ID: EVT9676 | Event Name: Arab Nations Championship Semi Final | Sport: Football | V...
2026-03-24 20:53:01 [INFO] ------------------------------------------------------------------
2026-03-24 20:53:01 [INFO] File written successfully.
2026-03-24 20:53:01 [INFO]   Full path : /home/cloudera/mos_qatar_demo_poc/landing/mos_sports_events_20260324_205301.txt
2026-03-24 20:53:01 [INFO]   Size      : 1051 bytes
2026-03-24 20:53:01 [INFO]   Records   : 4
2026-03-24 20:53:01 [INFO] ==================================================================
2026-03-24 20:53:01 [INFO]   Generator Completed Successfully
2026-03-24 20:53:01 [INFO] ==================================================================
