2026-03-27 23:22:01 [INFO] ==================================================================
2026-03-27 23:22:01 [INFO]   MOS Qatar Demo - Sports Data Generator
2026-03-27 23:22:01 [INFO] ==================================================================
2026-03-27 23:22:01 [INFO] Config file   : /home/cloudera/mos_qatar_demo_poc/config/mos_qatar_demo.ini
2026-03-27 23:22:01 [INFO] Landing dir   : /home/cloudera/mos_qatar_demo_poc/landing
2026-03-27 23:22:01 [INFO] Output file   : mos_sports_events_20260327_232201.txt
2026-03-27 23:22:01 [INFO] Records count : 5
2026-03-27 23:22:01 [INFO] ------------------------------------------------------------------
2026-03-27 23:22:01 [INFO]   Record 01: Event ID: EVT7715 | Event Name: Gulf Youth Cup Final | Sport: Volleyball | Venue: Educatio...
2026-03-27 23:22:01 [INFO]   Record 02: Event ID: EVT8779 | Event Name: Arab Nations Championship Group Stage | Sport: Handball | ...
2026-03-27 23:22:01 [INFO]   Record 03: Event ID: EVT7762 | Event Name: Qatar Olympic Training Camp Evaluation | Sport: Football |...
2026-03-27 23:22:01 [INFO]   Record 04: Event ID: EVT9550 | Event Name: Ministry Youth Sports Day | Sport: Football | Venue: Ahmad...
2026-03-27 23:22:01 [INFO]   Record 05: Event ID: EVT6946 | Event Name: Gulf Youth Cup Round 2 | Sport: Football | Venue: Lusail S...
2026-03-27 23:22:01 [INFO] ------------------------------------------------------------------
2026-03-27 23:22:01 [INFO] File written successfully.
2026-03-27 23:22:01 [INFO]   Full path : /home/cloudera/mos_qatar_demo_poc/landing/mos_sports_events_20260327_232201.txt
2026-03-27 23:22:01 [INFO]   Size      : 1316 bytes
2026-03-27 23:22:01 [INFO]   Records   : 5
2026-03-27 23:22:01 [INFO] ==================================================================
2026-03-27 23:22:01 [INFO]   Generator Completed Successfully
2026-03-27 23:22:01 [INFO] ==================================================================
