2026-03-27 20:58:01 [INFO] ==================================================================
2026-03-27 20:58:01 [INFO]   MOS Qatar Demo - Sports Data Generator
2026-03-27 20:58:01 [INFO] ==================================================================
2026-03-27 20:58:01 [INFO] Config file   : /home/cloudera/mos_qatar_demo_poc/config/mos_qatar_demo.ini
2026-03-27 20:58:01 [INFO] Landing dir   : /home/cloudera/mos_qatar_demo_poc/landing
2026-03-27 20:58:01 [INFO] Output file   : mos_sports_events_20260327_205801.txt
2026-03-27 20:58:01 [INFO] Records count : 8
2026-03-27 20:58:01 [INFO] ------------------------------------------------------------------
2026-03-27 20:58:01 [INFO]   Record 01: Event ID: EVT1133 | Event Name: National Day Football Celebration | Sport: Volleyball | Ve...
2026-03-27 20:58:01 [INFO]   Record 02: Event ID: EVT7144 | Event Name: Ministry Youth Sports Day | Sport: Handball | Venue: Ahmad...
2026-03-27 20:58:01 [INFO]   Record 03: Event ID: EVT2326 | Event Name: MOS Annual Charity Football Gala | Sport: Volleyball | Ven...
2026-03-27 20:58:01 [INFO]   Record 04: Event ID: EVT5917 | Event Name: GCC Club Championship Final | Sport: Football | Venue: Asp...
2026-03-27 20:58:01 [INFO]   Record 05: Event ID: EVT9634 | Event Name: Qatar Olympic Training Camp Evaluation | Sport: Athletics ...
2026-03-27 20:58:01 [INFO]   Record 06: Event ID: EVT3769 | Event Name: Qatar Schools Football League | Sport: Handball | Venue: K...
2026-03-27 20:58:01 [INFO]   Record 07: Event ID: EVT9844 | Event Name: GCC Club Championship Final | Sport: Football | Venue: Edu...
2026-03-27 20:58:01 [INFO]   Record 08: Event ID: EVT9249 | Event Name: Ministry Youth Sports Day | Sport: Football | Venue: Aspir...
2026-03-27 20:58:01 [INFO] ------------------------------------------------------------------
2026-03-27 20:58:01 [INFO] File written successfully.
2026-03-27 20:58:01 [INFO]   Full path : /home/cloudera/mos_qatar_demo_poc/landing/mos_sports_events_20260327_205801.txt
2026-03-27 20:58:01 [INFO]   Size      : 2098 bytes
2026-03-27 20:58:01 [INFO]   Records   : 8
2026-03-27 20:58:01 [INFO] ==================================================================
2026-03-27 20:58:01 [INFO]   Generator Completed Successfully
2026-03-27 20:58:01 [INFO] ==================================================================
