2026-03-25 02:44:01 [INFO] ==================================================================
2026-03-25 02:44:01 [INFO]   MOS Qatar Demo - Sports Data Generator
2026-03-25 02:44:01 [INFO] ==================================================================
2026-03-25 02:44:01 [INFO] Config file   : /home/cloudera/mos_qatar_demo_poc/config/mos_qatar_demo.ini
2026-03-25 02:44:01 [INFO] Landing dir   : /home/cloudera/mos_qatar_demo_poc/landing
2026-03-25 02:44:01 [INFO] Output file   : mos_sports_events_20260325_024401.txt
2026-03-25 02:44:01 [INFO] Records count : 10
2026-03-25 02:44:01 [INFO] ------------------------------------------------------------------
2026-03-25 02:44:01 [INFO]   Record 01: Event ID: EVT5176 | Event Name: GCC Club Championship Semi Final | Sport: Handball | Venue...
2026-03-25 02:44:01 [INFO]   Record 02: Event ID: EVT3395 | Event Name: Doha Sports Festival Opening Match | Sport: Football | Ven...
2026-03-25 02:44:01 [INFO]   Record 03: Event ID: EVT7349 | Event Name: GCC Club Championship Quarter Final | Sport: Football | Ve...
2026-03-25 02:44:01 [INFO]   Record 04: Event ID: EVT6469 | Event Name: Qatar Cup Final | Sport: Volleyball | Venue: Al Thumama St...
2026-03-25 02:44:01 [INFO]   Record 05: Event ID: EVT2368 | Event Name: Gulf Cup Qualifier Round 1 | Sport: Swimming | Venue: Educ...
2026-03-25 02:44:01 [INFO]   Record 06: Event ID: EVT8610 | Event Name: Ramadan Football Festival | Sport: Athletics | Venue: Lusa...
2026-03-25 02:44:01 [INFO]   Record 07: Event ID: EVT8018 | Event Name: Doha Sports Festival Opening Match | Sport: Handball | Ven...
2026-03-25 02:44:01 [INFO]   Record 08: Event ID: EVT5691 | Event Name: Arab Nations Championship Semi Final | Sport: Handball | V...
2026-03-25 02:44:01 [INFO]   Record 09: Event ID: EVT5570 | Event Name: Arab Nations Championship Semi Final | Sport: Swimming | V...
2026-03-25 02:44:01 [INFO]   Record 10: Event ID: EVT1827 | Event Name: Qatar Schools Football League | Sport: Handball | Venue: A...
2026-03-25 02:44:01 [INFO] ------------------------------------------------------------------
2026-03-25 02:44:01 [INFO] File written successfully.
2026-03-25 02:44:01 [INFO]   Full path : /home/cloudera/mos_qatar_demo_poc/landing/mos_sports_events_20260325_024401.txt
2026-03-25 02:44:01 [INFO]   Size      : 2581 bytes
2026-03-25 02:44:01 [INFO]   Records   : 10
2026-03-25 02:44:01 [INFO] ==================================================================
2026-03-25 02:44:01 [INFO]   Generator Completed Successfully
2026-03-25 02:44:01 [INFO] ==================================================================
