2026-03-25 02:03:01 [INFO] ==================================================================
2026-03-25 02:03:01 [INFO]   MOS Qatar Demo - Sports Data Generator
2026-03-25 02:03:01 [INFO] ==================================================================
2026-03-25 02:03:01 [INFO] Config file   : /home/cloudera/mos_qatar_demo_poc/config/mos_qatar_demo.ini
2026-03-25 02:03:01 [INFO] Landing dir   : /home/cloudera/mos_qatar_demo_poc/landing
2026-03-25 02:03:01 [INFO] Output file   : mos_sports_events_20260325_020301.txt
2026-03-25 02:03:01 [INFO] Records count : 9
2026-03-25 02:03:01 [INFO] ------------------------------------------------------------------
2026-03-25 02:03:01 [INFO]   Record 01: Event ID: EVT6381 | Event Name: Ramadan Football Festival | Sport: Football | Venue: Aspir...
2026-03-25 02:03:01 [INFO]   Record 02: Event ID: EVT7671 | Event Name: GCC Club Championship Final | Sport: Basketball | Venue: A...
2026-03-25 02:03:01 [INFO]   Record 03: Event ID: EVT6059 | Event Name: Ministry Youth Sports Day | Sport: Football | Venue: Al Ba...
2026-03-25 02:03:01 [INFO]   Record 04: Event ID: EVT3526 | Event Name: National Team Preparation Match | Sport: Handball | Venue:...
2026-03-25 02:03:01 [INFO]   Record 05: Event ID: EVT2265 | Event Name: Gulf Youth Cup Quarter Final | Sport: Football | Venue: Al...
2026-03-25 02:03:01 [INFO]   Record 06: Event ID: EVT4884 | Event Name: Qatar Schools Football League | Sport: Football | Venue: A...
2026-03-25 02:03:01 [INFO]   Record 07: Event ID: EVT5920 | Event Name: Arab Nations Championship Semi Final | Sport: Football | V...
2026-03-25 02:03:01 [INFO]   Record 08: Event ID: EVT3607 | Event Name: MOS Annual Charity Football Gala | Sport: Football | Venue...
2026-03-25 02:03:01 [INFO]   Record 09: Event ID: EVT9535 | Event Name: Gulf Youth Cup Final | Sport: Athletics | Venue: Ahmad Bin...
2026-03-25 02:03:01 [INFO] ------------------------------------------------------------------
2026-03-25 02:03:01 [INFO] File written successfully.
2026-03-25 02:03:01 [INFO]   Full path : /home/cloudera/mos_qatar_demo_poc/landing/mos_sports_events_20260325_020301.txt
2026-03-25 02:03:01 [INFO]   Size      : 2332 bytes
2026-03-25 02:03:01 [INFO]   Records   : 9
2026-03-25 02:03:01 [INFO] ==================================================================
2026-03-25 02:03:01 [INFO]   Generator Completed Successfully
2026-03-25 02:03:01 [INFO] ==================================================================
