2026-03-24 18:44:01 [INFO] ==================================================================
2026-03-24 18:44:01 [INFO]   MOS Qatar Demo - Sports Data Generator
2026-03-24 18:44:01 [INFO] ==================================================================
2026-03-24 18:44:01 [INFO] Config file   : /home/cloudera/mos_qatar_demo_poc/config/mos_qatar_demo.ini
2026-03-24 18:44:01 [INFO] Landing dir   : /home/cloudera/mos_qatar_demo_poc/landing
2026-03-24 18:44:01 [INFO] Output file   : mos_sports_events_20260324_184401.txt
2026-03-24 18:44:01 [INFO] Records count : 4
2026-03-24 18:44:01 [INFO] ------------------------------------------------------------------
2026-03-24 18:44:01 [INFO]   Record 01: Event ID: EVT3938 | Event Name: National Team Preparation Match | Sport: Football | Venue:...
2026-03-24 18:44:01 [INFO]   Record 02: Event ID: EVT3636 | Event Name: National Day Football Celebration | Sport: Football | Venu...
2026-03-24 18:44:01 [INFO]   Record 03: Event ID: EVT4170 | Event Name: Arab Nations Championship Semi Final | Sport: Athletics | ...
2026-03-24 18:44:01 [INFO]   Record 04: Event ID: EVT4348 | Event Name: Arab Nations Championship Group Stage | Sport: Football | ...
2026-03-24 18:44:01 [INFO] ------------------------------------------------------------------
2026-03-24 18:44:01 [INFO] File written successfully.
2026-03-24 18:44:01 [INFO]   Full path : /home/cloudera/mos_qatar_demo_poc/landing/mos_sports_events_20260324_184401.txt
2026-03-24 18:44:01 [INFO]   Size      : 1052 bytes
2026-03-24 18:44:01 [INFO]   Records   : 4
2026-03-24 18:44:01 [INFO] ==================================================================
2026-03-24 18:44:01 [INFO]   Generator Completed Successfully
2026-03-24 18:44:01 [INFO] ==================================================================
