2026-03-27 06:32:01 [INFO] ==================================================================
2026-03-27 06:32:01 [INFO]   MOS Qatar Demo - Sports Data Generator
2026-03-27 06:32:01 [INFO] ==================================================================
2026-03-27 06:32:01 [INFO] Config file   : /home/cloudera/mos_qatar_demo_poc/config/mos_qatar_demo.ini
2026-03-27 06:32:01 [INFO] Landing dir   : /home/cloudera/mos_qatar_demo_poc/landing
2026-03-27 06:32:01 [INFO] Output file   : mos_sports_events_20260327_063201.txt
2026-03-27 06:32:01 [INFO] Records count : 5
2026-03-27 06:32:01 [INFO] ------------------------------------------------------------------
2026-03-27 06:32:01 [INFO]   Record 01: Event ID: EVT3121 | Event Name: Gulf Youth Cup Final | Sport: Athletics | Venue: Al Janoub...
2026-03-27 06:32:01 [INFO]   Record 02: Event ID: EVT7258 | Event Name: Qatar Premier League Match Day 12 | Sport: Football | Venu...
2026-03-27 06:32:01 [INFO]   Record 03: Event ID: EVT7123 | Event Name: Qatar Under-20 Development League | Sport: Athletics | Ven...
2026-03-27 06:32:01 [INFO]   Record 04: Event ID: EVT1189 | Event Name: Arab Nations Championship Semi Final | Sport: Volleyball |...
2026-03-27 06:32:01 [INFO]   Record 05: Event ID: EVT4556 | Event Name: Ramadan Football Festival | Sport: Swimming | Venue: Ahmad...
2026-03-27 06:32:01 [INFO] ------------------------------------------------------------------
2026-03-27 06:32:01 [INFO] File written successfully.
2026-03-27 06:32:01 [INFO]   Full path : /home/cloudera/mos_qatar_demo_poc/landing/mos_sports_events_20260327_063201.txt
2026-03-27 06:32:01 [INFO]   Size      : 1283 bytes
2026-03-27 06:32:01 [INFO]   Records   : 5
2026-03-27 06:32:01 [INFO] ==================================================================
2026-03-27 06:32:01 [INFO]   Generator Completed Successfully
2026-03-27 06:32:01 [INFO] ==================================================================
