2026-03-24 15:41:02 [INFO] ==================================================================
2026-03-24 15:41:02 [INFO]   MOS Qatar Demo - Sports Data Generator
2026-03-24 15:41:02 [INFO] ==================================================================
2026-03-24 15:41:02 [INFO] Config file   : /home/cloudera/mos_qatar_demo_poc/config/mos_qatar_demo.ini
2026-03-24 15:41:02 [INFO] Landing dir   : /home/cloudera/mos_qatar_demo_poc/landing
2026-03-24 15:41:02 [INFO] Output file   : mos_sports_events_20260324_154102.txt
2026-03-24 15:41:02 [INFO] Records count : 10
2026-03-24 15:41:02 [INFO] ------------------------------------------------------------------
2026-03-24 15:41:02 [INFO]   Record 01: Event ID: EVT1371 | Event Name: Ramadan Football Festival | Sport: Swimming | Venue: Lusai...
2026-03-24 15:41:02 [INFO]   Record 02: Event ID: EVT1469 | Event Name: National Team Preparation Match | Sport: Football | Venue:...
2026-03-24 15:41:02 [INFO]   Record 03: Event ID: EVT9443 | Event Name: Gulf Cup Qualifier Round 1 | Sport: Athletics | Venue: Al ...
2026-03-24 15:41:02 [INFO]   Record 04: Event ID: EVT5461 | Event Name: Gulf Youth Cup Semi Final | Sport: Football | Venue: Al Wa...
2026-03-24 15:41:02 [INFO]   Record 05: Event ID: EVT5087 | Event Name: Doha Sports Festival Opening Match | Sport: Basketball | V...
2026-03-24 15:41:02 [INFO]   Record 06: Event ID: EVT3650 | Event Name: Qatar Premier League Match Day 5 | Sport: Volleyball | Ven...
2026-03-24 15:41:02 [INFO]   Record 07: Event ID: EVT4957 | Event Name: Qatar Premier League Match Day 12 | Sport: Basketball | Ve...
2026-03-24 15:41:02 [INFO]   Record 08: Event ID: EVT5379 | Event Name: Gulf Youth Cup Semi Final | Sport: Football | Venue: Ahmad...
2026-03-24 15:41:02 [INFO]   Record 09: Event ID: EVT8060 | Event Name: FIFA World Cup Qatar Legacy Match | Sport: Volleyball | Ve...
2026-03-24 15:41:02 [INFO]   Record 10: Event ID: EVT3273 | Event Name: Asian Qualifiers Warm-up Match | Sport: Football | Venue: ...
2026-03-24 15:41:02 [INFO] ------------------------------------------------------------------
2026-03-24 15:41:02 [INFO] File written successfully.
2026-03-24 15:41:02 [INFO]   Full path : /home/cloudera/mos_qatar_demo_poc/landing/mos_sports_events_20260324_154102.txt
2026-03-24 15:41:02 [INFO]   Size      : 2586 bytes
2026-03-24 15:41:02 [INFO]   Records   : 10
2026-03-24 15:41:02 [INFO] ==================================================================
2026-03-24 15:41:02 [INFO]   Generator Completed Successfully
2026-03-24 15:41:02 [INFO] ==================================================================
