2026-03-25 18:09:02 [INFO] ==================================================================
2026-03-25 18:09:02 [INFO]   MOS Qatar Demo - Sports Data Generator
2026-03-25 18:09:02 [INFO] ==================================================================
2026-03-25 18:09:02 [INFO] Config file   : /home/cloudera/mos_qatar_demo_poc/config/mos_qatar_demo.ini
2026-03-25 18:09:02 [INFO] Landing dir   : /home/cloudera/mos_qatar_demo_poc/landing
2026-03-25 18:09:02 [INFO] Output file   : mos_sports_events_20260325_180902.txt
2026-03-25 18:09:02 [INFO] Records count : 5
2026-03-25 18:09:02 [INFO] ------------------------------------------------------------------
2026-03-25 18:09:02 [INFO]   Record 01: Event ID: EVT3527 | Event Name: Qatar Cup Semi Final | Sport: Football | Venue: Lusail Sta...
2026-03-25 18:09:02 [INFO]   Record 02: Event ID: EVT6835 | Event Name: Arab Nations Championship Group Stage | Sport: Football | ...
2026-03-25 18:09:02 [INFO]   Record 03: Event ID: EVT1207 | Event Name: Gulf Youth Cup Final | Sport: Handball | Venue: Al Janoub ...
2026-03-25 18:09:02 [INFO]   Record 04: Event ID: EVT9710 | Event Name: Doha Sports Festival Opening Match | Sport: Swimming | Ven...
2026-03-25 18:09:02 [INFO]   Record 05: Event ID: EVT6318 | Event Name: Ramadan Football Festival | Sport: Football | Venue: Educa...
2026-03-25 18:09:02 [INFO] ------------------------------------------------------------------
2026-03-25 18:09:02 [INFO] File written successfully.
2026-03-25 18:09:02 [INFO]   Full path : /home/cloudera/mos_qatar_demo_poc/landing/mos_sports_events_20260325_180902.txt
2026-03-25 18:09:02 [INFO]   Size      : 1268 bytes
2026-03-25 18:09:02 [INFO]   Records   : 5
2026-03-25 18:09:02 [INFO] ==================================================================
2026-03-25 18:09:02 [INFO]   Generator Completed Successfully
2026-03-25 18:09:02 [INFO] ==================================================================
