2026-03-25 19:30:01 [INFO] ==================================================================
2026-03-25 19:30:01 [INFO]   MOS Qatar Demo - Sports Data Generator
2026-03-25 19:30:01 [INFO] ==================================================================
2026-03-25 19:30:01 [INFO] Config file   : /home/cloudera/mos_qatar_demo_poc/config/mos_qatar_demo.ini
2026-03-25 19:30:01 [INFO] Landing dir   : /home/cloudera/mos_qatar_demo_poc/landing
2026-03-25 19:30:01 [INFO] Output file   : mos_sports_events_20260325_193001.txt
2026-03-25 19:30:01 [INFO] Records count : 4
2026-03-25 19:30:01 [INFO] ------------------------------------------------------------------
2026-03-25 19:30:01 [INFO]   Record 01: Event ID: EVT6626 | Event Name: Qatar Under-20 Development League | Sport: Football | Venu...
2026-03-25 19:30:01 [INFO]   Record 02: Event ID: EVT1794 | Event Name: Arab Nations Championship Semi Final | Sport: Handball | V...
2026-03-25 19:30:01 [INFO]   Record 03: Event ID: EVT1189 | Event Name: Gulf Youth Cup Round 1 | Sport: Basketball | Venue: Al Thu...
2026-03-25 19:30:01 [INFO]   Record 04: Event ID: EVT3520 | Event Name: Qatar Cup Final | Sport: Football | Venue: Qatar Sports Cl...
2026-03-25 19:30:01 [INFO] ------------------------------------------------------------------
2026-03-25 19:30:01 [INFO] File written successfully.
2026-03-25 19:30:01 [INFO]   Full path : /home/cloudera/mos_qatar_demo_poc/landing/mos_sports_events_20260325_193001.txt
2026-03-25 19:30:01 [INFO]   Size      : 998 bytes
2026-03-25 19:30:01 [INFO]   Records   : 4
2026-03-25 19:30:01 [INFO] ==================================================================
2026-03-25 19:30:01 [INFO]   Generator Completed Successfully
2026-03-25 19:30:01 [INFO] ==================================================================
