2026-03-25 03:25:02 [INFO] ==================================================================
2026-03-25 03:25:02 [INFO]   MOS Qatar Demo - Sports Data Generator
2026-03-25 03:25:02 [INFO] ==================================================================
2026-03-25 03:25:02 [INFO] Config file   : /home/cloudera/mos_qatar_demo_poc/config/mos_qatar_demo.ini
2026-03-25 03:25:02 [INFO] Landing dir   : /home/cloudera/mos_qatar_demo_poc/landing
2026-03-25 03:25:02 [INFO] Output file   : mos_sports_events_20260325_032502.txt
2026-03-25 03:25:02 [INFO] Records count : 5
2026-03-25 03:25:02 [INFO] ------------------------------------------------------------------
2026-03-25 03:25:02 [INFO]   Record 01: Event ID: EVT4751 | Event Name: GCC Club Championship Quarter Final | Sport: Football | Ve...
2026-03-25 03:25:02 [INFO]   Record 02: Event ID: EVT5084 | Event Name: Asian Qualifiers Warm-up Match | Sport: Football | Venue: ...
2026-03-25 03:25:02 [INFO]   Record 03: Event ID: EVT1178 | Event Name: National Day Football Celebration | Sport: Handball | Venu...
2026-03-25 03:25:02 [INFO]   Record 04: Event ID: EVT6152 | Event Name: Qatar Premier League Match Day 5 | Sport: Swimming | Venue...
2026-03-25 03:25:02 [INFO]   Record 05: Event ID: EVT9876 | Event Name: GCC Club Championship Quarter Final | Sport: Football | Ve...
2026-03-25 03:25:02 [INFO] ------------------------------------------------------------------
2026-03-25 03:25:02 [INFO] File written successfully.
2026-03-25 03:25:02 [INFO]   Full path : /home/cloudera/mos_qatar_demo_poc/landing/mos_sports_events_20260325_032502.txt
2026-03-25 03:25:02 [INFO]   Size      : 1317 bytes
2026-03-25 03:25:02 [INFO]   Records   : 5
2026-03-25 03:25:02 [INFO] ==================================================================
2026-03-25 03:25:02 [INFO]   Generator Completed Successfully
2026-03-25 03:25:02 [INFO] ==================================================================
