2026-03-27 03:19:02 [INFO] ==================================================================
2026-03-27 03:19:02 [INFO]   MOS Qatar Demo - Sports Data Generator
2026-03-27 03:19:02 [INFO] ==================================================================
2026-03-27 03:19:02 [INFO] Config file   : /home/cloudera/mos_qatar_demo_poc/config/mos_qatar_demo.ini
2026-03-27 03:19:02 [INFO] Landing dir   : /home/cloudera/mos_qatar_demo_poc/landing
2026-03-27 03:19:02 [INFO] Output file   : mos_sports_events_20260327_031902.txt
2026-03-27 03:19:02 [INFO] Records count : 8
2026-03-27 03:19:02 [INFO] ------------------------------------------------------------------
2026-03-27 03:19:02 [INFO]   Record 01: Event ID: EVT7094 | Event Name: GCC Club Championship Semi Final | Sport: Swimming | Venue...
2026-03-27 03:19:02 [INFO]   Record 02: Event ID: EVT3125 | Event Name: GCC Club Championship Quarter Final | Sport: Football | Ve...
2026-03-27 03:19:02 [INFO]   Record 03: Event ID: EVT8386 | Event Name: Qatar Premier League Match Day 8 | Sport: Handball | Venue...
2026-03-27 03:19:02 [INFO]   Record 04: Event ID: EVT1456 | Event Name: GCC Club Championship Quarter Final | Sport: Football | Ve...
2026-03-27 03:19:02 [INFO]   Record 05: Event ID: EVT8009 | Event Name: Qatar Cup Semi Final | Sport: Football | Venue: Ahmad Bin ...
2026-03-27 03:19:02 [INFO]   Record 06: Event ID: EVT6069 | Event Name: MOS Annual Charity Football Gala | Sport: Basketball | Ven...
2026-03-27 03:19:02 [INFO]   Record 07: Event ID: EVT1370 | Event Name: Qatar Under-20 Development League | Sport: Football | Venu...
2026-03-27 03:19:02 [INFO]   Record 08: Event ID: EVT8395 | Event Name: National Team Preparation Match | Sport: Football | Venue:...
2026-03-27 03:19:02 [INFO] ------------------------------------------------------------------
2026-03-27 03:19:02 [INFO] File written successfully.
2026-03-27 03:19:02 [INFO]   Full path : /home/cloudera/mos_qatar_demo_poc/landing/mos_sports_events_20260327_031902.txt
2026-03-27 03:19:02 [INFO]   Size      : 2098 bytes
2026-03-27 03:19:02 [INFO]   Records   : 8
2026-03-27 03:19:02 [INFO] ==================================================================
2026-03-27 03:19:02 [INFO]   Generator Completed Successfully
2026-03-27 03:19:02 [INFO] ==================================================================
