2026-03-26 01:28:02 [INFO] ==================================================================
2026-03-26 01:28:02 [INFO]   MOS Qatar Demo - Sports Data Generator
2026-03-26 01:28:02 [INFO] ==================================================================
2026-03-26 01:28:02 [INFO] Config file   : /home/cloudera/mos_qatar_demo_poc/config/mos_qatar_demo.ini
2026-03-26 01:28:02 [INFO] Landing dir   : /home/cloudera/mos_qatar_demo_poc/landing
2026-03-26 01:28:02 [INFO] Output file   : mos_sports_events_20260326_012802.txt
2026-03-26 01:28:02 [INFO] Records count : 10
2026-03-26 01:28:02 [INFO] ------------------------------------------------------------------
2026-03-26 01:28:02 [INFO]   Record 01: Event ID: EVT4711 | Event Name: Qatar Premier League Match Day 12 | Sport: Football | Venu...
2026-03-26 01:28:02 [INFO]   Record 02: Event ID: EVT9343 | Event Name: Ministry Invitational Friendly Tournament | Sport: Swimmin...
2026-03-26 01:28:02 [INFO]   Record 03: Event ID: EVT7877 | Event Name: Gulf Youth Cup Round 1 | Sport: Football | Venue: Khalifa ...
2026-03-26 01:28:02 [INFO]   Record 04: Event ID: EVT6183 | Event Name: Ramadan Football Festival | Sport: Football | Venue: Qatar...
2026-03-26 01:28:02 [INFO]   Record 05: Event ID: EVT4560 | Event Name: Gulf Youth Cup Final | Sport: Handball | Venue: Education ...
2026-03-26 01:28:02 [INFO]   Record 06: Event ID: EVT2868 | Event Name: Doha Sports Festival Opening Match | Sport: Football | Ven...
2026-03-26 01:28:02 [INFO]   Record 07: Event ID: EVT7831 | Event Name: GCC Club Championship Quarter Final | Sport: Football | Ve...
2026-03-26 01:28:02 [INFO]   Record 08: Event ID: EVT1565 | Event Name: National Day Football Celebration | Sport: Football | Venu...
2026-03-26 01:28:02 [INFO]   Record 09: Event ID: EVT2426 | Event Name: Doha Sports Festival Opening Match | Sport: Football | Ven...
2026-03-26 01:28:02 [INFO]   Record 10: Event ID: EVT3833 | Event Name: Qatar Olympic Training Camp Evaluation | Sport: Football |...
2026-03-26 01:28:02 [INFO] ------------------------------------------------------------------
2026-03-26 01:28:02 [INFO] File written successfully.
2026-03-26 01:28:02 [INFO]   Full path : /home/cloudera/mos_qatar_demo_poc/landing/mos_sports_events_20260326_012802.txt
2026-03-26 01:28:02 [INFO]   Size      : 2589 bytes
2026-03-26 01:28:02 [INFO]   Records   : 10
2026-03-26 01:28:02 [INFO] ==================================================================
2026-03-26 01:28:02 [INFO]   Generator Completed Successfully
2026-03-26 01:28:02 [INFO] ==================================================================
