2026-03-27 22:43:02 [INFO] ==================================================================
2026-03-27 22:43:02 [INFO]   MOS Qatar Demo - Sports Data Generator
2026-03-27 22:43:02 [INFO] ==================================================================
2026-03-27 22:43:02 [INFO] Config file   : /home/cloudera/mos_qatar_demo_poc/config/mos_qatar_demo.ini
2026-03-27 22:43:02 [INFO] Landing dir   : /home/cloudera/mos_qatar_demo_poc/landing
2026-03-27 22:43:02 [INFO] Output file   : mos_sports_events_20260327_224302.txt
2026-03-27 22:43:02 [INFO] Records count : 6
2026-03-27 22:43:02 [INFO] ------------------------------------------------------------------
2026-03-27 22:43:02 [INFO]   Record 01: Event ID: EVT7425 | Event Name: Gulf Cup Qualifier Round 1 | Sport: Football | Venue: Al T...
2026-03-27 22:43:02 [INFO]   Record 02: Event ID: EVT6720 | Event Name: GCC Club Championship Final | Sport: Football | Venue: Al ...
2026-03-27 22:43:02 [INFO]   Record 03: Event ID: EVT4000 | Event Name: Qatar Cup Final | Sport: Swimming | Venue: Al Bayt Stadium...
2026-03-27 22:43:02 [INFO]   Record 04: Event ID: EVT3930 | Event Name: Qatar Olympic Training Camp Evaluation | Sport: Football |...
2026-03-27 22:43:02 [INFO]   Record 05: Event ID: EVT4268 | Event Name: FIFA World Cup Qatar Legacy Match | Sport: Volleyball | Ve...
2026-03-27 22:43:02 [INFO]   Record 06: Event ID: EVT6365 | Event Name: Gulf Youth Cup Round 1 | Sport: Swimming | Venue: Al Thuma...
2026-03-27 22:43:02 [INFO] ------------------------------------------------------------------
2026-03-27 22:43:02 [INFO] File written successfully.
2026-03-27 22:43:02 [INFO]   Full path : /home/cloudera/mos_qatar_demo_poc/landing/mos_sports_events_20260327_224302.txt
2026-03-27 22:43:02 [INFO]   Size      : 1510 bytes
2026-03-27 22:43:02 [INFO]   Records   : 6
2026-03-27 22:43:02 [INFO] ==================================================================
2026-03-27 22:43:02 [INFO]   Generator Completed Successfully
2026-03-27 22:43:02 [INFO] ==================================================================
