2026-03-26 07:30:02 [INFO] ==================================================================
2026-03-26 07:30:02 [INFO]   MOS Qatar Demo - Sports Data Generator
2026-03-26 07:30:02 [INFO] ==================================================================
2026-03-26 07:30:02 [INFO] Config file   : /home/cloudera/mos_qatar_demo_poc/config/mos_qatar_demo.ini
2026-03-26 07:30:02 [INFO] Landing dir   : /home/cloudera/mos_qatar_demo_poc/landing
2026-03-26 07:30:02 [INFO] Output file   : mos_sports_events_20260326_073002.txt
2026-03-26 07:30:02 [INFO] Records count : 7
2026-03-26 07:30:02 [INFO] ------------------------------------------------------------------
2026-03-26 07:30:02 [INFO]   Record 01: Event ID: EVT6395 | Event Name: Gulf Youth Cup Final | Sport: Basketball | Venue: Al Wakra...
2026-03-26 07:30:02 [INFO]   Record 02: Event ID: EVT2109 | Event Name: Gulf Youth Cup Semi Final | Sport: Swimming | Venue: Ahmad...
2026-03-26 07:30:02 [INFO]   Record 03: Event ID: EVT3952 | Event Name: Ministry Invitational Friendly Tournament | Sport: Athleti...
2026-03-26 07:30:02 [INFO]   Record 04: Event ID: EVT2796 | Event Name: Asian Qualifiers Warm-up Match | Sport: Volleyball | Venue...
2026-03-26 07:30:02 [INFO]   Record 05: Event ID: EVT1792 | Event Name: Qatar Premier League Match Day 5 | Sport: Football | Venue...
2026-03-26 07:30:02 [INFO]   Record 06: Event ID: EVT9897 | Event Name: Gulf Youth Cup Round 2 | Sport: Football | Venue: Qatar Sp...
2026-03-26 07:30:02 [INFO]   Record 07: Event ID: EVT8322 | Event Name: Gulf Youth Cup Final | Sport: Athletics | Venue: Al Thumam...
2026-03-26 07:30:02 [INFO] ------------------------------------------------------------------
2026-03-26 07:30:02 [INFO] File written successfully.
2026-03-26 07:30:02 [INFO]   Full path : /home/cloudera/mos_qatar_demo_poc/landing/mos_sports_events_20260326_073002.txt
2026-03-26 07:30:02 [INFO]   Size      : 1800 bytes
2026-03-26 07:30:02 [INFO]   Records   : 7
2026-03-26 07:30:02 [INFO] ==================================================================
2026-03-26 07:30:02 [INFO]   Generator Completed Successfully
2026-03-26 07:30:02 [INFO] ==================================================================
