2026-03-26 09:04:01 [INFO] ==================================================================
2026-03-26 09:04:01 [INFO]   MOS Qatar Demo - Sports Data Generator
2026-03-26 09:04:01 [INFO] ==================================================================
2026-03-26 09:04:01 [INFO] Config file   : /home/cloudera/mos_qatar_demo_poc/config/mos_qatar_demo.ini
2026-03-26 09:04:01 [INFO] Landing dir   : /home/cloudera/mos_qatar_demo_poc/landing
2026-03-26 09:04:01 [INFO] Output file   : mos_sports_events_20260326_090401.txt
2026-03-26 09:04:01 [INFO] Records count : 8
2026-03-26 09:04:01 [INFO] ------------------------------------------------------------------
2026-03-26 09:04:01 [INFO]   Record 01: Event ID: EVT4356 | Event Name: Qatar Cup Semi Final | Sport: Football | Venue: Qatar Spor...
2026-03-26 09:04:01 [INFO]   Record 02: Event ID: EVT3937 | Event Name: Arab Nations Championship Group Stage | Sport: Swimming | ...
2026-03-26 09:04:01 [INFO]   Record 03: Event ID: EVT2831 | Event Name: Qatar Olympic Training Camp Evaluation | Sport: Football |...
2026-03-26 09:04:01 [INFO]   Record 04: Event ID: EVT8305 | Event Name: Qatar Premier League Match Day 12 | Sport: Handball | Venu...
2026-03-26 09:04:01 [INFO]   Record 05: Event ID: EVT9271 | Event Name: Qatar Cup Semi Final | Sport: Swimming | Venue: Qatar Spor...
2026-03-26 09:04:01 [INFO]   Record 06: Event ID: EVT7352 | Event Name: Qatar Premier League Match Day 12 | Sport: Volleyball | Ve...
2026-03-26 09:04:01 [INFO]   Record 07: Event ID: EVT7290 | Event Name: Gulf Youth Cup Round 1 | Sport: Football | Venue: Aspire Z...
2026-03-26 09:04:01 [INFO]   Record 08: Event ID: EVT2211 | Event Name: Qatar Under-20 Development League | Sport: Football | Venu...
2026-03-26 09:04:01 [INFO] ------------------------------------------------------------------
2026-03-26 09:04:01 [INFO] File written successfully.
2026-03-26 09:04:01 [INFO]   Full path : /home/cloudera/mos_qatar_demo_poc/landing/mos_sports_events_20260326_090401.txt
2026-03-26 09:04:01 [INFO]   Size      : 2047 bytes
2026-03-26 09:04:01 [INFO]   Records   : 8
2026-03-26 09:04:01 [INFO] ==================================================================
2026-03-26 09:04:01 [INFO]   Generator Completed Successfully
2026-03-26 09:04:01 [INFO] ==================================================================
