2026-03-27 07:50:01 [INFO] ==================================================================
2026-03-27 07:50:01 [INFO]   MOS Qatar Demo - Sports Data Generator
2026-03-27 07:50:01 [INFO] ==================================================================
2026-03-27 07:50:01 [INFO] Config file   : /home/cloudera/mos_qatar_demo_poc/config/mos_qatar_demo.ini
2026-03-27 07:50:01 [INFO] Landing dir   : /home/cloudera/mos_qatar_demo_poc/landing
2026-03-27 07:50:01 [INFO] Output file   : mos_sports_events_20260327_075001.txt
2026-03-27 07:50:01 [INFO] Records count : 6
2026-03-27 07:50:01 [INFO] ------------------------------------------------------------------
2026-03-27 07:50:01 [INFO]   Record 01: Event ID: EVT6032 | Event Name: Qatar Cup Semi Final | Sport: Swimming | Venue: Aspire Zon...
2026-03-27 07:50:01 [INFO]   Record 02: Event ID: EVT8286 | Event Name: Ministry Youth Sports Day | Sport: Football | Venue: Ahmad...
2026-03-27 07:50:01 [INFO]   Record 03: Event ID: EVT6519 | Event Name: Asian Qualifiers Warm-up Match | Sport: Football | Venue: ...
2026-03-27 07:50:01 [INFO]   Record 04: Event ID: EVT4562 | Event Name: Gulf Youth Cup Final | Sport: Athletics | Venue: Education...
2026-03-27 07:50:01 [INFO]   Record 05: Event ID: EVT3884 | Event Name: GCC Club Championship Quarter Final | Sport: Handball | Ve...
2026-03-27 07:50:01 [INFO]   Record 06: Event ID: EVT8191 | Event Name: Qatar Premier League Match Day 8 | Sport: Football | Venue...
2026-03-27 07:50:01 [INFO] ------------------------------------------------------------------
2026-03-27 07:50:01 [INFO] File written successfully.
2026-03-27 07:50:01 [INFO]   Full path : /home/cloudera/mos_qatar_demo_poc/landing/mos_sports_events_20260327_075001.txt
2026-03-27 07:50:01 [INFO]   Size      : 1556 bytes
2026-03-27 07:50:01 [INFO]   Records   : 6
2026-03-27 07:50:01 [INFO] ==================================================================
2026-03-27 07:50:01 [INFO]   Generator Completed Successfully
2026-03-27 07:50:01 [INFO] ==================================================================
