2026-03-26 12:57:02 [INFO] ==================================================================
2026-03-26 12:57:02 [INFO]   MOS Qatar Demo - Sports Data Generator
2026-03-26 12:57:02 [INFO] ==================================================================
2026-03-26 12:57:02 [INFO] Config file   : /home/cloudera/mos_qatar_demo_poc/config/mos_qatar_demo.ini
2026-03-26 12:57:02 [INFO] Landing dir   : /home/cloudera/mos_qatar_demo_poc/landing
2026-03-26 12:57:02 [INFO] Output file   : mos_sports_events_20260326_125702.txt
2026-03-26 12:57:02 [INFO] Records count : 6
2026-03-26 12:57:02 [INFO] ------------------------------------------------------------------
2026-03-26 12:57:02 [INFO]   Record 01: Event ID: EVT2830 | Event Name: Gulf Youth Cup Round 2 | Sport: Football | Venue: Educatio...
2026-03-26 12:57:02 [INFO]   Record 02: Event ID: EVT8144 | Event Name: Arab Nations Championship Group Stage | Sport: Handball | ...
2026-03-26 12:57:02 [INFO]   Record 03: Event ID: EVT8735 | Event Name: GCC Club Championship Final | Sport: Football | Venue: Al ...
2026-03-26 12:57:02 [INFO]   Record 04: Event ID: EVT1416 | Event Name: GCC Club Championship Quarter Final | Sport: Volleyball | ...
2026-03-26 12:57:02 [INFO]   Record 05: Event ID: EVT1906 | Event Name: Gulf Youth Cup Quarter Final | Sport: Handball | Venue: Al...
2026-03-26 12:57:02 [INFO]   Record 06: Event ID: EVT4746 | Event Name: Gulf Youth Cup Round 1 | Sport: Football | Venue: Qatar Sp...
2026-03-26 12:57:02 [INFO] ------------------------------------------------------------------
2026-03-26 12:57:02 [INFO] File written successfully.
2026-03-26 12:57:02 [INFO]   Full path : /home/cloudera/mos_qatar_demo_poc/landing/mos_sports_events_20260326_125702.txt
2026-03-26 12:57:02 [INFO]   Size      : 1566 bytes
2026-03-26 12:57:02 [INFO]   Records   : 6
2026-03-26 12:57:02 [INFO] ==================================================================
2026-03-26 12:57:02 [INFO]   Generator Completed Successfully
2026-03-26 12:57:02 [INFO] ==================================================================
