2026-03-25 20:30:02 [INFO] ==================================================================
2026-03-25 20:30:02 [INFO]   MOS Qatar Demo - Sports Data Generator
2026-03-25 20:30:02 [INFO] ==================================================================
2026-03-25 20:30:02 [INFO] Config file   : /home/cloudera/mos_qatar_demo_poc/config/mos_qatar_demo.ini
2026-03-25 20:30:02 [INFO] Landing dir   : /home/cloudera/mos_qatar_demo_poc/landing
2026-03-25 20:30:02 [INFO] Output file   : mos_sports_events_20260325_203002.txt
2026-03-25 20:30:02 [INFO] Records count : 4
2026-03-25 20:30:02 [INFO] ------------------------------------------------------------------
2026-03-25 20:30:02 [INFO]   Record 01: Event ID: EVT9300 | Event Name: Qatar Cup Final | Sport: Volleyball | Venue: Al Bayt Stadi...
2026-03-25 20:30:02 [INFO]   Record 02: Event ID: EVT6336 | Event Name: Qatar Under-20 Development League | Sport: Football | Venu...
2026-03-25 20:30:02 [INFO]   Record 03: Event ID: EVT7560 | Event Name: Gulf Youth Cup Semi Final | Sport: Football | Venue: Ahmad...
2026-03-25 20:30:02 [INFO]   Record 04: Event ID: EVT2665 | Event Name: Ministry Invitational Friendly Tournament | Sport: Footbal...
2026-03-25 20:30:02 [INFO] ------------------------------------------------------------------
2026-03-25 20:30:02 [INFO] File written successfully.
2026-03-25 20:30:02 [INFO]   Full path : /home/cloudera/mos_qatar_demo_poc/landing/mos_sports_events_20260325_203002.txt
2026-03-25 20:30:02 [INFO]   Size      : 1051 bytes
2026-03-25 20:30:02 [INFO]   Records   : 4
2026-03-25 20:30:02 [INFO] ==================================================================
2026-03-25 20:30:02 [INFO]   Generator Completed Successfully
2026-03-25 20:30:02 [INFO] ==================================================================
