2026-03-27 03:11:02 [INFO] ==================================================================
2026-03-27 03:11:02 [INFO]   MOS Qatar Demo - Sports Data Generator
2026-03-27 03:11:02 [INFO] ==================================================================
2026-03-27 03:11:02 [INFO] Config file   : /home/cloudera/mos_qatar_demo_poc/config/mos_qatar_demo.ini
2026-03-27 03:11:02 [INFO] Landing dir   : /home/cloudera/mos_qatar_demo_poc/landing
2026-03-27 03:11:02 [INFO] Output file   : mos_sports_events_20260327_031102.txt
2026-03-27 03:11:02 [INFO] Records count : 9
2026-03-27 03:11:02 [INFO] ------------------------------------------------------------------
2026-03-27 03:11:02 [INFO]   Record 01: Event ID: EVT6091 | Event Name: Ramadan Football Festival | Sport: Football | Venue: Al Ja...
2026-03-27 03:11:02 [INFO]   Record 02: Event ID: EVT6222 | Event Name: GCC Club Championship Quarter Final | Sport: Swimming | Ve...
2026-03-27 03:11:02 [INFO]   Record 03: Event ID: EVT4775 | Event Name: Gulf Youth Cup Round 1 | Sport: Football | Venue: Al Bayt ...
2026-03-27 03:11:02 [INFO]   Record 04: Event ID: EVT7091 | Event Name: Qatar Under-20 Development League | Sport: Swimming | Venu...
2026-03-27 03:11:02 [INFO]   Record 05: Event ID: EVT7639 | Event Name: Ministry Youth Sports Day | Sport: Handball | Venue: Qatar...
2026-03-27 03:11:02 [INFO]   Record 06: Event ID: EVT7464 | Event Name: Gulf Youth Cup Semi Final | Sport: Athletics | Venue: Qata...
2026-03-27 03:11:02 [INFO]   Record 07: Event ID: EVT3957 | Event Name: Qatar Premier League Match Day 8 | Sport: Athletics | Venu...
2026-03-27 03:11:02 [INFO]   Record 08: Event ID: EVT6558 | Event Name: GCC Club Championship Quarter Final | Sport: Basketball | ...
2026-03-27 03:11:02 [INFO]   Record 09: Event ID: EVT4061 | Event Name: Ramadan Football Festival | Sport: Football | Venue: Qatar...
2026-03-27 03:11:02 [INFO] ------------------------------------------------------------------
2026-03-27 03:11:02 [INFO] File written successfully.
2026-03-27 03:11:02 [INFO]   Full path : /home/cloudera/mos_qatar_demo_poc/landing/mos_sports_events_20260327_031102.txt
2026-03-27 03:11:02 [INFO]   Size      : 2346 bytes
2026-03-27 03:11:02 [INFO]   Records   : 9
2026-03-27 03:11:02 [INFO] ==================================================================
2026-03-27 03:11:02 [INFO]   Generator Completed Successfully
2026-03-27 03:11:02 [INFO] ==================================================================
