2026-03-26 05:15:01 [INFO] ==================================================================
2026-03-26 05:15:01 [INFO]   MOS Qatar Demo - Sports Data Generator
2026-03-26 05:15:01 [INFO] ==================================================================
2026-03-26 05:15:01 [INFO] Config file   : /home/cloudera/mos_qatar_demo_poc/config/mos_qatar_demo.ini
2026-03-26 05:15:01 [INFO] Landing dir   : /home/cloudera/mos_qatar_demo_poc/landing
2026-03-26 05:15:01 [INFO] Output file   : mos_sports_events_20260326_051501.txt
2026-03-26 05:15:01 [INFO] Records count : 8
2026-03-26 05:15:01 [INFO] ------------------------------------------------------------------
2026-03-26 05:15:01 [INFO]   Record 01: Event ID: EVT4526 | Event Name: Qatar Cup Semi Final | Sport: Basketball | Venue: Educatio...
2026-03-26 05:15:01 [INFO]   Record 02: Event ID: EVT6485 | Event Name: Gulf Youth Cup Final | Sport: Swimming | Venue: Education ...
2026-03-26 05:15:01 [INFO]   Record 03: Event ID: EVT5803 | Event Name: Qatar Premier League Match Day 5 | Sport: Volleyball | Ven...
2026-03-26 05:15:01 [INFO]   Record 04: Event ID: EVT8698 | Event Name: GCC Club Championship Final | Sport: Football | Venue: Qat...
2026-03-26 05:15:01 [INFO]   Record 05: Event ID: EVT5848 | Event Name: GCC Club Championship Semi Final | Sport: Football | Venue...
2026-03-26 05:15:01 [INFO]   Record 06: Event ID: EVT2136 | Event Name: Gulf Cup Qualifier Round 1 | Sport: Football | Venue: Al T...
2026-03-26 05:15:01 [INFO]   Record 07: Event ID: EVT3516 | Event Name: Arab Nations Championship Group Stage | Sport: Swimming | ...
2026-03-26 05:15:01 [INFO]   Record 08: Event ID: EVT6839 | Event Name: Qatar Cup Final | Sport: Volleyball | Venue: Education Cit...
2026-03-26 05:15:01 [INFO] ------------------------------------------------------------------
2026-03-26 05:15:01 [INFO] File written successfully.
2026-03-26 05:15:01 [INFO]   Full path : /home/cloudera/mos_qatar_demo_poc/landing/mos_sports_events_20260326_051501.txt
2026-03-26 05:15:01 [INFO]   Size      : 2073 bytes
2026-03-26 05:15:01 [INFO]   Records   : 8
2026-03-26 05:15:01 [INFO] ==================================================================
2026-03-26 05:15:01 [INFO]   Generator Completed Successfully
2026-03-26 05:15:01 [INFO] ==================================================================
