2026-03-27 16:09:01 [INFO] ==================================================================
2026-03-27 16:09:01 [INFO]   MOS Qatar Demo - Sports Data Generator
2026-03-27 16:09:01 [INFO] ==================================================================
2026-03-27 16:09:01 [INFO] Config file   : /home/cloudera/mos_qatar_demo_poc/config/mos_qatar_demo.ini
2026-03-27 16:09:01 [INFO] Landing dir   : /home/cloudera/mos_qatar_demo_poc/landing
2026-03-27 16:09:01 [INFO] Output file   : mos_sports_events_20260327_160901.txt
2026-03-27 16:09:01 [INFO] Records count : 6
2026-03-27 16:09:01 [INFO] ------------------------------------------------------------------
2026-03-27 16:09:01 [INFO]   Record 01: Event ID: EVT1169 | Event Name: Arab Nations Championship Group Stage | Sport: Football | ...
2026-03-27 16:09:01 [INFO]   Record 02: Event ID: EVT4415 | Event Name: Qatar Cup Semi Final | Sport: Football | Venue: Qatar Spor...
2026-03-27 16:09:01 [INFO]   Record 03: Event ID: EVT9289 | Event Name: Gulf Youth Cup Final | Sport: Volleyball | Venue: Al Thuma...
2026-03-27 16:09:01 [INFO]   Record 04: Event ID: EVT6422 | Event Name: Qatar Cup Final | Sport: Football | Venue: Qatar Sports Cl...
2026-03-27 16:09:01 [INFO]   Record 05: Event ID: EVT2495 | Event Name: MOS Annual Charity Football Gala | Sport: Athletics | Venu...
2026-03-27 16:09:01 [INFO]   Record 06: Event ID: EVT4832 | Event Name: Asian Qualifiers Warm-up Match | Sport: Basketball | Venue...
2026-03-27 16:09:01 [INFO] ------------------------------------------------------------------
2026-03-27 16:09:01 [INFO] File written successfully.
2026-03-27 16:09:01 [INFO]   Full path : /home/cloudera/mos_qatar_demo_poc/landing/mos_sports_events_20260327_160901.txt
2026-03-27 16:09:01 [INFO]   Size      : 1541 bytes
2026-03-27 16:09:01 [INFO]   Records   : 6
2026-03-27 16:09:01 [INFO] ==================================================================
2026-03-27 16:09:01 [INFO]   Generator Completed Successfully
2026-03-27 16:09:01 [INFO] ==================================================================
