2026-03-24 18:58:01 [INFO] ==================================================================
2026-03-24 18:58:01 [INFO]   MOS Qatar Demo - Sports Data Generator
2026-03-24 18:58:01 [INFO] ==================================================================
2026-03-24 18:58:01 [INFO] Config file   : /home/cloudera/mos_qatar_demo_poc/config/mos_qatar_demo.ini
2026-03-24 18:58:01 [INFO] Landing dir   : /home/cloudera/mos_qatar_demo_poc/landing
2026-03-24 18:58:01 [INFO] Output file   : mos_sports_events_20260324_185801.txt
2026-03-24 18:58:01 [INFO] Records count : 7
2026-03-24 18:58:01 [INFO] ------------------------------------------------------------------
2026-03-24 18:58:01 [INFO]   Record 01: Event ID: EVT2301 | Event Name: Qatar Schools Football League | Sport: Swimming | Venue: Q...
2026-03-24 18:58:01 [INFO]   Record 02: Event ID: EVT8180 | Event Name: Gulf Cup Qualifier Round 1 | Sport: Football | Venue: Al B...
2026-03-24 18:58:01 [INFO]   Record 03: Event ID: EVT8121 | Event Name: Doha Sports Festival Opening Match | Sport: Football | Ven...
2026-03-24 18:58:01 [INFO]   Record 04: Event ID: EVT6996 | Event Name: National Team Preparation Match | Sport: Football | Venue:...
2026-03-24 18:58:01 [INFO]   Record 05: Event ID: EVT8055 | Event Name: National Team Preparation Match | Sport: Football | Venue:...
2026-03-24 18:58:01 [INFO]   Record 06: Event ID: EVT9508 | Event Name: GCC Club Championship Quarter Final | Sport: Football | Ve...
2026-03-24 18:58:01 [INFO]   Record 07: Event ID: EVT9994 | Event Name: GCC Club Championship Quarter Final | Sport: Football | Ve...
2026-03-24 18:58:01 [INFO] ------------------------------------------------------------------
2026-03-24 18:58:01 [INFO] File written successfully.
2026-03-24 18:58:01 [INFO]   Full path : /home/cloudera/mos_qatar_demo_poc/landing/mos_sports_events_20260324_185801.txt
2026-03-24 18:58:01 [INFO]   Size      : 1811 bytes
2026-03-24 18:58:01 [INFO]   Records   : 7
2026-03-24 18:58:01 [INFO] ==================================================================
2026-03-24 18:58:01 [INFO]   Generator Completed Successfully
2026-03-24 18:58:01 [INFO] ==================================================================
