2026-03-27 01:54:01 [INFO] ==================================================================
2026-03-27 01:54:01 [INFO]   MOS Qatar Demo - Sports Data Generator
2026-03-27 01:54:01 [INFO] ==================================================================
2026-03-27 01:54:01 [INFO] Config file   : /home/cloudera/mos_qatar_demo_poc/config/mos_qatar_demo.ini
2026-03-27 01:54:01 [INFO] Landing dir   : /home/cloudera/mos_qatar_demo_poc/landing
2026-03-27 01:54:01 [INFO] Output file   : mos_sports_events_20260327_015401.txt
2026-03-27 01:54:01 [INFO] Records count : 7
2026-03-27 01:54:01 [INFO] ------------------------------------------------------------------
2026-03-27 01:54:01 [INFO]   Record 01: Event ID: EVT8645 | Event Name: Gulf Youth Cup Final | Sport: Swimming | Venue: Al Thumama...
2026-03-27 01:54:01 [INFO]   Record 02: Event ID: EVT9232 | Event Name: Arab Nations Championship Semi Final | Sport: Football | V...
2026-03-27 01:54:01 [INFO]   Record 03: Event ID: EVT3432 | Event Name: Qatar Cup Final | Sport: Volleyball | Venue: Al Thumama St...
2026-03-27 01:54:01 [INFO]   Record 04: Event ID: EVT8203 | Event Name: MOS Annual Charity Football Gala | Sport: Volleyball | Ven...
2026-03-27 01:54:01 [INFO]   Record 05: Event ID: EVT7029 | Event Name: Qatar Premier League Match Day 8 | Sport: Football | Venue...
2026-03-27 01:54:01 [INFO]   Record 06: Event ID: EVT7977 | Event Name: Arab Nations Championship Group Stage | Sport: Athletics |...
2026-03-27 01:54:01 [INFO]   Record 07: Event ID: EVT8168 | Event Name: GCC Club Championship Quarter Final | Sport: Volleyball | ...
2026-03-27 01:54:01 [INFO] ------------------------------------------------------------------
2026-03-27 01:54:01 [INFO] File written successfully.
2026-03-27 01:54:01 [INFO]   Full path : /home/cloudera/mos_qatar_demo_poc/landing/mos_sports_events_20260327_015401.txt
2026-03-27 01:54:01 [INFO]   Size      : 1789 bytes
2026-03-27 01:54:01 [INFO]   Records   : 7
2026-03-27 01:54:01 [INFO] ==================================================================
2026-03-27 01:54:01 [INFO]   Generator Completed Successfully
2026-03-27 01:54:01 [INFO] ==================================================================
