2026-03-27 17:48:02 [INFO] ==================================================================
2026-03-27 17:48:02 [INFO]   MOS Qatar Demo - Sports Data Generator
2026-03-27 17:48:02 [INFO] ==================================================================
2026-03-27 17:48:02 [INFO] Config file   : /home/cloudera/mos_qatar_demo_poc/config/mos_qatar_demo.ini
2026-03-27 17:48:02 [INFO] Landing dir   : /home/cloudera/mos_qatar_demo_poc/landing
2026-03-27 17:48:02 [INFO] Output file   : mos_sports_events_20260327_174802.txt
2026-03-27 17:48:02 [INFO] Records count : 7
2026-03-27 17:48:02 [INFO] ------------------------------------------------------------------
2026-03-27 17:48:02 [INFO]   Record 01: Event ID: EVT4028 | Event Name: Qatar Cup Final | Sport: Football | Venue: Al Thumama Stad...
2026-03-27 17:48:02 [INFO]   Record 02: Event ID: EVT6298 | Event Name: GCC Club Championship Final | Sport: Handball | Venue: Lus...
2026-03-27 17:48:02 [INFO]   Record 03: Event ID: EVT2080 | Event Name: Gulf Youth Cup Round 1 | Sport: Volleyball | Venue: Lusail...
2026-03-27 17:48:02 [INFO]   Record 04: Event ID: EVT1850 | Event Name: Arab Nations Championship Semi Final | Sport: Football | V...
2026-03-27 17:48:02 [INFO]   Record 05: Event ID: EVT4616 | Event Name: Qatar Cup Final | Sport: Football | Venue: Education City ...
2026-03-27 17:48:02 [INFO]   Record 06: Event ID: EVT6403 | Event Name: Qatar Cup Semi Final | Sport: Basketball | Venue: Al Thuma...
2026-03-27 17:48:02 [INFO]   Record 07: Event ID: EVT1528 | Event Name: Qatar Premier League Match Day 8 | Sport: Football | Venue...
2026-03-27 17:48:02 [INFO] ------------------------------------------------------------------
2026-03-27 17:48:02 [INFO] File written successfully.
2026-03-27 17:48:02 [INFO]   Full path : /home/cloudera/mos_qatar_demo_poc/landing/mos_sports_events_20260327_174802.txt
2026-03-27 17:48:02 [INFO]   Size      : 1768 bytes
2026-03-27 17:48:02 [INFO]   Records   : 7
2026-03-27 17:48:02 [INFO] ==================================================================
2026-03-27 17:48:02 [INFO]   Generator Completed Successfully
2026-03-27 17:48:02 [INFO] ==================================================================
