2026-03-27 11:25:01 [INFO] ==================================================================
2026-03-27 11:25:01 [INFO]   MOS Qatar Demo - Sports Data Generator
2026-03-27 11:25:01 [INFO] ==================================================================
2026-03-27 11:25:01 [INFO] Config file   : /home/cloudera/mos_qatar_demo_poc/config/mos_qatar_demo.ini
2026-03-27 11:25:01 [INFO] Landing dir   : /home/cloudera/mos_qatar_demo_poc/landing
2026-03-27 11:25:01 [INFO] Output file   : mos_sports_events_20260327_112501.txt
2026-03-27 11:25:01 [INFO] Records count : 8
2026-03-27 11:25:01 [INFO] ------------------------------------------------------------------
2026-03-27 11:25:01 [INFO]   Record 01: Event ID: EVT1412 | Event Name: Gulf Youth Cup Round 2 | Sport: Swimming | Venue: Al Bayt ...
2026-03-27 11:25:01 [INFO]   Record 02: Event ID: EVT3999 | Event Name: Gulf Cup Qualifier Round 1 | Sport: Swimming | Venue: Lusa...
2026-03-27 11:25:01 [INFO]   Record 03: Event ID: EVT6196 | Event Name: Qatar Premier League Match Day 8 | Sport: Football | Venue...
2026-03-27 11:25:01 [INFO]   Record 04: Event ID: EVT9420 | Event Name: Qatar Olympic Training Camp Evaluation | Sport: Athletics ...
2026-03-27 11:25:01 [INFO]   Record 05: Event ID: EVT5821 | Event Name: Gulf Cup Qualifier Round 1 | Sport: Football | Venue: Aspi...
2026-03-27 11:25:01 [INFO]   Record 06: Event ID: EVT9668 | Event Name: Ministry Youth Sports Day | Sport: Football | Venue: Al Ba...
2026-03-27 11:25:01 [INFO]   Record 07: Event ID: EVT9760 | Event Name: Ministry Youth Sports Day | Sport: Football | Venue: Qatar...
2026-03-27 11:25:01 [INFO]   Record 08: Event ID: EVT6725 | Event Name: Qatar Cup Semi Final | Sport: Swimming | Venue: Aspire Zon...
2026-03-27 11:25:01 [INFO] ------------------------------------------------------------------
2026-03-27 11:25:01 [INFO] File written successfully.
2026-03-27 11:25:01 [INFO]   Full path : /home/cloudera/mos_qatar_demo_poc/landing/mos_sports_events_20260327_112501.txt
2026-03-27 11:25:01 [INFO]   Size      : 2019 bytes
2026-03-27 11:25:01 [INFO]   Records   : 8
2026-03-27 11:25:01 [INFO] ==================================================================
2026-03-27 11:25:01 [INFO]   Generator Completed Successfully
2026-03-27 11:25:01 [INFO] ==================================================================
