2026-03-26 20:00:02 [INFO] ==================================================================
2026-03-26 20:00:02 [INFO]   MOS Qatar Demo - Sports Data Generator
2026-03-26 20:00:02 [INFO] ==================================================================
2026-03-26 20:00:02 [INFO] Config file   : /home/cloudera/mos_qatar_demo_poc/config/mos_qatar_demo.ini
2026-03-26 20:00:02 [INFO] Landing dir   : /home/cloudera/mos_qatar_demo_poc/landing
2026-03-26 20:00:02 [INFO] Output file   : mos_sports_events_20260326_200002.txt
2026-03-26 20:00:02 [INFO] Records count : 7
2026-03-26 20:00:02 [INFO] ------------------------------------------------------------------
2026-03-26 20:00:02 [INFO]   Record 01: Event ID: EVT6065 | Event Name: Gulf Youth Cup Final | Sport: Football | Venue: Lusail Sta...
2026-03-26 20:00:02 [INFO]   Record 02: Event ID: EVT4298 | Event Name: MOS Annual Charity Football Gala | Sport: Basketball | Ven...
2026-03-26 20:00:02 [INFO]   Record 03: Event ID: EVT9116 | Event Name: Qatar Premier League Match Day 12 | Sport: Volleyball | Ve...
2026-03-26 20:00:02 [INFO]   Record 04: Event ID: EVT6226 | Event Name: Qatar Schools Football League | Sport: Football | Venue: A...
2026-03-26 20:00:02 [INFO]   Record 05: Event ID: EVT7178 | Event Name: Qatar Schools Football League | Sport: Football | Venue: Q...
2026-03-26 20:00:02 [INFO]   Record 06: Event ID: EVT1378 | Event Name: Qatar Under-20 Development League | Sport: Swimming | Venu...
2026-03-26 20:00:02 [INFO]   Record 07: Event ID: EVT2726 | Event Name: National Day Football Celebration | Sport: Football | Venu...
2026-03-26 20:00:02 [INFO] ------------------------------------------------------------------
2026-03-26 20:00:02 [INFO] File written successfully.
2026-03-26 20:00:02 [INFO]   Full path : /home/cloudera/mos_qatar_demo_poc/landing/mos_sports_events_20260326_200002.txt
2026-03-26 20:00:02 [INFO]   Size      : 1791 bytes
2026-03-26 20:00:02 [INFO]   Records   : 7
2026-03-26 20:00:02 [INFO] ==================================================================
2026-03-26 20:00:02 [INFO]   Generator Completed Successfully
2026-03-26 20:00:02 [INFO] ==================================================================
