2026-03-25 09:32:01 [INFO] ==================================================================
2026-03-25 09:32:01 [INFO]   MOS Qatar Demo - Sports Data Generator
2026-03-25 09:32:01 [INFO] ==================================================================
2026-03-25 09:32:01 [INFO] Config file   : /home/cloudera/mos_qatar_demo_poc/config/mos_qatar_demo.ini
2026-03-25 09:32:01 [INFO] Landing dir   : /home/cloudera/mos_qatar_demo_poc/landing
2026-03-25 09:32:01 [INFO] Output file   : mos_sports_events_20260325_093201.txt
2026-03-25 09:32:01 [INFO] Records count : 5
2026-03-25 09:32:01 [INFO] ------------------------------------------------------------------
2026-03-25 09:32:01 [INFO]   Record 01: Event ID: EVT3203 | Event Name: National Day Football Celebration | Sport: Volleyball | Ve...
2026-03-25 09:32:01 [INFO]   Record 02: Event ID: EVT9563 | Event Name: National Day Football Celebration | Sport: Football | Venu...
2026-03-25 09:32:01 [INFO]   Record 03: Event ID: EVT3132 | Event Name: Qatar Cup Final | Sport: Volleyball | Venue: Khalifa Inter...
2026-03-25 09:32:01 [INFO]   Record 04: Event ID: EVT4326 | Event Name: Qatar Cup Semi Final | Sport: Football | Venue: Khalifa In...
2026-03-25 09:32:01 [INFO]   Record 05: Event ID: EVT7091 | Event Name: Gulf Youth Cup Round 2 | Sport: Athletics | Venue: Al Jano...
2026-03-25 09:32:01 [INFO] ------------------------------------------------------------------
2026-03-25 09:32:01 [INFO] File written successfully.
2026-03-25 09:32:01 [INFO]   Full path : /home/cloudera/mos_qatar_demo_poc/landing/mos_sports_events_20260325_093201.txt
2026-03-25 09:32:01 [INFO]   Size      : 1259 bytes
2026-03-25 09:32:01 [INFO]   Records   : 5
2026-03-25 09:32:01 [INFO] ==================================================================
2026-03-25 09:32:01 [INFO]   Generator Completed Successfully
2026-03-25 09:32:01 [INFO] ==================================================================
