2026-03-25 02:36:01 [INFO] ==================================================================
2026-03-25 02:36:01 [INFO]   MOS Qatar Demo - Sports Data Generator
2026-03-25 02:36:01 [INFO] ==================================================================
2026-03-25 02:36:01 [INFO] Config file   : /home/cloudera/mos_qatar_demo_poc/config/mos_qatar_demo.ini
2026-03-25 02:36:01 [INFO] Landing dir   : /home/cloudera/mos_qatar_demo_poc/landing
2026-03-25 02:36:01 [INFO] Output file   : mos_sports_events_20260325_023601.txt
2026-03-25 02:36:01 [INFO] Records count : 10
2026-03-25 02:36:01 [INFO] ------------------------------------------------------------------
2026-03-25 02:36:01 [INFO]   Record 01: Event ID: EVT7229 | Event Name: GCC Club Championship Semi Final | Sport: Football | Venue...
2026-03-25 02:36:01 [INFO]   Record 02: Event ID: EVT9155 | Event Name: Gulf Youth Cup Round 2 | Sport: Football | Venue: Educatio...
2026-03-25 02:36:01 [INFO]   Record 03: Event ID: EVT1063 | Event Name: Ministry Invitational Friendly Tournament | Sport: Athleti...
2026-03-25 02:36:01 [INFO]   Record 04: Event ID: EVT7098 | Event Name: Asian Qualifiers Warm-up Match | Sport: Basketball | Venue...
2026-03-25 02:36:01 [INFO]   Record 05: Event ID: EVT4039 | Event Name: GCC Club Championship Quarter Final | Sport: Football | Ve...
2026-03-25 02:36:01 [INFO]   Record 06: Event ID: EVT8050 | Event Name: MOS Annual Charity Football Gala | Sport: Football | Venue...
2026-03-25 02:36:01 [INFO]   Record 07: Event ID: EVT6877 | Event Name: Qatar Cup Semi Final | Sport: Football | Venue: Al Wakrah ...
2026-03-25 02:36:01 [INFO]   Record 08: Event ID: EVT3600 | Event Name: FIFA World Cup Qatar Legacy Match | Sport: Football | Venu...
2026-03-25 02:36:01 [INFO]   Record 09: Event ID: EVT1622 | Event Name: Ramadan Football Festival | Sport: Basketball | Venue: Asp...
2026-03-25 02:36:01 [INFO]   Record 10: Event ID: EVT9921 | Event Name: Asian Qualifiers Warm-up Match | Sport: Football | Venue: ...
2026-03-25 02:36:01 [INFO] ------------------------------------------------------------------
2026-03-25 02:36:01 [INFO] File written successfully.
2026-03-25 02:36:01 [INFO]   Full path : /home/cloudera/mos_qatar_demo_poc/landing/mos_sports_events_20260325_023601.txt
2026-03-25 02:36:01 [INFO]   Size      : 2602 bytes
2026-03-25 02:36:01 [INFO]   Records   : 10
2026-03-25 02:36:01 [INFO] ==================================================================
2026-03-25 02:36:01 [INFO]   Generator Completed Successfully
2026-03-25 02:36:01 [INFO] ==================================================================
