2026-03-26 05:23:01 [INFO] ==================================================================
2026-03-26 05:23:01 [INFO]   MOS Qatar Demo - Sports Data Generator
2026-03-26 05:23:01 [INFO] ==================================================================
2026-03-26 05:23:01 [INFO] Config file   : /home/cloudera/mos_qatar_demo_poc/config/mos_qatar_demo.ini
2026-03-26 05:23:01 [INFO] Landing dir   : /home/cloudera/mos_qatar_demo_poc/landing
2026-03-26 05:23:01 [INFO] Output file   : mos_sports_events_20260326_052301.txt
2026-03-26 05:23:01 [INFO] Records count : 5
2026-03-26 05:23:01 [INFO] ------------------------------------------------------------------
2026-03-26 05:23:01 [INFO]   Record 01: Event ID: EVT1480 | Event Name: National Team Preparation Match | Sport: Football | Venue:...
2026-03-26 05:23:01 [INFO]   Record 02: Event ID: EVT4977 | Event Name: GCC Club Championship Semi Final | Sport: Volleyball | Ven...
2026-03-26 05:23:01 [INFO]   Record 03: Event ID: EVT2003 | Event Name: Arab Nations Championship Semi Final | Sport: Football | V...
2026-03-26 05:23:01 [INFO]   Record 04: Event ID: EVT4508 | Event Name: Gulf Youth Cup Final | Sport: Handball | Venue: Education ...
2026-03-26 05:23:01 [INFO]   Record 05: Event ID: EVT1042 | Event Name: Gulf Cup Qualifier Round 1 | Sport: Football | Venue: Aspi...
2026-03-26 05:23:01 [INFO] ------------------------------------------------------------------
2026-03-26 05:23:01 [INFO] File written successfully.
2026-03-26 05:23:01 [INFO]   Full path : /home/cloudera/mos_qatar_demo_poc/landing/mos_sports_events_20260326_052301.txt
2026-03-26 05:23:01 [INFO]   Size      : 1284 bytes
2026-03-26 05:23:01 [INFO]   Records   : 5
2026-03-26 05:23:01 [INFO] ==================================================================
2026-03-26 05:23:01 [INFO]   Generator Completed Successfully
2026-03-26 05:23:01 [INFO] ==================================================================
