2026-03-25 22:57:01 [INFO] ==================================================================
2026-03-25 22:57:01 [INFO]   MOS Qatar Demo - Sports Data Generator
2026-03-25 22:57:01 [INFO] ==================================================================
2026-03-25 22:57:01 [INFO] Config file   : /home/cloudera/mos_qatar_demo_poc/config/mos_qatar_demo.ini
2026-03-25 22:57:01 [INFO] Landing dir   : /home/cloudera/mos_qatar_demo_poc/landing
2026-03-25 22:57:01 [INFO] Output file   : mos_sports_events_20260325_225701.txt
2026-03-25 22:57:01 [INFO] Records count : 5
2026-03-25 22:57:01 [INFO] ------------------------------------------------------------------
2026-03-25 22:57:01 [INFO]   Record 01: Event ID: EVT8753 | Event Name: Gulf Youth Cup Quarter Final | Sport: Football | Venue: Al...
2026-03-25 22:57:01 [INFO]   Record 02: Event ID: EVT5186 | Event Name: Qatar Premier League Match Day 12 | Sport: Basketball | Ve...
2026-03-25 22:57:01 [INFO]   Record 03: Event ID: EVT5062 | Event Name: FIFA World Cup Qatar Legacy Match | Sport: Handball | Venu...
2026-03-25 22:57:01 [INFO]   Record 04: Event ID: EVT4698 | Event Name: Doha Sports Festival Opening Match | Sport: Football | Ven...
2026-03-25 22:57:01 [INFO]   Record 05: Event ID: EVT2038 | Event Name: MOS Annual Charity Football Gala | Sport: Football | Venue...
2026-03-25 22:57:01 [INFO] ------------------------------------------------------------------
2026-03-25 22:57:01 [INFO] File written successfully.
2026-03-25 22:57:01 [INFO]   Full path : /home/cloudera/mos_qatar_demo_poc/landing/mos_sports_events_20260325_225701.txt
2026-03-25 22:57:01 [INFO]   Size      : 1291 bytes
2026-03-25 22:57:01 [INFO]   Records   : 5
2026-03-25 22:57:01 [INFO] ==================================================================
2026-03-25 22:57:01 [INFO]   Generator Completed Successfully
2026-03-25 22:57:01 [INFO] ==================================================================
