2026-03-27 05:13:01 [INFO] ==================================================================
2026-03-27 05:13:01 [INFO]   MOS Qatar Demo - Sports Data Generator
2026-03-27 05:13:01 [INFO] ==================================================================
2026-03-27 05:13:01 [INFO] Config file   : /home/cloudera/mos_qatar_demo_poc/config/mos_qatar_demo.ini
2026-03-27 05:13:01 [INFO] Landing dir   : /home/cloudera/mos_qatar_demo_poc/landing
2026-03-27 05:13:01 [INFO] Output file   : mos_sports_events_20260327_051301.txt
2026-03-27 05:13:01 [INFO] Records count : 5
2026-03-27 05:13:01 [INFO] ------------------------------------------------------------------
2026-03-27 05:13:01 [INFO]   Record 01: Event ID: EVT4654 | Event Name: Ramadan Football Festival | Sport: Football | Venue: Al Ba...
2026-03-27 05:13:01 [INFO]   Record 02: Event ID: EVT8683 | Event Name: National Day Football Celebration | Sport: Basketball | Ve...
2026-03-27 05:13:01 [INFO]   Record 03: Event ID: EVT9775 | Event Name: Ministry Youth Sports Day | Sport: Handball | Venue: Al Th...
2026-03-27 05:13:01 [INFO]   Record 04: Event ID: EVT3853 | Event Name: Arab Nations Championship Semi Final | Sport: Football | V...
2026-03-27 05:13:01 [INFO]   Record 05: Event ID: EVT4551 | Event Name: Gulf Youth Cup Round 1 | Sport: Handball | Venue: Al Thuma...
2026-03-27 05:13:01 [INFO] ------------------------------------------------------------------
2026-03-27 05:13:01 [INFO] File written successfully.
2026-03-27 05:13:01 [INFO]   Full path : /home/cloudera/mos_qatar_demo_poc/landing/mos_sports_events_20260327_051301.txt
2026-03-27 05:13:01 [INFO]   Size      : 1275 bytes
2026-03-27 05:13:01 [INFO]   Records   : 5
2026-03-27 05:13:01 [INFO] ==================================================================
2026-03-27 05:13:01 [INFO]   Generator Completed Successfully
2026-03-27 05:13:01 [INFO] ==================================================================
