2026-03-25 20:24:02 [INFO] ==================================================================
2026-03-25 20:24:02 [INFO]   MOS Qatar Demo - Sports Data Generator
2026-03-25 20:24:02 [INFO] ==================================================================
2026-03-25 20:24:02 [INFO] Config file   : /home/cloudera/mos_qatar_demo_poc/config/mos_qatar_demo.ini
2026-03-25 20:24:02 [INFO] Landing dir   : /home/cloudera/mos_qatar_demo_poc/landing
2026-03-25 20:24:02 [INFO] Output file   : mos_sports_events_20260325_202402.txt
2026-03-25 20:24:02 [INFO] Records count : 5
2026-03-25 20:24:02 [INFO] ------------------------------------------------------------------
2026-03-25 20:24:02 [INFO]   Record 01: Event ID: EVT7352 | Event Name: Ministry Youth Sports Day | Sport: Football | Venue: Aspir...
2026-03-25 20:24:02 [INFO]   Record 02: Event ID: EVT3335 | Event Name: FIFA World Cup Qatar Legacy Match | Sport: Football | Venu...
2026-03-25 20:24:02 [INFO]   Record 03: Event ID: EVT1711 | Event Name: Ministry Invitational Friendly Tournament | Sport: Footbal...
2026-03-25 20:24:02 [INFO]   Record 04: Event ID: EVT1360 | Event Name: Qatar Premier League Match Day 12 | Sport: Volleyball | Ve...
2026-03-25 20:24:02 [INFO]   Record 05: Event ID: EVT2539 | Event Name: National Day Football Celebration | Sport: Football | Venu...
2026-03-25 20:24:02 [INFO] ------------------------------------------------------------------
2026-03-25 20:24:02 [INFO] File written successfully.
2026-03-25 20:24:02 [INFO]   Full path : /home/cloudera/mos_qatar_demo_poc/landing/mos_sports_events_20260325_202402.txt
2026-03-25 20:24:02 [INFO]   Size      : 1292 bytes
2026-03-25 20:24:02 [INFO]   Records   : 5
2026-03-25 20:24:02 [INFO] ==================================================================
2026-03-25 20:24:02 [INFO]   Generator Completed Successfully
2026-03-25 20:24:02 [INFO] ==================================================================
