2026-03-27 08:27:01 [INFO] ==================================================================
2026-03-27 08:27:01 [INFO]   MOS Qatar Demo - Sports Data Generator
2026-03-27 08:27:01 [INFO] ==================================================================
2026-03-27 08:27:01 [INFO] Config file   : /home/cloudera/mos_qatar_demo_poc/config/mos_qatar_demo.ini
2026-03-27 08:27:01 [INFO] Landing dir   : /home/cloudera/mos_qatar_demo_poc/landing
2026-03-27 08:27:01 [INFO] Output file   : mos_sports_events_20260327_082701.txt
2026-03-27 08:27:01 [INFO] Records count : 9
2026-03-27 08:27:01 [INFO] ------------------------------------------------------------------
2026-03-27 08:27:01 [INFO]   Record 01: Event ID: EVT1865 | Event Name: Ramadan Football Festival | Sport: Football | Venue: Lusai...
2026-03-27 08:27:01 [INFO]   Record 02: Event ID: EVT4879 | Event Name: Qatar Premier League Match Day 8 | Sport: Handball | Venue...
2026-03-27 08:27:01 [INFO]   Record 03: Event ID: EVT8541 | Event Name: Gulf Cup Qualifier Round 1 | Sport: Handball | Venue: Khal...
2026-03-27 08:27:01 [INFO]   Record 04: Event ID: EVT1062 | Event Name: Gulf Cup Qualifier Round 1 | Sport: Volleyball | Venue: Kh...
2026-03-27 08:27:01 [INFO]   Record 05: Event ID: EVT1630 | Event Name: Qatar Under-20 Development League | Sport: Football | Venu...
2026-03-27 08:27:01 [INFO]   Record 06: Event ID: EVT3103 | Event Name: GCC Club Championship Semi Final | Sport: Football | Venue...
2026-03-27 08:27:01 [INFO]   Record 07: Event ID: EVT7156 | Event Name: Arab Nations Championship Group Stage | Sport: Football | ...
2026-03-27 08:27:01 [INFO]   Record 08: Event ID: EVT5599 | Event Name: Arab Nations Championship Group Stage | Sport: Football | ...
2026-03-27 08:27:01 [INFO]   Record 09: Event ID: EVT1758 | Event Name: Qatar Premier League Match Day 8 | Sport: Football | Venue...
2026-03-27 08:27:01 [INFO] ------------------------------------------------------------------
2026-03-27 08:27:01 [INFO] File written successfully.
2026-03-27 08:27:01 [INFO]   Full path : /home/cloudera/mos_qatar_demo_poc/landing/mos_sports_events_20260327_082701.txt
2026-03-27 08:27:01 [INFO]   Size      : 2365 bytes
2026-03-27 08:27:01 [INFO]   Records   : 9
2026-03-27 08:27:01 [INFO] ==================================================================
2026-03-27 08:27:01 [INFO]   Generator Completed Successfully
2026-03-27 08:27:01 [INFO] ==================================================================
