2026-03-25 00:53:02 [INFO] ==================================================================
2026-03-25 00:53:02 [INFO]   MOS Qatar Demo - Sports Data Generator
2026-03-25 00:53:02 [INFO] ==================================================================
2026-03-25 00:53:02 [INFO] Config file   : /home/cloudera/mos_qatar_demo_poc/config/mos_qatar_demo.ini
2026-03-25 00:53:02 [INFO] Landing dir   : /home/cloudera/mos_qatar_demo_poc/landing
2026-03-25 00:53:02 [INFO] Output file   : mos_sports_events_20260325_005302.txt
2026-03-25 00:53:02 [INFO] Records count : 8
2026-03-25 00:53:02 [INFO] ------------------------------------------------------------------
2026-03-25 00:53:02 [INFO]   Record 01: Event ID: EVT4887 | Event Name: GCC Club Championship Semi Final | Sport: Football | Venue...
2026-03-25 00:53:02 [INFO]   Record 02: Event ID: EVT7416 | Event Name: Qatar Premier League Match Day 5 | Sport: Athletics | Venu...
2026-03-25 00:53:02 [INFO]   Record 03: Event ID: EVT6846 | Event Name: Qatar Premier League Match Day 8 | Sport: Football | Venue...
2026-03-25 00:53:02 [INFO]   Record 04: Event ID: EVT9226 | Event Name: Qatar Under-20 Development League | Sport: Athletics | Ven...
2026-03-25 00:53:02 [INFO]   Record 05: Event ID: EVT5146 | Event Name: Ramadan Football Festival | Sport: Football | Venue: Qatar...
2026-03-25 00:53:02 [INFO]   Record 06: Event ID: EVT5750 | Event Name: GCC Club Championship Semi Final | Sport: Handball | Venue...
2026-03-25 00:53:02 [INFO]   Record 07: Event ID: EVT4279 | Event Name: GCC Club Championship Quarter Final | Sport: Swimming | Ve...
2026-03-25 00:53:02 [INFO]   Record 08: Event ID: EVT9943 | Event Name: Gulf Youth Cup Round 1 | Sport: Athletics | Venue: Educati...
2026-03-25 00:53:02 [INFO] ------------------------------------------------------------------
2026-03-25 00:53:02 [INFO] File written successfully.
2026-03-25 00:53:02 [INFO]   Full path : /home/cloudera/mos_qatar_demo_poc/landing/mos_sports_events_20260325_005302.txt
2026-03-25 00:53:02 [INFO]   Size      : 2123 bytes
2026-03-25 00:53:02 [INFO]   Records   : 8
2026-03-25 00:53:02 [INFO] ==================================================================
2026-03-25 00:53:02 [INFO]   Generator Completed Successfully
2026-03-25 00:53:02 [INFO] ==================================================================
