2026-03-27 21:15:01 [INFO] ==================================================================
2026-03-27 21:15:01 [INFO]   MOS Qatar Demo - Sports Data Generator
2026-03-27 21:15:01 [INFO] ==================================================================
2026-03-27 21:15:01 [INFO] Config file   : /home/cloudera/mos_qatar_demo_poc/config/mos_qatar_demo.ini
2026-03-27 21:15:01 [INFO] Landing dir   : /home/cloudera/mos_qatar_demo_poc/landing
2026-03-27 21:15:01 [INFO] Output file   : mos_sports_events_20260327_211501.txt
2026-03-27 21:15:01 [INFO] Records count : 10
2026-03-27 21:15:01 [INFO] ------------------------------------------------------------------
2026-03-27 21:15:01 [INFO]   Record 01: Event ID: EVT5063 | Event Name: National Day Football Celebration | Sport: Handball | Venu...
2026-03-27 21:15:01 [INFO]   Record 02: Event ID: EVT1388 | Event Name: MOS Annual Charity Football Gala | Sport: Swimming | Venue...
2026-03-27 21:15:01 [INFO]   Record 03: Event ID: EVT5776 | Event Name: Asian Qualifiers Warm-up Match | Sport: Football | Venue: ...
2026-03-27 21:15:01 [INFO]   Record 04: Event ID: EVT6634 | Event Name: Qatar Schools Football League | Sport: Handball | Venue: K...
2026-03-27 21:15:01 [INFO]   Record 05: Event ID: EVT2948 | Event Name: Ministry Invitational Friendly Tournament | Sport: Footbal...
2026-03-27 21:15:01 [INFO]   Record 06: Event ID: EVT6086 | Event Name: Doha Sports Festival Opening Match | Sport: Swimming | Ven...
2026-03-27 21:15:01 [INFO]   Record 07: Event ID: EVT6281 | Event Name: Gulf Youth Cup Quarter Final | Sport: Athletics | Venue: E...
2026-03-27 21:15:01 [INFO]   Record 08: Event ID: EVT8610 | Event Name: Gulf Youth Cup Round 2 | Sport: Handball | Venue: Educatio...
2026-03-27 21:15:01 [INFO]   Record 09: Event ID: EVT9344 | Event Name: Arab Nations Championship Semi Final | Sport: Football | V...
2026-03-27 21:15:01 [INFO]   Record 10: Event ID: EVT8717 | Event Name: Qatar Cup Semi Final | Sport: Football | Venue: Ahmad Bin ...
2026-03-27 21:15:01 [INFO] ------------------------------------------------------------------
2026-03-27 21:15:01 [INFO] File written successfully.
2026-03-27 21:15:01 [INFO]   Full path : /home/cloudera/mos_qatar_demo_poc/landing/mos_sports_events_20260327_211501.txt
2026-03-27 21:15:01 [INFO]   Size      : 2642 bytes
2026-03-27 21:15:01 [INFO]   Records   : 10
2026-03-27 21:15:01 [INFO] ==================================================================
2026-03-27 21:15:01 [INFO]   Generator Completed Successfully
2026-03-27 21:15:01 [INFO] ==================================================================
