2026-03-27 02:00:01 [INFO] ==================================================================
2026-03-27 02:00:01 [INFO]   MOS Qatar Demo - Sports Data Generator
2026-03-27 02:00:01 [INFO] ==================================================================
2026-03-27 02:00:01 [INFO] Config file   : /home/cloudera/mos_qatar_demo_poc/config/mos_qatar_demo.ini
2026-03-27 02:00:01 [INFO] Landing dir   : /home/cloudera/mos_qatar_demo_poc/landing
2026-03-27 02:00:01 [INFO] Output file   : mos_sports_events_20260327_020001.txt
2026-03-27 02:00:01 [INFO] Records count : 5
2026-03-27 02:00:01 [INFO] ------------------------------------------------------------------
2026-03-27 02:00:01 [INFO]   Record 01: Event ID: EVT2703 | Event Name: GCC Club Championship Final | Sport: Athletics | Venue: As...
2026-03-27 02:00:01 [INFO]   Record 02: Event ID: EVT3688 | Event Name: Qatar Cup Semi Final | Sport: Football | Venue: Khalifa In...
2026-03-27 02:00:01 [INFO]   Record 03: Event ID: EVT8397 | Event Name: Gulf Youth Cup Semi Final | Sport: Football | Venue: Al Ba...
2026-03-27 02:00:01 [INFO]   Record 04: Event ID: EVT7017 | Event Name: Qatar Premier League Match Day 8 | Sport: Swimming | Venue...
2026-03-27 02:00:01 [INFO]   Record 05: Event ID: EVT7923 | Event Name: Qatar Cup Semi Final | Sport: Swimming | Venue: Al Wakrah ...
2026-03-27 02:00:01 [INFO] ------------------------------------------------------------------
2026-03-27 02:00:01 [INFO] File written successfully.
2026-03-27 02:00:01 [INFO]   Full path : /home/cloudera/mos_qatar_demo_poc/landing/mos_sports_events_20260327_020001.txt
2026-03-27 02:00:01 [INFO]   Size      : 1258 bytes
2026-03-27 02:00:01 [INFO]   Records   : 5
2026-03-27 02:00:01 [INFO] ==================================================================
2026-03-27 02:00:01 [INFO]   Generator Completed Successfully
2026-03-27 02:00:01 [INFO] ==================================================================
