2026-03-24 15:52:01 [INFO] ==================================================================
2026-03-24 15:52:01 [INFO]   MOS Qatar Demo - Sports Data Generator
2026-03-24 15:52:01 [INFO] ==================================================================
2026-03-24 15:52:01 [INFO] Config file   : /home/cloudera/mos_qatar_demo_poc/config/mos_qatar_demo.ini
2026-03-24 15:52:01 [INFO] Landing dir   : /home/cloudera/mos_qatar_demo_poc/landing
2026-03-24 15:52:01 [INFO] Output file   : mos_sports_events_20260324_155201.txt
2026-03-24 15:52:01 [INFO] Records count : 6
2026-03-24 15:52:01 [INFO] ------------------------------------------------------------------
2026-03-24 15:52:01 [INFO]   Record 01: Event ID: EVT8871 | Event Name: Gulf Cup Qualifier Round 1 | Sport: Swimming | Venue: Al W...
2026-03-24 15:52:01 [INFO]   Record 02: Event ID: EVT6446 | Event Name: Qatar Premier League Match Day 12 | Sport: Handball | Venu...
2026-03-24 15:52:01 [INFO]   Record 03: Event ID: EVT4089 | Event Name: Ministry Invitational Friendly Tournament | Sport: Athleti...
2026-03-24 15:52:01 [INFO]   Record 04: Event ID: EVT4605 | Event Name: Ramadan Football Festival | Sport: Football | Venue: Al Th...
2026-03-24 15:52:01 [INFO]   Record 05: Event ID: EVT3695 | Event Name: Gulf Youth Cup Round 2 | Sport: Basketball | Venue: Al Thu...
2026-03-24 15:52:01 [INFO]   Record 06: Event ID: EVT1791 | Event Name: Gulf Cup Qualifier Round 1 | Sport: Football | Venue: Al B...
2026-03-24 15:52:01 [INFO] ------------------------------------------------------------------
2026-03-24 15:52:01 [INFO] File written successfully.
2026-03-24 15:52:01 [INFO]   Full path : /home/cloudera/mos_qatar_demo_poc/landing/mos_sports_events_20260324_155201.txt
2026-03-24 15:52:01 [INFO]   Size      : 1523 bytes
2026-03-24 15:52:01 [INFO]   Records   : 6
2026-03-24 15:52:01 [INFO] ==================================================================
2026-03-24 15:52:01 [INFO]   Generator Completed Successfully
2026-03-24 15:52:01 [INFO] ==================================================================
