2026-03-24 16:54:01 [INFO] ==================================================================
2026-03-24 16:54:01 [INFO]   MOS Qatar Demo - Sports Data Generator
2026-03-24 16:54:01 [INFO] ==================================================================
2026-03-24 16:54:01 [INFO] Config file   : /home/cloudera/mos_qatar_demo_poc/config/mos_qatar_demo.ini
2026-03-24 16:54:01 [INFO] Landing dir   : /home/cloudera/mos_qatar_demo_poc/landing
2026-03-24 16:54:01 [INFO] Output file   : mos_sports_events_20260324_165401.txt
2026-03-24 16:54:01 [INFO] Records count : 4
2026-03-24 16:54:01 [INFO] ------------------------------------------------------------------
2026-03-24 16:54:01 [INFO]   Record 01: Event ID: EVT3944 | Event Name: Gulf Youth Cup Final | Sport: Football | Venue: Al Wakrah ...
2026-03-24 16:54:01 [INFO]   Record 02: Event ID: EVT3354 | Event Name: National Day Football Celebration | Sport: Football | Venu...
2026-03-24 16:54:01 [INFO]   Record 03: Event ID: EVT9968 | Event Name: National Day Football Celebration | Sport: Swimming | Venu...
2026-03-24 16:54:01 [INFO]   Record 04: Event ID: EVT4190 | Event Name: Gulf Youth Cup Round 2 | Sport: Basketball | Venue: Al Wak...
2026-03-24 16:54:01 [INFO] ------------------------------------------------------------------
2026-03-24 16:54:01 [INFO] File written successfully.
2026-03-24 16:54:01 [INFO]   Full path : /home/cloudera/mos_qatar_demo_poc/landing/mos_sports_events_20260324_165401.txt
2026-03-24 16:54:01 [INFO]   Size      : 1023 bytes
2026-03-24 16:54:01 [INFO]   Records   : 4
2026-03-24 16:54:01 [INFO] ==================================================================
2026-03-24 16:54:01 [INFO]   Generator Completed Successfully
2026-03-24 16:54:01 [INFO] ==================================================================
