2026-03-26 03:07:01 [INFO] ==================================================================
2026-03-26 03:07:01 [INFO]   MOS Qatar Demo - Sports Data Generator
2026-03-26 03:07:01 [INFO] ==================================================================
2026-03-26 03:07:01 [INFO] Config file   : /home/cloudera/mos_qatar_demo_poc/config/mos_qatar_demo.ini
2026-03-26 03:07:01 [INFO] Landing dir   : /home/cloudera/mos_qatar_demo_poc/landing
2026-03-26 03:07:01 [INFO] Output file   : mos_sports_events_20260326_030701.txt
2026-03-26 03:07:01 [INFO] Records count : 8
2026-03-26 03:07:01 [INFO] ------------------------------------------------------------------
2026-03-26 03:07:01 [INFO]   Record 01: Event ID: EVT6341 | Event Name: Gulf Youth Cup Semi Final | Sport: Football | Venue: Ahmad...
2026-03-26 03:07:01 [INFO]   Record 02: Event ID: EVT8716 | Event Name: Qatar Olympic Training Camp Evaluation | Sport: Handball |...
2026-03-26 03:07:01 [INFO]   Record 03: Event ID: EVT4217 | Event Name: Arab Nations Championship Semi Final | Sport: Handball | V...
2026-03-26 03:07:01 [INFO]   Record 04: Event ID: EVT3843 | Event Name: Gulf Youth Cup Final | Sport: Football | Venue: Al Wakrah ...
2026-03-26 03:07:01 [INFO]   Record 05: Event ID: EVT3142 | Event Name: Asian Qualifiers Warm-up Match | Sport: Football | Venue: ...
2026-03-26 03:07:01 [INFO]   Record 06: Event ID: EVT1053 | Event Name: Qatar Cup Final | Sport: Volleyball | Venue: Al Thumama St...
2026-03-26 03:07:01 [INFO]   Record 07: Event ID: EVT3065 | Event Name: Gulf Youth Cup Final | Sport: Volleyball | Venue: Educatio...
2026-03-26 03:07:01 [INFO]   Record 08: Event ID: EVT3102 | Event Name: Gulf Cup Qualifier Round 1 | Sport: Volleyball | Venue: Lu...
2026-03-26 03:07:01 [INFO] ------------------------------------------------------------------
2026-03-26 03:07:01 [INFO] File written successfully.
2026-03-26 03:07:01 [INFO]   Full path : /home/cloudera/mos_qatar_demo_poc/landing/mos_sports_events_20260326_030701.txt
2026-03-26 03:07:01 [INFO]   Size      : 2038 bytes
2026-03-26 03:07:01 [INFO]   Records   : 8
2026-03-26 03:07:01 [INFO] ==================================================================
2026-03-26 03:07:01 [INFO]   Generator Completed Successfully
2026-03-26 03:07:01 [INFO] ==================================================================
