2026-03-27 00:33:02 [INFO] ==================================================================
2026-03-27 00:33:02 [INFO]   MOS Qatar Demo - Sports Data Generator
2026-03-27 00:33:02 [INFO] ==================================================================
2026-03-27 00:33:02 [INFO] Config file   : /home/cloudera/mos_qatar_demo_poc/config/mos_qatar_demo.ini
2026-03-27 00:33:02 [INFO] Landing dir   : /home/cloudera/mos_qatar_demo_poc/landing
2026-03-27 00:33:02 [INFO] Output file   : mos_sports_events_20260327_003302.txt
2026-03-27 00:33:02 [INFO] Records count : 9
2026-03-27 00:33:02 [INFO] ------------------------------------------------------------------
2026-03-27 00:33:02 [INFO]   Record 01: Event ID: EVT9877 | Event Name: Gulf Youth Cup Round 2 | Sport: Basketball | Venue: Al Bay...
2026-03-27 00:33:02 [INFO]   Record 02: Event ID: EVT9096 | Event Name: Ministry Invitational Friendly Tournament | Sport: Swimmin...
2026-03-27 00:33:02 [INFO]   Record 03: Event ID: EVT5129 | Event Name: GCC Club Championship Final | Sport: Football | Venue: Asp...
2026-03-27 00:33:02 [INFO]   Record 04: Event ID: EVT4273 | Event Name: Gulf Youth Cup Round 1 | Sport: Football | Venue: Al Bayt ...
2026-03-27 00:33:02 [INFO]   Record 05: Event ID: EVT8709 | Event Name: Asian Qualifiers Warm-up Match | Sport: Swimming | Venue: ...
2026-03-27 00:33:02 [INFO]   Record 06: Event ID: EVT7316 | Event Name: Ramadan Football Festival | Sport: Volleyball | Venue: Al ...
2026-03-27 00:33:02 [INFO]   Record 07: Event ID: EVT4017 | Event Name: National Day Football Celebration | Sport: Basketball | Ve...
2026-03-27 00:33:02 [INFO]   Record 08: Event ID: EVT4508 | Event Name: Gulf Cup Qualifier Round 1 | Sport: Football | Venue: Ahma...
2026-03-27 00:33:02 [INFO]   Record 09: Event ID: EVT1381 | Event Name: National Day Football Celebration | Sport: Swimming | Venu...
2026-03-27 00:33:02 [INFO] ------------------------------------------------------------------
2026-03-27 00:33:02 [INFO] File written successfully.
2026-03-27 00:33:02 [INFO]   Full path : /home/cloudera/mos_qatar_demo_poc/landing/mos_sports_events_20260327_003302.txt
2026-03-27 00:33:02 [INFO]   Size      : 2348 bytes
2026-03-27 00:33:02 [INFO]   Records   : 9
2026-03-27 00:33:02 [INFO] ==================================================================
2026-03-27 00:33:02 [INFO]   Generator Completed Successfully
2026-03-27 00:33:02 [INFO] ==================================================================
