2026-03-25 19:24:01 [INFO] ==================================================================
2026-03-25 19:24:01 [INFO]   MOS Qatar Demo - Sports Data Generator
2026-03-25 19:24:01 [INFO] ==================================================================
2026-03-25 19:24:01 [INFO] Config file   : /home/cloudera/mos_qatar_demo_poc/config/mos_qatar_demo.ini
2026-03-25 19:24:01 [INFO] Landing dir   : /home/cloudera/mos_qatar_demo_poc/landing
2026-03-25 19:24:01 [INFO] Output file   : mos_sports_events_20260325_192401.txt
2026-03-25 19:24:01 [INFO] Records count : 6
2026-03-25 19:24:01 [INFO] ------------------------------------------------------------------
2026-03-25 19:24:01 [INFO]   Record 01: Event ID: EVT7726 | Event Name: Gulf Cup Qualifier Round 1 | Sport: Handball | Venue: Al W...
2026-03-25 19:24:01 [INFO]   Record 02: Event ID: EVT6653 | Event Name: Arab Nations Championship Group Stage | Sport: Football | ...
2026-03-25 19:24:01 [INFO]   Record 03: Event ID: EVT8121 | Event Name: Gulf Youth Cup Semi Final | Sport: Volleyball | Venue: Ahm...
2026-03-25 19:24:01 [INFO]   Record 04: Event ID: EVT4142 | Event Name: Ministry Invitational Friendly Tournament | Sport: Footbal...
2026-03-25 19:24:01 [INFO]   Record 05: Event ID: EVT5127 | Event Name: Doha Sports Festival Opening Match | Sport: Swimming | Ven...
2026-03-25 19:24:01 [INFO]   Record 06: Event ID: EVT2394 | Event Name: MOS Annual Charity Football Gala | Sport: Basketball | Ven...
2026-03-25 19:24:01 [INFO] ------------------------------------------------------------------
2026-03-25 19:24:01 [INFO] File written successfully.
2026-03-25 19:24:01 [INFO]   Full path : /home/cloudera/mos_qatar_demo_poc/landing/mos_sports_events_20260325_192401.txt
2026-03-25 19:24:01 [INFO]   Size      : 1568 bytes
2026-03-25 19:24:01 [INFO]   Records   : 6
2026-03-25 19:24:01 [INFO] ==================================================================
2026-03-25 19:24:01 [INFO]   Generator Completed Successfully
2026-03-25 19:24:01 [INFO] ==================================================================
