2026-03-27 02:20:02 [INFO] ==================================================================
2026-03-27 02:20:02 [INFO]   MOS Qatar Demo - Sports Data Generator
2026-03-27 02:20:02 [INFO] ==================================================================
2026-03-27 02:20:02 [INFO] Config file   : /home/cloudera/mos_qatar_demo_poc/config/mos_qatar_demo.ini
2026-03-27 02:20:02 [INFO] Landing dir   : /home/cloudera/mos_qatar_demo_poc/landing
2026-03-27 02:20:02 [INFO] Output file   : mos_sports_events_20260327_022002.txt
2026-03-27 02:20:02 [INFO] Records count : 5
2026-03-27 02:20:02 [INFO] ------------------------------------------------------------------
2026-03-27 02:20:02 [INFO]   Record 01: Event ID: EVT7021 | Event Name: Arab Nations Championship Group Stage | Sport: Athletics |...
2026-03-27 02:20:02 [INFO]   Record 02: Event ID: EVT6301 | Event Name: Qatar Cup Semi Final | Sport: Football | Venue: Al Janoub ...
2026-03-27 02:20:02 [INFO]   Record 03: Event ID: EVT3702 | Event Name: Gulf Youth Cup Round 1 | Sport: Volleyball | Venue: Al Wak...
2026-03-27 02:20:02 [INFO]   Record 04: Event ID: EVT5591 | Event Name: Arab Nations Championship Group Stage | Sport: Football | ...
2026-03-27 02:20:02 [INFO]   Record 05: Event ID: EVT9929 | Event Name: MOS Annual Charity Football Gala | Sport: Basketball | Ven...
2026-03-27 02:20:02 [INFO] ------------------------------------------------------------------
2026-03-27 02:20:02 [INFO] File written successfully.
2026-03-27 02:20:02 [INFO]   Full path : /home/cloudera/mos_qatar_demo_poc/landing/mos_sports_events_20260327_022002.txt
2026-03-27 02:20:02 [INFO]   Size      : 1276 bytes
2026-03-27 02:20:02 [INFO]   Records   : 5
2026-03-27 02:20:02 [INFO] ==================================================================
2026-03-27 02:20:02 [INFO]   Generator Completed Successfully
2026-03-27 02:20:02 [INFO] ==================================================================
