2026-03-25 19:09:01 [INFO] ==================================================================
2026-03-25 19:09:01 [INFO]   MOS Qatar Demo - Sports Data Generator
2026-03-25 19:09:01 [INFO] ==================================================================
2026-03-25 19:09:01 [INFO] Config file   : /home/cloudera/mos_qatar_demo_poc/config/mos_qatar_demo.ini
2026-03-25 19:09:01 [INFO] Landing dir   : /home/cloudera/mos_qatar_demo_poc/landing
2026-03-25 19:09:01 [INFO] Output file   : mos_sports_events_20260325_190901.txt
2026-03-25 19:09:01 [INFO] Records count : 4
2026-03-25 19:09:01 [INFO] ------------------------------------------------------------------
2026-03-25 19:09:01 [INFO]   Record 01: Event ID: EVT8941 | Event Name: Qatar Premier League Match Day 5 | Sport: Football | Venue...
2026-03-25 19:09:01 [INFO]   Record 02: Event ID: EVT7167 | Event Name: Qatar Olympic Training Camp Evaluation | Sport: Swimming |...
2026-03-25 19:09:01 [INFO]   Record 03: Event ID: EVT1178 | Event Name: GCC Club Championship Semi Final | Sport: Handball | Venue...
2026-03-25 19:09:01 [INFO]   Record 04: Event ID: EVT5944 | Event Name: Qatar Cup Final | Sport: Football | Venue: Ahmad Bin Ali S...
2026-03-25 19:09:01 [INFO] ------------------------------------------------------------------
2026-03-25 19:09:01 [INFO] File written successfully.
2026-03-25 19:09:01 [INFO]   Full path : /home/cloudera/mos_qatar_demo_poc/landing/mos_sports_events_20260325_190901.txt
2026-03-25 19:09:01 [INFO]   Size      : 1038 bytes
2026-03-25 19:09:01 [INFO]   Records   : 4
2026-03-25 19:09:01 [INFO] ==================================================================
2026-03-25 19:09:01 [INFO]   Generator Completed Successfully
2026-03-25 19:09:01 [INFO] ==================================================================
