2026-03-26 01:20:02 [INFO] ==================================================================
2026-03-26 01:20:02 [INFO]   MOS Qatar Demo - Sports Data Generator
2026-03-26 01:20:02 [INFO] ==================================================================
2026-03-26 01:20:02 [INFO] Config file   : /home/cloudera/mos_qatar_demo_poc/config/mos_qatar_demo.ini
2026-03-26 01:20:02 [INFO] Landing dir   : /home/cloudera/mos_qatar_demo_poc/landing
2026-03-26 01:20:02 [INFO] Output file   : mos_sports_events_20260326_012002.txt
2026-03-26 01:20:02 [INFO] Records count : 5
2026-03-26 01:20:02 [INFO] ------------------------------------------------------------------
2026-03-26 01:20:02 [INFO]   Record 01: Event ID: EVT7825 | Event Name: GCC Club Championship Final | Sport: Football | Venue: Al ...
2026-03-26 01:20:02 [INFO]   Record 02: Event ID: EVT2461 | Event Name: Qatar Premier League Match Day 5 | Sport: Handball | Venue...
2026-03-26 01:20:02 [INFO]   Record 03: Event ID: EVT8720 | Event Name: Gulf Cup Qualifier Round 1 | Sport: Basketball | Venue: Al...
2026-03-26 01:20:02 [INFO]   Record 04: Event ID: EVT3653 | Event Name: Doha Sports Festival Opening Match | Sport: Football | Ven...
2026-03-26 01:20:02 [INFO]   Record 05: Event ID: EVT3572 | Event Name: Qatar Premier League Match Day 12 | Sport: Football | Venu...
2026-03-26 01:20:02 [INFO] ------------------------------------------------------------------
2026-03-26 01:20:02 [INFO] File written successfully.
2026-03-26 01:20:02 [INFO]   Full path : /home/cloudera/mos_qatar_demo_poc/landing/mos_sports_events_20260326_012002.txt
2026-03-26 01:20:02 [INFO]   Size      : 1302 bytes
2026-03-26 01:20:02 [INFO]   Records   : 5
2026-03-26 01:20:02 [INFO] ==================================================================
2026-03-26 01:20:02 [INFO]   Generator Completed Successfully
2026-03-26 01:20:02 [INFO] ==================================================================
