2026-03-25 06:01:01 [INFO] ==================================================================
2026-03-25 06:01:01 [INFO]   MOS Qatar Demo - Sports Data Generator
2026-03-25 06:01:01 [INFO] ==================================================================
2026-03-25 06:01:01 [INFO] Config file   : /home/cloudera/mos_qatar_demo_poc/config/mos_qatar_demo.ini
2026-03-25 06:01:01 [INFO] Landing dir   : /home/cloudera/mos_qatar_demo_poc/landing
2026-03-25 06:01:01 [INFO] Output file   : mos_sports_events_20260325_060101.txt
2026-03-25 06:01:01 [INFO] Records count : 10
2026-03-25 06:01:01 [INFO] ------------------------------------------------------------------
2026-03-25 06:01:01 [INFO]   Record 01: Event ID: EVT2293 | Event Name: GCC Club Championship Quarter Final | Sport: Handball | Ve...
2026-03-25 06:01:01 [INFO]   Record 02: Event ID: EVT6159 | Event Name: Qatar Olympic Training Camp Evaluation | Sport: Handball |...
2026-03-25 06:01:01 [INFO]   Record 03: Event ID: EVT6585 | Event Name: FIFA World Cup Qatar Legacy Match | Sport: Volleyball | Ve...
2026-03-25 06:01:01 [INFO]   Record 04: Event ID: EVT7095 | Event Name: Qatar Premier League Match Day 8 | Sport: Basketball | Ven...
2026-03-25 06:01:01 [INFO]   Record 05: Event ID: EVT8597 | Event Name: Qatar Cup Final | Sport: Basketball | Venue: Lusail Stadiu...
2026-03-25 06:01:01 [INFO]   Record 06: Event ID: EVT8312 | Event Name: Ramadan Football Festival | Sport: Athletics | Venue: Qata...
2026-03-25 06:01:01 [INFO]   Record 07: Event ID: EVT1256 | Event Name: Arab Nations Championship Group Stage | Sport: Football | ...
2026-03-25 06:01:01 [INFO]   Record 08: Event ID: EVT8979 | Event Name: GCC Club Championship Semi Final | Sport: Athletics | Venu...
2026-03-25 06:01:01 [INFO]   Record 09: Event ID: EVT1245 | Event Name: Gulf Cup Qualifier Round 1 | Sport: Volleyball | Venue: Lu...
2026-03-25 06:01:01 [INFO]   Record 10: Event ID: EVT1500 | Event Name: National Team Preparation Match | Sport: Football | Venue:...
2026-03-25 06:01:01 [INFO] ------------------------------------------------------------------
2026-03-25 06:01:01 [INFO] File written successfully.
2026-03-25 06:01:01 [INFO]   Full path : /home/cloudera/mos_qatar_demo_poc/landing/mos_sports_events_20260325_060101.txt
2026-03-25 06:01:01 [INFO]   Size      : 2613 bytes
2026-03-25 06:01:01 [INFO]   Records   : 10
2026-03-25 06:01:01 [INFO] ==================================================================
2026-03-25 06:01:01 [INFO]   Generator Completed Successfully
2026-03-25 06:01:01 [INFO] ==================================================================
