2026-03-27 10:39:02 [INFO] ==================================================================
2026-03-27 10:39:02 [INFO]   MOS Qatar Demo - Sports Data Generator
2026-03-27 10:39:02 [INFO] ==================================================================
2026-03-27 10:39:02 [INFO] Config file   : /home/cloudera/mos_qatar_demo_poc/config/mos_qatar_demo.ini
2026-03-27 10:39:02 [INFO] Landing dir   : /home/cloudera/mos_qatar_demo_poc/landing
2026-03-27 10:39:02 [INFO] Output file   : mos_sports_events_20260327_103902.txt
2026-03-27 10:39:02 [INFO] Records count : 8
2026-03-27 10:39:02 [INFO] ------------------------------------------------------------------
2026-03-27 10:39:02 [INFO]   Record 01: Event ID: EVT2283 | Event Name: Asian Qualifiers Warm-up Match | Sport: Football | Venue: ...
2026-03-27 10:39:02 [INFO]   Record 02: Event ID: EVT1877 | Event Name: Qatar Premier League Match Day 5 | Sport: Football | Venue...
2026-03-27 10:39:02 [INFO]   Record 03: Event ID: EVT6444 | Event Name: GCC Club Championship Final | Sport: Athletics | Venue: Kh...
2026-03-27 10:39:02 [INFO]   Record 04: Event ID: EVT7610 | Event Name: Qatar Schools Football League | Sport: Basketball | Venue:...
2026-03-27 10:39:02 [INFO]   Record 05: Event ID: EVT8970 | Event Name: Asian Qualifiers Warm-up Match | Sport: Athletics | Venue:...
2026-03-27 10:39:02 [INFO]   Record 06: Event ID: EVT8828 | Event Name: GCC Club Championship Semi Final | Sport: Football | Venue...
2026-03-27 10:39:02 [INFO]   Record 07: Event ID: EVT9127 | Event Name: Asian Qualifiers Warm-up Match | Sport: Basketball | Venue...
2026-03-27 10:39:02 [INFO]   Record 08: Event ID: EVT2413 | Event Name: Asian Qualifiers Warm-up Match | Sport: Football | Venue: ...
2026-03-27 10:39:02 [INFO] ------------------------------------------------------------------
2026-03-27 10:39:02 [INFO] File written successfully.
2026-03-27 10:39:02 [INFO]   Full path : /home/cloudera/mos_qatar_demo_poc/landing/mos_sports_events_20260327_103902.txt
2026-03-27 10:39:02 [INFO]   Size      : 2080 bytes
2026-03-27 10:39:02 [INFO]   Records   : 8
2026-03-27 10:39:02 [INFO] ==================================================================
2026-03-27 10:39:02 [INFO]   Generator Completed Successfully
2026-03-27 10:39:02 [INFO] ==================================================================
