2026-03-25 05:19:01 [INFO] ==================================================================
2026-03-25 05:19:01 [INFO]   MOS Qatar Demo - Sports Data Generator
2026-03-25 05:19:01 [INFO] ==================================================================
2026-03-25 05:19:01 [INFO] Config file   : /home/cloudera/mos_qatar_demo_poc/config/mos_qatar_demo.ini
2026-03-25 05:19:01 [INFO] Landing dir   : /home/cloudera/mos_qatar_demo_poc/landing
2026-03-25 05:19:01 [INFO] Output file   : mos_sports_events_20260325_051901.txt
2026-03-25 05:19:01 [INFO] Records count : 10
2026-03-25 05:19:01 [INFO] ------------------------------------------------------------------
2026-03-25 05:19:01 [INFO]   Record 01: Event ID: EVT9634 | Event Name: Qatar Under-20 Development League | Sport: Basketball | Ve...
2026-03-25 05:19:01 [INFO]   Record 02: Event ID: EVT5147 | Event Name: Gulf Youth Cup Quarter Final | Sport: Volleyball | Venue: ...
2026-03-25 05:19:01 [INFO]   Record 03: Event ID: EVT2679 | Event Name: Gulf Youth Cup Semi Final | Sport: Football | Venue: Aspir...
2026-03-25 05:19:01 [INFO]   Record 04: Event ID: EVT5582 | Event Name: Gulf Youth Cup Final | Sport: Football | Venue: Lusail Sta...
2026-03-25 05:19:01 [INFO]   Record 05: Event ID: EVT1294 | Event Name: Gulf Youth Cup Final | Sport: Volleyball | Venue: Al Bayt ...
2026-03-25 05:19:01 [INFO]   Record 06: Event ID: EVT7197 | Event Name: Qatar Olympic Training Camp Evaluation | Sport: Volleyball...
2026-03-25 05:19:01 [INFO]   Record 07: Event ID: EVT8649 | Event Name: Qatar Premier League Match Day 12 | Sport: Basketball | Ve...
2026-03-25 05:19:01 [INFO]   Record 08: Event ID: EVT6397 | Event Name: Arab Nations Championship Group Stage | Sport: Basketball ...
2026-03-25 05:19:01 [INFO]   Record 09: Event ID: EVT9713 | Event Name: FIFA World Cup Qatar Legacy Match | Sport: Football | Venu...
2026-03-25 05:19:01 [INFO]   Record 10: Event ID: EVT7882 | Event Name: Doha Sports Festival Opening Match | Sport: Volleyball | V...
2026-03-25 05:19:01 [INFO] ------------------------------------------------------------------
2026-03-25 05:19:01 [INFO] File written successfully.
2026-03-25 05:19:01 [INFO]   Full path : /home/cloudera/mos_qatar_demo_poc/landing/mos_sports_events_20260325_051901.txt
2026-03-25 05:19:01 [INFO]   Size      : 2620 bytes
2026-03-25 05:19:01 [INFO]   Records   : 10
2026-03-25 05:19:01 [INFO] ==================================================================
2026-03-25 05:19:01 [INFO]   Generator Completed Successfully
2026-03-25 05:19:01 [INFO] ==================================================================
