2026-03-24 19:09:01 [INFO] ==================================================================
2026-03-24 19:09:01 [INFO]   MOS Qatar Demo - Sports Data Generator
2026-03-24 19:09:01 [INFO] ==================================================================
2026-03-24 19:09:01 [INFO] Config file   : /home/cloudera/mos_qatar_demo_poc/config/mos_qatar_demo.ini
2026-03-24 19:09:01 [INFO] Landing dir   : /home/cloudera/mos_qatar_demo_poc/landing
2026-03-24 19:09:01 [INFO] Output file   : mos_sports_events_20260324_190901.txt
2026-03-24 19:09:01 [INFO] Records count : 5
2026-03-24 19:09:01 [INFO] ------------------------------------------------------------------
2026-03-24 19:09:01 [INFO]   Record 01: Event ID: EVT9808 | Event Name: Qatar Premier League Match Day 12 | Sport: Football | Venu...
2026-03-24 19:09:01 [INFO]   Record 02: Event ID: EVT6868 | Event Name: Doha Sports Festival Opening Match | Sport: Volleyball | V...
2026-03-24 19:09:01 [INFO]   Record 03: Event ID: EVT2577 | Event Name: Qatar Premier League Match Day 12 | Sport: Volleyball | Ve...
2026-03-24 19:09:01 [INFO]   Record 04: Event ID: EVT3473 | Event Name: Gulf Youth Cup Semi Final | Sport: Handball | Venue: Al Ja...
2026-03-24 19:09:01 [INFO]   Record 05: Event ID: EVT2148 | Event Name: Ramadan Football Festival | Sport: Volleyball | Venue: Asp...
2026-03-24 19:09:01 [INFO] ------------------------------------------------------------------
2026-03-24 19:09:01 [INFO] File written successfully.
2026-03-24 19:09:01 [INFO]   Full path : /home/cloudera/mos_qatar_demo_poc/landing/mos_sports_events_20260324_190901.txt
2026-03-24 19:09:01 [INFO]   Size      : 1278 bytes
2026-03-24 19:09:01 [INFO]   Records   : 5
2026-03-24 19:09:01 [INFO] ==================================================================
2026-03-24 19:09:01 [INFO]   Generator Completed Successfully
2026-03-24 19:09:01 [INFO] ==================================================================
