2026-03-25 00:16:01 [INFO] ==================================================================
2026-03-25 00:16:01 [INFO]   MOS Qatar Demo - Sports Data Generator
2026-03-25 00:16:01 [INFO] ==================================================================
2026-03-25 00:16:01 [INFO] Config file   : /home/cloudera/mos_qatar_demo_poc/config/mos_qatar_demo.ini
2026-03-25 00:16:01 [INFO] Landing dir   : /home/cloudera/mos_qatar_demo_poc/landing
2026-03-25 00:16:01 [INFO] Output file   : mos_sports_events_20260325_001601.txt
2026-03-25 00:16:01 [INFO] Records count : 7
2026-03-25 00:16:01 [INFO] ------------------------------------------------------------------
2026-03-25 00:16:01 [INFO]   Record 01: Event ID: EVT6593 | Event Name: Arab Nations Championship Semi Final | Sport: Football | V...
2026-03-25 00:16:01 [INFO]   Record 02: Event ID: EVT4912 | Event Name: Arab Nations Championship Group Stage | Sport: Basketball ...
2026-03-25 00:16:01 [INFO]   Record 03: Event ID: EVT2309 | Event Name: Qatar Premier League Match Day 5 | Sport: Football | Venue...
2026-03-25 00:16:01 [INFO]   Record 04: Event ID: EVT9323 | Event Name: Qatar Premier League Match Day 5 | Sport: Football | Venue...
2026-03-25 00:16:01 [INFO]   Record 05: Event ID: EVT2868 | Event Name: Ministry Invitational Friendly Tournament | Sport: Footbal...
2026-03-25 00:16:01 [INFO]   Record 06: Event ID: EVT8211 | Event Name: Ramadan Football Festival | Sport: Basketball | Venue: Edu...
2026-03-25 00:16:01 [INFO]   Record 07: Event ID: EVT4275 | Event Name: Qatar Premier League Match Day 12 | Sport: Football | Venu...
2026-03-25 00:16:01 [INFO] ------------------------------------------------------------------
2026-03-25 00:16:01 [INFO] File written successfully.
2026-03-25 00:16:01 [INFO]   Full path : /home/cloudera/mos_qatar_demo_poc/landing/mos_sports_events_20260325_001601.txt
2026-03-25 00:16:01 [INFO]   Size      : 1836 bytes
2026-03-25 00:16:01 [INFO]   Records   : 7
2026-03-25 00:16:01 [INFO] ==================================================================
2026-03-25 00:16:01 [INFO]   Generator Completed Successfully
2026-03-25 00:16:01 [INFO] ==================================================================
