2026-03-26 12:53:01 [INFO] ==================================================================
2026-03-26 12:53:01 [INFO]   MOS Qatar Demo - Sports Data Generator
2026-03-26 12:53:01 [INFO] ==================================================================
2026-03-26 12:53:01 [INFO] Config file   : /home/cloudera/mos_qatar_demo_poc/config/mos_qatar_demo.ini
2026-03-26 12:53:01 [INFO] Landing dir   : /home/cloudera/mos_qatar_demo_poc/landing
2026-03-26 12:53:01 [INFO] Output file   : mos_sports_events_20260326_125301.txt
2026-03-26 12:53:01 [INFO] Records count : 5
2026-03-26 12:53:01 [INFO] ------------------------------------------------------------------
2026-03-26 12:53:01 [INFO]   Record 01: Event ID: EVT4805 | Event Name: Qatar Premier League Match Day 8 | Sport: Football | Venue...
2026-03-26 12:53:01 [INFO]   Record 02: Event ID: EVT1866 | Event Name: Ministry Youth Sports Day | Sport: Volleyball | Venue: Ahm...
2026-03-26 12:53:01 [INFO]   Record 03: Event ID: EVT9158 | Event Name: GCC Club Championship Quarter Final | Sport: Volleyball | ...
2026-03-26 12:53:01 [INFO]   Record 04: Event ID: EVT6013 | Event Name: Qatar Cup Semi Final | Sport: Football | Venue: Aspire Zon...
2026-03-26 12:53:01 [INFO]   Record 05: Event ID: EVT8741 | Event Name: Qatar Premier League Match Day 8 | Sport: Athletics | Venu...
2026-03-26 12:53:01 [INFO] ------------------------------------------------------------------
2026-03-26 12:53:01 [INFO] File written successfully.
2026-03-26 12:53:01 [INFO]   Full path : /home/cloudera/mos_qatar_demo_poc/landing/mos_sports_events_20260326_125301.txt
2026-03-26 12:53:01 [INFO]   Size      : 1285 bytes
2026-03-26 12:53:01 [INFO]   Records   : 5
2026-03-26 12:53:01 [INFO] ==================================================================
2026-03-26 12:53:01 [INFO]   Generator Completed Successfully
2026-03-26 12:53:01 [INFO] ==================================================================
