2026-03-26 23:47:01 [INFO] ==================================================================
2026-03-26 23:47:01 [INFO]   MOS Qatar Demo - Sports Data Generator
2026-03-26 23:47:01 [INFO] ==================================================================
2026-03-26 23:47:01 [INFO] Config file   : /home/cloudera/mos_qatar_demo_poc/config/mos_qatar_demo.ini
2026-03-26 23:47:01 [INFO] Landing dir   : /home/cloudera/mos_qatar_demo_poc/landing
2026-03-26 23:47:01 [INFO] Output file   : mos_sports_events_20260326_234701.txt
2026-03-26 23:47:01 [INFO] Records count : 9
2026-03-26 23:47:01 [INFO] ------------------------------------------------------------------
2026-03-26 23:47:01 [INFO]   Record 01: Event ID: EVT2208 | Event Name: Ministry Youth Sports Day | Sport: Football | Venue: Al Ba...
2026-03-26 23:47:01 [INFO]   Record 02: Event ID: EVT5782 | Event Name: MOS Annual Charity Football Gala | Sport: Athletics | Venu...
2026-03-26 23:47:01 [INFO]   Record 03: Event ID: EVT7047 | Event Name: Qatar Premier League Match Day 12 | Sport: Handball | Venu...
2026-03-26 23:47:01 [INFO]   Record 04: Event ID: EVT6496 | Event Name: Asian Qualifiers Warm-up Match | Sport: Football | Venue: ...
2026-03-26 23:47:01 [INFO]   Record 05: Event ID: EVT3885 | Event Name: Gulf Cup Qualifier Round 1 | Sport: Volleyball | Venue: Al...
2026-03-26 23:47:01 [INFO]   Record 06: Event ID: EVT3517 | Event Name: GCC Club Championship Quarter Final | Sport: Athletics | V...
2026-03-26 23:47:01 [INFO]   Record 07: Event ID: EVT9351 | Event Name: Qatar Olympic Training Camp Evaluation | Sport: Football |...
2026-03-26 23:47:01 [INFO]   Record 08: Event ID: EVT4867 | Event Name: GCC Club Championship Semi Final | Sport: Handball | Venue...
2026-03-26 23:47:01 [INFO]   Record 09: Event ID: EVT3000 | Event Name: Gulf Youth Cup Semi Final | Sport: Football | Venue: Lusai...
2026-03-26 23:47:01 [INFO] ------------------------------------------------------------------
2026-03-26 23:47:01 [INFO] File written successfully.
2026-03-26 23:47:01 [INFO]   Full path : /home/cloudera/mos_qatar_demo_poc/landing/mos_sports_events_20260326_234701.txt
2026-03-26 23:47:01 [INFO]   Size      : 2337 bytes
2026-03-26 23:47:01 [INFO]   Records   : 9
2026-03-26 23:47:01 [INFO] ==================================================================
2026-03-26 23:47:01 [INFO]   Generator Completed Successfully
2026-03-26 23:47:01 [INFO] ==================================================================
