2026-03-26 11:05:02 [INFO] ==================================================================
2026-03-26 11:05:02 [INFO]   MOS Qatar Demo - Sports Data Generator
2026-03-26 11:05:02 [INFO] ==================================================================
2026-03-26 11:05:02 [INFO] Config file   : /home/cloudera/mos_qatar_demo_poc/config/mos_qatar_demo.ini
2026-03-26 11:05:02 [INFO] Landing dir   : /home/cloudera/mos_qatar_demo_poc/landing
2026-03-26 11:05:02 [INFO] Output file   : mos_sports_events_20260326_110502.txt
2026-03-26 11:05:02 [INFO] Records count : 5
2026-03-26 11:05:02 [INFO] ------------------------------------------------------------------
2026-03-26 11:05:02 [INFO]   Record 01: Event ID: EVT5845 | Event Name: Ministry Youth Sports Day | Sport: Football | Venue: Al Ba...
2026-03-26 11:05:02 [INFO]   Record 02: Event ID: EVT9765 | Event Name: Gulf Youth Cup Quarter Final | Sport: Swimming | Venue: Ah...
2026-03-26 11:05:02 [INFO]   Record 03: Event ID: EVT2361 | Event Name: Doha Sports Festival Opening Match | Sport: Basketball | V...
2026-03-26 11:05:02 [INFO]   Record 04: Event ID: EVT2230 | Event Name: National Team Preparation Match | Sport: Football | Venue:...
2026-03-26 11:05:02 [INFO]   Record 05: Event ID: EVT4283 | Event Name: Qatar Premier League Match Day 12 | Sport: Basketball | Ve...
2026-03-26 11:05:02 [INFO] ------------------------------------------------------------------
2026-03-26 11:05:02 [INFO] File written successfully.
2026-03-26 11:05:02 [INFO]   Full path : /home/cloudera/mos_qatar_demo_poc/landing/mos_sports_events_20260326_110502.txt
2026-03-26 11:05:02 [INFO]   Size      : 1308 bytes
2026-03-26 11:05:02 [INFO]   Records   : 5
2026-03-26 11:05:02 [INFO] ==================================================================
2026-03-26 11:05:02 [INFO]   Generator Completed Successfully
2026-03-26 11:05:02 [INFO] ==================================================================
