2026-03-27 03:46:02 [INFO] ==================================================================
2026-03-27 03:46:02 [INFO]   MOS Qatar Demo - Sports Data Generator
2026-03-27 03:46:02 [INFO] ==================================================================
2026-03-27 03:46:02 [INFO] Config file   : /home/cloudera/mos_qatar_demo_poc/config/mos_qatar_demo.ini
2026-03-27 03:46:02 [INFO] Landing dir   : /home/cloudera/mos_qatar_demo_poc/landing
2026-03-27 03:46:02 [INFO] Output file   : mos_sports_events_20260327_034602.txt
2026-03-27 03:46:02 [INFO] Records count : 7
2026-03-27 03:46:02 [INFO] ------------------------------------------------------------------
2026-03-27 03:46:02 [INFO]   Record 01: Event ID: EVT3604 | Event Name: Gulf Youth Cup Quarter Final | Sport: Basketball | Venue: ...
2026-03-27 03:46:02 [INFO]   Record 02: Event ID: EVT3882 | Event Name: Doha Sports Festival Opening Match | Sport: Swimming | Ven...
2026-03-27 03:46:02 [INFO]   Record 03: Event ID: EVT3600 | Event Name: Arab Nations Championship Group Stage | Sport: Volleyball ...
2026-03-27 03:46:02 [INFO]   Record 04: Event ID: EVT7846 | Event Name: Qatar Olympic Training Camp Evaluation | Sport: Basketball...
2026-03-27 03:46:02 [INFO]   Record 05: Event ID: EVT2255 | Event Name: Qatar Under-20 Development League | Sport: Football | Venu...
2026-03-27 03:46:02 [INFO]   Record 06: Event ID: EVT7852 | Event Name: Gulf Youth Cup Round 2 | Sport: Basketball | Venue: Al Thu...
2026-03-27 03:46:02 [INFO]   Record 07: Event ID: EVT7740 | Event Name: Ministry Youth Sports Day | Sport: Volleyball | Venue: Edu...
2026-03-27 03:46:02 [INFO] ------------------------------------------------------------------
2026-03-27 03:46:02 [INFO] File written successfully.
2026-03-27 03:46:02 [INFO]   Full path : /home/cloudera/mos_qatar_demo_poc/landing/mos_sports_events_20260327_034602.txt
2026-03-27 03:46:02 [INFO]   Size      : 1850 bytes
2026-03-27 03:46:02 [INFO]   Records   : 7
2026-03-27 03:46:02 [INFO] ==================================================================
2026-03-27 03:46:02 [INFO]   Generator Completed Successfully
2026-03-27 03:46:02 [INFO] ==================================================================
