2026-03-25 14:08:01 [INFO] ==================================================================
2026-03-25 14:08:01 [INFO]   MOS Qatar Demo - Sports Data Generator
2026-03-25 14:08:01 [INFO] ==================================================================
2026-03-25 14:08:01 [INFO] Config file   : /home/cloudera/mos_qatar_demo_poc/config/mos_qatar_demo.ini
2026-03-25 14:08:01 [INFO] Landing dir   : /home/cloudera/mos_qatar_demo_poc/landing
2026-03-25 14:08:01 [INFO] Output file   : mos_sports_events_20260325_140801.txt
2026-03-25 14:08:01 [INFO] Records count : 9
2026-03-25 14:08:01 [INFO] ------------------------------------------------------------------
2026-03-25 14:08:01 [INFO]   Record 01: Event ID: EVT9970 | Event Name: Arab Nations Championship Group Stage | Sport: Basketball ...
2026-03-25 14:08:01 [INFO]   Record 02: Event ID: EVT5640 | Event Name: Qatar Cup Final | Sport: Athletics | Venue: Al Bayt Stadiu...
2026-03-25 14:08:01 [INFO]   Record 03: Event ID: EVT1975 | Event Name: Doha Sports Festival Opening Match | Sport: Football | Ven...
2026-03-25 14:08:01 [INFO]   Record 04: Event ID: EVT1242 | Event Name: FIFA World Cup Qatar Legacy Match | Sport: Athletics | Ven...
2026-03-25 14:08:01 [INFO]   Record 05: Event ID: EVT6685 | Event Name: Gulf Youth Cup Semi Final | Sport: Volleyball | Venue: Qat...
2026-03-25 14:08:01 [INFO]   Record 06: Event ID: EVT9707 | Event Name: Qatar Under-20 Development League | Sport: Athletics | Ven...
2026-03-25 14:08:01 [INFO]   Record 07: Event ID: EVT9865 | Event Name: Qatar Cup Semi Final | Sport: Volleyball | Venue: Lusail S...
2026-03-25 14:08:01 [INFO]   Record 08: Event ID: EVT2668 | Event Name: GCC Club Championship Semi Final | Sport: Basketball | Ven...
2026-03-25 14:08:01 [INFO]   Record 09: Event ID: EVT7677 | Event Name: Qatar Schools Football League | Sport: Handball | Venue: Q...
2026-03-25 14:08:01 [INFO] ------------------------------------------------------------------
2026-03-25 14:08:01 [INFO] File written successfully.
2026-03-25 14:08:01 [INFO]   Full path : /home/cloudera/mos_qatar_demo_poc/landing/mos_sports_events_20260325_140801.txt
2026-03-25 14:08:01 [INFO]   Size      : 2303 bytes
2026-03-25 14:08:01 [INFO]   Records   : 9
2026-03-25 14:08:01 [INFO] ==================================================================
2026-03-25 14:08:01 [INFO]   Generator Completed Successfully
2026-03-25 14:08:01 [INFO] ==================================================================
