2026-03-25 21:09:01 [INFO] ==================================================================
2026-03-25 21:09:01 [INFO]   MOS Qatar Demo - Sports Data Generator
2026-03-25 21:09:01 [INFO] ==================================================================
2026-03-25 21:09:01 [INFO] Config file   : /home/cloudera/mos_qatar_demo_poc/config/mos_qatar_demo.ini
2026-03-25 21:09:01 [INFO] Landing dir   : /home/cloudera/mos_qatar_demo_poc/landing
2026-03-25 21:09:01 [INFO] Output file   : mos_sports_events_20260325_210901.txt
2026-03-25 21:09:01 [INFO] Records count : 5
2026-03-25 21:09:01 [INFO] ------------------------------------------------------------------
2026-03-25 21:09:01 [INFO]   Record 01: Event ID: EVT1014 | Event Name: Qatar Olympic Training Camp Evaluation | Sport: Football |...
2026-03-25 21:09:01 [INFO]   Record 02: Event ID: EVT2612 | Event Name: Qatar Schools Football League | Sport: Football | Venue: L...
2026-03-25 21:09:01 [INFO]   Record 03: Event ID: EVT8138 | Event Name: Gulf Youth Cup Final | Sport: Basketball | Venue: Al Janou...
2026-03-25 21:09:01 [INFO]   Record 04: Event ID: EVT2359 | Event Name: Gulf Youth Cup Final | Sport: Athletics | Venue: Al Bayt S...
2026-03-25 21:09:01 [INFO]   Record 05: Event ID: EVT4559 | Event Name: National Team Preparation Match | Sport: Volleyball | Venu...
2026-03-25 21:09:01 [INFO] ------------------------------------------------------------------
2026-03-25 21:09:01 [INFO] File written successfully.
2026-03-25 21:09:01 [INFO]   Full path : /home/cloudera/mos_qatar_demo_poc/landing/mos_sports_events_20260325_210901.txt
2026-03-25 21:09:01 [INFO]   Size      : 1252 bytes
2026-03-25 21:09:01 [INFO]   Records   : 5
2026-03-25 21:09:01 [INFO] ==================================================================
2026-03-25 21:09:01 [INFO]   Generator Completed Successfully
2026-03-25 21:09:01 [INFO] ==================================================================
