2026-03-25 17:46:01 [INFO] ==================================================================
2026-03-25 17:46:01 [INFO]   MOS Qatar Demo - Sports Data Generator
2026-03-25 17:46:01 [INFO] ==================================================================
2026-03-25 17:46:01 [INFO] Config file   : /home/cloudera/mos_qatar_demo_poc/config/mos_qatar_demo.ini
2026-03-25 17:46:01 [INFO] Landing dir   : /home/cloudera/mos_qatar_demo_poc/landing
2026-03-25 17:46:01 [INFO] Output file   : mos_sports_events_20260325_174601.txt
2026-03-25 17:46:01 [INFO] Records count : 8
2026-03-25 17:46:01 [INFO] ------------------------------------------------------------------
2026-03-25 17:46:01 [INFO]   Record 01: Event ID: EVT3193 | Event Name: Gulf Youth Cup Quarter Final | Sport: Athletics | Venue: K...
2026-03-25 17:46:01 [INFO]   Record 02: Event ID: EVT2267 | Event Name: Qatar Cup Semi Final | Sport: Football | Venue: Al Thumama...
2026-03-25 17:46:01 [INFO]   Record 03: Event ID: EVT8518 | Event Name: GCC Club Championship Final | Sport: Football | Venue: Al ...
2026-03-25 17:46:01 [INFO]   Record 04: Event ID: EVT1087 | Event Name: Qatar Olympic Training Camp Evaluation | Sport: Handball |...
2026-03-25 17:46:01 [INFO]   Record 05: Event ID: EVT8760 | Event Name: Arab Nations Championship Semi Final | Sport: Volleyball |...
2026-03-25 17:46:01 [INFO]   Record 06: Event ID: EVT8536 | Event Name: GCC Club Championship Quarter Final | Sport: Football | Ve...
2026-03-25 17:46:01 [INFO]   Record 07: Event ID: EVT5940 | Event Name: Qatar Premier League Match Day 8 | Sport: Football | Venue...
2026-03-25 17:46:01 [INFO]   Record 08: Event ID: EVT2418 | Event Name: Doha Sports Festival Opening Match | Sport: Football | Ven...
2026-03-25 17:46:01 [INFO] ------------------------------------------------------------------
2026-03-25 17:46:01 [INFO] File written successfully.
2026-03-25 17:46:01 [INFO]   Full path : /home/cloudera/mos_qatar_demo_poc/landing/mos_sports_events_20260325_174601.txt
2026-03-25 17:46:01 [INFO]   Size      : 2062 bytes
2026-03-25 17:46:01 [INFO]   Records   : 8
2026-03-25 17:46:01 [INFO] ==================================================================
2026-03-25 17:46:01 [INFO]   Generator Completed Successfully
2026-03-25 17:46:01 [INFO] ==================================================================
