2026-03-25 15:47:02 [INFO] ==================================================================
2026-03-25 15:47:02 [INFO]   MOS Qatar Demo - Sports Data Generator
2026-03-25 15:47:02 [INFO] ==================================================================
2026-03-25 15:47:02 [INFO] Config file   : /home/cloudera/mos_qatar_demo_poc/config/mos_qatar_demo.ini
2026-03-25 15:47:02 [INFO] Landing dir   : /home/cloudera/mos_qatar_demo_poc/landing
2026-03-25 15:47:02 [INFO] Output file   : mos_sports_events_20260325_154702.txt
2026-03-25 15:47:02 [INFO] Records count : 10
2026-03-25 15:47:02 [INFO] ------------------------------------------------------------------
2026-03-25 15:47:02 [INFO]   Record 01: Event ID: EVT4034 | Event Name: Qatar Premier League Match Day 8 | Sport: Athletics | Venu...
2026-03-25 15:47:02 [INFO]   Record 02: Event ID: EVT6285 | Event Name: Arab Nations Championship Semi Final | Sport: Football | V...
2026-03-25 15:47:02 [INFO]   Record 03: Event ID: EVT2596 | Event Name: GCC Club Championship Quarter Final | Sport: Football | Ve...
2026-03-25 15:47:02 [INFO]   Record 04: Event ID: EVT3973 | Event Name: Ministry Invitational Friendly Tournament | Sport: Footbal...
2026-03-25 15:47:02 [INFO]   Record 05: Event ID: EVT3184 | Event Name: Qatar Premier League Match Day 8 | Sport: Football | Venue...
2026-03-25 15:47:02 [INFO]   Record 06: Event ID: EVT8410 | Event Name: MOS Annual Charity Football Gala | Sport: Football | Venue...
2026-03-25 15:47:02 [INFO]   Record 07: Event ID: EVT7194 | Event Name: Arab Nations Championship Semi Final | Sport: Swimming | V...
2026-03-25 15:47:02 [INFO]   Record 08: Event ID: EVT5577 | Event Name: Doha Sports Festival Opening Match | Sport: Football | Ven...
2026-03-25 15:47:02 [INFO]   Record 09: Event ID: EVT7272 | Event Name: Ministry Invitational Friendly Tournament | Sport: Footbal...
2026-03-25 15:47:02 [INFO]   Record 10: Event ID: EVT8267 | Event Name: GCC Club Championship Final | Sport: Athletics | Venue: Al...
2026-03-25 15:47:02 [INFO] ------------------------------------------------------------------
2026-03-25 15:47:02 [INFO] File written successfully.
2026-03-25 15:47:02 [INFO]   Full path : /home/cloudera/mos_qatar_demo_poc/landing/mos_sports_events_20260325_154702.txt
2026-03-25 15:47:02 [INFO]   Size      : 2650 bytes
2026-03-25 15:47:02 [INFO]   Records   : 10
2026-03-25 15:47:02 [INFO] ==================================================================
2026-03-25 15:47:02 [INFO]   Generator Completed Successfully
2026-03-25 15:47:02 [INFO] ==================================================================
