2026-03-26 12:16:01 [INFO] ==================================================================
2026-03-26 12:16:01 [INFO]   MOS Qatar Demo - Sports Data Generator
2026-03-26 12:16:01 [INFO] ==================================================================
2026-03-26 12:16:01 [INFO] Config file   : /home/cloudera/mos_qatar_demo_poc/config/mos_qatar_demo.ini
2026-03-26 12:16:01 [INFO] Landing dir   : /home/cloudera/mos_qatar_demo_poc/landing
2026-03-26 12:16:01 [INFO] Output file   : mos_sports_events_20260326_121601.txt
2026-03-26 12:16:01 [INFO] Records count : 5
2026-03-26 12:16:01 [INFO] ------------------------------------------------------------------
2026-03-26 12:16:01 [INFO]   Record 01: Event ID: EVT6884 | Event Name: Asian Qualifiers Warm-up Match | Sport: Athletics | Venue:...
2026-03-26 12:16:01 [INFO]   Record 02: Event ID: EVT3115 | Event Name: Qatar Cup Final | Sport: Athletics | Venue: Khalifa Intern...
2026-03-26 12:16:01 [INFO]   Record 03: Event ID: EVT9328 | Event Name: Ramadan Football Festival | Sport: Football | Venue: Lusai...
2026-03-26 12:16:01 [INFO]   Record 04: Event ID: EVT7968 | Event Name: Ministry Invitational Friendly Tournament | Sport: Swimmin...
2026-03-26 12:16:01 [INFO]   Record 05: Event ID: EVT5472 | Event Name: Qatar Schools Football League | Sport: Football | Venue: L...
2026-03-26 12:16:01 [INFO] ------------------------------------------------------------------
2026-03-26 12:16:01 [INFO] File written successfully.
2026-03-26 12:16:01 [INFO]   Full path : /home/cloudera/mos_qatar_demo_poc/landing/mos_sports_events_20260326_121601.txt
2026-03-26 12:16:01 [INFO]   Size      : 1277 bytes
2026-03-26 12:16:01 [INFO]   Records   : 5
2026-03-26 12:16:01 [INFO] ==================================================================
2026-03-26 12:16:01 [INFO]   Generator Completed Successfully
2026-03-26 12:16:01 [INFO] ==================================================================
