2026-03-24 19:45:02 [INFO] ==================================================================
2026-03-24 19:45:02 [INFO]   MOS Qatar Demo - Sports Data Generator
2026-03-24 19:45:02 [INFO] ==================================================================
2026-03-24 19:45:02 [INFO] Config file   : /home/cloudera/mos_qatar_demo_poc/config/mos_qatar_demo.ini
2026-03-24 19:45:02 [INFO] Landing dir   : /home/cloudera/mos_qatar_demo_poc/landing
2026-03-24 19:45:02 [INFO] Output file   : mos_sports_events_20260324_194502.txt
2026-03-24 19:45:02 [INFO] Records count : 8
2026-03-24 19:45:02 [INFO] ------------------------------------------------------------------
2026-03-24 19:45:02 [INFO]   Record 01: Event ID: EVT9837 | Event Name: Gulf Cup Qualifier Round 1 | Sport: Football | Venue: Khal...
2026-03-24 19:45:02 [INFO]   Record 02: Event ID: EVT5190 | Event Name: Arab Nations Championship Semi Final | Sport: Athletics | ...
2026-03-24 19:45:02 [INFO]   Record 03: Event ID: EVT1887 | Event Name: FIFA World Cup Qatar Legacy Match | Sport: Football | Venu...
2026-03-24 19:45:02 [INFO]   Record 04: Event ID: EVT1625 | Event Name: Ministry Youth Sports Day | Sport: Football | Venue: Aspir...
2026-03-24 19:45:02 [INFO]   Record 05: Event ID: EVT1570 | Event Name: Arab Nations Championship Group Stage | Sport: Swimming | ...
2026-03-24 19:45:02 [INFO]   Record 06: Event ID: EVT8954 | Event Name: Gulf Youth Cup Final | Sport: Handball | Venue: Al Wakrah ...
2026-03-24 19:45:02 [INFO]   Record 07: Event ID: EVT6243 | Event Name: Qatar Olympic Training Camp Evaluation | Sport: Athletics ...
2026-03-24 19:45:02 [INFO]   Record 08: Event ID: EVT8084 | Event Name: Gulf Youth Cup Semi Final | Sport: Swimming | Venue: Aspir...
2026-03-24 19:45:02 [INFO] ------------------------------------------------------------------
2026-03-24 19:45:02 [INFO] File written successfully.
2026-03-24 19:45:02 [INFO]   Full path : /home/cloudera/mos_qatar_demo_poc/landing/mos_sports_events_20260324_194502.txt
2026-03-24 19:45:02 [INFO]   Size      : 2074 bytes
2026-03-24 19:45:02 [INFO]   Records   : 8
2026-03-24 19:45:02 [INFO] ==================================================================
2026-03-24 19:45:02 [INFO]   Generator Completed Successfully
2026-03-24 19:45:02 [INFO] ==================================================================
