2026-03-26 07:22:02 [INFO] ==================================================================
2026-03-26 07:22:02 [INFO]   MOS Qatar Demo - Sports Data Generator
2026-03-26 07:22:02 [INFO] ==================================================================
2026-03-26 07:22:02 [INFO] Config file   : /home/cloudera/mos_qatar_demo_poc/config/mos_qatar_demo.ini
2026-03-26 07:22:02 [INFO] Landing dir   : /home/cloudera/mos_qatar_demo_poc/landing
2026-03-26 07:22:02 [INFO] Output file   : mos_sports_events_20260326_072202.txt
2026-03-26 07:22:02 [INFO] Records count : 10
2026-03-26 07:22:02 [INFO] ------------------------------------------------------------------
2026-03-26 07:22:02 [INFO]   Record 01: Event ID: EVT5151 | Event Name: Gulf Cup Qualifier Round 1 | Sport: Swimming | Venue: Aspi...
2026-03-26 07:22:02 [INFO]   Record 02: Event ID: EVT1682 | Event Name: Qatar Olympic Training Camp Evaluation | Sport: Handball |...
2026-03-26 07:22:02 [INFO]   Record 03: Event ID: EVT4258 | Event Name: Qatar Olympic Training Camp Evaluation | Sport: Athletics ...
2026-03-26 07:22:02 [INFO]   Record 04: Event ID: EVT5493 | Event Name: Gulf Cup Qualifier Round 1 | Sport: Football | Venue: Al W...
2026-03-26 07:22:02 [INFO]   Record 05: Event ID: EVT1112 | Event Name: Asian Qualifiers Warm-up Match | Sport: Swimming | Venue: ...
2026-03-26 07:22:02 [INFO]   Record 06: Event ID: EVT7302 | Event Name: Doha Sports Festival Opening Match | Sport: Football | Ven...
2026-03-26 07:22:02 [INFO]   Record 07: Event ID: EVT2695 | Event Name: FIFA World Cup Qatar Legacy Match | Sport: Football | Venu...
2026-03-26 07:22:02 [INFO]   Record 08: Event ID: EVT2207 | Event Name: Ramadan Football Festival | Sport: Basketball | Venue: Al ...
2026-03-26 07:22:02 [INFO]   Record 09: Event ID: EVT8183 | Event Name: Qatar Premier League Match Day 12 | Sport: Football | Venu...
2026-03-26 07:22:02 [INFO]   Record 10: Event ID: EVT3692 | Event Name: Qatar Premier League Match Day 12 | Sport: Basketball | Ve...
2026-03-26 07:22:02 [INFO] ------------------------------------------------------------------
2026-03-26 07:22:02 [INFO] File written successfully.
2026-03-26 07:22:02 [INFO]   Full path : /home/cloudera/mos_qatar_demo_poc/landing/mos_sports_events_20260326_072202.txt
2026-03-26 07:22:02 [INFO]   Size      : 2634 bytes
2026-03-26 07:22:02 [INFO]   Records   : 10
2026-03-26 07:22:02 [INFO] ==================================================================
2026-03-26 07:22:02 [INFO]   Generator Completed Successfully
2026-03-26 07:22:02 [INFO] ==================================================================
