2026-03-26 12:15:01 [INFO] ==================================================================
2026-03-26 12:15:01 [INFO]   MOS Qatar Demo - Sports Data Generator
2026-03-26 12:15:01 [INFO] ==================================================================
2026-03-26 12:15:01 [INFO] Config file   : /home/cloudera/mos_qatar_demo_poc/config/mos_qatar_demo.ini
2026-03-26 12:15:01 [INFO] Landing dir   : /home/cloudera/mos_qatar_demo_poc/landing
2026-03-26 12:15:01 [INFO] Output file   : mos_sports_events_20260326_121501.txt
2026-03-26 12:15:01 [INFO] Records count : 7
2026-03-26 12:15:01 [INFO] ------------------------------------------------------------------
2026-03-26 12:15:01 [INFO]   Record 01: Event ID: EVT7989 | Event Name: Qatar Premier League Match Day 5 | Sport: Football | Venue...
2026-03-26 12:15:01 [INFO]   Record 02: Event ID: EVT4957 | Event Name: Arab Nations Championship Semi Final | Sport: Athletics | ...
2026-03-26 12:15:01 [INFO]   Record 03: Event ID: EVT8673 | Event Name: Arab Nations Championship Semi Final | Sport: Basketball |...
2026-03-26 12:15:01 [INFO]   Record 04: Event ID: EVT6737 | Event Name: Qatar Premier League Match Day 8 | Sport: Football | Venue...
2026-03-26 12:15:01 [INFO]   Record 05: Event ID: EVT1566 | Event Name: Qatar Olympic Training Camp Evaluation | Sport: Swimming |...
2026-03-26 12:15:01 [INFO]   Record 06: Event ID: EVT4889 | Event Name: Qatar Schools Football League | Sport: Football | Venue: A...
2026-03-26 12:15:01 [INFO]   Record 07: Event ID: EVT9635 | Event Name: National Day Football Celebration | Sport: Football | Venu...
2026-03-26 12:15:01 [INFO] ------------------------------------------------------------------
2026-03-26 12:15:01 [INFO] File written successfully.
2026-03-26 12:15:01 [INFO]   Full path : /home/cloudera/mos_qatar_demo_poc/landing/mos_sports_events_20260326_121501.txt
2026-03-26 12:15:01 [INFO]   Size      : 1842 bytes
2026-03-26 12:15:01 [INFO]   Records   : 7
2026-03-26 12:15:01 [INFO] ==================================================================
2026-03-26 12:15:01 [INFO]   Generator Completed Successfully
2026-03-26 12:15:01 [INFO] ==================================================================
