2026-03-26 23:31:01 [INFO] ==================================================================
2026-03-26 23:31:01 [INFO]   MOS Qatar Demo - Sports Data Generator
2026-03-26 23:31:01 [INFO] ==================================================================
2026-03-26 23:31:01 [INFO] Config file   : /home/cloudera/mos_qatar_demo_poc/config/mos_qatar_demo.ini
2026-03-26 23:31:01 [INFO] Landing dir   : /home/cloudera/mos_qatar_demo_poc/landing
2026-03-26 23:31:01 [INFO] Output file   : mos_sports_events_20260326_233101.txt
2026-03-26 23:31:01 [INFO] Records count : 8
2026-03-26 23:31:01 [INFO] ------------------------------------------------------------------
2026-03-26 23:31:01 [INFO]   Record 01: Event ID: EVT9232 | Event Name: Qatar Schools Football League | Sport: Football | Venue: A...
2026-03-26 23:31:01 [INFO]   Record 02: Event ID: EVT8600 | Event Name: Qatar Cup Final | Sport: Athletics | Venue: Al Thumama Sta...
2026-03-26 23:31:01 [INFO]   Record 03: Event ID: EVT8501 | Event Name: National Team Preparation Match | Sport: Football | Venue:...
2026-03-26 23:31:01 [INFO]   Record 04: Event ID: EVT9236 | Event Name: MOS Annual Charity Football Gala | Sport: Football | Venue...
2026-03-26 23:31:01 [INFO]   Record 05: Event ID: EVT7084 | Event Name: Arab Nations Championship Group Stage | Sport: Football | ...
2026-03-26 23:31:01 [INFO]   Record 06: Event ID: EVT6326 | Event Name: Gulf Youth Cup Semi Final | Sport: Handball | Venue: Lusai...
2026-03-26 23:31:01 [INFO]   Record 07: Event ID: EVT4080 | Event Name: Qatar Schools Football League | Sport: Football | Venue: L...
2026-03-26 23:31:01 [INFO]   Record 08: Event ID: EVT4629 | Event Name: Gulf Youth Cup Final | Sport: Football | Venue: Al Bayt St...
2026-03-26 23:31:01 [INFO] ------------------------------------------------------------------
2026-03-26 23:31:01 [INFO] File written successfully.
2026-03-26 23:31:01 [INFO]   Full path : /home/cloudera/mos_qatar_demo_poc/landing/mos_sports_events_20260326_233101.txt
2026-03-26 23:31:01 [INFO]   Size      : 2045 bytes
2026-03-26 23:31:01 [INFO]   Records   : 8
2026-03-26 23:31:01 [INFO] ==================================================================
2026-03-26 23:31:01 [INFO]   Generator Completed Successfully
2026-03-26 23:31:01 [INFO] ==================================================================
