2026-03-26 14:11:02 [INFO] ==================================================================
2026-03-26 14:11:02 [INFO]   MOS Qatar Demo - Sports Data Generator
2026-03-26 14:11:02 [INFO] ==================================================================
2026-03-26 14:11:02 [INFO] Config file   : /home/cloudera/mos_qatar_demo_poc/config/mos_qatar_demo.ini
2026-03-26 14:11:02 [INFO] Landing dir   : /home/cloudera/mos_qatar_demo_poc/landing
2026-03-26 14:11:02 [INFO] Output file   : mos_sports_events_20260326_141102.txt
2026-03-26 14:11:02 [INFO] Records count : 5
2026-03-26 14:11:02 [INFO] ------------------------------------------------------------------
2026-03-26 14:11:02 [INFO]   Record 01: Event ID: EVT1721 | Event Name: Ministry Youth Sports Day | Sport: Football | Venue: Al Ja...
2026-03-26 14:11:02 [INFO]   Record 02: Event ID: EVT8218 | Event Name: GCC Club Championship Semi Final | Sport: Football | Venue...
2026-03-26 14:11:02 [INFO]   Record 03: Event ID: EVT2381 | Event Name: Ramadan Football Festival | Sport: Swimming | Venue: Lusai...
2026-03-26 14:11:02 [INFO]   Record 04: Event ID: EVT6939 | Event Name: Qatar Premier League Match Day 12 | Sport: Football | Venu...
2026-03-26 14:11:02 [INFO]   Record 05: Event ID: EVT1536 | Event Name: GCC Club Championship Quarter Final | Sport: Football | Ve...
2026-03-26 14:11:02 [INFO] ------------------------------------------------------------------
2026-03-26 14:11:02 [INFO] File written successfully.
2026-03-26 14:11:02 [INFO]   Full path : /home/cloudera/mos_qatar_demo_poc/landing/mos_sports_events_20260326_141102.txt
2026-03-26 14:11:02 [INFO]   Size      : 1308 bytes
2026-03-26 14:11:02 [INFO]   Records   : 5
2026-03-26 14:11:02 [INFO] ==================================================================
2026-03-26 14:11:02 [INFO]   Generator Completed Successfully
2026-03-26 14:11:02 [INFO] ==================================================================
