2026-03-25 14:12:01 [INFO] ==================================================================
2026-03-25 14:12:01 [INFO]   MOS Qatar Demo - Sports Data Generator
2026-03-25 14:12:01 [INFO] ==================================================================
2026-03-25 14:12:01 [INFO] Config file   : /home/cloudera/mos_qatar_demo_poc/config/mos_qatar_demo.ini
2026-03-25 14:12:01 [INFO] Landing dir   : /home/cloudera/mos_qatar_demo_poc/landing
2026-03-25 14:12:01 [INFO] Output file   : mos_sports_events_20260325_141201.txt
2026-03-25 14:12:01 [INFO] Records count : 7
2026-03-25 14:12:01 [INFO] ------------------------------------------------------------------
2026-03-25 14:12:01 [INFO]   Record 01: Event ID: EVT9488 | Event Name: Qatar Premier League Match Day 8 | Sport: Football | Venue...
2026-03-25 14:12:01 [INFO]   Record 02: Event ID: EVT1095 | Event Name: National Day Football Celebration | Sport: Football | Venu...
2026-03-25 14:12:01 [INFO]   Record 03: Event ID: EVT4312 | Event Name: Qatar Premier League Match Day 5 | Sport: Football | Venue...
2026-03-25 14:12:01 [INFO]   Record 04: Event ID: EVT7895 | Event Name: Ministry Youth Sports Day | Sport: Football | Venue: Al Ja...
2026-03-25 14:12:01 [INFO]   Record 05: Event ID: EVT4181 | Event Name: Arab Nations Championship Group Stage | Sport: Basketball ...
2026-03-25 14:12:01 [INFO]   Record 06: Event ID: EVT4844 | Event Name: Asian Qualifiers Warm-up Match | Sport: Football | Venue: ...
2026-03-25 14:12:01 [INFO]   Record 07: Event ID: EVT1889 | Event Name: National Team Preparation Match | Sport: Athletics | Venue...
2026-03-25 14:12:01 [INFO] ------------------------------------------------------------------
2026-03-25 14:12:01 [INFO] File written successfully.
2026-03-25 14:12:01 [INFO]   Full path : /home/cloudera/mos_qatar_demo_poc/landing/mos_sports_events_20260325_141201.txt
2026-03-25 14:12:01 [INFO]   Size      : 1820 bytes
2026-03-25 14:12:01 [INFO]   Records   : 7
2026-03-25 14:12:01 [INFO] ==================================================================
2026-03-25 14:12:01 [INFO]   Generator Completed Successfully
2026-03-25 14:12:01 [INFO] ==================================================================
