2026-03-27 00:12:02 [INFO] ==================================================================
2026-03-27 00:12:02 [INFO]   MOS Qatar Demo - Sports Data Generator
2026-03-27 00:12:02 [INFO] ==================================================================
2026-03-27 00:12:02 [INFO] Config file   : /home/cloudera/mos_qatar_demo_poc/config/mos_qatar_demo.ini
2026-03-27 00:12:02 [INFO] Landing dir   : /home/cloudera/mos_qatar_demo_poc/landing
2026-03-27 00:12:02 [INFO] Output file   : mos_sports_events_20260327_001202.txt
2026-03-27 00:12:02 [INFO] Records count : 8
2026-03-27 00:12:02 [INFO] ------------------------------------------------------------------
2026-03-27 00:12:02 [INFO]   Record 01: Event ID: EVT9293 | Event Name: Qatar Premier League Match Day 8 | Sport: Football | Venue...
2026-03-27 00:12:02 [INFO]   Record 02: Event ID: EVT3005 | Event Name: Qatar Premier League Match Day 5 | Sport: Swimming | Venue...
2026-03-27 00:12:02 [INFO]   Record 03: Event ID: EVT6645 | Event Name: Gulf Youth Cup Final | Sport: Swimming | Venue: Lusail Sta...
2026-03-27 00:12:02 [INFO]   Record 04: Event ID: EVT8217 | Event Name: Asian Qualifiers Warm-up Match | Sport: Football | Venue: ...
2026-03-27 00:12:02 [INFO]   Record 05: Event ID: EVT8245 | Event Name: Qatar Premier League Match Day 5 | Sport: Football | Venue...
2026-03-27 00:12:02 [INFO]   Record 06: Event ID: EVT8988 | Event Name: Arab Nations Championship Semi Final | Sport: Football | V...
2026-03-27 00:12:02 [INFO]   Record 07: Event ID: EVT2267 | Event Name: Asian Qualifiers Warm-up Match | Sport: Football | Venue: ...
2026-03-27 00:12:02 [INFO]   Record 08: Event ID: EVT8310 | Event Name: National Day Football Celebration | Sport: Football | Venu...
2026-03-27 00:12:02 [INFO] ------------------------------------------------------------------
2026-03-27 00:12:02 [INFO] File written successfully.
2026-03-27 00:12:02 [INFO]   Full path : /home/cloudera/mos_qatar_demo_poc/landing/mos_sports_events_20260327_001202.txt
2026-03-27 00:12:02 [INFO]   Size      : 2051 bytes
2026-03-27 00:12:02 [INFO]   Records   : 8
2026-03-27 00:12:02 [INFO] ==================================================================
2026-03-27 00:12:02 [INFO]   Generator Completed Successfully
2026-03-27 00:12:02 [INFO] ==================================================================
