2026-03-25 07:38:01 [INFO] ==================================================================
2026-03-25 07:38:01 [INFO]   MOS Qatar Demo - Sports Data Generator
2026-03-25 07:38:01 [INFO] ==================================================================
2026-03-25 07:38:01 [INFO] Config file   : /home/cloudera/mos_qatar_demo_poc/config/mos_qatar_demo.ini
2026-03-25 07:38:01 [INFO] Landing dir   : /home/cloudera/mos_qatar_demo_poc/landing
2026-03-25 07:38:01 [INFO] Output file   : mos_sports_events_20260325_073801.txt
2026-03-25 07:38:01 [INFO] Records count : 4
2026-03-25 07:38:01 [INFO] ------------------------------------------------------------------
2026-03-25 07:38:01 [INFO]   Record 01: Event ID: EVT5887 | Event Name: Arab Nations Championship Semi Final | Sport: Swimming | V...
2026-03-25 07:38:01 [INFO]   Record 02: Event ID: EVT4601 | Event Name: MOS Annual Charity Football Gala | Sport: Swimming | Venue...
2026-03-25 07:38:01 [INFO]   Record 03: Event ID: EVT6756 | Event Name: Ministry Youth Sports Day | Sport: Basketball | Venue: Ahm...
2026-03-25 07:38:01 [INFO]   Record 04: Event ID: EVT6034 | Event Name: Qatar Schools Football League | Sport: Basketball | Venue:...
2026-03-25 07:38:01 [INFO] ------------------------------------------------------------------
2026-03-25 07:38:01 [INFO] File written successfully.
2026-03-25 07:38:01 [INFO]   Full path : /home/cloudera/mos_qatar_demo_poc/landing/mos_sports_events_20260325_073801.txt
2026-03-25 07:38:01 [INFO]   Size      : 1031 bytes
2026-03-25 07:38:01 [INFO]   Records   : 4
2026-03-25 07:38:01 [INFO] ==================================================================
2026-03-25 07:38:01 [INFO]   Generator Completed Successfully
2026-03-25 07:38:01 [INFO] ==================================================================
