2026-03-25 22:00:02 [INFO] ==================================================================
2026-03-25 22:00:02 [INFO]   MOS Qatar Demo - Sports Data Generator
2026-03-25 22:00:02 [INFO] ==================================================================
2026-03-25 22:00:02 [INFO] Config file   : /home/cloudera/mos_qatar_demo_poc/config/mos_qatar_demo.ini
2026-03-25 22:00:02 [INFO] Landing dir   : /home/cloudera/mos_qatar_demo_poc/landing
2026-03-25 22:00:02 [INFO] Output file   : mos_sports_events_20260325_220002.txt
2026-03-25 22:00:02 [INFO] Records count : 4
2026-03-25 22:00:02 [INFO] ------------------------------------------------------------------
2026-03-25 22:00:02 [INFO]   Record 01: Event ID: EVT1301 | Event Name: Qatar Schools Football League | Sport: Football | Venue: Q...
2026-03-25 22:00:02 [INFO]   Record 02: Event ID: EVT6561 | Event Name: Qatar Schools Football League | Sport: Swimming | Venue: A...
2026-03-25 22:00:02 [INFO]   Record 03: Event ID: EVT6832 | Event Name: Ministry Youth Sports Day | Sport: Volleyball | Venue: Al ...
2026-03-25 22:00:02 [INFO]   Record 04: Event ID: EVT5576 | Event Name: Doha Sports Festival Opening Match | Sport: Football | Ven...
2026-03-25 22:00:02 [INFO] ------------------------------------------------------------------
2026-03-25 22:00:02 [INFO] File written successfully.
2026-03-25 22:00:02 [INFO]   Full path : /home/cloudera/mos_qatar_demo_poc/landing/mos_sports_events_20260325_220002.txt
2026-03-25 22:00:02 [INFO]   Size      : 1045 bytes
2026-03-25 22:00:02 [INFO]   Records   : 4
2026-03-25 22:00:02 [INFO] ==================================================================
2026-03-25 22:00:02 [INFO]   Generator Completed Successfully
2026-03-25 22:00:02 [INFO] ==================================================================
