2026-03-25 07:24:01 [INFO] ==================================================================
2026-03-25 07:24:01 [INFO]   MOS Qatar Demo - Sports Data Generator
2026-03-25 07:24:01 [INFO] ==================================================================
2026-03-25 07:24:01 [INFO] Config file   : /home/cloudera/mos_qatar_demo_poc/config/mos_qatar_demo.ini
2026-03-25 07:24:01 [INFO] Landing dir   : /home/cloudera/mos_qatar_demo_poc/landing
2026-03-25 07:24:01 [INFO] Output file   : mos_sports_events_20260325_072401.txt
2026-03-25 07:24:01 [INFO] Records count : 8
2026-03-25 07:24:01 [INFO] ------------------------------------------------------------------
2026-03-25 07:24:01 [INFO]   Record 01: Event ID: EVT2817 | Event Name: Gulf Cup Qualifier Round 1 | Sport: Athletics | Venue: Qat...
2026-03-25 07:24:01 [INFO]   Record 02: Event ID: EVT1404 | Event Name: Gulf Youth Cup Quarter Final | Sport: Basketball | Venue: ...
2026-03-25 07:24:01 [INFO]   Record 03: Event ID: EVT2807 | Event Name: GCC Club Championship Quarter Final | Sport: Volleyball | ...
2026-03-25 07:24:01 [INFO]   Record 04: Event ID: EVT1584 | Event Name: Qatar Under-20 Development League | Sport: Football | Venu...
2026-03-25 07:24:01 [INFO]   Record 05: Event ID: EVT3760 | Event Name: Doha Sports Festival Opening Match | Sport: Volleyball | V...
2026-03-25 07:24:01 [INFO]   Record 06: Event ID: EVT5309 | Event Name: Asian Qualifiers Warm-up Match | Sport: Football | Venue: ...
2026-03-25 07:24:01 [INFO]   Record 07: Event ID: EVT9841 | Event Name: Arab Nations Championship Semi Final | Sport: Football | V...
2026-03-25 07:24:01 [INFO]   Record 08: Event ID: EVT9227 | Event Name: Arab Nations Championship Group Stage | Sport: Swimming | ...
2026-03-25 07:24:01 [INFO] ------------------------------------------------------------------
2026-03-25 07:24:01 [INFO] File written successfully.
2026-03-25 07:24:01 [INFO]   Full path : /home/cloudera/mos_qatar_demo_poc/landing/mos_sports_events_20260325_072401.txt
2026-03-25 07:24:01 [INFO]   Size      : 2094 bytes
2026-03-25 07:24:01 [INFO]   Records   : 8
2026-03-25 07:24:01 [INFO] ==================================================================
2026-03-25 07:24:01 [INFO]   Generator Completed Successfully
2026-03-25 07:24:01 [INFO] ==================================================================
