2026-03-27 23:05:01 [INFO] ==================================================================
2026-03-27 23:05:01 [INFO]   MOS Qatar Demo - Sports Data Generator
2026-03-27 23:05:01 [INFO] ==================================================================
2026-03-27 23:05:01 [INFO] Config file   : /home/cloudera/mos_qatar_demo_poc/config/mos_qatar_demo.ini
2026-03-27 23:05:01 [INFO] Landing dir   : /home/cloudera/mos_qatar_demo_poc/landing
2026-03-27 23:05:01 [INFO] Output file   : mos_sports_events_20260327_230501.txt
2026-03-27 23:05:01 [INFO] Records count : 6
2026-03-27 23:05:01 [INFO] ------------------------------------------------------------------
2026-03-27 23:05:01 [INFO]   Record 01: Event ID: EVT2133 | Event Name: FIFA World Cup Qatar Legacy Match | Sport: Swimming | Venu...
2026-03-27 23:05:01 [INFO]   Record 02: Event ID: EVT2464 | Event Name: GCC Club Championship Final | Sport: Handball | Venue: Asp...
2026-03-27 23:05:01 [INFO]   Record 03: Event ID: EVT7844 | Event Name: Ministry Youth Sports Day | Sport: Volleyball | Venue: Al ...
2026-03-27 23:05:01 [INFO]   Record 04: Event ID: EVT2585 | Event Name: Gulf Youth Cup Quarter Final | Sport: Swimming | Venue: Ah...
2026-03-27 23:05:01 [INFO]   Record 05: Event ID: EVT8017 | Event Name: Ramadan Football Festival | Sport: Football | Venue: Lusai...
2026-03-27 23:05:01 [INFO]   Record 06: Event ID: EVT6673 | Event Name: Ramadan Football Festival | Sport: Football | Venue: Qatar...
2026-03-27 23:05:01 [INFO] ------------------------------------------------------------------
2026-03-27 23:05:01 [INFO] File written successfully.
2026-03-27 23:05:01 [INFO]   Full path : /home/cloudera/mos_qatar_demo_poc/landing/mos_sports_events_20260327_230501.txt
2026-03-27 23:05:01 [INFO]   Size      : 1506 bytes
2026-03-27 23:05:01 [INFO]   Records   : 6
2026-03-27 23:05:01 [INFO] ==================================================================
2026-03-27 23:05:01 [INFO]   Generator Completed Successfully
2026-03-27 23:05:01 [INFO] ==================================================================
