2026-03-27 07:14:02 [INFO] ==================================================================
2026-03-27 07:14:02 [INFO]   MOS Qatar Demo - Sports Data Generator
2026-03-27 07:14:02 [INFO] ==================================================================
2026-03-27 07:14:02 [INFO] Config file   : /home/cloudera/mos_qatar_demo_poc/config/mos_qatar_demo.ini
2026-03-27 07:14:02 [INFO] Landing dir   : /home/cloudera/mos_qatar_demo_poc/landing
2026-03-27 07:14:02 [INFO] Output file   : mos_sports_events_20260327_071402.txt
2026-03-27 07:14:02 [INFO] Records count : 6
2026-03-27 07:14:02 [INFO] ------------------------------------------------------------------
2026-03-27 07:14:02 [INFO]   Record 01: Event ID: EVT2228 | Event Name: Gulf Cup Qualifier Round 1 | Sport: Football | Venue: Ahma...
2026-03-27 07:14:02 [INFO]   Record 02: Event ID: EVT2645 | Event Name: Qatar Cup Semi Final | Sport: Volleyball | Venue: Al Janou...
2026-03-27 07:14:02 [INFO]   Record 03: Event ID: EVT5171 | Event Name: Gulf Youth Cup Final | Sport: Basketball | Venue: Aspire Z...
2026-03-27 07:14:02 [INFO]   Record 04: Event ID: EVT4288 | Event Name: Qatar Schools Football League | Sport: Football | Venue: A...
2026-03-27 07:14:02 [INFO]   Record 05: Event ID: EVT4016 | Event Name: Qatar Premier League Match Day 12 | Sport: Football | Venu...
2026-03-27 07:14:02 [INFO]   Record 06: Event ID: EVT6311 | Event Name: Doha Sports Festival Opening Match | Sport: Football | Ven...
2026-03-27 07:14:02 [INFO] ------------------------------------------------------------------
2026-03-27 07:14:02 [INFO] File written successfully.
2026-03-27 07:14:02 [INFO]   Full path : /home/cloudera/mos_qatar_demo_poc/landing/mos_sports_events_20260327_071402.txt
2026-03-27 07:14:02 [INFO]   Size      : 1536 bytes
2026-03-27 07:14:02 [INFO]   Records   : 6
2026-03-27 07:14:02 [INFO] ==================================================================
2026-03-27 07:14:02 [INFO]   Generator Completed Successfully
2026-03-27 07:14:02 [INFO] ==================================================================
