2026-03-26 11:14:01 [INFO] ==================================================================
2026-03-26 11:14:01 [INFO]   MOS Qatar Demo - Sports Data Generator
2026-03-26 11:14:01 [INFO] ==================================================================
2026-03-26 11:14:01 [INFO] Config file   : /home/cloudera/mos_qatar_demo_poc/config/mos_qatar_demo.ini
2026-03-26 11:14:01 [INFO] Landing dir   : /home/cloudera/mos_qatar_demo_poc/landing
2026-03-26 11:14:01 [INFO] Output file   : mos_sports_events_20260326_111401.txt
2026-03-26 11:14:01 [INFO] Records count : 6
2026-03-26 11:14:01 [INFO] ------------------------------------------------------------------
2026-03-26 11:14:01 [INFO]   Record 01: Event ID: EVT7778 | Event Name: Qatar Olympic Training Camp Evaluation | Sport: Athletics ...
2026-03-26 11:14:01 [INFO]   Record 02: Event ID: EVT6441 | Event Name: Qatar Premier League Match Day 8 | Sport: Handball | Venue...
2026-03-26 11:14:01 [INFO]   Record 03: Event ID: EVT5481 | Event Name: FIFA World Cup Qatar Legacy Match | Sport: Football | Venu...
2026-03-26 11:14:01 [INFO]   Record 04: Event ID: EVT7295 | Event Name: Arab Nations Championship Group Stage | Sport: Football | ...
2026-03-26 11:14:01 [INFO]   Record 05: Event ID: EVT2684 | Event Name: Ministry Invitational Friendly Tournament | Sport: Footbal...
2026-03-26 11:14:01 [INFO]   Record 06: Event ID: EVT8841 | Event Name: National Team Preparation Match | Sport: Football | Venue:...
2026-03-26 11:14:01 [INFO] ------------------------------------------------------------------
2026-03-26 11:14:01 [INFO] File written successfully.
2026-03-26 11:14:01 [INFO]   Full path : /home/cloudera/mos_qatar_demo_poc/landing/mos_sports_events_20260326_111401.txt
2026-03-26 11:14:01 [INFO]   Size      : 1621 bytes
2026-03-26 11:14:01 [INFO]   Records   : 6
2026-03-26 11:14:01 [INFO] ==================================================================
2026-03-26 11:14:01 [INFO]   Generator Completed Successfully
2026-03-26 11:14:01 [INFO] ==================================================================
