2026-03-25 17:14:01 [INFO] ==================================================================
2026-03-25 17:14:01 [INFO]   MOS Qatar Demo - Sports Data Generator
2026-03-25 17:14:01 [INFO] ==================================================================
2026-03-25 17:14:01 [INFO] Config file   : /home/cloudera/mos_qatar_demo_poc/config/mos_qatar_demo.ini
2026-03-25 17:14:01 [INFO] Landing dir   : /home/cloudera/mos_qatar_demo_poc/landing
2026-03-25 17:14:01 [INFO] Output file   : mos_sports_events_20260325_171401.txt
2026-03-25 17:14:01 [INFO] Records count : 4
2026-03-25 17:14:01 [INFO] ------------------------------------------------------------------
2026-03-25 17:14:01 [INFO]   Record 01: Event ID: EVT2276 | Event Name: Doha Sports Festival Opening Match | Sport: Swimming | Ven...
2026-03-25 17:14:01 [INFO]   Record 02: Event ID: EVT6340 | Event Name: Qatar Premier League Match Day 5 | Sport: Athletics | Venu...
2026-03-25 17:14:01 [INFO]   Record 03: Event ID: EVT2343 | Event Name: Gulf Youth Cup Round 1 | Sport: Football | Venue: Aspire Z...
2026-03-25 17:14:01 [INFO]   Record 04: Event ID: EVT3927 | Event Name: Doha Sports Festival Opening Match | Sport: Football | Ven...
2026-03-25 17:14:01 [INFO] ------------------------------------------------------------------
2026-03-25 17:14:01 [INFO] File written successfully.
2026-03-25 17:14:01 [INFO]   Full path : /home/cloudera/mos_qatar_demo_poc/landing/mos_sports_events_20260325_171401.txt
2026-03-25 17:14:01 [INFO]   Size      : 1020 bytes
2026-03-25 17:14:01 [INFO]   Records   : 4
2026-03-25 17:14:01 [INFO] ==================================================================
2026-03-25 17:14:01 [INFO]   Generator Completed Successfully
2026-03-25 17:14:01 [INFO] ==================================================================
