2026-03-26 21:27:02 [INFO] ==================================================================
2026-03-26 21:27:02 [INFO]   MOS Qatar Demo - Sports Data Generator
2026-03-26 21:27:02 [INFO] ==================================================================
2026-03-26 21:27:02 [INFO] Config file   : /home/cloudera/mos_qatar_demo_poc/config/mos_qatar_demo.ini
2026-03-26 21:27:02 [INFO] Landing dir   : /home/cloudera/mos_qatar_demo_poc/landing
2026-03-26 21:27:02 [INFO] Output file   : mos_sports_events_20260326_212702.txt
2026-03-26 21:27:02 [INFO] Records count : 8
2026-03-26 21:27:02 [INFO] ------------------------------------------------------------------
2026-03-26 21:27:02 [INFO]   Record 01: Event ID: EVT6068 | Event Name: Qatar Under-20 Development League | Sport: Football | Venu...
2026-03-26 21:27:02 [INFO]   Record 02: Event ID: EVT4725 | Event Name: Qatar Premier League Match Day 8 | Sport: Football | Venue...
2026-03-26 21:27:02 [INFO]   Record 03: Event ID: EVT6797 | Event Name: Ramadan Football Festival | Sport: Football | Venue: Lusai...
2026-03-26 21:27:02 [INFO]   Record 04: Event ID: EVT7779 | Event Name: National Team Preparation Match | Sport: Football | Venue:...
2026-03-26 21:27:02 [INFO]   Record 05: Event ID: EVT9735 | Event Name: Gulf Youth Cup Final | Sport: Football | Venue: Ahmad Bin ...
2026-03-26 21:27:02 [INFO]   Record 06: Event ID: EVT1404 | Event Name: Arab Nations Championship Group Stage | Sport: Athletics |...
2026-03-26 21:27:02 [INFO]   Record 07: Event ID: EVT4802 | Event Name: GCC Club Championship Final | Sport: Football | Venue: Al ...
2026-03-26 21:27:02 [INFO]   Record 08: Event ID: EVT4617 | Event Name: Asian Qualifiers Warm-up Match | Sport: Football | Venue: ...
2026-03-26 21:27:02 [INFO] ------------------------------------------------------------------
2026-03-26 21:27:02 [INFO] File written successfully.
2026-03-26 21:27:02 [INFO]   Full path : /home/cloudera/mos_qatar_demo_poc/landing/mos_sports_events_20260326_212702.txt
2026-03-26 21:27:02 [INFO]   Size      : 2063 bytes
2026-03-26 21:27:02 [INFO]   Records   : 8
2026-03-26 21:27:02 [INFO] ==================================================================
2026-03-26 21:27:02 [INFO]   Generator Completed Successfully
2026-03-26 21:27:02 [INFO] ==================================================================
