2026-03-25 02:37:02 [INFO] ==================================================================
2026-03-25 02:37:02 [INFO]   MOS Qatar Demo - Sports Data Generator
2026-03-25 02:37:02 [INFO] ==================================================================
2026-03-25 02:37:02 [INFO] Config file   : /home/cloudera/mos_qatar_demo_poc/config/mos_qatar_demo.ini
2026-03-25 02:37:02 [INFO] Landing dir   : /home/cloudera/mos_qatar_demo_poc/landing
2026-03-25 02:37:02 [INFO] Output file   : mos_sports_events_20260325_023702.txt
2026-03-25 02:37:02 [INFO] Records count : 9
2026-03-25 02:37:02 [INFO] ------------------------------------------------------------------
2026-03-25 02:37:02 [INFO]   Record 01: Event ID: EVT2815 | Event Name: National Day Football Celebration | Sport: Football | Venu...
2026-03-25 02:37:02 [INFO]   Record 02: Event ID: EVT3494 | Event Name: FIFA World Cup Qatar Legacy Match | Sport: Athletics | Ven...
2026-03-25 02:37:02 [INFO]   Record 03: Event ID: EVT8696 | Event Name: Doha Sports Festival Opening Match | Sport: Football | Ven...
2026-03-25 02:37:02 [INFO]   Record 04: Event ID: EVT7374 | Event Name: Qatar Cup Final | Sport: Athletics | Venue: Al Thumama Sta...
2026-03-25 02:37:02 [INFO]   Record 05: Event ID: EVT6926 | Event Name: National Day Football Celebration | Sport: Basketball | Ve...
2026-03-25 02:37:02 [INFO]   Record 06: Event ID: EVT7838 | Event Name: Qatar Premier League Match Day 12 | Sport: Football | Venu...
2026-03-25 02:37:02 [INFO]   Record 07: Event ID: EVT7993 | Event Name: Ministry Invitational Friendly Tournament | Sport: Footbal...
2026-03-25 02:37:02 [INFO]   Record 08: Event ID: EVT5883 | Event Name: Qatar Premier League Match Day 8 | Sport: Football | Venue...
2026-03-25 02:37:02 [INFO]   Record 09: Event ID: EVT2662 | Event Name: National Team Preparation Match | Sport: Handball | Venue:...
2026-03-25 02:37:02 [INFO] ------------------------------------------------------------------
2026-03-25 02:37:02 [INFO] File written successfully.
2026-03-25 02:37:02 [INFO]   Full path : /home/cloudera/mos_qatar_demo_poc/landing/mos_sports_events_20260325_023702.txt
2026-03-25 02:37:02 [INFO]   Size      : 2322 bytes
2026-03-25 02:37:02 [INFO]   Records   : 9
2026-03-25 02:37:02 [INFO] ==================================================================
2026-03-25 02:37:02 [INFO]   Generator Completed Successfully
2026-03-25 02:37:02 [INFO] ==================================================================
