2026-03-26 03:15:01 [INFO] ==================================================================
2026-03-26 03:15:01 [INFO]   MOS Qatar Demo - Sports Data Generator
2026-03-26 03:15:01 [INFO] ==================================================================
2026-03-26 03:15:01 [INFO] Config file   : /home/cloudera/mos_qatar_demo_poc/config/mos_qatar_demo.ini
2026-03-26 03:15:01 [INFO] Landing dir   : /home/cloudera/mos_qatar_demo_poc/landing
2026-03-26 03:15:01 [INFO] Output file   : mos_sports_events_20260326_031501.txt
2026-03-26 03:15:01 [INFO] Records count : 8
2026-03-26 03:15:01 [INFO] ------------------------------------------------------------------
2026-03-26 03:15:01 [INFO]   Record 01: Event ID: EVT6942 | Event Name: National Team Preparation Match | Sport: Athletics | Venue...
2026-03-26 03:15:01 [INFO]   Record 02: Event ID: EVT8462 | Event Name: MOS Annual Charity Football Gala | Sport: Basketball | Ven...
2026-03-26 03:15:01 [INFO]   Record 03: Event ID: EVT1811 | Event Name: FIFA World Cup Qatar Legacy Match | Sport: Football | Venu...
2026-03-26 03:15:01 [INFO]   Record 04: Event ID: EVT6052 | Event Name: Qatar Olympic Training Camp Evaluation | Sport: Volleyball...
2026-03-26 03:15:01 [INFO]   Record 05: Event ID: EVT1252 | Event Name: Qatar Cup Final | Sport: Handball | Venue: Al Janoub Stadi...
2026-03-26 03:15:01 [INFO]   Record 06: Event ID: EVT8607 | Event Name: Qatar Cup Semi Final | Sport: Volleyball | Venue: Ahmad Bi...
2026-03-26 03:15:01 [INFO]   Record 07: Event ID: EVT9712 | Event Name: Asian Qualifiers Warm-up Match | Sport: Athletics | Venue:...
2026-03-26 03:15:01 [INFO]   Record 08: Event ID: EVT7046 | Event Name: GCC Club Championship Semi Final | Sport: Football | Venue...
2026-03-26 03:15:01 [INFO] ------------------------------------------------------------------
2026-03-26 03:15:01 [INFO] File written successfully.
2026-03-26 03:15:01 [INFO]   Full path : /home/cloudera/mos_qatar_demo_poc/landing/mos_sports_events_20260326_031501.txt
2026-03-26 03:15:01 [INFO]   Size      : 2095 bytes
2026-03-26 03:15:01 [INFO]   Records   : 8
2026-03-26 03:15:01 [INFO] ==================================================================
2026-03-26 03:15:01 [INFO]   Generator Completed Successfully
2026-03-26 03:15:01 [INFO] ==================================================================
