2026-03-27 01:19:02 [INFO] ==================================================================
2026-03-27 01:19:02 [INFO]   MOS Qatar Demo - Sports Data Generator
2026-03-27 01:19:02 [INFO] ==================================================================
2026-03-27 01:19:02 [INFO] Config file   : /home/cloudera/mos_qatar_demo_poc/config/mos_qatar_demo.ini
2026-03-27 01:19:02 [INFO] Landing dir   : /home/cloudera/mos_qatar_demo_poc/landing
2026-03-27 01:19:02 [INFO] Output file   : mos_sports_events_20260327_011902.txt
2026-03-27 01:19:02 [INFO] Records count : 4
2026-03-27 01:19:02 [INFO] ------------------------------------------------------------------
2026-03-27 01:19:02 [INFO]   Record 01: Event ID: EVT8959 | Event Name: Qatar Premier League Match Day 5 | Sport: Football | Venue...
2026-03-27 01:19:02 [INFO]   Record 02: Event ID: EVT3888 | Event Name: Qatar Schools Football League | Sport: Football | Venue: K...
2026-03-27 01:19:02 [INFO]   Record 03: Event ID: EVT5735 | Event Name: Arab Nations Championship Group Stage | Sport: Basketball ...
2026-03-27 01:19:02 [INFO]   Record 04: Event ID: EVT1171 | Event Name: Qatar Premier League Match Day 8 | Sport: Athletics | Venu...
2026-03-27 01:19:02 [INFO] ------------------------------------------------------------------
2026-03-27 01:19:02 [INFO] File written successfully.
2026-03-27 01:19:02 [INFO]   Full path : /home/cloudera/mos_qatar_demo_poc/landing/mos_sports_events_20260327_011902.txt
2026-03-27 01:19:02 [INFO]   Size      : 1033 bytes
2026-03-27 01:19:02 [INFO]   Records   : 4
2026-03-27 01:19:02 [INFO] ==================================================================
2026-03-27 01:19:02 [INFO]   Generator Completed Successfully
2026-03-27 01:19:02 [INFO] ==================================================================
