2026-03-27 03:20:01 [INFO] ==================================================================
2026-03-27 03:20:01 [INFO]   MOS Qatar Demo - Sports Data Generator
2026-03-27 03:20:01 [INFO] ==================================================================
2026-03-27 03:20:01 [INFO] Config file   : /home/cloudera/mos_qatar_demo_poc/config/mos_qatar_demo.ini
2026-03-27 03:20:01 [INFO] Landing dir   : /home/cloudera/mos_qatar_demo_poc/landing
2026-03-27 03:20:01 [INFO] Output file   : mos_sports_events_20260327_032001.txt
2026-03-27 03:20:01 [INFO] Records count : 9
2026-03-27 03:20:01 [INFO] ------------------------------------------------------------------
2026-03-27 03:20:01 [INFO]   Record 01: Event ID: EVT9362 | Event Name: GCC Club Championship Final | Sport: Football | Venue: Al ...
2026-03-27 03:20:01 [INFO]   Record 02: Event ID: EVT7758 | Event Name: FIFA World Cup Qatar Legacy Match | Sport: Football | Venu...
2026-03-27 03:20:01 [INFO]   Record 03: Event ID: EVT9580 | Event Name: Qatar Schools Football League | Sport: Swimming | Venue: E...
2026-03-27 03:20:01 [INFO]   Record 04: Event ID: EVT5540 | Event Name: Gulf Youth Cup Round 1 | Sport: Football | Venue: Khalifa ...
2026-03-27 03:20:01 [INFO]   Record 05: Event ID: EVT4917 | Event Name: National Team Preparation Match | Sport: Football | Venue:...
2026-03-27 03:20:01 [INFO]   Record 06: Event ID: EVT6890 | Event Name: Gulf Youth Cup Round 1 | Sport: Football | Venue: Educatio...
2026-03-27 03:20:01 [INFO]   Record 07: Event ID: EVT9735 | Event Name: Arab Nations Championship Group Stage | Sport: Athletics |...
2026-03-27 03:20:01 [INFO]   Record 08: Event ID: EVT6898 | Event Name: GCC Club Championship Quarter Final | Sport: Football | Ve...
2026-03-27 03:20:01 [INFO]   Record 09: Event ID: EVT4233 | Event Name: National Team Preparation Match | Sport: Football | Venue:...
2026-03-27 03:20:01 [INFO] ------------------------------------------------------------------
2026-03-27 03:20:01 [INFO] File written successfully.
2026-03-27 03:20:01 [INFO]   Full path : /home/cloudera/mos_qatar_demo_poc/landing/mos_sports_events_20260327_032001.txt
2026-03-27 03:20:01 [INFO]   Size      : 2351 bytes
2026-03-27 03:20:01 [INFO]   Records   : 9
2026-03-27 03:20:01 [INFO] ==================================================================
2026-03-27 03:20:01 [INFO]   Generator Completed Successfully
2026-03-27 03:20:01 [INFO] ==================================================================
