2026-03-27 07:02:01 [INFO] ==================================================================
2026-03-27 07:02:01 [INFO]   MOS Qatar Demo - Sports Data Generator
2026-03-27 07:02:01 [INFO] ==================================================================
2026-03-27 07:02:01 [INFO] Config file   : /home/cloudera/mos_qatar_demo_poc/config/mos_qatar_demo.ini
2026-03-27 07:02:01 [INFO] Landing dir   : /home/cloudera/mos_qatar_demo_poc/landing
2026-03-27 07:02:01 [INFO] Output file   : mos_sports_events_20260327_070201.txt
2026-03-27 07:02:01 [INFO] Records count : 9
2026-03-27 07:02:01 [INFO] ------------------------------------------------------------------
2026-03-27 07:02:01 [INFO]   Record 01: Event ID: EVT9829 | Event Name: GCC Club Championship Quarter Final | Sport: Basketball | ...
2026-03-27 07:02:01 [INFO]   Record 02: Event ID: EVT7859 | Event Name: GCC Club Championship Semi Final | Sport: Football | Venue...
2026-03-27 07:02:01 [INFO]   Record 03: Event ID: EVT2847 | Event Name: National Team Preparation Match | Sport: Athletics | Venue...
2026-03-27 07:02:01 [INFO]   Record 04: Event ID: EVT7127 | Event Name: Qatar Premier League Match Day 5 | Sport: Volleyball | Ven...
2026-03-27 07:02:01 [INFO]   Record 05: Event ID: EVT4651 | Event Name: Arab Nations Championship Group Stage | Sport: Football | ...
2026-03-27 07:02:01 [INFO]   Record 06: Event ID: EVT4180 | Event Name: Gulf Youth Cup Quarter Final | Sport: Football | Venue: Ah...
2026-03-27 07:02:01 [INFO]   Record 07: Event ID: EVT5951 | Event Name: Qatar Cup Final | Sport: Football | Venue: Al Janoub Stadi...
2026-03-27 07:02:01 [INFO]   Record 08: Event ID: EVT4716 | Event Name: MOS Annual Charity Football Gala | Sport: Football | Venue...
2026-03-27 07:02:01 [INFO]   Record 09: Event ID: EVT9348 | Event Name: GCC Club Championship Quarter Final | Sport: Athletics | V...
2026-03-27 07:02:01 [INFO] ------------------------------------------------------------------
2026-03-27 07:02:01 [INFO] File written successfully.
2026-03-27 07:02:01 [INFO]   Full path : /home/cloudera/mos_qatar_demo_poc/landing/mos_sports_events_20260327_070201.txt
2026-03-27 07:02:01 [INFO]   Size      : 2316 bytes
2026-03-27 07:02:01 [INFO]   Records   : 9
2026-03-27 07:02:01 [INFO] ==================================================================
2026-03-27 07:02:01 [INFO]   Generator Completed Successfully
2026-03-27 07:02:01 [INFO] ==================================================================
