2026-03-26 18:21:02 [INFO] ==================================================================
2026-03-26 18:21:02 [INFO]   MOS Qatar Demo - Sports Data Generator
2026-03-26 18:21:02 [INFO] ==================================================================
2026-03-26 18:21:02 [INFO] Config file   : /home/cloudera/mos_qatar_demo_poc/config/mos_qatar_demo.ini
2026-03-26 18:21:02 [INFO] Landing dir   : /home/cloudera/mos_qatar_demo_poc/landing
2026-03-26 18:21:02 [INFO] Output file   : mos_sports_events_20260326_182102.txt
2026-03-26 18:21:02 [INFO] Records count : 6
2026-03-26 18:21:02 [INFO] ------------------------------------------------------------------
2026-03-26 18:21:02 [INFO]   Record 01: Event ID: EVT7368 | Event Name: Arab Nations Championship Group Stage | Sport: Swimming | ...
2026-03-26 18:21:02 [INFO]   Record 02: Event ID: EVT1845 | Event Name: FIFA World Cup Qatar Legacy Match | Sport: Football | Venu...
2026-03-26 18:21:02 [INFO]   Record 03: Event ID: EVT5426 | Event Name: Gulf Youth Cup Semi Final | Sport: Football | Venue: Khali...
2026-03-26 18:21:02 [INFO]   Record 04: Event ID: EVT8543 | Event Name: Qatar Premier League Match Day 12 | Sport: Football | Venu...
2026-03-26 18:21:02 [INFO]   Record 05: Event ID: EVT8393 | Event Name: Ministry Youth Sports Day | Sport: Athletics | Venue: Al J...
2026-03-26 18:21:02 [INFO]   Record 06: Event ID: EVT5975 | Event Name: Gulf Youth Cup Quarter Final | Sport: Football | Venue: Al...
2026-03-26 18:21:02 [INFO] ------------------------------------------------------------------
2026-03-26 18:21:02 [INFO] File written successfully.
2026-03-26 18:21:02 [INFO]   Full path : /home/cloudera/mos_qatar_demo_poc/landing/mos_sports_events_20260326_182102.txt
2026-03-26 18:21:02 [INFO]   Size      : 1570 bytes
2026-03-26 18:21:02 [INFO]   Records   : 6
2026-03-26 18:21:02 [INFO] ==================================================================
2026-03-26 18:21:02 [INFO]   Generator Completed Successfully
2026-03-26 18:21:02 [INFO] ==================================================================
