2026-03-25 22:18:01 [INFO] ==================================================================
2026-03-25 22:18:01 [INFO]   MOS Qatar Demo - Sports Data Generator
2026-03-25 22:18:01 [INFO] ==================================================================
2026-03-25 22:18:01 [INFO] Config file   : /home/cloudera/mos_qatar_demo_poc/config/mos_qatar_demo.ini
2026-03-25 22:18:01 [INFO] Landing dir   : /home/cloudera/mos_qatar_demo_poc/landing
2026-03-25 22:18:01 [INFO] Output file   : mos_sports_events_20260325_221801.txt
2026-03-25 22:18:01 [INFO] Records count : 4
2026-03-25 22:18:01 [INFO] ------------------------------------------------------------------
2026-03-25 22:18:01 [INFO]   Record 01: Event ID: EVT6922 | Event Name: MOS Annual Charity Football Gala | Sport: Football | Venue...
2026-03-25 22:18:01 [INFO]   Record 02: Event ID: EVT5212 | Event Name: MOS Annual Charity Football Gala | Sport: Athletics | Venu...
2026-03-25 22:18:01 [INFO]   Record 03: Event ID: EVT1154 | Event Name: Qatar Cup Semi Final | Sport: Football | Venue: Qatar Spor...
2026-03-25 22:18:01 [INFO]   Record 04: Event ID: EVT4375 | Event Name: Gulf Youth Cup Final | Sport: Volleyball | Venue: Khalifa ...
2026-03-25 22:18:01 [INFO] ------------------------------------------------------------------
2026-03-25 22:18:01 [INFO] File written successfully.
2026-03-25 22:18:01 [INFO]   Full path : /home/cloudera/mos_qatar_demo_poc/landing/mos_sports_events_20260325_221801.txt
2026-03-25 22:18:01 [INFO]   Size      : 1017 bytes
2026-03-25 22:18:01 [INFO]   Records   : 4
2026-03-25 22:18:01 [INFO] ==================================================================
2026-03-25 22:18:01 [INFO]   Generator Completed Successfully
2026-03-25 22:18:01 [INFO] ==================================================================
