2026-03-27 18:48:01 [INFO] ==================================================================
2026-03-27 18:48:01 [INFO]   MOS Qatar Demo - Sports Data Generator
2026-03-27 18:48:01 [INFO] ==================================================================
2026-03-27 18:48:01 [INFO] Config file   : /home/cloudera/mos_qatar_demo_poc/config/mos_qatar_demo.ini
2026-03-27 18:48:01 [INFO] Landing dir   : /home/cloudera/mos_qatar_demo_poc/landing
2026-03-27 18:48:01 [INFO] Output file   : mos_sports_events_20260327_184801.txt
2026-03-27 18:48:01 [INFO] Records count : 10
2026-03-27 18:48:01 [INFO] ------------------------------------------------------------------
2026-03-27 18:48:01 [INFO]   Record 01: Event ID: EVT2533 | Event Name: Arab Nations Championship Group Stage | Sport: Football | ...
2026-03-27 18:48:01 [INFO]   Record 02: Event ID: EVT5836 | Event Name: National Day Football Celebration | Sport: Volleyball | Ve...
2026-03-27 18:48:01 [INFO]   Record 03: Event ID: EVT7318 | Event Name: GCC Club Championship Semi Final | Sport: Football | Venue...
2026-03-27 18:48:01 [INFO]   Record 04: Event ID: EVT5274 | Event Name: Arab Nations Championship Group Stage | Sport: Athletics |...
2026-03-27 18:48:01 [INFO]   Record 05: Event ID: EVT5686 | Event Name: Arab Nations Championship Group Stage | Sport: Football | ...
2026-03-27 18:48:01 [INFO]   Record 06: Event ID: EVT8499 | Event Name: Qatar Under-20 Development League | Sport: Football | Venu...
2026-03-27 18:48:01 [INFO]   Record 07: Event ID: EVT7922 | Event Name: Gulf Youth Cup Final | Sport: Football | Venue: Qatar Spor...
2026-03-27 18:48:01 [INFO]   Record 08: Event ID: EVT6956 | Event Name: Gulf Youth Cup Semi Final | Sport: Basketball | Venue: Asp...
2026-03-27 18:48:01 [INFO]   Record 09: Event ID: EVT8606 | Event Name: Gulf Youth Cup Quarter Final | Sport: Swimming | Venue: Ah...
2026-03-27 18:48:01 [INFO]   Record 10: Event ID: EVT6606 | Event Name: Arab Nations Championship Group Stage | Sport: Volleyball ...
2026-03-27 18:48:01 [INFO] ------------------------------------------------------------------
2026-03-27 18:48:01 [INFO] File written successfully.
2026-03-27 18:48:01 [INFO]   Full path : /home/cloudera/mos_qatar_demo_poc/landing/mos_sports_events_20260327_184801.txt
2026-03-27 18:48:01 [INFO]   Size      : 2621 bytes
2026-03-27 18:48:01 [INFO]   Records   : 10
2026-03-27 18:48:01 [INFO] ==================================================================
2026-03-27 18:48:01 [INFO]   Generator Completed Successfully
2026-03-27 18:48:01 [INFO] ==================================================================
