2026-03-27 05:17:02 [INFO] ==================================================================
2026-03-27 05:17:02 [INFO]   MOS Qatar Demo - Sports Data Generator
2026-03-27 05:17:02 [INFO] ==================================================================
2026-03-27 05:17:02 [INFO] Config file   : /home/cloudera/mos_qatar_demo_poc/config/mos_qatar_demo.ini
2026-03-27 05:17:02 [INFO] Landing dir   : /home/cloudera/mos_qatar_demo_poc/landing
2026-03-27 05:17:02 [INFO] Output file   : mos_sports_events_20260327_051702.txt
2026-03-27 05:17:02 [INFO] Records count : 4
2026-03-27 05:17:02 [INFO] ------------------------------------------------------------------
2026-03-27 05:17:02 [INFO]   Record 01: Event ID: EVT8430 | Event Name: Gulf Youth Cup Final | Sport: Football | Venue: Education ...
2026-03-27 05:17:02 [INFO]   Record 02: Event ID: EVT2628 | Event Name: Gulf Youth Cup Round 2 | Sport: Football | Venue: Khalifa ...
2026-03-27 05:17:02 [INFO]   Record 03: Event ID: EVT5528 | Event Name: National Day Football Celebration | Sport: Football | Venu...
2026-03-27 05:17:02 [INFO]   Record 04: Event ID: EVT4889 | Event Name: MOS Annual Charity Football Gala | Sport: Athletics | Venu...
2026-03-27 05:17:02 [INFO] ------------------------------------------------------------------
2026-03-27 05:17:02 [INFO] File written successfully.
2026-03-27 05:17:02 [INFO]   Full path : /home/cloudera/mos_qatar_demo_poc/landing/mos_sports_events_20260327_051702.txt
2026-03-27 05:17:02 [INFO]   Size      : 1005 bytes
2026-03-27 05:17:02 [INFO]   Records   : 4
2026-03-27 05:17:02 [INFO] ==================================================================
2026-03-27 05:17:02 [INFO]   Generator Completed Successfully
2026-03-27 05:17:02 [INFO] ==================================================================
