2026-03-26 10:36:02 [INFO] ==================================================================
2026-03-26 10:36:02 [INFO]   MOS Qatar Demo - Sports Data Generator
2026-03-26 10:36:02 [INFO] ==================================================================
2026-03-26 10:36:02 [INFO] Config file   : /home/cloudera/mos_qatar_demo_poc/config/mos_qatar_demo.ini
2026-03-26 10:36:02 [INFO] Landing dir   : /home/cloudera/mos_qatar_demo_poc/landing
2026-03-26 10:36:02 [INFO] Output file   : mos_sports_events_20260326_103602.txt
2026-03-26 10:36:02 [INFO] Records count : 7
2026-03-26 10:36:02 [INFO] ------------------------------------------------------------------
2026-03-26 10:36:02 [INFO]   Record 01: Event ID: EVT5232 | Event Name: Arab Nations Championship Semi Final | Sport: Handball | V...
2026-03-26 10:36:02 [INFO]   Record 02: Event ID: EVT8174 | Event Name: MOS Annual Charity Football Gala | Sport: Football | Venue...
2026-03-26 10:36:02 [INFO]   Record 03: Event ID: EVT7387 | Event Name: Gulf Youth Cup Round 1 | Sport: Athletics | Venue: Lusail ...
2026-03-26 10:36:02 [INFO]   Record 04: Event ID: EVT2002 | Event Name: Qatar Under-20 Development League | Sport: Football | Venu...
2026-03-26 10:36:02 [INFO]   Record 05: Event ID: EVT5151 | Event Name: Qatar Premier League Match Day 5 | Sport: Volleyball | Ven...
2026-03-26 10:36:02 [INFO]   Record 06: Event ID: EVT1247 | Event Name: Qatar Cup Final | Sport: Athletics | Venue: Education City...
2026-03-26 10:36:02 [INFO]   Record 07: Event ID: EVT7229 | Event Name: Arab Nations Championship Semi Final | Sport: Athletics | ...
2026-03-26 10:36:02 [INFO] ------------------------------------------------------------------
2026-03-26 10:36:02 [INFO] File written successfully.
2026-03-26 10:36:02 [INFO]   Full path : /home/cloudera/mos_qatar_demo_poc/landing/mos_sports_events_20260326_103602.txt
2026-03-26 10:36:02 [INFO]   Size      : 1833 bytes
2026-03-26 10:36:02 [INFO]   Records   : 7
2026-03-26 10:36:02 [INFO] ==================================================================
2026-03-26 10:36:02 [INFO]   Generator Completed Successfully
2026-03-26 10:36:02 [INFO] ==================================================================
