2026-03-26 09:28:01 [INFO] ==================================================================
2026-03-26 09:28:01 [INFO]   MOS Qatar Demo - Sports Data Generator
2026-03-26 09:28:01 [INFO] ==================================================================
2026-03-26 09:28:01 [INFO] Config file   : /home/cloudera/mos_qatar_demo_poc/config/mos_qatar_demo.ini
2026-03-26 09:28:01 [INFO] Landing dir   : /home/cloudera/mos_qatar_demo_poc/landing
2026-03-26 09:28:01 [INFO] Output file   : mos_sports_events_20260326_092801.txt
2026-03-26 09:28:01 [INFO] Records count : 9
2026-03-26 09:28:01 [INFO] ------------------------------------------------------------------
2026-03-26 09:28:01 [INFO]   Record 01: Event ID: EVT2083 | Event Name: Gulf Youth Cup Round 1 | Sport: Basketball | Venue: Lusail...
2026-03-26 09:28:01 [INFO]   Record 02: Event ID: EVT1399 | Event Name: Asian Qualifiers Warm-up Match | Sport: Football | Venue: ...
2026-03-26 09:28:01 [INFO]   Record 03: Event ID: EVT8382 | Event Name: Qatar Under-20 Development League | Sport: Handball | Venu...
2026-03-26 09:28:01 [INFO]   Record 04: Event ID: EVT2333 | Event Name: Ramadan Football Festival | Sport: Football | Venue: Lusai...
2026-03-26 09:28:01 [INFO]   Record 05: Event ID: EVT3083 | Event Name: Gulf Youth Cup Final | Sport: Volleyball | Venue: Al Wakra...
2026-03-26 09:28:01 [INFO]   Record 06: Event ID: EVT2382 | Event Name: National Team Preparation Match | Sport: Football | Venue:...
2026-03-26 09:28:01 [INFO]   Record 07: Event ID: EVT3337 | Event Name: Gulf Youth Cup Final | Sport: Football | Venue: Al Janoub ...
2026-03-26 09:28:01 [INFO]   Record 08: Event ID: EVT5729 | Event Name: Arab Nations Championship Semi Final | Sport: Handball | V...
2026-03-26 09:28:01 [INFO]   Record 09: Event ID: EVT1883 | Event Name: Gulf Youth Cup Semi Final | Sport: Swimming | Venue: Aspir...
2026-03-26 09:28:01 [INFO] ------------------------------------------------------------------
2026-03-26 09:28:01 [INFO] File written successfully.
2026-03-26 09:28:01 [INFO]   Full path : /home/cloudera/mos_qatar_demo_poc/landing/mos_sports_events_20260326_092801.txt
2026-03-26 09:28:01 [INFO]   Size      : 2312 bytes
2026-03-26 09:28:01 [INFO]   Records   : 9
2026-03-26 09:28:01 [INFO] ==================================================================
2026-03-26 09:28:01 [INFO]   Generator Completed Successfully
2026-03-26 09:28:01 [INFO] ==================================================================
