2026-03-26 20:57:01 [INFO] ==================================================================
2026-03-26 20:57:01 [INFO]   MOS Qatar Demo - Sports Data Generator
2026-03-26 20:57:01 [INFO] ==================================================================
2026-03-26 20:57:01 [INFO] Config file   : /home/cloudera/mos_qatar_demo_poc/config/mos_qatar_demo.ini
2026-03-26 20:57:01 [INFO] Landing dir   : /home/cloudera/mos_qatar_demo_poc/landing
2026-03-26 20:57:01 [INFO] Output file   : mos_sports_events_20260326_205701.txt
2026-03-26 20:57:01 [INFO] Records count : 9
2026-03-26 20:57:01 [INFO] ------------------------------------------------------------------
2026-03-26 20:57:01 [INFO]   Record 01: Event ID: EVT9272 | Event Name: GCC Club Championship Final | Sport: Football | Venue: Ahm...
2026-03-26 20:57:01 [INFO]   Record 02: Event ID: EVT8650 | Event Name: Qatar Cup Semi Final | Sport: Swimming | Venue: Al Janoub ...
2026-03-26 20:57:01 [INFO]   Record 03: Event ID: EVT6769 | Event Name: Gulf Youth Cup Final | Sport: Football | Venue: Education ...
2026-03-26 20:57:01 [INFO]   Record 04: Event ID: EVT9534 | Event Name: Qatar Cup Semi Final | Sport: Football | Venue: Al Bayt St...
2026-03-26 20:57:01 [INFO]   Record 05: Event ID: EVT8901 | Event Name: Qatar Schools Football League | Sport: Athletics | Venue: ...
2026-03-26 20:57:01 [INFO]   Record 06: Event ID: EVT4117 | Event Name: FIFA World Cup Qatar Legacy Match | Sport: Football | Venu...
2026-03-26 20:57:01 [INFO]   Record 07: Event ID: EVT7218 | Event Name: Gulf Youth Cup Semi Final | Sport: Football | Venue: Al Th...
2026-03-26 20:57:01 [INFO]   Record 08: Event ID: EVT8005 | Event Name: Qatar Premier League Match Day 8 | Sport: Football | Venue...
2026-03-26 20:57:01 [INFO]   Record 09: Event ID: EVT4376 | Event Name: Qatar Premier League Match Day 5 | Sport: Football | Venue...
2026-03-26 20:57:01 [INFO] ------------------------------------------------------------------
2026-03-26 20:57:01 [INFO] File written successfully.
2026-03-26 20:57:01 [INFO]   Full path : /home/cloudera/mos_qatar_demo_poc/landing/mos_sports_events_20260326_205701.txt
2026-03-26 20:57:01 [INFO]   Size      : 2290 bytes
2026-03-26 20:57:01 [INFO]   Records   : 9
2026-03-26 20:57:01 [INFO] ==================================================================
2026-03-26 20:57:01 [INFO]   Generator Completed Successfully
2026-03-26 20:57:01 [INFO] ==================================================================
