2026-03-27 22:09:02 [INFO] ==================================================================
2026-03-27 22:09:02 [INFO]   MOS Qatar Demo - Sports Data Generator
2026-03-27 22:09:02 [INFO] ==================================================================
2026-03-27 22:09:02 [INFO] Config file   : /home/cloudera/mos_qatar_demo_poc/config/mos_qatar_demo.ini
2026-03-27 22:09:02 [INFO] Landing dir   : /home/cloudera/mos_qatar_demo_poc/landing
2026-03-27 22:09:02 [INFO] Output file   : mos_sports_events_20260327_220902.txt
2026-03-27 22:09:02 [INFO] Records count : 5
2026-03-27 22:09:02 [INFO] ------------------------------------------------------------------
2026-03-27 22:09:02 [INFO]   Record 01: Event ID: EVT9322 | Event Name: FIFA World Cup Qatar Legacy Match | Sport: Basketball | Ve...
2026-03-27 22:09:02 [INFO]   Record 02: Event ID: EVT5121 | Event Name: Gulf Cup Qualifier Round 1 | Sport: Athletics | Venue: Lus...
2026-03-27 22:09:02 [INFO]   Record 03: Event ID: EVT8769 | Event Name: Gulf Cup Qualifier Round 1 | Sport: Handball | Venue: Al B...
2026-03-27 22:09:02 [INFO]   Record 04: Event ID: EVT3568 | Event Name: Qatar Premier League Match Day 8 | Sport: Football | Venue...
2026-03-27 22:09:02 [INFO]   Record 05: Event ID: EVT8527 | Event Name: Asian Qualifiers Warm-up Match | Sport: Football | Venue: ...
2026-03-27 22:09:02 [INFO] ------------------------------------------------------------------
2026-03-27 22:09:02 [INFO] File written successfully.
2026-03-27 22:09:02 [INFO]   Full path : /home/cloudera/mos_qatar_demo_poc/landing/mos_sports_events_20260327_220902.txt
2026-03-27 22:09:02 [INFO]   Size      : 1326 bytes
2026-03-27 22:09:02 [INFO]   Records   : 5
2026-03-27 22:09:02 [INFO] ==================================================================
2026-03-27 22:09:02 [INFO]   Generator Completed Successfully
2026-03-27 22:09:02 [INFO] ==================================================================
