2026-03-27 13:55:02 [INFO] ==================================================================
2026-03-27 13:55:02 [INFO]   MOS Qatar Demo - Sports Data Generator
2026-03-27 13:55:02 [INFO] ==================================================================
2026-03-27 13:55:02 [INFO] Config file   : /home/cloudera/mos_qatar_demo_poc/config/mos_qatar_demo.ini
2026-03-27 13:55:02 [INFO] Landing dir   : /home/cloudera/mos_qatar_demo_poc/landing
2026-03-27 13:55:02 [INFO] Output file   : mos_sports_events_20260327_135502.txt
2026-03-27 13:55:02 [INFO] Records count : 8
2026-03-27 13:55:02 [INFO] ------------------------------------------------------------------
2026-03-27 13:55:02 [INFO]   Record 01: Event ID: EVT3156 | Event Name: Qatar Cup Semi Final | Sport: Athletics | Venue: Al Wakrah...
2026-03-27 13:55:02 [INFO]   Record 02: Event ID: EVT5707 | Event Name: Gulf Cup Qualifier Round 1 | Sport: Football | Venue: Al J...
2026-03-27 13:55:02 [INFO]   Record 03: Event ID: EVT3941 | Event Name: Gulf Youth Cup Final | Sport: Athletics | Venue: Education...
2026-03-27 13:55:02 [INFO]   Record 04: Event ID: EVT8702 | Event Name: Gulf Youth Cup Final | Sport: Football | Venue: Al Wakrah ...
2026-03-27 13:55:02 [INFO]   Record 05: Event ID: EVT4563 | Event Name: National Day Football Celebration | Sport: Football | Venu...
2026-03-27 13:55:02 [INFO]   Record 06: Event ID: EVT2240 | Event Name: Ministry Invitational Friendly Tournament | Sport: Athleti...
2026-03-27 13:55:02 [INFO]   Record 07: Event ID: EVT7498 | Event Name: Qatar Cup Final | Sport: Football | Venue: Khalifa Interna...
2026-03-27 13:55:02 [INFO]   Record 08: Event ID: EVT7949 | Event Name: Ministry Invitational Friendly Tournament | Sport: Volleyb...
2026-03-27 13:55:02 [INFO] ------------------------------------------------------------------
2026-03-27 13:55:02 [INFO] File written successfully.
2026-03-27 13:55:02 [INFO]   Full path : /home/cloudera/mos_qatar_demo_poc/landing/mos_sports_events_20260327_135502.txt
2026-03-27 13:55:02 [INFO]   Size      : 2091 bytes
2026-03-27 13:55:02 [INFO]   Records   : 8
2026-03-27 13:55:02 [INFO] ==================================================================
2026-03-27 13:55:02 [INFO]   Generator Completed Successfully
2026-03-27 13:55:02 [INFO] ==================================================================
