2026-03-26 08:48:01 [INFO] ==================================================================
2026-03-26 08:48:01 [INFO]   MOS Qatar Demo - Sports Data Generator
2026-03-26 08:48:01 [INFO] ==================================================================
2026-03-26 08:48:01 [INFO] Config file   : /home/cloudera/mos_qatar_demo_poc/config/mos_qatar_demo.ini
2026-03-26 08:48:01 [INFO] Landing dir   : /home/cloudera/mos_qatar_demo_poc/landing
2026-03-26 08:48:01 [INFO] Output file   : mos_sports_events_20260326_084801.txt
2026-03-26 08:48:01 [INFO] Records count : 8
2026-03-26 08:48:01 [INFO] ------------------------------------------------------------------
2026-03-26 08:48:01 [INFO]   Record 01: Event ID: EVT7006 | Event Name: Qatar Premier League Match Day 12 | Sport: Swimming | Venu...
2026-03-26 08:48:01 [INFO]   Record 02: Event ID: EVT1125 | Event Name: Qatar Cup Final | Sport: Handball | Venue: Al Janoub Stadi...
2026-03-26 08:48:01 [INFO]   Record 03: Event ID: EVT8691 | Event Name: Ministry Invitational Friendly Tournament | Sport: Athleti...
2026-03-26 08:48:01 [INFO]   Record 04: Event ID: EVT6323 | Event Name: Qatar Olympic Training Camp Evaluation | Sport: Football |...
2026-03-26 08:48:01 [INFO]   Record 05: Event ID: EVT5824 | Event Name: Qatar Schools Football League | Sport: Handball | Venue: Q...
2026-03-26 08:48:01 [INFO]   Record 06: Event ID: EVT7194 | Event Name: Qatar Premier League Match Day 8 | Sport: Football | Venue...
2026-03-26 08:48:01 [INFO]   Record 07: Event ID: EVT4260 | Event Name: National Team Preparation Match | Sport: Athletics | Venue...
2026-03-26 08:48:01 [INFO]   Record 08: Event ID: EVT5829 | Event Name: Gulf Cup Qualifier Round 1 | Sport: Volleyball | Venue: Ed...
2026-03-26 08:48:01 [INFO] ------------------------------------------------------------------
2026-03-26 08:48:01 [INFO] File written successfully.
2026-03-26 08:48:01 [INFO]   Full path : /home/cloudera/mos_qatar_demo_poc/landing/mos_sports_events_20260326_084801.txt
2026-03-26 08:48:01 [INFO]   Size      : 2067 bytes
2026-03-26 08:48:01 [INFO]   Records   : 8
2026-03-26 08:48:01 [INFO] ==================================================================
2026-03-26 08:48:01 [INFO]   Generator Completed Successfully
2026-03-26 08:48:01 [INFO] ==================================================================
