2026-03-25 03:41:02 [INFO] ==================================================================
2026-03-25 03:41:02 [INFO]   MOS Qatar Demo - Sports Data Generator
2026-03-25 03:41:02 [INFO] ==================================================================
2026-03-25 03:41:02 [INFO] Config file   : /home/cloudera/mos_qatar_demo_poc/config/mos_qatar_demo.ini
2026-03-25 03:41:02 [INFO] Landing dir   : /home/cloudera/mos_qatar_demo_poc/landing
2026-03-25 03:41:02 [INFO] Output file   : mos_sports_events_20260325_034102.txt
2026-03-25 03:41:02 [INFO] Records count : 8
2026-03-25 03:41:02 [INFO] ------------------------------------------------------------------
2026-03-25 03:41:02 [INFO]   Record 01: Event ID: EVT9413 | Event Name: Gulf Youth Cup Round 2 | Sport: Volleyball | Venue: Aspire...
2026-03-25 03:41:02 [INFO]   Record 02: Event ID: EVT1172 | Event Name: Gulf Youth Cup Semi Final | Sport: Football | Venue: Al Ja...
2026-03-25 03:41:02 [INFO]   Record 03: Event ID: EVT8612 | Event Name: Qatar Under-20 Development League | Sport: Handball | Venu...
2026-03-25 03:41:02 [INFO]   Record 04: Event ID: EVT2656 | Event Name: Qatar Premier League Match Day 8 | Sport: Football | Venue...
2026-03-25 03:41:02 [INFO]   Record 05: Event ID: EVT5476 | Event Name: Gulf Youth Cup Quarter Final | Sport: Football | Venue: Ah...
2026-03-25 03:41:02 [INFO]   Record 06: Event ID: EVT2893 | Event Name: Arab Nations Championship Semi Final | Sport: Basketball |...
2026-03-25 03:41:02 [INFO]   Record 07: Event ID: EVT6768 | Event Name: FIFA World Cup Qatar Legacy Match | Sport: Athletics | Ven...
2026-03-25 03:41:02 [INFO]   Record 08: Event ID: EVT1088 | Event Name: Qatar Premier League Match Day 5 | Sport: Football | Venue...
2026-03-25 03:41:02 [INFO] ------------------------------------------------------------------
2026-03-25 03:41:02 [INFO] File written successfully.
2026-03-25 03:41:02 [INFO]   Full path : /home/cloudera/mos_qatar_demo_poc/landing/mos_sports_events_20260325_034102.txt
2026-03-25 03:41:02 [INFO]   Size      : 2089 bytes
2026-03-25 03:41:02 [INFO]   Records   : 8
2026-03-25 03:41:02 [INFO] ==================================================================
2026-03-25 03:41:02 [INFO]   Generator Completed Successfully
2026-03-25 03:41:02 [INFO] ==================================================================
