2026-03-27 18:22:01 [INFO] ==================================================================
2026-03-27 18:22:01 [INFO]   MOS Qatar Demo - Sports Data Generator
2026-03-27 18:22:01 [INFO] ==================================================================
2026-03-27 18:22:01 [INFO] Config file   : /home/cloudera/mos_qatar_demo_poc/config/mos_qatar_demo.ini
2026-03-27 18:22:01 [INFO] Landing dir   : /home/cloudera/mos_qatar_demo_poc/landing
2026-03-27 18:22:01 [INFO] Output file   : mos_sports_events_20260327_182201.txt
2026-03-27 18:22:01 [INFO] Records count : 10
2026-03-27 18:22:01 [INFO] ------------------------------------------------------------------
2026-03-27 18:22:01 [INFO]   Record 01: Event ID: EVT7322 | Event Name: Qatar Cup Semi Final | Sport: Basketball | Venue: Lusail S...
2026-03-27 18:22:01 [INFO]   Record 02: Event ID: EVT9070 | Event Name: Qatar Premier League Match Day 5 | Sport: Football | Venue...
2026-03-27 18:22:01 [INFO]   Record 03: Event ID: EVT3228 | Event Name: Asian Qualifiers Warm-up Match | Sport: Football | Venue: ...
2026-03-27 18:22:01 [INFO]   Record 04: Event ID: EVT3942 | Event Name: Asian Qualifiers Warm-up Match | Sport: Volleyball | Venue...
2026-03-27 18:22:01 [INFO]   Record 05: Event ID: EVT6576 | Event Name: Qatar Under-20 Development League | Sport: Athletics | Ven...
2026-03-27 18:22:01 [INFO]   Record 06: Event ID: EVT8616 | Event Name: Ministry Youth Sports Day | Sport: Football | Venue: Khali...
2026-03-27 18:22:01 [INFO]   Record 07: Event ID: EVT6047 | Event Name: Ministry Youth Sports Day | Sport: Swimming | Venue: Khali...
2026-03-27 18:22:01 [INFO]   Record 08: Event ID: EVT3617 | Event Name: Gulf Cup Qualifier Round 1 | Sport: Football | Venue: Ahma...
2026-03-27 18:22:01 [INFO]   Record 09: Event ID: EVT1319 | Event Name: National Day Football Celebration | Sport: Volleyball | Ve...
2026-03-27 18:22:01 [INFO]   Record 10: Event ID: EVT1368 | Event Name: Gulf Youth Cup Round 2 | Sport: Basketball | Venue: Al Thu...
2026-03-27 18:22:01 [INFO] ------------------------------------------------------------------
2026-03-27 18:22:01 [INFO] File written successfully.
2026-03-27 18:22:01 [INFO]   Full path : /home/cloudera/mos_qatar_demo_poc/landing/mos_sports_events_20260327_182201.txt
2026-03-27 18:22:01 [INFO]   Size      : 2631 bytes
2026-03-27 18:22:01 [INFO]   Records   : 10
2026-03-27 18:22:01 [INFO] ==================================================================
2026-03-27 18:22:01 [INFO]   Generator Completed Successfully
2026-03-27 18:22:01 [INFO] ==================================================================
