2026-03-27 20:11:01 [INFO] ==================================================================
2026-03-27 20:11:01 [INFO]   MOS Qatar Demo - Sports Data Generator
2026-03-27 20:11:01 [INFO] ==================================================================
2026-03-27 20:11:01 [INFO] Config file   : /home/cloudera/mos_qatar_demo_poc/config/mos_qatar_demo.ini
2026-03-27 20:11:01 [INFO] Landing dir   : /home/cloudera/mos_qatar_demo_poc/landing
2026-03-27 20:11:01 [INFO] Output file   : mos_sports_events_20260327_201101.txt
2026-03-27 20:11:01 [INFO] Records count : 10
2026-03-27 20:11:01 [INFO] ------------------------------------------------------------------
2026-03-27 20:11:01 [INFO]   Record 01: Event ID: EVT7325 | Event Name: Qatar Under-20 Development League | Sport: Athletics | Ven...
2026-03-27 20:11:01 [INFO]   Record 02: Event ID: EVT1894 | Event Name: National Day Football Celebration | Sport: Football | Venu...
2026-03-27 20:11:01 [INFO]   Record 03: Event ID: EVT5608 | Event Name: Qatar Cup Semi Final | Sport: Swimming | Venue: Al Bayt St...
2026-03-27 20:11:01 [INFO]   Record 04: Event ID: EVT6442 | Event Name: Qatar Under-20 Development League | Sport: Basketball | Ve...
2026-03-27 20:11:01 [INFO]   Record 05: Event ID: EVT2506 | Event Name: Gulf Youth Cup Final | Sport: Football | Venue: Al Wakrah ...
2026-03-27 20:11:01 [INFO]   Record 06: Event ID: EVT3713 | Event Name: Qatar Premier League Match Day 5 | Sport: Handball | Venue...
2026-03-27 20:11:01 [INFO]   Record 07: Event ID: EVT8634 | Event Name: National Day Football Celebration | Sport: Handball | Venu...
2026-03-27 20:11:01 [INFO]   Record 08: Event ID: EVT6652 | Event Name: Qatar Olympic Training Camp Evaluation | Sport: Football |...
2026-03-27 20:11:01 [INFO]   Record 09: Event ID: EVT8755 | Event Name: Qatar Under-20 Development League | Sport: Basketball | Ve...
2026-03-27 20:11:01 [INFO]   Record 10: Event ID: EVT5624 | Event Name: Qatar Premier League Match Day 5 | Sport: Football | Venue...
2026-03-27 20:11:01 [INFO] ------------------------------------------------------------------
2026-03-27 20:11:01 [INFO] File written successfully.
2026-03-27 20:11:01 [INFO]   Full path : /home/cloudera/mos_qatar_demo_poc/landing/mos_sports_events_20260327_201101.txt
2026-03-27 20:11:01 [INFO]   Size      : 2584 bytes
2026-03-27 20:11:01 [INFO]   Records   : 10
2026-03-27 20:11:01 [INFO] ==================================================================
2026-03-27 20:11:01 [INFO]   Generator Completed Successfully
2026-03-27 20:11:01 [INFO] ==================================================================
