2026-03-25 02:41:01 [INFO] ==================================================================
2026-03-25 02:41:01 [INFO]   MOS Qatar Demo - Sports Data Generator
2026-03-25 02:41:01 [INFO] ==================================================================
2026-03-25 02:41:01 [INFO] Config file   : /home/cloudera/mos_qatar_demo_poc/config/mos_qatar_demo.ini
2026-03-25 02:41:01 [INFO] Landing dir   : /home/cloudera/mos_qatar_demo_poc/landing
2026-03-25 02:41:01 [INFO] Output file   : mos_sports_events_20260325_024101.txt
2026-03-25 02:41:01 [INFO] Records count : 4
2026-03-25 02:41:01 [INFO] ------------------------------------------------------------------
2026-03-25 02:41:01 [INFO]   Record 01: Event ID: EVT5534 | Event Name: GCC Club Championship Quarter Final | Sport: Football | Ve...
2026-03-25 02:41:01 [INFO]   Record 02: Event ID: EVT1412 | Event Name: Gulf Youth Cup Semi Final | Sport: Football | Venue: Educa...
2026-03-25 02:41:01 [INFO]   Record 03: Event ID: EVT1941 | Event Name: Qatar Premier League Match Day 12 | Sport: Football | Venu...
2026-03-25 02:41:01 [INFO]   Record 04: Event ID: EVT9119 | Event Name: Doha Sports Festival Opening Match | Sport: Athletics | Ve...
2026-03-25 02:41:01 [INFO] ------------------------------------------------------------------
2026-03-25 02:41:01 [INFO] File written successfully.
2026-03-25 02:41:01 [INFO]   Full path : /home/cloudera/mos_qatar_demo_poc/landing/mos_sports_events_20260325_024101.txt
2026-03-25 02:41:01 [INFO]   Size      : 1035 bytes
2026-03-25 02:41:01 [INFO]   Records   : 4
2026-03-25 02:41:01 [INFO] ==================================================================
2026-03-25 02:41:01 [INFO]   Generator Completed Successfully
2026-03-25 02:41:01 [INFO] ==================================================================
