2026-03-25 21:48:01 [INFO] ==================================================================
2026-03-25 21:48:01 [INFO]   MOS Qatar Demo - Sports Data Generator
2026-03-25 21:48:01 [INFO] ==================================================================
2026-03-25 21:48:01 [INFO] Config file   : /home/cloudera/mos_qatar_demo_poc/config/mos_qatar_demo.ini
2026-03-25 21:48:01 [INFO] Landing dir   : /home/cloudera/mos_qatar_demo_poc/landing
2026-03-25 21:48:01 [INFO] Output file   : mos_sports_events_20260325_214801.txt
2026-03-25 21:48:01 [INFO] Records count : 8
2026-03-25 21:48:01 [INFO] ------------------------------------------------------------------
2026-03-25 21:48:01 [INFO]   Record 01: Event ID: EVT9913 | Event Name: Gulf Youth Cup Round 2 | Sport: Football | Venue: Qatar Sp...
2026-03-25 21:48:01 [INFO]   Record 02: Event ID: EVT7337 | Event Name: Qatar Premier League Match Day 8 | Sport: Football | Venue...
2026-03-25 21:48:01 [INFO]   Record 03: Event ID: EVT4225 | Event Name: Gulf Cup Qualifier Round 1 | Sport: Football | Venue: Al J...
2026-03-25 21:48:01 [INFO]   Record 04: Event ID: EVT6393 | Event Name: Qatar Premier League Match Day 5 | Sport: Football | Venue...
2026-03-25 21:48:01 [INFO]   Record 05: Event ID: EVT4339 | Event Name: Qatar Under-20 Development League | Sport: Volleyball | Ve...
2026-03-25 21:48:01 [INFO]   Record 06: Event ID: EVT8619 | Event Name: Gulf Youth Cup Round 1 | Sport: Football | Venue: Khalifa ...
2026-03-25 21:48:01 [INFO]   Record 07: Event ID: EVT2495 | Event Name: Doha Sports Festival Opening Match | Sport: Football | Ven...
2026-03-25 21:48:01 [INFO]   Record 08: Event ID: EVT2935 | Event Name: Gulf Youth Cup Round 1 | Sport: Volleyball | Venue: Khalif...
2026-03-25 21:48:01 [INFO] ------------------------------------------------------------------
2026-03-25 21:48:01 [INFO] File written successfully.
2026-03-25 21:48:01 [INFO]   Full path : /home/cloudera/mos_qatar_demo_poc/landing/mos_sports_events_20260325_214801.txt
2026-03-25 21:48:01 [INFO]   Size      : 2046 bytes
2026-03-25 21:48:01 [INFO]   Records   : 8
2026-03-25 21:48:01 [INFO] ==================================================================
2026-03-25 21:48:01 [INFO]   Generator Completed Successfully
2026-03-25 21:48:01 [INFO] ==================================================================
