2026-03-27 08:10:02 [INFO] ==================================================================
2026-03-27 08:10:02 [INFO]   MOS Qatar Demo - Sports Data Generator
2026-03-27 08:10:02 [INFO] ==================================================================
2026-03-27 08:10:02 [INFO] Config file   : /home/cloudera/mos_qatar_demo_poc/config/mos_qatar_demo.ini
2026-03-27 08:10:02 [INFO] Landing dir   : /home/cloudera/mos_qatar_demo_poc/landing
2026-03-27 08:10:02 [INFO] Output file   : mos_sports_events_20260327_081002.txt
2026-03-27 08:10:02 [INFO] Records count : 8
2026-03-27 08:10:02 [INFO] ------------------------------------------------------------------
2026-03-27 08:10:02 [INFO]   Record 01: Event ID: EVT1443 | Event Name: Gulf Youth Cup Round 2 | Sport: Football | Venue: Al Bayt ...
2026-03-27 08:10:02 [INFO]   Record 02: Event ID: EVT9125 | Event Name: Gulf Youth Cup Semi Final | Sport: Football | Venue: Al Th...
2026-03-27 08:10:02 [INFO]   Record 03: Event ID: EVT2744 | Event Name: GCC Club Championship Final | Sport: Football | Venue: Al ...
2026-03-27 08:10:02 [INFO]   Record 04: Event ID: EVT6589 | Event Name: Arab Nations Championship Group Stage | Sport: Basketball ...
2026-03-27 08:10:02 [INFO]   Record 05: Event ID: EVT4601 | Event Name: Asian Qualifiers Warm-up Match | Sport: Football | Venue: ...
2026-03-27 08:10:02 [INFO]   Record 06: Event ID: EVT7560 | Event Name: Gulf Youth Cup Quarter Final | Sport: Football | Venue: Al...
2026-03-27 08:10:02 [INFO]   Record 07: Event ID: EVT4899 | Event Name: Arab Nations Championship Semi Final | Sport: Basketball |...
2026-03-27 08:10:02 [INFO]   Record 08: Event ID: EVT3700 | Event Name: National Day Football Celebration | Sport: Football | Venu...
2026-03-27 08:10:02 [INFO] ------------------------------------------------------------------
2026-03-27 08:10:02 [INFO] File written successfully.
2026-03-27 08:10:02 [INFO]   Full path : /home/cloudera/mos_qatar_demo_poc/landing/mos_sports_events_20260327_081002.txt
2026-03-27 08:10:02 [INFO]   Size      : 2067 bytes
2026-03-27 08:10:02 [INFO]   Records   : 8
2026-03-27 08:10:02 [INFO] ==================================================================
2026-03-27 08:10:02 [INFO]   Generator Completed Successfully
2026-03-27 08:10:02 [INFO] ==================================================================
