2026-03-24 18:37:01 [INFO] ==================================================================
2026-03-24 18:37:01 [INFO]   MOS Qatar Demo - Sports Data Generator
2026-03-24 18:37:01 [INFO] ==================================================================
2026-03-24 18:37:01 [INFO] Config file   : /home/cloudera/mos_qatar_demo_poc/config/mos_qatar_demo.ini
2026-03-24 18:37:01 [INFO] Landing dir   : /home/cloudera/mos_qatar_demo_poc/landing
2026-03-24 18:37:01 [INFO] Output file   : mos_sports_events_20260324_183701.txt
2026-03-24 18:37:01 [INFO] Records count : 5
2026-03-24 18:37:01 [INFO] ------------------------------------------------------------------
2026-03-24 18:37:01 [INFO]   Record 01: Event ID: EVT3905 | Event Name: Arab Nations Championship Semi Final | Sport: Football | V...
2026-03-24 18:37:01 [INFO]   Record 02: Event ID: EVT9853 | Event Name: National Team Preparation Match | Sport: Football | Venue:...
2026-03-24 18:37:01 [INFO]   Record 03: Event ID: EVT6758 | Event Name: Gulf Youth Cup Final | Sport: Football | Venue: Al Bayt St...
2026-03-24 18:37:01 [INFO]   Record 04: Event ID: EVT2413 | Event Name: Qatar Olympic Training Camp Evaluation | Sport: Basketball...
2026-03-24 18:37:01 [INFO]   Record 05: Event ID: EVT6910 | Event Name: GCC Club Championship Quarter Final | Sport: Football | Ve...
2026-03-24 18:37:01 [INFO] ------------------------------------------------------------------
2026-03-24 18:37:01 [INFO] File written successfully.
2026-03-24 18:37:01 [INFO]   Full path : /home/cloudera/mos_qatar_demo_poc/landing/mos_sports_events_20260324_183701.txt
2026-03-24 18:37:01 [INFO]   Size      : 1307 bytes
2026-03-24 18:37:01 [INFO]   Records   : 5
2026-03-24 18:37:01 [INFO] ==================================================================
2026-03-24 18:37:01 [INFO]   Generator Completed Successfully
2026-03-24 18:37:01 [INFO] ==================================================================
