2026-03-27 02:44:02 [INFO] ==================================================================
2026-03-27 02:44:02 [INFO]   MOS Qatar Demo - Sports Data Generator
2026-03-27 02:44:02 [INFO] ==================================================================
2026-03-27 02:44:02 [INFO] Config file   : /home/cloudera/mos_qatar_demo_poc/config/mos_qatar_demo.ini
2026-03-27 02:44:02 [INFO] Landing dir   : /home/cloudera/mos_qatar_demo_poc/landing
2026-03-27 02:44:02 [INFO] Output file   : mos_sports_events_20260327_024402.txt
2026-03-27 02:44:02 [INFO] Records count : 10
2026-03-27 02:44:02 [INFO] ------------------------------------------------------------------
2026-03-27 02:44:02 [INFO]   Record 01: Event ID: EVT1410 | Event Name: Qatar Premier League Match Day 8 | Sport: Athletics | Venu...
2026-03-27 02:44:02 [INFO]   Record 02: Event ID: EVT5648 | Event Name: Qatar Cup Final | Sport: Basketball | Venue: Al Wakrah Spo...
2026-03-27 02:44:02 [INFO]   Record 03: Event ID: EVT5379 | Event Name: Gulf Youth Cup Round 1 | Sport: Athletics | Venue: Ahmad B...
2026-03-27 02:44:02 [INFO]   Record 04: Event ID: EVT9119 | Event Name: Gulf Cup Qualifier Round 1 | Sport: Volleyball | Venue: Al...
2026-03-27 02:44:02 [INFO]   Record 05: Event ID: EVT8745 | Event Name: Ministry Invitational Friendly Tournament | Sport: Volleyb...
2026-03-27 02:44:02 [INFO]   Record 06: Event ID: EVT4070 | Event Name: Gulf Youth Cup Final | Sport: Football | Venue: Al Janoub ...
2026-03-27 02:44:02 [INFO]   Record 07: Event ID: EVT5588 | Event Name: FIFA World Cup Qatar Legacy Match | Sport: Football | Venu...
2026-03-27 02:44:02 [INFO]   Record 08: Event ID: EVT8709 | Event Name: Gulf Youth Cup Final | Sport: Basketball | Venue: Lusail S...
2026-03-27 02:44:02 [INFO]   Record 09: Event ID: EVT4657 | Event Name: Qatar Premier League Match Day 12 | Sport: Basketball | Ve...
2026-03-27 02:44:02 [INFO]   Record 10: Event ID: EVT7787 | Event Name: Gulf Youth Cup Round 2 | Sport: Football | Venue: Khalifa ...
2026-03-27 02:44:02 [INFO] ------------------------------------------------------------------
2026-03-27 02:44:02 [INFO] File written successfully.
2026-03-27 02:44:02 [INFO]   Full path : /home/cloudera/mos_qatar_demo_poc/landing/mos_sports_events_20260327_024402.txt
2026-03-27 02:44:02 [INFO]   Size      : 2542 bytes
2026-03-27 02:44:02 [INFO]   Records   : 10
2026-03-27 02:44:02 [INFO] ==================================================================
2026-03-27 02:44:02 [INFO]   Generator Completed Successfully
2026-03-27 02:44:02 [INFO] ==================================================================
