2026-03-25 09:47:01 [INFO] ==================================================================
2026-03-25 09:47:01 [INFO]   MOS Qatar Demo - Sports Data Generator
2026-03-25 09:47:01 [INFO] ==================================================================
2026-03-25 09:47:01 [INFO] Config file   : /home/cloudera/mos_qatar_demo_poc/config/mos_qatar_demo.ini
2026-03-25 09:47:01 [INFO] Landing dir   : /home/cloudera/mos_qatar_demo_poc/landing
2026-03-25 09:47:01 [INFO] Output file   : mos_sports_events_20260325_094701.txt
2026-03-25 09:47:01 [INFO] Records count : 6
2026-03-25 09:47:01 [INFO] ------------------------------------------------------------------
2026-03-25 09:47:01 [INFO]   Record 01: Event ID: EVT3414 | Event Name: GCC Club Championship Semi Final | Sport: Football | Venue...
2026-03-25 09:47:01 [INFO]   Record 02: Event ID: EVT2599 | Event Name: Gulf Youth Cup Round 1 | Sport: Volleyball | Venue: Al Bay...
2026-03-25 09:47:01 [INFO]   Record 03: Event ID: EVT6677 | Event Name: Qatar Premier League Match Day 8 | Sport: Athletics | Venu...
2026-03-25 09:47:01 [INFO]   Record 04: Event ID: EVT9592 | Event Name: Ministry Youth Sports Day | Sport: Football | Venue: Al Th...
2026-03-25 09:47:01 [INFO]   Record 05: Event ID: EVT3481 | Event Name: Qatar Cup Semi Final | Sport: Football | Venue: Al Janoub ...
2026-03-25 09:47:01 [INFO]   Record 06: Event ID: EVT1934 | Event Name: Qatar Premier League Match Day 8 | Sport: Football | Venue...
2026-03-25 09:47:01 [INFO] ------------------------------------------------------------------
2026-03-25 09:47:01 [INFO] File written successfully.
2026-03-25 09:47:01 [INFO]   Full path : /home/cloudera/mos_qatar_demo_poc/landing/mos_sports_events_20260325_094701.txt
2026-03-25 09:47:01 [INFO]   Size      : 1531 bytes
2026-03-25 09:47:01 [INFO]   Records   : 6
2026-03-25 09:47:01 [INFO] ==================================================================
2026-03-25 09:47:01 [INFO]   Generator Completed Successfully
2026-03-25 09:47:01 [INFO] ==================================================================
