2026-03-26 22:04:02 [INFO] ==================================================================
2026-03-26 22:04:02 [INFO]   MOS Qatar Demo - Sports Data Generator
2026-03-26 22:04:02 [INFO] ==================================================================
2026-03-26 22:04:02 [INFO] Config file   : /home/cloudera/mos_qatar_demo_poc/config/mos_qatar_demo.ini
2026-03-26 22:04:02 [INFO] Landing dir   : /home/cloudera/mos_qatar_demo_poc/landing
2026-03-26 22:04:02 [INFO] Output file   : mos_sports_events_20260326_220402.txt
2026-03-26 22:04:02 [INFO] Records count : 5
2026-03-26 22:04:02 [INFO] ------------------------------------------------------------------
2026-03-26 22:04:02 [INFO]   Record 01: Event ID: EVT9342 | Event Name: Gulf Youth Cup Final | Sport: Basketball | Venue: Lusail S...
2026-03-26 22:04:02 [INFO]   Record 02: Event ID: EVT7682 | Event Name: Gulf Youth Cup Round 1 | Sport: Football | Venue: Ahmad Bi...
2026-03-26 22:04:02 [INFO]   Record 03: Event ID: EVT9259 | Event Name: Ministry Invitational Friendly Tournament | Sport: Footbal...
2026-03-26 22:04:02 [INFO]   Record 04: Event ID: EVT8024 | Event Name: GCC Club Championship Semi Final | Sport: Football | Venue...
2026-03-26 22:04:02 [INFO]   Record 05: Event ID: EVT7024 | Event Name: Gulf Youth Cup Quarter Final | Sport: Football | Venue: Kh...
2026-03-26 22:04:02 [INFO] ------------------------------------------------------------------
2026-03-26 22:04:02 [INFO] File written successfully.
2026-03-26 22:04:02 [INFO]   Full path : /home/cloudera/mos_qatar_demo_poc/landing/mos_sports_events_20260326_220402.txt
2026-03-26 22:04:02 [INFO]   Size      : 1305 bytes
2026-03-26 22:04:02 [INFO]   Records   : 5
2026-03-26 22:04:02 [INFO] ==================================================================
2026-03-26 22:04:02 [INFO]   Generator Completed Successfully
2026-03-26 22:04:02 [INFO] ==================================================================
