2026-03-26 04:18:02 [INFO] ==================================================================
2026-03-26 04:18:02 [INFO]   MOS Qatar Demo - Sports Data Generator
2026-03-26 04:18:02 [INFO] ==================================================================
2026-03-26 04:18:02 [INFO] Config file   : /home/cloudera/mos_qatar_demo_poc/config/mos_qatar_demo.ini
2026-03-26 04:18:02 [INFO] Landing dir   : /home/cloudera/mos_qatar_demo_poc/landing
2026-03-26 04:18:02 [INFO] Output file   : mos_sports_events_20260326_041802.txt
2026-03-26 04:18:02 [INFO] Records count : 9
2026-03-26 04:18:02 [INFO] ------------------------------------------------------------------
2026-03-26 04:18:02 [INFO]   Record 01: Event ID: EVT5728 | Event Name: Qatar Schools Football League | Sport: Football | Venue: Q...
2026-03-26 04:18:02 [INFO]   Record 02: Event ID: EVT9829 | Event Name: Qatar Premier League Match Day 12 | Sport: Swimming | Venu...
2026-03-26 04:18:02 [INFO]   Record 03: Event ID: EVT8367 | Event Name: Qatar Olympic Training Camp Evaluation | Sport: Football |...
2026-03-26 04:18:02 [INFO]   Record 04: Event ID: EVT2291 | Event Name: Qatar Premier League Match Day 8 | Sport: Handball | Venue...
2026-03-26 04:18:02 [INFO]   Record 05: Event ID: EVT3501 | Event Name: Asian Qualifiers Warm-up Match | Sport: Basketball | Venue...
2026-03-26 04:18:02 [INFO]   Record 06: Event ID: EVT4703 | Event Name: Ramadan Football Festival | Sport: Swimming | Venue: Lusai...
2026-03-26 04:18:02 [INFO]   Record 07: Event ID: EVT6201 | Event Name: Gulf Youth Cup Round 1 | Sport: Football | Venue: Khalifa ...
2026-03-26 04:18:02 [INFO]   Record 08: Event ID: EVT9891 | Event Name: Asian Qualifiers Warm-up Match | Sport: Volleyball | Venue...
2026-03-26 04:18:02 [INFO]   Record 09: Event ID: EVT7574 | Event Name: Ministry Youth Sports Day | Sport: Football | Venue: Lusai...
2026-03-26 04:18:02 [INFO] ------------------------------------------------------------------
2026-03-26 04:18:02 [INFO] File written successfully.
2026-03-26 04:18:02 [INFO]   Full path : /home/cloudera/mos_qatar_demo_poc/landing/mos_sports_events_20260326_041802.txt
2026-03-26 04:18:02 [INFO]   Size      : 2333 bytes
2026-03-26 04:18:02 [INFO]   Records   : 9
2026-03-26 04:18:02 [INFO] ==================================================================
2026-03-26 04:18:02 [INFO]   Generator Completed Successfully
2026-03-26 04:18:02 [INFO] ==================================================================
