2026-03-27 08:16:01 [INFO] ==================================================================
2026-03-27 08:16:01 [INFO]   MOS Qatar Demo - Sports Data Generator
2026-03-27 08:16:01 [INFO] ==================================================================
2026-03-27 08:16:01 [INFO] Config file   : /home/cloudera/mos_qatar_demo_poc/config/mos_qatar_demo.ini
2026-03-27 08:16:01 [INFO] Landing dir   : /home/cloudera/mos_qatar_demo_poc/landing
2026-03-27 08:16:01 [INFO] Output file   : mos_sports_events_20260327_081601.txt
2026-03-27 08:16:01 [INFO] Records count : 10
2026-03-27 08:16:01 [INFO] ------------------------------------------------------------------
2026-03-27 08:16:01 [INFO]   Record 01: Event ID: EVT3871 | Event Name: National Day Football Celebration | Sport: Handball | Venu...
2026-03-27 08:16:01 [INFO]   Record 02: Event ID: EVT1237 | Event Name: FIFA World Cup Qatar Legacy Match | Sport: Football | Venu...
2026-03-27 08:16:01 [INFO]   Record 03: Event ID: EVT8504 | Event Name: MOS Annual Charity Football Gala | Sport: Basketball | Ven...
2026-03-27 08:16:01 [INFO]   Record 04: Event ID: EVT4122 | Event Name: Qatar Under-20 Development League | Sport: Swimming | Venu...
2026-03-27 08:16:01 [INFO]   Record 05: Event ID: EVT2233 | Event Name: National Day Football Celebration | Sport: Basketball | Ve...
2026-03-27 08:16:01 [INFO]   Record 06: Event ID: EVT2333 | Event Name: Ramadan Football Festival | Sport: Football | Venue: Educa...
2026-03-27 08:16:01 [INFO]   Record 07: Event ID: EVT7520 | Event Name: Gulf Youth Cup Round 2 | Sport: Basketball | Venue: Al Wak...
2026-03-27 08:16:01 [INFO]   Record 08: Event ID: EVT5043 | Event Name: Qatar Olympic Training Camp Evaluation | Sport: Football |...
2026-03-27 08:16:01 [INFO]   Record 09: Event ID: EVT2657 | Event Name: GCC Club Championship Final | Sport: Athletics | Venue: Kh...
2026-03-27 08:16:01 [INFO]   Record 10: Event ID: EVT9829 | Event Name: Qatar Premier League Match Day 12 | Sport: Athletics | Ven...
2026-03-27 08:16:01 [INFO] ------------------------------------------------------------------
2026-03-27 08:16:01 [INFO] File written successfully.
2026-03-27 08:16:01 [INFO]   Full path : /home/cloudera/mos_qatar_demo_poc/landing/mos_sports_events_20260327_081601.txt
2026-03-27 08:16:01 [INFO]   Size      : 2620 bytes
2026-03-27 08:16:01 [INFO]   Records   : 10
2026-03-27 08:16:01 [INFO] ==================================================================
2026-03-27 08:16:01 [INFO]   Generator Completed Successfully
2026-03-27 08:16:01 [INFO] ==================================================================
