2026-03-27 10:04:02 [INFO] ==================================================================
2026-03-27 10:04:02 [INFO]   MOS Qatar Demo - Sports Data Generator
2026-03-27 10:04:02 [INFO] ==================================================================
2026-03-27 10:04:02 [INFO] Config file   : /home/cloudera/mos_qatar_demo_poc/config/mos_qatar_demo.ini
2026-03-27 10:04:02 [INFO] Landing dir   : /home/cloudera/mos_qatar_demo_poc/landing
2026-03-27 10:04:02 [INFO] Output file   : mos_sports_events_20260327_100402.txt
2026-03-27 10:04:02 [INFO] Records count : 7
2026-03-27 10:04:02 [INFO] ------------------------------------------------------------------
2026-03-27 10:04:02 [INFO]   Record 01: Event ID: EVT5002 | Event Name: Doha Sports Festival Opening Match | Sport: Football | Ven...
2026-03-27 10:04:02 [INFO]   Record 02: Event ID: EVT8155 | Event Name: Asian Qualifiers Warm-up Match | Sport: Football | Venue: ...
2026-03-27 10:04:02 [INFO]   Record 03: Event ID: EVT6262 | Event Name: Gulf Youth Cup Semi Final | Sport: Football | Venue: Lusai...
2026-03-27 10:04:02 [INFO]   Record 04: Event ID: EVT9687 | Event Name: Gulf Youth Cup Round 2 | Sport: Football | Venue: Ahmad Bi...
2026-03-27 10:04:02 [INFO]   Record 05: Event ID: EVT6274 | Event Name: Qatar Premier League Match Day 8 | Sport: Football | Venue...
2026-03-27 10:04:02 [INFO]   Record 06: Event ID: EVT4425 | Event Name: Ministry Youth Sports Day | Sport: Volleyball | Venue: Al ...
2026-03-27 10:04:02 [INFO]   Record 07: Event ID: EVT3943 | Event Name: National Day Football Celebration | Sport: Football | Venu...
2026-03-27 10:04:02 [INFO] ------------------------------------------------------------------
2026-03-27 10:04:02 [INFO] File written successfully.
2026-03-27 10:04:02 [INFO]   Full path : /home/cloudera/mos_qatar_demo_poc/landing/mos_sports_events_20260327_100402.txt
2026-03-27 10:04:02 [INFO]   Size      : 1791 bytes
2026-03-27 10:04:02 [INFO]   Records   : 7
2026-03-27 10:04:02 [INFO] ==================================================================
2026-03-27 10:04:02 [INFO]   Generator Completed Successfully
2026-03-27 10:04:02 [INFO] ==================================================================
