2026-03-27 14:16:02 [INFO] ==================================================================
2026-03-27 14:16:02 [INFO]   MOS Qatar Demo - Sports Data Generator
2026-03-27 14:16:02 [INFO] ==================================================================
2026-03-27 14:16:02 [INFO] Config file   : /home/cloudera/mos_qatar_demo_poc/config/mos_qatar_demo.ini
2026-03-27 14:16:02 [INFO] Landing dir   : /home/cloudera/mos_qatar_demo_poc/landing
2026-03-27 14:16:02 [INFO] Output file   : mos_sports_events_20260327_141602.txt
2026-03-27 14:16:02 [INFO] Records count : 7
2026-03-27 14:16:02 [INFO] ------------------------------------------------------------------
2026-03-27 14:16:02 [INFO]   Record 01: Event ID: EVT6524 | Event Name: Ministry Youth Sports Day | Sport: Athletics | Venue: Qata...
2026-03-27 14:16:02 [INFO]   Record 02: Event ID: EVT7060 | Event Name: Gulf Youth Cup Final | Sport: Football | Venue: Qatar Spor...
2026-03-27 14:16:02 [INFO]   Record 03: Event ID: EVT4088 | Event Name: Asian Qualifiers Warm-up Match | Sport: Swimming | Venue: ...
2026-03-27 14:16:02 [INFO]   Record 04: Event ID: EVT3440 | Event Name: Qatar Olympic Training Camp Evaluation | Sport: Athletics ...
2026-03-27 14:16:02 [INFO]   Record 05: Event ID: EVT9708 | Event Name: National Day Football Celebration | Sport: Swimming | Venu...
2026-03-27 14:16:02 [INFO]   Record 06: Event ID: EVT4933 | Event Name: Arab Nations Championship Semi Final | Sport: Basketball |...
2026-03-27 14:16:02 [INFO]   Record 07: Event ID: EVT5140 | Event Name: Gulf Youth Cup Quarter Final | Sport: Football | Venue: Lu...
2026-03-27 14:16:02 [INFO] ------------------------------------------------------------------
2026-03-27 14:16:02 [INFO] File written successfully.
2026-03-27 14:16:02 [INFO]   Full path : /home/cloudera/mos_qatar_demo_poc/landing/mos_sports_events_20260327_141602.txt
2026-03-27 14:16:02 [INFO]   Size      : 1841 bytes
2026-03-27 14:16:02 [INFO]   Records   : 7
2026-03-27 14:16:02 [INFO] ==================================================================
2026-03-27 14:16:02 [INFO]   Generator Completed Successfully
2026-03-27 14:16:02 [INFO] ==================================================================
