2026-03-27 00:18:01 [INFO] ==================================================================
2026-03-27 00:18:01 [INFO]   MOS Qatar Demo - Sports Data Generator
2026-03-27 00:18:01 [INFO] ==================================================================
2026-03-27 00:18:01 [INFO] Config file   : /home/cloudera/mos_qatar_demo_poc/config/mos_qatar_demo.ini
2026-03-27 00:18:01 [INFO] Landing dir   : /home/cloudera/mos_qatar_demo_poc/landing
2026-03-27 00:18:01 [INFO] Output file   : mos_sports_events_20260327_001801.txt
2026-03-27 00:18:01 [INFO] Records count : 5
2026-03-27 00:18:01 [INFO] ------------------------------------------------------------------
2026-03-27 00:18:01 [INFO]   Record 01: Event ID: EVT4517 | Event Name: Doha Sports Festival Opening Match | Sport: Basketball | V...
2026-03-27 00:18:01 [INFO]   Record 02: Event ID: EVT8912 | Event Name: Gulf Youth Cup Semi Final | Sport: Football | Venue: Al Ba...
2026-03-27 00:18:01 [INFO]   Record 03: Event ID: EVT4636 | Event Name: Ramadan Football Festival | Sport: Volleyball | Venue: Asp...
2026-03-27 00:18:01 [INFO]   Record 04: Event ID: EVT9037 | Event Name: National Team Preparation Match | Sport: Basketball | Venu...
2026-03-27 00:18:01 [INFO]   Record 05: Event ID: EVT4026 | Event Name: Asian Qualifiers Warm-up Match | Sport: Football | Venue: ...
2026-03-27 00:18:01 [INFO] ------------------------------------------------------------------
2026-03-27 00:18:01 [INFO] File written successfully.
2026-03-27 00:18:01 [INFO]   Full path : /home/cloudera/mos_qatar_demo_poc/landing/mos_sports_events_20260327_001801.txt
2026-03-27 00:18:01 [INFO]   Size      : 1274 bytes
2026-03-27 00:18:01 [INFO]   Records   : 5
2026-03-27 00:18:01 [INFO] ==================================================================
2026-03-27 00:18:01 [INFO]   Generator Completed Successfully
2026-03-27 00:18:01 [INFO] ==================================================================
