2026-03-24 22:29:01 [INFO] ==================================================================
2026-03-24 22:29:01 [INFO]   MOS Qatar Demo - Sports Data Generator
2026-03-24 22:29:01 [INFO] ==================================================================
2026-03-24 22:29:01 [INFO] Config file   : /home/cloudera/mos_qatar_demo_poc/config/mos_qatar_demo.ini
2026-03-24 22:29:01 [INFO] Landing dir   : /home/cloudera/mos_qatar_demo_poc/landing
2026-03-24 22:29:01 [INFO] Output file   : mos_sports_events_20260324_222901.txt
2026-03-24 22:29:01 [INFO] Records count : 10
2026-03-24 22:29:01 [INFO] ------------------------------------------------------------------
2026-03-24 22:29:01 [INFO]   Record 01: Event ID: EVT3785 | Event Name: Qatar Cup Final | Sport: Football | Venue: Al Bayt Stadium...
2026-03-24 22:29:01 [INFO]   Record 02: Event ID: EVT4250 | Event Name: GCC Club Championship Quarter Final | Sport: Football | Ve...
2026-03-24 22:29:01 [INFO]   Record 03: Event ID: EVT5121 | Event Name: Arab Nations Championship Semi Final | Sport: Football | V...
2026-03-24 22:29:01 [INFO]   Record 04: Event ID: EVT3441 | Event Name: Qatar Olympic Training Camp Evaluation | Sport: Football |...
2026-03-24 22:29:01 [INFO]   Record 05: Event ID: EVT7279 | Event Name: Ministry Invitational Friendly Tournament | Sport: Footbal...
2026-03-24 22:29:01 [INFO]   Record 06: Event ID: EVT6965 | Event Name: Qatar Premier League Match Day 5 | Sport: Football | Venue...
2026-03-24 22:29:01 [INFO]   Record 07: Event ID: EVT5287 | Event Name: Arab Nations Championship Semi Final | Sport: Handball | V...
2026-03-24 22:29:01 [INFO]   Record 08: Event ID: EVT6027 | Event Name: Gulf Youth Cup Final | Sport: Handball | Venue: Khalifa In...
2026-03-24 22:29:01 [INFO]   Record 09: Event ID: EVT5061 | Event Name: Qatar Premier League Match Day 5 | Sport: Basketball | Ven...
2026-03-24 22:29:01 [INFO]   Record 10: Event ID: EVT4781 | Event Name: Qatar Under-20 Development League | Sport: Football | Venu...
2026-03-24 22:29:01 [INFO] ------------------------------------------------------------------
2026-03-24 22:29:01 [INFO] File written successfully.
2026-03-24 22:29:01 [INFO]   Full path : /home/cloudera/mos_qatar_demo_poc/landing/mos_sports_events_20260324_222901.txt
2026-03-24 22:29:01 [INFO]   Size      : 2596 bytes
2026-03-24 22:29:01 [INFO]   Records   : 10
2026-03-24 22:29:01 [INFO] ==================================================================
2026-03-24 22:29:01 [INFO]   Generator Completed Successfully
2026-03-24 22:29:01 [INFO] ==================================================================
