2026-03-27 15:30:02 [INFO] ==================================================================
2026-03-27 15:30:02 [INFO]   MOS Qatar Demo - Sports Data Generator
2026-03-27 15:30:02 [INFO] ==================================================================
2026-03-27 15:30:02 [INFO] Config file   : /home/cloudera/mos_qatar_demo_poc/config/mos_qatar_demo.ini
2026-03-27 15:30:02 [INFO] Landing dir   : /home/cloudera/mos_qatar_demo_poc/landing
2026-03-27 15:30:02 [INFO] Output file   : mos_sports_events_20260327_153002.txt
2026-03-27 15:30:02 [INFO] Records count : 6
2026-03-27 15:30:02 [INFO] ------------------------------------------------------------------
2026-03-27 15:30:02 [INFO]   Record 01: Event ID: EVT9803 | Event Name: Qatar Under-20 Development League | Sport: Football | Venu...
2026-03-27 15:30:02 [INFO]   Record 02: Event ID: EVT8638 | Event Name: National Day Football Celebration | Sport: Football | Venu...
2026-03-27 15:30:02 [INFO]   Record 03: Event ID: EVT2778 | Event Name: Ramadan Football Festival | Sport: Football | Venue: Al Ba...
2026-03-27 15:30:02 [INFO]   Record 04: Event ID: EVT5163 | Event Name: Gulf Youth Cup Semi Final | Sport: Football | Venue: Educa...
2026-03-27 15:30:02 [INFO]   Record 05: Event ID: EVT4108 | Event Name: Qatar Premier League Match Day 12 | Sport: Volleyball | Ve...
2026-03-27 15:30:02 [INFO]   Record 06: Event ID: EVT9123 | Event Name: National Day Football Celebration | Sport: Football | Venu...
2026-03-27 15:30:02 [INFO] ------------------------------------------------------------------
2026-03-27 15:30:02 [INFO] File written successfully.
2026-03-27 15:30:02 [INFO]   Full path : /home/cloudera/mos_qatar_demo_poc/landing/mos_sports_events_20260327_153002.txt
2026-03-27 15:30:02 [INFO]   Size      : 1582 bytes
2026-03-27 15:30:02 [INFO]   Records   : 6
2026-03-27 15:30:02 [INFO] ==================================================================
2026-03-27 15:30:02 [INFO]   Generator Completed Successfully
2026-03-27 15:30:02 [INFO] ==================================================================
