2026-03-26 04:16:01 [INFO] ==================================================================
2026-03-26 04:16:01 [INFO]   MOS Qatar Demo - Sports Data Generator
2026-03-26 04:16:01 [INFO] ==================================================================
2026-03-26 04:16:01 [INFO] Config file   : /home/cloudera/mos_qatar_demo_poc/config/mos_qatar_demo.ini
2026-03-26 04:16:01 [INFO] Landing dir   : /home/cloudera/mos_qatar_demo_poc/landing
2026-03-26 04:16:01 [INFO] Output file   : mos_sports_events_20260326_041601.txt
2026-03-26 04:16:01 [INFO] Records count : 5
2026-03-26 04:16:01 [INFO] ------------------------------------------------------------------
2026-03-26 04:16:01 [INFO]   Record 01: Event ID: EVT9204 | Event Name: Qatar Olympic Training Camp Evaluation | Sport: Football |...
2026-03-26 04:16:01 [INFO]   Record 02: Event ID: EVT8688 | Event Name: Arab Nations Championship Semi Final | Sport: Football | V...
2026-03-26 04:16:01 [INFO]   Record 03: Event ID: EVT3507 | Event Name: Qatar Schools Football League | Sport: Athletics | Venue: ...
2026-03-26 04:16:01 [INFO]   Record 04: Event ID: EVT9953 | Event Name: GCC Club Championship Quarter Final | Sport: Football | Ve...
2026-03-26 04:16:01 [INFO]   Record 05: Event ID: EVT8628 | Event Name: National Team Preparation Match | Sport: Athletics | Venue...
2026-03-26 04:16:01 [INFO] ------------------------------------------------------------------
2026-03-26 04:16:01 [INFO] File written successfully.
2026-03-26 04:16:01 [INFO]   Full path : /home/cloudera/mos_qatar_demo_poc/landing/mos_sports_events_20260326_041601.txt
2026-03-26 04:16:01 [INFO]   Size      : 1314 bytes
2026-03-26 04:16:01 [INFO]   Records   : 5
2026-03-26 04:16:01 [INFO] ==================================================================
2026-03-26 04:16:01 [INFO]   Generator Completed Successfully
2026-03-26 04:16:01 [INFO] ==================================================================
