2026-03-27 15:14:01 [INFO] ==================================================================
2026-03-27 15:14:01 [INFO]   MOS Qatar Demo - Sports Data Generator
2026-03-27 15:14:01 [INFO] ==================================================================
2026-03-27 15:14:01 [INFO] Config file   : /home/cloudera/mos_qatar_demo_poc/config/mos_qatar_demo.ini
2026-03-27 15:14:01 [INFO] Landing dir   : /home/cloudera/mos_qatar_demo_poc/landing
2026-03-27 15:14:01 [INFO] Output file   : mos_sports_events_20260327_151401.txt
2026-03-27 15:14:01 [INFO] Records count : 7
2026-03-27 15:14:01 [INFO] ------------------------------------------------------------------
2026-03-27 15:14:01 [INFO]   Record 01: Event ID: EVT4047 | Event Name: Gulf Youth Cup Quarter Final | Sport: Basketball | Venue: ...
2026-03-27 15:14:01 [INFO]   Record 02: Event ID: EVT1286 | Event Name: Qatar Cup Final | Sport: Basketball | Venue: Al Thumama St...
2026-03-27 15:14:01 [INFO]   Record 03: Event ID: EVT3093 | Event Name: Ministry Invitational Friendly Tournament | Sport: Footbal...
2026-03-27 15:14:01 [INFO]   Record 04: Event ID: EVT4192 | Event Name: National Team Preparation Match | Sport: Football | Venue:...
2026-03-27 15:14:01 [INFO]   Record 05: Event ID: EVT7133 | Event Name: Ministry Invitational Friendly Tournament | Sport: Swimmin...
2026-03-27 15:14:01 [INFO]   Record 06: Event ID: EVT5153 | Event Name: Asian Qualifiers Warm-up Match | Sport: Volleyball | Venue...
2026-03-27 15:14:01 [INFO]   Record 07: Event ID: EVT2709 | Event Name: Gulf Cup Qualifier Round 1 | Sport: Handball | Venue: Educ...
2026-03-27 15:14:01 [INFO] ------------------------------------------------------------------
2026-03-27 15:14:01 [INFO] File written successfully.
2026-03-27 15:14:01 [INFO]   Full path : /home/cloudera/mos_qatar_demo_poc/landing/mos_sports_events_20260327_151401.txt
2026-03-27 15:14:01 [INFO]   Size      : 1843 bytes
2026-03-27 15:14:01 [INFO]   Records   : 7
2026-03-27 15:14:01 [INFO] ==================================================================
2026-03-27 15:14:01 [INFO]   Generator Completed Successfully
2026-03-27 15:14:01 [INFO] ==================================================================
