2026-03-25 01:05:01 [INFO] ==================================================================
2026-03-25 01:05:01 [INFO]   MOS Qatar Demo - Sports Data Generator
2026-03-25 01:05:01 [INFO] ==================================================================
2026-03-25 01:05:01 [INFO] Config file   : /home/cloudera/mos_qatar_demo_poc/config/mos_qatar_demo.ini
2026-03-25 01:05:01 [INFO] Landing dir   : /home/cloudera/mos_qatar_demo_poc/landing
2026-03-25 01:05:01 [INFO] Output file   : mos_sports_events_20260325_010501.txt
2026-03-25 01:05:01 [INFO] Records count : 9
2026-03-25 01:05:01 [INFO] ------------------------------------------------------------------
2026-03-25 01:05:01 [INFO]   Record 01: Event ID: EVT8410 | Event Name: Qatar Cup Final | Sport: Athletics | Venue: Education City...
2026-03-25 01:05:01 [INFO]   Record 02: Event ID: EVT7242 | Event Name: Qatar Under-20 Development League | Sport: Football | Venu...
2026-03-25 01:05:01 [INFO]   Record 03: Event ID: EVT6738 | Event Name: Gulf Cup Qualifier Round 1 | Sport: Handball | Venue: Al W...
2026-03-25 01:05:01 [INFO]   Record 04: Event ID: EVT3352 | Event Name: Qatar Premier League Match Day 12 | Sport: Volleyball | Ve...
2026-03-25 01:05:01 [INFO]   Record 05: Event ID: EVT7277 | Event Name: GCC Club Championship Final | Sport: Volleyball | Venue: E...
2026-03-25 01:05:01 [INFO]   Record 06: Event ID: EVT2486 | Event Name: Qatar Olympic Training Camp Evaluation | Sport: Football |...
2026-03-25 01:05:01 [INFO]   Record 07: Event ID: EVT2814 | Event Name: Qatar Premier League Match Day 12 | Sport: Handball | Venu...
2026-03-25 01:05:01 [INFO]   Record 08: Event ID: EVT6943 | Event Name: Ramadan Football Festival | Sport: Football | Venue: Educa...
2026-03-25 01:05:01 [INFO]   Record 09: Event ID: EVT9948 | Event Name: Ministry Youth Sports Day | Sport: Athletics | Venue: Educ...
2026-03-25 01:05:01 [INFO] ------------------------------------------------------------------
2026-03-25 01:05:01 [INFO] File written successfully.
2026-03-25 01:05:01 [INFO]   Full path : /home/cloudera/mos_qatar_demo_poc/landing/mos_sports_events_20260325_010501.txt
2026-03-25 01:05:01 [INFO]   Size      : 2348 bytes
2026-03-25 01:05:01 [INFO]   Records   : 9
2026-03-25 01:05:01 [INFO] ==================================================================
2026-03-25 01:05:01 [INFO]   Generator Completed Successfully
2026-03-25 01:05:01 [INFO] ==================================================================
