2026-03-24 19:25:01 [INFO] ==================================================================
2026-03-24 19:25:01 [INFO]   MOS Qatar Demo - Sports Data Generator
2026-03-24 19:25:01 [INFO] ==================================================================
2026-03-24 19:25:01 [INFO] Config file   : /home/cloudera/mos_qatar_demo_poc/config/mos_qatar_demo.ini
2026-03-24 19:25:01 [INFO] Landing dir   : /home/cloudera/mos_qatar_demo_poc/landing
2026-03-24 19:25:01 [INFO] Output file   : mos_sports_events_20260324_192501.txt
2026-03-24 19:25:01 [INFO] Records count : 6
2026-03-24 19:25:01 [INFO] ------------------------------------------------------------------
2026-03-24 19:25:01 [INFO]   Record 01: Event ID: EVT7233 | Event Name: Gulf Youth Cup Semi Final | Sport: Football | Venue: Educa...
2026-03-24 19:25:01 [INFO]   Record 02: Event ID: EVT7612 | Event Name: GCC Club Championship Semi Final | Sport: Football | Venue...
2026-03-24 19:25:01 [INFO]   Record 03: Event ID: EVT8565 | Event Name: MOS Annual Charity Football Gala | Sport: Handball | Venue...
2026-03-24 19:25:01 [INFO]   Record 04: Event ID: EVT6690 | Event Name: Qatar Under-20 Development League | Sport: Football | Venu...
2026-03-24 19:25:01 [INFO]   Record 05: Event ID: EVT9332 | Event Name: Gulf Youth Cup Semi Final | Sport: Volleyball | Venue: Asp...
2026-03-24 19:25:01 [INFO]   Record 06: Event ID: EVT7873 | Event Name: Qatar Schools Football League | Sport: Football | Venue: A...
2026-03-24 19:25:01 [INFO] ------------------------------------------------------------------
2026-03-24 19:25:01 [INFO] File written successfully.
2026-03-24 19:25:01 [INFO]   Full path : /home/cloudera/mos_qatar_demo_poc/landing/mos_sports_events_20260324_192501.txt
2026-03-24 19:25:01 [INFO]   Size      : 1534 bytes
2026-03-24 19:25:01 [INFO]   Records   : 6
2026-03-24 19:25:01 [INFO] ==================================================================
2026-03-24 19:25:01 [INFO]   Generator Completed Successfully
2026-03-24 19:25:01 [INFO] ==================================================================
