2026-03-25 20:29:01 [INFO] ==================================================================
2026-03-25 20:29:01 [INFO]   MOS Qatar Demo - Sports Data Generator
2026-03-25 20:29:01 [INFO] ==================================================================
2026-03-25 20:29:01 [INFO] Config file   : /home/cloudera/mos_qatar_demo_poc/config/mos_qatar_demo.ini
2026-03-25 20:29:01 [INFO] Landing dir   : /home/cloudera/mos_qatar_demo_poc/landing
2026-03-25 20:29:01 [INFO] Output file   : mos_sports_events_20260325_202901.txt
2026-03-25 20:29:01 [INFO] Records count : 8
2026-03-25 20:29:01 [INFO] ------------------------------------------------------------------
2026-03-25 20:29:01 [INFO]   Record 01: Event ID: EVT7431 | Event Name: Arab Nations Championship Semi Final | Sport: Football | V...
2026-03-25 20:29:01 [INFO]   Record 02: Event ID: EVT3120 | Event Name: Arab Nations Championship Semi Final | Sport: Swimming | V...
2026-03-25 20:29:01 [INFO]   Record 03: Event ID: EVT5989 | Event Name: Ramadan Football Festival | Sport: Football | Venue: Qatar...
2026-03-25 20:29:01 [INFO]   Record 04: Event ID: EVT1135 | Event Name: Gulf Youth Cup Semi Final | Sport: Handball | Venue: Qatar...
2026-03-25 20:29:01 [INFO]   Record 05: Event ID: EVT1501 | Event Name: Ministry Invitational Friendly Tournament | Sport: Volleyb...
2026-03-25 20:29:01 [INFO]   Record 06: Event ID: EVT4419 | Event Name: Arab Nations Championship Group Stage | Sport: Football | ...
2026-03-25 20:29:01 [INFO]   Record 07: Event ID: EVT8154 | Event Name: National Day Football Celebration | Sport: Handball | Venu...
2026-03-25 20:29:01 [INFO]   Record 08: Event ID: EVT7276 | Event Name: Ministry Youth Sports Day | Sport: Football | Venue: Lusai...
2026-03-25 20:29:01 [INFO] ------------------------------------------------------------------
2026-03-25 20:29:01 [INFO] File written successfully.
2026-03-25 20:29:01 [INFO]   Full path : /home/cloudera/mos_qatar_demo_poc/landing/mos_sports_events_20260325_202901.txt
2026-03-25 20:29:01 [INFO]   Size      : 2087 bytes
2026-03-25 20:29:01 [INFO]   Records   : 8
2026-03-25 20:29:01 [INFO] ==================================================================
2026-03-25 20:29:01 [INFO]   Generator Completed Successfully
2026-03-25 20:29:01 [INFO] ==================================================================
