2026-03-26 16:23:01 [INFO] ==================================================================
2026-03-26 16:23:01 [INFO]   MOS Qatar Demo - Sports Data Generator
2026-03-26 16:23:01 [INFO] ==================================================================
2026-03-26 16:23:01 [INFO] Config file   : /home/cloudera/mos_qatar_demo_poc/config/mos_qatar_demo.ini
2026-03-26 16:23:01 [INFO] Landing dir   : /home/cloudera/mos_qatar_demo_poc/landing
2026-03-26 16:23:01 [INFO] Output file   : mos_sports_events_20260326_162301.txt
2026-03-26 16:23:01 [INFO] Records count : 10
2026-03-26 16:23:01 [INFO] ------------------------------------------------------------------
2026-03-26 16:23:01 [INFO]   Record 01: Event ID: EVT1560 | Event Name: GCC Club Championship Quarter Final | Sport: Football | Ve...
2026-03-26 16:23:01 [INFO]   Record 02: Event ID: EVT2812 | Event Name: Gulf Cup Qualifier Round 1 | Sport: Football | Venue: Qata...
2026-03-26 16:23:01 [INFO]   Record 03: Event ID: EVT7365 | Event Name: Ministry Youth Sports Day | Sport: Football | Venue: Lusai...
2026-03-26 16:23:01 [INFO]   Record 04: Event ID: EVT2950 | Event Name: Qatar Premier League Match Day 5 | Sport: Athletics | Venu...
2026-03-26 16:23:01 [INFO]   Record 05: Event ID: EVT2731 | Event Name: Gulf Youth Cup Round 1 | Sport: Handball | Venue: Al Bayt ...
2026-03-26 16:23:01 [INFO]   Record 06: Event ID: EVT7841 | Event Name: Qatar Cup Final | Sport: Handball | Venue: Khalifa Interna...
2026-03-26 16:23:01 [INFO]   Record 07: Event ID: EVT9003 | Event Name: Qatar Premier League Match Day 12 | Sport: Basketball | Ve...
2026-03-26 16:23:01 [INFO]   Record 08: Event ID: EVT9152 | Event Name: Asian Qualifiers Warm-up Match | Sport: Football | Venue: ...
2026-03-26 16:23:01 [INFO]   Record 09: Event ID: EVT9439 | Event Name: GCC Club Championship Quarter Final | Sport: Swimming | Ve...
2026-03-26 16:23:01 [INFO]   Record 10: Event ID: EVT3417 | Event Name: Qatar Under-20 Development League | Sport: Basketball | Ve...
2026-03-26 16:23:01 [INFO] ------------------------------------------------------------------
2026-03-26 16:23:01 [INFO] File written successfully.
2026-03-26 16:23:01 [INFO]   Full path : /home/cloudera/mos_qatar_demo_poc/landing/mos_sports_events_20260326_162301.txt
2026-03-26 16:23:01 [INFO]   Size      : 2584 bytes
2026-03-26 16:23:01 [INFO]   Records   : 10
2026-03-26 16:23:01 [INFO] ==================================================================
2026-03-26 16:23:01 [INFO]   Generator Completed Successfully
2026-03-26 16:23:01 [INFO] ==================================================================
