2026-03-26 17:58:01 [INFO] ==================================================================
2026-03-26 17:58:01 [INFO]   MOS Qatar Demo - Sports Data Generator
2026-03-26 17:58:01 [INFO] ==================================================================
2026-03-26 17:58:01 [INFO] Config file   : /home/cloudera/mos_qatar_demo_poc/config/mos_qatar_demo.ini
2026-03-26 17:58:01 [INFO] Landing dir   : /home/cloudera/mos_qatar_demo_poc/landing
2026-03-26 17:58:01 [INFO] Output file   : mos_sports_events_20260326_175801.txt
2026-03-26 17:58:01 [INFO] Records count : 7
2026-03-26 17:58:01 [INFO] ------------------------------------------------------------------
2026-03-26 17:58:01 [INFO]   Record 01: Event ID: EVT8774 | Event Name: GCC Club Championship Quarter Final | Sport: Swimming | Ve...
2026-03-26 17:58:01 [INFO]   Record 02: Event ID: EVT9323 | Event Name: Arab Nations Championship Group Stage | Sport: Athletics |...
2026-03-26 17:58:01 [INFO]   Record 03: Event ID: EVT7770 | Event Name: Gulf Youth Cup Round 1 | Sport: Football | Venue: Al Thuma...
2026-03-26 17:58:01 [INFO]   Record 04: Event ID: EVT9697 | Event Name: Qatar Cup Semi Final | Sport: Swimming | Venue: Al Thumama...
2026-03-26 17:58:01 [INFO]   Record 05: Event ID: EVT6801 | Event Name: Asian Qualifiers Warm-up Match | Sport: Football | Venue: ...
2026-03-26 17:58:01 [INFO]   Record 06: Event ID: EVT2692 | Event Name: Qatar Under-20 Development League | Sport: Handball | Venu...
2026-03-26 17:58:01 [INFO]   Record 07: Event ID: EVT4268 | Event Name: National Team Preparation Match | Sport: Basketball | Venu...
2026-03-26 17:58:01 [INFO] ------------------------------------------------------------------
2026-03-26 17:58:01 [INFO] File written successfully.
2026-03-26 17:58:01 [INFO]   Full path : /home/cloudera/mos_qatar_demo_poc/landing/mos_sports_events_20260326_175801.txt
2026-03-26 17:58:01 [INFO]   Size      : 1791 bytes
2026-03-26 17:58:01 [INFO]   Records   : 7
2026-03-26 17:58:01 [INFO] ==================================================================
2026-03-26 17:58:01 [INFO]   Generator Completed Successfully
2026-03-26 17:58:01 [INFO] ==================================================================
