2026-03-26 09:55:01 [INFO] ==================================================================
2026-03-26 09:55:01 [INFO]   MOS Qatar Demo - Sports Data Generator
2026-03-26 09:55:01 [INFO] ==================================================================
2026-03-26 09:55:01 [INFO] Config file   : /home/cloudera/mos_qatar_demo_poc/config/mos_qatar_demo.ini
2026-03-26 09:55:01 [INFO] Landing dir   : /home/cloudera/mos_qatar_demo_poc/landing
2026-03-26 09:55:01 [INFO] Output file   : mos_sports_events_20260326_095501.txt
2026-03-26 09:55:01 [INFO] Records count : 6
2026-03-26 09:55:01 [INFO] ------------------------------------------------------------------
2026-03-26 09:55:01 [INFO]   Record 01: Event ID: EVT5998 | Event Name: FIFA World Cup Qatar Legacy Match | Sport: Football | Venu...
2026-03-26 09:55:01 [INFO]   Record 02: Event ID: EVT9953 | Event Name: Gulf Cup Qualifier Round 1 | Sport: Volleyball | Venue: Lu...
2026-03-26 09:55:01 [INFO]   Record 03: Event ID: EVT1030 | Event Name: GCC Club Championship Final | Sport: Swimming | Venue: Al ...
2026-03-26 09:55:01 [INFO]   Record 04: Event ID: EVT6835 | Event Name: Ministry Invitational Friendly Tournament | Sport: Volleyb...
2026-03-26 09:55:01 [INFO]   Record 05: Event ID: EVT7345 | Event Name: Ministry Youth Sports Day | Sport: Football | Venue: Al Ba...
2026-03-26 09:55:01 [INFO]   Record 06: Event ID: EVT9398 | Event Name: MOS Annual Charity Football Gala | Sport: Football | Venue...
2026-03-26 09:55:01 [INFO] ------------------------------------------------------------------
2026-03-26 09:55:01 [INFO] File written successfully.
2026-03-26 09:55:01 [INFO]   Full path : /home/cloudera/mos_qatar_demo_poc/landing/mos_sports_events_20260326_095501.txt
2026-03-26 09:55:01 [INFO]   Size      : 1526 bytes
2026-03-26 09:55:01 [INFO]   Records   : 6
2026-03-26 09:55:01 [INFO] ==================================================================
2026-03-26 09:55:01 [INFO]   Generator Completed Successfully
2026-03-26 09:55:01 [INFO] ==================================================================
