2026-03-27 05:41:01 [INFO] ==================================================================
2026-03-27 05:41:01 [INFO]   MOS Qatar Demo - Sports Data Generator
2026-03-27 05:41:01 [INFO] ==================================================================
2026-03-27 05:41:01 [INFO] Config file   : /home/cloudera/mos_qatar_demo_poc/config/mos_qatar_demo.ini
2026-03-27 05:41:01 [INFO] Landing dir   : /home/cloudera/mos_qatar_demo_poc/landing
2026-03-27 05:41:01 [INFO] Output file   : mos_sports_events_20260327_054101.txt
2026-03-27 05:41:01 [INFO] Records count : 9
2026-03-27 05:41:01 [INFO] ------------------------------------------------------------------
2026-03-27 05:41:01 [INFO]   Record 01: Event ID: EVT8898 | Event Name: Doha Sports Festival Opening Match | Sport: Handball | Ven...
2026-03-27 05:41:01 [INFO]   Record 02: Event ID: EVT5673 | Event Name: Doha Sports Festival Opening Match | Sport: Football | Ven...
2026-03-27 05:41:01 [INFO]   Record 03: Event ID: EVT3543 | Event Name: Gulf Cup Qualifier Round 1 | Sport: Volleyball | Venue: Al...
2026-03-27 05:41:01 [INFO]   Record 04: Event ID: EVT9797 | Event Name: Gulf Youth Cup Final | Sport: Volleyball | Venue: Aspire Z...
2026-03-27 05:41:01 [INFO]   Record 05: Event ID: EVT6114 | Event Name: Qatar Under-20 Development League | Sport: Football | Venu...
2026-03-27 05:41:01 [INFO]   Record 06: Event ID: EVT9343 | Event Name: Arab Nations Championship Semi Final | Sport: Athletics | ...
2026-03-27 05:41:01 [INFO]   Record 07: Event ID: EVT3626 | Event Name: Asian Qualifiers Warm-up Match | Sport: Swimming | Venue: ...
2026-03-27 05:41:01 [INFO]   Record 08: Event ID: EVT7336 | Event Name: Asian Qualifiers Warm-up Match | Sport: Football | Venue: ...
2026-03-27 05:41:01 [INFO]   Record 09: Event ID: EVT9890 | Event Name: Qatar Cup Final | Sport: Football | Venue: Al Janoub Stadi...
2026-03-27 05:41:01 [INFO] ------------------------------------------------------------------
2026-03-27 05:41:01 [INFO] File written successfully.
2026-03-27 05:41:01 [INFO]   Full path : /home/cloudera/mos_qatar_demo_poc/landing/mos_sports_events_20260327_054101.txt
2026-03-27 05:41:01 [INFO]   Size      : 2329 bytes
2026-03-27 05:41:01 [INFO]   Records   : 9
2026-03-27 05:41:01 [INFO] ==================================================================
2026-03-27 05:41:01 [INFO]   Generator Completed Successfully
2026-03-27 05:41:01 [INFO] ==================================================================
