2026-03-26 09:16:01 [INFO] ==================================================================
2026-03-26 09:16:01 [INFO]   MOS Qatar Demo - Sports Data Generator
2026-03-26 09:16:01 [INFO] ==================================================================
2026-03-26 09:16:01 [INFO] Config file   : /home/cloudera/mos_qatar_demo_poc/config/mos_qatar_demo.ini
2026-03-26 09:16:01 [INFO] Landing dir   : /home/cloudera/mos_qatar_demo_poc/landing
2026-03-26 09:16:01 [INFO] Output file   : mos_sports_events_20260326_091601.txt
2026-03-26 09:16:01 [INFO] Records count : 6
2026-03-26 09:16:01 [INFO] ------------------------------------------------------------------
2026-03-26 09:16:01 [INFO]   Record 01: Event ID: EVT8401 | Event Name: Qatar Schools Football League | Sport: Football | Venue: L...
2026-03-26 09:16:01 [INFO]   Record 02: Event ID: EVT9742 | Event Name: MOS Annual Charity Football Gala | Sport: Athletics | Venu...
2026-03-26 09:16:01 [INFO]   Record 03: Event ID: EVT1651 | Event Name: Qatar Schools Football League | Sport: Football | Venue: L...
2026-03-26 09:16:01 [INFO]   Record 04: Event ID: EVT8572 | Event Name: Gulf Youth Cup Quarter Final | Sport: Football | Venue: Al...
2026-03-26 09:16:01 [INFO]   Record 05: Event ID: EVT1138 | Event Name: Gulf Youth Cup Round 1 | Sport: Football | Venue: Ahmad Bi...
2026-03-26 09:16:01 [INFO]   Record 06: Event ID: EVT4124 | Event Name: Gulf Youth Cup Round 2 | Sport: Athletics | Venue: Educati...
2026-03-26 09:16:01 [INFO] ------------------------------------------------------------------
2026-03-26 09:16:01 [INFO] File written successfully.
2026-03-26 09:16:01 [INFO]   Full path : /home/cloudera/mos_qatar_demo_poc/landing/mos_sports_events_20260326_091601.txt
2026-03-26 09:16:01 [INFO]   Size      : 1485 bytes
2026-03-26 09:16:01 [INFO]   Records   : 6
2026-03-26 09:16:01 [INFO] ==================================================================
2026-03-26 09:16:01 [INFO]   Generator Completed Successfully
2026-03-26 09:16:01 [INFO] ==================================================================
