2026-03-26 09:51:02 [INFO] ==================================================================
2026-03-26 09:51:02 [INFO]   MOS Qatar Demo - Sports Data Generator
2026-03-26 09:51:02 [INFO] ==================================================================
2026-03-26 09:51:02 [INFO] Config file   : /home/cloudera/mos_qatar_demo_poc/config/mos_qatar_demo.ini
2026-03-26 09:51:02 [INFO] Landing dir   : /home/cloudera/mos_qatar_demo_poc/landing
2026-03-26 09:51:02 [INFO] Output file   : mos_sports_events_20260326_095102.txt
2026-03-26 09:51:02 [INFO] Records count : 4
2026-03-26 09:51:02 [INFO] ------------------------------------------------------------------
2026-03-26 09:51:02 [INFO]   Record 01: Event ID: EVT8877 | Event Name: Qatar Premier League Match Day 12 | Sport: Football | Venu...
2026-03-26 09:51:02 [INFO]   Record 02: Event ID: EVT3813 | Event Name: Gulf Youth Cup Round 1 | Sport: Handball | Venue: Al Bayt ...
2026-03-26 09:51:02 [INFO]   Record 03: Event ID: EVT7852 | Event Name: GCC Club Championship Final | Sport: Football | Venue: Kha...
2026-03-26 09:51:02 [INFO]   Record 04: Event ID: EVT7944 | Event Name: Gulf Youth Cup Semi Final | Sport: Football | Venue: Qatar...
2026-03-26 09:51:02 [INFO] ------------------------------------------------------------------
2026-03-26 09:51:02 [INFO] File written successfully.
2026-03-26 09:51:02 [INFO]   Full path : /home/cloudera/mos_qatar_demo_poc/landing/mos_sports_events_20260326_095102.txt
2026-03-26 09:51:02 [INFO]   Size      : 1036 bytes
2026-03-26 09:51:02 [INFO]   Records   : 4
2026-03-26 09:51:02 [INFO] ==================================================================
2026-03-26 09:51:02 [INFO]   Generator Completed Successfully
2026-03-26 09:51:02 [INFO] ==================================================================
