2026-03-26 03:58:01 [INFO] ==================================================================
2026-03-26 03:58:01 [INFO]   MOS Qatar Demo - Sports Data Generator
2026-03-26 03:58:01 [INFO] ==================================================================
2026-03-26 03:58:01 [INFO] Config file   : /home/cloudera/mos_qatar_demo_poc/config/mos_qatar_demo.ini
2026-03-26 03:58:01 [INFO] Landing dir   : /home/cloudera/mos_qatar_demo_poc/landing
2026-03-26 03:58:01 [INFO] Output file   : mos_sports_events_20260326_035801.txt
2026-03-26 03:58:01 [INFO] Records count : 10
2026-03-26 03:58:01 [INFO] ------------------------------------------------------------------
2026-03-26 03:58:01 [INFO]   Record 01: Event ID: EVT3757 | Event Name: MOS Annual Charity Football Gala | Sport: Football | Venue...
2026-03-26 03:58:01 [INFO]   Record 02: Event ID: EVT8748 | Event Name: GCC Club Championship Semi Final | Sport: Volleyball | Ven...
2026-03-26 03:58:01 [INFO]   Record 03: Event ID: EVT4008 | Event Name: Gulf Cup Qualifier Round 1 | Sport: Athletics | Venue: Lus...
2026-03-26 03:58:01 [INFO]   Record 04: Event ID: EVT9768 | Event Name: Qatar Olympic Training Camp Evaluation | Sport: Football |...
2026-03-26 03:58:01 [INFO]   Record 05: Event ID: EVT2686 | Event Name: Gulf Youth Cup Round 1 | Sport: Football | Venue: Qatar Sp...
2026-03-26 03:58:01 [INFO]   Record 06: Event ID: EVT3201 | Event Name: Ministry Youth Sports Day | Sport: Football | Venue: Al Ba...
2026-03-26 03:58:01 [INFO]   Record 07: Event ID: EVT8608 | Event Name: Qatar Premier League Match Day 5 | Sport: Handball | Venue...
2026-03-26 03:58:01 [INFO]   Record 08: Event ID: EVT5096 | Event Name: Qatar Cup Final | Sport: Handball | Venue: Aspire Zone Are...
2026-03-26 03:58:01 [INFO]   Record 09: Event ID: EVT2564 | Event Name: Gulf Youth Cup Quarter Final | Sport: Football | Venue: Lu...
2026-03-26 03:58:01 [INFO]   Record 10: Event ID: EVT1876 | Event Name: Gulf Youth Cup Round 2 | Sport: Football | Venue: Qatar Sp...
2026-03-26 03:58:01 [INFO] ------------------------------------------------------------------
2026-03-26 03:58:01 [INFO] File written successfully.
2026-03-26 03:58:01 [INFO]   Full path : /home/cloudera/mos_qatar_demo_poc/landing/mos_sports_events_20260326_035801.txt
2026-03-26 03:58:01 [INFO]   Size      : 2488 bytes
2026-03-26 03:58:01 [INFO]   Records   : 10
2026-03-26 03:58:01 [INFO] ==================================================================
2026-03-26 03:58:01 [INFO]   Generator Completed Successfully
2026-03-26 03:58:01 [INFO] ==================================================================
