2026-03-27 00:01:02 [INFO] ==================================================================
2026-03-27 00:01:02 [INFO]   MOS Qatar Demo - Sports Data Generator
2026-03-27 00:01:02 [INFO] ==================================================================
2026-03-27 00:01:02 [INFO] Config file   : /home/cloudera/mos_qatar_demo_poc/config/mos_qatar_demo.ini
2026-03-27 00:01:02 [INFO] Landing dir   : /home/cloudera/mos_qatar_demo_poc/landing
2026-03-27 00:01:02 [INFO] Output file   : mos_sports_events_20260327_000102.txt
2026-03-27 00:01:02 [INFO] Records count : 10
2026-03-27 00:01:02 [INFO] ------------------------------------------------------------------
2026-03-27 00:01:02 [INFO]   Record 01: Event ID: EVT3591 | Event Name: Asian Qualifiers Warm-up Match | Sport: Football | Venue: ...
2026-03-27 00:01:02 [INFO]   Record 02: Event ID: EVT2277 | Event Name: Gulf Youth Cup Round 1 | Sport: Football | Venue: Khalifa ...
2026-03-27 00:01:02 [INFO]   Record 03: Event ID: EVT5704 | Event Name: Ministry Youth Sports Day | Sport: Swimming | Venue: Educa...
2026-03-27 00:01:02 [INFO]   Record 04: Event ID: EVT9678 | Event Name: FIFA World Cup Qatar Legacy Match | Sport: Football | Venu...
2026-03-27 00:01:02 [INFO]   Record 05: Event ID: EVT3108 | Event Name: Qatar Olympic Training Camp Evaluation | Sport: Football |...
2026-03-27 00:01:02 [INFO]   Record 06: Event ID: EVT7003 | Event Name: Qatar Cup Final | Sport: Football | Venue: Al Janoub Stadi...
2026-03-27 00:01:02 [INFO]   Record 07: Event ID: EVT5321 | Event Name: Qatar Under-20 Development League | Sport: Football | Venu...
2026-03-27 00:01:02 [INFO]   Record 08: Event ID: EVT8685 | Event Name: Qatar Premier League Match Day 12 | Sport: Football | Venu...
2026-03-27 00:01:02 [INFO]   Record 09: Event ID: EVT4374 | Event Name: GCC Club Championship Final | Sport: Handball | Venue: Qat...
2026-03-27 00:01:02 [INFO]   Record 10: Event ID: EVT2747 | Event Name: Gulf Youth Cup Round 2 | Sport: Swimming | Venue: Lusail S...
2026-03-27 00:01:02 [INFO] ------------------------------------------------------------------
2026-03-27 00:01:02 [INFO] File written successfully.
2026-03-27 00:01:02 [INFO]   Full path : /home/cloudera/mos_qatar_demo_poc/landing/mos_sports_events_20260327_000102.txt
2026-03-27 00:01:02 [INFO]   Size      : 2608 bytes
2026-03-27 00:01:02 [INFO]   Records   : 10
2026-03-27 00:01:02 [INFO] ==================================================================
2026-03-27 00:01:02 [INFO]   Generator Completed Successfully
2026-03-27 00:01:02 [INFO] ==================================================================
