2026-03-26 22:51:01 [INFO] ==================================================================
2026-03-26 22:51:01 [INFO]   MOS Qatar Demo - Sports Data Generator
2026-03-26 22:51:01 [INFO] ==================================================================
2026-03-26 22:51:01 [INFO] Config file   : /home/cloudera/mos_qatar_demo_poc/config/mos_qatar_demo.ini
2026-03-26 22:51:01 [INFO] Landing dir   : /home/cloudera/mos_qatar_demo_poc/landing
2026-03-26 22:51:01 [INFO] Output file   : mos_sports_events_20260326_225101.txt
2026-03-26 22:51:01 [INFO] Records count : 7
2026-03-26 22:51:01 [INFO] ------------------------------------------------------------------
2026-03-26 22:51:01 [INFO]   Record 01: Event ID: EVT4623 | Event Name: Ministry Youth Sports Day | Sport: Football | Venue: Educa...
2026-03-26 22:51:01 [INFO]   Record 02: Event ID: EVT4084 | Event Name: Gulf Youth Cup Final | Sport: Football | Venue: Al Thumama...
2026-03-26 22:51:01 [INFO]   Record 03: Event ID: EVT9973 | Event Name: Qatar Premier League Match Day 8 | Sport: Football | Venue...
2026-03-26 22:51:01 [INFO]   Record 04: Event ID: EVT6357 | Event Name: Ministry Youth Sports Day | Sport: Football | Venue: Al Ba...
2026-03-26 22:51:01 [INFO]   Record 05: Event ID: EVT4018 | Event Name: National Team Preparation Match | Sport: Football | Venue:...
2026-03-26 22:51:01 [INFO]   Record 06: Event ID: EVT9121 | Event Name: Ministry Invitational Friendly Tournament | Sport: Footbal...
2026-03-26 22:51:01 [INFO]   Record 07: Event ID: EVT5185 | Event Name: Ramadan Football Festival | Sport: Swimming | Venue: Al Ba...
2026-03-26 22:51:01 [INFO] ------------------------------------------------------------------
2026-03-26 22:51:01 [INFO] File written successfully.
2026-03-26 22:51:01 [INFO]   Full path : /home/cloudera/mos_qatar_demo_poc/landing/mos_sports_events_20260326_225101.txt
2026-03-26 22:51:01 [INFO]   Size      : 1794 bytes
2026-03-26 22:51:01 [INFO]   Records   : 7
2026-03-26 22:51:01 [INFO] ==================================================================
2026-03-26 22:51:01 [INFO]   Generator Completed Successfully
2026-03-26 22:51:01 [INFO] ==================================================================
