2026-03-27 04:10:02 [INFO] ==================================================================
2026-03-27 04:10:02 [INFO]   MOS Qatar Demo - Sports Data Generator
2026-03-27 04:10:02 [INFO] ==================================================================
2026-03-27 04:10:02 [INFO] Config file   : /home/cloudera/mos_qatar_demo_poc/config/mos_qatar_demo.ini
2026-03-27 04:10:02 [INFO] Landing dir   : /home/cloudera/mos_qatar_demo_poc/landing
2026-03-27 04:10:02 [INFO] Output file   : mos_sports_events_20260327_041002.txt
2026-03-27 04:10:02 [INFO] Records count : 10
2026-03-27 04:10:02 [INFO] ------------------------------------------------------------------
2026-03-27 04:10:02 [INFO]   Record 01: Event ID: EVT3736 | Event Name: FIFA World Cup Qatar Legacy Match | Sport: Football | Venu...
2026-03-27 04:10:02 [INFO]   Record 02: Event ID: EVT3185 | Event Name: GCC Club Championship Semi Final | Sport: Swimming | Venue...
2026-03-27 04:10:02 [INFO]   Record 03: Event ID: EVT1846 | Event Name: Arab Nations Championship Group Stage | Sport: Football | ...
2026-03-27 04:10:02 [INFO]   Record 04: Event ID: EVT4899 | Event Name: GCC Club Championship Semi Final | Sport: Football | Venue...
2026-03-27 04:10:02 [INFO]   Record 05: Event ID: EVT3536 | Event Name: Gulf Youth Cup Semi Final | Sport: Football | Venue: Aspir...
2026-03-27 04:10:02 [INFO]   Record 06: Event ID: EVT7097 | Event Name: FIFA World Cup Qatar Legacy Match | Sport: Football | Venu...
2026-03-27 04:10:02 [INFO]   Record 07: Event ID: EVT5425 | Event Name: Qatar Cup Semi Final | Sport: Football | Venue: Ahmad Bin ...
2026-03-27 04:10:02 [INFO]   Record 08: Event ID: EVT1804 | Event Name: GCC Club Championship Semi Final | Sport: Football | Venue...
2026-03-27 04:10:02 [INFO]   Record 09: Event ID: EVT6700 | Event Name: Ministry Youth Sports Day | Sport: Basketball | Venue: Lus...
2026-03-27 04:10:02 [INFO]   Record 10: Event ID: EVT4555 | Event Name: Doha Sports Festival Opening Match | Sport: Swimming | Ven...
2026-03-27 04:10:02 [INFO] ------------------------------------------------------------------
2026-03-27 04:10:02 [INFO] File written successfully.
2026-03-27 04:10:02 [INFO]   Full path : /home/cloudera/mos_qatar_demo_poc/landing/mos_sports_events_20260327_041002.txt
2026-03-27 04:10:02 [INFO]   Size      : 2592 bytes
2026-03-27 04:10:02 [INFO]   Records   : 10
2026-03-27 04:10:02 [INFO] ==================================================================
2026-03-27 04:10:02 [INFO]   Generator Completed Successfully
2026-03-27 04:10:02 [INFO] ==================================================================
