2026-03-27 19:51:01 [INFO] ==================================================================
2026-03-27 19:51:01 [INFO]   MOS Qatar Demo - Sports Data Generator
2026-03-27 19:51:01 [INFO] ==================================================================
2026-03-27 19:51:01 [INFO] Config file   : /home/cloudera/mos_qatar_demo_poc/config/mos_qatar_demo.ini
2026-03-27 19:51:01 [INFO] Landing dir   : /home/cloudera/mos_qatar_demo_poc/landing
2026-03-27 19:51:01 [INFO] Output file   : mos_sports_events_20260327_195101.txt
2026-03-27 19:51:01 [INFO] Records count : 10
2026-03-27 19:51:01 [INFO] ------------------------------------------------------------------
2026-03-27 19:51:01 [INFO]   Record 01: Event ID: EVT4510 | Event Name: Qatar Premier League Match Day 12 | Sport: Football | Venu...
2026-03-27 19:51:01 [INFO]   Record 02: Event ID: EVT5409 | Event Name: MOS Annual Charity Football Gala | Sport: Football | Venue...
2026-03-27 19:51:01 [INFO]   Record 03: Event ID: EVT3821 | Event Name: Qatar Premier League Match Day 12 | Sport: Football | Venu...
2026-03-27 19:51:01 [INFO]   Record 04: Event ID: EVT7620 | Event Name: Qatar Under-20 Development League | Sport: Swimming | Venu...
2026-03-27 19:51:01 [INFO]   Record 05: Event ID: EVT9559 | Event Name: Doha Sports Festival Opening Match | Sport: Volleyball | V...
2026-03-27 19:51:01 [INFO]   Record 06: Event ID: EVT7788 | Event Name: Qatar Olympic Training Camp Evaluation | Sport: Basketball...
2026-03-27 19:51:01 [INFO]   Record 07: Event ID: EVT4934 | Event Name: FIFA World Cup Qatar Legacy Match | Sport: Handball | Venu...
2026-03-27 19:51:01 [INFO]   Record 08: Event ID: EVT6366 | Event Name: Gulf Youth Cup Quarter Final | Sport: Football | Venue: Qa...
2026-03-27 19:51:01 [INFO]   Record 09: Event ID: EVT7895 | Event Name: Qatar Schools Football League | Sport: Volleyball | Venue:...
2026-03-27 19:51:01 [INFO]   Record 10: Event ID: EVT5474 | Event Name: Gulf Youth Cup Final | Sport: Football | Venue: Al Bayt St...
2026-03-27 19:51:01 [INFO] ------------------------------------------------------------------
2026-03-27 19:51:01 [INFO] File written successfully.
2026-03-27 19:51:01 [INFO]   Full path : /home/cloudera/mos_qatar_demo_poc/landing/mos_sports_events_20260327_195101.txt
2026-03-27 19:51:01 [INFO]   Size      : 2585 bytes
2026-03-27 19:51:01 [INFO]   Records   : 10
2026-03-27 19:51:01 [INFO] ==================================================================
2026-03-27 19:51:01 [INFO]   Generator Completed Successfully
2026-03-27 19:51:01 [INFO] ==================================================================
