2026-03-27 06:14:01 [INFO] ==================================================================
2026-03-27 06:14:01 [INFO]   MOS Qatar Demo - Sports Data Generator
2026-03-27 06:14:01 [INFO] ==================================================================
2026-03-27 06:14:01 [INFO] Config file   : /home/cloudera/mos_qatar_demo_poc/config/mos_qatar_demo.ini
2026-03-27 06:14:01 [INFO] Landing dir   : /home/cloudera/mos_qatar_demo_poc/landing
2026-03-27 06:14:01 [INFO] Output file   : mos_sports_events_20260327_061401.txt
2026-03-27 06:14:01 [INFO] Records count : 7
2026-03-27 06:14:01 [INFO] ------------------------------------------------------------------
2026-03-27 06:14:01 [INFO]   Record 01: Event ID: EVT8077 | Event Name: Qatar Premier League Match Day 5 | Sport: Basketball | Ven...
2026-03-27 06:14:01 [INFO]   Record 02: Event ID: EVT4392 | Event Name: National Day Football Celebration | Sport: Football | Venu...
2026-03-27 06:14:01 [INFO]   Record 03: Event ID: EVT1004 | Event Name: GCC Club Championship Quarter Final | Sport: Football | Ve...
2026-03-27 06:14:01 [INFO]   Record 04: Event ID: EVT6708 | Event Name: Qatar Premier League Match Day 5 | Sport: Football | Venue...
2026-03-27 06:14:01 [INFO]   Record 05: Event ID: EVT7307 | Event Name: Qatar Premier League Match Day 8 | Sport: Athletics | Venu...
2026-03-27 06:14:01 [INFO]   Record 06: Event ID: EVT2277 | Event Name: GCC Club Championship Semi Final | Sport: Basketball | Ven...
2026-03-27 06:14:01 [INFO]   Record 07: Event ID: EVT3493 | Event Name: Ministry Youth Sports Day | Sport: Football | Venue: Al Wa...
2026-03-27 06:14:01 [INFO] ------------------------------------------------------------------
2026-03-27 06:14:01 [INFO] File written successfully.
2026-03-27 06:14:01 [INFO]   Full path : /home/cloudera/mos_qatar_demo_poc/landing/mos_sports_events_20260327_061401.txt
2026-03-27 06:14:01 [INFO]   Size      : 1850 bytes
2026-03-27 06:14:01 [INFO]   Records   : 7
2026-03-27 06:14:01 [INFO] ==================================================================
2026-03-27 06:14:01 [INFO]   Generator Completed Successfully
2026-03-27 06:14:01 [INFO] ==================================================================
