2026-03-26 08:37:02 [INFO] ==================================================================
2026-03-26 08:37:02 [INFO]   MOS Qatar Demo - Sports Data Generator
2026-03-26 08:37:02 [INFO] ==================================================================
2026-03-26 08:37:02 [INFO] Config file   : /home/cloudera/mos_qatar_demo_poc/config/mos_qatar_demo.ini
2026-03-26 08:37:02 [INFO] Landing dir   : /home/cloudera/mos_qatar_demo_poc/landing
2026-03-26 08:37:02 [INFO] Output file   : mos_sports_events_20260326_083702.txt
2026-03-26 08:37:02 [INFO] Records count : 7
2026-03-26 08:37:02 [INFO] ------------------------------------------------------------------
2026-03-26 08:37:02 [INFO]   Record 01: Event ID: EVT1028 | Event Name: National Team Preparation Match | Sport: Athletics | Venue...
2026-03-26 08:37:02 [INFO]   Record 02: Event ID: EVT3737 | Event Name: National Day Football Celebration | Sport: Handball | Venu...
2026-03-26 08:37:02 [INFO]   Record 03: Event ID: EVT5387 | Event Name: GCC Club Championship Semi Final | Sport: Volleyball | Ven...
2026-03-26 08:37:02 [INFO]   Record 04: Event ID: EVT3283 | Event Name: GCC Club Championship Final | Sport: Swimming | Venue: Al ...
2026-03-26 08:37:02 [INFO]   Record 05: Event ID: EVT7504 | Event Name: GCC Club Championship Final | Sport: Swimming | Venue: Qat...
2026-03-26 08:37:02 [INFO]   Record 06: Event ID: EVT3376 | Event Name: Gulf Youth Cup Final | Sport: Football | Venue: Khalifa In...
2026-03-26 08:37:02 [INFO]   Record 07: Event ID: EVT4386 | Event Name: Qatar Premier League Match Day 5 | Sport: Volleyball | Ven...
2026-03-26 08:37:02 [INFO] ------------------------------------------------------------------
2026-03-26 08:37:02 [INFO] File written successfully.
2026-03-26 08:37:02 [INFO]   Full path : /home/cloudera/mos_qatar_demo_poc/landing/mos_sports_events_20260326_083702.txt
2026-03-26 08:37:02 [INFO]   Size      : 1798 bytes
2026-03-26 08:37:02 [INFO]   Records   : 7
2026-03-26 08:37:02 [INFO] ==================================================================
2026-03-26 08:37:02 [INFO]   Generator Completed Successfully
2026-03-26 08:37:02 [INFO] ==================================================================
