2026-03-26 03:38:02 [INFO] ==================================================================
2026-03-26 03:38:02 [INFO]   MOS Qatar Demo - Sports Data Generator
2026-03-26 03:38:02 [INFO] ==================================================================
2026-03-26 03:38:02 [INFO] Config file   : /home/cloudera/mos_qatar_demo_poc/config/mos_qatar_demo.ini
2026-03-26 03:38:02 [INFO] Landing dir   : /home/cloudera/mos_qatar_demo_poc/landing
2026-03-26 03:38:02 [INFO] Output file   : mos_sports_events_20260326_033802.txt
2026-03-26 03:38:02 [INFO] Records count : 9
2026-03-26 03:38:02 [INFO] ------------------------------------------------------------------
2026-03-26 03:38:02 [INFO]   Record 01: Event ID: EVT9154 | Event Name: Doha Sports Festival Opening Match | Sport: Swimming | Ven...
2026-03-26 03:38:02 [INFO]   Record 02: Event ID: EVT7912 | Event Name: Gulf Cup Qualifier Round 1 | Sport: Handball | Venue: Ahma...
2026-03-26 03:38:02 [INFO]   Record 03: Event ID: EVT3630 | Event Name: Qatar Schools Football League | Sport: Handball | Venue: A...
2026-03-26 03:38:02 [INFO]   Record 04: Event ID: EVT4090 | Event Name: Gulf Youth Cup Final | Sport: Football | Venue: Khalifa In...
2026-03-26 03:38:02 [INFO]   Record 05: Event ID: EVT9329 | Event Name: Gulf Youth Cup Round 2 | Sport: Volleyball | Venue: Al Wak...
2026-03-26 03:38:02 [INFO]   Record 06: Event ID: EVT5343 | Event Name: Gulf Youth Cup Round 1 | Sport: Football | Venue: Al Bayt ...
2026-03-26 03:38:02 [INFO]   Record 07: Event ID: EVT1525 | Event Name: National Day Football Celebration | Sport: Athletics | Ven...
2026-03-26 03:38:02 [INFO]   Record 08: Event ID: EVT1650 | Event Name: Gulf Youth Cup Round 2 | Sport: Athletics | Venue: Al Jano...
2026-03-26 03:38:02 [INFO]   Record 09: Event ID: EVT2707 | Event Name: FIFA World Cup Qatar Legacy Match | Sport: Basketball | Ve...
2026-03-26 03:38:02 [INFO] ------------------------------------------------------------------
2026-03-26 03:38:02 [INFO] File written successfully.
2026-03-26 03:38:02 [INFO]   Full path : /home/cloudera/mos_qatar_demo_poc/landing/mos_sports_events_20260326_033802.txt
2026-03-26 03:38:02 [INFO]   Size      : 2299 bytes
2026-03-26 03:38:02 [INFO]   Records   : 9
2026-03-26 03:38:02 [INFO] ==================================================================
2026-03-26 03:38:02 [INFO]   Generator Completed Successfully
2026-03-26 03:38:02 [INFO] ==================================================================
