2026-03-27 07:08:01 [INFO] ==================================================================
2026-03-27 07:08:01 [INFO]   MOS Qatar Demo - Sports Data Generator
2026-03-27 07:08:01 [INFO] ==================================================================
2026-03-27 07:08:01 [INFO] Config file   : /home/cloudera/mos_qatar_demo_poc/config/mos_qatar_demo.ini
2026-03-27 07:08:01 [INFO] Landing dir   : /home/cloudera/mos_qatar_demo_poc/landing
2026-03-27 07:08:01 [INFO] Output file   : mos_sports_events_20260327_070801.txt
2026-03-27 07:08:01 [INFO] Records count : 8
2026-03-27 07:08:01 [INFO] ------------------------------------------------------------------
2026-03-27 07:08:01 [INFO]   Record 01: Event ID: EVT6531 | Event Name: Ministry Invitational Friendly Tournament | Sport: Volleyb...
2026-03-27 07:08:01 [INFO]   Record 02: Event ID: EVT5660 | Event Name: Doha Sports Festival Opening Match | Sport: Football | Ven...
2026-03-27 07:08:01 [INFO]   Record 03: Event ID: EVT3496 | Event Name: Arab Nations Championship Group Stage | Sport: Football | ...
2026-03-27 07:08:01 [INFO]   Record 04: Event ID: EVT8775 | Event Name: Gulf Youth Cup Round 2 | Sport: Football | Venue: Al Bayt ...
2026-03-27 07:08:01 [INFO]   Record 05: Event ID: EVT2963 | Event Name: MOS Annual Charity Football Gala | Sport: Basketball | Ven...
2026-03-27 07:08:01 [INFO]   Record 06: Event ID: EVT5989 | Event Name: Qatar Cup Semi Final | Sport: Football | Venue: Education ...
2026-03-27 07:08:01 [INFO]   Record 07: Event ID: EVT4598 | Event Name: Arab Nations Championship Group Stage | Sport: Swimming | ...
2026-03-27 07:08:01 [INFO]   Record 08: Event ID: EVT3040 | Event Name: Gulf Youth Cup Final | Sport: Football | Venue: Al Thumama...
2026-03-27 07:08:01 [INFO] ------------------------------------------------------------------
2026-03-27 07:08:01 [INFO] File written successfully.
2026-03-27 07:08:01 [INFO]   Full path : /home/cloudera/mos_qatar_demo_poc/landing/mos_sports_events_20260327_070801.txt
2026-03-27 07:08:01 [INFO]   Size      : 2086 bytes
2026-03-27 07:08:01 [INFO]   Records   : 8
2026-03-27 07:08:01 [INFO] ==================================================================
2026-03-27 07:08:01 [INFO]   Generator Completed Successfully
2026-03-27 07:08:01 [INFO] ==================================================================
