2026-03-27 13:16:01 [INFO] ==================================================================
2026-03-27 13:16:01 [INFO]   MOS Qatar Demo - Sports Data Generator
2026-03-27 13:16:01 [INFO] ==================================================================
2026-03-27 13:16:01 [INFO] Config file   : /home/cloudera/mos_qatar_demo_poc/config/mos_qatar_demo.ini
2026-03-27 13:16:01 [INFO] Landing dir   : /home/cloudera/mos_qatar_demo_poc/landing
2026-03-27 13:16:01 [INFO] Output file   : mos_sports_events_20260327_131601.txt
2026-03-27 13:16:01 [INFO] Records count : 7
2026-03-27 13:16:01 [INFO] ------------------------------------------------------------------
2026-03-27 13:16:01 [INFO]   Record 01: Event ID: EVT1033 | Event Name: Gulf Youth Cup Final | Sport: Football | Venue: Al Janoub ...
2026-03-27 13:16:01 [INFO]   Record 02: Event ID: EVT3946 | Event Name: Qatar Premier League Match Day 8 | Sport: Athletics | Venu...
2026-03-27 13:16:01 [INFO]   Record 03: Event ID: EVT3609 | Event Name: Qatar Cup Final | Sport: Football | Venue: Al Thumama Stad...
2026-03-27 13:16:01 [INFO]   Record 04: Event ID: EVT4735 | Event Name: Arab Nations Championship Semi Final | Sport: Football | V...
2026-03-27 13:16:01 [INFO]   Record 05: Event ID: EVT2542 | Event Name: Qatar Premier League Match Day 5 | Sport: Basketball | Ven...
2026-03-27 13:16:01 [INFO]   Record 06: Event ID: EVT6180 | Event Name: GCC Club Championship Final | Sport: Basketball | Venue: A...
2026-03-27 13:16:01 [INFO]   Record 07: Event ID: EVT4873 | Event Name: Qatar Premier League Match Day 5 | Sport: Basketball | Ven...
2026-03-27 13:16:01 [INFO] ------------------------------------------------------------------
2026-03-27 13:16:01 [INFO] File written successfully.
2026-03-27 13:16:01 [INFO]   Full path : /home/cloudera/mos_qatar_demo_poc/landing/mos_sports_events_20260327_131601.txt
2026-03-27 13:16:01 [INFO]   Size      : 1804 bytes
2026-03-27 13:16:01 [INFO]   Records   : 7
2026-03-27 13:16:01 [INFO] ==================================================================
2026-03-27 13:16:01 [INFO]   Generator Completed Successfully
2026-03-27 13:16:01 [INFO] ==================================================================
