2026-03-27 09:28:01 [INFO] ==================================================================
2026-03-27 09:28:01 [INFO]   MOS Qatar Demo - Sports Data Generator
2026-03-27 09:28:01 [INFO] ==================================================================
2026-03-27 09:28:01 [INFO] Config file   : /home/cloudera/mos_qatar_demo_poc/config/mos_qatar_demo.ini
2026-03-27 09:28:01 [INFO] Landing dir   : /home/cloudera/mos_qatar_demo_poc/landing
2026-03-27 09:28:01 [INFO] Output file   : mos_sports_events_20260327_092801.txt
2026-03-27 09:28:01 [INFO] Records count : 8
2026-03-27 09:28:01 [INFO] ------------------------------------------------------------------
2026-03-27 09:28:01 [INFO]   Record 01: Event ID: EVT5030 | Event Name: Ministry Invitational Friendly Tournament | Sport: Footbal...
2026-03-27 09:28:01 [INFO]   Record 02: Event ID: EVT6519 | Event Name: Arab Nations Championship Semi Final | Sport: Football | V...
2026-03-27 09:28:01 [INFO]   Record 03: Event ID: EVT7173 | Event Name: GCC Club Championship Final | Sport: Football | Venue: Asp...
2026-03-27 09:28:01 [INFO]   Record 04: Event ID: EVT9013 | Event Name: Qatar Premier League Match Day 8 | Sport: Football | Venue...
2026-03-27 09:28:01 [INFO]   Record 05: Event ID: EVT9639 | Event Name: Gulf Youth Cup Final | Sport: Football | Venue: Education ...
2026-03-27 09:28:01 [INFO]   Record 06: Event ID: EVT9898 | Event Name: GCC Club Championship Semi Final | Sport: Swimming | Venue...
2026-03-27 09:28:01 [INFO]   Record 07: Event ID: EVT6721 | Event Name: GCC Club Championship Quarter Final | Sport: Football | Ve...
2026-03-27 09:28:01 [INFO]   Record 08: Event ID: EVT8979 | Event Name: Qatar Premier League Match Day 12 | Sport: Football | Venu...
2026-03-27 09:28:01 [INFO] ------------------------------------------------------------------
2026-03-27 09:28:01 [INFO] File written successfully.
2026-03-27 09:28:01 [INFO]   Full path : /home/cloudera/mos_qatar_demo_poc/landing/mos_sports_events_20260327_092801.txt
2026-03-27 09:28:01 [INFO]   Size      : 2077 bytes
2026-03-27 09:28:01 [INFO]   Records   : 8
2026-03-27 09:28:01 [INFO] ==================================================================
2026-03-27 09:28:01 [INFO]   Generator Completed Successfully
2026-03-27 09:28:01 [INFO] ==================================================================
