2026-03-26 16:42:01 [INFO] ==================================================================
2026-03-26 16:42:01 [INFO]   MOS Qatar Demo - Sports Data Generator
2026-03-26 16:42:01 [INFO] ==================================================================
2026-03-26 16:42:01 [INFO] Config file   : /home/cloudera/mos_qatar_demo_poc/config/mos_qatar_demo.ini
2026-03-26 16:42:01 [INFO] Landing dir   : /home/cloudera/mos_qatar_demo_poc/landing
2026-03-26 16:42:01 [INFO] Output file   : mos_sports_events_20260326_164201.txt
2026-03-26 16:42:01 [INFO] Records count : 8
2026-03-26 16:42:01 [INFO] ------------------------------------------------------------------
2026-03-26 16:42:01 [INFO]   Record 01: Event ID: EVT3274 | Event Name: Ministry Youth Sports Day | Sport: Football | Venue: Ahmad...
2026-03-26 16:42:01 [INFO]   Record 02: Event ID: EVT6889 | Event Name: Ramadan Football Festival | Sport: Volleyball | Venue: Ahm...
2026-03-26 16:42:01 [INFO]   Record 03: Event ID: EVT1376 | Event Name: Asian Qualifiers Warm-up Match | Sport: Athletics | Venue:...
2026-03-26 16:42:01 [INFO]   Record 04: Event ID: EVT8392 | Event Name: Qatar Olympic Training Camp Evaluation | Sport: Volleyball...
2026-03-26 16:42:01 [INFO]   Record 05: Event ID: EVT4020 | Event Name: National Day Football Celebration | Sport: Basketball | Ve...
2026-03-26 16:42:01 [INFO]   Record 06: Event ID: EVT8538 | Event Name: Gulf Youth Cup Round 1 | Sport: Basketball | Venue: Al Thu...
2026-03-26 16:42:01 [INFO]   Record 07: Event ID: EVT4395 | Event Name: Qatar Premier League Match Day 8 | Sport: Football | Venue...
2026-03-26 16:42:01 [INFO]   Record 08: Event ID: EVT2872 | Event Name: National Day Football Celebration | Sport: Volleyball | Ve...
2026-03-26 16:42:01 [INFO] ------------------------------------------------------------------
2026-03-26 16:42:01 [INFO] File written successfully.
2026-03-26 16:42:01 [INFO]   Full path : /home/cloudera/mos_qatar_demo_poc/landing/mos_sports_events_20260326_164201.txt
2026-03-26 16:42:01 [INFO]   Size      : 2081 bytes
2026-03-26 16:42:01 [INFO]   Records   : 8
2026-03-26 16:42:01 [INFO] ==================================================================
2026-03-26 16:42:01 [INFO]   Generator Completed Successfully
2026-03-26 16:42:01 [INFO] ==================================================================
