2026-03-26 07:56:01 [INFO] ==================================================================
2026-03-26 07:56:01 [INFO]   MOS Qatar Demo - Sports Data Generator
2026-03-26 07:56:01 [INFO] ==================================================================
2026-03-26 07:56:01 [INFO] Config file   : /home/cloudera/mos_qatar_demo_poc/config/mos_qatar_demo.ini
2026-03-26 07:56:01 [INFO] Landing dir   : /home/cloudera/mos_qatar_demo_poc/landing
2026-03-26 07:56:01 [INFO] Output file   : mos_sports_events_20260326_075601.txt
2026-03-26 07:56:01 [INFO] Records count : 10
2026-03-26 07:56:01 [INFO] ------------------------------------------------------------------
2026-03-26 07:56:01 [INFO]   Record 01: Event ID: EVT5177 | Event Name: GCC Club Championship Quarter Final | Sport: Football | Ve...
2026-03-26 07:56:01 [INFO]   Record 02: Event ID: EVT4579 | Event Name: MOS Annual Charity Football Gala | Sport: Football | Venue...
2026-03-26 07:56:01 [INFO]   Record 03: Event ID: EVT1149 | Event Name: Doha Sports Festival Opening Match | Sport: Volleyball | V...
2026-03-26 07:56:01 [INFO]   Record 04: Event ID: EVT4494 | Event Name: MOS Annual Charity Football Gala | Sport: Football | Venue...
2026-03-26 07:56:01 [INFO]   Record 05: Event ID: EVT6806 | Event Name: MOS Annual Charity Football Gala | Sport: Football | Venue...
2026-03-26 07:56:01 [INFO]   Record 06: Event ID: EVT7018 | Event Name: MOS Annual Charity Football Gala | Sport: Football | Venue...
2026-03-26 07:56:01 [INFO]   Record 07: Event ID: EVT9877 | Event Name: Qatar Cup Semi Final | Sport: Football | Venue: Lusail Sta...
2026-03-26 07:56:01 [INFO]   Record 08: Event ID: EVT7500 | Event Name: GCC Club Championship Semi Final | Sport: Football | Venue...
2026-03-26 07:56:01 [INFO]   Record 09: Event ID: EVT3018 | Event Name: Qatar Premier League Match Day 12 | Sport: Volleyball | Ve...
2026-03-26 07:56:01 [INFO]   Record 10: Event ID: EVT6087 | Event Name: Gulf Youth Cup Round 2 | Sport: Football | Venue: Al Bayt ...
2026-03-26 07:56:01 [INFO] ------------------------------------------------------------------
2026-03-26 07:56:01 [INFO] File written successfully.
2026-03-26 07:56:01 [INFO]   Full path : /home/cloudera/mos_qatar_demo_poc/landing/mos_sports_events_20260326_075601.txt
2026-03-26 07:56:01 [INFO]   Size      : 2557 bytes
2026-03-26 07:56:01 [INFO]   Records   : 10
2026-03-26 07:56:01 [INFO] ==================================================================
2026-03-26 07:56:01 [INFO]   Generator Completed Successfully
2026-03-26 07:56:01 [INFO] ==================================================================
