2026-03-26 17:10:01 [INFO] ==================================================================
2026-03-26 17:10:01 [INFO]   MOS Qatar Demo - Sports Data Generator
2026-03-26 17:10:01 [INFO] ==================================================================
2026-03-26 17:10:01 [INFO] Config file   : /home/cloudera/mos_qatar_demo_poc/config/mos_qatar_demo.ini
2026-03-26 17:10:01 [INFO] Landing dir   : /home/cloudera/mos_qatar_demo_poc/landing
2026-03-26 17:10:01 [INFO] Output file   : mos_sports_events_20260326_171001.txt
2026-03-26 17:10:01 [INFO] Records count : 9
2026-03-26 17:10:01 [INFO] ------------------------------------------------------------------
2026-03-26 17:10:01 [INFO]   Record 01: Event ID: EVT2010 | Event Name: GCC Club Championship Semi Final | Sport: Football | Venue...
2026-03-26 17:10:01 [INFO]   Record 02: Event ID: EVT6809 | Event Name: Qatar Premier League Match Day 8 | Sport: Football | Venue...
2026-03-26 17:10:01 [INFO]   Record 03: Event ID: EVT3936 | Event Name: Arab Nations Championship Group Stage | Sport: Football | ...
2026-03-26 17:10:01 [INFO]   Record 04: Event ID: EVT1130 | Event Name: Gulf Youth Cup Quarter Final | Sport: Swimming | Venue: Al...
2026-03-26 17:10:01 [INFO]   Record 05: Event ID: EVT4857 | Event Name: Qatar Schools Football League | Sport: Handball | Venue: A...
2026-03-26 17:10:01 [INFO]   Record 06: Event ID: EVT1250 | Event Name: Ministry Youth Sports Day | Sport: Athletics | Venue: Al T...
2026-03-26 17:10:01 [INFO]   Record 07: Event ID: EVT8776 | Event Name: Gulf Youth Cup Round 2 | Sport: Football | Venue: Al Thuma...
2026-03-26 17:10:01 [INFO]   Record 08: Event ID: EVT2939 | Event Name: National Team Preparation Match | Sport: Athletics | Venue...
2026-03-26 17:10:01 [INFO]   Record 09: Event ID: EVT4270 | Event Name: Gulf Cup Qualifier Round 1 | Sport: Athletics | Venue: Lus...
2026-03-26 17:10:01 [INFO] ------------------------------------------------------------------
2026-03-26 17:10:01 [INFO] File written successfully.
2026-03-26 17:10:01 [INFO]   Full path : /home/cloudera/mos_qatar_demo_poc/landing/mos_sports_events_20260326_171001.txt
2026-03-26 17:10:01 [INFO]   Size      : 2328 bytes
2026-03-26 17:10:01 [INFO]   Records   : 9
2026-03-26 17:10:01 [INFO] ==================================================================
2026-03-26 17:10:01 [INFO]   Generator Completed Successfully
2026-03-26 17:10:01 [INFO] ==================================================================
