2026-03-25 00:33:01 [INFO] ==================================================================
2026-03-25 00:33:01 [INFO]   MOS Qatar Demo - Sports Data Generator
2026-03-25 00:33:01 [INFO] ==================================================================
2026-03-25 00:33:01 [INFO] Config file   : /home/cloudera/mos_qatar_demo_poc/config/mos_qatar_demo.ini
2026-03-25 00:33:01 [INFO] Landing dir   : /home/cloudera/mos_qatar_demo_poc/landing
2026-03-25 00:33:01 [INFO] Output file   : mos_sports_events_20260325_003301.txt
2026-03-25 00:33:01 [INFO] Records count : 8
2026-03-25 00:33:01 [INFO] ------------------------------------------------------------------
2026-03-25 00:33:01 [INFO]   Record 01: Event ID: EVT6488 | Event Name: Qatar Premier League Match Day 5 | Sport: Handball | Venue...
2026-03-25 00:33:01 [INFO]   Record 02: Event ID: EVT1240 | Event Name: Qatar Premier League Match Day 5 | Sport: Football | Venue...
2026-03-25 00:33:01 [INFO]   Record 03: Event ID: EVT6282 | Event Name: Qatar Premier League Match Day 8 | Sport: Football | Venue...
2026-03-25 00:33:01 [INFO]   Record 04: Event ID: EVT4482 | Event Name: FIFA World Cup Qatar Legacy Match | Sport: Football | Venu...
2026-03-25 00:33:01 [INFO]   Record 05: Event ID: EVT1340 | Event Name: Gulf Cup Qualifier Round 1 | Sport: Basketball | Venue: Qa...
2026-03-25 00:33:01 [INFO]   Record 06: Event ID: EVT1868 | Event Name: Ramadan Football Festival | Sport: Swimming | Venue: Qatar...
2026-03-25 00:33:01 [INFO]   Record 07: Event ID: EVT4838 | Event Name: Arab Nations Championship Group Stage | Sport: Football | ...
2026-03-25 00:33:01 [INFO]   Record 08: Event ID: EVT5016 | Event Name: Qatar Premier League Match Day 5 | Sport: Football | Venue...
2026-03-25 00:33:01 [INFO] ------------------------------------------------------------------
2026-03-25 00:33:01 [INFO] File written successfully.
2026-03-25 00:33:01 [INFO]   Full path : /home/cloudera/mos_qatar_demo_poc/landing/mos_sports_events_20260325_003301.txt
2026-03-25 00:33:01 [INFO]   Size      : 2076 bytes
2026-03-25 00:33:01 [INFO]   Records   : 8
2026-03-25 00:33:01 [INFO] ==================================================================
2026-03-25 00:33:01 [INFO]   Generator Completed Successfully
2026-03-25 00:33:01 [INFO] ==================================================================
