2026-03-26 10:47:02 [INFO] ==================================================================
2026-03-26 10:47:02 [INFO]   MOS Qatar Demo - Sports Data Generator
2026-03-26 10:47:02 [INFO] ==================================================================
2026-03-26 10:47:02 [INFO] Config file   : /home/cloudera/mos_qatar_demo_poc/config/mos_qatar_demo.ini
2026-03-26 10:47:02 [INFO] Landing dir   : /home/cloudera/mos_qatar_demo_poc/landing
2026-03-26 10:47:02 [INFO] Output file   : mos_sports_events_20260326_104702.txt
2026-03-26 10:47:02 [INFO] Records count : 6
2026-03-26 10:47:02 [INFO] ------------------------------------------------------------------
2026-03-26 10:47:02 [INFO]   Record 01: Event ID: EVT7404 | Event Name: Qatar Schools Football League | Sport: Handball | Venue: A...
2026-03-26 10:47:02 [INFO]   Record 02: Event ID: EVT3345 | Event Name: Asian Qualifiers Warm-up Match | Sport: Athletics | Venue:...
2026-03-26 10:47:02 [INFO]   Record 03: Event ID: EVT5010 | Event Name: GCC Club Championship Final | Sport: Swimming | Venue: Al ...
2026-03-26 10:47:02 [INFO]   Record 04: Event ID: EVT2117 | Event Name: Gulf Youth Cup Semi Final | Sport: Football | Venue: Qatar...
2026-03-26 10:47:02 [INFO]   Record 05: Event ID: EVT4718 | Event Name: Qatar Premier League Match Day 12 | Sport: Volleyball | Ve...
2026-03-26 10:47:02 [INFO]   Record 06: Event ID: EVT3497 | Event Name: Arab Nations Championship Group Stage | Sport: Handball | ...
2026-03-26 10:47:02 [INFO] ------------------------------------------------------------------
2026-03-26 10:47:02 [INFO] File written successfully.
2026-03-26 10:47:02 [INFO]   Full path : /home/cloudera/mos_qatar_demo_poc/landing/mos_sports_events_20260326_104702.txt
2026-03-26 10:47:02 [INFO]   Size      : 1585 bytes
2026-03-26 10:47:02 [INFO]   Records   : 6
2026-03-26 10:47:02 [INFO] ==================================================================
2026-03-26 10:47:02 [INFO]   Generator Completed Successfully
2026-03-26 10:47:02 [INFO] ==================================================================
