2026-03-27 00:13:01 [INFO] ==================================================================
2026-03-27 00:13:01 [INFO]   MOS Qatar Demo - Sports Data Generator
2026-03-27 00:13:01 [INFO] ==================================================================
2026-03-27 00:13:01 [INFO] Config file   : /home/cloudera/mos_qatar_demo_poc/config/mos_qatar_demo.ini
2026-03-27 00:13:01 [INFO] Landing dir   : /home/cloudera/mos_qatar_demo_poc/landing
2026-03-27 00:13:01 [INFO] Output file   : mos_sports_events_20260327_001301.txt
2026-03-27 00:13:01 [INFO] Records count : 7
2026-03-27 00:13:01 [INFO] ------------------------------------------------------------------
2026-03-27 00:13:01 [INFO]   Record 01: Event ID: EVT8418 | Event Name: Qatar Premier League Match Day 5 | Sport: Football | Venue...
2026-03-27 00:13:01 [INFO]   Record 02: Event ID: EVT9681 | Event Name: Ministry Youth Sports Day | Sport: Football | Venue: Aspir...
2026-03-27 00:13:01 [INFO]   Record 03: Event ID: EVT8299 | Event Name: Gulf Youth Cup Round 1 | Sport: Football | Venue: Educatio...
2026-03-27 00:13:01 [INFO]   Record 04: Event ID: EVT3423 | Event Name: Qatar Premier League Match Day 8 | Sport: Athletics | Venu...
2026-03-27 00:13:01 [INFO]   Record 05: Event ID: EVT7248 | Event Name: Qatar Premier League Match Day 5 | Sport: Volleyball | Ven...
2026-03-27 00:13:01 [INFO]   Record 06: Event ID: EVT4862 | Event Name: GCC Club Championship Semi Final | Sport: Volleyball | Ven...
2026-03-27 00:13:01 [INFO]   Record 07: Event ID: EVT5249 | Event Name: Arab Nations Championship Semi Final | Sport: Football | V...
2026-03-27 00:13:01 [INFO] ------------------------------------------------------------------
2026-03-27 00:13:01 [INFO] File written successfully.
2026-03-27 00:13:01 [INFO]   Full path : /home/cloudera/mos_qatar_demo_poc/landing/mos_sports_events_20260327_001301.txt
2026-03-27 00:13:01 [INFO]   Size      : 1807 bytes
2026-03-27 00:13:01 [INFO]   Records   : 7
2026-03-27 00:13:01 [INFO] ==================================================================
2026-03-27 00:13:01 [INFO]   Generator Completed Successfully
2026-03-27 00:13:01 [INFO] ==================================================================
