2026-03-26 04:11:01 [INFO] ==================================================================
2026-03-26 04:11:01 [INFO]   MOS Qatar Demo - Sports Data Generator
2026-03-26 04:11:01 [INFO] ==================================================================
2026-03-26 04:11:01 [INFO] Config file   : /home/cloudera/mos_qatar_demo_poc/config/mos_qatar_demo.ini
2026-03-26 04:11:01 [INFO] Landing dir   : /home/cloudera/mos_qatar_demo_poc/landing
2026-03-26 04:11:01 [INFO] Output file   : mos_sports_events_20260326_041101.txt
2026-03-26 04:11:01 [INFO] Records count : 9
2026-03-26 04:11:01 [INFO] ------------------------------------------------------------------
2026-03-26 04:11:01 [INFO]   Record 01: Event ID: EVT7139 | Event Name: GCC Club Championship Semi Final | Sport: Football | Venue...
2026-03-26 04:11:01 [INFO]   Record 02: Event ID: EVT9145 | Event Name: Qatar Schools Football League | Sport: Volleyball | Venue:...
2026-03-26 04:11:01 [INFO]   Record 03: Event ID: EVT8650 | Event Name: Ministry Invitational Friendly Tournament | Sport: Footbal...
2026-03-26 04:11:01 [INFO]   Record 04: Event ID: EVT9920 | Event Name: Qatar Premier League Match Day 5 | Sport: Football | Venue...
2026-03-26 04:11:01 [INFO]   Record 05: Event ID: EVT5313 | Event Name: Doha Sports Festival Opening Match | Sport: Football | Ven...
2026-03-26 04:11:01 [INFO]   Record 06: Event ID: EVT4340 | Event Name: FIFA World Cup Qatar Legacy Match | Sport: Basketball | Ve...
2026-03-26 04:11:01 [INFO]   Record 07: Event ID: EVT2358 | Event Name: Qatar Schools Football League | Sport: Swimming | Venue: A...
2026-03-26 04:11:01 [INFO]   Record 08: Event ID: EVT6013 | Event Name: Doha Sports Festival Opening Match | Sport: Handball | Ven...
2026-03-26 04:11:01 [INFO]   Record 09: Event ID: EVT5411 | Event Name: Ministry Youth Sports Day | Sport: Football | Venue: Khali...
2026-03-26 04:11:01 [INFO] ------------------------------------------------------------------
2026-03-26 04:11:01 [INFO] File written successfully.
2026-03-26 04:11:01 [INFO]   Full path : /home/cloudera/mos_qatar_demo_poc/landing/mos_sports_events_20260326_041101.txt
2026-03-26 04:11:01 [INFO]   Size      : 2393 bytes
2026-03-26 04:11:01 [INFO]   Records   : 9
2026-03-26 04:11:01 [INFO] ==================================================================
2026-03-26 04:11:01 [INFO]   Generator Completed Successfully
2026-03-26 04:11:01 [INFO] ==================================================================
