2026-03-27 15:28:02 [INFO] ==================================================================
2026-03-27 15:28:02 [INFO]   MOS Qatar Demo - Sports Data Generator
2026-03-27 15:28:02 [INFO] ==================================================================
2026-03-27 15:28:02 [INFO] Config file   : /home/cloudera/mos_qatar_demo_poc/config/mos_qatar_demo.ini
2026-03-27 15:28:02 [INFO] Landing dir   : /home/cloudera/mos_qatar_demo_poc/landing
2026-03-27 15:28:02 [INFO] Output file   : mos_sports_events_20260327_152802.txt
2026-03-27 15:28:02 [INFO] Records count : 7
2026-03-27 15:28:02 [INFO] ------------------------------------------------------------------
2026-03-27 15:28:02 [INFO]   Record 01: Event ID: EVT9230 | Event Name: Qatar Premier League Match Day 8 | Sport: Handball | Venue...
2026-03-27 15:28:02 [INFO]   Record 02: Event ID: EVT5949 | Event Name: Qatar Premier League Match Day 12 | Sport: Basketball | Ve...
2026-03-27 15:28:02 [INFO]   Record 03: Event ID: EVT8354 | Event Name: National Day Football Celebration | Sport: Swimming | Venu...
2026-03-27 15:28:02 [INFO]   Record 04: Event ID: EVT7334 | Event Name: Ramadan Football Festival | Sport: Football | Venue: Ahmad...
2026-03-27 15:28:02 [INFO]   Record 05: Event ID: EVT3726 | Event Name: Qatar Cup Final | Sport: Volleyball | Venue: Qatar Sports ...
2026-03-27 15:28:02 [INFO]   Record 06: Event ID: EVT4397 | Event Name: Qatar Olympic Training Camp Evaluation | Sport: Football |...
2026-03-27 15:28:02 [INFO]   Record 07: Event ID: EVT1299 | Event Name: Ministry Invitational Friendly Tournament | Sport: Footbal...
2026-03-27 15:28:02 [INFO] ------------------------------------------------------------------
2026-03-27 15:28:02 [INFO] File written successfully.
2026-03-27 15:28:02 [INFO]   Full path : /home/cloudera/mos_qatar_demo_poc/landing/mos_sports_events_20260327_152802.txt
2026-03-27 15:28:02 [INFO]   Size      : 1823 bytes
2026-03-27 15:28:02 [INFO]   Records   : 7
2026-03-27 15:28:02 [INFO] ==================================================================
2026-03-27 15:28:02 [INFO]   Generator Completed Successfully
2026-03-27 15:28:02 [INFO] ==================================================================
