2026-03-26 22:20:02 [INFO] ==================================================================
2026-03-26 22:20:02 [INFO]   MOS Qatar Demo - Sports Data Generator
2026-03-26 22:20:02 [INFO] ==================================================================
2026-03-26 22:20:02 [INFO] Config file   : /home/cloudera/mos_qatar_demo_poc/config/mos_qatar_demo.ini
2026-03-26 22:20:02 [INFO] Landing dir   : /home/cloudera/mos_qatar_demo_poc/landing
2026-03-26 22:20:02 [INFO] Output file   : mos_sports_events_20260326_222002.txt
2026-03-26 22:20:02 [INFO] Records count : 7
2026-03-26 22:20:02 [INFO] ------------------------------------------------------------------
2026-03-26 22:20:02 [INFO]   Record 01: Event ID: EVT6093 | Event Name: Qatar Premier League Match Day 5 | Sport: Football | Venue...
2026-03-26 22:20:02 [INFO]   Record 02: Event ID: EVT1136 | Event Name: Asian Qualifiers Warm-up Match | Sport: Football | Venue: ...
2026-03-26 22:20:02 [INFO]   Record 03: Event ID: EVT3324 | Event Name: Gulf Youth Cup Quarter Final | Sport: Football | Venue: Ah...
2026-03-26 22:20:02 [INFO]   Record 04: Event ID: EVT9922 | Event Name: Arab Nations Championship Semi Final | Sport: Football | V...
2026-03-26 22:20:02 [INFO]   Record 05: Event ID: EVT2410 | Event Name: Asian Qualifiers Warm-up Match | Sport: Football | Venue: ...
2026-03-26 22:20:02 [INFO]   Record 06: Event ID: EVT1807 | Event Name: GCC Club Championship Quarter Final | Sport: Football | Ve...
2026-03-26 22:20:02 [INFO]   Record 07: Event ID: EVT6575 | Event Name: National Day Football Celebration | Sport: Football | Venu...
2026-03-26 22:20:02 [INFO] ------------------------------------------------------------------
2026-03-26 22:20:02 [INFO] File written successfully.
2026-03-26 22:20:02 [INFO]   Full path : /home/cloudera/mos_qatar_demo_poc/landing/mos_sports_events_20260326_222002.txt
2026-03-26 22:20:02 [INFO]   Size      : 1835 bytes
2026-03-26 22:20:02 [INFO]   Records   : 7
2026-03-26 22:20:02 [INFO] ==================================================================
2026-03-26 22:20:02 [INFO]   Generator Completed Successfully
2026-03-26 22:20:02 [INFO] ==================================================================
