2026-03-26 21:51:02 [INFO] ==================================================================
2026-03-26 21:51:02 [INFO]   MOS Qatar Demo - Sports Data Generator
2026-03-26 21:51:02 [INFO] ==================================================================
2026-03-26 21:51:02 [INFO] Config file   : /home/cloudera/mos_qatar_demo_poc/config/mos_qatar_demo.ini
2026-03-26 21:51:02 [INFO] Landing dir   : /home/cloudera/mos_qatar_demo_poc/landing
2026-03-26 21:51:02 [INFO] Output file   : mos_sports_events_20260326_215102.txt
2026-03-26 21:51:02 [INFO] Records count : 8
2026-03-26 21:51:02 [INFO] ------------------------------------------------------------------
2026-03-26 21:51:02 [INFO]   Record 01: Event ID: EVT7615 | Event Name: Qatar Olympic Training Camp Evaluation | Sport: Volleyball...
2026-03-26 21:51:02 [INFO]   Record 02: Event ID: EVT8627 | Event Name: Ministry Youth Sports Day | Sport: Volleyball | Venue: Ahm...
2026-03-26 21:51:02 [INFO]   Record 03: Event ID: EVT9291 | Event Name: National Day Football Celebration | Sport: Football | Venu...
2026-03-26 21:51:02 [INFO]   Record 04: Event ID: EVT6883 | Event Name: MOS Annual Charity Football Gala | Sport: Swimming | Venue...
2026-03-26 21:51:02 [INFO]   Record 05: Event ID: EVT3171 | Event Name: Qatar Premier League Match Day 5 | Sport: Football | Venue...
2026-03-26 21:51:02 [INFO]   Record 06: Event ID: EVT4427 | Event Name: Ramadan Football Festival | Sport: Basketball | Venue: Al ...
2026-03-26 21:51:02 [INFO]   Record 07: Event ID: EVT3994 | Event Name: Gulf Youth Cup Round 2 | Sport: Football | Venue: Ahmad Bi...
2026-03-26 21:51:02 [INFO]   Record 08: Event ID: EVT8006 | Event Name: Asian Qualifiers Warm-up Match | Sport: Athletics | Venue:...
2026-03-26 21:51:02 [INFO] ------------------------------------------------------------------
2026-03-26 21:51:02 [INFO] File written successfully.
2026-03-26 21:51:02 [INFO]   Full path : /home/cloudera/mos_qatar_demo_poc/landing/mos_sports_events_20260326_215102.txt
2026-03-26 21:51:02 [INFO]   Size      : 2118 bytes
2026-03-26 21:51:02 [INFO]   Records   : 8
2026-03-26 21:51:02 [INFO] ==================================================================
2026-03-26 21:51:02 [INFO]   Generator Completed Successfully
2026-03-26 21:51:02 [INFO] ==================================================================
