2026-03-25 23:54:02 [INFO] ==================================================================
2026-03-25 23:54:02 [INFO]   MOS Qatar Demo - Sports Data Generator
2026-03-25 23:54:02 [INFO] ==================================================================
2026-03-25 23:54:02 [INFO] Config file   : /home/cloudera/mos_qatar_demo_poc/config/mos_qatar_demo.ini
2026-03-25 23:54:02 [INFO] Landing dir   : /home/cloudera/mos_qatar_demo_poc/landing
2026-03-25 23:54:02 [INFO] Output file   : mos_sports_events_20260325_235402.txt
2026-03-25 23:54:02 [INFO] Records count : 6
2026-03-25 23:54:02 [INFO] ------------------------------------------------------------------
2026-03-25 23:54:02 [INFO]   Record 01: Event ID: EVT5390 | Event Name: MOS Annual Charity Football Gala | Sport: Swimming | Venue...
2026-03-25 23:54:02 [INFO]   Record 02: Event ID: EVT6107 | Event Name: Gulf Youth Cup Quarter Final | Sport: Athletics | Venue: K...
2026-03-25 23:54:02 [INFO]   Record 03: Event ID: EVT6235 | Event Name: Gulf Cup Qualifier Round 1 | Sport: Basketball | Venue: Kh...
2026-03-25 23:54:02 [INFO]   Record 04: Event ID: EVT7314 | Event Name: Qatar Schools Football League | Sport: Handball | Venue: Q...
2026-03-25 23:54:02 [INFO]   Record 05: Event ID: EVT9197 | Event Name: National Team Preparation Match | Sport: Football | Venue:...
2026-03-25 23:54:02 [INFO]   Record 06: Event ID: EVT7798 | Event Name: Gulf Youth Cup Round 2 | Sport: Athletics | Venue: Al Jano...
2026-03-25 23:54:02 [INFO] ------------------------------------------------------------------
2026-03-25 23:54:02 [INFO] File written successfully.
2026-03-25 23:54:02 [INFO]   Full path : /home/cloudera/mos_qatar_demo_poc/landing/mos_sports_events_20260325_235402.txt
2026-03-25 23:54:02 [INFO]   Size      : 1559 bytes
2026-03-25 23:54:02 [INFO]   Records   : 6
2026-03-25 23:54:02 [INFO] ==================================================================
2026-03-25 23:54:02 [INFO]   Generator Completed Successfully
2026-03-25 23:54:02 [INFO] ==================================================================
