2026-03-26 08:27:01 [INFO] ==================================================================
2026-03-26 08:27:01 [INFO]   MOS Qatar Demo - Sports Data Generator
2026-03-26 08:27:01 [INFO] ==================================================================
2026-03-26 08:27:01 [INFO] Config file   : /home/cloudera/mos_qatar_demo_poc/config/mos_qatar_demo.ini
2026-03-26 08:27:01 [INFO] Landing dir   : /home/cloudera/mos_qatar_demo_poc/landing
2026-03-26 08:27:01 [INFO] Output file   : mos_sports_events_20260326_082701.txt
2026-03-26 08:27:01 [INFO] Records count : 9
2026-03-26 08:27:01 [INFO] ------------------------------------------------------------------
2026-03-26 08:27:01 [INFO]   Record 01: Event ID: EVT7427 | Event Name: GCC Club Championship Quarter Final | Sport: Football | Ve...
2026-03-26 08:27:01 [INFO]   Record 02: Event ID: EVT3784 | Event Name: Gulf Youth Cup Round 1 | Sport: Athletics | Venue: Al Bayt...
2026-03-26 08:27:01 [INFO]   Record 03: Event ID: EVT6826 | Event Name: MOS Annual Charity Football Gala | Sport: Football | Venue...
2026-03-26 08:27:01 [INFO]   Record 04: Event ID: EVT4661 | Event Name: Ministry Youth Sports Day | Sport: Football | Venue: Al Th...
2026-03-26 08:27:01 [INFO]   Record 05: Event ID: EVT2339 | Event Name: Gulf Cup Qualifier Round 1 | Sport: Football | Venue: Qata...
2026-03-26 08:27:01 [INFO]   Record 06: Event ID: EVT5403 | Event Name: Gulf Youth Cup Round 2 | Sport: Basketball | Venue: Lusail...
2026-03-26 08:27:01 [INFO]   Record 07: Event ID: EVT7655 | Event Name: GCC Club Championship Semi Final | Sport: Football | Venue...
2026-03-26 08:27:01 [INFO]   Record 08: Event ID: EVT3087 | Event Name: Qatar Premier League Match Day 12 | Sport: Football | Venu...
2026-03-26 08:27:01 [INFO]   Record 09: Event ID: EVT8463 | Event Name: Ministry Invitational Friendly Tournament | Sport: Footbal...
2026-03-26 08:27:01 [INFO] ------------------------------------------------------------------
2026-03-26 08:27:01 [INFO] File written successfully.
2026-03-26 08:27:01 [INFO]   Full path : /home/cloudera/mos_qatar_demo_poc/landing/mos_sports_events_20260326_082701.txt
2026-03-26 08:27:01 [INFO]   Size      : 2310 bytes
2026-03-26 08:27:01 [INFO]   Records   : 9
2026-03-26 08:27:01 [INFO] ==================================================================
2026-03-26 08:27:01 [INFO]   Generator Completed Successfully
2026-03-26 08:27:01 [INFO] ==================================================================
