2026-03-24 22:24:01 [INFO] ==================================================================
2026-03-24 22:24:01 [INFO]   MOS Qatar Demo - Sports Data Generator
2026-03-24 22:24:01 [INFO] ==================================================================
2026-03-24 22:24:01 [INFO] Config file   : /home/cloudera/mos_qatar_demo_poc/config/mos_qatar_demo.ini
2026-03-24 22:24:01 [INFO] Landing dir   : /home/cloudera/mos_qatar_demo_poc/landing
2026-03-24 22:24:01 [INFO] Output file   : mos_sports_events_20260324_222401.txt
2026-03-24 22:24:01 [INFO] Records count : 7
2026-03-24 22:24:01 [INFO] ------------------------------------------------------------------
2026-03-24 22:24:01 [INFO]   Record 01: Event ID: EVT1561 | Event Name: Gulf Youth Cup Round 1 | Sport: Football | Venue: Ahmad Bi...
2026-03-24 22:24:01 [INFO]   Record 02: Event ID: EVT4247 | Event Name: Ministry Invitational Friendly Tournament | Sport: Footbal...
2026-03-24 22:24:01 [INFO]   Record 03: Event ID: EVT3926 | Event Name: Qatar Schools Football League | Sport: Volleyball | Venue:...
2026-03-24 22:24:01 [INFO]   Record 04: Event ID: EVT4227 | Event Name: Qatar Cup Final | Sport: Swimming | Venue: Al Thumama Stad...
2026-03-24 22:24:01 [INFO]   Record 05: Event ID: EVT4880 | Event Name: Gulf Cup Qualifier Round 1 | Sport: Athletics | Venue: Al ...
2026-03-24 22:24:01 [INFO]   Record 06: Event ID: EVT7127 | Event Name: MOS Annual Charity Football Gala | Sport: Athletics | Venu...
2026-03-24 22:24:01 [INFO]   Record 07: Event ID: EVT4149 | Event Name: Gulf Youth Cup Round 2 | Sport: Football | Venue: Ahmad Bi...
2026-03-24 22:24:01 [INFO] ------------------------------------------------------------------
2026-03-24 22:24:01 [INFO] File written successfully.
2026-03-24 22:24:01 [INFO]   Full path : /home/cloudera/mos_qatar_demo_poc/landing/mos_sports_events_20260324_222401.txt
2026-03-24 22:24:01 [INFO]   Size      : 1810 bytes
2026-03-24 22:24:01 [INFO]   Records   : 7
2026-03-24 22:24:01 [INFO] ==================================================================
2026-03-24 22:24:01 [INFO]   Generator Completed Successfully
2026-03-24 22:24:01 [INFO] ==================================================================
