2026-03-25 02:23:01 [INFO] ==================================================================
2026-03-25 02:23:01 [INFO]   MOS Qatar Demo - Sports Data Generator
2026-03-25 02:23:01 [INFO] ==================================================================
2026-03-25 02:23:01 [INFO] Config file   : /home/cloudera/mos_qatar_demo_poc/config/mos_qatar_demo.ini
2026-03-25 02:23:01 [INFO] Landing dir   : /home/cloudera/mos_qatar_demo_poc/landing
2026-03-25 02:23:01 [INFO] Output file   : mos_sports_events_20260325_022301.txt
2026-03-25 02:23:01 [INFO] Records count : 7
2026-03-25 02:23:01 [INFO] ------------------------------------------------------------------
2026-03-25 02:23:01 [INFO]   Record 01: Event ID: EVT9640 | Event Name: Qatar Schools Football League | Sport: Football | Venue: A...
2026-03-25 02:23:01 [INFO]   Record 02: Event ID: EVT3274 | Event Name: Qatar Premier League Match Day 8 | Sport: Football | Venue...
2026-03-25 02:23:01 [INFO]   Record 03: Event ID: EVT6645 | Event Name: Arab Nations Championship Semi Final | Sport: Handball | V...
2026-03-25 02:23:01 [INFO]   Record 04: Event ID: EVT1366 | Event Name: Qatar Olympic Training Camp Evaluation | Sport: Football |...
2026-03-25 02:23:01 [INFO]   Record 05: Event ID: EVT8244 | Event Name: GCC Club Championship Semi Final | Sport: Handball | Venue...
2026-03-25 02:23:01 [INFO]   Record 06: Event ID: EVT8512 | Event Name: GCC Club Championship Quarter Final | Sport: Swimming | Ve...
2026-03-25 02:23:01 [INFO]   Record 07: Event ID: EVT9036 | Event Name: FIFA World Cup Qatar Legacy Match | Sport: Basketball | Ve...
2026-03-25 02:23:01 [INFO] ------------------------------------------------------------------
2026-03-25 02:23:01 [INFO] File written successfully.
2026-03-25 02:23:01 [INFO]   Full path : /home/cloudera/mos_qatar_demo_poc/landing/mos_sports_events_20260325_022301.txt
2026-03-25 02:23:01 [INFO]   Size      : 1841 bytes
2026-03-25 02:23:01 [INFO]   Records   : 7
2026-03-25 02:23:01 [INFO] ==================================================================
2026-03-25 02:23:01 [INFO]   Generator Completed Successfully
2026-03-25 02:23:01 [INFO] ==================================================================
