2026-03-27 05:12:01 [INFO] ==================================================================
2026-03-27 05:12:01 [INFO]   MOS Qatar Demo - Sports Data Generator
2026-03-27 05:12:01 [INFO] ==================================================================
2026-03-27 05:12:01 [INFO] Config file   : /home/cloudera/mos_qatar_demo_poc/config/mos_qatar_demo.ini
2026-03-27 05:12:01 [INFO] Landing dir   : /home/cloudera/mos_qatar_demo_poc/landing
2026-03-27 05:12:01 [INFO] Output file   : mos_sports_events_20260327_051201.txt
2026-03-27 05:12:01 [INFO] Records count : 5
2026-03-27 05:12:01 [INFO] ------------------------------------------------------------------
2026-03-27 05:12:01 [INFO]   Record 01: Event ID: EVT2783 | Event Name: Qatar Under-20 Development League | Sport: Athletics | Ven...
2026-03-27 05:12:01 [INFO]   Record 02: Event ID: EVT6579 | Event Name: GCC Club Championship Final | Sport: Swimming | Venue: Kha...
2026-03-27 05:12:01 [INFO]   Record 03: Event ID: EVT8932 | Event Name: Doha Sports Festival Opening Match | Sport: Basketball | V...
2026-03-27 05:12:01 [INFO]   Record 04: Event ID: EVT6081 | Event Name: Doha Sports Festival Opening Match | Sport: Volleyball | V...
2026-03-27 05:12:01 [INFO]   Record 05: Event ID: EVT8675 | Event Name: Ministry Youth Sports Day | Sport: Football | Venue: Al Ja...
2026-03-27 05:12:01 [INFO] ------------------------------------------------------------------
2026-03-27 05:12:01 [INFO] File written successfully.
2026-03-27 05:12:01 [INFO]   Full path : /home/cloudera/mos_qatar_demo_poc/landing/mos_sports_events_20260327_051201.txt
2026-03-27 05:12:01 [INFO]   Size      : 1310 bytes
2026-03-27 05:12:01 [INFO]   Records   : 5
2026-03-27 05:12:01 [INFO] ==================================================================
2026-03-27 05:12:01 [INFO]   Generator Completed Successfully
2026-03-27 05:12:01 [INFO] ==================================================================
