2026-03-27 19:42:01 [INFO] ==================================================================
2026-03-27 19:42:01 [INFO]   MOS Qatar Demo - Sports Data Generator
2026-03-27 19:42:01 [INFO] ==================================================================
2026-03-27 19:42:01 [INFO] Config file   : /home/cloudera/mos_qatar_demo_poc/config/mos_qatar_demo.ini
2026-03-27 19:42:01 [INFO] Landing dir   : /home/cloudera/mos_qatar_demo_poc/landing
2026-03-27 19:42:01 [INFO] Output file   : mos_sports_events_20260327_194201.txt
2026-03-27 19:42:01 [INFO] Records count : 8
2026-03-27 19:42:01 [INFO] ------------------------------------------------------------------
2026-03-27 19:42:01 [INFO]   Record 01: Event ID: EVT6950 | Event Name: FIFA World Cup Qatar Legacy Match | Sport: Football | Venu...
2026-03-27 19:42:01 [INFO]   Record 02: Event ID: EVT9596 | Event Name: MOS Annual Charity Football Gala | Sport: Athletics | Venu...
2026-03-27 19:42:01 [INFO]   Record 03: Event ID: EVT7678 | Event Name: Qatar Under-20 Development League | Sport: Volleyball | Ve...
2026-03-27 19:42:01 [INFO]   Record 04: Event ID: EVT1414 | Event Name: Gulf Cup Qualifier Round 1 | Sport: Athletics | Venue: Qat...
2026-03-27 19:42:01 [INFO]   Record 05: Event ID: EVT7466 | Event Name: Ministry Youth Sports Day | Sport: Basketball | Venue: Kha...
2026-03-27 19:42:01 [INFO]   Record 06: Event ID: EVT4174 | Event Name: Qatar Premier League Match Day 5 | Sport: Athletics | Venu...
2026-03-27 19:42:01 [INFO]   Record 07: Event ID: EVT1267 | Event Name: Qatar Under-20 Development League | Sport: Basketball | Ve...
2026-03-27 19:42:01 [INFO]   Record 08: Event ID: EVT8293 | Event Name: Arab Nations Championship Group Stage | Sport: Swimming | ...
2026-03-27 19:42:01 [INFO] ------------------------------------------------------------------
2026-03-27 19:42:01 [INFO] File written successfully.
2026-03-27 19:42:01 [INFO]   Full path : /home/cloudera/mos_qatar_demo_poc/landing/mos_sports_events_20260327_194201.txt
2026-03-27 19:42:01 [INFO]   Size      : 2093 bytes
2026-03-27 19:42:01 [INFO]   Records   : 8
2026-03-27 19:42:01 [INFO] ==================================================================
2026-03-27 19:42:01 [INFO]   Generator Completed Successfully
2026-03-27 19:42:01 [INFO] ==================================================================
