2026-03-26 19:52:02 [INFO] ==================================================================
2026-03-26 19:52:02 [INFO]   MOS Qatar Demo - Sports Data Generator
2026-03-26 19:52:02 [INFO] ==================================================================
2026-03-26 19:52:02 [INFO] Config file   : /home/cloudera/mos_qatar_demo_poc/config/mos_qatar_demo.ini
2026-03-26 19:52:02 [INFO] Landing dir   : /home/cloudera/mos_qatar_demo_poc/landing
2026-03-26 19:52:02 [INFO] Output file   : mos_sports_events_20260326_195202.txt
2026-03-26 19:52:02 [INFO] Records count : 7
2026-03-26 19:52:02 [INFO] ------------------------------------------------------------------
2026-03-26 19:52:02 [INFO]   Record 01: Event ID: EVT7805 | Event Name: Qatar Premier League Match Day 8 | Sport: Football | Venue...
2026-03-26 19:52:02 [INFO]   Record 02: Event ID: EVT1681 | Event Name: Gulf Youth Cup Round 1 | Sport: Swimming | Venue: Qatar Sp...
2026-03-26 19:52:02 [INFO]   Record 03: Event ID: EVT4418 | Event Name: Qatar Under-20 Development League | Sport: Football | Venu...
2026-03-26 19:52:02 [INFO]   Record 04: Event ID: EVT4988 | Event Name: Gulf Youth Cup Round 2 | Sport: Football | Venue: Al Bayt ...
2026-03-26 19:52:02 [INFO]   Record 05: Event ID: EVT2695 | Event Name: Doha Sports Festival Opening Match | Sport: Football | Ven...
2026-03-26 19:52:02 [INFO]   Record 06: Event ID: EVT7164 | Event Name: Gulf Youth Cup Round 2 | Sport: Football | Venue: Al Janou...
2026-03-26 19:52:02 [INFO]   Record 07: Event ID: EVT9894 | Event Name: Gulf Youth Cup Quarter Final | Sport: Football | Venue: Kh...
2026-03-26 19:52:02 [INFO] ------------------------------------------------------------------
2026-03-26 19:52:02 [INFO] File written successfully.
2026-03-26 19:52:02 [INFO]   Full path : /home/cloudera/mos_qatar_demo_poc/landing/mos_sports_events_20260326_195202.txt
2026-03-26 19:52:02 [INFO]   Size      : 1793 bytes
2026-03-26 19:52:02 [INFO]   Records   : 7
2026-03-26 19:52:02 [INFO] ==================================================================
2026-03-26 19:52:02 [INFO]   Generator Completed Successfully
2026-03-26 19:52:02 [INFO] ==================================================================
