2026-03-27 02:04:02 [INFO] ==================================================================
2026-03-27 02:04:02 [INFO]   MOS Qatar Demo - Sports Data Generator
2026-03-27 02:04:02 [INFO] ==================================================================
2026-03-27 02:04:02 [INFO] Config file   : /home/cloudera/mos_qatar_demo_poc/config/mos_qatar_demo.ini
2026-03-27 02:04:02 [INFO] Landing dir   : /home/cloudera/mos_qatar_demo_poc/landing
2026-03-27 02:04:02 [INFO] Output file   : mos_sports_events_20260327_020402.txt
2026-03-27 02:04:02 [INFO] Records count : 6
2026-03-27 02:04:02 [INFO] ------------------------------------------------------------------
2026-03-27 02:04:02 [INFO]   Record 01: Event ID: EVT1188 | Event Name: Ministry Invitational Friendly Tournament | Sport: Footbal...
2026-03-27 02:04:02 [INFO]   Record 02: Event ID: EVT3939 | Event Name: MOS Annual Charity Football Gala | Sport: Football | Venue...
2026-03-27 02:04:02 [INFO]   Record 03: Event ID: EVT2564 | Event Name: GCC Club Championship Quarter Final | Sport: Football | Ve...
2026-03-27 02:04:02 [INFO]   Record 04: Event ID: EVT2144 | Event Name: Qatar Premier League Match Day 8 | Sport: Swimming | Venue...
2026-03-27 02:04:02 [INFO]   Record 05: Event ID: EVT1896 | Event Name: Qatar Cup Semi Final | Sport: Swimming | Venue: Education ...
2026-03-27 02:04:02 [INFO]   Record 06: Event ID: EVT7806 | Event Name: Gulf Cup Qualifier Round 1 | Sport: Football | Venue: Lusa...
2026-03-27 02:04:02 [INFO] ------------------------------------------------------------------
2026-03-27 02:04:02 [INFO] File written successfully.
2026-03-27 02:04:02 [INFO]   Full path : /home/cloudera/mos_qatar_demo_poc/landing/mos_sports_events_20260327_020402.txt
2026-03-27 02:04:02 [INFO]   Size      : 1551 bytes
2026-03-27 02:04:02 [INFO]   Records   : 6
2026-03-27 02:04:02 [INFO] ==================================================================
2026-03-27 02:04:02 [INFO]   Generator Completed Successfully
2026-03-27 02:04:02 [INFO] ==================================================================
