2026-03-25 01:39:01 [INFO] ==================================================================
2026-03-25 01:39:01 [INFO]   MOS Qatar Demo - Sports Data Generator
2026-03-25 01:39:01 [INFO] ==================================================================
2026-03-25 01:39:01 [INFO] Config file   : /home/cloudera/mos_qatar_demo_poc/config/mos_qatar_demo.ini
2026-03-25 01:39:01 [INFO] Landing dir   : /home/cloudera/mos_qatar_demo_poc/landing
2026-03-25 01:39:01 [INFO] Output file   : mos_sports_events_20260325_013901.txt
2026-03-25 01:39:01 [INFO] Records count : 8
2026-03-25 01:39:01 [INFO] ------------------------------------------------------------------
2026-03-25 01:39:01 [INFO]   Record 01: Event ID: EVT2013 | Event Name: National Day Football Celebration | Sport: Basketball | Ve...
2026-03-25 01:39:01 [INFO]   Record 02: Event ID: EVT4850 | Event Name: Gulf Cup Qualifier Round 1 | Sport: Athletics | Venue: Asp...
2026-03-25 01:39:01 [INFO]   Record 03: Event ID: EVT1873 | Event Name: Qatar Premier League Match Day 5 | Sport: Basketball | Ven...
2026-03-25 01:39:01 [INFO]   Record 04: Event ID: EVT9122 | Event Name: GCC Club Championship Final | Sport: Basketball | Venue: A...
2026-03-25 01:39:01 [INFO]   Record 05: Event ID: EVT1336 | Event Name: Asian Qualifiers Warm-up Match | Sport: Handball | Venue: ...
2026-03-25 01:39:01 [INFO]   Record 06: Event ID: EVT1962 | Event Name: Qatar Cup Final | Sport: Football | Venue: Ahmad Bin Ali S...
2026-03-25 01:39:01 [INFO]   Record 07: Event ID: EVT7176 | Event Name: Qatar Olympic Training Camp Evaluation | Sport: Athletics ...
2026-03-25 01:39:01 [INFO]   Record 08: Event ID: EVT6970 | Event Name: Qatar Cup Semi Final | Sport: Football | Venue: Qatar Spor...
2026-03-25 01:39:01 [INFO] ------------------------------------------------------------------
2026-03-25 01:39:01 [INFO] File written successfully.
2026-03-25 01:39:01 [INFO]   Full path : /home/cloudera/mos_qatar_demo_poc/landing/mos_sports_events_20260325_013901.txt
2026-03-25 01:39:01 [INFO]   Size      : 2048 bytes
2026-03-25 01:39:01 [INFO]   Records   : 8
2026-03-25 01:39:01 [INFO] ==================================================================
2026-03-25 01:39:01 [INFO]   Generator Completed Successfully
2026-03-25 01:39:01 [INFO] ==================================================================
