2026-03-26 23:20:01 [INFO] ==================================================================
2026-03-26 23:20:01 [INFO]   MOS Qatar Demo - Sports Data Generator
2026-03-26 23:20:01 [INFO] ==================================================================
2026-03-26 23:20:01 [INFO] Config file   : /home/cloudera/mos_qatar_demo_poc/config/mos_qatar_demo.ini
2026-03-26 23:20:01 [INFO] Landing dir   : /home/cloudera/mos_qatar_demo_poc/landing
2026-03-26 23:20:01 [INFO] Output file   : mos_sports_events_20260326_232001.txt
2026-03-26 23:20:01 [INFO] Records count : 10
2026-03-26 23:20:01 [INFO] ------------------------------------------------------------------
2026-03-26 23:20:01 [INFO]   Record 01: Event ID: EVT1469 | Event Name: Qatar Premier League Match Day 5 | Sport: Handball | Venue...
2026-03-26 23:20:01 [INFO]   Record 02: Event ID: EVT6208 | Event Name: Ministry Invitational Friendly Tournament | Sport: Handbal...
2026-03-26 23:20:01 [INFO]   Record 03: Event ID: EVT2371 | Event Name: GCC Club Championship Final | Sport: Basketball | Venue: A...
2026-03-26 23:20:01 [INFO]   Record 04: Event ID: EVT5439 | Event Name: National Team Preparation Match | Sport: Football | Venue:...
2026-03-26 23:20:01 [INFO]   Record 05: Event ID: EVT5324 | Event Name: Qatar Schools Football League | Sport: Handball | Venue: L...
2026-03-26 23:20:01 [INFO]   Record 06: Event ID: EVT5554 | Event Name: Arab Nations Championship Semi Final | Sport: Handball | V...
2026-03-26 23:20:01 [INFO]   Record 07: Event ID: EVT2175 | Event Name: Qatar Cup Final | Sport: Football | Venue: Khalifa Interna...
2026-03-26 23:20:01 [INFO]   Record 08: Event ID: EVT4029 | Event Name: Gulf Youth Cup Final | Sport: Athletics | Venue: Al Thumam...
2026-03-26 23:20:01 [INFO]   Record 09: Event ID: EVT4036 | Event Name: Gulf Youth Cup Semi Final | Sport: Football | Venue: Lusai...
2026-03-26 23:20:01 [INFO]   Record 10: Event ID: EVT7376 | Event Name: Gulf Youth Cup Final | Sport: Football | Venue: Al Bayt St...
2026-03-26 23:20:01 [INFO] ------------------------------------------------------------------
2026-03-26 23:20:01 [INFO] File written successfully.
2026-03-26 23:20:01 [INFO]   Full path : /home/cloudera/mos_qatar_demo_poc/landing/mos_sports_events_20260326_232001.txt
2026-03-26 23:20:01 [INFO]   Size      : 2516 bytes
2026-03-26 23:20:01 [INFO]   Records   : 10
2026-03-26 23:20:01 [INFO] ==================================================================
2026-03-26 23:20:01 [INFO]   Generator Completed Successfully
2026-03-26 23:20:01 [INFO] ==================================================================
