2026-03-26 15:14:01 [INFO] ==================================================================
2026-03-26 15:14:01 [INFO]   MOS Qatar Demo - Sports Data Generator
2026-03-26 15:14:01 [INFO] ==================================================================
2026-03-26 15:14:01 [INFO] Config file   : /home/cloudera/mos_qatar_demo_poc/config/mos_qatar_demo.ini
2026-03-26 15:14:01 [INFO] Landing dir   : /home/cloudera/mos_qatar_demo_poc/landing
2026-03-26 15:14:01 [INFO] Output file   : mos_sports_events_20260326_151401.txt
2026-03-26 15:14:01 [INFO] Records count : 9
2026-03-26 15:14:01 [INFO] ------------------------------------------------------------------
2026-03-26 15:14:01 [INFO]   Record 01: Event ID: EVT2984 | Event Name: GCC Club Championship Semi Final | Sport: Swimming | Venue...
2026-03-26 15:14:01 [INFO]   Record 02: Event ID: EVT8378 | Event Name: Gulf Youth Cup Final | Sport: Volleyball | Venue: Lusail S...
2026-03-26 15:14:01 [INFO]   Record 03: Event ID: EVT9196 | Event Name: Gulf Youth Cup Round 1 | Sport: Athletics | Venue: Qatar S...
2026-03-26 15:14:01 [INFO]   Record 04: Event ID: EVT9396 | Event Name: GCC Club Championship Quarter Final | Sport: Athletics | V...
2026-03-26 15:14:01 [INFO]   Record 05: Event ID: EVT5219 | Event Name: Gulf Youth Cup Round 1 | Sport: Football | Venue: Lusail S...
2026-03-26 15:14:01 [INFO]   Record 06: Event ID: EVT5547 | Event Name: Doha Sports Festival Opening Match | Sport: Football | Ven...
2026-03-26 15:14:01 [INFO]   Record 07: Event ID: EVT5111 | Event Name: GCC Club Championship Quarter Final | Sport: Volleyball | ...
2026-03-26 15:14:01 [INFO]   Record 08: Event ID: EVT7146 | Event Name: FIFA World Cup Qatar Legacy Match | Sport: Handball | Venu...
2026-03-26 15:14:01 [INFO]   Record 09: Event ID: EVT2452 | Event Name: Qatar Under-20 Development League | Sport: Football | Venu...
2026-03-26 15:14:01 [INFO] ------------------------------------------------------------------
2026-03-26 15:14:01 [INFO] File written successfully.
2026-03-26 15:14:01 [INFO]   Full path : /home/cloudera/mos_qatar_demo_poc/landing/mos_sports_events_20260326_151401.txt
2026-03-26 15:14:01 [INFO]   Size      : 2314 bytes
2026-03-26 15:14:01 [INFO]   Records   : 9
2026-03-26 15:14:01 [INFO] ==================================================================
2026-03-26 15:14:01 [INFO]   Generator Completed Successfully
2026-03-26 15:14:01 [INFO] ==================================================================
