2026-03-24 18:22:01 [INFO] ==================================================================
2026-03-24 18:22:01 [INFO]   MOS Qatar Demo - Sports Data Generator
2026-03-24 18:22:01 [INFO] ==================================================================
2026-03-24 18:22:01 [INFO] Config file   : /home/cloudera/mos_qatar_demo_poc/config/mos_qatar_demo.ini
2026-03-24 18:22:01 [INFO] Landing dir   : /home/cloudera/mos_qatar_demo_poc/landing
2026-03-24 18:22:01 [INFO] Output file   : mos_sports_events_20260324_182201.txt
2026-03-24 18:22:01 [INFO] Records count : 7
2026-03-24 18:22:01 [INFO] ------------------------------------------------------------------
2026-03-24 18:22:01 [INFO]   Record 01: Event ID: EVT3303 | Event Name: GCC Club Championship Semi Final | Sport: Athletics | Venu...
2026-03-24 18:22:01 [INFO]   Record 02: Event ID: EVT3240 | Event Name: Asian Qualifiers Warm-up Match | Sport: Athletics | Venue:...
2026-03-24 18:22:01 [INFO]   Record 03: Event ID: EVT5496 | Event Name: Gulf Youth Cup Round 2 | Sport: Basketball | Venue: Khalif...
2026-03-24 18:22:01 [INFO]   Record 04: Event ID: EVT5044 | Event Name: Ministry Youth Sports Day | Sport: Football | Venue: Lusai...
2026-03-24 18:22:01 [INFO]   Record 05: Event ID: EVT7511 | Event Name: Arab Nations Championship Group Stage | Sport: Football | ...
2026-03-24 18:22:01 [INFO]   Record 06: Event ID: EVT2505 | Event Name: Arab Nations Championship Semi Final | Sport: Football | V...
2026-03-24 18:22:01 [INFO]   Record 07: Event ID: EVT5887 | Event Name: Gulf Cup Qualifier Round 1 | Sport: Athletics | Venue: Ahm...
2026-03-24 18:22:01 [INFO] ------------------------------------------------------------------
2026-03-24 18:22:01 [INFO] File written successfully.
2026-03-24 18:22:01 [INFO]   Full path : /home/cloudera/mos_qatar_demo_poc/landing/mos_sports_events_20260324_182201.txt
2026-03-24 18:22:01 [INFO]   Size      : 1802 bytes
2026-03-24 18:22:01 [INFO]   Records   : 7
2026-03-24 18:22:01 [INFO] ==================================================================
2026-03-24 18:22:01 [INFO]   Generator Completed Successfully
2026-03-24 18:22:01 [INFO] ==================================================================
