2026-03-25 16:05:01 [INFO] ==================================================================
2026-03-25 16:05:01 [INFO]   MOS Qatar Demo - Sports Data Generator
2026-03-25 16:05:01 [INFO] ==================================================================
2026-03-25 16:05:01 [INFO] Config file   : /home/cloudera/mos_qatar_demo_poc/config/mos_qatar_demo.ini
2026-03-25 16:05:01 [INFO] Landing dir   : /home/cloudera/mos_qatar_demo_poc/landing
2026-03-25 16:05:01 [INFO] Output file   : mos_sports_events_20260325_160501.txt
2026-03-25 16:05:01 [INFO] Records count : 9
2026-03-25 16:05:01 [INFO] ------------------------------------------------------------------
2026-03-25 16:05:01 [INFO]   Record 01: Event ID: EVT1279 | Event Name: Arab Nations Championship Semi Final | Sport: Basketball |...
2026-03-25 16:05:01 [INFO]   Record 02: Event ID: EVT6495 | Event Name: Qatar Olympic Training Camp Evaluation | Sport: Volleyball...
2026-03-25 16:05:01 [INFO]   Record 03: Event ID: EVT5858 | Event Name: Gulf Youth Cup Round 1 | Sport: Swimming | Venue: Al Thuma...
2026-03-25 16:05:01 [INFO]   Record 04: Event ID: EVT9295 | Event Name: Qatar Schools Football League | Sport: Football | Venue: A...
2026-03-25 16:05:01 [INFO]   Record 05: Event ID: EVT2937 | Event Name: GCC Club Championship Final | Sport: Handball | Venue: Asp...
2026-03-25 16:05:01 [INFO]   Record 06: Event ID: EVT9918 | Event Name: Gulf Youth Cup Round 2 | Sport: Athletics | Venue: Al Bayt...
2026-03-25 16:05:01 [INFO]   Record 07: Event ID: EVT4412 | Event Name: Ministry Invitational Friendly Tournament | Sport: Footbal...
2026-03-25 16:05:01 [INFO]   Record 08: Event ID: EVT2071 | Event Name: GCC Club Championship Final | Sport: Swimming | Venue: Al ...
2026-03-25 16:05:01 [INFO]   Record 09: Event ID: EVT8679 | Event Name: Ramadan Football Festival | Sport: Football | Venue: Al Ja...
2026-03-25 16:05:01 [INFO] ------------------------------------------------------------------
2026-03-25 16:05:01 [INFO] File written successfully.
2026-03-25 16:05:01 [INFO]   Full path : /home/cloudera/mos_qatar_demo_poc/landing/mos_sports_events_20260325_160501.txt
2026-03-25 16:05:01 [INFO]   Size      : 2302 bytes
2026-03-25 16:05:01 [INFO]   Records   : 9
2026-03-25 16:05:01 [INFO] ==================================================================
2026-03-25 16:05:01 [INFO]   Generator Completed Successfully
2026-03-25 16:05:01 [INFO] ==================================================================
