2026-03-26 22:33:02 [INFO] ==================================================================
2026-03-26 22:33:02 [INFO]   MOS Qatar Demo - Sports Data Generator
2026-03-26 22:33:02 [INFO] ==================================================================
2026-03-26 22:33:02 [INFO] Config file   : /home/cloudera/mos_qatar_demo_poc/config/mos_qatar_demo.ini
2026-03-26 22:33:02 [INFO] Landing dir   : /home/cloudera/mos_qatar_demo_poc/landing
2026-03-26 22:33:02 [INFO] Output file   : mos_sports_events_20260326_223302.txt
2026-03-26 22:33:02 [INFO] Records count : 7
2026-03-26 22:33:02 [INFO] ------------------------------------------------------------------
2026-03-26 22:33:02 [INFO]   Record 01: Event ID: EVT3374 | Event Name: GCC Club Championship Quarter Final | Sport: Football | Ve...
2026-03-26 22:33:02 [INFO]   Record 02: Event ID: EVT2800 | Event Name: FIFA World Cup Qatar Legacy Match | Sport: Athletics | Ven...
2026-03-26 22:33:02 [INFO]   Record 03: Event ID: EVT6002 | Event Name: Gulf Cup Qualifier Round 1 | Sport: Football | Venue: Lusa...
2026-03-26 22:33:02 [INFO]   Record 04: Event ID: EVT1977 | Event Name: Arab Nations Championship Group Stage | Sport: Swimming | ...
2026-03-26 22:33:02 [INFO]   Record 05: Event ID: EVT1216 | Event Name: Gulf Youth Cup Round 1 | Sport: Basketball | Venue: Al Jan...
2026-03-26 22:33:02 [INFO]   Record 06: Event ID: EVT8043 | Event Name: Ministry Youth Sports Day | Sport: Football | Venue: Al Th...
2026-03-26 22:33:02 [INFO]   Record 07: Event ID: EVT7326 | Event Name: Qatar Olympic Training Camp Evaluation | Sport: Football |...
2026-03-26 22:33:02 [INFO] ------------------------------------------------------------------
2026-03-26 22:33:02 [INFO] File written successfully.
2026-03-26 22:33:02 [INFO]   Full path : /home/cloudera/mos_qatar_demo_poc/landing/mos_sports_events_20260326_223302.txt
2026-03-26 22:33:02 [INFO]   Size      : 1828 bytes
2026-03-26 22:33:02 [INFO]   Records   : 7
2026-03-26 22:33:02 [INFO] ==================================================================
2026-03-26 22:33:02 [INFO]   Generator Completed Successfully
2026-03-26 22:33:02 [INFO] ==================================================================
