2026-03-27 05:19:02 [INFO] ==================================================================
2026-03-27 05:19:02 [INFO]   MOS Qatar Demo - Sports Data Generator
2026-03-27 05:19:02 [INFO] ==================================================================
2026-03-27 05:19:02 [INFO] Config file   : /home/cloudera/mos_qatar_demo_poc/config/mos_qatar_demo.ini
2026-03-27 05:19:02 [INFO] Landing dir   : /home/cloudera/mos_qatar_demo_poc/landing
2026-03-27 05:19:02 [INFO] Output file   : mos_sports_events_20260327_051902.txt
2026-03-27 05:19:02 [INFO] Records count : 8
2026-03-27 05:19:02 [INFO] ------------------------------------------------------------------
2026-03-27 05:19:02 [INFO]   Record 01: Event ID: EVT1458 | Event Name: National Team Preparation Match | Sport: Athletics | Venue...
2026-03-27 05:19:02 [INFO]   Record 02: Event ID: EVT9947 | Event Name: Arab Nations Championship Semi Final | Sport: Football | V...
2026-03-27 05:19:02 [INFO]   Record 03: Event ID: EVT3632 | Event Name: Qatar Cup Final | Sport: Basketball | Venue: Al Thumama St...
2026-03-27 05:19:02 [INFO]   Record 04: Event ID: EVT6165 | Event Name: National Team Preparation Match | Sport: Volleyball | Venu...
2026-03-27 05:19:02 [INFO]   Record 05: Event ID: EVT9645 | Event Name: Qatar Premier League Match Day 8 | Sport: Swimming | Venue...
2026-03-27 05:19:02 [INFO]   Record 06: Event ID: EVT9572 | Event Name: Qatar Cup Semi Final | Sport: Football | Venue: Al Janoub ...
2026-03-27 05:19:02 [INFO]   Record 07: Event ID: EVT8630 | Event Name: Gulf Youth Cup Round 2 | Sport: Swimming | Venue: Educatio...
2026-03-27 05:19:02 [INFO]   Record 08: Event ID: EVT2053 | Event Name: Gulf Youth Cup Final | Sport: Football | Venue: Aspire Zon...
2026-03-27 05:19:02 [INFO] ------------------------------------------------------------------
2026-03-27 05:19:02 [INFO] File written successfully.
2026-03-27 05:19:02 [INFO]   Full path : /home/cloudera/mos_qatar_demo_poc/landing/mos_sports_events_20260327_051902.txt
2026-03-27 05:19:02 [INFO]   Size      : 2016 bytes
2026-03-27 05:19:02 [INFO]   Records   : 8
2026-03-27 05:19:02 [INFO] ==================================================================
2026-03-27 05:19:02 [INFO]   Generator Completed Successfully
2026-03-27 05:19:02 [INFO] ==================================================================
