2026-03-27 05:14:02 [INFO] ==================================================================
2026-03-27 05:14:02 [INFO]   MOS Qatar Demo - Sports Data Generator
2026-03-27 05:14:02 [INFO] ==================================================================
2026-03-27 05:14:02 [INFO] Config file   : /home/cloudera/mos_qatar_demo_poc/config/mos_qatar_demo.ini
2026-03-27 05:14:02 [INFO] Landing dir   : /home/cloudera/mos_qatar_demo_poc/landing
2026-03-27 05:14:02 [INFO] Output file   : mos_sports_events_20260327_051402.txt
2026-03-27 05:14:02 [INFO] Records count : 10
2026-03-27 05:14:02 [INFO] ------------------------------------------------------------------
2026-03-27 05:14:02 [INFO]   Record 01: Event ID: EVT4417 | Event Name: Gulf Youth Cup Semi Final | Sport: Football | Venue: Al Ba...
2026-03-27 05:14:02 [INFO]   Record 02: Event ID: EVT3908 | Event Name: GCC Club Championship Final | Sport: Football | Venue: Asp...
2026-03-27 05:14:02 [INFO]   Record 03: Event ID: EVT1141 | Event Name: FIFA World Cup Qatar Legacy Match | Sport: Football | Venu...
2026-03-27 05:14:02 [INFO]   Record 04: Event ID: EVT5287 | Event Name: Qatar Premier League Match Day 12 | Sport: Football | Venu...
2026-03-27 05:14:02 [INFO]   Record 05: Event ID: EVT2107 | Event Name: Qatar Premier League Match Day 5 | Sport: Football | Venue...
2026-03-27 05:14:02 [INFO]   Record 06: Event ID: EVT9118 | Event Name: Doha Sports Festival Opening Match | Sport: Football | Ven...
2026-03-27 05:14:02 [INFO]   Record 07: Event ID: EVT1375 | Event Name: Qatar Premier League Match Day 5 | Sport: Football | Venue...
2026-03-27 05:14:02 [INFO]   Record 08: Event ID: EVT2107 | Event Name: Qatar Premier League Match Day 5 | Sport: Basketball | Ven...
2026-03-27 05:14:02 [INFO]   Record 09: Event ID: EVT1418 | Event Name: Gulf Youth Cup Quarter Final | Sport: Basketball | Venue: ...
2026-03-27 05:14:02 [INFO]   Record 10: Event ID: EVT6422 | Event Name: MOS Annual Charity Football Gala | Sport: Basketball | Ven...
2026-03-27 05:14:02 [INFO] ------------------------------------------------------------------
2026-03-27 05:14:02 [INFO] File written successfully.
2026-03-27 05:14:02 [INFO]   Full path : /home/cloudera/mos_qatar_demo_poc/landing/mos_sports_events_20260327_051402.txt
2026-03-27 05:14:02 [INFO]   Size      : 2627 bytes
2026-03-27 05:14:02 [INFO]   Records   : 10
2026-03-27 05:14:02 [INFO] ==================================================================
2026-03-27 05:14:02 [INFO]   Generator Completed Successfully
2026-03-27 05:14:02 [INFO] ==================================================================
