2026-03-27 07:57:01 [INFO] ==================================================================
2026-03-27 07:57:01 [INFO]   MOS Qatar Demo - Sports Data Generator
2026-03-27 07:57:01 [INFO] ==================================================================
2026-03-27 07:57:01 [INFO] Config file   : /home/cloudera/mos_qatar_demo_poc/config/mos_qatar_demo.ini
2026-03-27 07:57:01 [INFO] Landing dir   : /home/cloudera/mos_qatar_demo_poc/landing
2026-03-27 07:57:01 [INFO] Output file   : mos_sports_events_20260327_075701.txt
2026-03-27 07:57:01 [INFO] Records count : 10
2026-03-27 07:57:01 [INFO] ------------------------------------------------------------------
2026-03-27 07:57:01 [INFO]   Record 01: Event ID: EVT1003 | Event Name: Ministry Youth Sports Day | Sport: Basketball | Venue: Kha...
2026-03-27 07:57:01 [INFO]   Record 02: Event ID: EVT5133 | Event Name: Qatar Cup Semi Final | Sport: Athletics | Venue: Khalifa I...
2026-03-27 07:57:01 [INFO]   Record 03: Event ID: EVT4768 | Event Name: GCC Club Championship Final | Sport: Athletics | Venue: As...
2026-03-27 07:57:01 [INFO]   Record 04: Event ID: EVT2806 | Event Name: Asian Qualifiers Warm-up Match | Sport: Volleyball | Venue...
2026-03-27 07:57:01 [INFO]   Record 05: Event ID: EVT6792 | Event Name: Qatar Premier League Match Day 12 | Sport: Basketball | Ve...
2026-03-27 07:57:01 [INFO]   Record 06: Event ID: EVT5090 | Event Name: Gulf Youth Cup Semi Final | Sport: Football | Venue: Aspir...
2026-03-27 07:57:01 [INFO]   Record 07: Event ID: EVT6950 | Event Name: Asian Qualifiers Warm-up Match | Sport: Swimming | Venue: ...
2026-03-27 07:57:01 [INFO]   Record 08: Event ID: EVT1150 | Event Name: Qatar Cup Final | Sport: Volleyball | Venue: Khalifa Inter...
2026-03-27 07:57:01 [INFO]   Record 09: Event ID: EVT4146 | Event Name: Qatar Cup Final | Sport: Swimming | Venue: Lusail Stadium ...
2026-03-27 07:57:01 [INFO]   Record 10: Event ID: EVT8661 | Event Name: National Team Preparation Match | Sport: Volleyball | Venu...
2026-03-27 07:57:01 [INFO] ------------------------------------------------------------------
2026-03-27 07:57:01 [INFO] File written successfully.
2026-03-27 07:57:01 [INFO]   Full path : /home/cloudera/mos_qatar_demo_poc/landing/mos_sports_events_20260327_075701.txt
2026-03-27 07:57:01 [INFO]   Size      : 2550 bytes
2026-03-27 07:57:01 [INFO]   Records   : 10
2026-03-27 07:57:01 [INFO] ==================================================================
2026-03-27 07:57:01 [INFO]   Generator Completed Successfully
2026-03-27 07:57:01 [INFO] ==================================================================
