2026-03-26 03:22:02 [INFO] ==================================================================
2026-03-26 03:22:02 [INFO]   MOS Qatar Demo - Sports Data Generator
2026-03-26 03:22:02 [INFO] ==================================================================
2026-03-26 03:22:02 [INFO] Config file   : /home/cloudera/mos_qatar_demo_poc/config/mos_qatar_demo.ini
2026-03-26 03:22:02 [INFO] Landing dir   : /home/cloudera/mos_qatar_demo_poc/landing
2026-03-26 03:22:02 [INFO] Output file   : mos_sports_events_20260326_032202.txt
2026-03-26 03:22:02 [INFO] Records count : 10
2026-03-26 03:22:02 [INFO] ------------------------------------------------------------------
2026-03-26 03:22:02 [INFO]   Record 01: Event ID: EVT6067 | Event Name: Gulf Youth Cup Final | Sport: Football | Venue: Education ...
2026-03-26 03:22:02 [INFO]   Record 02: Event ID: EVT5267 | Event Name: Qatar Olympic Training Camp Evaluation | Sport: Football |...
2026-03-26 03:22:02 [INFO]   Record 03: Event ID: EVT1694 | Event Name: Ministry Youth Sports Day | Sport: Volleyball | Venue: Edu...
2026-03-26 03:22:02 [INFO]   Record 04: Event ID: EVT2572 | Event Name: Gulf Youth Cup Quarter Final | Sport: Handball | Venue: Al...
2026-03-26 03:22:02 [INFO]   Record 05: Event ID: EVT4375 | Event Name: GCC Club Championship Quarter Final | Sport: Athletics | V...
2026-03-26 03:22:02 [INFO]   Record 06: Event ID: EVT7914 | Event Name: Gulf Cup Qualifier Round 1 | Sport: Football | Venue: Al J...
2026-03-26 03:22:02 [INFO]   Record 07: Event ID: EVT5841 | Event Name: GCC Club Championship Quarter Final | Sport: Swimming | Ve...
2026-03-26 03:22:02 [INFO]   Record 08: Event ID: EVT3262 | Event Name: MOS Annual Charity Football Gala | Sport: Football | Venue...
2026-03-26 03:22:02 [INFO]   Record 09: Event ID: EVT2796 | Event Name: GCC Club Championship Quarter Final | Sport: Football | Ve...
2026-03-26 03:22:02 [INFO]   Record 10: Event ID: EVT2122 | Event Name: National Day Football Celebration | Sport: Volleyball | Ve...
2026-03-26 03:22:02 [INFO] ------------------------------------------------------------------
2026-03-26 03:22:02 [INFO] File written successfully.
2026-03-26 03:22:02 [INFO]   Full path : /home/cloudera/mos_qatar_demo_poc/landing/mos_sports_events_20260326_032202.txt
2026-03-26 03:22:02 [INFO]   Size      : 2613 bytes
2026-03-26 03:22:02 [INFO]   Records   : 10
2026-03-26 03:22:02 [INFO] ==================================================================
2026-03-26 03:22:02 [INFO]   Generator Completed Successfully
2026-03-26 03:22:02 [INFO] ==================================================================
