2026-03-24 21:40:02 [INFO] ==================================================================
2026-03-24 21:40:02 [INFO]   MOS Qatar Demo - Sports Data Generator
2026-03-24 21:40:02 [INFO] ==================================================================
2026-03-24 21:40:02 [INFO] Config file   : /home/cloudera/mos_qatar_demo_poc/config/mos_qatar_demo.ini
2026-03-24 21:40:02 [INFO] Landing dir   : /home/cloudera/mos_qatar_demo_poc/landing
2026-03-24 21:40:02 [INFO] Output file   : mos_sports_events_20260324_214002.txt
2026-03-24 21:40:02 [INFO] Records count : 4
2026-03-24 21:40:02 [INFO] ------------------------------------------------------------------
2026-03-24 21:40:02 [INFO]   Record 01: Event ID: EVT1656 | Event Name: FIFA World Cup Qatar Legacy Match | Sport: Athletics | Ven...
2026-03-24 21:40:02 [INFO]   Record 02: Event ID: EVT3617 | Event Name: Ministry Youth Sports Day | Sport: Swimming | Venue: Qatar...
2026-03-24 21:40:02 [INFO]   Record 03: Event ID: EVT2493 | Event Name: National Day Football Celebration | Sport: Basketball | Ve...
2026-03-24 21:40:02 [INFO]   Record 04: Event ID: EVT8076 | Event Name: GCC Club Championship Quarter Final | Sport: Football | Ve...
2026-03-24 21:40:02 [INFO] ------------------------------------------------------------------
2026-03-24 21:40:02 [INFO] File written successfully.
2026-03-24 21:40:02 [INFO]   Full path : /home/cloudera/mos_qatar_demo_poc/landing/mos_sports_events_20260324_214002.txt
2026-03-24 21:40:02 [INFO]   Size      : 1023 bytes
2026-03-24 21:40:02 [INFO]   Records   : 4
2026-03-24 21:40:02 [INFO] ==================================================================
2026-03-24 21:40:02 [INFO]   Generator Completed Successfully
2026-03-24 21:40:02 [INFO] ==================================================================
