2026-03-27 05:21:01 [INFO] ==================================================================
2026-03-27 05:21:01 [INFO]   MOS Qatar Demo - Sports Data Generator
2026-03-27 05:21:01 [INFO] ==================================================================
2026-03-27 05:21:01 [INFO] Config file   : /home/cloudera/mos_qatar_demo_poc/config/mos_qatar_demo.ini
2026-03-27 05:21:01 [INFO] Landing dir   : /home/cloudera/mos_qatar_demo_poc/landing
2026-03-27 05:21:01 [INFO] Output file   : mos_sports_events_20260327_052101.txt
2026-03-27 05:21:01 [INFO] Records count : 5
2026-03-27 05:21:01 [INFO] ------------------------------------------------------------------
2026-03-27 05:21:01 [INFO]   Record 01: Event ID: EVT9271 | Event Name: Ministry Youth Sports Day | Sport: Football | Venue: Al Ba...
2026-03-27 05:21:01 [INFO]   Record 02: Event ID: EVT5485 | Event Name: Ramadan Football Festival | Sport: Football | Venue: Lusai...
2026-03-27 05:21:01 [INFO]   Record 03: Event ID: EVT4600 | Event Name: Qatar Cup Semi Final | Sport: Handball | Venue: Qatar Spor...
2026-03-27 05:21:01 [INFO]   Record 04: Event ID: EVT7262 | Event Name: National Team Preparation Match | Sport: Football | Venue:...
2026-03-27 05:21:01 [INFO]   Record 05: Event ID: EVT9617 | Event Name: GCC Club Championship Final | Sport: Football | Venue: Ahm...
2026-03-27 05:21:01 [INFO] ------------------------------------------------------------------
2026-03-27 05:21:01 [INFO] File written successfully.
2026-03-27 05:21:01 [INFO]   Full path : /home/cloudera/mos_qatar_demo_poc/landing/mos_sports_events_20260327_052101.txt
2026-03-27 05:21:01 [INFO]   Size      : 1266 bytes
2026-03-27 05:21:01 [INFO]   Records   : 5
2026-03-27 05:21:01 [INFO] ==================================================================
2026-03-27 05:21:01 [INFO]   Generator Completed Successfully
2026-03-27 05:21:01 [INFO] ==================================================================
