2026-03-25 06:10:01 [INFO] ==================================================================
2026-03-25 06:10:01 [INFO]   MOS Qatar Demo - Sports Data Generator
2026-03-25 06:10:01 [INFO] ==================================================================
2026-03-25 06:10:01 [INFO] Config file   : /home/cloudera/mos_qatar_demo_poc/config/mos_qatar_demo.ini
2026-03-25 06:10:01 [INFO] Landing dir   : /home/cloudera/mos_qatar_demo_poc/landing
2026-03-25 06:10:01 [INFO] Output file   : mos_sports_events_20260325_061001.txt
2026-03-25 06:10:01 [INFO] Records count : 6
2026-03-25 06:10:01 [INFO] ------------------------------------------------------------------
2026-03-25 06:10:01 [INFO]   Record 01: Event ID: EVT8038 | Event Name: Asian Qualifiers Warm-up Match | Sport: Swimming | Venue: ...
2026-03-25 06:10:01 [INFO]   Record 02: Event ID: EVT5076 | Event Name: Qatar Olympic Training Camp Evaluation | Sport: Volleyball...
2026-03-25 06:10:01 [INFO]   Record 03: Event ID: EVT2880 | Event Name: Qatar Premier League Match Day 5 | Sport: Swimming | Venue...
2026-03-25 06:10:01 [INFO]   Record 04: Event ID: EVT4250 | Event Name: Gulf Youth Cup Semi Final | Sport: Handball | Venue: Aspir...
2026-03-25 06:10:01 [INFO]   Record 05: Event ID: EVT5518 | Event Name: Qatar Cup Final | Sport: Basketball | Venue: Education Cit...
2026-03-25 06:10:01 [INFO]   Record 06: Event ID: EVT3326 | Event Name: Qatar Premier League Match Day 12 | Sport: Volleyball | Ve...
2026-03-25 06:10:01 [INFO] ------------------------------------------------------------------
2026-03-25 06:10:01 [INFO] File written successfully.
2026-03-25 06:10:01 [INFO]   Full path : /home/cloudera/mos_qatar_demo_poc/landing/mos_sports_events_20260325_061001.txt
2026-03-25 06:10:01 [INFO]   Size      : 1544 bytes
2026-03-25 06:10:01 [INFO]   Records   : 6
2026-03-25 06:10:01 [INFO] ==================================================================
2026-03-25 06:10:01 [INFO]   Generator Completed Successfully
2026-03-25 06:10:01 [INFO] ==================================================================
