2026-03-25 16:24:01 [INFO] ==================================================================
2026-03-25 16:24:01 [INFO]   MOS Qatar Demo - Sports Data Generator
2026-03-25 16:24:01 [INFO] ==================================================================
2026-03-25 16:24:01 [INFO] Config file   : /home/cloudera/mos_qatar_demo_poc/config/mos_qatar_demo.ini
2026-03-25 16:24:01 [INFO] Landing dir   : /home/cloudera/mos_qatar_demo_poc/landing
2026-03-25 16:24:01 [INFO] Output file   : mos_sports_events_20260325_162401.txt
2026-03-25 16:24:01 [INFO] Records count : 9
2026-03-25 16:24:01 [INFO] ------------------------------------------------------------------
2026-03-25 16:24:01 [INFO]   Record 01: Event ID: EVT7686 | Event Name: Qatar Cup Final | Sport: Football | Venue: Education City ...
2026-03-25 16:24:01 [INFO]   Record 02: Event ID: EVT8453 | Event Name: Qatar Under-20 Development League | Sport: Swimming | Venu...
2026-03-25 16:24:01 [INFO]   Record 03: Event ID: EVT1860 | Event Name: Gulf Cup Qualifier Round 1 | Sport: Basketball | Venue: Qa...
2026-03-25 16:24:01 [INFO]   Record 04: Event ID: EVT6850 | Event Name: Gulf Youth Cup Round 2 | Sport: Football | Venue: Khalifa ...
2026-03-25 16:24:01 [INFO]   Record 05: Event ID: EVT1816 | Event Name: Arab Nations Championship Semi Final | Sport: Handball | V...
2026-03-25 16:24:01 [INFO]   Record 06: Event ID: EVT3970 | Event Name: Qatar Premier League Match Day 12 | Sport: Handball | Venu...
2026-03-25 16:24:01 [INFO]   Record 07: Event ID: EVT5414 | Event Name: Qatar Premier League Match Day 8 | Sport: Football | Venue...
2026-03-25 16:24:01 [INFO]   Record 08: Event ID: EVT4648 | Event Name: Qatar Cup Semi Final | Sport: Swimming | Venue: Aspire Zon...
2026-03-25 16:24:01 [INFO]   Record 09: Event ID: EVT8006 | Event Name: Qatar Schools Football League | Sport: Football | Venue: A...
2026-03-25 16:24:01 [INFO] ------------------------------------------------------------------
2026-03-25 16:24:01 [INFO] File written successfully.
2026-03-25 16:24:01 [INFO]   Full path : /home/cloudera/mos_qatar_demo_poc/landing/mos_sports_events_20260325_162401.txt
2026-03-25 16:24:01 [INFO]   Size      : 2286 bytes
2026-03-25 16:24:01 [INFO]   Records   : 9
2026-03-25 16:24:01 [INFO] ==================================================================
2026-03-25 16:24:01 [INFO]   Generator Completed Successfully
2026-03-25 16:24:01 [INFO] ==================================================================
