2026-03-25 23:57:02 [INFO] ==================================================================
2026-03-25 23:57:02 [INFO]   MOS Qatar Demo - Sports Data Generator
2026-03-25 23:57:02 [INFO] ==================================================================
2026-03-25 23:57:02 [INFO] Config file   : /home/cloudera/mos_qatar_demo_poc/config/mos_qatar_demo.ini
2026-03-25 23:57:02 [INFO] Landing dir   : /home/cloudera/mos_qatar_demo_poc/landing
2026-03-25 23:57:02 [INFO] Output file   : mos_sports_events_20260325_235702.txt
2026-03-25 23:57:02 [INFO] Records count : 9
2026-03-25 23:57:02 [INFO] ------------------------------------------------------------------
2026-03-25 23:57:02 [INFO]   Record 01: Event ID: EVT4639 | Event Name: GCC Club Championship Quarter Final | Sport: Football | Ve...
2026-03-25 23:57:02 [INFO]   Record 02: Event ID: EVT2597 | Event Name: National Team Preparation Match | Sport: Athletics | Venue...
2026-03-25 23:57:02 [INFO]   Record 03: Event ID: EVT1841 | Event Name: Arab Nations Championship Semi Final | Sport: Football | V...
2026-03-25 23:57:02 [INFO]   Record 04: Event ID: EVT1117 | Event Name: Qatar Schools Football League | Sport: Athletics | Venue: ...
2026-03-25 23:57:02 [INFO]   Record 05: Event ID: EVT7485 | Event Name: Qatar Olympic Training Camp Evaluation | Sport: Football |...
2026-03-25 23:57:02 [INFO]   Record 06: Event ID: EVT1023 | Event Name: Arab Nations Championship Semi Final | Sport: Volleyball |...
2026-03-25 23:57:02 [INFO]   Record 07: Event ID: EVT6246 | Event Name: Doha Sports Festival Opening Match | Sport: Football | Ven...
2026-03-25 23:57:02 [INFO]   Record 08: Event ID: EVT6044 | Event Name: Gulf Cup Qualifier Round 1 | Sport: Football | Venue: Khal...
2026-03-25 23:57:02 [INFO]   Record 09: Event ID: EVT6418 | Event Name: GCC Club Championship Quarter Final | Sport: Football | Ve...
2026-03-25 23:57:02 [INFO] ------------------------------------------------------------------
2026-03-25 23:57:02 [INFO] File written successfully.
2026-03-25 23:57:02 [INFO]   Full path : /home/cloudera/mos_qatar_demo_poc/landing/mos_sports_events_20260325_235702.txt
2026-03-25 23:57:02 [INFO]   Size      : 2353 bytes
2026-03-25 23:57:02 [INFO]   Records   : 9
2026-03-25 23:57:02 [INFO] ==================================================================
2026-03-25 23:57:02 [INFO]   Generator Completed Successfully
2026-03-25 23:57:02 [INFO] ==================================================================
