2026-03-25 01:30:02 [INFO] ==================================================================
2026-03-25 01:30:02 [INFO]   MOS Qatar Demo - Sports Data Generator
2026-03-25 01:30:02 [INFO] ==================================================================
2026-03-25 01:30:02 [INFO] Config file   : /home/cloudera/mos_qatar_demo_poc/config/mos_qatar_demo.ini
2026-03-25 01:30:02 [INFO] Landing dir   : /home/cloudera/mos_qatar_demo_poc/landing
2026-03-25 01:30:02 [INFO] Output file   : mos_sports_events_20260325_013002.txt
2026-03-25 01:30:02 [INFO] Records count : 6
2026-03-25 01:30:02 [INFO] ------------------------------------------------------------------
2026-03-25 01:30:02 [INFO]   Record 01: Event ID: EVT6777 | Event Name: Qatar Olympic Training Camp Evaluation | Sport: Swimming |...
2026-03-25 01:30:02 [INFO]   Record 02: Event ID: EVT5618 | Event Name: Qatar Cup Semi Final | Sport: Athletics | Venue: Al Wakrah...
2026-03-25 01:30:02 [INFO]   Record 03: Event ID: EVT6044 | Event Name: Qatar Under-20 Development League | Sport: Football | Venu...
2026-03-25 01:30:02 [INFO]   Record 04: Event ID: EVT1342 | Event Name: Asian Qualifiers Warm-up Match | Sport: Handball | Venue: ...
2026-03-25 01:30:02 [INFO]   Record 05: Event ID: EVT8795 | Event Name: Gulf Cup Qualifier Round 1 | Sport: Volleyball | Venue: Ed...
2026-03-25 01:30:02 [INFO]   Record 06: Event ID: EVT9759 | Event Name: Ministry Youth Sports Day | Sport: Handball | Venue: Ahmad...
2026-03-25 01:30:02 [INFO] ------------------------------------------------------------------
2026-03-25 01:30:02 [INFO] File written successfully.
2026-03-25 01:30:02 [INFO]   Full path : /home/cloudera/mos_qatar_demo_poc/landing/mos_sports_events_20260325_013002.txt
2026-03-25 01:30:02 [INFO]   Size      : 1560 bytes
2026-03-25 01:30:02 [INFO]   Records   : 6
2026-03-25 01:30:02 [INFO] ==================================================================
2026-03-25 01:30:02 [INFO]   Generator Completed Successfully
2026-03-25 01:30:02 [INFO] ==================================================================
