2026-03-27 22:42:01 [INFO] ==================================================================
2026-03-27 22:42:01 [INFO]   MOS Qatar Demo - Sports Data Generator
2026-03-27 22:42:01 [INFO] ==================================================================
2026-03-27 22:42:01 [INFO] Config file   : /home/cloudera/mos_qatar_demo_poc/config/mos_qatar_demo.ini
2026-03-27 22:42:01 [INFO] Landing dir   : /home/cloudera/mos_qatar_demo_poc/landing
2026-03-27 22:42:01 [INFO] Output file   : mos_sports_events_20260327_224201.txt
2026-03-27 22:42:01 [INFO] Records count : 5
2026-03-27 22:42:01 [INFO] ------------------------------------------------------------------
2026-03-27 22:42:01 [INFO]   Record 01: Event ID: EVT2386 | Event Name: GCC Club Championship Semi Final | Sport: Swimming | Venue...
2026-03-27 22:42:01 [INFO]   Record 02: Event ID: EVT7893 | Event Name: Ministry Youth Sports Day | Sport: Volleyball | Venue: Kha...
2026-03-27 22:42:01 [INFO]   Record 03: Event ID: EVT8621 | Event Name: Qatar Schools Football League | Sport: Athletics | Venue: ...
2026-03-27 22:42:01 [INFO]   Record 04: Event ID: EVT8637 | Event Name: Qatar Premier League Match Day 8 | Sport: Football | Venue...
2026-03-27 22:42:01 [INFO]   Record 05: Event ID: EVT8571 | Event Name: Ramadan Football Festival | Sport: Football | Venue: Lusai...
2026-03-27 22:42:01 [INFO] ------------------------------------------------------------------
2026-03-27 22:42:01 [INFO] File written successfully.
2026-03-27 22:42:01 [INFO]   Full path : /home/cloudera/mos_qatar_demo_poc/landing/mos_sports_events_20260327_224201.txt
2026-03-27 22:42:01 [INFO]   Size      : 1286 bytes
2026-03-27 22:42:01 [INFO]   Records   : 5
2026-03-27 22:42:01 [INFO] ==================================================================
2026-03-27 22:42:01 [INFO]   Generator Completed Successfully
2026-03-27 22:42:01 [INFO] ==================================================================
