2026-03-26 20:56:01 [INFO] ==================================================================
2026-03-26 20:56:01 [INFO]   MOS Qatar Demo - Sports Data Generator
2026-03-26 20:56:01 [INFO] ==================================================================
2026-03-26 20:56:01 [INFO] Config file   : /home/cloudera/mos_qatar_demo_poc/config/mos_qatar_demo.ini
2026-03-26 20:56:01 [INFO] Landing dir   : /home/cloudera/mos_qatar_demo_poc/landing
2026-03-26 20:56:01 [INFO] Output file   : mos_sports_events_20260326_205601.txt
2026-03-26 20:56:01 [INFO] Records count : 6
2026-03-26 20:56:01 [INFO] ------------------------------------------------------------------
2026-03-26 20:56:01 [INFO]   Record 01: Event ID: EVT1113 | Event Name: GCC Club Championship Quarter Final | Sport: Basketball | ...
2026-03-26 20:56:01 [INFO]   Record 02: Event ID: EVT3538 | Event Name: Qatar Premier League Match Day 8 | Sport: Athletics | Venu...
2026-03-26 20:56:01 [INFO]   Record 03: Event ID: EVT6184 | Event Name: Qatar Schools Football League | Sport: Basketball | Venue:...
2026-03-26 20:56:01 [INFO]   Record 04: Event ID: EVT3281 | Event Name: Qatar Cup Final | Sport: Volleyball | Venue: Education Cit...
2026-03-26 20:56:01 [INFO]   Record 05: Event ID: EVT6309 | Event Name: Qatar Premier League Match Day 8 | Sport: Swimming | Venue...
2026-03-26 20:56:01 [INFO]   Record 06: Event ID: EVT3916 | Event Name: Gulf Cup Qualifier Round 1 | Sport: Football | Venue: Lusa...
2026-03-26 20:56:01 [INFO] ------------------------------------------------------------------
2026-03-26 20:56:01 [INFO] File written successfully.
2026-03-26 20:56:01 [INFO]   Full path : /home/cloudera/mos_qatar_demo_poc/landing/mos_sports_events_20260326_205601.txt
2026-03-26 20:56:01 [INFO]   Size      : 1544 bytes
2026-03-26 20:56:01 [INFO]   Records   : 6
2026-03-26 20:56:01 [INFO] ==================================================================
2026-03-26 20:56:01 [INFO]   Generator Completed Successfully
2026-03-26 20:56:01 [INFO] ==================================================================
