2026-03-25 20:39:01 [INFO] ==================================================================
2026-03-25 20:39:01 [INFO]   MOS Qatar Demo - Sports Data Generator
2026-03-25 20:39:01 [INFO] ==================================================================
2026-03-25 20:39:01 [INFO] Config file   : /home/cloudera/mos_qatar_demo_poc/config/mos_qatar_demo.ini
2026-03-25 20:39:01 [INFO] Landing dir   : /home/cloudera/mos_qatar_demo_poc/landing
2026-03-25 20:39:01 [INFO] Output file   : mos_sports_events_20260325_203901.txt
2026-03-25 20:39:01 [INFO] Records count : 7
2026-03-25 20:39:01 [INFO] ------------------------------------------------------------------
2026-03-25 20:39:01 [INFO]   Record 01: Event ID: EVT1076 | Event Name: Gulf Youth Cup Semi Final | Sport: Swimming | Venue: Qatar...
2026-03-25 20:39:01 [INFO]   Record 02: Event ID: EVT9766 | Event Name: Qatar Premier League Match Day 5 | Sport: Volleyball | Ven...
2026-03-25 20:39:01 [INFO]   Record 03: Event ID: EVT4208 | Event Name: Gulf Youth Cup Final | Sport: Volleyball | Venue: Qatar Sp...
2026-03-25 20:39:01 [INFO]   Record 04: Event ID: EVT4363 | Event Name: GCC Club Championship Quarter Final | Sport: Football | Ve...
2026-03-25 20:39:01 [INFO]   Record 05: Event ID: EVT1820 | Event Name: FIFA World Cup Qatar Legacy Match | Sport: Athletics | Ven...
2026-03-25 20:39:01 [INFO]   Record 06: Event ID: EVT8449 | Event Name: MOS Annual Charity Football Gala | Sport: Football | Venue...
2026-03-25 20:39:01 [INFO]   Record 07: Event ID: EVT8078 | Event Name: Arab Nations Championship Group Stage | Sport: Football | ...
2026-03-25 20:39:01 [INFO] ------------------------------------------------------------------
2026-03-25 20:39:01 [INFO] File written successfully.
2026-03-25 20:39:01 [INFO]   Full path : /home/cloudera/mos_qatar_demo_poc/landing/mos_sports_events_20260325_203901.txt
2026-03-25 20:39:01 [INFO]   Size      : 1803 bytes
2026-03-25 20:39:01 [INFO]   Records   : 7
2026-03-25 20:39:01 [INFO] ==================================================================
2026-03-25 20:39:01 [INFO]   Generator Completed Successfully
2026-03-25 20:39:01 [INFO] ==================================================================
