2026-03-25 21:18:02 [INFO] ==================================================================
2026-03-25 21:18:02 [INFO]   MOS Qatar Demo - Sports Data Generator
2026-03-25 21:18:02 [INFO] ==================================================================
2026-03-25 21:18:02 [INFO] Config file   : /home/cloudera/mos_qatar_demo_poc/config/mos_qatar_demo.ini
2026-03-25 21:18:02 [INFO] Landing dir   : /home/cloudera/mos_qatar_demo_poc/landing
2026-03-25 21:18:02 [INFO] Output file   : mos_sports_events_20260325_211802.txt
2026-03-25 21:18:02 [INFO] Records count : 9
2026-03-25 21:18:02 [INFO] ------------------------------------------------------------------
2026-03-25 21:18:02 [INFO]   Record 01: Event ID: EVT9457 | Event Name: Arab Nations Championship Semi Final | Sport: Athletics | ...
2026-03-25 21:18:02 [INFO]   Record 02: Event ID: EVT6749 | Event Name: Gulf Youth Cup Quarter Final | Sport: Handball | Venue: Kh...
2026-03-25 21:18:02 [INFO]   Record 03: Event ID: EVT4114 | Event Name: GCC Club Championship Quarter Final | Sport: Football | Ve...
2026-03-25 21:18:02 [INFO]   Record 04: Event ID: EVT4191 | Event Name: Ministry Youth Sports Day | Sport: Handball | Venue: Al Wa...
2026-03-25 21:18:02 [INFO]   Record 05: Event ID: EVT7238 | Event Name: Ministry Invitational Friendly Tournament | Sport: Footbal...
2026-03-25 21:18:02 [INFO]   Record 06: Event ID: EVT5677 | Event Name: Qatar Cup Semi Final | Sport: Handball | Venue: Ahmad Bin ...
2026-03-25 21:18:02 [INFO]   Record 07: Event ID: EVT2180 | Event Name: Ramadan Football Festival | Sport: Football | Venue: Al Ja...
2026-03-25 21:18:02 [INFO]   Record 08: Event ID: EVT3940 | Event Name: GCC Club Championship Quarter Final | Sport: Football | Ve...
2026-03-25 21:18:02 [INFO]   Record 09: Event ID: EVT1882 | Event Name: National Team Preparation Match | Sport: Handball | Venue:...
2026-03-25 21:18:02 [INFO] ------------------------------------------------------------------
2026-03-25 21:18:02 [INFO] File written successfully.
2026-03-25 21:18:02 [INFO]   Full path : /home/cloudera/mos_qatar_demo_poc/landing/mos_sports_events_20260325_211802.txt
2026-03-25 21:18:02 [INFO]   Size      : 2350 bytes
2026-03-25 21:18:02 [INFO]   Records   : 9
2026-03-25 21:18:02 [INFO] ==================================================================
2026-03-25 21:18:02 [INFO]   Generator Completed Successfully
2026-03-25 21:18:02 [INFO] ==================================================================
