2026-03-26 01:37:01 [INFO] ==================================================================
2026-03-26 01:37:01 [INFO]   MOS Qatar Demo - Sports Data Generator
2026-03-26 01:37:01 [INFO] ==================================================================
2026-03-26 01:37:01 [INFO] Config file   : /home/cloudera/mos_qatar_demo_poc/config/mos_qatar_demo.ini
2026-03-26 01:37:01 [INFO] Landing dir   : /home/cloudera/mos_qatar_demo_poc/landing
2026-03-26 01:37:01 [INFO] Output file   : mos_sports_events_20260326_013701.txt
2026-03-26 01:37:01 [INFO] Records count : 9
2026-03-26 01:37:01 [INFO] ------------------------------------------------------------------
2026-03-26 01:37:01 [INFO]   Record 01: Event ID: EVT7683 | Event Name: Doha Sports Festival Opening Match | Sport: Basketball | V...
2026-03-26 01:37:01 [INFO]   Record 02: Event ID: EVT7892 | Event Name: Gulf Cup Qualifier Round 1 | Sport: Athletics | Venue: Qat...
2026-03-26 01:37:01 [INFO]   Record 03: Event ID: EVT8405 | Event Name: GCC Club Championship Semi Final | Sport: Football | Venue...
2026-03-26 01:37:01 [INFO]   Record 04: Event ID: EVT6587 | Event Name: Ministry Invitational Friendly Tournament | Sport: Basketb...
2026-03-26 01:37:01 [INFO]   Record 05: Event ID: EVT5026 | Event Name: Gulf Youth Cup Quarter Final | Sport: Football | Venue: Kh...
2026-03-26 01:37:01 [INFO]   Record 06: Event ID: EVT6844 | Event Name: Qatar Cup Final | Sport: Volleyball | Venue: Al Wakrah Spo...
2026-03-26 01:37:01 [INFO]   Record 07: Event ID: EVT2423 | Event Name: Gulf Youth Cup Semi Final | Sport: Swimming | Venue: Khali...
2026-03-26 01:37:01 [INFO]   Record 08: Event ID: EVT8263 | Event Name: Ramadan Football Festival | Sport: Football | Venue: Educa...
2026-03-26 01:37:01 [INFO]   Record 09: Event ID: EVT2706 | Event Name: Gulf Youth Cup Round 1 | Sport: Athletics | Venue: Khalifa...
2026-03-26 01:37:01 [INFO] ------------------------------------------------------------------
2026-03-26 01:37:01 [INFO] File written successfully.
2026-03-26 01:37:01 [INFO]   Full path : /home/cloudera/mos_qatar_demo_poc/landing/mos_sports_events_20260326_013701.txt
2026-03-26 01:37:01 [INFO]   Size      : 2333 bytes
2026-03-26 01:37:01 [INFO]   Records   : 9
2026-03-26 01:37:01 [INFO] ==================================================================
2026-03-26 01:37:01 [INFO]   Generator Completed Successfully
2026-03-26 01:37:01 [INFO] ==================================================================
