2026-03-26 18:57:01 [INFO] ==================================================================
2026-03-26 18:57:01 [INFO]   MOS Qatar Demo - Sports Data Generator
2026-03-26 18:57:01 [INFO] ==================================================================
2026-03-26 18:57:01 [INFO] Config file   : /home/cloudera/mos_qatar_demo_poc/config/mos_qatar_demo.ini
2026-03-26 18:57:01 [INFO] Landing dir   : /home/cloudera/mos_qatar_demo_poc/landing
2026-03-26 18:57:01 [INFO] Output file   : mos_sports_events_20260326_185701.txt
2026-03-26 18:57:01 [INFO] Records count : 10
2026-03-26 18:57:01 [INFO] ------------------------------------------------------------------
2026-03-26 18:57:01 [INFO]   Record 01: Event ID: EVT2695 | Event Name: MOS Annual Charity Football Gala | Sport: Volleyball | Ven...
2026-03-26 18:57:01 [INFO]   Record 02: Event ID: EVT3123 | Event Name: Arab Nations Championship Semi Final | Sport: Basketball |...
2026-03-26 18:57:01 [INFO]   Record 03: Event ID: EVT4699 | Event Name: National Team Preparation Match | Sport: Basketball | Venu...
2026-03-26 18:57:01 [INFO]   Record 04: Event ID: EVT4620 | Event Name: Arab Nations Championship Group Stage | Sport: Football | ...
2026-03-26 18:57:01 [INFO]   Record 05: Event ID: EVT1354 | Event Name: FIFA World Cup Qatar Legacy Match | Sport: Basketball | Ve...
2026-03-26 18:57:01 [INFO]   Record 06: Event ID: EVT3642 | Event Name: Gulf Youth Cup Final | Sport: Football | Venue: Lusail Sta...
2026-03-26 18:57:01 [INFO]   Record 07: Event ID: EVT7427 | Event Name: GCC Club Championship Final | Sport: Football | Venue: Ahm...
2026-03-26 18:57:01 [INFO]   Record 08: Event ID: EVT9464 | Event Name: Qatar Under-20 Development League | Sport: Football | Venu...
2026-03-26 18:57:01 [INFO]   Record 09: Event ID: EVT9415 | Event Name: Doha Sports Festival Opening Match | Sport: Swimming | Ven...
2026-03-26 18:57:01 [INFO]   Record 10: Event ID: EVT5999 | Event Name: Qatar Olympic Training Camp Evaluation | Sport: Handball |...
2026-03-26 18:57:01 [INFO] ------------------------------------------------------------------
2026-03-26 18:57:01 [INFO] File written successfully.
2026-03-26 18:57:01 [INFO]   Full path : /home/cloudera/mos_qatar_demo_poc/landing/mos_sports_events_20260326_185701.txt
2026-03-26 18:57:01 [INFO]   Size      : 2634 bytes
2026-03-26 18:57:01 [INFO]   Records   : 10
2026-03-26 18:57:01 [INFO] ==================================================================
2026-03-26 18:57:01 [INFO]   Generator Completed Successfully
2026-03-26 18:57:01 [INFO] ==================================================================
