2026-03-25 12:36:02 [INFO] ==================================================================
2026-03-25 12:36:02 [INFO]   MOS Qatar Demo - Sports Data Generator
2026-03-25 12:36:02 [INFO] ==================================================================
2026-03-25 12:36:02 [INFO] Config file   : /home/cloudera/mos_qatar_demo_poc/config/mos_qatar_demo.ini
2026-03-25 12:36:02 [INFO] Landing dir   : /home/cloudera/mos_qatar_demo_poc/landing
2026-03-25 12:36:02 [INFO] Output file   : mos_sports_events_20260325_123602.txt
2026-03-25 12:36:02 [INFO] Records count : 5
2026-03-25 12:36:02 [INFO] ------------------------------------------------------------------
2026-03-25 12:36:02 [INFO]   Record 01: Event ID: EVT7940 | Event Name: Qatar Cup Final | Sport: Football | Venue: Aspire Zone Are...
2026-03-25 12:36:02 [INFO]   Record 02: Event ID: EVT7228 | Event Name: Qatar Premier League Match Day 5 | Sport: Football | Venue...
2026-03-25 12:36:02 [INFO]   Record 03: Event ID: EVT7310 | Event Name: Arab Nations Championship Group Stage | Sport: Basketball ...
2026-03-25 12:36:02 [INFO]   Record 04: Event ID: EVT5717 | Event Name: Arab Nations Championship Semi Final | Sport: Football | V...
2026-03-25 12:36:02 [INFO]   Record 05: Event ID: EVT8025 | Event Name: Asian Qualifiers Warm-up Match | Sport: Football | Venue: ...
2026-03-25 12:36:02 [INFO] ------------------------------------------------------------------
2026-03-25 12:36:02 [INFO] File written successfully.
2026-03-25 12:36:02 [INFO]   Full path : /home/cloudera/mos_qatar_demo_poc/landing/mos_sports_events_20260325_123602.txt
2026-03-25 12:36:02 [INFO]   Size      : 1280 bytes
2026-03-25 12:36:02 [INFO]   Records   : 5
2026-03-25 12:36:02 [INFO] ==================================================================
2026-03-25 12:36:02 [INFO]   Generator Completed Successfully
2026-03-25 12:36:02 [INFO] ==================================================================
