2026-03-27 08:28:02 [INFO] ==================================================================
2026-03-27 08:28:02 [INFO]   MOS Qatar Demo - Sports Data Generator
2026-03-27 08:28:02 [INFO] ==================================================================
2026-03-27 08:28:02 [INFO] Config file   : /home/cloudera/mos_qatar_demo_poc/config/mos_qatar_demo.ini
2026-03-27 08:28:02 [INFO] Landing dir   : /home/cloudera/mos_qatar_demo_poc/landing
2026-03-27 08:28:02 [INFO] Output file   : mos_sports_events_20260327_082802.txt
2026-03-27 08:28:02 [INFO] Records count : 10
2026-03-27 08:28:02 [INFO] ------------------------------------------------------------------
2026-03-27 08:28:02 [INFO]   Record 01: Event ID: EVT4917 | Event Name: Ministry Invitational Friendly Tournament | Sport: Footbal...
2026-03-27 08:28:02 [INFO]   Record 02: Event ID: EVT2591 | Event Name: Qatar Under-20 Development League | Sport: Handball | Venu...
2026-03-27 08:28:02 [INFO]   Record 03: Event ID: EVT7019 | Event Name: Qatar Premier League Match Day 8 | Sport: Football | Venue...
2026-03-27 08:28:02 [INFO]   Record 04: Event ID: EVT7887 | Event Name: Asian Qualifiers Warm-up Match | Sport: Football | Venue: ...
2026-03-27 08:28:02 [INFO]   Record 05: Event ID: EVT7843 | Event Name: Gulf Cup Qualifier Round 1 | Sport: Athletics | Venue: Kha...
2026-03-27 08:28:02 [INFO]   Record 06: Event ID: EVT3632 | Event Name: Qatar Cup Final | Sport: Handball | Venue: Al Wakrah Sport...
2026-03-27 08:28:02 [INFO]   Record 07: Event ID: EVT1325 | Event Name: Asian Qualifiers Warm-up Match | Sport: Volleyball | Venue...
2026-03-27 08:28:02 [INFO]   Record 08: Event ID: EVT7096 | Event Name: Qatar Olympic Training Camp Evaluation | Sport: Swimming |...
2026-03-27 08:28:02 [INFO]   Record 09: Event ID: EVT3643 | Event Name: Asian Qualifiers Warm-up Match | Sport: Basketball | Venue...
2026-03-27 08:28:02 [INFO]   Record 10: Event ID: EVT2417 | Event Name: Doha Sports Festival Opening Match | Sport: Football | Ven...
2026-03-27 08:28:02 [INFO] ------------------------------------------------------------------
2026-03-27 08:28:02 [INFO] File written successfully.
2026-03-27 08:28:02 [INFO]   Full path : /home/cloudera/mos_qatar_demo_poc/landing/mos_sports_events_20260327_082802.txt
2026-03-27 08:28:02 [INFO]   Size      : 2589 bytes
2026-03-27 08:28:02 [INFO]   Records   : 10
2026-03-27 08:28:02 [INFO] ==================================================================
2026-03-27 08:28:02 [INFO]   Generator Completed Successfully
2026-03-27 08:28:02 [INFO] ==================================================================
