2026-03-24 17:20:02 [INFO] ==================================================================
2026-03-24 17:20:02 [INFO]   MOS Qatar Demo - Sports Data Generator
2026-03-24 17:20:02 [INFO] ==================================================================
2026-03-24 17:20:02 [INFO] Config file   : /home/cloudera/mos_qatar_demo_poc/config/mos_qatar_demo.ini
2026-03-24 17:20:02 [INFO] Landing dir   : /home/cloudera/mos_qatar_demo_poc/landing
2026-03-24 17:20:02 [INFO] Output file   : mos_sports_events_20260324_172002.txt
2026-03-24 17:20:02 [INFO] Records count : 7
2026-03-24 17:20:02 [INFO] ------------------------------------------------------------------
2026-03-24 17:20:02 [INFO]   Record 01: Event ID: EVT6512 | Event Name: GCC Club Championship Semi Final | Sport: Athletics | Venu...
2026-03-24 17:20:02 [INFO]   Record 02: Event ID: EVT5543 | Event Name: Qatar Premier League Match Day 12 | Sport: Football | Venu...
2026-03-24 17:20:02 [INFO]   Record 03: Event ID: EVT4996 | Event Name: Qatar Premier League Match Day 5 | Sport: Football | Venue...
2026-03-24 17:20:02 [INFO]   Record 04: Event ID: EVT6831 | Event Name: National Day Football Celebration | Sport: Athletics | Ven...
2026-03-24 17:20:02 [INFO]   Record 05: Event ID: EVT5937 | Event Name: National Team Preparation Match | Sport: Football | Venue:...
2026-03-24 17:20:02 [INFO]   Record 06: Event ID: EVT5401 | Event Name: MOS Annual Charity Football Gala | Sport: Basketball | Ven...
2026-03-24 17:20:02 [INFO]   Record 07: Event ID: EVT8784 | Event Name: GCC Club Championship Quarter Final | Sport: Basketball | ...
2026-03-24 17:20:02 [INFO] ------------------------------------------------------------------
2026-03-24 17:20:02 [INFO] File written successfully.
2026-03-24 17:20:02 [INFO]   Full path : /home/cloudera/mos_qatar_demo_poc/landing/mos_sports_events_20260324_172002.txt
2026-03-24 17:20:02 [INFO]   Size      : 1820 bytes
2026-03-24 17:20:02 [INFO]   Records   : 7
2026-03-24 17:20:02 [INFO] ==================================================================
2026-03-24 17:20:02 [INFO]   Generator Completed Successfully
2026-03-24 17:20:02 [INFO] ==================================================================
