2026-03-27 21:55:02 [INFO] ==================================================================
2026-03-27 21:55:02 [INFO]   MOS Qatar Demo - Sports Data Generator
2026-03-27 21:55:02 [INFO] ==================================================================
2026-03-27 21:55:02 [INFO] Config file   : /home/cloudera/mos_qatar_demo_poc/config/mos_qatar_demo.ini
2026-03-27 21:55:02 [INFO] Landing dir   : /home/cloudera/mos_qatar_demo_poc/landing
2026-03-27 21:55:02 [INFO] Output file   : mos_sports_events_20260327_215502.txt
2026-03-27 21:55:02 [INFO] Records count : 7
2026-03-27 21:55:02 [INFO] ------------------------------------------------------------------
2026-03-27 21:55:02 [INFO]   Record 01: Event ID: EVT4420 | Event Name: Qatar Premier League Match Day 5 | Sport: Football | Venue...
2026-03-27 21:55:02 [INFO]   Record 02: Event ID: EVT8873 | Event Name: GCC Club Championship Quarter Final | Sport: Football | Ve...
2026-03-27 21:55:02 [INFO]   Record 03: Event ID: EVT2159 | Event Name: Qatar Premier League Match Day 12 | Sport: Swimming | Venu...
2026-03-27 21:55:02 [INFO]   Record 04: Event ID: EVT2439 | Event Name: Qatar Cup Final | Sport: Basketball | Venue: Al Thumama St...
2026-03-27 21:55:02 [INFO]   Record 05: Event ID: EVT4714 | Event Name: Gulf Youth Cup Semi Final | Sport: Basketball | Venue: Ahm...
2026-03-27 21:55:02 [INFO]   Record 06: Event ID: EVT2035 | Event Name: Qatar Premier League Match Day 8 | Sport: Volleyball | Ven...
2026-03-27 21:55:02 [INFO]   Record 07: Event ID: EVT6173 | Event Name: Gulf Youth Cup Final | Sport: Football | Venue: Al Thumama...
2026-03-27 21:55:02 [INFO] ------------------------------------------------------------------
2026-03-27 21:55:02 [INFO] File written successfully.
2026-03-27 21:55:02 [INFO]   Full path : /home/cloudera/mos_qatar_demo_poc/landing/mos_sports_events_20260327_215502.txt
2026-03-27 21:55:02 [INFO]   Size      : 1808 bytes
2026-03-27 21:55:02 [INFO]   Records   : 7
2026-03-27 21:55:02 [INFO] ==================================================================
2026-03-27 21:55:02 [INFO]   Generator Completed Successfully
2026-03-27 21:55:02 [INFO] ==================================================================
