2026-03-25 16:16:01 [INFO] ==================================================================
2026-03-25 16:16:01 [INFO]   MOS Qatar Demo - Sports Data Generator
2026-03-25 16:16:01 [INFO] ==================================================================
2026-03-25 16:16:01 [INFO] Config file   : /home/cloudera/mos_qatar_demo_poc/config/mos_qatar_demo.ini
2026-03-25 16:16:01 [INFO] Landing dir   : /home/cloudera/mos_qatar_demo_poc/landing
2026-03-25 16:16:01 [INFO] Output file   : mos_sports_events_20260325_161601.txt
2026-03-25 16:16:01 [INFO] Records count : 6
2026-03-25 16:16:01 [INFO] ------------------------------------------------------------------
2026-03-25 16:16:01 [INFO]   Record 01: Event ID: EVT9823 | Event Name: Gulf Youth Cup Round 1 | Sport: Football | Venue: Al Bayt ...
2026-03-25 16:16:01 [INFO]   Record 02: Event ID: EVT3248 | Event Name: Qatar Schools Football League | Sport: Football | Venue: A...
2026-03-25 16:16:01 [INFO]   Record 03: Event ID: EVT3727 | Event Name: Qatar Schools Football League | Sport: Football | Venue: A...
2026-03-25 16:16:01 [INFO]   Record 04: Event ID: EVT5115 | Event Name: Qatar Cup Semi Final | Sport: Football | Venue: Ahmad Bin ...
2026-03-25 16:16:01 [INFO]   Record 05: Event ID: EVT3737 | Event Name: Gulf Youth Cup Round 1 | Sport: Handball | Venue: Khalifa ...
2026-03-25 16:16:01 [INFO]   Record 06: Event ID: EVT8649 | Event Name: GCC Club Championship Quarter Final | Sport: Athletics | V...
2026-03-25 16:16:01 [INFO] ------------------------------------------------------------------
2026-03-25 16:16:01 [INFO] File written successfully.
2026-03-25 16:16:01 [INFO]   Full path : /home/cloudera/mos_qatar_demo_poc/landing/mos_sports_events_20260325_161601.txt
2026-03-25 16:16:01 [INFO]   Size      : 1545 bytes
2026-03-25 16:16:01 [INFO]   Records   : 6
2026-03-25 16:16:01 [INFO] ==================================================================
2026-03-25 16:16:01 [INFO]   Generator Completed Successfully
2026-03-25 16:16:01 [INFO] ==================================================================
