2026-03-25 00:57:01 [INFO] ==================================================================
2026-03-25 00:57:01 [INFO]   MOS Qatar Demo - Sports Data Generator
2026-03-25 00:57:01 [INFO] ==================================================================
2026-03-25 00:57:01 [INFO] Config file   : /home/cloudera/mos_qatar_demo_poc/config/mos_qatar_demo.ini
2026-03-25 00:57:01 [INFO] Landing dir   : /home/cloudera/mos_qatar_demo_poc/landing
2026-03-25 00:57:01 [INFO] Output file   : mos_sports_events_20260325_005701.txt
2026-03-25 00:57:01 [INFO] Records count : 7
2026-03-25 00:57:01 [INFO] ------------------------------------------------------------------
2026-03-25 00:57:01 [INFO]   Record 01: Event ID: EVT1517 | Event Name: Asian Qualifiers Warm-up Match | Sport: Football | Venue: ...
2026-03-25 00:57:01 [INFO]   Record 02: Event ID: EVT3703 | Event Name: Qatar Premier League Match Day 8 | Sport: Athletics | Venu...
2026-03-25 00:57:01 [INFO]   Record 03: Event ID: EVT6650 | Event Name: Ministry Invitational Friendly Tournament | Sport: Footbal...
2026-03-25 00:57:01 [INFO]   Record 04: Event ID: EVT8582 | Event Name: Doha Sports Festival Opening Match | Sport: Football | Ven...
2026-03-25 00:57:01 [INFO]   Record 05: Event ID: EVT7055 | Event Name: MOS Annual Charity Football Gala | Sport: Football | Venue...
2026-03-25 00:57:01 [INFO]   Record 06: Event ID: EVT4593 | Event Name: Doha Sports Festival Opening Match | Sport: Swimming | Ven...
2026-03-25 00:57:01 [INFO]   Record 07: Event ID: EVT2291 | Event Name: Qatar Premier League Match Day 8 | Sport: Football | Venue...
2026-03-25 00:57:01 [INFO] ------------------------------------------------------------------
2026-03-25 00:57:01 [INFO] File written successfully.
2026-03-25 00:57:01 [INFO]   Full path : /home/cloudera/mos_qatar_demo_poc/landing/mos_sports_events_20260325_005701.txt
2026-03-25 00:57:01 [INFO]   Size      : 1841 bytes
2026-03-25 00:57:01 [INFO]   Records   : 7
2026-03-25 00:57:01 [INFO] ==================================================================
2026-03-25 00:57:01 [INFO]   Generator Completed Successfully
2026-03-25 00:57:01 [INFO] ==================================================================
