2026-03-25 13:32:01 [INFO] ==================================================================
2026-03-25 13:32:01 [INFO]   MOS Qatar Demo - Sports Data Generator
2026-03-25 13:32:01 [INFO] ==================================================================
2026-03-25 13:32:01 [INFO] Config file   : /home/cloudera/mos_qatar_demo_poc/config/mos_qatar_demo.ini
2026-03-25 13:32:01 [INFO] Landing dir   : /home/cloudera/mos_qatar_demo_poc/landing
2026-03-25 13:32:01 [INFO] Output file   : mos_sports_events_20260325_133201.txt
2026-03-25 13:32:01 [INFO] Records count : 6
2026-03-25 13:32:01 [INFO] ------------------------------------------------------------------
2026-03-25 13:32:01 [INFO]   Record 01: Event ID: EVT6710 | Event Name: Qatar Premier League Match Day 12 | Sport: Basketball | Ve...
2026-03-25 13:32:01 [INFO]   Record 02: Event ID: EVT9923 | Event Name: Gulf Cup Qualifier Round 1 | Sport: Athletics | Venue: Al ...
2026-03-25 13:32:01 [INFO]   Record 03: Event ID: EVT9314 | Event Name: Ministry Invitational Friendly Tournament | Sport: Footbal...
2026-03-25 13:32:01 [INFO]   Record 04: Event ID: EVT8817 | Event Name: National Day Football Celebration | Sport: Football | Venu...
2026-03-25 13:32:01 [INFO]   Record 05: Event ID: EVT1374 | Event Name: Gulf Youth Cup Semi Final | Sport: Football | Venue: Al Ja...
2026-03-25 13:32:01 [INFO]   Record 06: Event ID: EVT4070 | Event Name: National Day Football Celebration | Sport: Athletics | Ven...
2026-03-25 13:32:01 [INFO] ------------------------------------------------------------------
2026-03-25 13:32:01 [INFO] File written successfully.
2026-03-25 13:32:01 [INFO]   Full path : /home/cloudera/mos_qatar_demo_poc/landing/mos_sports_events_20260325_133201.txt
2026-03-25 13:32:01 [INFO]   Size      : 1573 bytes
2026-03-25 13:32:01 [INFO]   Records   : 6
2026-03-25 13:32:01 [INFO] ==================================================================
2026-03-25 13:32:01 [INFO]   Generator Completed Successfully
2026-03-25 13:32:01 [INFO] ==================================================================
