2026-03-27 11:52:01 [INFO] ==================================================================
2026-03-27 11:52:01 [INFO]   MOS Qatar Demo - Sports Data Generator
2026-03-27 11:52:01 [INFO] ==================================================================
2026-03-27 11:52:01 [INFO] Config file   : /home/cloudera/mos_qatar_demo_poc/config/mos_qatar_demo.ini
2026-03-27 11:52:01 [INFO] Landing dir   : /home/cloudera/mos_qatar_demo_poc/landing
2026-03-27 11:52:01 [INFO] Output file   : mos_sports_events_20260327_115201.txt
2026-03-27 11:52:01 [INFO] Records count : 5
2026-03-27 11:52:01 [INFO] ------------------------------------------------------------------
2026-03-27 11:52:01 [INFO]   Record 01: Event ID: EVT9661 | Event Name: Ministry Invitational Friendly Tournament | Sport: Footbal...
2026-03-27 11:52:01 [INFO]   Record 02: Event ID: EVT4119 | Event Name: Ramadan Football Festival | Sport: Athletics | Venue: Qata...
2026-03-27 11:52:01 [INFO]   Record 03: Event ID: EVT2514 | Event Name: Qatar Premier League Match Day 12 | Sport: Swimming | Venu...
2026-03-27 11:52:01 [INFO]   Record 04: Event ID: EVT4797 | Event Name: MOS Annual Charity Football Gala | Sport: Volleyball | Ven...
2026-03-27 11:52:01 [INFO]   Record 05: Event ID: EVT8350 | Event Name: Ministry Youth Sports Day | Sport: Football | Venue: Lusai...
2026-03-27 11:52:01 [INFO] ------------------------------------------------------------------
2026-03-27 11:52:01 [INFO] File written successfully.
2026-03-27 11:52:01 [INFO]   Full path : /home/cloudera/mos_qatar_demo_poc/landing/mos_sports_events_20260327_115201.txt
2026-03-27 11:52:01 [INFO]   Size      : 1290 bytes
2026-03-27 11:52:01 [INFO]   Records   : 5
2026-03-27 11:52:01 [INFO] ==================================================================
2026-03-27 11:52:01 [INFO]   Generator Completed Successfully
2026-03-27 11:52:01 [INFO] ==================================================================
