2026-03-24 17:51:01 [INFO] ==================================================================
2026-03-24 17:51:01 [INFO]   MOS Qatar Demo - Sports Data Generator
2026-03-24 17:51:01 [INFO] ==================================================================
2026-03-24 17:51:01 [INFO] Config file   : /home/cloudera/mos_qatar_demo_poc/config/mos_qatar_demo.ini
2026-03-24 17:51:01 [INFO] Landing dir   : /home/cloudera/mos_qatar_demo_poc/landing
2026-03-24 17:51:01 [INFO] Output file   : mos_sports_events_20260324_175101.txt
2026-03-24 17:51:01 [INFO] Records count : 7
2026-03-24 17:51:01 [INFO] ------------------------------------------------------------------
2026-03-24 17:51:01 [INFO]   Record 01: Event ID: EVT4872 | Event Name: GCC Club Championship Final | Sport: Basketball | Venue: A...
2026-03-24 17:51:01 [INFO]   Record 02: Event ID: EVT4767 | Event Name: Qatar Schools Football League | Sport: Handball | Venue: A...
2026-03-24 17:51:01 [INFO]   Record 03: Event ID: EVT8544 | Event Name: GCC Club Championship Quarter Final | Sport: Football | Ve...
2026-03-24 17:51:01 [INFO]   Record 04: Event ID: EVT6035 | Event Name: Ministry Invitational Friendly Tournament | Sport: Basketb...
2026-03-24 17:51:01 [INFO]   Record 05: Event ID: EVT6081 | Event Name: Ramadan Football Festival | Sport: Football | Venue: Khali...
2026-03-24 17:51:01 [INFO]   Record 06: Event ID: EVT3264 | Event Name: GCC Club Championship Semi Final | Sport: Football | Venue...
2026-03-24 17:51:01 [INFO]   Record 07: Event ID: EVT1589 | Event Name: Qatar Cup Final | Sport: Handball | Venue: Khalifa Interna...
2026-03-24 17:51:01 [INFO] ------------------------------------------------------------------
2026-03-24 17:51:01 [INFO] File written successfully.
2026-03-24 17:51:01 [INFO]   Full path : /home/cloudera/mos_qatar_demo_poc/landing/mos_sports_events_20260324_175101.txt
2026-03-24 17:51:01 [INFO]   Size      : 1851 bytes
2026-03-24 17:51:01 [INFO]   Records   : 7
2026-03-24 17:51:01 [INFO] ==================================================================
2026-03-24 17:51:01 [INFO]   Generator Completed Successfully
2026-03-24 17:51:01 [INFO] ==================================================================
