2026-03-26 03:46:02 [INFO] ==================================================================
2026-03-26 03:46:02 [INFO]   MOS Qatar Demo - Sports Data Generator
2026-03-26 03:46:02 [INFO] ==================================================================
2026-03-26 03:46:02 [INFO] Config file   : /home/cloudera/mos_qatar_demo_poc/config/mos_qatar_demo.ini
2026-03-26 03:46:02 [INFO] Landing dir   : /home/cloudera/mos_qatar_demo_poc/landing
2026-03-26 03:46:02 [INFO] Output file   : mos_sports_events_20260326_034602.txt
2026-03-26 03:46:02 [INFO] Records count : 9
2026-03-26 03:46:02 [INFO] ------------------------------------------------------------------
2026-03-26 03:46:02 [INFO]   Record 01: Event ID: EVT6645 | Event Name: Arab Nations Championship Semi Final | Sport: Football | V...
2026-03-26 03:46:02 [INFO]   Record 02: Event ID: EVT3464 | Event Name: Ministry Youth Sports Day | Sport: Football | Venue: Aspir...
2026-03-26 03:46:02 [INFO]   Record 03: Event ID: EVT8735 | Event Name: MOS Annual Charity Football Gala | Sport: Football | Venue...
2026-03-26 03:46:02 [INFO]   Record 04: Event ID: EVT6963 | Event Name: Qatar Schools Football League | Sport: Football | Venue: A...
2026-03-26 03:46:02 [INFO]   Record 05: Event ID: EVT1826 | Event Name: GCC Club Championship Final | Sport: Basketball | Venue: A...
2026-03-26 03:46:02 [INFO]   Record 06: Event ID: EVT3274 | Event Name: National Team Preparation Match | Sport: Volleyball | Venu...
2026-03-26 03:46:02 [INFO]   Record 07: Event ID: EVT5068 | Event Name: Arab Nations Championship Group Stage | Sport: Basketball ...
2026-03-26 03:46:02 [INFO]   Record 08: Event ID: EVT3169 | Event Name: FIFA World Cup Qatar Legacy Match | Sport: Football | Venu...
2026-03-26 03:46:02 [INFO]   Record 09: Event ID: EVT3605 | Event Name: Gulf Youth Cup Quarter Final | Sport: Football | Venue: Ed...
2026-03-26 03:46:02 [INFO] ------------------------------------------------------------------
2026-03-26 03:46:02 [INFO] File written successfully.
2026-03-26 03:46:02 [INFO]   Full path : /home/cloudera/mos_qatar_demo_poc/landing/mos_sports_events_20260326_034602.txt
2026-03-26 03:46:02 [INFO]   Size      : 2325 bytes
2026-03-26 03:46:02 [INFO]   Records   : 9
2026-03-26 03:46:02 [INFO] ==================================================================
2026-03-26 03:46:02 [INFO]   Generator Completed Successfully
2026-03-26 03:46:02 [INFO] ==================================================================
