2026-03-25 05:20:02 [INFO] ==================================================================
2026-03-25 05:20:02 [INFO]   MOS Qatar Demo - Sports Data Generator
2026-03-25 05:20:02 [INFO] ==================================================================
2026-03-25 05:20:02 [INFO] Config file   : /home/cloudera/mos_qatar_demo_poc/config/mos_qatar_demo.ini
2026-03-25 05:20:02 [INFO] Landing dir   : /home/cloudera/mos_qatar_demo_poc/landing
2026-03-25 05:20:02 [INFO] Output file   : mos_sports_events_20260325_052002.txt
2026-03-25 05:20:02 [INFO] Records count : 5
2026-03-25 05:20:02 [INFO] ------------------------------------------------------------------
2026-03-25 05:20:02 [INFO]   Record 01: Event ID: EVT1018 | Event Name: Ramadan Football Festival | Sport: Athletics | Venue: Al J...
2026-03-25 05:20:02 [INFO]   Record 02: Event ID: EVT9891 | Event Name: GCC Club Championship Semi Final | Sport: Football | Venue...
2026-03-25 05:20:02 [INFO]   Record 03: Event ID: EVT8963 | Event Name: Ramadan Football Festival | Sport: Football | Venue: Al Wa...
2026-03-25 05:20:02 [INFO]   Record 04: Event ID: EVT3248 | Event Name: GCC Club Championship Semi Final | Sport: Handball | Venue...
2026-03-25 05:20:02 [INFO]   Record 05: Event ID: EVT9328 | Event Name: Qatar Schools Football League | Sport: Football | Venue: A...
2026-03-25 05:20:02 [INFO] ------------------------------------------------------------------
2026-03-25 05:20:02 [INFO] File written successfully.
2026-03-25 05:20:02 [INFO]   Full path : /home/cloudera/mos_qatar_demo_poc/landing/mos_sports_events_20260325_052002.txt
2026-03-25 05:20:02 [INFO]   Size      : 1281 bytes
2026-03-25 05:20:02 [INFO]   Records   : 5
2026-03-25 05:20:02 [INFO] ==================================================================
2026-03-25 05:20:02 [INFO]   Generator Completed Successfully
2026-03-25 05:20:02 [INFO] ==================================================================
