2026-03-24 15:05:01 [INFO] ==================================================================
2026-03-24 15:05:01 [INFO]   MOS Qatar Demo - Sports Data Generator
2026-03-24 15:05:01 [INFO] ==================================================================
2026-03-24 15:05:01 [INFO] Config file   : /home/cloudera/mos_qatar_demo_poc/config/mos_qatar_demo.ini
2026-03-24 15:05:01 [INFO] Landing dir   : /home/cloudera/mos_qatar_demo_poc/landing
2026-03-24 15:05:01 [INFO] Output file   : mos_sports_events_20260324_150501.txt
2026-03-24 15:05:01 [INFO] Records count : 10
2026-03-24 15:05:01 [INFO] ------------------------------------------------------------------
2026-03-24 15:05:01 [INFO]   Record 01: Event ID: EVT8233 | Event Name: Arab Nations Championship Group Stage | Sport: Football | ...
2026-03-24 15:05:01 [INFO]   Record 02: Event ID: EVT7730 | Event Name: Gulf Cup Qualifier Round 1 | Sport: Football | Venue: Al B...
2026-03-24 15:05:01 [INFO]   Record 03: Event ID: EVT6323 | Event Name: Gulf Youth Cup Final | Sport: Volleyball | Venue: Al Janou...
2026-03-24 15:05:01 [INFO]   Record 04: Event ID: EVT2557 | Event Name: Ministry Invitational Friendly Tournament | Sport: Handbal...
2026-03-24 15:05:01 [INFO]   Record 05: Event ID: EVT1276 | Event Name: Arab Nations Championship Semi Final | Sport: Handball | V...
2026-03-24 15:05:01 [INFO]   Record 06: Event ID: EVT1797 | Event Name: MOS Annual Charity Football Gala | Sport: Volleyball | Ven...
2026-03-24 15:05:01 [INFO]   Record 07: Event ID: EVT7282 | Event Name: Gulf Youth Cup Semi Final | Sport: Handball | Venue: Al Ba...
2026-03-24 15:05:01 [INFO]   Record 08: Event ID: EVT8922 | Event Name: Doha Sports Festival Opening Match | Sport: Football | Ven...
2026-03-24 15:05:01 [INFO]   Record 09: Event ID: EVT1663 | Event Name: Gulf Youth Cup Semi Final | Sport: Handball | Venue: Khali...
2026-03-24 15:05:01 [INFO]   Record 10: Event ID: EVT8082 | Event Name: Gulf Youth Cup Round 1 | Sport: Football | Venue: Al Wakra...
2026-03-24 15:05:01 [INFO] ------------------------------------------------------------------
2026-03-24 15:05:01 [INFO] File written successfully.
2026-03-24 15:05:01 [INFO]   Full path : /home/cloudera/mos_qatar_demo_poc/landing/mos_sports_events_20260324_150501.txt
2026-03-24 15:05:01 [INFO]   Size      : 2583 bytes
2026-03-24 15:05:01 [INFO]   Records   : 10
2026-03-24 15:05:01 [INFO] ==================================================================
2026-03-24 15:05:01 [INFO]   Generator Completed Successfully
2026-03-24 15:05:01 [INFO] ==================================================================
