2026-03-24 15:15:01 [INFO] ==================================================================
2026-03-24 15:15:01 [INFO]   MOS Qatar Demo - Sports Data Generator
2026-03-24 15:15:01 [INFO] ==================================================================
2026-03-24 15:15:01 [INFO] Config file   : /home/cloudera/mos_qatar_demo_poc/config/mos_qatar_demo.ini
2026-03-24 15:15:01 [INFO] Landing dir   : /home/cloudera/mos_qatar_demo_poc/landing
2026-03-24 15:15:01 [INFO] Output file   : mos_sports_events_20260324_151501.txt
2026-03-24 15:15:01 [INFO] Records count : 4
2026-03-24 15:15:01 [INFO] ------------------------------------------------------------------
2026-03-24 15:15:01 [INFO]   Record 01: Event ID: EVT3553 | Event Name: Gulf Cup Qualifier Round 1 | Sport: Football | Venue: Al J...
2026-03-24 15:15:01 [INFO]   Record 02: Event ID: EVT7077 | Event Name: Ministry Invitational Friendly Tournament | Sport: Volleyb...
2026-03-24 15:15:01 [INFO]   Record 03: Event ID: EVT5534 | Event Name: Gulf Cup Qualifier Round 1 | Sport: Athletics | Venue: Lus...
2026-03-24 15:15:01 [INFO]   Record 04: Event ID: EVT5068 | Event Name: Ministry Invitational Friendly Tournament | Sport: Footbal...
2026-03-24 15:15:01 [INFO] ------------------------------------------------------------------
2026-03-24 15:15:01 [INFO] File written successfully.
2026-03-24 15:15:01 [INFO]   Full path : /home/cloudera/mos_qatar_demo_poc/landing/mos_sports_events_20260324_151501.txt
2026-03-24 15:15:01 [INFO]   Size      : 1025 bytes
2026-03-24 15:15:01 [INFO]   Records   : 4
2026-03-24 15:15:01 [INFO] ==================================================================
2026-03-24 15:15:01 [INFO]   Generator Completed Successfully
2026-03-24 15:15:01 [INFO] ==================================================================
