2026-03-25 06:43:02 [INFO] ==================================================================
2026-03-25 06:43:02 [INFO]   MOS Qatar Demo - Sports Data Generator
2026-03-25 06:43:02 [INFO] ==================================================================
2026-03-25 06:43:02 [INFO] Config file   : /home/cloudera/mos_qatar_demo_poc/config/mos_qatar_demo.ini
2026-03-25 06:43:02 [INFO] Landing dir   : /home/cloudera/mos_qatar_demo_poc/landing
2026-03-25 06:43:02 [INFO] Output file   : mos_sports_events_20260325_064302.txt
2026-03-25 06:43:02 [INFO] Records count : 5
2026-03-25 06:43:02 [INFO] ------------------------------------------------------------------
2026-03-25 06:43:02 [INFO]   Record 01: Event ID: EVT6535 | Event Name: Qatar Premier League Match Day 12 | Sport: Basketball | Ve...
2026-03-25 06:43:02 [INFO]   Record 02: Event ID: EVT7092 | Event Name: Qatar Premier League Match Day 8 | Sport: Volleyball | Ven...
2026-03-25 06:43:02 [INFO]   Record 03: Event ID: EVT7087 | Event Name: Doha Sports Festival Opening Match | Sport: Athletics | Ve...
2026-03-25 06:43:02 [INFO]   Record 04: Event ID: EVT3766 | Event Name: GCC Club Championship Final | Sport: Football | Venue: Al ...
2026-03-25 06:43:02 [INFO]   Record 05: Event ID: EVT4397 | Event Name: GCC Club Championship Quarter Final | Sport: Athletics | V...
2026-03-25 06:43:02 [INFO] ------------------------------------------------------------------
2026-03-25 06:43:02 [INFO] File written successfully.
2026-03-25 06:43:02 [INFO]   Full path : /home/cloudera/mos_qatar_demo_poc/landing/mos_sports_events_20260325_064302.txt
2026-03-25 06:43:02 [INFO]   Size      : 1311 bytes
2026-03-25 06:43:02 [INFO]   Records   : 5
2026-03-25 06:43:02 [INFO] ==================================================================
2026-03-25 06:43:02 [INFO]   Generator Completed Successfully
2026-03-25 06:43:02 [INFO] ==================================================================
