2026-03-26 00:15:01 [INFO] ==================================================================
2026-03-26 00:15:01 [INFO]   MOS Qatar Demo - Sports Data Generator
2026-03-26 00:15:01 [INFO] ==================================================================
2026-03-26 00:15:01 [INFO] Config file   : /home/cloudera/mos_qatar_demo_poc/config/mos_qatar_demo.ini
2026-03-26 00:15:01 [INFO] Landing dir   : /home/cloudera/mos_qatar_demo_poc/landing
2026-03-26 00:15:01 [INFO] Output file   : mos_sports_events_20260326_001501.txt
2026-03-26 00:15:01 [INFO] Records count : 7
2026-03-26 00:15:01 [INFO] ------------------------------------------------------------------
2026-03-26 00:15:01 [INFO]   Record 01: Event ID: EVT6006 | Event Name: Qatar Premier League Match Day 5 | Sport: Football | Venue...
2026-03-26 00:15:01 [INFO]   Record 02: Event ID: EVT1228 | Event Name: Gulf Youth Cup Quarter Final | Sport: Football | Venue: Lu...
2026-03-26 00:15:01 [INFO]   Record 03: Event ID: EVT9051 | Event Name: Qatar Premier League Match Day 8 | Sport: Basketball | Ven...
2026-03-26 00:15:01 [INFO]   Record 04: Event ID: EVT9921 | Event Name: National Team Preparation Match | Sport: Football | Venue:...
2026-03-26 00:15:01 [INFO]   Record 05: Event ID: EVT5845 | Event Name: Arab Nations Championship Semi Final | Sport: Handball | V...
2026-03-26 00:15:01 [INFO]   Record 06: Event ID: EVT8047 | Event Name: Ministry Youth Sports Day | Sport: Swimming | Venue: Lusai...
2026-03-26 00:15:01 [INFO]   Record 07: Event ID: EVT9174 | Event Name: Doha Sports Festival Opening Match | Sport: Football | Ven...
2026-03-26 00:15:01 [INFO] ------------------------------------------------------------------
2026-03-26 00:15:01 [INFO] File written successfully.
2026-03-26 00:15:01 [INFO]   Full path : /home/cloudera/mos_qatar_demo_poc/landing/mos_sports_events_20260326_001501.txt
2026-03-26 00:15:01 [INFO]   Size      : 1779 bytes
2026-03-26 00:15:01 [INFO]   Records   : 7
2026-03-26 00:15:01 [INFO] ==================================================================
2026-03-26 00:15:01 [INFO]   Generator Completed Successfully
2026-03-26 00:15:01 [INFO] ==================================================================
