2026-03-27 11:39:02 [INFO] ==================================================================
2026-03-27 11:39:02 [INFO]   MOS Qatar Demo - Sports Data Generator
2026-03-27 11:39:02 [INFO] ==================================================================
2026-03-27 11:39:02 [INFO] Config file   : /home/cloudera/mos_qatar_demo_poc/config/mos_qatar_demo.ini
2026-03-27 11:39:02 [INFO] Landing dir   : /home/cloudera/mos_qatar_demo_poc/landing
2026-03-27 11:39:02 [INFO] Output file   : mos_sports_events_20260327_113902.txt
2026-03-27 11:39:02 [INFO] Records count : 7
2026-03-27 11:39:02 [INFO] ------------------------------------------------------------------
2026-03-27 11:39:02 [INFO]   Record 01: Event ID: EVT3005 | Event Name: Arab Nations Championship Semi Final | Sport: Swimming | V...
2026-03-27 11:39:02 [INFO]   Record 02: Event ID: EVT1277 | Event Name: GCC Club Championship Final | Sport: Football | Venue: Al ...
2026-03-27 11:39:02 [INFO]   Record 03: Event ID: EVT8169 | Event Name: Gulf Youth Cup Round 1 | Sport: Swimming | Venue: Lusail S...
2026-03-27 11:39:02 [INFO]   Record 04: Event ID: EVT8589 | Event Name: Qatar Schools Football League | Sport: Football | Venue: E...
2026-03-27 11:39:02 [INFO]   Record 05: Event ID: EVT4413 | Event Name: Qatar Cup Final | Sport: Volleyball | Venue: Education Cit...
2026-03-27 11:39:02 [INFO]   Record 06: Event ID: EVT5946 | Event Name: Qatar Premier League Match Day 12 | Sport: Football | Venu...
2026-03-27 11:39:02 [INFO]   Record 07: Event ID: EVT5396 | Event Name: Qatar Under-20 Development League | Sport: Basketball | Ve...
2026-03-27 11:39:02 [INFO] ------------------------------------------------------------------
2026-03-27 11:39:02 [INFO] File written successfully.
2026-03-27 11:39:02 [INFO]   Full path : /home/cloudera/mos_qatar_demo_poc/landing/mos_sports_events_20260327_113902.txt
2026-03-27 11:39:02 [INFO]   Size      : 1817 bytes
2026-03-27 11:39:02 [INFO]   Records   : 7
2026-03-27 11:39:02 [INFO] ==================================================================
2026-03-27 11:39:02 [INFO]   Generator Completed Successfully
2026-03-27 11:39:02 [INFO] ==================================================================
