2026-03-26 15:28:02 [INFO] ==================================================================
2026-03-26 15:28:02 [INFO]   MOS Qatar Demo - Sports Data Generator
2026-03-26 15:28:02 [INFO] ==================================================================
2026-03-26 15:28:02 [INFO] Config file   : /home/cloudera/mos_qatar_demo_poc/config/mos_qatar_demo.ini
2026-03-26 15:28:02 [INFO] Landing dir   : /home/cloudera/mos_qatar_demo_poc/landing
2026-03-26 15:28:02 [INFO] Output file   : mos_sports_events_20260326_152802.txt
2026-03-26 15:28:02 [INFO] Records count : 8
2026-03-26 15:28:02 [INFO] ------------------------------------------------------------------
2026-03-26 15:28:02 [INFO]   Record 01: Event ID: EVT1711 | Event Name: Ministry Youth Sports Day | Sport: Football | Venue: Educa...
2026-03-26 15:28:02 [INFO]   Record 02: Event ID: EVT8150 | Event Name: Ministry Invitational Friendly Tournament | Sport: Volleyb...
2026-03-26 15:28:02 [INFO]   Record 03: Event ID: EVT1405 | Event Name: Qatar Olympic Training Camp Evaluation | Sport: Swimming |...
2026-03-26 15:28:02 [INFO]   Record 04: Event ID: EVT5013 | Event Name: Gulf Youth Cup Quarter Final | Sport: Handball | Venue: Ed...
2026-03-26 15:28:02 [INFO]   Record 05: Event ID: EVT1957 | Event Name: Gulf Youth Cup Quarter Final | Sport: Football | Venue: Al...
2026-03-26 15:28:02 [INFO]   Record 06: Event ID: EVT9016 | Event Name: National Team Preparation Match | Sport: Football | Venue:...
2026-03-26 15:28:02 [INFO]   Record 07: Event ID: EVT6738 | Event Name: GCC Club Championship Final | Sport: Football | Venue: Al ...
2026-03-26 15:28:02 [INFO]   Record 08: Event ID: EVT5766 | Event Name: Ministry Youth Sports Day | Sport: Basketball | Venue: Al ...
2026-03-26 15:28:02 [INFO] ------------------------------------------------------------------
2026-03-26 15:28:02 [INFO] File written successfully.
2026-03-26 15:28:02 [INFO]   Full path : /home/cloudera/mos_qatar_demo_poc/landing/mos_sports_events_20260326_152802.txt
2026-03-26 15:28:02 [INFO]   Size      : 2038 bytes
2026-03-26 15:28:02 [INFO]   Records   : 8
2026-03-26 15:28:02 [INFO] ==================================================================
2026-03-26 15:28:02 [INFO]   Generator Completed Successfully
2026-03-26 15:28:02 [INFO] ==================================================================
