2026-03-24 19:18:02 [INFO] ==================================================================
2026-03-24 19:18:02 [INFO]   MOS Qatar Demo - Sports Data Generator
2026-03-24 19:18:02 [INFO] ==================================================================
2026-03-24 19:18:02 [INFO] Config file   : /home/cloudera/mos_qatar_demo_poc/config/mos_qatar_demo.ini
2026-03-24 19:18:02 [INFO] Landing dir   : /home/cloudera/mos_qatar_demo_poc/landing
2026-03-24 19:18:02 [INFO] Output file   : mos_sports_events_20260324_191802.txt
2026-03-24 19:18:02 [INFO] Records count : 10
2026-03-24 19:18:02 [INFO] ------------------------------------------------------------------
2026-03-24 19:18:02 [INFO]   Record 01: Event ID: EVT2002 | Event Name: Qatar Under-20 Development League | Sport: Swimming | Venu...
2026-03-24 19:18:02 [INFO]   Record 02: Event ID: EVT9586 | Event Name: Gulf Youth Cup Round 2 | Sport: Football | Venue: Qatar Sp...
2026-03-24 19:18:02 [INFO]   Record 03: Event ID: EVT9384 | Event Name: Gulf Youth Cup Semi Final | Sport: Volleyball | Venue: Qat...
2026-03-24 19:18:02 [INFO]   Record 04: Event ID: EVT4334 | Event Name: Qatar Premier League Match Day 5 | Sport: Football | Venue...
2026-03-24 19:18:02 [INFO]   Record 05: Event ID: EVT6395 | Event Name: GCC Club Championship Semi Final | Sport: Football | Venue...
2026-03-24 19:18:02 [INFO]   Record 06: Event ID: EVT3037 | Event Name: Arab Nations Championship Group Stage | Sport: Football | ...
2026-03-24 19:18:02 [INFO]   Record 07: Event ID: EVT3632 | Event Name: Doha Sports Festival Opening Match | Sport: Football | Ven...
2026-03-24 19:18:02 [INFO]   Record 08: Event ID: EVT9274 | Event Name: Qatar Olympic Training Camp Evaluation | Sport: Basketball...
2026-03-24 19:18:02 [INFO]   Record 09: Event ID: EVT2278 | Event Name: Arab Nations Championship Semi Final | Sport: Football | V...
2026-03-24 19:18:02 [INFO]   Record 10: Event ID: EVT5391 | Event Name: GCC Club Championship Quarter Final | Sport: Football | Ve...
2026-03-24 19:18:02 [INFO] ------------------------------------------------------------------
2026-03-24 19:18:02 [INFO] File written successfully.
2026-03-24 19:18:02 [INFO]   Full path : /home/cloudera/mos_qatar_demo_poc/landing/mos_sports_events_20260324_191802.txt
2026-03-24 19:18:02 [INFO]   Size      : 2599 bytes
2026-03-24 19:18:02 [INFO]   Records   : 10
2026-03-24 19:18:02 [INFO] ==================================================================
2026-03-24 19:18:02 [INFO]   Generator Completed Successfully
2026-03-24 19:18:02 [INFO] ==================================================================
