2026-03-27 04:38:01 [INFO] ==================================================================
2026-03-27 04:38:01 [INFO]   MOS Qatar Demo - Sports Data Generator
2026-03-27 04:38:01 [INFO] ==================================================================
2026-03-27 04:38:01 [INFO] Config file   : /home/cloudera/mos_qatar_demo_poc/config/mos_qatar_demo.ini
2026-03-27 04:38:01 [INFO] Landing dir   : /home/cloudera/mos_qatar_demo_poc/landing
2026-03-27 04:38:01 [INFO] Output file   : mos_sports_events_20260327_043801.txt
2026-03-27 04:38:01 [INFO] Records count : 7
2026-03-27 04:38:01 [INFO] ------------------------------------------------------------------
2026-03-27 04:38:01 [INFO]   Record 01: Event ID: EVT2486 | Event Name: GCC Club Championship Final | Sport: Football | Venue: Al ...
2026-03-27 04:38:01 [INFO]   Record 02: Event ID: EVT3785 | Event Name: Gulf Youth Cup Quarter Final | Sport: Swimming | Venue: Al...
2026-03-27 04:38:01 [INFO]   Record 03: Event ID: EVT9677 | Event Name: Gulf Youth Cup Round 2 | Sport: Swimming | Venue: Al Bayt ...
2026-03-27 04:38:01 [INFO]   Record 04: Event ID: EVT2255 | Event Name: Gulf Youth Cup Final | Sport: Football | Venue: Lusail Sta...
2026-03-27 04:38:01 [INFO]   Record 05: Event ID: EVT8293 | Event Name: Qatar Cup Semi Final | Sport: Handball | Venue: Al Janoub ...
2026-03-27 04:38:01 [INFO]   Record 06: Event ID: EVT4091 | Event Name: Ministry Invitational Friendly Tournament | Sport: Athleti...
2026-03-27 04:38:01 [INFO]   Record 07: Event ID: EVT8885 | Event Name: Qatar Cup Final | Sport: Football | Venue: Al Wakrah Sport...
2026-03-27 04:38:01 [INFO] ------------------------------------------------------------------
2026-03-27 04:38:01 [INFO] File written successfully.
2026-03-27 04:38:01 [INFO]   Full path : /home/cloudera/mos_qatar_demo_poc/landing/mos_sports_events_20260327_043801.txt
2026-03-27 04:38:01 [INFO]   Size      : 1763 bytes
2026-03-27 04:38:01 [INFO]   Records   : 7
2026-03-27 04:38:01 [INFO] ==================================================================
2026-03-27 04:38:01 [INFO]   Generator Completed Successfully
2026-03-27 04:38:01 [INFO] ==================================================================
