2026-03-27 03:18:01 [INFO] ==================================================================
2026-03-27 03:18:01 [INFO]   MOS Qatar Demo - Sports Data Generator
2026-03-27 03:18:01 [INFO] ==================================================================
2026-03-27 03:18:01 [INFO] Config file   : /home/cloudera/mos_qatar_demo_poc/config/mos_qatar_demo.ini
2026-03-27 03:18:01 [INFO] Landing dir   : /home/cloudera/mos_qatar_demo_poc/landing
2026-03-27 03:18:01 [INFO] Output file   : mos_sports_events_20260327_031801.txt
2026-03-27 03:18:01 [INFO] Records count : 5
2026-03-27 03:18:01 [INFO] ------------------------------------------------------------------
2026-03-27 03:18:01 [INFO]   Record 01: Event ID: EVT5635 | Event Name: National Team Preparation Match | Sport: Football | Venue:...
2026-03-27 03:18:01 [INFO]   Record 02: Event ID: EVT3986 | Event Name: Gulf Youth Cup Round 1 | Sport: Football | Venue: Qatar Sp...
2026-03-27 03:18:01 [INFO]   Record 03: Event ID: EVT6190 | Event Name: FIFA World Cup Qatar Legacy Match | Sport: Football | Venu...
2026-03-27 03:18:01 [INFO]   Record 04: Event ID: EVT3970 | Event Name: MOS Annual Charity Football Gala | Sport: Football | Venue...
2026-03-27 03:18:01 [INFO]   Record 05: Event ID: EVT8099 | Event Name: Qatar Schools Football League | Sport: Football | Venue: A...
2026-03-27 03:18:01 [INFO] ------------------------------------------------------------------
2026-03-27 03:18:01 [INFO] File written successfully.
2026-03-27 03:18:01 [INFO]   Full path : /home/cloudera/mos_qatar_demo_poc/landing/mos_sports_events_20260327_031801.txt
2026-03-27 03:18:01 [INFO]   Size      : 1283 bytes
2026-03-27 03:18:01 [INFO]   Records   : 5
2026-03-27 03:18:01 [INFO] ==================================================================
2026-03-27 03:18:01 [INFO]   Generator Completed Successfully
2026-03-27 03:18:01 [INFO] ==================================================================
