2026-03-24 15:25:01 [INFO] ==================================================================
2026-03-24 15:25:01 [INFO]   MOS Qatar Demo - Sports Data Generator
2026-03-24 15:25:01 [INFO] ==================================================================
2026-03-24 15:25:01 [INFO] Config file   : /home/cloudera/mos_qatar_demo_poc/config/mos_qatar_demo.ini
2026-03-24 15:25:01 [INFO] Landing dir   : /home/cloudera/mos_qatar_demo_poc/landing
2026-03-24 15:25:01 [INFO] Output file   : mos_sports_events_20260324_152501.txt
2026-03-24 15:25:01 [INFO] Records count : 6
2026-03-24 15:25:01 [INFO] ------------------------------------------------------------------
2026-03-24 15:25:01 [INFO]   Record 01: Event ID: EVT5923 | Event Name: National Team Preparation Match | Sport: Basketball | Venu...
2026-03-24 15:25:01 [INFO]   Record 02: Event ID: EVT1272 | Event Name: FIFA World Cup Qatar Legacy Match | Sport: Handball | Venu...
2026-03-24 15:25:01 [INFO]   Record 03: Event ID: EVT5527 | Event Name: FIFA World Cup Qatar Legacy Match | Sport: Handball | Venu...
2026-03-24 15:25:01 [INFO]   Record 04: Event ID: EVT4342 | Event Name: Qatar Premier League Match Day 5 | Sport: Football | Venue...
2026-03-24 15:25:01 [INFO]   Record 05: Event ID: EVT3436 | Event Name: Gulf Youth Cup Final | Sport: Football | Venue: Al Janoub ...
2026-03-24 15:25:01 [INFO]   Record 06: Event ID: EVT7343 | Event Name: Arab Nations Championship Group Stage | Sport: Athletics |...
2026-03-24 15:25:01 [INFO] ------------------------------------------------------------------
2026-03-24 15:25:01 [INFO] File written successfully.
2026-03-24 15:25:01 [INFO]   Full path : /home/cloudera/mos_qatar_demo_poc/landing/mos_sports_events_20260324_152501.txt
2026-03-24 15:25:01 [INFO]   Size      : 1613 bytes
2026-03-24 15:25:01 [INFO]   Records   : 6
2026-03-24 15:25:01 [INFO] ==================================================================
2026-03-24 15:25:01 [INFO]   Generator Completed Successfully
2026-03-24 15:25:01 [INFO] ==================================================================
