2026-03-26 12:51:02 [INFO] ==================================================================
2026-03-26 12:51:02 [INFO]   MOS Qatar Demo - Sports Data Generator
2026-03-26 12:51:02 [INFO] ==================================================================
2026-03-26 12:51:02 [INFO] Config file   : /home/cloudera/mos_qatar_demo_poc/config/mos_qatar_demo.ini
2026-03-26 12:51:02 [INFO] Landing dir   : /home/cloudera/mos_qatar_demo_poc/landing
2026-03-26 12:51:02 [INFO] Output file   : mos_sports_events_20260326_125102.txt
2026-03-26 12:51:02 [INFO] Records count : 6
2026-03-26 12:51:02 [INFO] ------------------------------------------------------------------
2026-03-26 12:51:02 [INFO]   Record 01: Event ID: EVT9877 | Event Name: Ministry Youth Sports Day | Sport: Football | Venue: Al Ba...
2026-03-26 12:51:02 [INFO]   Record 02: Event ID: EVT3091 | Event Name: Gulf Youth Cup Round 1 | Sport: Football | Venue: Educatio...
2026-03-26 12:51:02 [INFO]   Record 03: Event ID: EVT8377 | Event Name: Ministry Youth Sports Day | Sport: Athletics | Venue: Al J...
2026-03-26 12:51:02 [INFO]   Record 04: Event ID: EVT8320 | Event Name: Qatar Olympic Training Camp Evaluation | Sport: Football |...
2026-03-26 12:51:02 [INFO]   Record 05: Event ID: EVT9753 | Event Name: National Day Football Celebration | Sport: Athletics | Ven...
2026-03-26 12:51:02 [INFO]   Record 06: Event ID: EVT6153 | Event Name: Gulf Cup Qualifier Round 1 | Sport: Football | Venue: Al B...
2026-03-26 12:51:02 [INFO] ------------------------------------------------------------------
2026-03-26 12:51:02 [INFO] File written successfully.
2026-03-26 12:51:02 [INFO]   Full path : /home/cloudera/mos_qatar_demo_poc/landing/mos_sports_events_20260326_125102.txt
2026-03-26 12:51:02 [INFO]   Size      : 1555 bytes
2026-03-26 12:51:02 [INFO]   Records   : 6
2026-03-26 12:51:02 [INFO] ==================================================================
2026-03-26 12:51:02 [INFO]   Generator Completed Successfully
2026-03-26 12:51:02 [INFO] ==================================================================
