2026-03-27 02:52:02 [INFO] ==================================================================
2026-03-27 02:52:02 [INFO]   MOS Qatar Demo - Sports Data Generator
2026-03-27 02:52:02 [INFO] ==================================================================
2026-03-27 02:52:02 [INFO] Config file   : /home/cloudera/mos_qatar_demo_poc/config/mos_qatar_demo.ini
2026-03-27 02:52:02 [INFO] Landing dir   : /home/cloudera/mos_qatar_demo_poc/landing
2026-03-27 02:52:02 [INFO] Output file   : mos_sports_events_20260327_025202.txt
2026-03-27 02:52:02 [INFO] Records count : 10
2026-03-27 02:52:02 [INFO] ------------------------------------------------------------------
2026-03-27 02:52:02 [INFO]   Record 01: Event ID: EVT7286 | Event Name: National Team Preparation Match | Sport: Handball | Venue:...
2026-03-27 02:52:02 [INFO]   Record 02: Event ID: EVT2534 | Event Name: Ministry Invitational Friendly Tournament | Sport: Volleyb...
2026-03-27 02:52:02 [INFO]   Record 03: Event ID: EVT2689 | Event Name: National Day Football Celebration | Sport: Athletics | Ven...
2026-03-27 02:52:02 [INFO]   Record 04: Event ID: EVT5314 | Event Name: Qatar Under-20 Development League | Sport: Basketball | Ve...
2026-03-27 02:52:02 [INFO]   Record 05: Event ID: EVT9576 | Event Name: FIFA World Cup Qatar Legacy Match | Sport: Swimming | Venu...
2026-03-27 02:52:02 [INFO]   Record 06: Event ID: EVT8098 | Event Name: Gulf Youth Cup Quarter Final | Sport: Athletics | Venue: A...
2026-03-27 02:52:02 [INFO]   Record 07: Event ID: EVT4750 | Event Name: Gulf Youth Cup Semi Final | Sport: Swimming | Venue: Al Th...
2026-03-27 02:52:02 [INFO]   Record 08: Event ID: EVT9416 | Event Name: Arab Nations Championship Semi Final | Sport: Football | V...
2026-03-27 02:52:02 [INFO]   Record 09: Event ID: EVT8767 | Event Name: Ministry Youth Sports Day | Sport: Swimming | Venue: Lusai...
2026-03-27 02:52:02 [INFO]   Record 10: Event ID: EVT4768 | Event Name: Ministry Invitational Friendly Tournament | Sport: Footbal...
2026-03-27 02:52:02 [INFO] ------------------------------------------------------------------
2026-03-27 02:52:02 [INFO] File written successfully.
2026-03-27 02:52:02 [INFO]   Full path : /home/cloudera/mos_qatar_demo_poc/landing/mos_sports_events_20260327_025202.txt
2026-03-27 02:52:02 [INFO]   Size      : 2620 bytes
2026-03-27 02:52:02 [INFO]   Records   : 10
2026-03-27 02:52:02 [INFO] ==================================================================
2026-03-27 02:52:02 [INFO]   Generator Completed Successfully
2026-03-27 02:52:02 [INFO] ==================================================================
