2026-03-24 19:17:01 [INFO] ==================================================================
2026-03-24 19:17:01 [INFO]   MOS Qatar Demo - Sports Data Generator
2026-03-24 19:17:01 [INFO] ==================================================================
2026-03-24 19:17:01 [INFO] Config file   : /home/cloudera/mos_qatar_demo_poc/config/mos_qatar_demo.ini
2026-03-24 19:17:01 [INFO] Landing dir   : /home/cloudera/mos_qatar_demo_poc/landing
2026-03-24 19:17:01 [INFO] Output file   : mos_sports_events_20260324_191701.txt
2026-03-24 19:17:01 [INFO] Records count : 9
2026-03-24 19:17:01 [INFO] ------------------------------------------------------------------
2026-03-24 19:17:01 [INFO]   Record 01: Event ID: EVT5712 | Event Name: Asian Qualifiers Warm-up Match | Sport: Football | Venue: ...
2026-03-24 19:17:01 [INFO]   Record 02: Event ID: EVT1732 | Event Name: Qatar Cup Final | Sport: Football | Venue: Al Janoub Stadi...
2026-03-24 19:17:01 [INFO]   Record 03: Event ID: EVT9351 | Event Name: Ministry Invitational Friendly Tournament | Sport: Footbal...
2026-03-24 19:17:01 [INFO]   Record 04: Event ID: EVT4021 | Event Name: GCC Club Championship Quarter Final | Sport: Volleyball | ...
2026-03-24 19:17:01 [INFO]   Record 05: Event ID: EVT2124 | Event Name: Qatar Premier League Match Day 5 | Sport: Football | Venue...
2026-03-24 19:17:01 [INFO]   Record 06: Event ID: EVT5014 | Event Name: National Day Football Celebration | Sport: Football | Venu...
2026-03-24 19:17:01 [INFO]   Record 07: Event ID: EVT6504 | Event Name: MOS Annual Charity Football Gala | Sport: Athletics | Venu...
2026-03-24 19:17:01 [INFO]   Record 08: Event ID: EVT6966 | Event Name: Qatar Premier League Match Day 5 | Sport: Swimming | Venue...
2026-03-24 19:17:01 [INFO]   Record 09: Event ID: EVT7982 | Event Name: Gulf Youth Cup Final | Sport: Football | Venue: Al Thumama...
2026-03-24 19:17:01 [INFO] ------------------------------------------------------------------
2026-03-24 19:17:01 [INFO] File written successfully.
2026-03-24 19:17:01 [INFO]   Full path : /home/cloudera/mos_qatar_demo_poc/landing/mos_sports_events_20260324_191701.txt
2026-03-24 19:17:01 [INFO]   Size      : 2328 bytes
2026-03-24 19:17:01 [INFO]   Records   : 9
2026-03-24 19:17:01 [INFO] ==================================================================
2026-03-24 19:17:01 [INFO]   Generator Completed Successfully
2026-03-24 19:17:01 [INFO] ==================================================================
