2026-03-26 17:14:01 [INFO] ==================================================================
2026-03-26 17:14:01 [INFO]   MOS Qatar Demo - Sports Data Generator
2026-03-26 17:14:01 [INFO] ==================================================================
2026-03-26 17:14:01 [INFO] Config file   : /home/cloudera/mos_qatar_demo_poc/config/mos_qatar_demo.ini
2026-03-26 17:14:01 [INFO] Landing dir   : /home/cloudera/mos_qatar_demo_poc/landing
2026-03-26 17:14:01 [INFO] Output file   : mos_sports_events_20260326_171401.txt
2026-03-26 17:14:01 [INFO] Records count : 9
2026-03-26 17:14:01 [INFO] ------------------------------------------------------------------
2026-03-26 17:14:01 [INFO]   Record 01: Event ID: EVT8876 | Event Name: Qatar Cup Final | Sport: Volleyball | Venue: Al Thumama St...
2026-03-26 17:14:01 [INFO]   Record 02: Event ID: EVT6644 | Event Name: Qatar Under-20 Development League | Sport: Football | Venu...
2026-03-26 17:14:01 [INFO]   Record 03: Event ID: EVT5718 | Event Name: Asian Qualifiers Warm-up Match | Sport: Volleyball | Venue...
2026-03-26 17:14:01 [INFO]   Record 04: Event ID: EVT8665 | Event Name: Ministry Youth Sports Day | Sport: Football | Venue: Lusai...
2026-03-26 17:14:01 [INFO]   Record 05: Event ID: EVT2370 | Event Name: National Team Preparation Match | Sport: Football | Venue:...
2026-03-26 17:14:01 [INFO]   Record 06: Event ID: EVT1965 | Event Name: Qatar Cup Semi Final | Sport: Football | Venue: Al Janoub ...
2026-03-26 17:14:01 [INFO]   Record 07: Event ID: EVT4085 | Event Name: Qatar Olympic Training Camp Evaluation | Sport: Volleyball...
2026-03-26 17:14:01 [INFO]   Record 08: Event ID: EVT8356 | Event Name: GCC Club Championship Semi Final | Sport: Football | Venue...
2026-03-26 17:14:01 [INFO]   Record 09: Event ID: EVT7184 | Event Name: Qatar Cup Final | Sport: Handball | Venue: Qatar Sports Cl...
2026-03-26 17:14:01 [INFO] ------------------------------------------------------------------
2026-03-26 17:14:01 [INFO] File written successfully.
2026-03-26 17:14:01 [INFO]   Full path : /home/cloudera/mos_qatar_demo_poc/landing/mos_sports_events_20260326_171401.txt
2026-03-26 17:14:01 [INFO]   Size      : 2315 bytes
2026-03-26 17:14:01 [INFO]   Records   : 9
2026-03-26 17:14:01 [INFO] ==================================================================
2026-03-26 17:14:01 [INFO]   Generator Completed Successfully
2026-03-26 17:14:01 [INFO] ==================================================================
