2026-03-27 22:29:01 [INFO] ==================================================================
2026-03-27 22:29:01 [INFO]   MOS Qatar Demo - Sports Data Generator
2026-03-27 22:29:01 [INFO] ==================================================================
2026-03-27 22:29:01 [INFO] Config file   : /home/cloudera/mos_qatar_demo_poc/config/mos_qatar_demo.ini
2026-03-27 22:29:01 [INFO] Landing dir   : /home/cloudera/mos_qatar_demo_poc/landing
2026-03-27 22:29:01 [INFO] Output file   : mos_sports_events_20260327_222901.txt
2026-03-27 22:29:01 [INFO] Records count : 4
2026-03-27 22:29:01 [INFO] ------------------------------------------------------------------
2026-03-27 22:29:01 [INFO]   Record 01: Event ID: EVT4332 | Event Name: FIFA World Cup Qatar Legacy Match | Sport: Football | Venu...
2026-03-27 22:29:01 [INFO]   Record 02: Event ID: EVT1549 | Event Name: GCC Club Championship Semi Final | Sport: Football | Venue...
2026-03-27 22:29:01 [INFO]   Record 03: Event ID: EVT3322 | Event Name: Asian Qualifiers Warm-up Match | Sport: Football | Venue: ...
2026-03-27 22:29:01 [INFO]   Record 04: Event ID: EVT9090 | Event Name: Gulf Cup Qualifier Round 1 | Sport: Football | Venue: Khal...
2026-03-27 22:29:01 [INFO] ------------------------------------------------------------------
2026-03-27 22:29:01 [INFO] File written successfully.
2026-03-27 22:29:01 [INFO]   Full path : /home/cloudera/mos_qatar_demo_poc/landing/mos_sports_events_20260327_222901.txt
2026-03-27 22:29:01 [INFO]   Size      : 1056 bytes
2026-03-27 22:29:01 [INFO]   Records   : 4
2026-03-27 22:29:01 [INFO] ==================================================================
2026-03-27 22:29:01 [INFO]   Generator Completed Successfully
2026-03-27 22:29:01 [INFO] ==================================================================
