2026-03-24 17:40:01 [INFO] ==================================================================
2026-03-24 17:40:01 [INFO]   MOS Qatar Demo - Sports Data Generator
2026-03-24 17:40:01 [INFO] ==================================================================
2026-03-24 17:40:01 [INFO] Config file   : /home/cloudera/mos_qatar_demo_poc/config/mos_qatar_demo.ini
2026-03-24 17:40:01 [INFO] Landing dir   : /home/cloudera/mos_qatar_demo_poc/landing
2026-03-24 17:40:01 [INFO] Output file   : mos_sports_events_20260324_174001.txt
2026-03-24 17:40:01 [INFO] Records count : 6
2026-03-24 17:40:01 [INFO] ------------------------------------------------------------------
2026-03-24 17:40:01 [INFO]   Record 01: Event ID: EVT5077 | Event Name: GCC Club Championship Semi Final | Sport: Football | Venue...
2026-03-24 17:40:01 [INFO]   Record 02: Event ID: EVT1067 | Event Name: Qatar Schools Football League | Sport: Football | Venue: Q...
2026-03-24 17:40:01 [INFO]   Record 03: Event ID: EVT6795 | Event Name: Gulf Youth Cup Semi Final | Sport: Swimming | Venue: Aspir...
2026-03-24 17:40:01 [INFO]   Record 04: Event ID: EVT4653 | Event Name: Qatar Schools Football League | Sport: Volleyball | Venue:...
2026-03-24 17:40:01 [INFO]   Record 05: Event ID: EVT1625 | Event Name: Qatar Olympic Training Camp Evaluation | Sport: Football |...
2026-03-24 17:40:01 [INFO]   Record 06: Event ID: EVT3863 | Event Name: Qatar Cup Semi Final | Sport: Football | Venue: Ahmad Bin ...
2026-03-24 17:40:01 [INFO] ------------------------------------------------------------------
2026-03-24 17:40:01 [INFO] File written successfully.
2026-03-24 17:40:01 [INFO]   Full path : /home/cloudera/mos_qatar_demo_poc/landing/mos_sports_events_20260324_174001.txt
2026-03-24 17:40:01 [INFO]   Size      : 1548 bytes
2026-03-24 17:40:01 [INFO]   Records   : 6
2026-03-24 17:40:01 [INFO] ==================================================================
2026-03-24 17:40:01 [INFO]   Generator Completed Successfully
2026-03-24 17:40:01 [INFO] ==================================================================
