2026-03-26 23:32:02 [INFO] ==================================================================
2026-03-26 23:32:02 [INFO]   MOS Qatar Demo - Sports Data Generator
2026-03-26 23:32:02 [INFO] ==================================================================
2026-03-26 23:32:02 [INFO] Config file   : /home/cloudera/mos_qatar_demo_poc/config/mos_qatar_demo.ini
2026-03-26 23:32:02 [INFO] Landing dir   : /home/cloudera/mos_qatar_demo_poc/landing
2026-03-26 23:32:02 [INFO] Output file   : mos_sports_events_20260326_233202.txt
2026-03-26 23:32:02 [INFO] Records count : 4
2026-03-26 23:32:02 [INFO] ------------------------------------------------------------------
2026-03-26 23:32:02 [INFO]   Record 01: Event ID: EVT9619 | Event Name: GCC Club Championship Quarter Final | Sport: Handball | Ve...
2026-03-26 23:32:02 [INFO]   Record 02: Event ID: EVT2611 | Event Name: Qatar Cup Final | Sport: Football | Venue: Ahmad Bin Ali S...
2026-03-26 23:32:02 [INFO]   Record 03: Event ID: EVT4931 | Event Name: Gulf Youth Cup Quarter Final | Sport: Football | Venue: Al...
2026-03-26 23:32:02 [INFO]   Record 04: Event ID: EVT6066 | Event Name: Gulf Youth Cup Round 2 | Sport: Football | Venue: Qatar Sp...
2026-03-26 23:32:02 [INFO] ------------------------------------------------------------------
2026-03-26 23:32:02 [INFO] File written successfully.
2026-03-26 23:32:02 [INFO]   Full path : /home/cloudera/mos_qatar_demo_poc/landing/mos_sports_events_20260326_233202.txt
2026-03-26 23:32:02 [INFO]   Size      : 1031 bytes
2026-03-26 23:32:02 [INFO]   Records   : 4
2026-03-26 23:32:02 [INFO] ==================================================================
2026-03-26 23:32:02 [INFO]   Generator Completed Successfully
2026-03-26 23:32:02 [INFO] ==================================================================
