2026-03-24 22:22:01 [INFO] ==================================================================
2026-03-24 22:22:01 [INFO]   MOS Qatar Demo - Sports Data Generator
2026-03-24 22:22:01 [INFO] ==================================================================
2026-03-24 22:22:01 [INFO] Config file   : /home/cloudera/mos_qatar_demo_poc/config/mos_qatar_demo.ini
2026-03-24 22:22:01 [INFO] Landing dir   : /home/cloudera/mos_qatar_demo_poc/landing
2026-03-24 22:22:01 [INFO] Output file   : mos_sports_events_20260324_222201.txt
2026-03-24 22:22:01 [INFO] Records count : 6
2026-03-24 22:22:01 [INFO] ------------------------------------------------------------------
2026-03-24 22:22:01 [INFO]   Record 01: Event ID: EVT8129 | Event Name: Arab Nations Championship Group Stage | Sport: Football | ...
2026-03-24 22:22:01 [INFO]   Record 02: Event ID: EVT5453 | Event Name: Gulf Youth Cup Round 2 | Sport: Football | Venue: Al Janou...
2026-03-24 22:22:01 [INFO]   Record 03: Event ID: EVT8560 | Event Name: FIFA World Cup Qatar Legacy Match | Sport: Handball | Venu...
2026-03-24 22:22:01 [INFO]   Record 04: Event ID: EVT7112 | Event Name: Qatar Cup Semi Final | Sport: Football | Venue: Al Janoub ...
2026-03-24 22:22:01 [INFO]   Record 05: Event ID: EVT5797 | Event Name: Qatar Cup Semi Final | Sport: Football | Venue: Al Thumama...
2026-03-24 22:22:01 [INFO]   Record 06: Event ID: EVT5255 | Event Name: Qatar Cup Final | Sport: Football | Venue: Education City ...
2026-03-24 22:22:01 [INFO] ------------------------------------------------------------------
2026-03-24 22:22:01 [INFO] File written successfully.
2026-03-24 22:22:01 [INFO]   Full path : /home/cloudera/mos_qatar_demo_poc/landing/mos_sports_events_20260324_222201.txt
2026-03-24 22:22:01 [INFO]   Size      : 1514 bytes
2026-03-24 22:22:01 [INFO]   Records   : 6
2026-03-24 22:22:01 [INFO] ==================================================================
2026-03-24 22:22:01 [INFO]   Generator Completed Successfully
2026-03-24 22:22:01 [INFO] ==================================================================
