2026-03-27 06:23:02 [INFO] ==================================================================
2026-03-27 06:23:02 [INFO]   MOS Qatar Demo - Sports Data Generator
2026-03-27 06:23:02 [INFO] ==================================================================
2026-03-27 06:23:02 [INFO] Config file   : /home/cloudera/mos_qatar_demo_poc/config/mos_qatar_demo.ini
2026-03-27 06:23:02 [INFO] Landing dir   : /home/cloudera/mos_qatar_demo_poc/landing
2026-03-27 06:23:02 [INFO] Output file   : mos_sports_events_20260327_062302.txt
2026-03-27 06:23:02 [INFO] Records count : 5
2026-03-27 06:23:02 [INFO] ------------------------------------------------------------------
2026-03-27 06:23:02 [INFO]   Record 01: Event ID: EVT3919 | Event Name: Ramadan Football Festival | Sport: Football | Venue: Ahmad...
2026-03-27 06:23:02 [INFO]   Record 02: Event ID: EVT1068 | Event Name: National Team Preparation Match | Sport: Football | Venue:...
2026-03-27 06:23:02 [INFO]   Record 03: Event ID: EVT8715 | Event Name: GCC Club Championship Quarter Final | Sport: Football | Ve...
2026-03-27 06:23:02 [INFO]   Record 04: Event ID: EVT3641 | Event Name: GCC Club Championship Final | Sport: Basketball | Venue: A...
2026-03-27 06:23:02 [INFO]   Record 05: Event ID: EVT3562 | Event Name: Qatar Olympic Training Camp Evaluation | Sport: Football |...
2026-03-27 06:23:02 [INFO] ------------------------------------------------------------------
2026-03-27 06:23:02 [INFO] File written successfully.
2026-03-27 06:23:02 [INFO]   Full path : /home/cloudera/mos_qatar_demo_poc/landing/mos_sports_events_20260327_062302.txt
2026-03-27 06:23:02 [INFO]   Size      : 1308 bytes
2026-03-27 06:23:02 [INFO]   Records   : 5
2026-03-27 06:23:02 [INFO] ==================================================================
2026-03-27 06:23:02 [INFO]   Generator Completed Successfully
2026-03-27 06:23:02 [INFO] ==================================================================
