2026-03-24 21:23:01 [INFO] ==================================================================
2026-03-24 21:23:01 [INFO]   MOS Qatar Demo - Sports Data Generator
2026-03-24 21:23:01 [INFO] ==================================================================
2026-03-24 21:23:01 [INFO] Config file   : /home/cloudera/mos_qatar_demo_poc/config/mos_qatar_demo.ini
2026-03-24 21:23:01 [INFO] Landing dir   : /home/cloudera/mos_qatar_demo_poc/landing
2026-03-24 21:23:01 [INFO] Output file   : mos_sports_events_20260324_212301.txt
2026-03-24 21:23:01 [INFO] Records count : 9
2026-03-24 21:23:01 [INFO] ------------------------------------------------------------------
2026-03-24 21:23:01 [INFO]   Record 01: Event ID: EVT6745 | Event Name: Gulf Youth Cup Semi Final | Sport: Football | Venue: Qatar...
2026-03-24 21:23:01 [INFO]   Record 02: Event ID: EVT4814 | Event Name: Ministry Youth Sports Day | Sport: Football | Venue: Lusai...
2026-03-24 21:23:01 [INFO]   Record 03: Event ID: EVT3722 | Event Name: Arab Nations Championship Semi Final | Sport: Football | V...
2026-03-24 21:23:01 [INFO]   Record 04: Event ID: EVT2569 | Event Name: Ramadan Football Festival | Sport: Football | Venue: Al Th...
2026-03-24 21:23:01 [INFO]   Record 05: Event ID: EVT7462 | Event Name: Gulf Youth Cup Quarter Final | Sport: Basketball | Venue: ...
2026-03-24 21:23:01 [INFO]   Record 06: Event ID: EVT4678 | Event Name: Gulf Youth Cup Final | Sport: Volleyball | Venue: Al Thuma...
2026-03-24 21:23:01 [INFO]   Record 07: Event ID: EVT2101 | Event Name: Qatar Cup Semi Final | Sport: Football | Venue: Al Bayt St...
2026-03-24 21:23:01 [INFO]   Record 08: Event ID: EVT2793 | Event Name: Gulf Youth Cup Round 1 | Sport: Basketball | Venue: Khalif...
2026-03-24 21:23:01 [INFO]   Record 09: Event ID: EVT6369 | Event Name: Arab Nations Championship Semi Final | Sport: Football | V...
2026-03-24 21:23:01 [INFO] ------------------------------------------------------------------
2026-03-24 21:23:01 [INFO] File written successfully.
2026-03-24 21:23:01 [INFO]   Full path : /home/cloudera/mos_qatar_demo_poc/landing/mos_sports_events_20260324_212301.txt
2026-03-24 21:23:01 [INFO]   Size      : 2300 bytes
2026-03-24 21:23:01 [INFO]   Records   : 9
2026-03-24 21:23:01 [INFO] ==================================================================
2026-03-24 21:23:01 [INFO]   Generator Completed Successfully
2026-03-24 21:23:01 [INFO] ==================================================================
