2026-03-26 23:28:01 [INFO] ==================================================================
2026-03-26 23:28:01 [INFO]   MOS Qatar Demo - Sports Data Generator
2026-03-26 23:28:01 [INFO] ==================================================================
2026-03-26 23:28:01 [INFO] Config file   : /home/cloudera/mos_qatar_demo_poc/config/mos_qatar_demo.ini
2026-03-26 23:28:01 [INFO] Landing dir   : /home/cloudera/mos_qatar_demo_poc/landing
2026-03-26 23:28:01 [INFO] Output file   : mos_sports_events_20260326_232801.txt
2026-03-26 23:28:01 [INFO] Records count : 6
2026-03-26 23:28:01 [INFO] ------------------------------------------------------------------
2026-03-26 23:28:01 [INFO]   Record 01: Event ID: EVT6749 | Event Name: Qatar Premier League Match Day 5 | Sport: Football | Venue...
2026-03-26 23:28:01 [INFO]   Record 02: Event ID: EVT2021 | Event Name: Gulf Cup Qualifier Round 1 | Sport: Athletics | Venue: Qat...
2026-03-26 23:28:01 [INFO]   Record 03: Event ID: EVT5023 | Event Name: Qatar Premier League Match Day 8 | Sport: Handball | Venue...
2026-03-26 23:28:01 [INFO]   Record 04: Event ID: EVT5598 | Event Name: Ministry Youth Sports Day | Sport: Football | Venue: Al Wa...
2026-03-26 23:28:01 [INFO]   Record 05: Event ID: EVT2917 | Event Name: GCC Club Championship Final | Sport: Football | Venue: Al ...
2026-03-26 23:28:01 [INFO]   Record 06: Event ID: EVT4712 | Event Name: FIFA World Cup Qatar Legacy Match | Sport: Football | Venu...
2026-03-26 23:28:01 [INFO] ------------------------------------------------------------------
2026-03-26 23:28:01 [INFO] File written successfully.
2026-03-26 23:28:01 [INFO]   Full path : /home/cloudera/mos_qatar_demo_poc/landing/mos_sports_events_20260326_232801.txt
2026-03-26 23:28:01 [INFO]   Size      : 1565 bytes
2026-03-26 23:28:01 [INFO]   Records   : 6
2026-03-26 23:28:01 [INFO] ==================================================================
2026-03-26 23:28:01 [INFO]   Generator Completed Successfully
2026-03-26 23:28:01 [INFO] ==================================================================
