2026-03-27 01:22:01 [INFO] ==================================================================
2026-03-27 01:22:01 [INFO]   MOS Qatar Demo - Sports Data Generator
2026-03-27 01:22:01 [INFO] ==================================================================
2026-03-27 01:22:01 [INFO] Config file   : /home/cloudera/mos_qatar_demo_poc/config/mos_qatar_demo.ini
2026-03-27 01:22:01 [INFO] Landing dir   : /home/cloudera/mos_qatar_demo_poc/landing
2026-03-27 01:22:01 [INFO] Output file   : mos_sports_events_20260327_012201.txt
2026-03-27 01:22:01 [INFO] Records count : 9
2026-03-27 01:22:01 [INFO] ------------------------------------------------------------------
2026-03-27 01:22:01 [INFO]   Record 01: Event ID: EVT1422 | Event Name: Gulf Youth Cup Quarter Final | Sport: Basketball | Venue: ...
2026-03-27 01:22:01 [INFO]   Record 02: Event ID: EVT7978 | Event Name: Arab Nations Championship Semi Final | Sport: Football | V...
2026-03-27 01:22:01 [INFO]   Record 03: Event ID: EVT3207 | Event Name: Asian Qualifiers Warm-up Match | Sport: Football | Venue: ...
2026-03-27 01:22:01 [INFO]   Record 04: Event ID: EVT2508 | Event Name: Gulf Youth Cup Final | Sport: Football | Venue: Education ...
2026-03-27 01:22:01 [INFO]   Record 05: Event ID: EVT5171 | Event Name: Arab Nations Championship Semi Final | Sport: Swimming | V...
2026-03-27 01:22:01 [INFO]   Record 06: Event ID: EVT2112 | Event Name: Arab Nations Championship Group Stage | Sport: Handball | ...
2026-03-27 01:22:01 [INFO]   Record 07: Event ID: EVT7879 | Event Name: Arab Nations Championship Group Stage | Sport: Basketball ...
2026-03-27 01:22:01 [INFO]   Record 08: Event ID: EVT7901 | Event Name: Qatar Olympic Training Camp Evaluation | Sport: Athletics ...
2026-03-27 01:22:01 [INFO]   Record 09: Event ID: EVT8533 | Event Name: Gulf Youth Cup Semi Final | Sport: Swimming | Venue: Khali...
2026-03-27 01:22:01 [INFO] ------------------------------------------------------------------
2026-03-27 01:22:01 [INFO] File written successfully.
2026-03-27 01:22:01 [INFO]   Full path : /home/cloudera/mos_qatar_demo_poc/landing/mos_sports_events_20260327_012201.txt
2026-03-27 01:22:01 [INFO]   Size      : 2362 bytes
2026-03-27 01:22:01 [INFO]   Records   : 9
2026-03-27 01:22:01 [INFO] ==================================================================
2026-03-27 01:22:01 [INFO]   Generator Completed Successfully
2026-03-27 01:22:01 [INFO] ==================================================================
