2026-03-25 07:23:02 [INFO] ==================================================================
2026-03-25 07:23:02 [INFO]   MOS Qatar Demo - Sports Data Generator
2026-03-25 07:23:02 [INFO] ==================================================================
2026-03-25 07:23:02 [INFO] Config file   : /home/cloudera/mos_qatar_demo_poc/config/mos_qatar_demo.ini
2026-03-25 07:23:02 [INFO] Landing dir   : /home/cloudera/mos_qatar_demo_poc/landing
2026-03-25 07:23:02 [INFO] Output file   : mos_sports_events_20260325_072302.txt
2026-03-25 07:23:02 [INFO] Records count : 9
2026-03-25 07:23:02 [INFO] ------------------------------------------------------------------
2026-03-25 07:23:02 [INFO]   Record 01: Event ID: EVT9300 | Event Name: Gulf Youth Cup Final | Sport: Football | Venue: Al Thumama...
2026-03-25 07:23:02 [INFO]   Record 02: Event ID: EVT6635 | Event Name: GCC Club Championship Final | Sport: Football | Venue: Kha...
2026-03-25 07:23:02 [INFO]   Record 03: Event ID: EVT4793 | Event Name: Gulf Cup Qualifier Round 1 | Sport: Football | Venue: Al B...
2026-03-25 07:23:02 [INFO]   Record 04: Event ID: EVT8324 | Event Name: Qatar Cup Semi Final | Sport: Football | Venue: Al Janoub ...
2026-03-25 07:23:02 [INFO]   Record 05: Event ID: EVT4147 | Event Name: MOS Annual Charity Football Gala | Sport: Handball | Venue...
2026-03-25 07:23:02 [INFO]   Record 06: Event ID: EVT5654 | Event Name: National Team Preparation Match | Sport: Athletics | Venue...
2026-03-25 07:23:02 [INFO]   Record 07: Event ID: EVT8762 | Event Name: Gulf Youth Cup Final | Sport: Football | Venue: Al Janoub ...
2026-03-25 07:23:02 [INFO]   Record 08: Event ID: EVT9514 | Event Name: GCC Club Championship Quarter Final | Sport: Football | Ve...
2026-03-25 07:23:02 [INFO]   Record 09: Event ID: EVT5476 | Event Name: Ministry Youth Sports Day | Sport: Athletics | Venue: Aspi...
2026-03-25 07:23:02 [INFO] ------------------------------------------------------------------
2026-03-25 07:23:02 [INFO] File written successfully.
2026-03-25 07:23:02 [INFO]   Full path : /home/cloudera/mos_qatar_demo_poc/landing/mos_sports_events_20260325_072302.txt
2026-03-25 07:23:02 [INFO]   Size      : 2284 bytes
2026-03-25 07:23:02 [INFO]   Records   : 9
2026-03-25 07:23:02 [INFO] ==================================================================
2026-03-25 07:23:02 [INFO]   Generator Completed Successfully
2026-03-25 07:23:02 [INFO] ==================================================================
