2026-03-26 05:55:01 [INFO] ==================================================================
2026-03-26 05:55:01 [INFO]   MOS Qatar Demo - Sports Data Generator
2026-03-26 05:55:01 [INFO] ==================================================================
2026-03-26 05:55:01 [INFO] Config file   : /home/cloudera/mos_qatar_demo_poc/config/mos_qatar_demo.ini
2026-03-26 05:55:01 [INFO] Landing dir   : /home/cloudera/mos_qatar_demo_poc/landing
2026-03-26 05:55:01 [INFO] Output file   : mos_sports_events_20260326_055501.txt
2026-03-26 05:55:01 [INFO] Records count : 5
2026-03-26 05:55:01 [INFO] ------------------------------------------------------------------
2026-03-26 05:55:01 [INFO]   Record 01: Event ID: EVT4473 | Event Name: National Day Football Celebration | Sport: Basketball | Ve...
2026-03-26 05:55:01 [INFO]   Record 02: Event ID: EVT1751 | Event Name: Gulf Youth Cup Final | Sport: Volleyball | Venue: Al Bayt ...
2026-03-26 05:55:01 [INFO]   Record 03: Event ID: EVT5660 | Event Name: Qatar Premier League Match Day 8 | Sport: Swimming | Venue...
2026-03-26 05:55:01 [INFO]   Record 04: Event ID: EVT1726 | Event Name: GCC Club Championship Semi Final | Sport: Football | Venue...
2026-03-26 05:55:01 [INFO]   Record 05: Event ID: EVT1498 | Event Name: Gulf Cup Qualifier Round 1 | Sport: Basketball | Venue: Lu...
2026-03-26 05:55:01 [INFO] ------------------------------------------------------------------
2026-03-26 05:55:01 [INFO] File written successfully.
2026-03-26 05:55:01 [INFO]   Full path : /home/cloudera/mos_qatar_demo_poc/landing/mos_sports_events_20260326_055501.txt
2026-03-26 05:55:01 [INFO]   Size      : 1260 bytes
2026-03-26 05:55:01 [INFO]   Records   : 5
2026-03-26 05:55:01 [INFO] ==================================================================
2026-03-26 05:55:01 [INFO]   Generator Completed Successfully
2026-03-26 05:55:01 [INFO] ==================================================================
