2026-03-26 12:28:01 [INFO] ==================================================================
2026-03-26 12:28:01 [INFO]   MOS Qatar Demo - Sports Data Generator
2026-03-26 12:28:01 [INFO] ==================================================================
2026-03-26 12:28:01 [INFO] Config file   : /home/cloudera/mos_qatar_demo_poc/config/mos_qatar_demo.ini
2026-03-26 12:28:01 [INFO] Landing dir   : /home/cloudera/mos_qatar_demo_poc/landing
2026-03-26 12:28:01 [INFO] Output file   : mos_sports_events_20260326_122801.txt
2026-03-26 12:28:01 [INFO] Records count : 6
2026-03-26 12:28:01 [INFO] ------------------------------------------------------------------
2026-03-26 12:28:01 [INFO]   Record 01: Event ID: EVT2972 | Event Name: GCC Club Championship Semi Final | Sport: Football | Venue...
2026-03-26 12:28:01 [INFO]   Record 02: Event ID: EVT8405 | Event Name: Doha Sports Festival Opening Match | Sport: Athletics | Ve...
2026-03-26 12:28:01 [INFO]   Record 03: Event ID: EVT2284 | Event Name: MOS Annual Charity Football Gala | Sport: Football | Venue...
2026-03-26 12:28:01 [INFO]   Record 04: Event ID: EVT3151 | Event Name: Gulf Youth Cup Round 2 | Sport: Swimming | Venue: Al Janou...
2026-03-26 12:28:01 [INFO]   Record 05: Event ID: EVT3354 | Event Name: Arab Nations Championship Semi Final | Sport: Basketball |...
2026-03-26 12:28:01 [INFO]   Record 06: Event ID: EVT4495 | Event Name: MOS Annual Charity Football Gala | Sport: Football | Venue...
2026-03-26 12:28:01 [INFO] ------------------------------------------------------------------
2026-03-26 12:28:01 [INFO] File written successfully.
2026-03-26 12:28:01 [INFO]   Full path : /home/cloudera/mos_qatar_demo_poc/landing/mos_sports_events_20260326_122801.txt
2026-03-26 12:28:01 [INFO]   Size      : 1558 bytes
2026-03-26 12:28:01 [INFO]   Records   : 6
2026-03-26 12:28:01 [INFO] ==================================================================
2026-03-26 12:28:01 [INFO]   Generator Completed Successfully
2026-03-26 12:28:01 [INFO] ==================================================================
