2026-03-26 09:35:02 [INFO] ==================================================================
2026-03-26 09:35:02 [INFO]   MOS Qatar Demo - Sports Data Generator
2026-03-26 09:35:02 [INFO] ==================================================================
2026-03-26 09:35:02 [INFO] Config file   : /home/cloudera/mos_qatar_demo_poc/config/mos_qatar_demo.ini
2026-03-26 09:35:02 [INFO] Landing dir   : /home/cloudera/mos_qatar_demo_poc/landing
2026-03-26 09:35:02 [INFO] Output file   : mos_sports_events_20260326_093502.txt
2026-03-26 09:35:02 [INFO] Records count : 8
2026-03-26 09:35:02 [INFO] ------------------------------------------------------------------
2026-03-26 09:35:02 [INFO]   Record 01: Event ID: EVT4014 | Event Name: Ministry Youth Sports Day | Sport: Basketball | Venue: Al ...
2026-03-26 09:35:02 [INFO]   Record 02: Event ID: EVT1976 | Event Name: Qatar Schools Football League | Sport: Athletics | Venue: ...
2026-03-26 09:35:02 [INFO]   Record 03: Event ID: EVT9465 | Event Name: Ministry Youth Sports Day | Sport: Swimming | Venue: Qatar...
2026-03-26 09:35:02 [INFO]   Record 04: Event ID: EVT2805 | Event Name: Ministry Youth Sports Day | Sport: Athletics | Venue: Al B...
2026-03-26 09:35:02 [INFO]   Record 05: Event ID: EVT3483 | Event Name: Qatar Cup Final | Sport: Football | Venue: Al Bayt Stadium...
2026-03-26 09:35:02 [INFO]   Record 06: Event ID: EVT8177 | Event Name: Qatar Premier League Match Day 8 | Sport: Basketball | Ven...
2026-03-26 09:35:02 [INFO]   Record 07: Event ID: EVT8554 | Event Name: FIFA World Cup Qatar Legacy Match | Sport: Athletics | Ven...
2026-03-26 09:35:02 [INFO]   Record 08: Event ID: EVT2118 | Event Name: GCC Club Championship Final | Sport: Football | Venue: Edu...
2026-03-26 09:35:02 [INFO] ------------------------------------------------------------------
2026-03-26 09:35:02 [INFO] File written successfully.
2026-03-26 09:35:02 [INFO]   Full path : /home/cloudera/mos_qatar_demo_poc/landing/mos_sports_events_20260326_093502.txt
2026-03-26 09:35:02 [INFO]   Size      : 2043 bytes
2026-03-26 09:35:02 [INFO]   Records   : 8
2026-03-26 09:35:02 [INFO] ==================================================================
2026-03-26 09:35:02 [INFO]   Generator Completed Successfully
2026-03-26 09:35:02 [INFO] ==================================================================
