2026-03-25 12:58:01 [INFO] ==================================================================
2026-03-25 12:58:01 [INFO]   MOS Qatar Demo - Sports Data Generator
2026-03-25 12:58:01 [INFO] ==================================================================
2026-03-25 12:58:01 [INFO] Config file   : /home/cloudera/mos_qatar_demo_poc/config/mos_qatar_demo.ini
2026-03-25 12:58:01 [INFO] Landing dir   : /home/cloudera/mos_qatar_demo_poc/landing
2026-03-25 12:58:01 [INFO] Output file   : mos_sports_events_20260325_125801.txt
2026-03-25 12:58:01 [INFO] Records count : 9
2026-03-25 12:58:01 [INFO] ------------------------------------------------------------------
2026-03-25 12:58:01 [INFO]   Record 01: Event ID: EVT9945 | Event Name: Qatar Schools Football League | Sport: Football | Venue: A...
2026-03-25 12:58:01 [INFO]   Record 02: Event ID: EVT3018 | Event Name: Arab Nations Championship Group Stage | Sport: Athletics |...
2026-03-25 12:58:01 [INFO]   Record 03: Event ID: EVT9842 | Event Name: Qatar Schools Football League | Sport: Handball | Venue: E...
2026-03-25 12:58:01 [INFO]   Record 04: Event ID: EVT3686 | Event Name: Qatar Premier League Match Day 8 | Sport: Athletics | Venu...
2026-03-25 12:58:01 [INFO]   Record 05: Event ID: EVT4298 | Event Name: Qatar Premier League Match Day 12 | Sport: Athletics | Ven...
2026-03-25 12:58:01 [INFO]   Record 06: Event ID: EVT4799 | Event Name: Doha Sports Festival Opening Match | Sport: Athletics | Ve...
2026-03-25 12:58:01 [INFO]   Record 07: Event ID: EVT3434 | Event Name: Arab Nations Championship Semi Final | Sport: Football | V...
2026-03-25 12:58:01 [INFO]   Record 08: Event ID: EVT2074 | Event Name: Gulf Youth Cup Round 2 | Sport: Athletics | Venue: Lusail ...
2026-03-25 12:58:01 [INFO]   Record 09: Event ID: EVT4724 | Event Name: Gulf Youth Cup Final | Sport: Football | Venue: Ahmad Bin ...
2026-03-25 12:58:01 [INFO] ------------------------------------------------------------------
2026-03-25 12:58:01 [INFO] File written successfully.
2026-03-25 12:58:01 [INFO]   Full path : /home/cloudera/mos_qatar_demo_poc/landing/mos_sports_events_20260325_125801.txt
2026-03-25 12:58:01 [INFO]   Size      : 2345 bytes
2026-03-25 12:58:01 [INFO]   Records   : 9
2026-03-25 12:58:01 [INFO] ==================================================================
2026-03-25 12:58:01 [INFO]   Generator Completed Successfully
2026-03-25 12:58:01 [INFO] ==================================================================
