2026-03-25 13:25:01 [INFO] ==================================================================
2026-03-25 13:25:01 [INFO]   MOS Qatar Demo - Sports Data Generator
2026-03-25 13:25:01 [INFO] ==================================================================
2026-03-25 13:25:01 [INFO] Config file   : /home/cloudera/mos_qatar_demo_poc/config/mos_qatar_demo.ini
2026-03-25 13:25:01 [INFO] Landing dir   : /home/cloudera/mos_qatar_demo_poc/landing
2026-03-25 13:25:01 [INFO] Output file   : mos_sports_events_20260325_132501.txt
2026-03-25 13:25:01 [INFO] Records count : 10
2026-03-25 13:25:01 [INFO] ------------------------------------------------------------------
2026-03-25 13:25:01 [INFO]   Record 01: Event ID: EVT7616 | Event Name: Ministry Youth Sports Day | Sport: Football | Venue: Al Ja...
2026-03-25 13:25:01 [INFO]   Record 02: Event ID: EVT4381 | Event Name: GCC Club Championship Quarter Final | Sport: Football | Ve...
2026-03-25 13:25:01 [INFO]   Record 03: Event ID: EVT3881 | Event Name: GCC Club Championship Semi Final | Sport: Handball | Venue...
2026-03-25 13:25:01 [INFO]   Record 04: Event ID: EVT7165 | Event Name: Qatar Premier League Match Day 12 | Sport: Football | Venu...
2026-03-25 13:25:01 [INFO]   Record 05: Event ID: EVT2098 | Event Name: Qatar Premier League Match Day 12 | Sport: Football | Venu...
2026-03-25 13:25:01 [INFO]   Record 06: Event ID: EVT1622 | Event Name: Qatar Premier League Match Day 8 | Sport: Athletics | Venu...
2026-03-25 13:25:01 [INFO]   Record 07: Event ID: EVT5346 | Event Name: Ministry Invitational Friendly Tournament | Sport: Athleti...
2026-03-25 13:25:01 [INFO]   Record 08: Event ID: EVT1157 | Event Name: GCC Club Championship Final | Sport: Volleyball | Venue: Q...
2026-03-25 13:25:01 [INFO]   Record 09: Event ID: EVT6126 | Event Name: GCC Club Championship Final | Sport: Football | Venue: Kha...
2026-03-25 13:25:01 [INFO]   Record 10: Event ID: EVT8962 | Event Name: Ministry Youth Sports Day | Sport: Volleyball | Venue: Edu...
2026-03-25 13:25:01 [INFO] ------------------------------------------------------------------
2026-03-25 13:25:01 [INFO] File written successfully.
2026-03-25 13:25:01 [INFO]   Full path : /home/cloudera/mos_qatar_demo_poc/landing/mos_sports_events_20260325_132501.txt
2026-03-25 13:25:01 [INFO]   Size      : 2606 bytes
2026-03-25 13:25:01 [INFO]   Records   : 10
2026-03-25 13:25:01 [INFO] ==================================================================
2026-03-25 13:25:01 [INFO]   Generator Completed Successfully
2026-03-25 13:25:01 [INFO] ==================================================================
