2026-03-26 21:43:02 [INFO] ==================================================================
2026-03-26 21:43:02 [INFO]   MOS Qatar Demo - Sports Data Generator
2026-03-26 21:43:02 [INFO] ==================================================================
2026-03-26 21:43:02 [INFO] Config file   : /home/cloudera/mos_qatar_demo_poc/config/mos_qatar_demo.ini
2026-03-26 21:43:02 [INFO] Landing dir   : /home/cloudera/mos_qatar_demo_poc/landing
2026-03-26 21:43:02 [INFO] Output file   : mos_sports_events_20260326_214302.txt
2026-03-26 21:43:02 [INFO] Records count : 10
2026-03-26 21:43:02 [INFO] ------------------------------------------------------------------
2026-03-26 21:43:02 [INFO]   Record 01: Event ID: EVT9609 | Event Name: Asian Qualifiers Warm-up Match | Sport: Swimming | Venue: ...
2026-03-26 21:43:02 [INFO]   Record 02: Event ID: EVT6189 | Event Name: MOS Annual Charity Football Gala | Sport: Handball | Venue...
2026-03-26 21:43:02 [INFO]   Record 03: Event ID: EVT2498 | Event Name: Gulf Youth Cup Final | Sport: Swimming | Venue: Education ...
2026-03-26 21:43:02 [INFO]   Record 04: Event ID: EVT6177 | Event Name: Qatar Cup Final | Sport: Football | Venue: Education City ...
2026-03-26 21:43:02 [INFO]   Record 05: Event ID: EVT2492 | Event Name: Qatar Under-20 Development League | Sport: Athletics | Ven...
2026-03-26 21:43:02 [INFO]   Record 06: Event ID: EVT5298 | Event Name: Qatar Cup Final | Sport: Football | Venue: Al Wakrah Sport...
2026-03-26 21:43:02 [INFO]   Record 07: Event ID: EVT4851 | Event Name: Qatar Under-20 Development League | Sport: Basketball | Ve...
2026-03-26 21:43:02 [INFO]   Record 08: Event ID: EVT3565 | Event Name: Qatar Premier League Match Day 5 | Sport: Volleyball | Ven...
2026-03-26 21:43:02 [INFO]   Record 09: Event ID: EVT7385 | Event Name: Arab Nations Championship Semi Final | Sport: Football | V...
2026-03-26 21:43:02 [INFO]   Record 10: Event ID: EVT7597 | Event Name: Asian Qualifiers Warm-up Match | Sport: Athletics | Venue:...
2026-03-26 21:43:02 [INFO] ------------------------------------------------------------------
2026-03-26 21:43:02 [INFO] File written successfully.
2026-03-26 21:43:02 [INFO]   Full path : /home/cloudera/mos_qatar_demo_poc/landing/mos_sports_events_20260326_214302.txt
2026-03-26 21:43:02 [INFO]   Size      : 2573 bytes
2026-03-26 21:43:02 [INFO]   Records   : 10
2026-03-26 21:43:02 [INFO] ==================================================================
2026-03-26 21:43:02 [INFO]   Generator Completed Successfully
2026-03-26 21:43:02 [INFO] ==================================================================
