2026-03-26 10:12:02 [INFO] ==================================================================
2026-03-26 10:12:02 [INFO]   MOS Qatar Demo - Sports Data Generator
2026-03-26 10:12:02 [INFO] ==================================================================
2026-03-26 10:12:02 [INFO] Config file   : /home/cloudera/mos_qatar_demo_poc/config/mos_qatar_demo.ini
2026-03-26 10:12:02 [INFO] Landing dir   : /home/cloudera/mos_qatar_demo_poc/landing
2026-03-26 10:12:02 [INFO] Output file   : mos_sports_events_20260326_101202.txt
2026-03-26 10:12:02 [INFO] Records count : 5
2026-03-26 10:12:02 [INFO] ------------------------------------------------------------------
2026-03-26 10:12:02 [INFO]   Record 01: Event ID: EVT2070 | Event Name: Ministry Youth Sports Day | Sport: Basketball | Venue: Qat...
2026-03-26 10:12:02 [INFO]   Record 02: Event ID: EVT7522 | Event Name: Qatar Olympic Training Camp Evaluation | Sport: Football |...
2026-03-26 10:12:02 [INFO]   Record 03: Event ID: EVT4870 | Event Name: Gulf Youth Cup Final | Sport: Football | Venue: Khalifa In...
2026-03-26 10:12:02 [INFO]   Record 04: Event ID: EVT7228 | Event Name: Doha Sports Festival Opening Match | Sport: Basketball | V...
2026-03-26 10:12:02 [INFO]   Record 05: Event ID: EVT4265 | Event Name: Gulf Youth Cup Round 1 | Sport: Basketball | Venue: Al Bay...
2026-03-26 10:12:02 [INFO] ------------------------------------------------------------------
2026-03-26 10:12:02 [INFO] File written successfully.
2026-03-26 10:12:02 [INFO]   Full path : /home/cloudera/mos_qatar_demo_poc/landing/mos_sports_events_20260326_101202.txt
2026-03-26 10:12:02 [INFO]   Size      : 1307 bytes
2026-03-26 10:12:02 [INFO]   Records   : 5
2026-03-26 10:12:02 [INFO] ==================================================================
2026-03-26 10:12:02 [INFO]   Generator Completed Successfully
2026-03-26 10:12:02 [INFO] ==================================================================
