2026-03-27 21:43:01 [INFO] ==================================================================
2026-03-27 21:43:01 [INFO]   MOS Qatar Demo - Sports Data Generator
2026-03-27 21:43:01 [INFO] ==================================================================
2026-03-27 21:43:01 [INFO] Config file   : /home/cloudera/mos_qatar_demo_poc/config/mos_qatar_demo.ini
2026-03-27 21:43:01 [INFO] Landing dir   : /home/cloudera/mos_qatar_demo_poc/landing
2026-03-27 21:43:01 [INFO] Output file   : mos_sports_events_20260327_214301.txt
2026-03-27 21:43:01 [INFO] Records count : 8
2026-03-27 21:43:01 [INFO] ------------------------------------------------------------------
2026-03-27 21:43:01 [INFO]   Record 01: Event ID: EVT5121 | Event Name: Qatar Olympic Training Camp Evaluation | Sport: Handball |...
2026-03-27 21:43:01 [INFO]   Record 02: Event ID: EVT3078 | Event Name: Qatar Olympic Training Camp Evaluation | Sport: Swimming |...
2026-03-27 21:43:01 [INFO]   Record 03: Event ID: EVT1943 | Event Name: GCC Club Championship Quarter Final | Sport: Basketball | ...
2026-03-27 21:43:01 [INFO]   Record 04: Event ID: EVT8463 | Event Name: National Day Football Celebration | Sport: Football | Venu...
2026-03-27 21:43:01 [INFO]   Record 05: Event ID: EVT3067 | Event Name: Gulf Youth Cup Final | Sport: Football | Venue: Ahmad Bin ...
2026-03-27 21:43:01 [INFO]   Record 06: Event ID: EVT7561 | Event Name: MOS Annual Charity Football Gala | Sport: Football | Venue...
2026-03-27 21:43:01 [INFO]   Record 07: Event ID: EVT3826 | Event Name: Ramadan Football Festival | Sport: Football | Venue: Aspir...
2026-03-27 21:43:01 [INFO]   Record 08: Event ID: EVT3867 | Event Name: Arab Nations Championship Group Stage | Sport: Football | ...
2026-03-27 21:43:01 [INFO] ------------------------------------------------------------------
2026-03-27 21:43:01 [INFO] File written successfully.
2026-03-27 21:43:01 [INFO]   Full path : /home/cloudera/mos_qatar_demo_poc/landing/mos_sports_events_20260327_214301.txt
2026-03-27 21:43:01 [INFO]   Size      : 2071 bytes
2026-03-27 21:43:01 [INFO]   Records   : 8
2026-03-27 21:43:01 [INFO] ==================================================================
2026-03-27 21:43:01 [INFO]   Generator Completed Successfully
2026-03-27 21:43:01 [INFO] ==================================================================
