2026-03-26 13:53:02 [INFO] ==================================================================
2026-03-26 13:53:02 [INFO]   MOS Qatar Demo - Sports Data Generator
2026-03-26 13:53:02 [INFO] ==================================================================
2026-03-26 13:53:02 [INFO] Config file   : /home/cloudera/mos_qatar_demo_poc/config/mos_qatar_demo.ini
2026-03-26 13:53:02 [INFO] Landing dir   : /home/cloudera/mos_qatar_demo_poc/landing
2026-03-26 13:53:02 [INFO] Output file   : mos_sports_events_20260326_135302.txt
2026-03-26 13:53:02 [INFO] Records count : 4
2026-03-26 13:53:02 [INFO] ------------------------------------------------------------------
2026-03-26 13:53:02 [INFO]   Record 01: Event ID: EVT4198 | Event Name: Gulf Youth Cup Round 1 | Sport: Swimming | Venue: Al Bayt ...
2026-03-26 13:53:02 [INFO]   Record 02: Event ID: EVT2128 | Event Name: Qatar Premier League Match Day 12 | Sport: Football | Venu...
2026-03-26 13:53:02 [INFO]   Record 03: Event ID: EVT1385 | Event Name: Asian Qualifiers Warm-up Match | Sport: Football | Venue: ...
2026-03-26 13:53:02 [INFO]   Record 04: Event ID: EVT3275 | Event Name: National Day Football Celebration | Sport: Football | Venu...
2026-03-26 13:53:02 [INFO] ------------------------------------------------------------------
2026-03-26 13:53:02 [INFO] File written successfully.
2026-03-26 13:53:02 [INFO]   Full path : /home/cloudera/mos_qatar_demo_poc/landing/mos_sports_events_20260326_135302.txt
2026-03-26 13:53:02 [INFO]   Size      : 1014 bytes
2026-03-26 13:53:02 [INFO]   Records   : 4
2026-03-26 13:53:02 [INFO] ==================================================================
2026-03-26 13:53:02 [INFO]   Generator Completed Successfully
2026-03-26 13:53:02 [INFO] ==================================================================
