2026-03-27 21:11:01 [INFO] ==================================================================
2026-03-27 21:11:01 [INFO]   MOS Qatar Demo - Sports Data Generator
2026-03-27 21:11:01 [INFO] ==================================================================
2026-03-27 21:11:01 [INFO] Config file   : /home/cloudera/mos_qatar_demo_poc/config/mos_qatar_demo.ini
2026-03-27 21:11:01 [INFO] Landing dir   : /home/cloudera/mos_qatar_demo_poc/landing
2026-03-27 21:11:01 [INFO] Output file   : mos_sports_events_20260327_211101.txt
2026-03-27 21:11:01 [INFO] Records count : 7
2026-03-27 21:11:01 [INFO] ------------------------------------------------------------------
2026-03-27 21:11:01 [INFO]   Record 01: Event ID: EVT6256 | Event Name: GCC Club Championship Semi Final | Sport: Football | Venue...
2026-03-27 21:11:01 [INFO]   Record 02: Event ID: EVT3208 | Event Name: GCC Club Championship Semi Final | Sport: Athletics | Venu...
2026-03-27 21:11:01 [INFO]   Record 03: Event ID: EVT5294 | Event Name: Gulf Youth Cup Semi Final | Sport: Football | Venue: Educa...
2026-03-27 21:11:01 [INFO]   Record 04: Event ID: EVT2666 | Event Name: National Day Football Celebration | Sport: Football | Venu...
2026-03-27 21:11:01 [INFO]   Record 05: Event ID: EVT1431 | Event Name: Qatar Premier League Match Day 5 | Sport: Football | Venue...
2026-03-27 21:11:01 [INFO]   Record 06: Event ID: EVT8380 | Event Name: Qatar Schools Football League | Sport: Football | Venue: A...
2026-03-27 21:11:01 [INFO]   Record 07: Event ID: EVT8667 | Event Name: Qatar Cup Semi Final | Sport: Football | Venue: Khalifa In...
2026-03-27 21:11:01 [INFO] ------------------------------------------------------------------
2026-03-27 21:11:01 [INFO] File written successfully.
2026-03-27 21:11:01 [INFO]   Full path : /home/cloudera/mos_qatar_demo_poc/landing/mos_sports_events_20260327_211101.txt
2026-03-27 21:11:01 [INFO]   Size      : 1828 bytes
2026-03-27 21:11:01 [INFO]   Records   : 7
2026-03-27 21:11:01 [INFO] ==================================================================
2026-03-27 21:11:01 [INFO]   Generator Completed Successfully
2026-03-27 21:11:01 [INFO] ==================================================================
