2026-03-24 20:33:02 [INFO] ==================================================================
2026-03-24 20:33:02 [INFO]   MOS Qatar Demo - Sports Data Generator
2026-03-24 20:33:02 [INFO] ==================================================================
2026-03-24 20:33:02 [INFO] Config file   : /home/cloudera/mos_qatar_demo_poc/config/mos_qatar_demo.ini
2026-03-24 20:33:02 [INFO] Landing dir   : /home/cloudera/mos_qatar_demo_poc/landing
2026-03-24 20:33:02 [INFO] Output file   : mos_sports_events_20260324_203302.txt
2026-03-24 20:33:02 [INFO] Records count : 5
2026-03-24 20:33:02 [INFO] ------------------------------------------------------------------
2026-03-24 20:33:02 [INFO]   Record 01: Event ID: EVT8334 | Event Name: Ramadan Football Festival | Sport: Football | Venue: Educa...
2026-03-24 20:33:02 [INFO]   Record 02: Event ID: EVT5177 | Event Name: GCC Club Championship Final | Sport: Athletics | Venue: Lu...
2026-03-24 20:33:02 [INFO]   Record 03: Event ID: EVT8905 | Event Name: Gulf Youth Cup Round 2 | Sport: Football | Venue: Qatar Sp...
2026-03-24 20:33:02 [INFO]   Record 04: Event ID: EVT8627 | Event Name: Ministry Invitational Friendly Tournament | Sport: Footbal...
2026-03-24 20:33:02 [INFO]   Record 05: Event ID: EVT3220 | Event Name: FIFA World Cup Qatar Legacy Match | Sport: Basketball | Ve...
2026-03-24 20:33:02 [INFO] ------------------------------------------------------------------
2026-03-24 20:33:02 [INFO] File written successfully.
2026-03-24 20:33:02 [INFO]   Full path : /home/cloudera/mos_qatar_demo_poc/landing/mos_sports_events_20260324_203302.txt
2026-03-24 20:33:02 [INFO]   Size      : 1289 bytes
2026-03-24 20:33:02 [INFO]   Records   : 5
2026-03-24 20:33:02 [INFO] ==================================================================
2026-03-24 20:33:02 [INFO]   Generator Completed Successfully
2026-03-24 20:33:02 [INFO] ==================================================================
