2026-03-24 21:44:01 [INFO] ==================================================================
2026-03-24 21:44:01 [INFO]   MOS Qatar Demo - Sports Data Generator
2026-03-24 21:44:01 [INFO] ==================================================================
2026-03-24 21:44:01 [INFO] Config file   : /home/cloudera/mos_qatar_demo_poc/config/mos_qatar_demo.ini
2026-03-24 21:44:01 [INFO] Landing dir   : /home/cloudera/mos_qatar_demo_poc/landing
2026-03-24 21:44:01 [INFO] Output file   : mos_sports_events_20260324_214401.txt
2026-03-24 21:44:01 [INFO] Records count : 9
2026-03-24 21:44:01 [INFO] ------------------------------------------------------------------
2026-03-24 21:44:01 [INFO]   Record 01: Event ID: EVT7907 | Event Name: Qatar Premier League Match Day 8 | Sport: Football | Venue...
2026-03-24 21:44:01 [INFO]   Record 02: Event ID: EVT7561 | Event Name: Gulf Cup Qualifier Round 1 | Sport: Football | Venue: Ahma...
2026-03-24 21:44:01 [INFO]   Record 03: Event ID: EVT9073 | Event Name: Qatar Schools Football League | Sport: Handball | Venue: A...
2026-03-24 21:44:01 [INFO]   Record 04: Event ID: EVT5684 | Event Name: MOS Annual Charity Football Gala | Sport: Athletics | Venu...
2026-03-24 21:44:01 [INFO]   Record 05: Event ID: EVT2122 | Event Name: Ministry Invitational Friendly Tournament | Sport: Footbal...
2026-03-24 21:44:01 [INFO]   Record 06: Event ID: EVT9872 | Event Name: Qatar Schools Football League | Sport: Football | Venue: A...
2026-03-24 21:44:01 [INFO]   Record 07: Event ID: EVT3801 | Event Name: MOS Annual Charity Football Gala | Sport: Football | Venue...
2026-03-24 21:44:01 [INFO]   Record 08: Event ID: EVT2148 | Event Name: Asian Qualifiers Warm-up Match | Sport: Football | Venue: ...
2026-03-24 21:44:01 [INFO]   Record 09: Event ID: EVT9857 | Event Name: GCC Club Championship Final | Sport: Football | Venue: Al ...
2026-03-24 21:44:01 [INFO] ------------------------------------------------------------------
2026-03-24 21:44:01 [INFO] File written successfully.
2026-03-24 21:44:01 [INFO]   Full path : /home/cloudera/mos_qatar_demo_poc/landing/mos_sports_events_20260324_214401.txt
2026-03-24 21:44:01 [INFO]   Size      : 2331 bytes
2026-03-24 21:44:01 [INFO]   Records   : 9
2026-03-24 21:44:01 [INFO] ==================================================================
2026-03-24 21:44:01 [INFO]   Generator Completed Successfully
2026-03-24 21:44:01 [INFO] ==================================================================
