2026-03-27 04:09:01 [INFO] ==================================================================
2026-03-27 04:09:01 [INFO]   MOS Qatar Demo - Sports Data Generator
2026-03-27 04:09:01 [INFO] ==================================================================
2026-03-27 04:09:01 [INFO] Config file   : /home/cloudera/mos_qatar_demo_poc/config/mos_qatar_demo.ini
2026-03-27 04:09:01 [INFO] Landing dir   : /home/cloudera/mos_qatar_demo_poc/landing
2026-03-27 04:09:01 [INFO] Output file   : mos_sports_events_20260327_040901.txt
2026-03-27 04:09:01 [INFO] Records count : 7
2026-03-27 04:09:01 [INFO] ------------------------------------------------------------------
2026-03-27 04:09:01 [INFO]   Record 01: Event ID: EVT9297 | Event Name: Qatar Under-20 Development League | Sport: Football | Venu...
2026-03-27 04:09:01 [INFO]   Record 02: Event ID: EVT5697 | Event Name: Doha Sports Festival Opening Match | Sport: Athletics | Ve...
2026-03-27 04:09:01 [INFO]   Record 03: Event ID: EVT3227 | Event Name: Qatar Under-20 Development League | Sport: Swimming | Venu...
2026-03-27 04:09:01 [INFO]   Record 04: Event ID: EVT8496 | Event Name: National Team Preparation Match | Sport: Athletics | Venue...
2026-03-27 04:09:01 [INFO]   Record 05: Event ID: EVT6263 | Event Name: Qatar Premier League Match Day 5 | Sport: Football | Venue...
2026-03-27 04:09:01 [INFO]   Record 06: Event ID: EVT4709 | Event Name: GCC Club Championship Final | Sport: Football | Venue: Edu...
2026-03-27 04:09:01 [INFO]   Record 07: Event ID: EVT6459 | Event Name: Qatar Schools Football League | Sport: Volleyball | Venue:...
2026-03-27 04:09:01 [INFO] ------------------------------------------------------------------
2026-03-27 04:09:01 [INFO] File written successfully.
2026-03-27 04:09:01 [INFO]   Full path : /home/cloudera/mos_qatar_demo_poc/landing/mos_sports_events_20260327_040901.txt
2026-03-27 04:09:01 [INFO]   Size      : 1839 bytes
2026-03-27 04:09:01 [INFO]   Records   : 7
2026-03-27 04:09:01 [INFO] ==================================================================
2026-03-27 04:09:01 [INFO]   Generator Completed Successfully
2026-03-27 04:09:01 [INFO] ==================================================================
