2026-03-26 20:22:01 [INFO] ==================================================================
2026-03-26 20:22:01 [INFO]   MOS Qatar Demo - Sports Data Generator
2026-03-26 20:22:01 [INFO] ==================================================================
2026-03-26 20:22:01 [INFO] Config file   : /home/cloudera/mos_qatar_demo_poc/config/mos_qatar_demo.ini
2026-03-26 20:22:01 [INFO] Landing dir   : /home/cloudera/mos_qatar_demo_poc/landing
2026-03-26 20:22:01 [INFO] Output file   : mos_sports_events_20260326_202201.txt
2026-03-26 20:22:01 [INFO] Records count : 4
2026-03-26 20:22:01 [INFO] ------------------------------------------------------------------
2026-03-26 20:22:01 [INFO]   Record 01: Event ID: EVT6543 | Event Name: Asian Qualifiers Warm-up Match | Sport: Athletics | Venue:...
2026-03-26 20:22:01 [INFO]   Record 02: Event ID: EVT8017 | Event Name: National Team Preparation Match | Sport: Football | Venue:...
2026-03-26 20:22:01 [INFO]   Record 03: Event ID: EVT1105 | Event Name: Gulf Youth Cup Semi Final | Sport: Volleyball | Venue: Lus...
2026-03-26 20:22:01 [INFO]   Record 04: Event ID: EVT8943 | Event Name: Ramadan Football Festival | Sport: Athletics | Venue: Khal...
2026-03-26 20:22:01 [INFO] ------------------------------------------------------------------
2026-03-26 20:22:01 [INFO] File written successfully.
2026-03-26 20:22:01 [INFO]   Full path : /home/cloudera/mos_qatar_demo_poc/landing/mos_sports_events_20260326_202201.txt
2026-03-26 20:22:01 [INFO]   Size      : 1035 bytes
2026-03-26 20:22:01 [INFO]   Records   : 4
2026-03-26 20:22:01 [INFO] ==================================================================
2026-03-26 20:22:01 [INFO]   Generator Completed Successfully
2026-03-26 20:22:01 [INFO] ==================================================================
