2026-03-24 22:00:01 [INFO] ==================================================================
2026-03-24 22:00:01 [INFO]   MOS Qatar Demo - Sports Data Generator
2026-03-24 22:00:01 [INFO] ==================================================================
2026-03-24 22:00:01 [INFO] Config file   : /home/cloudera/mos_qatar_demo_poc/config/mos_qatar_demo.ini
2026-03-24 22:00:01 [INFO] Landing dir   : /home/cloudera/mos_qatar_demo_poc/landing
2026-03-24 22:00:01 [INFO] Output file   : mos_sports_events_20260324_220001.txt
2026-03-24 22:00:01 [INFO] Records count : 5
2026-03-24 22:00:01 [INFO] ------------------------------------------------------------------
2026-03-24 22:00:01 [INFO]   Record 01: Event ID: EVT3611 | Event Name: Ministry Invitational Friendly Tournament | Sport: Footbal...
2026-03-24 22:00:01 [INFO]   Record 02: Event ID: EVT5784 | Event Name: Qatar Schools Football League | Sport: Football | Venue: A...
2026-03-24 22:00:01 [INFO]   Record 03: Event ID: EVT3059 | Event Name: Gulf Cup Qualifier Round 1 | Sport: Volleyball | Venue: Ed...
2026-03-24 22:00:01 [INFO]   Record 04: Event ID: EVT2878 | Event Name: Asian Qualifiers Warm-up Match | Sport: Swimming | Venue: ...
2026-03-24 22:00:01 [INFO]   Record 05: Event ID: EVT6500 | Event Name: Gulf Cup Qualifier Round 1 | Sport: Basketball | Venue: Al...
2026-03-24 22:00:01 [INFO] ------------------------------------------------------------------
2026-03-24 22:00:01 [INFO] File written successfully.
2026-03-24 22:00:01 [INFO]   Full path : /home/cloudera/mos_qatar_demo_poc/landing/mos_sports_events_20260324_220001.txt
2026-03-24 22:00:01 [INFO]   Size      : 1310 bytes
2026-03-24 22:00:01 [INFO]   Records   : 5
2026-03-24 22:00:01 [INFO] ==================================================================
2026-03-24 22:00:01 [INFO]   Generator Completed Successfully
2026-03-24 22:00:01 [INFO] ==================================================================
