2026-03-24 23:18:01 [INFO] ==================================================================
2026-03-24 23:18:01 [INFO]   MOS Qatar Demo - Sports Data Generator
2026-03-24 23:18:01 [INFO] ==================================================================
2026-03-24 23:18:01 [INFO] Config file   : /home/cloudera/mos_qatar_demo_poc/config/mos_qatar_demo.ini
2026-03-24 23:18:01 [INFO] Landing dir   : /home/cloudera/mos_qatar_demo_poc/landing
2026-03-24 23:18:01 [INFO] Output file   : mos_sports_events_20260324_231801.txt
2026-03-24 23:18:01 [INFO] Records count : 9
2026-03-24 23:18:01 [INFO] ------------------------------------------------------------------
2026-03-24 23:18:01 [INFO]   Record 01: Event ID: EVT6723 | Event Name: Ramadan Football Festival | Sport: Swimming | Venue: Educa...
2026-03-24 23:18:01 [INFO]   Record 02: Event ID: EVT3434 | Event Name: Gulf Cup Qualifier Round 1 | Sport: Football | Venue: Al T...
2026-03-24 23:18:01 [INFO]   Record 03: Event ID: EVT6451 | Event Name: Qatar Cup Final | Sport: Volleyball | Venue: Al Janoub Sta...
2026-03-24 23:18:01 [INFO]   Record 04: Event ID: EVT1742 | Event Name: GCC Club Championship Final | Sport: Volleyball | Venue: A...
2026-03-24 23:18:01 [INFO]   Record 05: Event ID: EVT4281 | Event Name: Qatar Premier League Match Day 5 | Sport: Basketball | Ven...
2026-03-24 23:18:01 [INFO]   Record 06: Event ID: EVT8996 | Event Name: Qatar Under-20 Development League | Sport: Football | Venu...
2026-03-24 23:18:01 [INFO]   Record 07: Event ID: EVT6930 | Event Name: MOS Annual Charity Football Gala | Sport: Swimming | Venue...
2026-03-24 23:18:01 [INFO]   Record 08: Event ID: EVT7504 | Event Name: Qatar Premier League Match Day 12 | Sport: Football | Venu...
2026-03-24 23:18:01 [INFO]   Record 09: Event ID: EVT4378 | Event Name: Qatar Under-20 Development League | Sport: Football | Venu...
2026-03-24 23:18:01 [INFO] ------------------------------------------------------------------
2026-03-24 23:18:01 [INFO] File written successfully.
2026-03-24 23:18:01 [INFO]   Full path : /home/cloudera/mos_qatar_demo_poc/landing/mos_sports_events_20260324_231801.txt
2026-03-24 23:18:01 [INFO]   Size      : 2312 bytes
2026-03-24 23:18:01 [INFO]   Records   : 9
2026-03-24 23:18:01 [INFO] ==================================================================
2026-03-24 23:18:01 [INFO]   Generator Completed Successfully
2026-03-24 23:18:01 [INFO] ==================================================================
