2026-03-25 09:00:01 [INFO] ==================================================================
2026-03-25 09:00:01 [INFO]   MOS Qatar Demo - Sports Data Generator
2026-03-25 09:00:01 [INFO] ==================================================================
2026-03-25 09:00:01 [INFO] Config file   : /home/cloudera/mos_qatar_demo_poc/config/mos_qatar_demo.ini
2026-03-25 09:00:01 [INFO] Landing dir   : /home/cloudera/mos_qatar_demo_poc/landing
2026-03-25 09:00:01 [INFO] Output file   : mos_sports_events_20260325_090001.txt
2026-03-25 09:00:01 [INFO] Records count : 8
2026-03-25 09:00:01 [INFO] ------------------------------------------------------------------
2026-03-25 09:00:01 [INFO]   Record 01: Event ID: EVT2926 | Event Name: Qatar Premier League Match Day 8 | Sport: Football | Venue...
2026-03-25 09:00:01 [INFO]   Record 02: Event ID: EVT1745 | Event Name: Qatar Schools Football League | Sport: Football | Venue: Q...
2026-03-25 09:00:01 [INFO]   Record 03: Event ID: EVT3405 | Event Name: National Day Football Celebration | Sport: Football | Venu...
2026-03-25 09:00:01 [INFO]   Record 04: Event ID: EVT9211 | Event Name: Doha Sports Festival Opening Match | Sport: Football | Ven...
2026-03-25 09:00:01 [INFO]   Record 05: Event ID: EVT4688 | Event Name: Doha Sports Festival Opening Match | Sport: Football | Ven...
2026-03-25 09:00:01 [INFO]   Record 06: Event ID: EVT5389 | Event Name: Doha Sports Festival Opening Match | Sport: Football | Ven...
2026-03-25 09:00:01 [INFO]   Record 07: Event ID: EVT2407 | Event Name: Qatar Under-20 Development League | Sport: Basketball | Ve...
2026-03-25 09:00:01 [INFO]   Record 08: Event ID: EVT4900 | Event Name: Ministry Youth Sports Day | Sport: Handball | Venue: Lusai...
2026-03-25 09:00:01 [INFO] ------------------------------------------------------------------
2026-03-25 09:00:01 [INFO] File written successfully.
2026-03-25 09:00:01 [INFO]   Full path : /home/cloudera/mos_qatar_demo_poc/landing/mos_sports_events_20260325_090001.txt
2026-03-25 09:00:01 [INFO]   Size      : 2075 bytes
2026-03-25 09:00:01 [INFO]   Records   : 8
2026-03-25 09:00:01 [INFO] ==================================================================
2026-03-25 09:00:01 [INFO]   Generator Completed Successfully
2026-03-25 09:00:01 [INFO] ==================================================================
