2026-03-25 04:34:01 [INFO] ==================================================================
2026-03-25 04:34:01 [INFO]   MOS Qatar Demo - Sports Data Generator
2026-03-25 04:34:01 [INFO] ==================================================================
2026-03-25 04:34:01 [INFO] Config file   : /home/cloudera/mos_qatar_demo_poc/config/mos_qatar_demo.ini
2026-03-25 04:34:01 [INFO] Landing dir   : /home/cloudera/mos_qatar_demo_poc/landing
2026-03-25 04:34:01 [INFO] Output file   : mos_sports_events_20260325_043401.txt
2026-03-25 04:34:01 [INFO] Records count : 6
2026-03-25 04:34:01 [INFO] ------------------------------------------------------------------
2026-03-25 04:34:01 [INFO]   Record 01: Event ID: EVT3925 | Event Name: National Team Preparation Match | Sport: Football | Venue:...
2026-03-25 04:34:01 [INFO]   Record 02: Event ID: EVT3930 | Event Name: Qatar Schools Football League | Sport: Football | Venue: L...
2026-03-25 04:34:01 [INFO]   Record 03: Event ID: EVT4308 | Event Name: Asian Qualifiers Warm-up Match | Sport: Athletics | Venue:...
2026-03-25 04:34:01 [INFO]   Record 04: Event ID: EVT3044 | Event Name: GCC Club Championship Semi Final | Sport: Football | Venue...
2026-03-25 04:34:01 [INFO]   Record 05: Event ID: EVT9660 | Event Name: Gulf Youth Cup Semi Final | Sport: Swimming | Venue: Qatar...
2026-03-25 04:34:01 [INFO]   Record 06: Event ID: EVT5034 | Event Name: Gulf Youth Cup Round 2 | Sport: Handball | Venue: Aspire Z...
2026-03-25 04:34:01 [INFO] ------------------------------------------------------------------
2026-03-25 04:34:01 [INFO] File written successfully.
2026-03-25 04:34:01 [INFO]   Full path : /home/cloudera/mos_qatar_demo_poc/landing/mos_sports_events_20260325_043401.txt
2026-03-25 04:34:01 [INFO]   Size      : 1543 bytes
2026-03-25 04:34:01 [INFO]   Records   : 6
2026-03-25 04:34:01 [INFO] ==================================================================
2026-03-25 04:34:01 [INFO]   Generator Completed Successfully
2026-03-25 04:34:01 [INFO] ==================================================================
