2026-03-26 08:12:01 [INFO] ==================================================================
2026-03-26 08:12:01 [INFO]   MOS Qatar Demo - Sports Data Generator
2026-03-26 08:12:01 [INFO] ==================================================================
2026-03-26 08:12:01 [INFO] Config file   : /home/cloudera/mos_qatar_demo_poc/config/mos_qatar_demo.ini
2026-03-26 08:12:01 [INFO] Landing dir   : /home/cloudera/mos_qatar_demo_poc/landing
2026-03-26 08:12:01 [INFO] Output file   : mos_sports_events_20260326_081201.txt
2026-03-26 08:12:01 [INFO] Records count : 4
2026-03-26 08:12:01 [INFO] ------------------------------------------------------------------
2026-03-26 08:12:01 [INFO]   Record 01: Event ID: EVT8022 | Event Name: Qatar Cup Final | Sport: Athletics | Venue: Qatar Sports C...
2026-03-26 08:12:01 [INFO]   Record 02: Event ID: EVT4526 | Event Name: Gulf Youth Cup Semi Final | Sport: Football | Venue: Ahmad...
2026-03-26 08:12:01 [INFO]   Record 03: Event ID: EVT9240 | Event Name: Gulf Cup Qualifier Round 1 | Sport: Swimming | Venue: Al B...
2026-03-26 08:12:01 [INFO]   Record 04: Event ID: EVT9669 | Event Name: Asian Qualifiers Warm-up Match | Sport: Football | Venue: ...
2026-03-26 08:12:01 [INFO] ------------------------------------------------------------------
2026-03-26 08:12:01 [INFO] File written successfully.
2026-03-26 08:12:01 [INFO]   Full path : /home/cloudera/mos_qatar_demo_poc/landing/mos_sports_events_20260326_081201.txt
2026-03-26 08:12:01 [INFO]   Size      : 1002 bytes
2026-03-26 08:12:01 [INFO]   Records   : 4
2026-03-26 08:12:01 [INFO] ==================================================================
2026-03-26 08:12:01 [INFO]   Generator Completed Successfully
2026-03-26 08:12:01 [INFO] ==================================================================
