2026-03-25 12:12:02 [INFO] ==================================================================
2026-03-25 12:12:02 [INFO]   MOS Qatar Demo - Sports Data Generator
2026-03-25 12:12:02 [INFO] ==================================================================
2026-03-25 12:12:02 [INFO] Config file   : /home/cloudera/mos_qatar_demo_poc/config/mos_qatar_demo.ini
2026-03-25 12:12:02 [INFO] Landing dir   : /home/cloudera/mos_qatar_demo_poc/landing
2026-03-25 12:12:02 [INFO] Output file   : mos_sports_events_20260325_121202.txt
2026-03-25 12:12:02 [INFO] Records count : 7
2026-03-25 12:12:02 [INFO] ------------------------------------------------------------------
2026-03-25 12:12:02 [INFO]   Record 01: Event ID: EVT2507 | Event Name: Gulf Youth Cup Final | Sport: Football | Venue: Al Janoub ...
2026-03-25 12:12:02 [INFO]   Record 02: Event ID: EVT4763 | Event Name: FIFA World Cup Qatar Legacy Match | Sport: Football | Venu...
2026-03-25 12:12:02 [INFO]   Record 03: Event ID: EVT8229 | Event Name: GCC Club Championship Final | Sport: Football | Venue: Al ...
2026-03-25 12:12:02 [INFO]   Record 04: Event ID: EVT2469 | Event Name: Qatar Schools Football League | Sport: Football | Venue: A...
2026-03-25 12:12:02 [INFO]   Record 05: Event ID: EVT3623 | Event Name: FIFA World Cup Qatar Legacy Match | Sport: Swimming | Venu...
2026-03-25 12:12:02 [INFO]   Record 06: Event ID: EVT7123 | Event Name: National Day Football Celebration | Sport: Athletics | Ven...
2026-03-25 12:12:02 [INFO]   Record 07: Event ID: EVT1656 | Event Name: Qatar Cup Final | Sport: Handball | Venue: Ahmad Bin Ali S...
2026-03-25 12:12:02 [INFO] ------------------------------------------------------------------
2026-03-25 12:12:02 [INFO] File written successfully.
2026-03-25 12:12:02 [INFO]   Full path : /home/cloudera/mos_qatar_demo_poc/landing/mos_sports_events_20260325_121202.txt
2026-03-25 12:12:02 [INFO]   Size      : 1794 bytes
2026-03-25 12:12:02 [INFO]   Records   : 7
2026-03-25 12:12:02 [INFO] ==================================================================
2026-03-25 12:12:02 [INFO]   Generator Completed Successfully
2026-03-25 12:12:02 [INFO] ==================================================================
