2026-03-25 19:58:02 [INFO] ==================================================================
2026-03-25 19:58:02 [INFO]   MOS Qatar Demo - Sports Data Generator
2026-03-25 19:58:02 [INFO] ==================================================================
2026-03-25 19:58:02 [INFO] Config file   : /home/cloudera/mos_qatar_demo_poc/config/mos_qatar_demo.ini
2026-03-25 19:58:02 [INFO] Landing dir   : /home/cloudera/mos_qatar_demo_poc/landing
2026-03-25 19:58:02 [INFO] Output file   : mos_sports_events_20260325_195802.txt
2026-03-25 19:58:02 [INFO] Records count : 9
2026-03-25 19:58:02 [INFO] ------------------------------------------------------------------
2026-03-25 19:58:02 [INFO]   Record 01: Event ID: EVT9228 | Event Name: Qatar Premier League Match Day 5 | Sport: Football | Venue...
2026-03-25 19:58:02 [INFO]   Record 02: Event ID: EVT8072 | Event Name: Qatar Under-20 Development League | Sport: Athletics | Ven...
2026-03-25 19:58:02 [INFO]   Record 03: Event ID: EVT2514 | Event Name: GCC Club Championship Semi Final | Sport: Football | Venue...
2026-03-25 19:58:02 [INFO]   Record 04: Event ID: EVT9783 | Event Name: Qatar Olympic Training Camp Evaluation | Sport: Athletics ...
2026-03-25 19:58:02 [INFO]   Record 05: Event ID: EVT6678 | Event Name: MOS Annual Charity Football Gala | Sport: Volleyball | Ven...
2026-03-25 19:58:02 [INFO]   Record 06: Event ID: EVT3028 | Event Name: Doha Sports Festival Opening Match | Sport: Football | Ven...
2026-03-25 19:58:02 [INFO]   Record 07: Event ID: EVT6491 | Event Name: National Team Preparation Match | Sport: Football | Venue:...
2026-03-25 19:58:02 [INFO]   Record 08: Event ID: EVT9688 | Event Name: Qatar Cup Final | Sport: Football | Venue: Aspire Zone Are...
2026-03-25 19:58:02 [INFO]   Record 09: Event ID: EVT6233 | Event Name: National Day Football Celebration | Sport: Athletics | Ven...
2026-03-25 19:58:02 [INFO] ------------------------------------------------------------------
2026-03-25 19:58:02 [INFO] File written successfully.
2026-03-25 19:58:02 [INFO]   Full path : /home/cloudera/mos_qatar_demo_poc/landing/mos_sports_events_20260325_195802.txt
2026-03-25 19:58:02 [INFO]   Size      : 2367 bytes
2026-03-25 19:58:02 [INFO]   Records   : 9
2026-03-25 19:58:02 [INFO] ==================================================================
2026-03-25 19:58:02 [INFO]   Generator Completed Successfully
2026-03-25 19:58:02 [INFO] ==================================================================
