2026-03-26 05:32:01 [INFO] ==================================================================
2026-03-26 05:32:01 [INFO]   MOS Qatar Demo - Sports Data Generator
2026-03-26 05:32:01 [INFO] ==================================================================
2026-03-26 05:32:01 [INFO] Config file   : /home/cloudera/mos_qatar_demo_poc/config/mos_qatar_demo.ini
2026-03-26 05:32:01 [INFO] Landing dir   : /home/cloudera/mos_qatar_demo_poc/landing
2026-03-26 05:32:01 [INFO] Output file   : mos_sports_events_20260326_053201.txt
2026-03-26 05:32:01 [INFO] Records count : 7
2026-03-26 05:32:01 [INFO] ------------------------------------------------------------------
2026-03-26 05:32:01 [INFO]   Record 01: Event ID: EVT9421 | Event Name: FIFA World Cup Qatar Legacy Match | Sport: Football | Venu...
2026-03-26 05:32:01 [INFO]   Record 02: Event ID: EVT8859 | Event Name: Qatar Premier League Match Day 8 | Sport: Basketball | Ven...
2026-03-26 05:32:01 [INFO]   Record 03: Event ID: EVT3594 | Event Name: Asian Qualifiers Warm-up Match | Sport: Handball | Venue: ...
2026-03-26 05:32:01 [INFO]   Record 04: Event ID: EVT4603 | Event Name: Ministry Youth Sports Day | Sport: Football | Venue: Al Ja...
2026-03-26 05:32:01 [INFO]   Record 05: Event ID: EVT4378 | Event Name: Ministry Invitational Friendly Tournament | Sport: Footbal...
2026-03-26 05:32:01 [INFO]   Record 06: Event ID: EVT3889 | Event Name: Ramadan Football Festival | Sport: Football | Venue: Ahmad...
2026-03-26 05:32:01 [INFO]   Record 07: Event ID: EVT1175 | Event Name: Gulf Youth Cup Semi Final | Sport: Football | Venue: Aspir...
2026-03-26 05:32:01 [INFO] ------------------------------------------------------------------
2026-03-26 05:32:01 [INFO] File written successfully.
2026-03-26 05:32:01 [INFO]   Full path : /home/cloudera/mos_qatar_demo_poc/landing/mos_sports_events_20260326_053201.txt
2026-03-26 05:32:01 [INFO]   Size      : 1829 bytes
2026-03-26 05:32:01 [INFO]   Records   : 7
2026-03-26 05:32:01 [INFO] ==================================================================
2026-03-26 05:32:01 [INFO]   Generator Completed Successfully
2026-03-26 05:32:01 [INFO] ==================================================================
