2026-03-24 14:57:01 [INFO] ==================================================================
2026-03-24 14:57:01 [INFO]   MOS Qatar Demo - Sports Data Generator
2026-03-24 14:57:01 [INFO] ==================================================================
2026-03-24 14:57:01 [INFO] Config file   : /home/cloudera/mos_qatar_demo_poc/config/mos_qatar_demo.ini
2026-03-24 14:57:01 [INFO] Landing dir   : /home/cloudera/mos_qatar_demo_poc/landing
2026-03-24 14:57:01 [INFO] Output file   : mos_sports_events_20260324_145701.txt
2026-03-24 14:57:01 [INFO] Records count : 9
2026-03-24 14:57:01 [INFO] ------------------------------------------------------------------
2026-03-24 14:57:01 [INFO]   Record 01: Event ID: EVT7364 | Event Name: Arab Nations Championship Group Stage | Sport: Football | ...
2026-03-24 14:57:01 [INFO]   Record 02: Event ID: EVT8572 | Event Name: Gulf Youth Cup Final | Sport: Handball | Venue: Al Janoub ...
2026-03-24 14:57:01 [INFO]   Record 03: Event ID: EVT8015 | Event Name: Qatar Olympic Training Camp Evaluation | Sport: Basketball...
2026-03-24 14:57:01 [INFO]   Record 04: Event ID: EVT1696 | Event Name: Gulf Youth Cup Round 1 | Sport: Football | Venue: Khalifa ...
2026-03-24 14:57:01 [INFO]   Record 05: Event ID: EVT8423 | Event Name: Arab Nations Championship Semi Final | Sport: Handball | V...
2026-03-24 14:57:01 [INFO]   Record 06: Event ID: EVT2428 | Event Name: GCC Club Championship Final | Sport: Swimming | Venue: Qat...
2026-03-24 14:57:01 [INFO]   Record 07: Event ID: EVT5330 | Event Name: Qatar Cup Semi Final | Sport: Athletics | Venue: Al Wakrah...
2026-03-24 14:57:01 [INFO]   Record 08: Event ID: EVT9952 | Event Name: GCC Club Championship Final | Sport: Basketball | Venue: A...
2026-03-24 14:57:01 [INFO]   Record 09: Event ID: EVT1875 | Event Name: Ministry Youth Sports Day | Sport: Basketball | Venue: Kha...
2026-03-24 14:57:01 [INFO] ------------------------------------------------------------------
2026-03-24 14:57:01 [INFO] File written successfully.
2026-03-24 14:57:01 [INFO]   Full path : /home/cloudera/mos_qatar_demo_poc/landing/mos_sports_events_20260324_145701.txt
2026-03-24 14:57:01 [INFO]   Size      : 2329 bytes
2026-03-24 14:57:01 [INFO]   Records   : 9
2026-03-24 14:57:01 [INFO] ==================================================================
2026-03-24 14:57:01 [INFO]   Generator Completed Successfully
2026-03-24 14:57:01 [INFO] ==================================================================
