2026-03-27 11:57:01 [INFO] ==================================================================
2026-03-27 11:57:01 [INFO]   MOS Qatar Demo - Sports Data Generator
2026-03-27 11:57:01 [INFO] ==================================================================
2026-03-27 11:57:01 [INFO] Config file   : /home/cloudera/mos_qatar_demo_poc/config/mos_qatar_demo.ini
2026-03-27 11:57:01 [INFO] Landing dir   : /home/cloudera/mos_qatar_demo_poc/landing
2026-03-27 11:57:01 [INFO] Output file   : mos_sports_events_20260327_115701.txt
2026-03-27 11:57:01 [INFO] Records count : 5
2026-03-27 11:57:01 [INFO] ------------------------------------------------------------------
2026-03-27 11:57:01 [INFO]   Record 01: Event ID: EVT4532 | Event Name: Qatar Premier League Match Day 5 | Sport: Volleyball | Ven...
2026-03-27 11:57:01 [INFO]   Record 02: Event ID: EVT5142 | Event Name: Ramadan Football Festival | Sport: Football | Venue: Khali...
2026-03-27 11:57:01 [INFO]   Record 03: Event ID: EVT4340 | Event Name: Qatar Cup Semi Final | Sport: Handball | Venue: Ahmad Bin ...
2026-03-27 11:57:01 [INFO]   Record 04: Event ID: EVT4755 | Event Name: GCC Club Championship Quarter Final | Sport: Football | Ve...
2026-03-27 11:57:01 [INFO]   Record 05: Event ID: EVT7148 | Event Name: Gulf Youth Cup Semi Final | Sport: Athletics | Venue: Al T...
2026-03-27 11:57:01 [INFO] ------------------------------------------------------------------
2026-03-27 11:57:01 [INFO] File written successfully.
2026-03-27 11:57:01 [INFO]   Full path : /home/cloudera/mos_qatar_demo_poc/landing/mos_sports_events_20260327_115701.txt
2026-03-27 11:57:01 [INFO]   Size      : 1294 bytes
2026-03-27 11:57:01 [INFO]   Records   : 5
2026-03-27 11:57:01 [INFO] ==================================================================
2026-03-27 11:57:01 [INFO]   Generator Completed Successfully
2026-03-27 11:57:01 [INFO] ==================================================================
