2026-03-27 15:42:01 [INFO] ==================================================================
2026-03-27 15:42:01 [INFO]   MOS Qatar Demo - Sports Data Generator
2026-03-27 15:42:01 [INFO] ==================================================================
2026-03-27 15:42:01 [INFO] Config file   : /home/cloudera/mos_qatar_demo_poc/config/mos_qatar_demo.ini
2026-03-27 15:42:01 [INFO] Landing dir   : /home/cloudera/mos_qatar_demo_poc/landing
2026-03-27 15:42:01 [INFO] Output file   : mos_sports_events_20260327_154201.txt
2026-03-27 15:42:01 [INFO] Records count : 7
2026-03-27 15:42:01 [INFO] ------------------------------------------------------------------
2026-03-27 15:42:01 [INFO]   Record 01: Event ID: EVT9688 | Event Name: MOS Annual Charity Football Gala | Sport: Swimming | Venue...
2026-03-27 15:42:01 [INFO]   Record 02: Event ID: EVT3941 | Event Name: Qatar Schools Football League | Sport: Football | Venue: K...
2026-03-27 15:42:01 [INFO]   Record 03: Event ID: EVT1848 | Event Name: Qatar Olympic Training Camp Evaluation | Sport: Football |...
2026-03-27 15:42:01 [INFO]   Record 04: Event ID: EVT8810 | Event Name: Gulf Youth Cup Round 2 | Sport: Football | Venue: Qatar Sp...
2026-03-27 15:42:01 [INFO]   Record 05: Event ID: EVT1496 | Event Name: Gulf Youth Cup Round 1 | Sport: Basketball | Venue: Al Wak...
2026-03-27 15:42:01 [INFO]   Record 06: Event ID: EVT1964 | Event Name: Qatar Schools Football League | Sport: Handball | Venue: A...
2026-03-27 15:42:01 [INFO]   Record 07: Event ID: EVT5243 | Event Name: Doha Sports Festival Opening Match | Sport: Football | Ven...
2026-03-27 15:42:01 [INFO] ------------------------------------------------------------------
2026-03-27 15:42:01 [INFO] File written successfully.
2026-03-27 15:42:01 [INFO]   Full path : /home/cloudera/mos_qatar_demo_poc/landing/mos_sports_events_20260327_154201.txt
2026-03-27 15:42:01 [INFO]   Size      : 1823 bytes
2026-03-27 15:42:01 [INFO]   Records   : 7
2026-03-27 15:42:01 [INFO] ==================================================================
2026-03-27 15:42:01 [INFO]   Generator Completed Successfully
2026-03-27 15:42:01 [INFO] ==================================================================
