2026-03-26 18:11:02 [INFO] ==================================================================
2026-03-26 18:11:02 [INFO]   MOS Qatar Demo - Sports Data Generator
2026-03-26 18:11:02 [INFO] ==================================================================
2026-03-26 18:11:02 [INFO] Config file   : /home/cloudera/mos_qatar_demo_poc/config/mos_qatar_demo.ini
2026-03-26 18:11:02 [INFO] Landing dir   : /home/cloudera/mos_qatar_demo_poc/landing
2026-03-26 18:11:02 [INFO] Output file   : mos_sports_events_20260326_181102.txt
2026-03-26 18:11:02 [INFO] Records count : 6
2026-03-26 18:11:02 [INFO] ------------------------------------------------------------------
2026-03-26 18:11:02 [INFO]   Record 01: Event ID: EVT5764 | Event Name: Ramadan Football Festival | Sport: Basketball | Venue: Asp...
2026-03-26 18:11:02 [INFO]   Record 02: Event ID: EVT8796 | Event Name: Qatar Cup Semi Final | Sport: Football | Venue: Ahmad Bin ...
2026-03-26 18:11:02 [INFO]   Record 03: Event ID: EVT7201 | Event Name: Gulf Youth Cup Round 1 | Sport: Football | Venue: Al Wakra...
2026-03-26 18:11:02 [INFO]   Record 04: Event ID: EVT9602 | Event Name: Asian Qualifiers Warm-up Match | Sport: Football | Venue: ...
2026-03-26 18:11:02 [INFO]   Record 05: Event ID: EVT4028 | Event Name: MOS Annual Charity Football Gala | Sport: Volleyball | Ven...
2026-03-26 18:11:02 [INFO]   Record 06: Event ID: EVT1854 | Event Name: Qatar Olympic Training Camp Evaluation | Sport: Swimming |...
2026-03-26 18:11:02 [INFO] ------------------------------------------------------------------
2026-03-26 18:11:02 [INFO] File written successfully.
2026-03-26 18:11:02 [INFO]   Full path : /home/cloudera/mos_qatar_demo_poc/landing/mos_sports_events_20260326_181102.txt
2026-03-26 18:11:02 [INFO]   Size      : 1545 bytes
2026-03-26 18:11:02 [INFO]   Records   : 6
2026-03-26 18:11:02 [INFO] ==================================================================
2026-03-26 18:11:02 [INFO]   Generator Completed Successfully
2026-03-26 18:11:02 [INFO] ==================================================================
