2026-03-25 02:14:01 [INFO] ==================================================================
2026-03-25 02:14:01 [INFO]   MOS Qatar Demo - Sports Data Generator
2026-03-25 02:14:01 [INFO] ==================================================================
2026-03-25 02:14:01 [INFO] Config file   : /home/cloudera/mos_qatar_demo_poc/config/mos_qatar_demo.ini
2026-03-25 02:14:01 [INFO] Landing dir   : /home/cloudera/mos_qatar_demo_poc/landing
2026-03-25 02:14:01 [INFO] Output file   : mos_sports_events_20260325_021401.txt
2026-03-25 02:14:01 [INFO] Records count : 9
2026-03-25 02:14:01 [INFO] ------------------------------------------------------------------
2026-03-25 02:14:01 [INFO]   Record 01: Event ID: EVT1712 | Event Name: Arab Nations Championship Semi Final | Sport: Football | V...
2026-03-25 02:14:01 [INFO]   Record 02: Event ID: EVT6027 | Event Name: Gulf Youth Cup Round 2 | Sport: Swimming | Venue: Aspire Z...
2026-03-25 02:14:01 [INFO]   Record 03: Event ID: EVT2153 | Event Name: National Day Football Celebration | Sport: Basketball | Ve...
2026-03-25 02:14:01 [INFO]   Record 04: Event ID: EVT4218 | Event Name: Qatar Cup Final | Sport: Football | Venue: Lusail Stadium ...
2026-03-25 02:14:01 [INFO]   Record 05: Event ID: EVT9789 | Event Name: Doha Sports Festival Opening Match | Sport: Swimming | Ven...
2026-03-25 02:14:01 [INFO]   Record 06: Event ID: EVT7432 | Event Name: GCC Club Championship Semi Final | Sport: Handball | Venue...
2026-03-25 02:14:01 [INFO]   Record 07: Event ID: EVT9904 | Event Name: Qatar Premier League Match Day 12 | Sport: Football | Venu...
2026-03-25 02:14:01 [INFO]   Record 08: Event ID: EVT4345 | Event Name: Gulf Cup Qualifier Round 1 | Sport: Football | Venue: Al B...
2026-03-25 02:14:01 [INFO]   Record 09: Event ID: EVT5777 | Event Name: GCC Club Championship Semi Final | Sport: Football | Venue...
2026-03-25 02:14:01 [INFO] ------------------------------------------------------------------
2026-03-25 02:14:01 [INFO] File written successfully.
2026-03-25 02:14:01 [INFO]   Full path : /home/cloudera/mos_qatar_demo_poc/landing/mos_sports_events_20260325_021401.txt
2026-03-25 02:14:01 [INFO]   Size      : 2293 bytes
2026-03-25 02:14:01 [INFO]   Records   : 9
2026-03-25 02:14:01 [INFO] ==================================================================
2026-03-25 02:14:01 [INFO]   Generator Completed Successfully
2026-03-25 02:14:01 [INFO] ==================================================================
