2026-03-26 18:13:02 [INFO] ==================================================================
2026-03-26 18:13:02 [INFO]   MOS Qatar Demo - Sports Data Generator
2026-03-26 18:13:02 [INFO] ==================================================================
2026-03-26 18:13:02 [INFO] Config file   : /home/cloudera/mos_qatar_demo_poc/config/mos_qatar_demo.ini
2026-03-26 18:13:02 [INFO] Landing dir   : /home/cloudera/mos_qatar_demo_poc/landing
2026-03-26 18:13:02 [INFO] Output file   : mos_sports_events_20260326_181302.txt
2026-03-26 18:13:02 [INFO] Records count : 4
2026-03-26 18:13:02 [INFO] ------------------------------------------------------------------
2026-03-26 18:13:02 [INFO]   Record 01: Event ID: EVT1106 | Event Name: Arab Nations Championship Semi Final | Sport: Football | V...
2026-03-26 18:13:02 [INFO]   Record 02: Event ID: EVT4553 | Event Name: Gulf Youth Cup Round 2 | Sport: Football | Venue: Al Bayt ...
2026-03-26 18:13:02 [INFO]   Record 03: Event ID: EVT3680 | Event Name: Qatar Schools Football League | Sport: Handball | Venue: E...
2026-03-26 18:13:02 [INFO]   Record 04: Event ID: EVT4864 | Event Name: National Day Football Celebration | Sport: Football | Venu...
2026-03-26 18:13:02 [INFO] ------------------------------------------------------------------
2026-03-26 18:13:02 [INFO] File written successfully.
2026-03-26 18:13:02 [INFO]   Full path : /home/cloudera/mos_qatar_demo_poc/landing/mos_sports_events_20260326_181302.txt
2026-03-26 18:13:02 [INFO]   Size      : 1013 bytes
2026-03-26 18:13:02 [INFO]   Records   : 4
2026-03-26 18:13:02 [INFO] ==================================================================
2026-03-26 18:13:02 [INFO]   Generator Completed Successfully
2026-03-26 18:13:02 [INFO] ==================================================================
