2026-03-26 17:50:01 [INFO] ==================================================================
2026-03-26 17:50:01 [INFO]   MOS Qatar Demo - Sports Data Generator
2026-03-26 17:50:01 [INFO] ==================================================================
2026-03-26 17:50:01 [INFO] Config file   : /home/cloudera/mos_qatar_demo_poc/config/mos_qatar_demo.ini
2026-03-26 17:50:01 [INFO] Landing dir   : /home/cloudera/mos_qatar_demo_poc/landing
2026-03-26 17:50:01 [INFO] Output file   : mos_sports_events_20260326_175001.txt
2026-03-26 17:50:01 [INFO] Records count : 10
2026-03-26 17:50:01 [INFO] ------------------------------------------------------------------
2026-03-26 17:50:01 [INFO]   Record 01: Event ID: EVT9035 | Event Name: GCC Club Championship Final | Sport: Handball | Venue: Al ...
2026-03-26 17:50:01 [INFO]   Record 02: Event ID: EVT7249 | Event Name: Doha Sports Festival Opening Match | Sport: Football | Ven...
2026-03-26 17:50:01 [INFO]   Record 03: Event ID: EVT3930 | Event Name: Qatar Schools Football League | Sport: Athletics | Venue: ...
2026-03-26 17:50:01 [INFO]   Record 04: Event ID: EVT4482 | Event Name: Qatar Olympic Training Camp Evaluation | Sport: Basketball...
2026-03-26 17:50:01 [INFO]   Record 05: Event ID: EVT3157 | Event Name: Gulf Cup Qualifier Round 1 | Sport: Football | Venue: Al T...
2026-03-26 17:50:01 [INFO]   Record 06: Event ID: EVT2824 | Event Name: Gulf Cup Qualifier Round 1 | Sport: Football | Venue: Educ...
2026-03-26 17:50:01 [INFO]   Record 07: Event ID: EVT3083 | Event Name: Gulf Youth Cup Round 2 | Sport: Football | Venue: Al Bayt ...
2026-03-26 17:50:01 [INFO]   Record 08: Event ID: EVT5702 | Event Name: Arab Nations Championship Semi Final | Sport: Football | V...
2026-03-26 17:50:01 [INFO]   Record 09: Event ID: EVT8738 | Event Name: MOS Annual Charity Football Gala | Sport: Handball | Venue...
2026-03-26 17:50:01 [INFO]   Record 10: Event ID: EVT3406 | Event Name: GCC Club Championship Semi Final | Sport: Football | Venue...
2026-03-26 17:50:01 [INFO] ------------------------------------------------------------------
2026-03-26 17:50:01 [INFO] File written successfully.
2026-03-26 17:50:01 [INFO]   Full path : /home/cloudera/mos_qatar_demo_poc/landing/mos_sports_events_20260326_175001.txt
2026-03-26 17:50:01 [INFO]   Size      : 2566 bytes
2026-03-26 17:50:01 [INFO]   Records   : 10
2026-03-26 17:50:01 [INFO] ==================================================================
2026-03-26 17:50:01 [INFO]   Generator Completed Successfully
2026-03-26 17:50:01 [INFO] ==================================================================
