2026-03-25 10:05:02 [INFO] ==================================================================
2026-03-25 10:05:02 [INFO]   MOS Qatar Demo - Sports Data Generator
2026-03-25 10:05:02 [INFO] ==================================================================
2026-03-25 10:05:02 [INFO] Config file   : /home/cloudera/mos_qatar_demo_poc/config/mos_qatar_demo.ini
2026-03-25 10:05:02 [INFO] Landing dir   : /home/cloudera/mos_qatar_demo_poc/landing
2026-03-25 10:05:02 [INFO] Output file   : mos_sports_events_20260325_100502.txt
2026-03-25 10:05:02 [INFO] Records count : 6
2026-03-25 10:05:02 [INFO] ------------------------------------------------------------------
2026-03-25 10:05:02 [INFO]   Record 01: Event ID: EVT1126 | Event Name: Qatar Olympic Training Camp Evaluation | Sport: Athletics ...
2026-03-25 10:05:02 [INFO]   Record 02: Event ID: EVT9825 | Event Name: Asian Qualifiers Warm-up Match | Sport: Football | Venue: ...
2026-03-25 10:05:02 [INFO]   Record 03: Event ID: EVT9169 | Event Name: Gulf Youth Cup Quarter Final | Sport: Swimming | Venue: Al...
2026-03-25 10:05:02 [INFO]   Record 04: Event ID: EVT5292 | Event Name: National Day Football Celebration | Sport: Basketball | Ve...
2026-03-25 10:05:02 [INFO]   Record 05: Event ID: EVT8651 | Event Name: National Team Preparation Match | Sport: Football | Venue:...
2026-03-25 10:05:02 [INFO]   Record 06: Event ID: EVT9884 | Event Name: Qatar Premier League Match Day 12 | Sport: Football | Venu...
2026-03-25 10:05:02 [INFO] ------------------------------------------------------------------
2026-03-25 10:05:02 [INFO] File written successfully.
2026-03-25 10:05:02 [INFO]   Full path : /home/cloudera/mos_qatar_demo_poc/landing/mos_sports_events_20260325_100502.txt
2026-03-25 10:05:02 [INFO]   Size      : 1564 bytes
2026-03-25 10:05:02 [INFO]   Records   : 6
2026-03-25 10:05:02 [INFO] ==================================================================
2026-03-25 10:05:02 [INFO]   Generator Completed Successfully
2026-03-25 10:05:02 [INFO] ==================================================================
