2026-03-27 09:29:01 [INFO] ==================================================================
2026-03-27 09:29:01 [INFO]   MOS Qatar Demo - Sports Data Generator
2026-03-27 09:29:01 [INFO] ==================================================================
2026-03-27 09:29:01 [INFO] Config file   : /home/cloudera/mos_qatar_demo_poc/config/mos_qatar_demo.ini
2026-03-27 09:29:01 [INFO] Landing dir   : /home/cloudera/mos_qatar_demo_poc/landing
2026-03-27 09:29:01 [INFO] Output file   : mos_sports_events_20260327_092901.txt
2026-03-27 09:29:01 [INFO] Records count : 8
2026-03-27 09:29:01 [INFO] ------------------------------------------------------------------
2026-03-27 09:29:01 [INFO]   Record 01: Event ID: EVT7946 | Event Name: Qatar Schools Football League | Sport: Football | Venue: K...
2026-03-27 09:29:01 [INFO]   Record 02: Event ID: EVT7484 | Event Name: National Day Football Celebration | Sport: Basketball | Ve...
2026-03-27 09:29:01 [INFO]   Record 03: Event ID: EVT6068 | Event Name: Gulf Youth Cup Quarter Final | Sport: Handball | Venue: As...
2026-03-27 09:29:01 [INFO]   Record 04: Event ID: EVT2362 | Event Name: Arab Nations Championship Group Stage | Sport: Football | ...
2026-03-27 09:29:01 [INFO]   Record 05: Event ID: EVT1663 | Event Name: Ministry Invitational Friendly Tournament | Sport: Swimmin...
2026-03-27 09:29:01 [INFO]   Record 06: Event ID: EVT2191 | Event Name: Gulf Youth Cup Semi Final | Sport: Athletics | Venue: Ahma...
2026-03-27 09:29:01 [INFO]   Record 07: Event ID: EVT4142 | Event Name: FIFA World Cup Qatar Legacy Match | Sport: Football | Venu...
2026-03-27 09:29:01 [INFO]   Record 08: Event ID: EVT9248 | Event Name: Gulf Youth Cup Round 1 | Sport: Football | Venue: Al Wakra...
2026-03-27 09:29:01 [INFO] ------------------------------------------------------------------
2026-03-27 09:29:01 [INFO] File written successfully.
2026-03-27 09:29:01 [INFO]   Full path : /home/cloudera/mos_qatar_demo_poc/landing/mos_sports_events_20260327_092901.txt
2026-03-27 09:29:01 [INFO]   Size      : 2119 bytes
2026-03-27 09:29:01 [INFO]   Records   : 8
2026-03-27 09:29:01 [INFO] ==================================================================
2026-03-27 09:29:01 [INFO]   Generator Completed Successfully
2026-03-27 09:29:01 [INFO] ==================================================================
