2026-03-26 03:40:01 [INFO] ==================================================================
2026-03-26 03:40:01 [INFO]   MOS Qatar Demo - Sports Data Generator
2026-03-26 03:40:01 [INFO] ==================================================================
2026-03-26 03:40:01 [INFO] Config file   : /home/cloudera/mos_qatar_demo_poc/config/mos_qatar_demo.ini
2026-03-26 03:40:01 [INFO] Landing dir   : /home/cloudera/mos_qatar_demo_poc/landing
2026-03-26 03:40:01 [INFO] Output file   : mos_sports_events_20260326_034001.txt
2026-03-26 03:40:01 [INFO] Records count : 8
2026-03-26 03:40:01 [INFO] ------------------------------------------------------------------
2026-03-26 03:40:01 [INFO]   Record 01: Event ID: EVT2542 | Event Name: Ramadan Football Festival | Sport: Football | Venue: Al Ja...
2026-03-26 03:40:01 [INFO]   Record 02: Event ID: EVT5513 | Event Name: Doha Sports Festival Opening Match | Sport: Athletics | Ve...
2026-03-26 03:40:01 [INFO]   Record 03: Event ID: EVT5903 | Event Name: Qatar Premier League Match Day 12 | Sport: Football | Venu...
2026-03-26 03:40:01 [INFO]   Record 04: Event ID: EVT7666 | Event Name: Gulf Youth Cup Round 2 | Sport: Football | Venue: Ahmad Bi...
2026-03-26 03:40:01 [INFO]   Record 05: Event ID: EVT1101 | Event Name: Gulf Youth Cup Final | Sport: Basketball | Venue: Ahmad Bi...
2026-03-26 03:40:01 [INFO]   Record 06: Event ID: EVT1673 | Event Name: MOS Annual Charity Football Gala | Sport: Football | Venue...
2026-03-26 03:40:01 [INFO]   Record 07: Event ID: EVT8347 | Event Name: Qatar Schools Football League | Sport: Athletics | Venue: ...
2026-03-26 03:40:01 [INFO]   Record 08: Event ID: EVT3265 | Event Name: Ramadan Football Festival | Sport: Football | Venue: Aspir...
2026-03-26 03:40:01 [INFO] ------------------------------------------------------------------
2026-03-26 03:40:01 [INFO] File written successfully.
2026-03-26 03:40:01 [INFO]   Full path : /home/cloudera/mos_qatar_demo_poc/landing/mos_sports_events_20260326_034001.txt
2026-03-26 03:40:01 [INFO]   Size      : 2065 bytes
2026-03-26 03:40:01 [INFO]   Records   : 8
2026-03-26 03:40:01 [INFO] ==================================================================
2026-03-26 03:40:01 [INFO]   Generator Completed Successfully
2026-03-26 03:40:01 [INFO] ==================================================================
