2026-03-26 13:00:01 [INFO] ==================================================================
2026-03-26 13:00:01 [INFO]   MOS Qatar Demo - Sports Data Generator
2026-03-26 13:00:01 [INFO] ==================================================================
2026-03-26 13:00:01 [INFO] Config file   : /home/cloudera/mos_qatar_demo_poc/config/mos_qatar_demo.ini
2026-03-26 13:00:01 [INFO] Landing dir   : /home/cloudera/mos_qatar_demo_poc/landing
2026-03-26 13:00:01 [INFO] Output file   : mos_sports_events_20260326_130001.txt
2026-03-26 13:00:01 [INFO] Records count : 9
2026-03-26 13:00:01 [INFO] ------------------------------------------------------------------
2026-03-26 13:00:01 [INFO]   Record 01: Event ID: EVT4236 | Event Name: Arab Nations Championship Semi Final | Sport: Swimming | V...
2026-03-26 13:00:01 [INFO]   Record 02: Event ID: EVT6930 | Event Name: Qatar Olympic Training Camp Evaluation | Sport: Football |...
2026-03-26 13:00:01 [INFO]   Record 03: Event ID: EVT4398 | Event Name: Qatar Olympic Training Camp Evaluation | Sport: Football |...
2026-03-26 13:00:01 [INFO]   Record 04: Event ID: EVT3485 | Event Name: Ministry Youth Sports Day | Sport: Football | Venue: Qatar...
2026-03-26 13:00:01 [INFO]   Record 05: Event ID: EVT8916 | Event Name: Qatar Under-20 Development League | Sport: Football | Venu...
2026-03-26 13:00:01 [INFO]   Record 06: Event ID: EVT4949 | Event Name: Qatar Premier League Match Day 5 | Sport: Football | Venue...
2026-03-26 13:00:01 [INFO]   Record 07: Event ID: EVT8786 | Event Name: Qatar Cup Final | Sport: Volleyball | Venue: Ahmad Bin Ali...
2026-03-26 13:00:01 [INFO]   Record 08: Event ID: EVT4956 | Event Name: Gulf Youth Cup Final | Sport: Football | Venue: Qatar Spor...
2026-03-26 13:00:01 [INFO]   Record 09: Event ID: EVT9458 | Event Name: Qatar Olympic Training Camp Evaluation | Sport: Swimming |...
2026-03-26 13:00:01 [INFO] ------------------------------------------------------------------
2026-03-26 13:00:01 [INFO] File written successfully.
2026-03-26 13:00:01 [INFO]   Full path : /home/cloudera/mos_qatar_demo_poc/landing/mos_sports_events_20260326_130001.txt
2026-03-26 13:00:01 [INFO]   Size      : 2339 bytes
2026-03-26 13:00:01 [INFO]   Records   : 9
2026-03-26 13:00:01 [INFO] ==================================================================
2026-03-26 13:00:01 [INFO]   Generator Completed Successfully
2026-03-26 13:00:01 [INFO] ==================================================================
