2026-03-27 03:02:01 [INFO] ==================================================================
2026-03-27 03:02:01 [INFO]   MOS Qatar Demo - Sports Data Generator
2026-03-27 03:02:01 [INFO] ==================================================================
2026-03-27 03:02:01 [INFO] Config file   : /home/cloudera/mos_qatar_demo_poc/config/mos_qatar_demo.ini
2026-03-27 03:02:01 [INFO] Landing dir   : /home/cloudera/mos_qatar_demo_poc/landing
2026-03-27 03:02:01 [INFO] Output file   : mos_sports_events_20260327_030201.txt
2026-03-27 03:02:01 [INFO] Records count : 8
2026-03-27 03:02:01 [INFO] ------------------------------------------------------------------
2026-03-27 03:02:01 [INFO]   Record 01: Event ID: EVT7340 | Event Name: Qatar Cup Semi Final | Sport: Athletics | Venue: Education...
2026-03-27 03:02:01 [INFO]   Record 02: Event ID: EVT1630 | Event Name: Gulf Youth Cup Round 2 | Sport: Volleyball | Venue: Al Bay...
2026-03-27 03:02:01 [INFO]   Record 03: Event ID: EVT2135 | Event Name: Gulf Youth Cup Semi Final | Sport: Swimming | Venue: Al Th...
2026-03-27 03:02:01 [INFO]   Record 04: Event ID: EVT1427 | Event Name: FIFA World Cup Qatar Legacy Match | Sport: Volleyball | Ve...
2026-03-27 03:02:01 [INFO]   Record 05: Event ID: EVT7978 | Event Name: National Day Football Celebration | Sport: Swimming | Venu...
2026-03-27 03:02:01 [INFO]   Record 06: Event ID: EVT5293 | Event Name: Arab Nations Championship Semi Final | Sport: Football | V...
2026-03-27 03:02:01 [INFO]   Record 07: Event ID: EVT5596 | Event Name: Ramadan Football Festival | Sport: Athletics | Venue: Educ...
2026-03-27 03:02:01 [INFO]   Record 08: Event ID: EVT9384 | Event Name: Gulf Youth Cup Round 1 | Sport: Football | Venue: Educatio...
2026-03-27 03:02:01 [INFO] ------------------------------------------------------------------
2026-03-27 03:02:01 [INFO] File written successfully.
2026-03-27 03:02:01 [INFO]   Full path : /home/cloudera/mos_qatar_demo_poc/landing/mos_sports_events_20260327_030201.txt
2026-03-27 03:02:01 [INFO]   Size      : 2028 bytes
2026-03-27 03:02:01 [INFO]   Records   : 8
2026-03-27 03:02:01 [INFO] ==================================================================
2026-03-27 03:02:01 [INFO]   Generator Completed Successfully
2026-03-27 03:02:01 [INFO] ==================================================================
