2026-03-25 21:33:01 [INFO] ==================================================================
2026-03-25 21:33:01 [INFO]   MOS Qatar Demo - Sports Data Generator
2026-03-25 21:33:01 [INFO] ==================================================================
2026-03-25 21:33:01 [INFO] Config file   : /home/cloudera/mos_qatar_demo_poc/config/mos_qatar_demo.ini
2026-03-25 21:33:01 [INFO] Landing dir   : /home/cloudera/mos_qatar_demo_poc/landing
2026-03-25 21:33:01 [INFO] Output file   : mos_sports_events_20260325_213301.txt
2026-03-25 21:33:01 [INFO] Records count : 6
2026-03-25 21:33:01 [INFO] ------------------------------------------------------------------
2026-03-25 21:33:01 [INFO]   Record 01: Event ID: EVT3050 | Event Name: Gulf Youth Cup Round 2 | Sport: Football | Venue: Al Wakra...
2026-03-25 21:33:01 [INFO]   Record 02: Event ID: EVT9245 | Event Name: National Day Football Celebration | Sport: Basketball | Ve...
2026-03-25 21:33:01 [INFO]   Record 03: Event ID: EVT7924 | Event Name: Qatar Under-20 Development League | Sport: Basketball | Ve...
2026-03-25 21:33:01 [INFO]   Record 04: Event ID: EVT7440 | Event Name: Ministry Invitational Friendly Tournament | Sport: Athleti...
2026-03-25 21:33:01 [INFO]   Record 05: Event ID: EVT8884 | Event Name: Qatar Premier League Match Day 12 | Sport: Handball | Venu...
2026-03-25 21:33:01 [INFO]   Record 06: Event ID: EVT6567 | Event Name: Gulf Youth Cup Semi Final | Sport: Handball | Venue: Al Th...
2026-03-25 21:33:01 [INFO] ------------------------------------------------------------------
2026-03-25 21:33:01 [INFO] File written successfully.
2026-03-25 21:33:01 [INFO]   Full path : /home/cloudera/mos_qatar_demo_poc/landing/mos_sports_events_20260325_213301.txt
2026-03-25 21:33:01 [INFO]   Size      : 1577 bytes
2026-03-25 21:33:01 [INFO]   Records   : 6
2026-03-25 21:33:01 [INFO] ==================================================================
2026-03-25 21:33:01 [INFO]   Generator Completed Successfully
2026-03-25 21:33:01 [INFO] ==================================================================
