2026-03-24 20:05:01 [INFO] ==================================================================
2026-03-24 20:05:01 [INFO]   MOS Qatar Demo - Sports Data Generator
2026-03-24 20:05:01 [INFO] ==================================================================
2026-03-24 20:05:01 [INFO] Config file   : /home/cloudera/mos_qatar_demo_poc/config/mos_qatar_demo.ini
2026-03-24 20:05:01 [INFO] Landing dir   : /home/cloudera/mos_qatar_demo_poc/landing
2026-03-24 20:05:01 [INFO] Output file   : mos_sports_events_20260324_200501.txt
2026-03-24 20:05:01 [INFO] Records count : 5
2026-03-24 20:05:01 [INFO] ------------------------------------------------------------------
2026-03-24 20:05:01 [INFO]   Record 01: Event ID: EVT9626 | Event Name: Qatar Olympic Training Camp Evaluation | Sport: Handball |...
2026-03-24 20:05:01 [INFO]   Record 02: Event ID: EVT7032 | Event Name: FIFA World Cup Qatar Legacy Match | Sport: Football | Venu...
2026-03-24 20:05:01 [INFO]   Record 03: Event ID: EVT3395 | Event Name: Arab Nations Championship Semi Final | Sport: Volleyball |...
2026-03-24 20:05:01 [INFO]   Record 04: Event ID: EVT6702 | Event Name: GCC Club Championship Final | Sport: Football | Venue: Asp...
2026-03-24 20:05:01 [INFO]   Record 05: Event ID: EVT3012 | Event Name: FIFA World Cup Qatar Legacy Match | Sport: Football | Venu...
2026-03-24 20:05:01 [INFO] ------------------------------------------------------------------
2026-03-24 20:05:01 [INFO] File written successfully.
2026-03-24 20:05:01 [INFO]   Full path : /home/cloudera/mos_qatar_demo_poc/landing/mos_sports_events_20260324_200501.txt
2026-03-24 20:05:01 [INFO]   Size      : 1269 bytes
2026-03-24 20:05:01 [INFO]   Records   : 5
2026-03-24 20:05:01 [INFO] ==================================================================
2026-03-24 20:05:01 [INFO]   Generator Completed Successfully
2026-03-24 20:05:01 [INFO] ==================================================================
