2026-03-27 14:30:01 [INFO] ==================================================================
2026-03-27 14:30:01 [INFO]   MOS Qatar Demo - Sports Data Generator
2026-03-27 14:30:01 [INFO] ==================================================================
2026-03-27 14:30:01 [INFO] Config file   : /home/cloudera/mos_qatar_demo_poc/config/mos_qatar_demo.ini
2026-03-27 14:30:01 [INFO] Landing dir   : /home/cloudera/mos_qatar_demo_poc/landing
2026-03-27 14:30:01 [INFO] Output file   : mos_sports_events_20260327_143001.txt
2026-03-27 14:30:01 [INFO] Records count : 5
2026-03-27 14:30:01 [INFO] ------------------------------------------------------------------
2026-03-27 14:30:01 [INFO]   Record 01: Event ID: EVT4598 | Event Name: National Team Preparation Match | Sport: Football | Venue:...
2026-03-27 14:30:01 [INFO]   Record 02: Event ID: EVT1461 | Event Name: Qatar Premier League Match Day 12 | Sport: Volleyball | Ve...
2026-03-27 14:30:01 [INFO]   Record 03: Event ID: EVT6928 | Event Name: Gulf Youth Cup Quarter Final | Sport: Football | Venue: Ed...
2026-03-27 14:30:01 [INFO]   Record 04: Event ID: EVT2642 | Event Name: Qatar Under-20 Development League | Sport: Athletics | Ven...
2026-03-27 14:30:01 [INFO]   Record 05: Event ID: EVT7372 | Event Name: Gulf Youth Cup Semi Final | Sport: Swimming | Venue: Lusai...
2026-03-27 14:30:01 [INFO] ------------------------------------------------------------------
2026-03-27 14:30:01 [INFO] File written successfully.
2026-03-27 14:30:01 [INFO]   Full path : /home/cloudera/mos_qatar_demo_poc/landing/mos_sports_events_20260327_143001.txt
2026-03-27 14:30:01 [INFO]   Size      : 1311 bytes
2026-03-27 14:30:01 [INFO]   Records   : 5
2026-03-27 14:30:01 [INFO] ==================================================================
2026-03-27 14:30:01 [INFO]   Generator Completed Successfully
2026-03-27 14:30:01 [INFO] ==================================================================
