2026-03-27 21:08:02 [INFO] ==================================================================
2026-03-27 21:08:02 [INFO]   MOS Qatar Demo - Sports Data Generator
2026-03-27 21:08:02 [INFO] ==================================================================
2026-03-27 21:08:02 [INFO] Config file   : /home/cloudera/mos_qatar_demo_poc/config/mos_qatar_demo.ini
2026-03-27 21:08:02 [INFO] Landing dir   : /home/cloudera/mos_qatar_demo_poc/landing
2026-03-27 21:08:02 [INFO] Output file   : mos_sports_events_20260327_210802.txt
2026-03-27 21:08:02 [INFO] Records count : 5
2026-03-27 21:08:02 [INFO] ------------------------------------------------------------------
2026-03-27 21:08:02 [INFO]   Record 01: Event ID: EVT7987 | Event Name: Qatar Premier League Match Day 5 | Sport: Football | Venue...
2026-03-27 21:08:02 [INFO]   Record 02: Event ID: EVT5092 | Event Name: National Day Football Celebration | Sport: Swimming | Venu...
2026-03-27 21:08:02 [INFO]   Record 03: Event ID: EVT7043 | Event Name: Qatar Cup Semi Final | Sport: Football | Venue: Education ...
2026-03-27 21:08:02 [INFO]   Record 04: Event ID: EVT8368 | Event Name: Qatar Premier League Match Day 8 | Sport: Handball | Venue...
2026-03-27 21:08:02 [INFO]   Record 05: Event ID: EVT8564 | Event Name: GCC Club Championship Final | Sport: Football | Venue: Ahm...
2026-03-27 21:08:02 [INFO] ------------------------------------------------------------------
2026-03-27 21:08:02 [INFO] File written successfully.
2026-03-27 21:08:02 [INFO]   Full path : /home/cloudera/mos_qatar_demo_poc/landing/mos_sports_events_20260327_210802.txt
2026-03-27 21:08:02 [INFO]   Size      : 1298 bytes
2026-03-27 21:08:02 [INFO]   Records   : 5
2026-03-27 21:08:02 [INFO] ==================================================================
2026-03-27 21:08:02 [INFO]   Generator Completed Successfully
2026-03-27 21:08:02 [INFO] ==================================================================
