2026-03-24 15:21:01 [INFO] ==================================================================
2026-03-24 15:21:01 [INFO]   MOS Qatar Demo - Sports Data Generator
2026-03-24 15:21:01 [INFO] ==================================================================
2026-03-24 15:21:01 [INFO] Config file   : /home/cloudera/mos_qatar_demo_poc/config/mos_qatar_demo.ini
2026-03-24 15:21:01 [INFO] Landing dir   : /home/cloudera/mos_qatar_demo_poc/landing
2026-03-24 15:21:01 [INFO] Output file   : mos_sports_events_20260324_152101.txt
2026-03-24 15:21:01 [INFO] Records count : 5
2026-03-24 15:21:01 [INFO] ------------------------------------------------------------------
2026-03-24 15:21:01 [INFO]   Record 01: Event ID: EVT5731 | Event Name: Ministry Youth Sports Day | Sport: Football | Venue: Al Ja...
2026-03-24 15:21:01 [INFO]   Record 02: Event ID: EVT3912 | Event Name: Qatar Cup Semi Final | Sport: Handball | Venue: Lusail Sta...
2026-03-24 15:21:01 [INFO]   Record 03: Event ID: EVT6371 | Event Name: National Day Football Celebration | Sport: Basketball | Ve...
2026-03-24 15:21:01 [INFO]   Record 04: Event ID: EVT3086 | Event Name: National Team Preparation Match | Sport: Basketball | Venu...
2026-03-24 15:21:01 [INFO]   Record 05: Event ID: EVT4630 | Event Name: GCC Club Championship Semi Final | Sport: Football | Venue...
2026-03-24 15:21:01 [INFO] ------------------------------------------------------------------
2026-03-24 15:21:01 [INFO] File written successfully.
2026-03-24 15:21:01 [INFO]   Full path : /home/cloudera/mos_qatar_demo_poc/landing/mos_sports_events_20260324_152101.txt
2026-03-24 15:21:01 [INFO]   Size      : 1286 bytes
2026-03-24 15:21:01 [INFO]   Records   : 5
2026-03-24 15:21:01 [INFO] ==================================================================
2026-03-24 15:21:01 [INFO]   Generator Completed Successfully
2026-03-24 15:21:01 [INFO] ==================================================================
