2026-03-25 14:17:02 [INFO] ==================================================================
2026-03-25 14:17:02 [INFO]   MOS Qatar Demo - Sports Data Generator
2026-03-25 14:17:02 [INFO] ==================================================================
2026-03-25 14:17:02 [INFO] Config file   : /home/cloudera/mos_qatar_demo_poc/config/mos_qatar_demo.ini
2026-03-25 14:17:02 [INFO] Landing dir   : /home/cloudera/mos_qatar_demo_poc/landing
2026-03-25 14:17:02 [INFO] Output file   : mos_sports_events_20260325_141702.txt
2026-03-25 14:17:02 [INFO] Records count : 4
2026-03-25 14:17:02 [INFO] ------------------------------------------------------------------
2026-03-25 14:17:02 [INFO]   Record 01: Event ID: EVT6180 | Event Name: National Day Football Celebration | Sport: Athletics | Ven...
2026-03-25 14:17:02 [INFO]   Record 02: Event ID: EVT7693 | Event Name: Ministry Youth Sports Day | Sport: Handball | Venue: Khali...
2026-03-25 14:17:02 [INFO]   Record 03: Event ID: EVT4775 | Event Name: Qatar Cup Final | Sport: Basketball | Venue: Aspire Zone A...
2026-03-25 14:17:02 [INFO]   Record 04: Event ID: EVT2102 | Event Name: Ministry Invitational Friendly Tournament | Sport: Footbal...
2026-03-25 14:17:02 [INFO] ------------------------------------------------------------------
2026-03-25 14:17:02 [INFO] File written successfully.
2026-03-25 14:17:02 [INFO]   Full path : /home/cloudera/mos_qatar_demo_poc/landing/mos_sports_events_20260325_141702.txt
2026-03-25 14:17:02 [INFO]   Size      : 1067 bytes
2026-03-25 14:17:02 [INFO]   Records   : 4
2026-03-25 14:17:02 [INFO] ==================================================================
2026-03-25 14:17:02 [INFO]   Generator Completed Successfully
2026-03-25 14:17:02 [INFO] ==================================================================
