2026-03-25 03:49:02 [INFO] ==================================================================
2026-03-25 03:49:02 [INFO]   MOS Qatar Demo - Sports Data Generator
2026-03-25 03:49:02 [INFO] ==================================================================
2026-03-25 03:49:02 [INFO] Config file   : /home/cloudera/mos_qatar_demo_poc/config/mos_qatar_demo.ini
2026-03-25 03:49:02 [INFO] Landing dir   : /home/cloudera/mos_qatar_demo_poc/landing
2026-03-25 03:49:02 [INFO] Output file   : mos_sports_events_20260325_034902.txt
2026-03-25 03:49:02 [INFO] Records count : 6
2026-03-25 03:49:02 [INFO] ------------------------------------------------------------------
2026-03-25 03:49:02 [INFO]   Record 01: Event ID: EVT5905 | Event Name: Qatar Olympic Training Camp Evaluation | Sport: Volleyball...
2026-03-25 03:49:02 [INFO]   Record 02: Event ID: EVT3813 | Event Name: GCC Club Championship Semi Final | Sport: Swimming | Venue...
2026-03-25 03:49:02 [INFO]   Record 03: Event ID: EVT6171 | Event Name: Qatar Cup Final | Sport: Football | Venue: Lusail Stadium ...
2026-03-25 03:49:02 [INFO]   Record 04: Event ID: EVT8883 | Event Name: GCC Club Championship Semi Final | Sport: Athletics | Venu...
2026-03-25 03:49:02 [INFO]   Record 05: Event ID: EVT4769 | Event Name: GCC Club Championship Final | Sport: Football | Venue: Kha...
2026-03-25 03:49:02 [INFO]   Record 06: Event ID: EVT8189 | Event Name: GCC Club Championship Final | Sport: Football | Venue: Al ...
2026-03-25 03:49:02 [INFO] ------------------------------------------------------------------
2026-03-25 03:49:02 [INFO] File written successfully.
2026-03-25 03:49:02 [INFO]   Full path : /home/cloudera/mos_qatar_demo_poc/landing/mos_sports_events_20260325_034902.txt
2026-03-25 03:49:02 [INFO]   Size      : 1526 bytes
2026-03-25 03:49:02 [INFO]   Records   : 6
2026-03-25 03:49:02 [INFO] ==================================================================
2026-03-25 03:49:02 [INFO]   Generator Completed Successfully
2026-03-25 03:49:02 [INFO] ==================================================================
