2026-03-25 07:40:01 [INFO] ==================================================================
2026-03-25 07:40:01 [INFO]   MOS Qatar Demo - Sports Data Generator
2026-03-25 07:40:01 [INFO] ==================================================================
2026-03-25 07:40:01 [INFO] Config file   : /home/cloudera/mos_qatar_demo_poc/config/mos_qatar_demo.ini
2026-03-25 07:40:01 [INFO] Landing dir   : /home/cloudera/mos_qatar_demo_poc/landing
2026-03-25 07:40:01 [INFO] Output file   : mos_sports_events_20260325_074001.txt
2026-03-25 07:40:01 [INFO] Records count : 10
2026-03-25 07:40:01 [INFO] ------------------------------------------------------------------
2026-03-25 07:40:01 [INFO]   Record 01: Event ID: EVT8813 | Event Name: GCC Club Championship Quarter Final | Sport: Football | Ve...
2026-03-25 07:40:01 [INFO]   Record 02: Event ID: EVT4216 | Event Name: Gulf Youth Cup Round 2 | Sport: Athletics | Venue: Educati...
2026-03-25 07:40:01 [INFO]   Record 03: Event ID: EVT4509 | Event Name: Gulf Youth Cup Semi Final | Sport: Handball | Venue: Aspir...
2026-03-25 07:40:01 [INFO]   Record 04: Event ID: EVT3835 | Event Name: Qatar Cup Final | Sport: Football | Venue: Al Bayt Stadium...
2026-03-25 07:40:01 [INFO]   Record 05: Event ID: EVT5852 | Event Name: Gulf Youth Cup Round 1 | Sport: Football | Venue: Al Janou...
2026-03-25 07:40:01 [INFO]   Record 06: Event ID: EVT5836 | Event Name: FIFA World Cup Qatar Legacy Match | Sport: Handball | Venu...
2026-03-25 07:40:01 [INFO]   Record 07: Event ID: EVT8482 | Event Name: FIFA World Cup Qatar Legacy Match | Sport: Swimming | Venu...
2026-03-25 07:40:01 [INFO]   Record 08: Event ID: EVT4645 | Event Name: National Day Football Celebration | Sport: Football | Venu...
2026-03-25 07:40:01 [INFO]   Record 09: Event ID: EVT4095 | Event Name: Gulf Cup Qualifier Round 1 | Sport: Swimming | Venue: Al T...
2026-03-25 07:40:01 [INFO]   Record 10: Event ID: EVT7028 | Event Name: Qatar Schools Football League | Sport: Handball | Venue: A...
2026-03-25 07:40:01 [INFO] ------------------------------------------------------------------
2026-03-25 07:40:01 [INFO] File written successfully.
2026-03-25 07:40:01 [INFO]   Full path : /home/cloudera/mos_qatar_demo_poc/landing/mos_sports_events_20260325_074001.txt
2026-03-25 07:40:01 [INFO]   Size      : 2512 bytes
2026-03-25 07:40:01 [INFO]   Records   : 10
2026-03-25 07:40:01 [INFO] ==================================================================
2026-03-25 07:40:01 [INFO]   Generator Completed Successfully
2026-03-25 07:40:01 [INFO] ==================================================================
