2026-03-27 05:15:01 [INFO] ==================================================================
2026-03-27 05:15:01 [INFO]   MOS Qatar Demo - Sports Data Generator
2026-03-27 05:15:01 [INFO] ==================================================================
2026-03-27 05:15:01 [INFO] Config file   : /home/cloudera/mos_qatar_demo_poc/config/mos_qatar_demo.ini
2026-03-27 05:15:01 [INFO] Landing dir   : /home/cloudera/mos_qatar_demo_poc/landing
2026-03-27 05:15:01 [INFO] Output file   : mos_sports_events_20260327_051501.txt
2026-03-27 05:15:01 [INFO] Records count : 8
2026-03-27 05:15:01 [INFO] ------------------------------------------------------------------
2026-03-27 05:15:01 [INFO]   Record 01: Event ID: EVT9276 | Event Name: Qatar Premier League Match Day 5 | Sport: Basketball | Ven...
2026-03-27 05:15:01 [INFO]   Record 02: Event ID: EVT5983 | Event Name: Qatar Cup Semi Final | Sport: Football | Venue: Al Janoub ...
2026-03-27 05:15:01 [INFO]   Record 03: Event ID: EVT5408 | Event Name: GCC Club Championship Semi Final | Sport: Handball | Venue...
2026-03-27 05:15:01 [INFO]   Record 04: Event ID: EVT9467 | Event Name: GCC Club Championship Quarter Final | Sport: Athletics | V...
2026-03-27 05:15:01 [INFO]   Record 05: Event ID: EVT1172 | Event Name: Qatar Under-20 Development League | Sport: Football | Venu...
2026-03-27 05:15:01 [INFO]   Record 06: Event ID: EVT1419 | Event Name: Qatar Under-20 Development League | Sport: Football | Venu...
2026-03-27 05:15:01 [INFO]   Record 07: Event ID: EVT2716 | Event Name: Qatar Cup Final | Sport: Basketball | Venue: Al Thumama St...
2026-03-27 05:15:01 [INFO]   Record 08: Event ID: EVT5621 | Event Name: Ministry Invitational Friendly Tournament | Sport: Basketb...
2026-03-27 05:15:01 [INFO] ------------------------------------------------------------------
2026-03-27 05:15:01 [INFO] File written successfully.
2026-03-27 05:15:01 [INFO]   Full path : /home/cloudera/mos_qatar_demo_poc/landing/mos_sports_events_20260327_051501.txt
2026-03-27 05:15:01 [INFO]   Size      : 2078 bytes
2026-03-27 05:15:01 [INFO]   Records   : 8
2026-03-27 05:15:01 [INFO] ==================================================================
2026-03-27 05:15:01 [INFO]   Generator Completed Successfully
2026-03-27 05:15:01 [INFO] ==================================================================
