2026-03-27 23:21:01 [INFO] ==================================================================
2026-03-27 23:21:01 [INFO]   MOS Qatar Demo - Sports Data Generator
2026-03-27 23:21:01 [INFO] ==================================================================
2026-03-27 23:21:01 [INFO] Config file   : /home/cloudera/mos_qatar_demo_poc/config/mos_qatar_demo.ini
2026-03-27 23:21:01 [INFO] Landing dir   : /home/cloudera/mos_qatar_demo_poc/landing
2026-03-27 23:21:01 [INFO] Output file   : mos_sports_events_20260327_232101.txt
2026-03-27 23:21:01 [INFO] Records count : 9
2026-03-27 23:21:01 [INFO] ------------------------------------------------------------------
2026-03-27 23:21:01 [INFO]   Record 01: Event ID: EVT5199 | Event Name: Qatar Cup Final | Sport: Football | Venue: Qatar Sports Cl...
2026-03-27 23:21:01 [INFO]   Record 02: Event ID: EVT6027 | Event Name: Qatar Cup Semi Final | Sport: Swimming | Venue: Education ...
2026-03-27 23:21:01 [INFO]   Record 03: Event ID: EVT4294 | Event Name: Asian Qualifiers Warm-up Match | Sport: Athletics | Venue:...
2026-03-27 23:21:01 [INFO]   Record 04: Event ID: EVT9811 | Event Name: Gulf Youth Cup Round 1 | Sport: Football | Venue: Al Wakra...
2026-03-27 23:21:01 [INFO]   Record 05: Event ID: EVT3899 | Event Name: National Day Football Celebration | Sport: Football | Venu...
2026-03-27 23:21:01 [INFO]   Record 06: Event ID: EVT9963 | Event Name: Qatar Cup Semi Final | Sport: Football | Venue: Ahmad Bin ...
2026-03-27 23:21:01 [INFO]   Record 07: Event ID: EVT2055 | Event Name: MOS Annual Charity Football Gala | Sport: Football | Venue...
2026-03-27 23:21:01 [INFO]   Record 08: Event ID: EVT7480 | Event Name: Qatar Premier League Match Day 12 | Sport: Handball | Venu...
2026-03-27 23:21:01 [INFO]   Record 09: Event ID: EVT8308 | Event Name: Qatar Premier League Match Day 8 | Sport: Football | Venue...
2026-03-27 23:21:01 [INFO] ------------------------------------------------------------------
2026-03-27 23:21:01 [INFO] File written successfully.
2026-03-27 23:21:01 [INFO]   Full path : /home/cloudera/mos_qatar_demo_poc/landing/mos_sports_events_20260327_232101.txt
2026-03-27 23:21:01 [INFO]   Size      : 2338 bytes
2026-03-27 23:21:01 [INFO]   Records   : 9
2026-03-27 23:21:01 [INFO] ==================================================================
2026-03-27 23:21:01 [INFO]   Generator Completed Successfully
2026-03-27 23:21:01 [INFO] ==================================================================
