2026-03-25 04:35:02 [INFO] ==================================================================
2026-03-25 04:35:02 [INFO]   MOS Qatar Demo - Sports Data Generator
2026-03-25 04:35:02 [INFO] ==================================================================
2026-03-25 04:35:02 [INFO] Config file   : /home/cloudera/mos_qatar_demo_poc/config/mos_qatar_demo.ini
2026-03-25 04:35:02 [INFO] Landing dir   : /home/cloudera/mos_qatar_demo_poc/landing
2026-03-25 04:35:02 [INFO] Output file   : mos_sports_events_20260325_043502.txt
2026-03-25 04:35:02 [INFO] Records count : 10
2026-03-25 04:35:02 [INFO] ------------------------------------------------------------------
2026-03-25 04:35:02 [INFO]   Record 01: Event ID: EVT1278 | Event Name: Qatar Schools Football League | Sport: Handball | Venue: A...
2026-03-25 04:35:02 [INFO]   Record 02: Event ID: EVT2171 | Event Name: Gulf Youth Cup Round 1 | Sport: Swimming | Venue: Qatar Sp...
2026-03-25 04:35:02 [INFO]   Record 03: Event ID: EVT5954 | Event Name: Arab Nations Championship Semi Final | Sport: Football | V...
2026-03-25 04:35:02 [INFO]   Record 04: Event ID: EVT7440 | Event Name: GCC Club Championship Semi Final | Sport: Football | Venue...
2026-03-25 04:35:02 [INFO]   Record 05: Event ID: EVT3481 | Event Name: Qatar Olympic Training Camp Evaluation | Sport: Handball |...
2026-03-25 04:35:02 [INFO]   Record 06: Event ID: EVT2485 | Event Name: Qatar Cup Final | Sport: Basketball | Venue: Aspire Zone A...
2026-03-25 04:35:02 [INFO]   Record 07: Event ID: EVT2083 | Event Name: FIFA World Cup Qatar Legacy Match | Sport: Football | Venu...
2026-03-25 04:35:02 [INFO]   Record 08: Event ID: EVT8136 | Event Name: Qatar Schools Football League | Sport: Football | Venue: A...
2026-03-25 04:35:02 [INFO]   Record 09: Event ID: EVT1990 | Event Name: Qatar Schools Football League | Sport: Swimming | Venue: A...
2026-03-25 04:35:02 [INFO]   Record 10: Event ID: EVT5385 | Event Name: GCC Club Championship Final | Sport: Football | Venue: Al ...
2026-03-25 04:35:02 [INFO] ------------------------------------------------------------------
2026-03-25 04:35:02 [INFO] File written successfully.
2026-03-25 04:35:02 [INFO]   Full path : /home/cloudera/mos_qatar_demo_poc/landing/mos_sports_events_20260325_043502.txt
2026-03-25 04:35:02 [INFO]   Size      : 2566 bytes
2026-03-25 04:35:02 [INFO]   Records   : 10
2026-03-25 04:35:02 [INFO] ==================================================================
2026-03-25 04:35:02 [INFO]   Generator Completed Successfully
2026-03-25 04:35:02 [INFO] ==================================================================
