2026-03-25 06:53:01 [INFO] ==================================================================
2026-03-25 06:53:01 [INFO]   MOS Qatar Demo - Sports Data Generator
2026-03-25 06:53:01 [INFO] ==================================================================
2026-03-25 06:53:01 [INFO] Config file   : /home/cloudera/mos_qatar_demo_poc/config/mos_qatar_demo.ini
2026-03-25 06:53:01 [INFO] Landing dir   : /home/cloudera/mos_qatar_demo_poc/landing
2026-03-25 06:53:01 [INFO] Output file   : mos_sports_events_20260325_065301.txt
2026-03-25 06:53:01 [INFO] Records count : 8
2026-03-25 06:53:01 [INFO] ------------------------------------------------------------------
2026-03-25 06:53:01 [INFO]   Record 01: Event ID: EVT1037 | Event Name: Arab Nations Championship Group Stage | Sport: Basketball ...
2026-03-25 06:53:01 [INFO]   Record 02: Event ID: EVT6162 | Event Name: Qatar Cup Semi Final | Sport: Football | Venue: Qatar Spor...
2026-03-25 06:53:01 [INFO]   Record 03: Event ID: EVT7871 | Event Name: GCC Club Championship Quarter Final | Sport: Football | Ve...
2026-03-25 06:53:01 [INFO]   Record 04: Event ID: EVT9785 | Event Name: Qatar Premier League Match Day 5 | Sport: Swimming | Venue...
2026-03-25 06:53:01 [INFO]   Record 05: Event ID: EVT5195 | Event Name: Doha Sports Festival Opening Match | Sport: Swimming | Ven...
2026-03-25 06:53:01 [INFO]   Record 06: Event ID: EVT2201 | Event Name: National Day Football Celebration | Sport: Volleyball | Ve...
2026-03-25 06:53:01 [INFO]   Record 07: Event ID: EVT9059 | Event Name: Gulf Youth Cup Semi Final | Sport: Volleyball | Venue: Kha...
2026-03-25 06:53:01 [INFO]   Record 08: Event ID: EVT9103 | Event Name: GCC Club Championship Semi Final | Sport: Handball | Venue...
2026-03-25 06:53:01 [INFO] ------------------------------------------------------------------
2026-03-25 06:53:01 [INFO] File written successfully.
2026-03-25 06:53:01 [INFO]   Full path : /home/cloudera/mos_qatar_demo_poc/landing/mos_sports_events_20260325_065301.txt
2026-03-25 06:53:01 [INFO]   Size      : 2115 bytes
2026-03-25 06:53:01 [INFO]   Records   : 8
2026-03-25 06:53:01 [INFO] ==================================================================
2026-03-25 06:53:01 [INFO]   Generator Completed Successfully
2026-03-25 06:53:01 [INFO] ==================================================================
