2026-03-27 07:30:02 [INFO] ==================================================================
2026-03-27 07:30:02 [INFO]   MOS Qatar Demo - Sports Data Generator
2026-03-27 07:30:02 [INFO] ==================================================================
2026-03-27 07:30:02 [INFO] Config file   : /home/cloudera/mos_qatar_demo_poc/config/mos_qatar_demo.ini
2026-03-27 07:30:02 [INFO] Landing dir   : /home/cloudera/mos_qatar_demo_poc/landing
2026-03-27 07:30:02 [INFO] Output file   : mos_sports_events_20260327_073002.txt
2026-03-27 07:30:02 [INFO] Records count : 4
2026-03-27 07:30:02 [INFO] ------------------------------------------------------------------
2026-03-27 07:30:02 [INFO]   Record 01: Event ID: EVT6204 | Event Name: Qatar Premier League Match Day 8 | Sport: Football | Venue...
2026-03-27 07:30:02 [INFO]   Record 02: Event ID: EVT9957 | Event Name: Arab Nations Championship Group Stage | Sport: Basketball ...
2026-03-27 07:30:02 [INFO]   Record 03: Event ID: EVT7233 | Event Name: Doha Sports Festival Opening Match | Sport: Football | Ven...
2026-03-27 07:30:02 [INFO]   Record 04: Event ID: EVT7829 | Event Name: Qatar Premier League Match Day 5 | Sport: Basketball | Ven...
2026-03-27 07:30:02 [INFO] ------------------------------------------------------------------
2026-03-27 07:30:02 [INFO] File written successfully.
2026-03-27 07:30:02 [INFO]   Full path : /home/cloudera/mos_qatar_demo_poc/landing/mos_sports_events_20260327_073002.txt
2026-03-27 07:30:02 [INFO]   Size      : 1058 bytes
2026-03-27 07:30:02 [INFO]   Records   : 4
2026-03-27 07:30:02 [INFO] ==================================================================
2026-03-27 07:30:02 [INFO]   Generator Completed Successfully
2026-03-27 07:30:02 [INFO] ==================================================================
