2026-03-27 19:28:01 [INFO] ==================================================================
2026-03-27 19:28:01 [INFO]   MOS Qatar Demo - Sports Data Generator
2026-03-27 19:28:01 [INFO] ==================================================================
2026-03-27 19:28:01 [INFO] Config file   : /home/cloudera/mos_qatar_demo_poc/config/mos_qatar_demo.ini
2026-03-27 19:28:01 [INFO] Landing dir   : /home/cloudera/mos_qatar_demo_poc/landing
2026-03-27 19:28:01 [INFO] Output file   : mos_sports_events_20260327_192801.txt
2026-03-27 19:28:01 [INFO] Records count : 6
2026-03-27 19:28:01 [INFO] ------------------------------------------------------------------
2026-03-27 19:28:01 [INFO]   Record 01: Event ID: EVT5779 | Event Name: GCC Club Championship Quarter Final | Sport: Handball | Ve...
2026-03-27 19:28:01 [INFO]   Record 02: Event ID: EVT6101 | Event Name: Qatar Cup Semi Final | Sport: Swimming | Venue: Al Janoub ...
2026-03-27 19:28:01 [INFO]   Record 03: Event ID: EVT7884 | Event Name: Arab Nations Championship Semi Final | Sport: Athletics | ...
2026-03-27 19:28:01 [INFO]   Record 04: Event ID: EVT3456 | Event Name: FIFA World Cup Qatar Legacy Match | Sport: Handball | Venu...
2026-03-27 19:28:01 [INFO]   Record 05: Event ID: EVT2508 | Event Name: Gulf Youth Cup Quarter Final | Sport: Football | Venue: Ah...
2026-03-27 19:28:01 [INFO]   Record 06: Event ID: EVT7863 | Event Name: Qatar Schools Football League | Sport: Football | Venue: A...
2026-03-27 19:28:01 [INFO] ------------------------------------------------------------------
2026-03-27 19:28:01 [INFO] File written successfully.
2026-03-27 19:28:01 [INFO]   Full path : /home/cloudera/mos_qatar_demo_poc/landing/mos_sports_events_20260327_192801.txt
2026-03-27 19:28:01 [INFO]   Size      : 1550 bytes
2026-03-27 19:28:01 [INFO]   Records   : 6
2026-03-27 19:28:01 [INFO] ==================================================================
2026-03-27 19:28:01 [INFO]   Generator Completed Successfully
2026-03-27 19:28:01 [INFO] ==================================================================
