2026-03-25 05:27:01 [INFO] ==================================================================
2026-03-25 05:27:01 [INFO]   MOS Qatar Demo - Sports Data Generator
2026-03-25 05:27:01 [INFO] ==================================================================
2026-03-25 05:27:01 [INFO] Config file   : /home/cloudera/mos_qatar_demo_poc/config/mos_qatar_demo.ini
2026-03-25 05:27:01 [INFO] Landing dir   : /home/cloudera/mos_qatar_demo_poc/landing
2026-03-25 05:27:01 [INFO] Output file   : mos_sports_events_20260325_052701.txt
2026-03-25 05:27:01 [INFO] Records count : 7
2026-03-25 05:27:01 [INFO] ------------------------------------------------------------------
2026-03-25 05:27:01 [INFO]   Record 01: Event ID: EVT3126 | Event Name: Qatar Cup Final | Sport: Volleyball | Venue: Al Wakrah Spo...
2026-03-25 05:27:01 [INFO]   Record 02: Event ID: EVT7819 | Event Name: Gulf Cup Qualifier Round 1 | Sport: Volleyball | Venue: Al...
2026-03-25 05:27:01 [INFO]   Record 03: Event ID: EVT4755 | Event Name: Gulf Youth Cup Quarter Final | Sport: Football | Venue: Al...
2026-03-25 05:27:01 [INFO]   Record 04: Event ID: EVT7485 | Event Name: FIFA World Cup Qatar Legacy Match | Sport: Football | Venu...
2026-03-25 05:27:01 [INFO]   Record 05: Event ID: EVT6033 | Event Name: Gulf Youth Cup Round 1 | Sport: Handball | Venue: Khalifa ...
2026-03-25 05:27:01 [INFO]   Record 06: Event ID: EVT1476 | Event Name: Qatar Cup Final | Sport: Football | Venue: Qatar Sports Cl...
2026-03-25 05:27:01 [INFO]   Record 07: Event ID: EVT5152 | Event Name: Gulf Youth Cup Round 2 | Sport: Football | Venue: Lusail S...
2026-03-25 05:27:01 [INFO] ------------------------------------------------------------------
2026-03-25 05:27:01 [INFO] File written successfully.
2026-03-25 05:27:01 [INFO]   Full path : /home/cloudera/mos_qatar_demo_poc/landing/mos_sports_events_20260325_052701.txt
2026-03-25 05:27:01 [INFO]   Size      : 1773 bytes
2026-03-25 05:27:01 [INFO]   Records   : 7
2026-03-25 05:27:01 [INFO] ==================================================================
2026-03-25 05:27:01 [INFO]   Generator Completed Successfully
2026-03-25 05:27:01 [INFO] ==================================================================
