2026-03-26 22:21:01 [INFO] ==================================================================
2026-03-26 22:21:01 [INFO]   MOS Qatar Demo - Sports Data Generator
2026-03-26 22:21:01 [INFO] ==================================================================
2026-03-26 22:21:01 [INFO] Config file   : /home/cloudera/mos_qatar_demo_poc/config/mos_qatar_demo.ini
2026-03-26 22:21:01 [INFO] Landing dir   : /home/cloudera/mos_qatar_demo_poc/landing
2026-03-26 22:21:01 [INFO] Output file   : mos_sports_events_20260326_222101.txt
2026-03-26 22:21:01 [INFO] Records count : 7
2026-03-26 22:21:01 [INFO] ------------------------------------------------------------------
2026-03-26 22:21:01 [INFO]   Record 01: Event ID: EVT6446 | Event Name: Gulf Youth Cup Final | Sport: Basketball | Venue: Khalifa ...
2026-03-26 22:21:01 [INFO]   Record 02: Event ID: EVT3284 | Event Name: Qatar Cup Semi Final | Sport: Football | Venue: Ahmad Bin ...
2026-03-26 22:21:01 [INFO]   Record 03: Event ID: EVT2352 | Event Name: Arab Nations Championship Semi Final | Sport: Handball | V...
2026-03-26 22:21:01 [INFO]   Record 04: Event ID: EVT8872 | Event Name: MOS Annual Charity Football Gala | Sport: Swimming | Venue...
2026-03-26 22:21:01 [INFO]   Record 05: Event ID: EVT1213 | Event Name: Qatar Olympic Training Camp Evaluation | Sport: Football |...
2026-03-26 22:21:01 [INFO]   Record 06: Event ID: EVT7867 | Event Name: Qatar Under-20 Development League | Sport: Basketball | Ve...
2026-03-26 22:21:01 [INFO]   Record 07: Event ID: EVT3536 | Event Name: Qatar Cup Final | Sport: Volleyball | Venue: Al Wakrah Spo...
2026-03-26 22:21:01 [INFO] ------------------------------------------------------------------
2026-03-26 22:21:01 [INFO] File written successfully.
2026-03-26 22:21:01 [INFO]   Full path : /home/cloudera/mos_qatar_demo_poc/landing/mos_sports_events_20260326_222101.txt
2026-03-26 22:21:01 [INFO]   Size      : 1816 bytes
2026-03-26 22:21:01 [INFO]   Records   : 7
2026-03-26 22:21:01 [INFO] ==================================================================
2026-03-26 22:21:01 [INFO]   Generator Completed Successfully
2026-03-26 22:21:01 [INFO] ==================================================================
