2026-03-27 01:13:02 [INFO] ==================================================================
2026-03-27 01:13:02 [INFO]   MOS Qatar Demo - Sports Data Generator
2026-03-27 01:13:02 [INFO] ==================================================================
2026-03-27 01:13:02 [INFO] Config file   : /home/cloudera/mos_qatar_demo_poc/config/mos_qatar_demo.ini
2026-03-27 01:13:02 [INFO] Landing dir   : /home/cloudera/mos_qatar_demo_poc/landing
2026-03-27 01:13:02 [INFO] Output file   : mos_sports_events_20260327_011302.txt
2026-03-27 01:13:02 [INFO] Records count : 5
2026-03-27 01:13:02 [INFO] ------------------------------------------------------------------
2026-03-27 01:13:02 [INFO]   Record 01: Event ID: EVT8491 | Event Name: Qatar Schools Football League | Sport: Football | Venue: A...
2026-03-27 01:13:02 [INFO]   Record 02: Event ID: EVT9413 | Event Name: Qatar Premier League Match Day 5 | Sport: Swimming | Venue...
2026-03-27 01:13:02 [INFO]   Record 03: Event ID: EVT5398 | Event Name: Qatar Premier League Match Day 12 | Sport: Football | Venu...
2026-03-27 01:13:02 [INFO]   Record 04: Event ID: EVT9852 | Event Name: Gulf Cup Qualifier Round 1 | Sport: Swimming | Venue: Aspi...
2026-03-27 01:13:02 [INFO]   Record 05: Event ID: EVT5085 | Event Name: Qatar Olympic Training Camp Evaluation | Sport: Football |...
2026-03-27 01:13:02 [INFO] ------------------------------------------------------------------
2026-03-27 01:13:02 [INFO] File written successfully.
2026-03-27 01:13:02 [INFO]   Full path : /home/cloudera/mos_qatar_demo_poc/landing/mos_sports_events_20260327_011302.txt
2026-03-27 01:13:02 [INFO]   Size      : 1262 bytes
2026-03-27 01:13:02 [INFO]   Records   : 5
2026-03-27 01:13:02 [INFO] ==================================================================
2026-03-27 01:13:02 [INFO]   Generator Completed Successfully
2026-03-27 01:13:02 [INFO] ==================================================================
