2026-03-26 01:08:01 [INFO] ==================================================================
2026-03-26 01:08:01 [INFO]   MOS Qatar Demo - Sports Data Generator
2026-03-26 01:08:01 [INFO] ==================================================================
2026-03-26 01:08:01 [INFO] Config file   : /home/cloudera/mos_qatar_demo_poc/config/mos_qatar_demo.ini
2026-03-26 01:08:01 [INFO] Landing dir   : /home/cloudera/mos_qatar_demo_poc/landing
2026-03-26 01:08:01 [INFO] Output file   : mos_sports_events_20260326_010801.txt
2026-03-26 01:08:01 [INFO] Records count : 6
2026-03-26 01:08:01 [INFO] ------------------------------------------------------------------
2026-03-26 01:08:01 [INFO]   Record 01: Event ID: EVT8110 | Event Name: GCC Club Championship Semi Final | Sport: Football | Venue...
2026-03-26 01:08:01 [INFO]   Record 02: Event ID: EVT1167 | Event Name: Qatar Under-20 Development League | Sport: Volleyball | Ve...
2026-03-26 01:08:01 [INFO]   Record 03: Event ID: EVT7593 | Event Name: Qatar Olympic Training Camp Evaluation | Sport: Volleyball...
2026-03-26 01:08:01 [INFO]   Record 04: Event ID: EVT4954 | Event Name: Gulf Youth Cup Semi Final | Sport: Handball | Venue: Aspir...
2026-03-26 01:08:01 [INFO]   Record 05: Event ID: EVT3333 | Event Name: National Day Football Celebration | Sport: Athletics | Ven...
2026-03-26 01:08:01 [INFO]   Record 06: Event ID: EVT4295 | Event Name: Qatar Under-20 Development League | Sport: Football | Venu...
2026-03-26 01:08:01 [INFO] ------------------------------------------------------------------
2026-03-26 01:08:01 [INFO] File written successfully.
2026-03-26 01:08:01 [INFO]   Full path : /home/cloudera/mos_qatar_demo_poc/landing/mos_sports_events_20260326_010801.txt
2026-03-26 01:08:01 [INFO]   Size      : 1552 bytes
2026-03-26 01:08:01 [INFO]   Records   : 6
2026-03-26 01:08:01 [INFO] ==================================================================
2026-03-26 01:08:01 [INFO]   Generator Completed Successfully
2026-03-26 01:08:01 [INFO] ==================================================================
