2026-03-27 20:54:02 [INFO] ==================================================================
2026-03-27 20:54:02 [INFO]   MOS Qatar Demo - Sports Data Generator
2026-03-27 20:54:02 [INFO] ==================================================================
2026-03-27 20:54:02 [INFO] Config file   : /home/cloudera/mos_qatar_demo_poc/config/mos_qatar_demo.ini
2026-03-27 20:54:02 [INFO] Landing dir   : /home/cloudera/mos_qatar_demo_poc/landing
2026-03-27 20:54:02 [INFO] Output file   : mos_sports_events_20260327_205402.txt
2026-03-27 20:54:02 [INFO] Records count : 9
2026-03-27 20:54:02 [INFO] ------------------------------------------------------------------
2026-03-27 20:54:02 [INFO]   Record 01: Event ID: EVT7526 | Event Name: Gulf Youth Cup Semi Final | Sport: Football | Venue: Khali...
2026-03-27 20:54:02 [INFO]   Record 02: Event ID: EVT2533 | Event Name: Gulf Youth Cup Round 2 | Sport: Basketball | Venue: Educat...
2026-03-27 20:54:02 [INFO]   Record 03: Event ID: EVT9016 | Event Name: Qatar Schools Football League | Sport: Athletics | Venue: ...
2026-03-27 20:54:02 [INFO]   Record 04: Event ID: EVT9619 | Event Name: Gulf Youth Cup Semi Final | Sport: Football | Venue: Khali...
2026-03-27 20:54:02 [INFO]   Record 05: Event ID: EVT8535 | Event Name: Qatar Premier League Match Day 5 | Sport: Football | Venue...
2026-03-27 20:54:02 [INFO]   Record 06: Event ID: EVT8411 | Event Name: Qatar Olympic Training Camp Evaluation | Sport: Football |...
2026-03-27 20:54:02 [INFO]   Record 07: Event ID: EVT4089 | Event Name: Gulf Youth Cup Semi Final | Sport: Basketball | Venue: Qat...
2026-03-27 20:54:02 [INFO]   Record 08: Event ID: EVT6471 | Event Name: Arab Nations Championship Group Stage | Sport: Football | ...
2026-03-27 20:54:02 [INFO]   Record 09: Event ID: EVT9498 | Event Name: Qatar Under-20 Development League | Sport: Football | Venu...
2026-03-27 20:54:02 [INFO] ------------------------------------------------------------------
2026-03-27 20:54:02 [INFO] File written successfully.
2026-03-27 20:54:02 [INFO]   Full path : /home/cloudera/mos_qatar_demo_poc/landing/mos_sports_events_20260327_205402.txt
2026-03-27 20:54:02 [INFO]   Size      : 2346 bytes
2026-03-27 20:54:02 [INFO]   Records   : 9
2026-03-27 20:54:02 [INFO] ==================================================================
2026-03-27 20:54:02 [INFO]   Generator Completed Successfully
2026-03-27 20:54:02 [INFO] ==================================================================
