2026-03-27 20:40:01 [INFO] ==================================================================
2026-03-27 20:40:01 [INFO]   MOS Qatar Demo - Sports Data Generator
2026-03-27 20:40:01 [INFO] ==================================================================
2026-03-27 20:40:01 [INFO] Config file   : /home/cloudera/mos_qatar_demo_poc/config/mos_qatar_demo.ini
2026-03-27 20:40:01 [INFO] Landing dir   : /home/cloudera/mos_qatar_demo_poc/landing
2026-03-27 20:40:01 [INFO] Output file   : mos_sports_events_20260327_204001.txt
2026-03-27 20:40:01 [INFO] Records count : 8
2026-03-27 20:40:01 [INFO] ------------------------------------------------------------------
2026-03-27 20:40:01 [INFO]   Record 01: Event ID: EVT8714 | Event Name: GCC Club Championship Quarter Final | Sport: Swimming | Ve...
2026-03-27 20:40:01 [INFO]   Record 02: Event ID: EVT5161 | Event Name: Gulf Youth Cup Round 1 | Sport: Handball | Venue: Qatar Sp...
2026-03-27 20:40:01 [INFO]   Record 03: Event ID: EVT8230 | Event Name: Gulf Youth Cup Semi Final | Sport: Athletics | Venue: Lusa...
2026-03-27 20:40:01 [INFO]   Record 04: Event ID: EVT3309 | Event Name: Gulf Youth Cup Semi Final | Sport: Basketball | Venue: Lus...
2026-03-27 20:40:01 [INFO]   Record 05: Event ID: EVT5597 | Event Name: Qatar Schools Football League | Sport: Football | Venue: A...
2026-03-27 20:40:01 [INFO]   Record 06: Event ID: EVT9640 | Event Name: GCC Club Championship Quarter Final | Sport: Football | Ve...
2026-03-27 20:40:01 [INFO]   Record 07: Event ID: EVT2671 | Event Name: Qatar Cup Semi Final | Sport: Football | Venue: Al Thumama...
2026-03-27 20:40:01 [INFO]   Record 08: Event ID: EVT1359 | Event Name: Asian Qualifiers Warm-up Match | Sport: Swimming | Venue: ...
2026-03-27 20:40:01 [INFO] ------------------------------------------------------------------
2026-03-27 20:40:01 [INFO] File written successfully.
2026-03-27 20:40:01 [INFO]   Full path : /home/cloudera/mos_qatar_demo_poc/landing/mos_sports_events_20260327_204001.txt
2026-03-27 20:40:01 [INFO]   Size      : 2057 bytes
2026-03-27 20:40:01 [INFO]   Records   : 8
2026-03-27 20:40:01 [INFO] ==================================================================
2026-03-27 20:40:01 [INFO]   Generator Completed Successfully
2026-03-27 20:40:01 [INFO] ==================================================================
