2026-03-26 12:38:02 [INFO] ==================================================================
2026-03-26 12:38:02 [INFO]   MOS Qatar Demo - Sports Data Generator
2026-03-26 12:38:02 [INFO] ==================================================================
2026-03-26 12:38:02 [INFO] Config file   : /home/cloudera/mos_qatar_demo_poc/config/mos_qatar_demo.ini
2026-03-26 12:38:02 [INFO] Landing dir   : /home/cloudera/mos_qatar_demo_poc/landing
2026-03-26 12:38:02 [INFO] Output file   : mos_sports_events_20260326_123802.txt
2026-03-26 12:38:02 [INFO] Records count : 8
2026-03-26 12:38:02 [INFO] ------------------------------------------------------------------
2026-03-26 12:38:02 [INFO]   Record 01: Event ID: EVT2898 | Event Name: Gulf Cup Qualifier Round 1 | Sport: Football | Venue: Lusa...
2026-03-26 12:38:02 [INFO]   Record 02: Event ID: EVT1102 | Event Name: Ramadan Football Festival | Sport: Basketball | Venue: Al ...
2026-03-26 12:38:02 [INFO]   Record 03: Event ID: EVT7547 | Event Name: Qatar Schools Football League | Sport: Football | Venue: A...
2026-03-26 12:38:02 [INFO]   Record 04: Event ID: EVT4674 | Event Name: Qatar Schools Football League | Sport: Swimming | Venue: A...
2026-03-26 12:38:02 [INFO]   Record 05: Event ID: EVT9564 | Event Name: Gulf Cup Qualifier Round 1 | Sport: Football | Venue: Ahma...
2026-03-26 12:38:02 [INFO]   Record 06: Event ID: EVT1678 | Event Name: Ministry Youth Sports Day | Sport: Basketball | Venue: Al ...
2026-03-26 12:38:02 [INFO]   Record 07: Event ID: EVT3279 | Event Name: Gulf Youth Cup Quarter Final | Sport: Handball | Venue: Ed...
2026-03-26 12:38:02 [INFO]   Record 08: Event ID: EVT1706 | Event Name: GCC Club Championship Final | Sport: Athletics | Venue: Al...
2026-03-26 12:38:02 [INFO] ------------------------------------------------------------------
2026-03-26 12:38:02 [INFO] File written successfully.
2026-03-26 12:38:02 [INFO]   Full path : /home/cloudera/mos_qatar_demo_poc/landing/mos_sports_events_20260326_123802.txt
2026-03-26 12:38:02 [INFO]   Size      : 2020 bytes
2026-03-26 12:38:02 [INFO]   Records   : 8
2026-03-26 12:38:02 [INFO] ==================================================================
2026-03-26 12:38:02 [INFO]   Generator Completed Successfully
2026-03-26 12:38:02 [INFO] ==================================================================
