2026-03-27 09:13:01 [INFO] ==================================================================
2026-03-27 09:13:01 [INFO]   MOS Qatar Demo - Sports Data Generator
2026-03-27 09:13:01 [INFO] ==================================================================
2026-03-27 09:13:01 [INFO] Config file   : /home/cloudera/mos_qatar_demo_poc/config/mos_qatar_demo.ini
2026-03-27 09:13:01 [INFO] Landing dir   : /home/cloudera/mos_qatar_demo_poc/landing
2026-03-27 09:13:01 [INFO] Output file   : mos_sports_events_20260327_091301.txt
2026-03-27 09:13:01 [INFO] Records count : 4
2026-03-27 09:13:01 [INFO] ------------------------------------------------------------------
2026-03-27 09:13:02 [INFO]   Record 01: Event ID: EVT3698 | Event Name: Qatar Premier League Match Day 5 | Sport: Basketball | Ven...
2026-03-27 09:13:02 [INFO]   Record 02: Event ID: EVT5105 | Event Name: Gulf Cup Qualifier Round 1 | Sport: Basketball | Venue: Ah...
2026-03-27 09:13:02 [INFO]   Record 03: Event ID: EVT4779 | Event Name: Arab Nations Championship Group Stage | Sport: Basketball ...
2026-03-27 09:13:02 [INFO]   Record 04: Event ID: EVT3650 | Event Name: Qatar Olympic Training Camp Evaluation | Sport: Football |...
2026-03-27 09:13:02 [INFO] ------------------------------------------------------------------
2026-03-27 09:13:02 [INFO] File written successfully.
2026-03-27 09:13:02 [INFO]   Full path : /home/cloudera/mos_qatar_demo_poc/landing/mos_sports_events_20260327_091301.txt
2026-03-27 09:13:02 [INFO]   Size      : 1046 bytes
2026-03-27 09:13:02 [INFO]   Records   : 4
2026-03-27 09:13:02 [INFO] ==================================================================
2026-03-27 09:13:02 [INFO]   Generator Completed Successfully
2026-03-27 09:13:02 [INFO] ==================================================================
