2026-03-27 19:54:01 [INFO] ==================================================================
2026-03-27 19:54:01 [INFO]   MOS Qatar Demo - Sports Data Generator
2026-03-27 19:54:01 [INFO] ==================================================================
2026-03-27 19:54:01 [INFO] Config file   : /home/cloudera/mos_qatar_demo_poc/config/mos_qatar_demo.ini
2026-03-27 19:54:01 [INFO] Landing dir   : /home/cloudera/mos_qatar_demo_poc/landing
2026-03-27 19:54:01 [INFO] Output file   : mos_sports_events_20260327_195401.txt
2026-03-27 19:54:01 [INFO] Records count : 4
2026-03-27 19:54:01 [INFO] ------------------------------------------------------------------
2026-03-27 19:54:01 [INFO]   Record 01: Event ID: EVT6582 | Event Name: Gulf Cup Qualifier Round 1 | Sport: Football | Venue: Al B...
2026-03-27 19:54:01 [INFO]   Record 02: Event ID: EVT1614 | Event Name: Qatar Premier League Match Day 5 | Sport: Football | Venue...
2026-03-27 19:54:01 [INFO]   Record 03: Event ID: EVT6708 | Event Name: MOS Annual Charity Football Gala | Sport: Athletics | Venu...
2026-03-27 19:54:01 [INFO]   Record 04: Event ID: EVT7479 | Event Name: Qatar Cup Final | Sport: Basketball | Venue: Education Cit...
2026-03-27 19:54:01 [INFO] ------------------------------------------------------------------
2026-03-27 19:54:01 [INFO] File written successfully.
2026-03-27 19:54:01 [INFO]   Full path : /home/cloudera/mos_qatar_demo_poc/landing/mos_sports_events_20260327_195401.txt
2026-03-27 19:54:01 [INFO]   Size      : 1032 bytes
2026-03-27 19:54:01 [INFO]   Records   : 4
2026-03-27 19:54:01 [INFO] ==================================================================
2026-03-27 19:54:01 [INFO]   Generator Completed Successfully
2026-03-27 19:54:01 [INFO] ==================================================================
