2026-03-25 08:04:01 [INFO] ==================================================================
2026-03-25 08:04:01 [INFO]   MOS Qatar Demo - Sports Data Generator
2026-03-25 08:04:01 [INFO] ==================================================================
2026-03-25 08:04:01 [INFO] Config file   : /home/cloudera/mos_qatar_demo_poc/config/mos_qatar_demo.ini
2026-03-25 08:04:01 [INFO] Landing dir   : /home/cloudera/mos_qatar_demo_poc/landing
2026-03-25 08:04:01 [INFO] Output file   : mos_sports_events_20260325_080401.txt
2026-03-25 08:04:01 [INFO] Records count : 5
2026-03-25 08:04:01 [INFO] ------------------------------------------------------------------
2026-03-25 08:04:01 [INFO]   Record 01: Event ID: EVT7127 | Event Name: Qatar Premier League Match Day 8 | Sport: Football | Venue...
2026-03-25 08:04:01 [INFO]   Record 02: Event ID: EVT1884 | Event Name: Arab Nations Championship Semi Final | Sport: Handball | V...
2026-03-25 08:04:01 [INFO]   Record 03: Event ID: EVT6237 | Event Name: FIFA World Cup Qatar Legacy Match | Sport: Football | Venu...
2026-03-25 08:04:01 [INFO]   Record 04: Event ID: EVT4104 | Event Name: Qatar Under-20 Development League | Sport: Football | Venu...
2026-03-25 08:04:01 [INFO]   Record 05: Event ID: EVT3953 | Event Name: Qatar Premier League Match Day 12 | Sport: Football | Venu...
2026-03-25 08:04:01 [INFO] ------------------------------------------------------------------
2026-03-25 08:04:01 [INFO] File written successfully.
2026-03-25 08:04:01 [INFO]   Full path : /home/cloudera/mos_qatar_demo_poc/landing/mos_sports_events_20260325_080401.txt
2026-03-25 08:04:01 [INFO]   Size      : 1318 bytes
2026-03-25 08:04:01 [INFO]   Records   : 5
2026-03-25 08:04:01 [INFO] ==================================================================
2026-03-25 08:04:01 [INFO]   Generator Completed Successfully
2026-03-25 08:04:01 [INFO] ==================================================================
