2026-03-25 10:34:02 [INFO] ==================================================================
2026-03-25 10:34:02 [INFO]   MOS Qatar Demo - Sports Data Generator
2026-03-25 10:34:02 [INFO] ==================================================================
2026-03-25 10:34:02 [INFO] Config file   : /home/cloudera/mos_qatar_demo_poc/config/mos_qatar_demo.ini
2026-03-25 10:34:02 [INFO] Landing dir   : /home/cloudera/mos_qatar_demo_poc/landing
2026-03-25 10:34:02 [INFO] Output file   : mos_sports_events_20260325_103402.txt
2026-03-25 10:34:02 [INFO] Records count : 7
2026-03-25 10:34:02 [INFO] ------------------------------------------------------------------
2026-03-25 10:34:02 [INFO]   Record 01: Event ID: EVT5662 | Event Name: Ministry Youth Sports Day | Sport: Football | Venue: Qatar...
2026-03-25 10:34:02 [INFO]   Record 02: Event ID: EVT6453 | Event Name: Gulf Youth Cup Round 1 | Sport: Athletics | Venue: Educati...
2026-03-25 10:34:02 [INFO]   Record 03: Event ID: EVT2770 | Event Name: Qatar Cup Final | Sport: Basketball | Venue: Ahmad Bin Ali...
2026-03-25 10:34:02 [INFO]   Record 04: Event ID: EVT2578 | Event Name: Qatar Premier League Match Day 12 | Sport: Football | Venu...
2026-03-25 10:34:02 [INFO]   Record 05: Event ID: EVT2361 | Event Name: Qatar Under-20 Development League | Sport: Football | Venu...
2026-03-25 10:34:02 [INFO]   Record 06: Event ID: EVT2964 | Event Name: Qatar Schools Football League | Sport: Athletics | Venue: ...
2026-03-25 10:34:02 [INFO]   Record 07: Event ID: EVT1918 | Event Name: GCC Club Championship Final | Sport: Football | Venue: Asp...
2026-03-25 10:34:02 [INFO] ------------------------------------------------------------------
2026-03-25 10:34:02 [INFO] File written successfully.
2026-03-25 10:34:02 [INFO]   Full path : /home/cloudera/mos_qatar_demo_poc/landing/mos_sports_events_20260325_103402.txt
2026-03-25 10:34:02 [INFO]   Size      : 1796 bytes
2026-03-25 10:34:02 [INFO]   Records   : 7
2026-03-25 10:34:02 [INFO] ==================================================================
2026-03-25 10:34:02 [INFO]   Generator Completed Successfully
2026-03-25 10:34:02 [INFO] ==================================================================
