2026-03-24 18:13:02 [INFO] ==================================================================
2026-03-24 18:13:02 [INFO]   MOS Qatar Demo - Sports Data Generator
2026-03-24 18:13:02 [INFO] ==================================================================
2026-03-24 18:13:02 [INFO] Config file   : /home/cloudera/mos_qatar_demo_poc/config/mos_qatar_demo.ini
2026-03-24 18:13:02 [INFO] Landing dir   : /home/cloudera/mos_qatar_demo_poc/landing
2026-03-24 18:13:02 [INFO] Output file   : mos_sports_events_20260324_181302.txt
2026-03-24 18:13:02 [INFO] Records count : 9
2026-03-24 18:13:02 [INFO] ------------------------------------------------------------------
2026-03-24 18:13:02 [INFO]   Record 01: Event ID: EVT5901 | Event Name: Qatar Cup Semi Final | Sport: Football | Venue: Education ...
2026-03-24 18:13:02 [INFO]   Record 02: Event ID: EVT6930 | Event Name: Gulf Cup Qualifier Round 1 | Sport: Handball | Venue: Al B...
2026-03-24 18:13:02 [INFO]   Record 03: Event ID: EVT5765 | Event Name: National Day Football Celebration | Sport: Football | Venu...
2026-03-24 18:13:02 [INFO]   Record 04: Event ID: EVT2373 | Event Name: GCC Club Championship Final | Sport: Swimming | Venue: Kha...
2026-03-24 18:13:02 [INFO]   Record 05: Event ID: EVT7267 | Event Name: Qatar Premier League Match Day 8 | Sport: Football | Venue...
2026-03-24 18:13:02 [INFO]   Record 06: Event ID: EVT5610 | Event Name: Ramadan Football Festival | Sport: Athletics | Venue: Ahma...
2026-03-24 18:13:02 [INFO]   Record 07: Event ID: EVT9798 | Event Name: National Team Preparation Match | Sport: Football | Venue:...
2026-03-24 18:13:02 [INFO]   Record 08: Event ID: EVT7919 | Event Name: Qatar Premier League Match Day 5 | Sport: Handball | Venue...
2026-03-24 18:13:02 [INFO]   Record 09: Event ID: EVT5448 | Event Name: Qatar Premier League Match Day 8 | Sport: Handball | Venue...
2026-03-24 18:13:02 [INFO] ------------------------------------------------------------------
2026-03-24 18:13:02 [INFO] File written successfully.
2026-03-24 18:13:02 [INFO]   Full path : /home/cloudera/mos_qatar_demo_poc/landing/mos_sports_events_20260324_181302.txt
2026-03-24 18:13:02 [INFO]   Size      : 2337 bytes
2026-03-24 18:13:02 [INFO]   Records   : 9
2026-03-24 18:13:02 [INFO] ==================================================================
2026-03-24 18:13:02 [INFO]   Generator Completed Successfully
2026-03-24 18:13:02 [INFO] ==================================================================
