2026-03-25 20:20:01 [INFO] ==================================================================
2026-03-25 20:20:01 [INFO]   MOS Qatar Demo - Sports Data Generator
2026-03-25 20:20:01 [INFO] ==================================================================
2026-03-25 20:20:01 [INFO] Config file   : /home/cloudera/mos_qatar_demo_poc/config/mos_qatar_demo.ini
2026-03-25 20:20:01 [INFO] Landing dir   : /home/cloudera/mos_qatar_demo_poc/landing
2026-03-25 20:20:01 [INFO] Output file   : mos_sports_events_20260325_202001.txt
2026-03-25 20:20:01 [INFO] Records count : 8
2026-03-25 20:20:01 [INFO] ------------------------------------------------------------------
2026-03-25 20:20:01 [INFO]   Record 01: Event ID: EVT6307 | Event Name: National Day Football Celebration | Sport: Football | Venu...
2026-03-25 20:20:01 [INFO]   Record 02: Event ID: EVT1802 | Event Name: Gulf Youth Cup Round 1 | Sport: Football | Venue: Lusail S...
2026-03-25 20:20:01 [INFO]   Record 03: Event ID: EVT7133 | Event Name: Gulf Youth Cup Final | Sport: Football | Venue: Education ...
2026-03-25 20:20:01 [INFO]   Record 04: Event ID: EVT2224 | Event Name: Gulf Cup Qualifier Round 1 | Sport: Volleyball | Venue: Al...
2026-03-25 20:20:01 [INFO]   Record 05: Event ID: EVT9569 | Event Name: MOS Annual Charity Football Gala | Sport: Football | Venue...
2026-03-25 20:20:01 [INFO]   Record 06: Event ID: EVT2269 | Event Name: Gulf Cup Qualifier Round 1 | Sport: Football | Venue: Ahma...
2026-03-25 20:20:01 [INFO]   Record 07: Event ID: EVT1655 | Event Name: MOS Annual Charity Football Gala | Sport: Football | Venue...
2026-03-25 20:20:01 [INFO]   Record 08: Event ID: EVT9847 | Event Name: Gulf Youth Cup Final | Sport: Football | Venue: Aspire Zon...
2026-03-25 20:20:01 [INFO] ------------------------------------------------------------------
2026-03-25 20:20:01 [INFO] File written successfully.
2026-03-25 20:20:01 [INFO]   Full path : /home/cloudera/mos_qatar_demo_poc/landing/mos_sports_events_20260325_202001.txt
2026-03-25 20:20:01 [INFO]   Size      : 2032 bytes
2026-03-25 20:20:01 [INFO]   Records   : 8
2026-03-25 20:20:01 [INFO] ==================================================================
2026-03-25 20:20:01 [INFO]   Generator Completed Successfully
2026-03-25 20:20:01 [INFO] ==================================================================
