2026-03-27 23:23:02 [INFO] ==================================================================
2026-03-27 23:23:02 [INFO]   MOS Qatar Demo - Sports Data Generator
2026-03-27 23:23:02 [INFO] ==================================================================
2026-03-27 23:23:02 [INFO] Config file   : /home/cloudera/mos_qatar_demo_poc/config/mos_qatar_demo.ini
2026-03-27 23:23:02 [INFO] Landing dir   : /home/cloudera/mos_qatar_demo_poc/landing
2026-03-27 23:23:02 [INFO] Output file   : mos_sports_events_20260327_232302.txt
2026-03-27 23:23:02 [INFO] Records count : 8
2026-03-27 23:23:02 [INFO] ------------------------------------------------------------------
2026-03-27 23:23:02 [INFO]   Record 01: Event ID: EVT3413 | Event Name: Gulf Youth Cup Quarter Final | Sport: Basketball | Venue: ...
2026-03-27 23:23:02 [INFO]   Record 02: Event ID: EVT2733 | Event Name: Qatar Premier League Match Day 8 | Sport: Handball | Venue...
2026-03-27 23:23:02 [INFO]   Record 03: Event ID: EVT1335 | Event Name: Qatar Premier League Match Day 12 | Sport: Volleyball | Ve...
2026-03-27 23:23:02 [INFO]   Record 04: Event ID: EVT3999 | Event Name: Qatar Schools Football League | Sport: Football | Venue: A...
2026-03-27 23:23:02 [INFO]   Record 05: Event ID: EVT8942 | Event Name: FIFA World Cup Qatar Legacy Match | Sport: Basketball | Ve...
2026-03-27 23:23:02 [INFO]   Record 06: Event ID: EVT1765 | Event Name: Gulf Youth Cup Final | Sport: Basketball | Venue: Qatar Sp...
2026-03-27 23:23:02 [INFO]   Record 07: Event ID: EVT4886 | Event Name: Gulf Youth Cup Semi Final | Sport: Football | Venue: Al Ja...
2026-03-27 23:23:02 [INFO]   Record 08: Event ID: EVT9788 | Event Name: MOS Annual Charity Football Gala | Sport: Football | Venue...
2026-03-27 23:23:02 [INFO] ------------------------------------------------------------------
2026-03-27 23:23:02 [INFO] File written successfully.
2026-03-27 23:23:02 [INFO]   Full path : /home/cloudera/mos_qatar_demo_poc/landing/mos_sports_events_20260327_232302.txt
2026-03-27 23:23:02 [INFO]   Size      : 2100 bytes
2026-03-27 23:23:02 [INFO]   Records   : 8
2026-03-27 23:23:02 [INFO] ==================================================================
2026-03-27 23:23:02 [INFO]   Generator Completed Successfully
2026-03-27 23:23:02 [INFO] ==================================================================
