2026-03-25 00:52:01 [INFO] ==================================================================
2026-03-25 00:52:01 [INFO]   MOS Qatar Demo - Sports Data Generator
2026-03-25 00:52:01 [INFO] ==================================================================
2026-03-25 00:52:01 [INFO] Config file   : /home/cloudera/mos_qatar_demo_poc/config/mos_qatar_demo.ini
2026-03-25 00:52:01 [INFO] Landing dir   : /home/cloudera/mos_qatar_demo_poc/landing
2026-03-25 00:52:01 [INFO] Output file   : mos_sports_events_20260325_005201.txt
2026-03-25 00:52:01 [INFO] Records count : 7
2026-03-25 00:52:01 [INFO] ------------------------------------------------------------------
2026-03-25 00:52:01 [INFO]   Record 01: Event ID: EVT4897 | Event Name: FIFA World Cup Qatar Legacy Match | Sport: Football | Venu...
2026-03-25 00:52:01 [INFO]   Record 02: Event ID: EVT8291 | Event Name: Gulf Youth Cup Round 2 | Sport: Football | Venue: Al Wakra...
2026-03-25 00:52:01 [INFO]   Record 03: Event ID: EVT1275 | Event Name: Ramadan Football Festival | Sport: Handball | Venue: Aspir...
2026-03-25 00:52:01 [INFO]   Record 04: Event ID: EVT2213 | Event Name: Ministry Youth Sports Day | Sport: Handball | Venue: Educa...
2026-03-25 00:52:01 [INFO]   Record 05: Event ID: EVT3618 | Event Name: MOS Annual Charity Football Gala | Sport: Athletics | Venu...
2026-03-25 00:52:01 [INFO]   Record 06: Event ID: EVT6028 | Event Name: Ramadan Football Festival | Sport: Athletics | Venue: Al T...
2026-03-25 00:52:01 [INFO]   Record 07: Event ID: EVT1104 | Event Name: FIFA World Cup Qatar Legacy Match | Sport: Athletics | Ven...
2026-03-25 00:52:01 [INFO] ------------------------------------------------------------------
2026-03-25 00:52:01 [INFO] File written successfully.
2026-03-25 00:52:01 [INFO]   Full path : /home/cloudera/mos_qatar_demo_poc/landing/mos_sports_events_20260325_005201.txt
2026-03-25 00:52:01 [INFO]   Size      : 1796 bytes
2026-03-25 00:52:01 [INFO]   Records   : 7
2026-03-25 00:52:01 [INFO] ==================================================================
2026-03-25 00:52:01 [INFO]   Generator Completed Successfully
2026-03-25 00:52:01 [INFO] ==================================================================
