2026-03-25 22:40:02 [INFO] ==================================================================
2026-03-25 22:40:02 [INFO]   MOS Qatar Demo - Sports Data Generator
2026-03-25 22:40:02 [INFO] ==================================================================
2026-03-25 22:40:02 [INFO] Config file   : /home/cloudera/mos_qatar_demo_poc/config/mos_qatar_demo.ini
2026-03-25 22:40:02 [INFO] Landing dir   : /home/cloudera/mos_qatar_demo_poc/landing
2026-03-25 22:40:02 [INFO] Output file   : mos_sports_events_20260325_224002.txt
2026-03-25 22:40:02 [INFO] Records count : 8
2026-03-25 22:40:02 [INFO] ------------------------------------------------------------------
2026-03-25 22:40:02 [INFO]   Record 01: Event ID: EVT8638 | Event Name: Gulf Youth Cup Final | Sport: Basketball | Venue: Ahmad Bi...
2026-03-25 22:40:02 [INFO]   Record 02: Event ID: EVT7885 | Event Name: National Team Preparation Match | Sport: Swimming | Venue:...
2026-03-25 22:40:02 [INFO]   Record 03: Event ID: EVT1655 | Event Name: Arab Nations Championship Semi Final | Sport: Athletics | ...
2026-03-25 22:40:02 [INFO]   Record 04: Event ID: EVT7239 | Event Name: Gulf Youth Cup Round 1 | Sport: Basketball | Venue: Educat...
2026-03-25 22:40:02 [INFO]   Record 05: Event ID: EVT5958 | Event Name: Qatar Premier League Match Day 12 | Sport: Volleyball | Ve...
2026-03-25 22:40:02 [INFO]   Record 06: Event ID: EVT7307 | Event Name: Doha Sports Festival Opening Match | Sport: Swimming | Ven...
2026-03-25 22:40:02 [INFO]   Record 07: Event ID: EVT9407 | Event Name: Asian Qualifiers Warm-up Match | Sport: Swimming | Venue: ...
2026-03-25 22:40:02 [INFO]   Record 08: Event ID: EVT6569 | Event Name: Gulf Youth Cup Final | Sport: Football | Venue: Aspire Zon...
2026-03-25 22:40:02 [INFO] ------------------------------------------------------------------
2026-03-25 22:40:02 [INFO] File written successfully.
2026-03-25 22:40:02 [INFO]   Full path : /home/cloudera/mos_qatar_demo_poc/landing/mos_sports_events_20260325_224002.txt
2026-03-25 22:40:02 [INFO]   Size      : 2100 bytes
2026-03-25 22:40:02 [INFO]   Records   : 8
2026-03-25 22:40:02 [INFO] ==================================================================
2026-03-25 22:40:02 [INFO]   Generator Completed Successfully
2026-03-25 22:40:02 [INFO] ==================================================================
