2026-03-25 12:01:01 [INFO] ==================================================================
2026-03-25 12:01:01 [INFO]   MOS Qatar Demo - Sports Data Generator
2026-03-25 12:01:01 [INFO] ==================================================================
2026-03-25 12:01:01 [INFO] Config file   : /home/cloudera/mos_qatar_demo_poc/config/mos_qatar_demo.ini
2026-03-25 12:01:01 [INFO] Landing dir   : /home/cloudera/mos_qatar_demo_poc/landing
2026-03-25 12:01:01 [INFO] Output file   : mos_sports_events_20260325_120101.txt
2026-03-25 12:01:01 [INFO] Records count : 8
2026-03-25 12:01:01 [INFO] ------------------------------------------------------------------
2026-03-25 12:01:01 [INFO]   Record 01: Event ID: EVT5056 | Event Name: Ministry Invitational Friendly Tournament | Sport: Footbal...
2026-03-25 12:01:01 [INFO]   Record 02: Event ID: EVT4425 | Event Name: Ministry Youth Sports Day | Sport: Football | Venue: Al Ja...
2026-03-25 12:01:01 [INFO]   Record 03: Event ID: EVT7646 | Event Name: Gulf Youth Cup Semi Final | Sport: Basketball | Venue: Ahm...
2026-03-25 12:01:01 [INFO]   Record 04: Event ID: EVT1296 | Event Name: Qatar Cup Semi Final | Sport: Football | Venue: Aspire Zon...
2026-03-25 12:01:01 [INFO]   Record 05: Event ID: EVT7858 | Event Name: National Day Football Celebration | Sport: Football | Venu...
2026-03-25 12:01:01 [INFO]   Record 06: Event ID: EVT1175 | Event Name: Gulf Cup Qualifier Round 1 | Sport: Swimming | Venue: Al J...
2026-03-25 12:01:01 [INFO]   Record 07: Event ID: EVT6301 | Event Name: Gulf Youth Cup Quarter Final | Sport: Basketball | Venue: ...
2026-03-25 12:01:01 [INFO]   Record 08: Event ID: EVT6356 | Event Name: GCC Club Championship Final | Sport: Football | Venue: Ahm...
2026-03-25 12:01:01 [INFO] ------------------------------------------------------------------
2026-03-25 12:01:01 [INFO] File written successfully.
2026-03-25 12:01:01 [INFO]   Full path : /home/cloudera/mos_qatar_demo_poc/landing/mos_sports_events_20260325_120101.txt
2026-03-25 12:01:01 [INFO]   Size      : 2037 bytes
2026-03-25 12:01:01 [INFO]   Records   : 8
2026-03-25 12:01:01 [INFO] ==================================================================
2026-03-25 12:01:01 [INFO]   Generator Completed Successfully
2026-03-25 12:01:01 [INFO] ==================================================================
