2026-03-27 09:18:01 [INFO] ==================================================================
2026-03-27 09:18:01 [INFO]   MOS Qatar Demo - Sports Data Generator
2026-03-27 09:18:01 [INFO] ==================================================================
2026-03-27 09:18:01 [INFO] Config file   : /home/cloudera/mos_qatar_demo_poc/config/mos_qatar_demo.ini
2026-03-27 09:18:01 [INFO] Landing dir   : /home/cloudera/mos_qatar_demo_poc/landing
2026-03-27 09:18:01 [INFO] Output file   : mos_sports_events_20260327_091801.txt
2026-03-27 09:18:01 [INFO] Records count : 9
2026-03-27 09:18:01 [INFO] ------------------------------------------------------------------
2026-03-27 09:18:01 [INFO]   Record 01: Event ID: EVT8996 | Event Name: Qatar Schools Football League | Sport: Swimming | Venue: A...
2026-03-27 09:18:01 [INFO]   Record 02: Event ID: EVT5151 | Event Name: Gulf Youth Cup Round 2 | Sport: Football | Venue: Al Bayt ...
2026-03-27 09:18:01 [INFO]   Record 03: Event ID: EVT6487 | Event Name: Qatar Premier League Match Day 8 | Sport: Football | Venue...
2026-03-27 09:18:01 [INFO]   Record 04: Event ID: EVT3464 | Event Name: Qatar Under-20 Development League | Sport: Football | Venu...
2026-03-27 09:18:01 [INFO]   Record 05: Event ID: EVT2060 | Event Name: Qatar Cup Semi Final | Sport: Volleyball | Venue: Qatar Sp...
2026-03-27 09:18:01 [INFO]   Record 06: Event ID: EVT1181 | Event Name: Doha Sports Festival Opening Match | Sport: Football | Ven...
2026-03-27 09:18:01 [INFO]   Record 07: Event ID: EVT4438 | Event Name: National Day Football Celebration | Sport: Football | Venu...
2026-03-27 09:18:01 [INFO]   Record 08: Event ID: EVT1275 | Event Name: Qatar Cup Semi Final | Sport: Football | Venue: Ahmad Bin ...
2026-03-27 09:18:01 [INFO]   Record 09: Event ID: EVT9264 | Event Name: Qatar Olympic Training Camp Evaluation | Sport: Basketball...
2026-03-27 09:18:01 [INFO] ------------------------------------------------------------------
2026-03-27 09:18:01 [INFO] File written successfully.
2026-03-27 09:18:01 [INFO]   Full path : /home/cloudera/mos_qatar_demo_poc/landing/mos_sports_events_20260327_091801.txt
2026-03-27 09:18:01 [INFO]   Size      : 2320 bytes
2026-03-27 09:18:01 [INFO]   Records   : 9
2026-03-27 09:18:01 [INFO] ==================================================================
2026-03-27 09:18:01 [INFO]   Generator Completed Successfully
2026-03-27 09:18:01 [INFO] ==================================================================
