2026-03-27 06:21:02 [INFO] ==================================================================
2026-03-27 06:21:02 [INFO]   MOS Qatar Demo - Sports Data Generator
2026-03-27 06:21:02 [INFO] ==================================================================
2026-03-27 06:21:02 [INFO] Config file   : /home/cloudera/mos_qatar_demo_poc/config/mos_qatar_demo.ini
2026-03-27 06:21:02 [INFO] Landing dir   : /home/cloudera/mos_qatar_demo_poc/landing
2026-03-27 06:21:02 [INFO] Output file   : mos_sports_events_20260327_062102.txt
2026-03-27 06:21:02 [INFO] Records count : 8
2026-03-27 06:21:02 [INFO] ------------------------------------------------------------------
2026-03-27 06:21:02 [INFO]   Record 01: Event ID: EVT6066 | Event Name: Doha Sports Festival Opening Match | Sport: Football | Ven...
2026-03-27 06:21:02 [INFO]   Record 02: Event ID: EVT6684 | Event Name: Qatar Schools Football League | Sport: Football | Venue: Q...
2026-03-27 06:21:02 [INFO]   Record 03: Event ID: EVT5239 | Event Name: Gulf Youth Cup Semi Final | Sport: Basketball | Venue: Al ...
2026-03-27 06:21:02 [INFO]   Record 04: Event ID: EVT5301 | Event Name: Gulf Youth Cup Quarter Final | Sport: Football | Venue: Lu...
2026-03-27 06:21:02 [INFO]   Record 05: Event ID: EVT7198 | Event Name: FIFA World Cup Qatar Legacy Match | Sport: Football | Venu...
2026-03-27 06:21:02 [INFO]   Record 06: Event ID: EVT3234 | Event Name: Gulf Cup Qualifier Round 1 | Sport: Handball | Venue: Lusa...
2026-03-27 06:21:02 [INFO]   Record 07: Event ID: EVT5200 | Event Name: FIFA World Cup Qatar Legacy Match | Sport: Football | Venu...
2026-03-27 06:21:02 [INFO]   Record 08: Event ID: EVT1453 | Event Name: Qatar Olympic Training Camp Evaluation | Sport: Football |...
2026-03-27 06:21:02 [INFO] ------------------------------------------------------------------
2026-03-27 06:21:02 [INFO] File written successfully.
2026-03-27 06:21:02 [INFO]   Full path : /home/cloudera/mos_qatar_demo_poc/landing/mos_sports_events_20260327_062102.txt
2026-03-27 06:21:02 [INFO]   Size      : 2076 bytes
2026-03-27 06:21:02 [INFO]   Records   : 8
2026-03-27 06:21:02 [INFO] ==================================================================
2026-03-27 06:21:02 [INFO]   Generator Completed Successfully
2026-03-27 06:21:02 [INFO] ==================================================================
