2026-03-27 08:11:01 [INFO] ==================================================================
2026-03-27 08:11:01 [INFO]   MOS Qatar Demo - Sports Data Generator
2026-03-27 08:11:01 [INFO] ==================================================================
2026-03-27 08:11:01 [INFO] Config file   : /home/cloudera/mos_qatar_demo_poc/config/mos_qatar_demo.ini
2026-03-27 08:11:01 [INFO] Landing dir   : /home/cloudera/mos_qatar_demo_poc/landing
2026-03-27 08:11:01 [INFO] Output file   : mos_sports_events_20260327_081101.txt
2026-03-27 08:11:01 [INFO] Records count : 7
2026-03-27 08:11:01 [INFO] ------------------------------------------------------------------
2026-03-27 08:11:01 [INFO]   Record 01: Event ID: EVT3827 | Event Name: Qatar Premier League Match Day 8 | Sport: Football | Venue...
2026-03-27 08:11:01 [INFO]   Record 02: Event ID: EVT6414 | Event Name: Qatar Olympic Training Camp Evaluation | Sport: Handball |...
2026-03-27 08:11:01 [INFO]   Record 03: Event ID: EVT8758 | Event Name: Qatar Premier League Match Day 8 | Sport: Football | Venue...
2026-03-27 08:11:01 [INFO]   Record 04: Event ID: EVT6157 | Event Name: Doha Sports Festival Opening Match | Sport: Handball | Ven...
2026-03-27 08:11:01 [INFO]   Record 05: Event ID: EVT9539 | Event Name: Qatar Premier League Match Day 8 | Sport: Football | Venue...
2026-03-27 08:11:01 [INFO]   Record 06: Event ID: EVT9022 | Event Name: GCC Club Championship Final | Sport: Football | Venue: Al ...
2026-03-27 08:11:01 [INFO]   Record 07: Event ID: EVT9778 | Event Name: Qatar Premier League Match Day 12 | Sport: Athletics | Ven...
2026-03-27 08:11:01 [INFO] ------------------------------------------------------------------
2026-03-27 08:11:01 [INFO] File written successfully.
2026-03-27 08:11:01 [INFO]   Full path : /home/cloudera/mos_qatar_demo_poc/landing/mos_sports_events_20260327_081101.txt
2026-03-27 08:11:01 [INFO]   Size      : 1822 bytes
2026-03-27 08:11:01 [INFO]   Records   : 7
2026-03-27 08:11:01 [INFO] ==================================================================
2026-03-27 08:11:01 [INFO]   Generator Completed Successfully
2026-03-27 08:11:01 [INFO] ==================================================================
