2026-03-27 22:37:01 [INFO] ==================================================================
2026-03-27 22:37:01 [INFO]   MOS Qatar Demo - Sports Data Generator
2026-03-27 22:37:01 [INFO] ==================================================================
2026-03-27 22:37:01 [INFO] Config file   : /home/cloudera/mos_qatar_demo_poc/config/mos_qatar_demo.ini
2026-03-27 22:37:01 [INFO] Landing dir   : /home/cloudera/mos_qatar_demo_poc/landing
2026-03-27 22:37:01 [INFO] Output file   : mos_sports_events_20260327_223701.txt
2026-03-27 22:37:01 [INFO] Records count : 9
2026-03-27 22:37:01 [INFO] ------------------------------------------------------------------
2026-03-27 22:37:01 [INFO]   Record 01: Event ID: EVT6262 | Event Name: Ramadan Football Festival | Sport: Basketball | Venue: Qat...
2026-03-27 22:37:01 [INFO]   Record 02: Event ID: EVT1222 | Event Name: Gulf Youth Cup Semi Final | Sport: Swimming | Venue: Al Th...
2026-03-27 22:37:01 [INFO]   Record 03: Event ID: EVT5050 | Event Name: GCC Club Championship Semi Final | Sport: Basketball | Ven...
2026-03-27 22:37:01 [INFO]   Record 04: Event ID: EVT6220 | Event Name: Qatar Under-20 Development League | Sport: Volleyball | Ve...
2026-03-27 22:37:01 [INFO]   Record 05: Event ID: EVT4042 | Event Name: FIFA World Cup Qatar Legacy Match | Sport: Handball | Venu...
2026-03-27 22:37:01 [INFO]   Record 06: Event ID: EVT5247 | Event Name: Gulf Youth Cup Quarter Final | Sport: Football | Venue: Al...
2026-03-27 22:37:01 [INFO]   Record 07: Event ID: EVT6327 | Event Name: Ministry Youth Sports Day | Sport: Swimming | Venue: Al Ba...
2026-03-27 22:37:01 [INFO]   Record 08: Event ID: EVT3724 | Event Name: GCC Club Championship Quarter Final | Sport: Football | Ve...
2026-03-27 22:37:01 [INFO]   Record 09: Event ID: EVT9342 | Event Name: National Team Preparation Match | Sport: Volleyball | Venu...
2026-03-27 22:37:01 [INFO] ------------------------------------------------------------------
2026-03-27 22:37:01 [INFO] File written successfully.
2026-03-27 22:37:01 [INFO]   Full path : /home/cloudera/mos_qatar_demo_poc/landing/mos_sports_events_20260327_223701.txt
2026-03-27 22:37:01 [INFO]   Size      : 2344 bytes
2026-03-27 22:37:01 [INFO]   Records   : 9
2026-03-27 22:37:01 [INFO] ==================================================================
2026-03-27 22:37:01 [INFO]   Generator Completed Successfully
2026-03-27 22:37:01 [INFO] ==================================================================
