2026-03-26 08:21:02 [INFO] ==================================================================
2026-03-26 08:21:02 [INFO]   MOS Qatar Demo - Sports Data Generator
2026-03-26 08:21:02 [INFO] ==================================================================
2026-03-26 08:21:02 [INFO] Config file   : /home/cloudera/mos_qatar_demo_poc/config/mos_qatar_demo.ini
2026-03-26 08:21:02 [INFO] Landing dir   : /home/cloudera/mos_qatar_demo_poc/landing
2026-03-26 08:21:02 [INFO] Output file   : mos_sports_events_20260326_082102.txt
2026-03-26 08:21:02 [INFO] Records count : 5
2026-03-26 08:21:02 [INFO] ------------------------------------------------------------------
2026-03-26 08:21:02 [INFO]   Record 01: Event ID: EVT9746 | Event Name: Ministry Youth Sports Day | Sport: Athletics | Venue: Ahma...
2026-03-26 08:21:02 [INFO]   Record 02: Event ID: EVT2941 | Event Name: GCC Club Championship Final | Sport: Athletics | Venue: Al...
2026-03-26 08:21:02 [INFO]   Record 03: Event ID: EVT1316 | Event Name: Qatar Cup Final | Sport: Football | Venue: Ahmad Bin Ali S...
2026-03-26 08:21:02 [INFO]   Record 04: Event ID: EVT3187 | Event Name: Qatar Under-20 Development League | Sport: Basketball | Ve...
2026-03-26 08:21:02 [INFO]   Record 05: Event ID: EVT7858 | Event Name: Asian Qualifiers Warm-up Match | Sport: Basketball | Venue...
2026-03-26 08:21:02 [INFO] ------------------------------------------------------------------
2026-03-26 08:21:02 [INFO] File written successfully.
2026-03-26 08:21:02 [INFO]   Full path : /home/cloudera/mos_qatar_demo_poc/landing/mos_sports_events_20260326_082102.txt
2026-03-26 08:21:02 [INFO]   Size      : 1290 bytes
2026-03-26 08:21:02 [INFO]   Records   : 5
2026-03-26 08:21:02 [INFO] ==================================================================
2026-03-26 08:21:02 [INFO]   Generator Completed Successfully
2026-03-26 08:21:02 [INFO] ==================================================================
