2026-03-26 21:47:01 [INFO] ==================================================================
2026-03-26 21:47:01 [INFO]   MOS Qatar Demo - Sports Data Generator
2026-03-26 21:47:01 [INFO] ==================================================================
2026-03-26 21:47:01 [INFO] Config file   : /home/cloudera/mos_qatar_demo_poc/config/mos_qatar_demo.ini
2026-03-26 21:47:01 [INFO] Landing dir   : /home/cloudera/mos_qatar_demo_poc/landing
2026-03-26 21:47:01 [INFO] Output file   : mos_sports_events_20260326_214701.txt
2026-03-26 21:47:01 [INFO] Records count : 10
2026-03-26 21:47:01 [INFO] ------------------------------------------------------------------
2026-03-26 21:47:01 [INFO]   Record 01: Event ID: EVT4045 | Event Name: GCC Club Championship Semi Final | Sport: Athletics | Venu...
2026-03-26 21:47:01 [INFO]   Record 02: Event ID: EVT9823 | Event Name: Qatar Premier League Match Day 12 | Sport: Volleyball | Ve...
2026-03-26 21:47:01 [INFO]   Record 03: Event ID: EVT3898 | Event Name: Qatar Premier League Match Day 12 | Sport: Swimming | Venu...
2026-03-26 21:47:01 [INFO]   Record 04: Event ID: EVT2157 | Event Name: Ministry Youth Sports Day | Sport: Athletics | Venue: Lusa...
2026-03-26 21:47:01 [INFO]   Record 05: Event ID: EVT7722 | Event Name: Arab Nations Championship Semi Final | Sport: Athletics | ...
2026-03-26 21:47:01 [INFO]   Record 06: Event ID: EVT8689 | Event Name: Gulf Youth Cup Round 1 | Sport: Football | Venue: Al Wakra...
2026-03-26 21:47:01 [INFO]   Record 07: Event ID: EVT2331 | Event Name: Arab Nations Championship Group Stage | Sport: Football | ...
2026-03-26 21:47:01 [INFO]   Record 08: Event ID: EVT9880 | Event Name: GCC Club Championship Quarter Final | Sport: Football | Ve...
2026-03-26 21:47:01 [INFO]   Record 09: Event ID: EVT9184 | Event Name: Ministry Invitational Friendly Tournament | Sport: Footbal...
2026-03-26 21:47:01 [INFO]   Record 10: Event ID: EVT9292 | Event Name: GCC Club Championship Semi Final | Sport: Football | Venue...
2026-03-26 21:47:01 [INFO] ------------------------------------------------------------------
2026-03-26 21:47:01 [INFO] File written successfully.
2026-03-26 21:47:01 [INFO]   Full path : /home/cloudera/mos_qatar_demo_poc/landing/mos_sports_events_20260326_214701.txt
2026-03-26 21:47:01 [INFO]   Size      : 2616 bytes
2026-03-26 21:47:01 [INFO]   Records   : 10
2026-03-26 21:47:01 [INFO] ==================================================================
2026-03-26 21:47:01 [INFO]   Generator Completed Successfully
2026-03-26 21:47:01 [INFO] ==================================================================
