2026-03-26 13:14:01 [INFO] ==================================================================
2026-03-26 13:14:01 [INFO]   MOS Qatar Demo - Sports Data Generator
2026-03-26 13:14:01 [INFO] ==================================================================
2026-03-26 13:14:01 [INFO] Config file   : /home/cloudera/mos_qatar_demo_poc/config/mos_qatar_demo.ini
2026-03-26 13:14:01 [INFO] Landing dir   : /home/cloudera/mos_qatar_demo_poc/landing
2026-03-26 13:14:01 [INFO] Output file   : mos_sports_events_20260326_131401.txt
2026-03-26 13:14:01 [INFO] Records count : 6
2026-03-26 13:14:01 [INFO] ------------------------------------------------------------------
2026-03-26 13:14:01 [INFO]   Record 01: Event ID: EVT4007 | Event Name: Gulf Youth Cup Round 2 | Sport: Handball | Venue: Ahmad Bi...
2026-03-26 13:14:01 [INFO]   Record 02: Event ID: EVT4170 | Event Name: FIFA World Cup Qatar Legacy Match | Sport: Volleyball | Ve...
2026-03-26 13:14:01 [INFO]   Record 03: Event ID: EVT9578 | Event Name: Gulf Youth Cup Quarter Final | Sport: Swimming | Venue: Kh...
2026-03-26 13:14:01 [INFO]   Record 04: Event ID: EVT2961 | Event Name: Qatar Premier League Match Day 12 | Sport: Swimming | Venu...
2026-03-26 13:14:01 [INFO]   Record 05: Event ID: EVT7764 | Event Name: National Day Football Celebration | Sport: Basketball | Ve...
2026-03-26 13:14:01 [INFO]   Record 06: Event ID: EVT4211 | Event Name: Qatar Schools Football League | Sport: Football | Venue: A...
2026-03-26 13:14:01 [INFO] ------------------------------------------------------------------
2026-03-26 13:14:01 [INFO] File written successfully.
2026-03-26 13:14:01 [INFO]   Full path : /home/cloudera/mos_qatar_demo_poc/landing/mos_sports_events_20260326_131401.txt
2026-03-26 13:14:01 [INFO]   Size      : 1583 bytes
2026-03-26 13:14:01 [INFO]   Records   : 6
2026-03-26 13:14:01 [INFO] ==================================================================
2026-03-26 13:14:01 [INFO]   Generator Completed Successfully
2026-03-26 13:14:01 [INFO] ==================================================================
