2026-03-24 19:22:01 [INFO] ==================================================================
2026-03-24 19:22:01 [INFO]   MOS Qatar Demo - Sports Data Generator
2026-03-24 19:22:01 [INFO] ==================================================================
2026-03-24 19:22:01 [INFO] Config file   : /home/cloudera/mos_qatar_demo_poc/config/mos_qatar_demo.ini
2026-03-24 19:22:01 [INFO] Landing dir   : /home/cloudera/mos_qatar_demo_poc/landing
2026-03-24 19:22:01 [INFO] Output file   : mos_sports_events_20260324_192201.txt
2026-03-24 19:22:01 [INFO] Records count : 6
2026-03-24 19:22:01 [INFO] ------------------------------------------------------------------
2026-03-24 19:22:01 [INFO]   Record 01: Event ID: EVT5367 | Event Name: Ministry Invitational Friendly Tournament | Sport: Swimmin...
2026-03-24 19:22:01 [INFO]   Record 02: Event ID: EVT5437 | Event Name: Ministry Invitational Friendly Tournament | Sport: Volleyb...
2026-03-24 19:22:01 [INFO]   Record 03: Event ID: EVT3411 | Event Name: Gulf Cup Qualifier Round 1 | Sport: Volleyball | Venue: Al...
2026-03-24 19:22:01 [INFO]   Record 04: Event ID: EVT4454 | Event Name: Qatar Olympic Training Camp Evaluation | Sport: Handball |...
2026-03-24 19:22:01 [INFO]   Record 05: Event ID: EVT1330 | Event Name: Gulf Youth Cup Quarter Final | Sport: Football | Venue: Al...
2026-03-24 19:22:01 [INFO]   Record 06: Event ID: EVT6977 | Event Name: Qatar Cup Semi Final | Sport: Football | Venue: Al Janoub ...
2026-03-24 19:22:01 [INFO] ------------------------------------------------------------------
2026-03-24 19:22:01 [INFO] File written successfully.
2026-03-24 19:22:01 [INFO]   Full path : /home/cloudera/mos_qatar_demo_poc/landing/mos_sports_events_20260324_192201.txt
2026-03-24 19:22:01 [INFO]   Size      : 1583 bytes
2026-03-24 19:22:01 [INFO]   Records   : 6
2026-03-24 19:22:01 [INFO] ==================================================================
2026-03-24 19:22:01 [INFO]   Generator Completed Successfully
2026-03-24 19:22:01 [INFO] ==================================================================
