2026-03-26 09:32:01 [INFO] ==================================================================
2026-03-26 09:32:01 [INFO]   MOS Qatar Demo - Sports Data Generator
2026-03-26 09:32:01 [INFO] ==================================================================
2026-03-26 09:32:01 [INFO] Config file   : /home/cloudera/mos_qatar_demo_poc/config/mos_qatar_demo.ini
2026-03-26 09:32:01 [INFO] Landing dir   : /home/cloudera/mos_qatar_demo_poc/landing
2026-03-26 09:32:01 [INFO] Output file   : mos_sports_events_20260326_093201.txt
2026-03-26 09:32:01 [INFO] Records count : 4
2026-03-26 09:32:01 [INFO] ------------------------------------------------------------------
2026-03-26 09:32:01 [INFO]   Record 01: Event ID: EVT5063 | Event Name: Arab Nations Championship Group Stage | Sport: Basketball ...
2026-03-26 09:32:01 [INFO]   Record 02: Event ID: EVT1361 | Event Name: Ministry Youth Sports Day | Sport: Football | Venue: Khali...
2026-03-26 09:32:01 [INFO]   Record 03: Event ID: EVT9383 | Event Name: Asian Qualifiers Warm-up Match | Sport: Football | Venue: ...
2026-03-26 09:32:01 [INFO]   Record 04: Event ID: EVT5532 | Event Name: Doha Sports Festival Opening Match | Sport: Football | Ven...
2026-03-26 09:32:01 [INFO] ------------------------------------------------------------------
2026-03-26 09:32:01 [INFO] File written successfully.
2026-03-26 09:32:01 [INFO]   Full path : /home/cloudera/mos_qatar_demo_poc/landing/mos_sports_events_20260326_093201.txt
2026-03-26 09:32:01 [INFO]   Size      : 1058 bytes
2026-03-26 09:32:01 [INFO]   Records   : 4
2026-03-26 09:32:01 [INFO] ==================================================================
2026-03-26 09:32:01 [INFO]   Generator Completed Successfully
2026-03-26 09:32:01 [INFO] ==================================================================
