2026-03-25 07:10:02 [INFO] ==================================================================
2026-03-25 07:10:02 [INFO]   MOS Qatar Demo - Sports Data Generator
2026-03-25 07:10:02 [INFO] ==================================================================
2026-03-25 07:10:02 [INFO] Config file   : /home/cloudera/mos_qatar_demo_poc/config/mos_qatar_demo.ini
2026-03-25 07:10:02 [INFO] Landing dir   : /home/cloudera/mos_qatar_demo_poc/landing
2026-03-25 07:10:02 [INFO] Output file   : mos_sports_events_20260325_071002.txt
2026-03-25 07:10:02 [INFO] Records count : 7
2026-03-25 07:10:02 [INFO] ------------------------------------------------------------------
2026-03-25 07:10:02 [INFO]   Record 01: Event ID: EVT5301 | Event Name: MOS Annual Charity Football Gala | Sport: Football | Venue...
2026-03-25 07:10:02 [INFO]   Record 02: Event ID: EVT9928 | Event Name: Ramadan Football Festival | Sport: Athletics | Venue: Lusa...
2026-03-25 07:10:02 [INFO]   Record 03: Event ID: EVT5603 | Event Name: Qatar Premier League Match Day 8 | Sport: Swimming | Venue...
2026-03-25 07:10:02 [INFO]   Record 04: Event ID: EVT9354 | Event Name: Doha Sports Festival Opening Match | Sport: Swimming | Ven...
2026-03-25 07:10:02 [INFO]   Record 05: Event ID: EVT6430 | Event Name: Ramadan Football Festival | Sport: Football | Venue: Al Ja...
2026-03-25 07:10:02 [INFO]   Record 06: Event ID: EVT5173 | Event Name: Qatar Cup Semi Final | Sport: Football | Venue: Aspire Zon...
2026-03-25 07:10:02 [INFO]   Record 07: Event ID: EVT8678 | Event Name: Qatar Premier League Match Day 5 | Sport: Swimming | Venue...
2026-03-25 07:10:02 [INFO] ------------------------------------------------------------------
2026-03-25 07:10:02 [INFO] File written successfully.
2026-03-25 07:10:02 [INFO]   Full path : /home/cloudera/mos_qatar_demo_poc/landing/mos_sports_events_20260325_071002.txt
2026-03-25 07:10:02 [INFO]   Size      : 1778 bytes
2026-03-25 07:10:02 [INFO]   Records   : 7
2026-03-25 07:10:02 [INFO] ==================================================================
2026-03-25 07:10:02 [INFO]   Generator Completed Successfully
2026-03-25 07:10:02 [INFO] ==================================================================
