2026-03-25 00:15:02 [INFO] ==================================================================
2026-03-25 00:15:02 [INFO]   MOS Qatar Demo - Sports Data Generator
2026-03-25 00:15:02 [INFO] ==================================================================
2026-03-25 00:15:02 [INFO] Config file   : /home/cloudera/mos_qatar_demo_poc/config/mos_qatar_demo.ini
2026-03-25 00:15:02 [INFO] Landing dir   : /home/cloudera/mos_qatar_demo_poc/landing
2026-03-25 00:15:02 [INFO] Output file   : mos_sports_events_20260325_001502.txt
2026-03-25 00:15:02 [INFO] Records count : 8
2026-03-25 00:15:02 [INFO] ------------------------------------------------------------------
2026-03-25 00:15:02 [INFO]   Record 01: Event ID: EVT1180 | Event Name: GCC Club Championship Quarter Final | Sport: Swimming | Ve...
2026-03-25 00:15:02 [INFO]   Record 02: Event ID: EVT2089 | Event Name: Arab Nations Championship Group Stage | Sport: Football | ...
2026-03-25 00:15:02 [INFO]   Record 03: Event ID: EVT5692 | Event Name: Gulf Youth Cup Final | Sport: Football | Venue: Khalifa In...
2026-03-25 00:15:02 [INFO]   Record 04: Event ID: EVT8288 | Event Name: Ministry Invitational Friendly Tournament | Sport: Footbal...
2026-03-25 00:15:02 [INFO]   Record 05: Event ID: EVT8573 | Event Name: Arab Nations Championship Group Stage | Sport: Basketball ...
2026-03-25 00:15:02 [INFO]   Record 06: Event ID: EVT7589 | Event Name: Arab Nations Championship Semi Final | Sport: Handball | V...
2026-03-25 00:15:02 [INFO]   Record 07: Event ID: EVT7487 | Event Name: Arab Nations Championship Group Stage | Sport: Football | ...
2026-03-25 00:15:02 [INFO]   Record 08: Event ID: EVT9733 | Event Name: Gulf Youth Cup Semi Final | Sport: Swimming | Venue: Al Wa...
2026-03-25 00:15:02 [INFO] ------------------------------------------------------------------
2026-03-25 00:15:02 [INFO] File written successfully.
2026-03-25 00:15:02 [INFO]   Full path : /home/cloudera/mos_qatar_demo_poc/landing/mos_sports_events_20260325_001502.txt
2026-03-25 00:15:02 [INFO]   Size      : 2091 bytes
2026-03-25 00:15:02 [INFO]   Records   : 8
2026-03-25 00:15:02 [INFO] ==================================================================
2026-03-25 00:15:02 [INFO]   Generator Completed Successfully
2026-03-25 00:15:02 [INFO] ==================================================================
