2026-03-25 04:13:02 [INFO] ==================================================================
2026-03-25 04:13:02 [INFO]   MOS Qatar Demo - Sports Data Generator
2026-03-25 04:13:02 [INFO] ==================================================================
2026-03-25 04:13:02 [INFO] Config file   : /home/cloudera/mos_qatar_demo_poc/config/mos_qatar_demo.ini
2026-03-25 04:13:02 [INFO] Landing dir   : /home/cloudera/mos_qatar_demo_poc/landing
2026-03-25 04:13:02 [INFO] Output file   : mos_sports_events_20260325_041302.txt
2026-03-25 04:13:02 [INFO] Records count : 8
2026-03-25 04:13:02 [INFO] ------------------------------------------------------------------
2026-03-25 04:13:02 [INFO]   Record 01: Event ID: EVT7260 | Event Name: Ministry Youth Sports Day | Sport: Athletics | Venue: Ahma...
2026-03-25 04:13:02 [INFO]   Record 02: Event ID: EVT3841 | Event Name: Ministry Invitational Friendly Tournament | Sport: Swimmin...
2026-03-25 04:13:02 [INFO]   Record 03: Event ID: EVT9884 | Event Name: Ramadan Football Festival | Sport: Football | Venue: Ahmad...
2026-03-25 04:13:02 [INFO]   Record 04: Event ID: EVT4318 | Event Name: Gulf Cup Qualifier Round 1 | Sport: Swimming | Venue: Khal...
2026-03-25 04:13:02 [INFO]   Record 05: Event ID: EVT6727 | Event Name: GCC Club Championship Quarter Final | Sport: Basketball | ...
2026-03-25 04:13:02 [INFO]   Record 06: Event ID: EVT5992 | Event Name: Qatar Olympic Training Camp Evaluation | Sport: Handball |...
2026-03-25 04:13:02 [INFO]   Record 07: Event ID: EVT3206 | Event Name: Gulf Cup Qualifier Round 1 | Sport: Football | Venue: Al J...
2026-03-25 04:13:02 [INFO]   Record 08: Event ID: EVT5166 | Event Name: Gulf Youth Cup Semi Final | Sport: Football | Venue: Lusai...
2026-03-25 04:13:02 [INFO] ------------------------------------------------------------------
2026-03-25 04:13:02 [INFO] File written successfully.
2026-03-25 04:13:02 [INFO]   Full path : /home/cloudera/mos_qatar_demo_poc/landing/mos_sports_events_20260325_041302.txt
2026-03-25 04:13:02 [INFO]   Size      : 2087 bytes
2026-03-25 04:13:02 [INFO]   Records   : 8
2026-03-25 04:13:02 [INFO] ==================================================================
2026-03-25 04:13:02 [INFO]   Generator Completed Successfully
2026-03-25 04:13:02 [INFO] ==================================================================
