2026-03-25 17:37:02 [INFO] ==================================================================
2026-03-25 17:37:02 [INFO]   MOS Qatar Demo - Sports Data Generator
2026-03-25 17:37:02 [INFO] ==================================================================
2026-03-25 17:37:02 [INFO] Config file   : /home/cloudera/mos_qatar_demo_poc/config/mos_qatar_demo.ini
2026-03-25 17:37:02 [INFO] Landing dir   : /home/cloudera/mos_qatar_demo_poc/landing
2026-03-25 17:37:02 [INFO] Output file   : mos_sports_events_20260325_173702.txt
2026-03-25 17:37:02 [INFO] Records count : 6
2026-03-25 17:37:02 [INFO] ------------------------------------------------------------------
2026-03-25 17:37:02 [INFO]   Record 01: Event ID: EVT7409 | Event Name: Gulf Youth Cup Final | Sport: Handball | Venue: Al Wakrah ...
2026-03-25 17:37:02 [INFO]   Record 02: Event ID: EVT6439 | Event Name: Arab Nations Championship Group Stage | Sport: Football | ...
2026-03-25 17:37:02 [INFO]   Record 03: Event ID: EVT3402 | Event Name: National Day Football Celebration | Sport: Handball | Venu...
2026-03-25 17:37:02 [INFO]   Record 04: Event ID: EVT4651 | Event Name: Gulf Youth Cup Round 1 | Sport: Football | Venue: Ahmad Bi...
2026-03-25 17:37:02 [INFO]   Record 05: Event ID: EVT7899 | Event Name: Arab Nations Championship Group Stage | Sport: Volleyball ...
2026-03-25 17:37:02 [INFO]   Record 06: Event ID: EVT3019 | Event Name: GCC Club Championship Quarter Final | Sport: Basketball | ...
2026-03-25 17:37:02 [INFO] ------------------------------------------------------------------
2026-03-25 17:37:02 [INFO] File written successfully.
2026-03-25 17:37:02 [INFO]   Full path : /home/cloudera/mos_qatar_demo_poc/landing/mos_sports_events_20260325_173702.txt
2026-03-25 17:37:02 [INFO]   Size      : 1554 bytes
2026-03-25 17:37:02 [INFO]   Records   : 6
2026-03-25 17:37:02 [INFO] ==================================================================
2026-03-25 17:37:02 [INFO]   Generator Completed Successfully
2026-03-25 17:37:02 [INFO] ==================================================================
