2026-03-26 21:37:01 [INFO] ==================================================================
2026-03-26 21:37:01 [INFO]   MOS Qatar Demo - Sports Data Generator
2026-03-26 21:37:01 [INFO] ==================================================================
2026-03-26 21:37:01 [INFO] Config file   : /home/cloudera/mos_qatar_demo_poc/config/mos_qatar_demo.ini
2026-03-26 21:37:01 [INFO] Landing dir   : /home/cloudera/mos_qatar_demo_poc/landing
2026-03-26 21:37:01 [INFO] Output file   : mos_sports_events_20260326_213701.txt
2026-03-26 21:37:01 [INFO] Records count : 9
2026-03-26 21:37:01 [INFO] ------------------------------------------------------------------
2026-03-26 21:37:01 [INFO]   Record 01: Event ID: EVT1068 | Event Name: FIFA World Cup Qatar Legacy Match | Sport: Volleyball | Ve...
2026-03-26 21:37:01 [INFO]   Record 02: Event ID: EVT7417 | Event Name: Ministry Youth Sports Day | Sport: Swimming | Venue: Ahmad...
2026-03-26 21:37:01 [INFO]   Record 03: Event ID: EVT9654 | Event Name: Qatar Premier League Match Day 12 | Sport: Football | Venu...
2026-03-26 21:37:01 [INFO]   Record 04: Event ID: EVT3612 | Event Name: Qatar Premier League Match Day 8 | Sport: Football | Venue...
2026-03-26 21:37:01 [INFO]   Record 05: Event ID: EVT6998 | Event Name: National Day Football Celebration | Sport: Athletics | Ven...
2026-03-26 21:37:01 [INFO]   Record 06: Event ID: EVT1320 | Event Name: Gulf Youth Cup Round 1 | Sport: Athletics | Venue: Al Jano...
2026-03-26 21:37:01 [INFO]   Record 07: Event ID: EVT4644 | Event Name: National Day Football Celebration | Sport: Football | Venu...
2026-03-26 21:37:01 [INFO]   Record 08: Event ID: EVT1149 | Event Name: Ministry Invitational Friendly Tournament | Sport: Volleyb...
2026-03-26 21:37:01 [INFO]   Record 09: Event ID: EVT4068 | Event Name: Qatar Premier League Match Day 12 | Sport: Volleyball | Ve...
2026-03-26 21:37:01 [INFO] ------------------------------------------------------------------
2026-03-26 21:37:01 [INFO] File written successfully.
2026-03-26 21:37:01 [INFO]   Full path : /home/cloudera/mos_qatar_demo_poc/landing/mos_sports_events_20260326_213701.txt
2026-03-26 21:37:01 [INFO]   Size      : 2328 bytes
2026-03-26 21:37:01 [INFO]   Records   : 9
2026-03-26 21:37:01 [INFO] ==================================================================
2026-03-26 21:37:01 [INFO]   Generator Completed Successfully
2026-03-26 21:37:01 [INFO] ==================================================================
