2026-03-25 02:54:01 [INFO] ==================================================================
2026-03-25 02:54:01 [INFO]   MOS Qatar Demo - Sports Data Generator
2026-03-25 02:54:01 [INFO] ==================================================================
2026-03-25 02:54:01 [INFO] Config file   : /home/cloudera/mos_qatar_demo_poc/config/mos_qatar_demo.ini
2026-03-25 02:54:01 [INFO] Landing dir   : /home/cloudera/mos_qatar_demo_poc/landing
2026-03-25 02:54:01 [INFO] Output file   : mos_sports_events_20260325_025401.txt
2026-03-25 02:54:01 [INFO] Records count : 5
2026-03-25 02:54:01 [INFO] ------------------------------------------------------------------
2026-03-25 02:54:01 [INFO]   Record 01: Event ID: EVT5140 | Event Name: Ministry Invitational Friendly Tournament | Sport: Athleti...
2026-03-25 02:54:01 [INFO]   Record 02: Event ID: EVT5873 | Event Name: Ministry Invitational Friendly Tournament | Sport: Footbal...
2026-03-25 02:54:01 [INFO]   Record 03: Event ID: EVT8245 | Event Name: National Team Preparation Match | Sport: Football | Venue:...
2026-03-25 02:54:01 [INFO]   Record 04: Event ID: EVT9291 | Event Name: Gulf Youth Cup Round 2 | Sport: Football | Venue: Khalifa ...
2026-03-25 02:54:01 [INFO]   Record 05: Event ID: EVT1305 | Event Name: Gulf Youth Cup Quarter Final | Sport: Football | Venue: Al...
2026-03-25 02:54:01 [INFO] ------------------------------------------------------------------
2026-03-25 02:54:01 [INFO] File written successfully.
2026-03-25 02:54:01 [INFO]   Full path : /home/cloudera/mos_qatar_demo_poc/landing/mos_sports_events_20260325_025401.txt
2026-03-25 02:54:01 [INFO]   Size      : 1297 bytes
2026-03-25 02:54:01 [INFO]   Records   : 5
2026-03-25 02:54:01 [INFO] ==================================================================
2026-03-25 02:54:01 [INFO]   Generator Completed Successfully
2026-03-25 02:54:01 [INFO] ==================================================================
