2026-03-25 23:01:02 [INFO] ==================================================================
2026-03-25 23:01:02 [INFO]   MOS Qatar Demo - Sports Data Generator
2026-03-25 23:01:02 [INFO] ==================================================================
2026-03-25 23:01:02 [INFO] Config file   : /home/cloudera/mos_qatar_demo_poc/config/mos_qatar_demo.ini
2026-03-25 23:01:02 [INFO] Landing dir   : /home/cloudera/mos_qatar_demo_poc/landing
2026-03-25 23:01:02 [INFO] Output file   : mos_sports_events_20260325_230102.txt
2026-03-25 23:01:02 [INFO] Records count : 4
2026-03-25 23:01:02 [INFO] ------------------------------------------------------------------
2026-03-25 23:01:02 [INFO]   Record 01: Event ID: EVT9566 | Event Name: Doha Sports Festival Opening Match | Sport: Football | Ven...
2026-03-25 23:01:02 [INFO]   Record 02: Event ID: EVT1534 | Event Name: Gulf Youth Cup Round 2 | Sport: Handball | Venue: Educatio...
2026-03-25 23:01:02 [INFO]   Record 03: Event ID: EVT9501 | Event Name: National Team Preparation Match | Sport: Football | Venue:...
2026-03-25 23:01:02 [INFO]   Record 04: Event ID: EVT1504 | Event Name: Qatar Cup Final | Sport: Volleyball | Venue: Qatar Sports ...
2026-03-25 23:01:02 [INFO] ------------------------------------------------------------------
2026-03-25 23:01:02 [INFO] File written successfully.
2026-03-25 23:01:02 [INFO]   Full path : /home/cloudera/mos_qatar_demo_poc/landing/mos_sports_events_20260325_230102.txt
2026-03-25 23:01:02 [INFO]   Size      : 1020 bytes
2026-03-25 23:01:02 [INFO]   Records   : 4
2026-03-25 23:01:02 [INFO] ==================================================================
2026-03-25 23:01:02 [INFO]   Generator Completed Successfully
2026-03-25 23:01:02 [INFO] ==================================================================
