2026-03-26 14:36:01 [INFO] ==================================================================
2026-03-26 14:36:01 [INFO]   MOS Qatar Demo - Sports Data Generator
2026-03-26 14:36:01 [INFO] ==================================================================
2026-03-26 14:36:01 [INFO] Config file   : /home/cloudera/mos_qatar_demo_poc/config/mos_qatar_demo.ini
2026-03-26 14:36:01 [INFO] Landing dir   : /home/cloudera/mos_qatar_demo_poc/landing
2026-03-26 14:36:01 [INFO] Output file   : mos_sports_events_20260326_143601.txt
2026-03-26 14:36:01 [INFO] Records count : 8
2026-03-26 14:36:01 [INFO] ------------------------------------------------------------------
2026-03-26 14:36:01 [INFO]   Record 01: Event ID: EVT1152 | Event Name: MOS Annual Charity Football Gala | Sport: Football | Venue...
2026-03-26 14:36:01 [INFO]   Record 02: Event ID: EVT6443 | Event Name: Ministry Invitational Friendly Tournament | Sport: Footbal...
2026-03-26 14:36:01 [INFO]   Record 03: Event ID: EVT1097 | Event Name: Gulf Youth Cup Round 1 | Sport: Swimming | Venue: Lusail S...
2026-03-26 14:36:01 [INFO]   Record 04: Event ID: EVT5735 | Event Name: Qatar Cup Final | Sport: Football | Venue: Al Thumama Stad...
2026-03-26 14:36:01 [INFO]   Record 05: Event ID: EVT8921 | Event Name: FIFA World Cup Qatar Legacy Match | Sport: Basketball | Ve...
2026-03-26 14:36:01 [INFO]   Record 06: Event ID: EVT9535 | Event Name: Ramadan Football Festival | Sport: Football | Venue: Aspir...
2026-03-26 14:36:01 [INFO]   Record 07: Event ID: EVT7545 | Event Name: National Team Preparation Match | Sport: Football | Venue:...
2026-03-26 14:36:01 [INFO]   Record 08: Event ID: EVT9429 | Event Name: Qatar Under-20 Development League | Sport: Basketball | Ve...
2026-03-26 14:36:01 [INFO] ------------------------------------------------------------------
2026-03-26 14:36:01 [INFO] File written successfully.
2026-03-26 14:36:01 [INFO]   Full path : /home/cloudera/mos_qatar_demo_poc/landing/mos_sports_events_20260326_143601.txt
2026-03-26 14:36:01 [INFO]   Size      : 2077 bytes
2026-03-26 14:36:01 [INFO]   Records   : 8
2026-03-26 14:36:01 [INFO] ==================================================================
2026-03-26 14:36:01 [INFO]   Generator Completed Successfully
2026-03-26 14:36:01 [INFO] ==================================================================
