2026-03-25 11:11:02 [INFO] ==================================================================
2026-03-25 11:11:02 [INFO]   MOS Qatar Demo - Sports Data Generator
2026-03-25 11:11:02 [INFO] ==================================================================
2026-03-25 11:11:02 [INFO] Config file   : /home/cloudera/mos_qatar_demo_poc/config/mos_qatar_demo.ini
2026-03-25 11:11:02 [INFO] Landing dir   : /home/cloudera/mos_qatar_demo_poc/landing
2026-03-25 11:11:02 [INFO] Output file   : mos_sports_events_20260325_111102.txt
2026-03-25 11:11:02 [INFO] Records count : 10
2026-03-25 11:11:02 [INFO] ------------------------------------------------------------------
2026-03-25 11:11:02 [INFO]   Record 01: Event ID: EVT9084 | Event Name: Doha Sports Festival Opening Match | Sport: Swimming | Ven...
2026-03-25 11:11:02 [INFO]   Record 02: Event ID: EVT5131 | Event Name: Gulf Youth Cup Final | Sport: Basketball | Venue: Aspire Z...
2026-03-25 11:11:02 [INFO]   Record 03: Event ID: EVT3699 | Event Name: Qatar Premier League Match Day 12 | Sport: Football | Venu...
2026-03-25 11:11:02 [INFO]   Record 04: Event ID: EVT3748 | Event Name: Qatar Olympic Training Camp Evaluation | Sport: Football |...
2026-03-25 11:11:02 [INFO]   Record 05: Event ID: EVT4206 | Event Name: Ministry Invitational Friendly Tournament | Sport: Volleyb...
2026-03-25 11:11:02 [INFO]   Record 06: Event ID: EVT9301 | Event Name: Qatar Under-20 Development League | Sport: Handball | Venu...
2026-03-25 11:11:02 [INFO]   Record 07: Event ID: EVT3770 | Event Name: Gulf Cup Qualifier Round 1 | Sport: Basketball | Venue: Al...
2026-03-25 11:11:02 [INFO]   Record 08: Event ID: EVT9046 | Event Name: Asian Qualifiers Warm-up Match | Sport: Handball | Venue: ...
2026-03-25 11:11:02 [INFO]   Record 09: Event ID: EVT1226 | Event Name: Ramadan Football Festival | Sport: Swimming | Venue: Aspir...
2026-03-25 11:11:02 [INFO]   Record 10: Event ID: EVT8748 | Event Name: Asian Qualifiers Warm-up Match | Sport: Athletics | Venue:...
2026-03-25 11:11:02 [INFO] ------------------------------------------------------------------
2026-03-25 11:11:02 [INFO] File written successfully.
2026-03-25 11:11:02 [INFO]   Full path : /home/cloudera/mos_qatar_demo_poc/landing/mos_sports_events_20260325_111102.txt
2026-03-25 11:11:02 [INFO]   Size      : 2608 bytes
2026-03-25 11:11:02 [INFO]   Records   : 10
2026-03-25 11:11:02 [INFO] ==================================================================
2026-03-25 11:11:02 [INFO]   Generator Completed Successfully
2026-03-25 11:11:02 [INFO] ==================================================================
