2026-03-27 03:40:02 [INFO] ==================================================================
2026-03-27 03:40:02 [INFO]   MOS Qatar Demo - Sports Data Generator
2026-03-27 03:40:02 [INFO] ==================================================================
2026-03-27 03:40:02 [INFO] Config file   : /home/cloudera/mos_qatar_demo_poc/config/mos_qatar_demo.ini
2026-03-27 03:40:02 [INFO] Landing dir   : /home/cloudera/mos_qatar_demo_poc/landing
2026-03-27 03:40:02 [INFO] Output file   : mos_sports_events_20260327_034002.txt
2026-03-27 03:40:02 [INFO] Records count : 9
2026-03-27 03:40:02 [INFO] ------------------------------------------------------------------
2026-03-27 03:40:02 [INFO]   Record 01: Event ID: EVT2644 | Event Name: National Day Football Celebration | Sport: Football | Venu...
2026-03-27 03:40:02 [INFO]   Record 02: Event ID: EVT2459 | Event Name: Gulf Youth Cup Round 2 | Sport: Football | Venue: Educatio...
2026-03-27 03:40:02 [INFO]   Record 03: Event ID: EVT4212 | Event Name: Doha Sports Festival Opening Match | Sport: Handball | Ven...
2026-03-27 03:40:02 [INFO]   Record 04: Event ID: EVT6604 | Event Name: Arab Nations Championship Semi Final | Sport: Handball | V...
2026-03-27 03:40:02 [INFO]   Record 05: Event ID: EVT4952 | Event Name: GCC Club Championship Quarter Final | Sport: Football | Ve...
2026-03-27 03:40:02 [INFO]   Record 06: Event ID: EVT4795 | Event Name: Asian Qualifiers Warm-up Match | Sport: Football | Venue: ...
2026-03-27 03:40:02 [INFO]   Record 07: Event ID: EVT5804 | Event Name: Doha Sports Festival Opening Match | Sport: Basketball | V...
2026-03-27 03:40:02 [INFO]   Record 08: Event ID: EVT9113 | Event Name: Qatar Cup Semi Final | Sport: Volleyball | Venue: Ahmad Bi...
2026-03-27 03:40:02 [INFO]   Record 09: Event ID: EVT6694 | Event Name: National Day Football Celebration | Sport: Athletics | Ven...
2026-03-27 03:40:02 [INFO] ------------------------------------------------------------------
2026-03-27 03:40:02 [INFO] File written successfully.
2026-03-27 03:40:02 [INFO]   Full path : /home/cloudera/mos_qatar_demo_poc/landing/mos_sports_events_20260327_034002.txt
2026-03-27 03:40:02 [INFO]   Size      : 2358 bytes
2026-03-27 03:40:02 [INFO]   Records   : 9
2026-03-27 03:40:02 [INFO] ==================================================================
2026-03-27 03:40:02 [INFO]   Generator Completed Successfully
2026-03-27 03:40:02 [INFO] ==================================================================
