2026-03-26 19:39:02 [INFO] ==================================================================
2026-03-26 19:39:02 [INFO]   MOS Qatar Demo - Sports Data Generator
2026-03-26 19:39:02 [INFO] ==================================================================
2026-03-26 19:39:02 [INFO] Config file   : /home/cloudera/mos_qatar_demo_poc/config/mos_qatar_demo.ini
2026-03-26 19:39:02 [INFO] Landing dir   : /home/cloudera/mos_qatar_demo_poc/landing
2026-03-26 19:39:02 [INFO] Output file   : mos_sports_events_20260326_193902.txt
2026-03-26 19:39:02 [INFO] Records count : 4
2026-03-26 19:39:02 [INFO] ------------------------------------------------------------------
2026-03-26 19:39:02 [INFO]   Record 01: Event ID: EVT2295 | Event Name: Arab Nations Championship Group Stage | Sport: Basketball ...
2026-03-26 19:39:02 [INFO]   Record 02: Event ID: EVT4638 | Event Name: Arab Nations Championship Semi Final | Sport: Handball | V...
2026-03-26 19:39:02 [INFO]   Record 03: Event ID: EVT5580 | Event Name: Ramadan Football Festival | Sport: Handball | Venue: Al Ja...
2026-03-26 19:39:02 [INFO]   Record 04: Event ID: EVT3289 | Event Name: Gulf Youth Cup Quarter Final | Sport: Football | Venue: Al...
2026-03-26 19:39:02 [INFO] ------------------------------------------------------------------
2026-03-26 19:39:02 [INFO] File written successfully.
2026-03-26 19:39:02 [INFO]   Full path : /home/cloudera/mos_qatar_demo_poc/landing/mos_sports_events_20260326_193902.txt
2026-03-26 19:39:02 [INFO]   Size      : 1044 bytes
2026-03-26 19:39:02 [INFO]   Records   : 4
2026-03-26 19:39:02 [INFO] ==================================================================
2026-03-26 19:39:02 [INFO]   Generator Completed Successfully
2026-03-26 19:39:02 [INFO] ==================================================================
