2026-03-27 10:21:01 [INFO] ==================================================================
2026-03-27 10:21:01 [INFO]   MOS Qatar Demo - Sports Data Generator
2026-03-27 10:21:01 [INFO] ==================================================================
2026-03-27 10:21:01 [INFO] Config file   : /home/cloudera/mos_qatar_demo_poc/config/mos_qatar_demo.ini
2026-03-27 10:21:01 [INFO] Landing dir   : /home/cloudera/mos_qatar_demo_poc/landing
2026-03-27 10:21:01 [INFO] Output file   : mos_sports_events_20260327_102101.txt
2026-03-27 10:21:01 [INFO] Records count : 5
2026-03-27 10:21:01 [INFO] ------------------------------------------------------------------
2026-03-27 10:21:01 [INFO]   Record 01: Event ID: EVT4589 | Event Name: Gulf Youth Cup Semi Final | Sport: Volleyball | Venue: Al ...
2026-03-27 10:21:01 [INFO]   Record 02: Event ID: EVT3848 | Event Name: National Day Football Celebration | Sport: Football | Venu...
2026-03-27 10:21:01 [INFO]   Record 03: Event ID: EVT7317 | Event Name: GCC Club Championship Quarter Final | Sport: Athletics | V...
2026-03-27 10:21:01 [INFO]   Record 04: Event ID: EVT6301 | Event Name: GCC Club Championship Quarter Final | Sport: Handball | Ve...
2026-03-27 10:21:01 [INFO]   Record 05: Event ID: EVT9529 | Event Name: Qatar Premier League Match Day 5 | Sport: Athletics | Venu...
2026-03-27 10:21:01 [INFO] ------------------------------------------------------------------
2026-03-27 10:21:01 [INFO] File written successfully.
2026-03-27 10:21:01 [INFO]   Full path : /home/cloudera/mos_qatar_demo_poc/landing/mos_sports_events_20260327_102101.txt
2026-03-27 10:21:01 [INFO]   Size      : 1277 bytes
2026-03-27 10:21:01 [INFO]   Records   : 5
2026-03-27 10:21:01 [INFO] ==================================================================
2026-03-27 10:21:01 [INFO]   Generator Completed Successfully
2026-03-27 10:21:01 [INFO] ==================================================================
