2026-03-25 05:41:02 [INFO] ==================================================================
2026-03-25 05:41:02 [INFO]   MOS Qatar Demo - Sports Data Generator
2026-03-25 05:41:02 [INFO] ==================================================================
2026-03-25 05:41:02 [INFO] Config file   : /home/cloudera/mos_qatar_demo_poc/config/mos_qatar_demo.ini
2026-03-25 05:41:02 [INFO] Landing dir   : /home/cloudera/mos_qatar_demo_poc/landing
2026-03-25 05:41:02 [INFO] Output file   : mos_sports_events_20260325_054102.txt
2026-03-25 05:41:02 [INFO] Records count : 10
2026-03-25 05:41:02 [INFO] ------------------------------------------------------------------
2026-03-25 05:41:02 [INFO]   Record 01: Event ID: EVT1781 | Event Name: Qatar Olympic Training Camp Evaluation | Sport: Volleyball...
2026-03-25 05:41:02 [INFO]   Record 02: Event ID: EVT4799 | Event Name: GCC Club Championship Final | Sport: Handball | Venue: Al ...
2026-03-25 05:41:02 [INFO]   Record 03: Event ID: EVT1049 | Event Name: Qatar Schools Football League | Sport: Football | Venue: L...
2026-03-25 05:41:02 [INFO]   Record 04: Event ID: EVT1002 | Event Name: Qatar Premier League Match Day 8 | Sport: Swimming | Venue...
2026-03-25 05:41:02 [INFO]   Record 05: Event ID: EVT9262 | Event Name: MOS Annual Charity Football Gala | Sport: Swimming | Venue...
2026-03-25 05:41:02 [INFO]   Record 06: Event ID: EVT4828 | Event Name: FIFA World Cup Qatar Legacy Match | Sport: Football | Venu...
2026-03-25 05:41:02 [INFO]   Record 07: Event ID: EVT1930 | Event Name: Gulf Youth Cup Final | Sport: Volleyball | Venue: Aspire Z...
2026-03-25 05:41:02 [INFO]   Record 08: Event ID: EVT7986 | Event Name: National Team Preparation Match | Sport: Basketball | Venu...
2026-03-25 05:41:02 [INFO]   Record 09: Event ID: EVT2372 | Event Name: Arab Nations Championship Semi Final | Sport: Volleyball |...
2026-03-25 05:41:02 [INFO]   Record 10: Event ID: EVT1795 | Event Name: Gulf Cup Qualifier Round 1 | Sport: Football | Venue: Al T...
2026-03-25 05:41:02 [INFO] ------------------------------------------------------------------
2026-03-25 05:41:02 [INFO] File written successfully.
2026-03-25 05:41:02 [INFO]   Full path : /home/cloudera/mos_qatar_demo_poc/landing/mos_sports_events_20260325_054102.txt
2026-03-25 05:41:02 [INFO]   Size      : 2608 bytes
2026-03-25 05:41:02 [INFO]   Records   : 10
2026-03-25 05:41:02 [INFO] ==================================================================
2026-03-25 05:41:02 [INFO]   Generator Completed Successfully
2026-03-25 05:41:02 [INFO] ==================================================================
