2026-03-27 03:58:01 [INFO] ==================================================================
2026-03-27 03:58:01 [INFO]   MOS Qatar Demo - Sports Data Generator
2026-03-27 03:58:01 [INFO] ==================================================================
2026-03-27 03:58:01 [INFO] Config file   : /home/cloudera/mos_qatar_demo_poc/config/mos_qatar_demo.ini
2026-03-27 03:58:01 [INFO] Landing dir   : /home/cloudera/mos_qatar_demo_poc/landing
2026-03-27 03:58:01 [INFO] Output file   : mos_sports_events_20260327_035801.txt
2026-03-27 03:58:01 [INFO] Records count : 4
2026-03-27 03:58:01 [INFO] ------------------------------------------------------------------
2026-03-27 03:58:01 [INFO]   Record 01: Event ID: EVT6896 | Event Name: National Day Football Celebration | Sport: Volleyball | Ve...
2026-03-27 03:58:01 [INFO]   Record 02: Event ID: EVT7692 | Event Name: Qatar Cup Final | Sport: Volleyball | Venue: Al Janoub Sta...
2026-03-27 03:58:01 [INFO]   Record 03: Event ID: EVT2063 | Event Name: Arab Nations Championship Semi Final | Sport: Volleyball |...
2026-03-27 03:58:01 [INFO]   Record 04: Event ID: EVT9114 | Event Name: Gulf Youth Cup Round 1 | Sport: Athletics | Venue: Aspire ...
2026-03-27 03:58:01 [INFO] ------------------------------------------------------------------
2026-03-27 03:58:01 [INFO] File written successfully.
2026-03-27 03:58:01 [INFO]   Full path : /home/cloudera/mos_qatar_demo_poc/landing/mos_sports_events_20260327_035801.txt
2026-03-27 03:58:01 [INFO]   Size      : 1032 bytes
2026-03-27 03:58:01 [INFO]   Records   : 4
2026-03-27 03:58:01 [INFO] ==================================================================
2026-03-27 03:58:01 [INFO]   Generator Completed Successfully
2026-03-27 03:58:01 [INFO] ==================================================================
