2026-03-26 14:02:01 [INFO] ==================================================================
2026-03-26 14:02:01 [INFO]   MOS Qatar Demo - Sports Data Generator
2026-03-26 14:02:01 [INFO] ==================================================================
2026-03-26 14:02:01 [INFO] Config file   : /home/cloudera/mos_qatar_demo_poc/config/mos_qatar_demo.ini
2026-03-26 14:02:01 [INFO] Landing dir   : /home/cloudera/mos_qatar_demo_poc/landing
2026-03-26 14:02:01 [INFO] Output file   : mos_sports_events_20260326_140201.txt
2026-03-26 14:02:01 [INFO] Records count : 5
2026-03-26 14:02:01 [INFO] ------------------------------------------------------------------
2026-03-26 14:02:01 [INFO]   Record 01: Event ID: EVT3841 | Event Name: Qatar Under-20 Development League | Sport: Basketball | Ve...
2026-03-26 14:02:01 [INFO]   Record 02: Event ID: EVT4776 | Event Name: GCC Club Championship Semi Final | Sport: Basketball | Ven...
2026-03-26 14:02:01 [INFO]   Record 03: Event ID: EVT8784 | Event Name: GCC Club Championship Semi Final | Sport: Volleyball | Ven...
2026-03-26 14:02:01 [INFO]   Record 04: Event ID: EVT1377 | Event Name: National Day Football Celebration | Sport: Swimming | Venu...
2026-03-26 14:02:01 [INFO]   Record 05: Event ID: EVT2091 | Event Name: MOS Annual Charity Football Gala | Sport: Football | Venue...
2026-03-26 14:02:01 [INFO] ------------------------------------------------------------------
2026-03-26 14:02:01 [INFO] File written successfully.
2026-03-26 14:02:01 [INFO]   Full path : /home/cloudera/mos_qatar_demo_poc/landing/mos_sports_events_20260326_140201.txt
2026-03-26 14:02:01 [INFO]   Size      : 1311 bytes
2026-03-26 14:02:01 [INFO]   Records   : 5
2026-03-26 14:02:01 [INFO] ==================================================================
2026-03-26 14:02:01 [INFO]   Generator Completed Successfully
2026-03-26 14:02:01 [INFO] ==================================================================
