2026-03-27 03:50:01 [INFO] ==================================================================
2026-03-27 03:50:01 [INFO]   MOS Qatar Demo - Sports Data Generator
2026-03-27 03:50:01 [INFO] ==================================================================
2026-03-27 03:50:01 [INFO] Config file   : /home/cloudera/mos_qatar_demo_poc/config/mos_qatar_demo.ini
2026-03-27 03:50:01 [INFO] Landing dir   : /home/cloudera/mos_qatar_demo_poc/landing
2026-03-27 03:50:01 [INFO] Output file   : mos_sports_events_20260327_035001.txt
2026-03-27 03:50:01 [INFO] Records count : 7
2026-03-27 03:50:01 [INFO] ------------------------------------------------------------------
2026-03-27 03:50:01 [INFO]   Record 01: Event ID: EVT5872 | Event Name: Gulf Youth Cup Round 2 | Sport: Football | Venue: Khalifa ...
2026-03-27 03:50:01 [INFO]   Record 02: Event ID: EVT9117 | Event Name: Qatar Cup Semi Final | Sport: Swimming | Venue: Khalifa In...
2026-03-27 03:50:01 [INFO]   Record 03: Event ID: EVT9086 | Event Name: FIFA World Cup Qatar Legacy Match | Sport: Football | Venu...
2026-03-27 03:50:01 [INFO]   Record 04: Event ID: EVT8786 | Event Name: FIFA World Cup Qatar Legacy Match | Sport: Volleyball | Ve...
2026-03-27 03:50:01 [INFO]   Record 05: Event ID: EVT1251 | Event Name: Qatar Premier League Match Day 5 | Sport: Football | Venue...
2026-03-27 03:50:01 [INFO]   Record 06: Event ID: EVT7551 | Event Name: Qatar Schools Football League | Sport: Basketball | Venue:...
2026-03-27 03:50:01 [INFO]   Record 07: Event ID: EVT3802 | Event Name: Qatar Cup Final | Sport: Football | Venue: Al Bayt Stadium...
2026-03-27 03:50:01 [INFO] ------------------------------------------------------------------
2026-03-27 03:50:01 [INFO] File written successfully.
2026-03-27 03:50:01 [INFO]   Full path : /home/cloudera/mos_qatar_demo_poc/landing/mos_sports_events_20260327_035001.txt
2026-03-27 03:50:01 [INFO]   Size      : 1807 bytes
2026-03-27 03:50:01 [INFO]   Records   : 7
2026-03-27 03:50:01 [INFO] ==================================================================
2026-03-27 03:50:01 [INFO]   Generator Completed Successfully
2026-03-27 03:50:01 [INFO] ==================================================================
