2026-03-25 00:27:01 [INFO] ==================================================================
2026-03-25 00:27:01 [INFO]   MOS Qatar Demo - Sports Data Generator
2026-03-25 00:27:01 [INFO] ==================================================================
2026-03-25 00:27:01 [INFO] Config file   : /home/cloudera/mos_qatar_demo_poc/config/mos_qatar_demo.ini
2026-03-25 00:27:01 [INFO] Landing dir   : /home/cloudera/mos_qatar_demo_poc/landing
2026-03-25 00:27:01 [INFO] Output file   : mos_sports_events_20260325_002701.txt
2026-03-25 00:27:01 [INFO] Records count : 8
2026-03-25 00:27:01 [INFO] ------------------------------------------------------------------
2026-03-25 00:27:01 [INFO]   Record 01: Event ID: EVT3906 | Event Name: Qatar Cup Final | Sport: Football | Venue: Al Janoub Stadi...
2026-03-25 00:27:01 [INFO]   Record 02: Event ID: EVT2151 | Event Name: Arab Nations Championship Group Stage | Sport: Football | ...
2026-03-25 00:27:01 [INFO]   Record 03: Event ID: EVT6479 | Event Name: FIFA World Cup Qatar Legacy Match | Sport: Volleyball | Ve...
2026-03-25 00:27:01 [INFO]   Record 04: Event ID: EVT4693 | Event Name: Gulf Youth Cup Semi Final | Sport: Football | Venue: Qatar...
2026-03-25 00:27:01 [INFO]   Record 05: Event ID: EVT4832 | Event Name: Ministry Youth Sports Day | Sport: Football | Venue: Qatar...
2026-03-25 00:27:01 [INFO]   Record 06: Event ID: EVT3134 | Event Name: Doha Sports Festival Opening Match | Sport: Football | Ven...
2026-03-25 00:27:01 [INFO]   Record 07: Event ID: EVT6756 | Event Name: Gulf Youth Cup Round 2 | Sport: Swimming | Venue: Aspire Z...
2026-03-25 00:27:01 [INFO]   Record 08: Event ID: EVT5005 | Event Name: Qatar Cup Semi Final | Sport: Athletics | Venue: Al Wakrah...
2026-03-25 00:27:01 [INFO] ------------------------------------------------------------------
2026-03-25 00:27:01 [INFO] File written successfully.
2026-03-25 00:27:01 [INFO]   Full path : /home/cloudera/mos_qatar_demo_poc/landing/mos_sports_events_20260325_002701.txt
2026-03-25 00:27:01 [INFO]   Size      : 2051 bytes
2026-03-25 00:27:01 [INFO]   Records   : 8
2026-03-25 00:27:01 [INFO] ==================================================================
2026-03-25 00:27:01 [INFO]   Generator Completed Successfully
2026-03-25 00:27:01 [INFO] ==================================================================
