2026-03-24 18:40:02 [INFO] ==================================================================
2026-03-24 18:40:02 [INFO]   MOS Qatar Demo - Sports Data Generator
2026-03-24 18:40:02 [INFO] ==================================================================
2026-03-24 18:40:02 [INFO] Config file   : /home/cloudera/mos_qatar_demo_poc/config/mos_qatar_demo.ini
2026-03-24 18:40:02 [INFO] Landing dir   : /home/cloudera/mos_qatar_demo_poc/landing
2026-03-24 18:40:02 [INFO] Output file   : mos_sports_events_20260324_184002.txt
2026-03-24 18:40:02 [INFO] Records count : 4
2026-03-24 18:40:02 [INFO] ------------------------------------------------------------------
2026-03-24 18:40:02 [INFO]   Record 01: Event ID: EVT3030 | Event Name: Arab Nations Championship Semi Final | Sport: Football | V...
2026-03-24 18:40:02 [INFO]   Record 02: Event ID: EVT1559 | Event Name: Gulf Youth Cup Quarter Final | Sport: Football | Venue: Ah...
2026-03-24 18:40:02 [INFO]   Record 03: Event ID: EVT2913 | Event Name: Qatar Schools Football League | Sport: Swimming | Venue: A...
2026-03-24 18:40:02 [INFO]   Record 04: Event ID: EVT3163 | Event Name: Qatar Premier League Match Day 8 | Sport: Basketball | Ven...
2026-03-24 18:40:02 [INFO] ------------------------------------------------------------------
2026-03-24 18:40:02 [INFO] File written successfully.
2026-03-24 18:40:02 [INFO]   Full path : /home/cloudera/mos_qatar_demo_poc/landing/mos_sports_events_20260324_184002.txt
2026-03-24 18:40:02 [INFO]   Size      : 1054 bytes
2026-03-24 18:40:02 [INFO]   Records   : 4
2026-03-24 18:40:02 [INFO] ==================================================================
2026-03-24 18:40:02 [INFO]   Generator Completed Successfully
2026-03-24 18:40:02 [INFO] ==================================================================
