2026-03-26 12:55:01 [INFO] ==================================================================
2026-03-26 12:55:01 [INFO]   MOS Qatar Demo - Sports Data Generator
2026-03-26 12:55:01 [INFO] ==================================================================
2026-03-26 12:55:01 [INFO] Config file   : /home/cloudera/mos_qatar_demo_poc/config/mos_qatar_demo.ini
2026-03-26 12:55:01 [INFO] Landing dir   : /home/cloudera/mos_qatar_demo_poc/landing
2026-03-26 12:55:01 [INFO] Output file   : mos_sports_events_20260326_125501.txt
2026-03-26 12:55:01 [INFO] Records count : 9
2026-03-26 12:55:01 [INFO] ------------------------------------------------------------------
2026-03-26 12:55:01 [INFO]   Record 01: Event ID: EVT8597 | Event Name: GCC Club Championship Quarter Final | Sport: Athletics | V...
2026-03-26 12:55:01 [INFO]   Record 02: Event ID: EVT7662 | Event Name: Ministry Invitational Friendly Tournament | Sport: Volleyb...
2026-03-26 12:55:01 [INFO]   Record 03: Event ID: EVT9760 | Event Name: Qatar Cup Final | Sport: Volleyball | Venue: Khalifa Inter...
2026-03-26 12:55:01 [INFO]   Record 04: Event ID: EVT9652 | Event Name: Gulf Youth Cup Round 2 | Sport: Volleyball | Venue: Al Jan...
2026-03-26 12:55:01 [INFO]   Record 05: Event ID: EVT9755 | Event Name: Qatar Premier League Match Day 5 | Sport: Volleyball | Ven...
2026-03-26 12:55:01 [INFO]   Record 06: Event ID: EVT3822 | Event Name: Gulf Youth Cup Semi Final | Sport: Athletics | Venue: Khal...
2026-03-26 12:55:01 [INFO]   Record 07: Event ID: EVT7851 | Event Name: Qatar Cup Final | Sport: Athletics | Venue: Khalifa Intern...
2026-03-26 12:55:01 [INFO]   Record 08: Event ID: EVT5910 | Event Name: Ramadan Football Festival | Sport: Handball | Venue: Al Ba...
2026-03-26 12:55:01 [INFO]   Record 09: Event ID: EVT4876 | Event Name: Doha Sports Festival Opening Match | Sport: Handball | Ven...
2026-03-26 12:55:01 [INFO] ------------------------------------------------------------------
2026-03-26 12:55:01 [INFO] File written successfully.
2026-03-26 12:55:01 [INFO]   Full path : /home/cloudera/mos_qatar_demo_poc/landing/mos_sports_events_20260326_125501.txt
2026-03-26 12:55:01 [INFO]   Size      : 2314 bytes
2026-03-26 12:55:01 [INFO]   Records   : 9
2026-03-26 12:55:01 [INFO] ==================================================================
2026-03-26 12:55:01 [INFO]   Generator Completed Successfully
2026-03-26 12:55:01 [INFO] ==================================================================
