2026-03-26 01:22:01 [INFO] ==================================================================
2026-03-26 01:22:01 [INFO]   MOS Qatar Demo - Sports Data Generator
2026-03-26 01:22:01 [INFO] ==================================================================
2026-03-26 01:22:01 [INFO] Config file   : /home/cloudera/mos_qatar_demo_poc/config/mos_qatar_demo.ini
2026-03-26 01:22:01 [INFO] Landing dir   : /home/cloudera/mos_qatar_demo_poc/landing
2026-03-26 01:22:01 [INFO] Output file   : mos_sports_events_20260326_012201.txt
2026-03-26 01:22:01 [INFO] Records count : 7
2026-03-26 01:22:01 [INFO] ------------------------------------------------------------------
2026-03-26 01:22:01 [INFO]   Record 01: Event ID: EVT7195 | Event Name: Qatar Cup Semi Final | Sport: Football | Venue: Lusail Sta...
2026-03-26 01:22:01 [INFO]   Record 02: Event ID: EVT4411 | Event Name: Asian Qualifiers Warm-up Match | Sport: Volleyball | Venue...
2026-03-26 01:22:01 [INFO]   Record 03: Event ID: EVT5213 | Event Name: Gulf Youth Cup Final | Sport: Volleyball | Venue: Qatar Sp...
2026-03-26 01:22:01 [INFO]   Record 04: Event ID: EVT3549 | Event Name: GCC Club Championship Final | Sport: Handball | Venue: Asp...
2026-03-26 01:22:01 [INFO]   Record 05: Event ID: EVT3543 | Event Name: Gulf Youth Cup Round 1 | Sport: Swimming | Venue: Al Janou...
2026-03-26 01:22:01 [INFO]   Record 06: Event ID: EVT4383 | Event Name: Qatar Schools Football League | Sport: Swimming | Venue: A...
2026-03-26 01:22:01 [INFO]   Record 07: Event ID: EVT9613 | Event Name: National Day Football Celebration | Sport: Basketball | Ve...
2026-03-26 01:22:01 [INFO] ------------------------------------------------------------------
2026-03-26 01:22:01 [INFO] File written successfully.
2026-03-26 01:22:01 [INFO]   Full path : /home/cloudera/mos_qatar_demo_poc/landing/mos_sports_events_20260326_012201.txt
2026-03-26 01:22:01 [INFO]   Size      : 1786 bytes
2026-03-26 01:22:01 [INFO]   Records   : 7
2026-03-26 01:22:01 [INFO] ==================================================================
2026-03-26 01:22:01 [INFO]   Generator Completed Successfully
2026-03-26 01:22:01 [INFO] ==================================================================
