2026-03-27 17:13:01 [INFO] ==================================================================
2026-03-27 17:13:01 [INFO]   MOS Qatar Demo - Sports Data Generator
2026-03-27 17:13:01 [INFO] ==================================================================
2026-03-27 17:13:01 [INFO] Config file   : /home/cloudera/mos_qatar_demo_poc/config/mos_qatar_demo.ini
2026-03-27 17:13:01 [INFO] Landing dir   : /home/cloudera/mos_qatar_demo_poc/landing
2026-03-27 17:13:01 [INFO] Output file   : mos_sports_events_20260327_171301.txt
2026-03-27 17:13:01 [INFO] Records count : 8
2026-03-27 17:13:01 [INFO] ------------------------------------------------------------------
2026-03-27 17:13:01 [INFO]   Record 01: Event ID: EVT4802 | Event Name: Gulf Youth Cup Quarter Final | Sport: Football | Venue: Kh...
2026-03-27 17:13:01 [INFO]   Record 02: Event ID: EVT7205 | Event Name: Gulf Youth Cup Semi Final | Sport: Football | Venue: Al Th...
2026-03-27 17:13:01 [INFO]   Record 03: Event ID: EVT9139 | Event Name: Arab Nations Championship Group Stage | Sport: Football | ...
2026-03-27 17:13:01 [INFO]   Record 04: Event ID: EVT2612 | Event Name: Qatar Premier League Match Day 5 | Sport: Swimming | Venue...
2026-03-27 17:13:01 [INFO]   Record 05: Event ID: EVT7877 | Event Name: Doha Sports Festival Opening Match | Sport: Football | Ven...
2026-03-27 17:13:01 [INFO]   Record 06: Event ID: EVT7259 | Event Name: Doha Sports Festival Opening Match | Sport: Football | Ven...
2026-03-27 17:13:01 [INFO]   Record 07: Event ID: EVT5183 | Event Name: Arab Nations Championship Group Stage | Sport: Football | ...
2026-03-27 17:13:01 [INFO]   Record 08: Event ID: EVT8172 | Event Name: GCC Club Championship Quarter Final | Sport: Football | Ve...
2026-03-27 17:13:01 [INFO] ------------------------------------------------------------------
2026-03-27 17:13:01 [INFO] File written successfully.
2026-03-27 17:13:01 [INFO]   Full path : /home/cloudera/mos_qatar_demo_poc/landing/mos_sports_events_20260327_171301.txt
2026-03-27 17:13:01 [INFO]   Size      : 2126 bytes
2026-03-27 17:13:01 [INFO]   Records   : 8
2026-03-27 17:13:01 [INFO] ==================================================================
2026-03-27 17:13:01 [INFO]   Generator Completed Successfully
2026-03-27 17:13:01 [INFO] ==================================================================
