2026-03-25 06:06:01 [INFO] ==================================================================
2026-03-25 06:06:01 [INFO]   MOS Qatar Demo - Sports Data Generator
2026-03-25 06:06:01 [INFO] ==================================================================
2026-03-25 06:06:01 [INFO] Config file   : /home/cloudera/mos_qatar_demo_poc/config/mos_qatar_demo.ini
2026-03-25 06:06:01 [INFO] Landing dir   : /home/cloudera/mos_qatar_demo_poc/landing
2026-03-25 06:06:01 [INFO] Output file   : mos_sports_events_20260325_060601.txt
2026-03-25 06:06:01 [INFO] Records count : 9
2026-03-25 06:06:01 [INFO] ------------------------------------------------------------------
2026-03-25 06:06:01 [INFO]   Record 01: Event ID: EVT1403 | Event Name: Qatar Cup Semi Final | Sport: Football | Venue: Al Bayt St...
2026-03-25 06:06:01 [INFO]   Record 02: Event ID: EVT2707 | Event Name: National Team Preparation Match | Sport: Football | Venue:...
2026-03-25 06:06:01 [INFO]   Record 03: Event ID: EVT1125 | Event Name: Qatar Premier League Match Day 8 | Sport: Volleyball | Ven...
2026-03-25 06:06:01 [INFO]   Record 04: Event ID: EVT6738 | Event Name: GCC Club Championship Final | Sport: Football | Venue: Al ...
2026-03-25 06:06:01 [INFO]   Record 05: Event ID: EVT2018 | Event Name: MOS Annual Charity Football Gala | Sport: Athletics | Venu...
2026-03-25 06:06:01 [INFO]   Record 06: Event ID: EVT9375 | Event Name: Gulf Youth Cup Round 1 | Sport: Basketball | Venue: Al Thu...
2026-03-25 06:06:01 [INFO]   Record 07: Event ID: EVT6425 | Event Name: Ministry Invitational Friendly Tournament | Sport: Footbal...
2026-03-25 06:06:01 [INFO]   Record 08: Event ID: EVT6759 | Event Name: GCC Club Championship Semi Final | Sport: Swimming | Venue...
2026-03-25 06:06:01 [INFO]   Record 09: Event ID: EVT5566 | Event Name: Gulf Youth Cup Semi Final | Sport: Athletics | Venue: Lusa...
2026-03-25 06:06:01 [INFO] ------------------------------------------------------------------
2026-03-25 06:06:01 [INFO] File written successfully.
2026-03-25 06:06:01 [INFO]   Full path : /home/cloudera/mos_qatar_demo_poc/landing/mos_sports_events_20260325_060601.txt
2026-03-25 06:06:01 [INFO]   Size      : 2319 bytes
2026-03-25 06:06:01 [INFO]   Records   : 9
2026-03-25 06:06:01 [INFO] ==================================================================
2026-03-25 06:06:01 [INFO]   Generator Completed Successfully
2026-03-25 06:06:01 [INFO] ==================================================================
