2026-03-26 01:04:02 [INFO] ==================================================================
2026-03-26 01:04:02 [INFO]   MOS Qatar Demo - Sports Data Generator
2026-03-26 01:04:02 [INFO] ==================================================================
2026-03-26 01:04:02 [INFO] Config file   : /home/cloudera/mos_qatar_demo_poc/config/mos_qatar_demo.ini
2026-03-26 01:04:02 [INFO] Landing dir   : /home/cloudera/mos_qatar_demo_poc/landing
2026-03-26 01:04:02 [INFO] Output file   : mos_sports_events_20260326_010402.txt
2026-03-26 01:04:02 [INFO] Records count : 6
2026-03-26 01:04:02 [INFO] ------------------------------------------------------------------
2026-03-26 01:04:02 [INFO]   Record 01: Event ID: EVT2547 | Event Name: GCC Club Championship Quarter Final | Sport: Football | Ve...
2026-03-26 01:04:02 [INFO]   Record 02: Event ID: EVT9313 | Event Name: Doha Sports Festival Opening Match | Sport: Football | Ven...
2026-03-26 01:04:02 [INFO]   Record 03: Event ID: EVT6121 | Event Name: Ramadan Football Festival | Sport: Football | Venue: Aspir...
2026-03-26 01:04:02 [INFO]   Record 04: Event ID: EVT6396 | Event Name: Qatar Under-20 Development League | Sport: Football | Venu...
2026-03-26 01:04:02 [INFO]   Record 05: Event ID: EVT9923 | Event Name: National Day Football Celebration | Sport: Football | Venu...
2026-03-26 01:04:02 [INFO]   Record 06: Event ID: EVT3495 | Event Name: Ministry Youth Sports Day | Sport: Football | Venue: Al Ja...
2026-03-26 01:04:02 [INFO] ------------------------------------------------------------------
2026-03-26 01:04:02 [INFO] File written successfully.
2026-03-26 01:04:02 [INFO]   Full path : /home/cloudera/mos_qatar_demo_poc/landing/mos_sports_events_20260326_010402.txt
2026-03-26 01:04:02 [INFO]   Size      : 1543 bytes
2026-03-26 01:04:02 [INFO]   Records   : 6
2026-03-26 01:04:02 [INFO] ==================================================================
2026-03-26 01:04:02 [INFO]   Generator Completed Successfully
2026-03-26 01:04:02 [INFO] ==================================================================
