2026-03-25 20:27:02 [INFO] ==================================================================
2026-03-25 20:27:02 [INFO]   MOS Qatar Demo - Sports Data Generator
2026-03-25 20:27:02 [INFO] ==================================================================
2026-03-25 20:27:02 [INFO] Config file   : /home/cloudera/mos_qatar_demo_poc/config/mos_qatar_demo.ini
2026-03-25 20:27:02 [INFO] Landing dir   : /home/cloudera/mos_qatar_demo_poc/landing
2026-03-25 20:27:02 [INFO] Output file   : mos_sports_events_20260325_202702.txt
2026-03-25 20:27:02 [INFO] Records count : 10
2026-03-25 20:27:02 [INFO] ------------------------------------------------------------------
2026-03-25 20:27:02 [INFO]   Record 01: Event ID: EVT4012 | Event Name: National Day Football Celebration | Sport: Football | Venu...
2026-03-25 20:27:02 [INFO]   Record 02: Event ID: EVT9238 | Event Name: Ministry Youth Sports Day | Sport: Football | Venue: Aspir...
2026-03-25 20:27:02 [INFO]   Record 03: Event ID: EVT7976 | Event Name: National Team Preparation Match | Sport: Football | Venue:...
2026-03-25 20:27:02 [INFO]   Record 04: Event ID: EVT1226 | Event Name: Qatar Premier League Match Day 12 | Sport: Football | Venu...
2026-03-25 20:27:02 [INFO]   Record 05: Event ID: EVT8239 | Event Name: Asian Qualifiers Warm-up Match | Sport: Handball | Venue: ...
2026-03-25 20:27:02 [INFO]   Record 06: Event ID: EVT2583 | Event Name: Gulf Youth Cup Round 1 | Sport: Basketball | Venue: Al Thu...
2026-03-25 20:27:02 [INFO]   Record 07: Event ID: EVT6330 | Event Name: Qatar Schools Football League | Sport: Football | Venue: E...
2026-03-25 20:27:02 [INFO]   Record 08: Event ID: EVT6990 | Event Name: Qatar Schools Football League | Sport: Football | Venue: A...
2026-03-25 20:27:02 [INFO]   Record 09: Event ID: EVT4951 | Event Name: Arab Nations Championship Group Stage | Sport: Football | ...
2026-03-25 20:27:02 [INFO]   Record 10: Event ID: EVT6185 | Event Name: Ramadan Football Festival | Sport: Swimming | Venue: Al Ba...
2026-03-25 20:27:02 [INFO] ------------------------------------------------------------------
2026-03-25 20:27:02 [INFO] File written successfully.
2026-03-25 20:27:02 [INFO]   Full path : /home/cloudera/mos_qatar_demo_poc/landing/mos_sports_events_20260325_202702.txt
2026-03-25 20:27:02 [INFO]   Size      : 2584 bytes
2026-03-25 20:27:02 [INFO]   Records   : 10
2026-03-25 20:27:02 [INFO] ==================================================================
2026-03-25 20:27:02 [INFO]   Generator Completed Successfully
2026-03-25 20:27:02 [INFO] ==================================================================
