2026-03-26 11:04:01 [INFO] ==================================================================
2026-03-26 11:04:01 [INFO]   MOS Qatar Demo - Sports Data Generator
2026-03-26 11:04:01 [INFO] ==================================================================
2026-03-26 11:04:01 [INFO] Config file   : /home/cloudera/mos_qatar_demo_poc/config/mos_qatar_demo.ini
2026-03-26 11:04:01 [INFO] Landing dir   : /home/cloudera/mos_qatar_demo_poc/landing
2026-03-26 11:04:01 [INFO] Output file   : mos_sports_events_20260326_110401.txt
2026-03-26 11:04:01 [INFO] Records count : 6
2026-03-26 11:04:01 [INFO] ------------------------------------------------------------------
2026-03-26 11:04:01 [INFO]   Record 01: Event ID: EVT5696 | Event Name: Qatar Premier League Match Day 8 | Sport: Football | Venue...
2026-03-26 11:04:01 [INFO]   Record 02: Event ID: EVT9859 | Event Name: Qatar Cup Final | Sport: Swimming | Venue: Aspire Zone Are...
2026-03-26 11:04:01 [INFO]   Record 03: Event ID: EVT4278 | Event Name: Qatar Premier League Match Day 5 | Sport: Football | Venue...
2026-03-26 11:04:01 [INFO]   Record 04: Event ID: EVT6949 | Event Name: Qatar Olympic Training Camp Evaluation | Sport: Football |...
2026-03-26 11:04:01 [INFO]   Record 05: Event ID: EVT6075 | Event Name: Qatar Cup Semi Final | Sport: Football | Venue: Lusail Sta...
2026-03-26 11:04:01 [INFO]   Record 06: Event ID: EVT2508 | Event Name: GCC Club Championship Semi Final | Sport: Athletics | Venu...
2026-03-26 11:04:01 [INFO] ------------------------------------------------------------------
2026-03-26 11:04:01 [INFO] File written successfully.
2026-03-26 11:04:01 [INFO]   Full path : /home/cloudera/mos_qatar_demo_poc/landing/mos_sports_events_20260326_110401.txt
2026-03-26 11:04:01 [INFO]   Size      : 1532 bytes
2026-03-26 11:04:01 [INFO]   Records   : 6
2026-03-26 11:04:01 [INFO] ==================================================================
2026-03-26 11:04:01 [INFO]   Generator Completed Successfully
2026-03-26 11:04:01 [INFO] ==================================================================
