2026-03-25 16:04:02 [INFO] ==================================================================
2026-03-25 16:04:02 [INFO]   MOS Qatar Demo - Sports Data Generator
2026-03-25 16:04:02 [INFO] ==================================================================
2026-03-25 16:04:02 [INFO] Config file   : /home/cloudera/mos_qatar_demo_poc/config/mos_qatar_demo.ini
2026-03-25 16:04:02 [INFO] Landing dir   : /home/cloudera/mos_qatar_demo_poc/landing
2026-03-25 16:04:02 [INFO] Output file   : mos_sports_events_20260325_160402.txt
2026-03-25 16:04:02 [INFO] Records count : 6
2026-03-25 16:04:02 [INFO] ------------------------------------------------------------------
2026-03-25 16:04:02 [INFO]   Record 01: Event ID: EVT6324 | Event Name: Gulf Youth Cup Round 1 | Sport: Swimming | Venue: Khalifa ...
2026-03-25 16:04:02 [INFO]   Record 02: Event ID: EVT7919 | Event Name: Asian Qualifiers Warm-up Match | Sport: Swimming | Venue: ...
2026-03-25 16:04:02 [INFO]   Record 03: Event ID: EVT6065 | Event Name: Asian Qualifiers Warm-up Match | Sport: Football | Venue: ...
2026-03-25 16:04:02 [INFO]   Record 04: Event ID: EVT7721 | Event Name: Qatar Premier League Match Day 8 | Sport: Football | Venue...
2026-03-25 16:04:02 [INFO]   Record 05: Event ID: EVT6850 | Event Name: GCC Club Championship Quarter Final | Sport: Football | Ve...
2026-03-25 16:04:02 [INFO]   Record 06: Event ID: EVT6444 | Event Name: Gulf Youth Cup Round 2 | Sport: Volleyball | Venue: Ahmad ...
2026-03-25 16:04:02 [INFO] ------------------------------------------------------------------
2026-03-25 16:04:02 [INFO] File written successfully.
2026-03-25 16:04:02 [INFO]   Full path : /home/cloudera/mos_qatar_demo_poc/landing/mos_sports_events_20260325_160402.txt
2026-03-25 16:04:02 [INFO]   Size      : 1564 bytes
2026-03-25 16:04:02 [INFO]   Records   : 6
2026-03-25 16:04:02 [INFO] ==================================================================
2026-03-25 16:04:02 [INFO]   Generator Completed Successfully
2026-03-25 16:04:02 [INFO] ==================================================================
