2026-03-25 21:59:01 [INFO] ==================================================================
2026-03-25 21:59:01 [INFO]   MOS Qatar Demo - Sports Data Generator
2026-03-25 21:59:01 [INFO] ==================================================================
2026-03-25 21:59:01 [INFO] Config file   : /home/cloudera/mos_qatar_demo_poc/config/mos_qatar_demo.ini
2026-03-25 21:59:01 [INFO] Landing dir   : /home/cloudera/mos_qatar_demo_poc/landing
2026-03-25 21:59:01 [INFO] Output file   : mos_sports_events_20260325_215901.txt
2026-03-25 21:59:01 [INFO] Records count : 7
2026-03-25 21:59:01 [INFO] ------------------------------------------------------------------
2026-03-25 21:59:01 [INFO]   Record 01: Event ID: EVT1439 | Event Name: Qatar Cup Semi Final | Sport: Handball | Venue: Aspire Zon...
2026-03-25 21:59:01 [INFO]   Record 02: Event ID: EVT2246 | Event Name: MOS Annual Charity Football Gala | Sport: Football | Venue...
2026-03-25 21:59:01 [INFO]   Record 03: Event ID: EVT6906 | Event Name: GCC Club Championship Quarter Final | Sport: Football | Ve...
2026-03-25 21:59:01 [INFO]   Record 04: Event ID: EVT8714 | Event Name: Qatar Schools Football League | Sport: Basketball | Venue:...
2026-03-25 21:59:01 [INFO]   Record 05: Event ID: EVT4410 | Event Name: Qatar Cup Semi Final | Sport: Swimming | Venue: Al Bayt St...
2026-03-25 21:59:01 [INFO]   Record 06: Event ID: EVT9346 | Event Name: Qatar Cup Semi Final | Sport: Football | Venue: Al Janoub ...
2026-03-25 21:59:01 [INFO]   Record 07: Event ID: EVT8269 | Event Name: FIFA World Cup Qatar Legacy Match | Sport: Football | Venu...
2026-03-25 21:59:01 [INFO] ------------------------------------------------------------------
2026-03-25 21:59:01 [INFO] File written successfully.
2026-03-25 21:59:01 [INFO]   Full path : /home/cloudera/mos_qatar_demo_poc/landing/mos_sports_events_20260325_215901.txt
2026-03-25 21:59:01 [INFO]   Size      : 1764 bytes
2026-03-25 21:59:01 [INFO]   Records   : 7
2026-03-25 21:59:01 [INFO] ==================================================================
2026-03-25 21:59:01 [INFO]   Generator Completed Successfully
2026-03-25 21:59:01 [INFO] ==================================================================
