2026-03-27 17:43:02 [INFO] ==================================================================
2026-03-27 17:43:02 [INFO]   MOS Qatar Demo - Sports Data Generator
2026-03-27 17:43:02 [INFO] ==================================================================
2026-03-27 17:43:02 [INFO] Config file   : /home/cloudera/mos_qatar_demo_poc/config/mos_qatar_demo.ini
2026-03-27 17:43:02 [INFO] Landing dir   : /home/cloudera/mos_qatar_demo_poc/landing
2026-03-27 17:43:02 [INFO] Output file   : mos_sports_events_20260327_174302.txt
2026-03-27 17:43:02 [INFO] Records count : 9
2026-03-27 17:43:02 [INFO] ------------------------------------------------------------------
2026-03-27 17:43:02 [INFO]   Record 01: Event ID: EVT2730 | Event Name: FIFA World Cup Qatar Legacy Match | Sport: Swimming | Venu...
2026-03-27 17:43:02 [INFO]   Record 02: Event ID: EVT2509 | Event Name: National Team Preparation Match | Sport: Football | Venue:...
2026-03-27 17:43:02 [INFO]   Record 03: Event ID: EVT4106 | Event Name: Ramadan Football Festival | Sport: Football | Venue: Khali...
2026-03-27 17:43:02 [INFO]   Record 04: Event ID: EVT9077 | Event Name: GCC Club Championship Semi Final | Sport: Football | Venue...
2026-03-27 17:43:02 [INFO]   Record 05: Event ID: EVT9262 | Event Name: Qatar Premier League Match Day 8 | Sport: Swimming | Venue...
2026-03-27 17:43:02 [INFO]   Record 06: Event ID: EVT6700 | Event Name: Gulf Cup Qualifier Round 1 | Sport: Football | Venue: Al T...
2026-03-27 17:43:02 [INFO]   Record 07: Event ID: EVT6312 | Event Name: Gulf Youth Cup Semi Final | Sport: Football | Venue: Lusai...
2026-03-27 17:43:02 [INFO]   Record 08: Event ID: EVT1552 | Event Name: Gulf Youth Cup Final | Sport: Athletics | Venue: Al Wakrah...
2026-03-27 17:43:02 [INFO]   Record 09: Event ID: EVT4722 | Event Name: GCC Club Championship Semi Final | Sport: Football | Venue...
2026-03-27 17:43:02 [INFO] ------------------------------------------------------------------
2026-03-27 17:43:02 [INFO] File written successfully.
2026-03-27 17:43:02 [INFO]   Full path : /home/cloudera/mos_qatar_demo_poc/landing/mos_sports_events_20260327_174302.txt
2026-03-27 17:43:02 [INFO]   Size      : 2330 bytes
2026-03-27 17:43:02 [INFO]   Records   : 9
2026-03-27 17:43:02 [INFO] ==================================================================
2026-03-27 17:43:02 [INFO]   Generator Completed Successfully
2026-03-27 17:43:02 [INFO] ==================================================================
