2026-03-25 17:09:01 [INFO] ==================================================================
2026-03-25 17:09:01 [INFO]   MOS Qatar Demo - Sports Data Generator
2026-03-25 17:09:01 [INFO] ==================================================================
2026-03-25 17:09:01 [INFO] Config file   : /home/cloudera/mos_qatar_demo_poc/config/mos_qatar_demo.ini
2026-03-25 17:09:01 [INFO] Landing dir   : /home/cloudera/mos_qatar_demo_poc/landing
2026-03-25 17:09:01 [INFO] Output file   : mos_sports_events_20260325_170901.txt
2026-03-25 17:09:01 [INFO] Records count : 10
2026-03-25 17:09:01 [INFO] ------------------------------------------------------------------
2026-03-25 17:09:01 [INFO]   Record 01: Event ID: EVT5297 | Event Name: Ramadan Football Festival | Sport: Athletics | Venue: Khal...
2026-03-25 17:09:01 [INFO]   Record 02: Event ID: EVT2745 | Event Name: Gulf Youth Cup Round 2 | Sport: Football | Venue: Qatar Sp...
2026-03-25 17:09:01 [INFO]   Record 03: Event ID: EVT8140 | Event Name: Qatar Schools Football League | Sport: Football | Venue: A...
2026-03-25 17:09:01 [INFO]   Record 04: Event ID: EVT5704 | Event Name: Qatar Cup Final | Sport: Basketball | Venue: Khalifa Inter...
2026-03-25 17:09:01 [INFO]   Record 05: Event ID: EVT5574 | Event Name: Gulf Youth Cup Round 1 | Sport: Volleyball | Venue: Al Thu...
2026-03-25 17:09:01 [INFO]   Record 06: Event ID: EVT2414 | Event Name: Qatar Cup Final | Sport: Football | Venue: Al Janoub Stadi...
2026-03-25 17:09:01 [INFO]   Record 07: Event ID: EVT8541 | Event Name: Asian Qualifiers Warm-up Match | Sport: Football | Venue: ...
2026-03-25 17:09:01 [INFO]   Record 08: Event ID: EVT7531 | Event Name: Qatar Cup Final | Sport: Volleyball | Venue: Al Wakrah Spo...
2026-03-25 17:09:01 [INFO]   Record 09: Event ID: EVT4345 | Event Name: Gulf Youth Cup Round 1 | Sport: Swimming | Venue: Lusail S...
2026-03-25 17:09:01 [INFO]   Record 10: Event ID: EVT9787 | Event Name: Gulf Youth Cup Round 2 | Sport: Volleyball | Venue: Ahmad ...
2026-03-25 17:09:01 [INFO] ------------------------------------------------------------------
2026-03-25 17:09:01 [INFO] File written successfully.
2026-03-25 17:09:01 [INFO]   Full path : /home/cloudera/mos_qatar_demo_poc/landing/mos_sports_events_20260325_170901.txt
2026-03-25 17:09:01 [INFO]   Size      : 2505 bytes
2026-03-25 17:09:01 [INFO]   Records   : 10
2026-03-25 17:09:01 [INFO] ==================================================================
2026-03-25 17:09:01 [INFO]   Generator Completed Successfully
2026-03-25 17:09:01 [INFO] ==================================================================
