2026-03-26 06:08:02 [INFO] ==================================================================
2026-03-26 06:08:02 [INFO]   MOS Qatar Demo - Sports Data Generator
2026-03-26 06:08:02 [INFO] ==================================================================
2026-03-26 06:08:02 [INFO] Config file   : /home/cloudera/mos_qatar_demo_poc/config/mos_qatar_demo.ini
2026-03-26 06:08:02 [INFO] Landing dir   : /home/cloudera/mos_qatar_demo_poc/landing
2026-03-26 06:08:02 [INFO] Output file   : mos_sports_events_20260326_060802.txt
2026-03-26 06:08:02 [INFO] Records count : 10
2026-03-26 06:08:02 [INFO] ------------------------------------------------------------------
2026-03-26 06:08:02 [INFO]   Record 01: Event ID: EVT9050 | Event Name: Ministry Invitational Friendly Tournament | Sport: Footbal...
2026-03-26 06:08:02 [INFO]   Record 02: Event ID: EVT7095 | Event Name: National Day Football Celebration | Sport: Handball | Venu...
2026-03-26 06:08:02 [INFO]   Record 03: Event ID: EVT1375 | Event Name: National Day Football Celebration | Sport: Football | Venu...
2026-03-26 06:08:02 [INFO]   Record 04: Event ID: EVT8270 | Event Name: Gulf Youth Cup Quarter Final | Sport: Swimming | Venue: Ah...
2026-03-26 06:08:02 [INFO]   Record 05: Event ID: EVT5239 | Event Name: GCC Club Championship Semi Final | Sport: Football | Venue...
2026-03-26 06:08:02 [INFO]   Record 06: Event ID: EVT3083 | Event Name: Qatar Premier League Match Day 5 | Sport: Athletics | Venu...
2026-03-26 06:08:02 [INFO]   Record 07: Event ID: EVT3184 | Event Name: Gulf Youth Cup Quarter Final | Sport: Handball | Venue: As...
2026-03-26 06:08:02 [INFO]   Record 08: Event ID: EVT2261 | Event Name: Ministry Invitational Friendly Tournament | Sport: Basketb...
2026-03-26 06:08:02 [INFO]   Record 09: Event ID: EVT9481 | Event Name: MOS Annual Charity Football Gala | Sport: Handball | Venue...
2026-03-26 06:08:02 [INFO]   Record 10: Event ID: EVT9237 | Event Name: Gulf Youth Cup Semi Final | Sport: Basketball | Venue: Al ...
2026-03-26 06:08:02 [INFO] ------------------------------------------------------------------
2026-03-26 06:08:02 [INFO] File written successfully.
2026-03-26 06:08:02 [INFO]   Full path : /home/cloudera/mos_qatar_demo_poc/landing/mos_sports_events_20260326_060802.txt
2026-03-26 06:08:02 [INFO]   Size      : 2622 bytes
2026-03-26 06:08:02 [INFO]   Records   : 10
2026-03-26 06:08:02 [INFO] ==================================================================
2026-03-26 06:08:02 [INFO]   Generator Completed Successfully
2026-03-26 06:08:02 [INFO] ==================================================================
