2026-03-26 13:56:01 [INFO] ==================================================================
2026-03-26 13:56:01 [INFO]   MOS Qatar Demo - Sports Data Generator
2026-03-26 13:56:01 [INFO] ==================================================================
2026-03-26 13:56:01 [INFO] Config file   : /home/cloudera/mos_qatar_demo_poc/config/mos_qatar_demo.ini
2026-03-26 13:56:01 [INFO] Landing dir   : /home/cloudera/mos_qatar_demo_poc/landing
2026-03-26 13:56:01 [INFO] Output file   : mos_sports_events_20260326_135601.txt
2026-03-26 13:56:01 [INFO] Records count : 8
2026-03-26 13:56:01 [INFO] ------------------------------------------------------------------
2026-03-26 13:56:01 [INFO]   Record 01: Event ID: EVT9079 | Event Name: Arab Nations Championship Semi Final | Sport: Athletics | ...
2026-03-26 13:56:01 [INFO]   Record 02: Event ID: EVT9812 | Event Name: Gulf Youth Cup Quarter Final | Sport: Football | Venue: Ed...
2026-03-26 13:56:01 [INFO]   Record 03: Event ID: EVT6589 | Event Name: Ministry Invitational Friendly Tournament | Sport: Footbal...
2026-03-26 13:56:01 [INFO]   Record 04: Event ID: EVT7973 | Event Name: Gulf Youth Cup Round 2 | Sport: Basketball | Venue: Al Thu...
2026-03-26 13:56:01 [INFO]   Record 05: Event ID: EVT3533 | Event Name: Qatar Olympic Training Camp Evaluation | Sport: Football |...
2026-03-26 13:56:01 [INFO]   Record 06: Event ID: EVT4967 | Event Name: Qatar Cup Semi Final | Sport: Swimming | Venue: Ahmad Bin ...
2026-03-26 13:56:01 [INFO]   Record 07: Event ID: EVT6734 | Event Name: National Day Football Celebration | Sport: Volleyball | Ve...
2026-03-26 13:56:01 [INFO]   Record 08: Event ID: EVT5804 | Event Name: Ramadan Football Festival | Sport: Swimming | Venue: Khali...
2026-03-26 13:56:01 [INFO] ------------------------------------------------------------------
2026-03-26 13:56:01 [INFO] File written successfully.
2026-03-26 13:56:01 [INFO]   Full path : /home/cloudera/mos_qatar_demo_poc/landing/mos_sports_events_20260326_135601.txt
2026-03-26 13:56:01 [INFO]   Size      : 2110 bytes
2026-03-26 13:56:01 [INFO]   Records   : 8
2026-03-26 13:56:01 [INFO] ==================================================================
2026-03-26 13:56:01 [INFO]   Generator Completed Successfully
2026-03-26 13:56:01 [INFO] ==================================================================
