2026-03-24 18:15:01 [INFO] ==================================================================
2026-03-24 18:15:01 [INFO]   MOS Qatar Demo - Sports Data Generator
2026-03-24 18:15:01 [INFO] ==================================================================
2026-03-24 18:15:01 [INFO] Config file   : /home/cloudera/mos_qatar_demo_poc/config/mos_qatar_demo.ini
2026-03-24 18:15:01 [INFO] Landing dir   : /home/cloudera/mos_qatar_demo_poc/landing
2026-03-24 18:15:01 [INFO] Output file   : mos_sports_events_20260324_181501.txt
2026-03-24 18:15:01 [INFO] Records count : 4
2026-03-24 18:15:01 [INFO] ------------------------------------------------------------------
2026-03-24 18:15:01 [INFO]   Record 01: Event ID: EVT3256 | Event Name: Qatar Cup Semi Final | Sport: Volleyball | Venue: Aspire Z...
2026-03-24 18:15:01 [INFO]   Record 02: Event ID: EVT3038 | Event Name: MOS Annual Charity Football Gala | Sport: Football | Venue...
2026-03-24 18:15:01 [INFO]   Record 03: Event ID: EVT1801 | Event Name: FIFA World Cup Qatar Legacy Match | Sport: Football | Venu...
2026-03-24 18:15:01 [INFO]   Record 04: Event ID: EVT1515 | Event Name: Qatar Olympic Training Camp Evaluation | Sport: Basketball...
2026-03-24 18:15:01 [INFO] ------------------------------------------------------------------
2026-03-24 18:15:01 [INFO] File written successfully.
2026-03-24 18:15:01 [INFO]   Full path : /home/cloudera/mos_qatar_demo_poc/landing/mos_sports_events_20260324_181501.txt
2026-03-24 18:15:01 [INFO]   Size      : 1042 bytes
2026-03-24 18:15:01 [INFO]   Records   : 4
2026-03-24 18:15:01 [INFO] ==================================================================
2026-03-24 18:15:01 [INFO]   Generator Completed Successfully
2026-03-24 18:15:01 [INFO] ==================================================================
