2026-03-26 21:38:02 [INFO] ==================================================================
2026-03-26 21:38:02 [INFO]   MOS Qatar Demo - Sports Data Generator
2026-03-26 21:38:02 [INFO] ==================================================================
2026-03-26 21:38:02 [INFO] Config file   : /home/cloudera/mos_qatar_demo_poc/config/mos_qatar_demo.ini
2026-03-26 21:38:02 [INFO] Landing dir   : /home/cloudera/mos_qatar_demo_poc/landing
2026-03-26 21:38:02 [INFO] Output file   : mos_sports_events_20260326_213802.txt
2026-03-26 21:38:02 [INFO] Records count : 6
2026-03-26 21:38:02 [INFO] ------------------------------------------------------------------
2026-03-26 21:38:02 [INFO]   Record 01: Event ID: EVT2315 | Event Name: Gulf Youth Cup Round 1 | Sport: Football | Venue: Al Bayt ...
2026-03-26 21:38:02 [INFO]   Record 02: Event ID: EVT5907 | Event Name: GCC Club Championship Final | Sport: Swimming | Venue: Kha...
2026-03-26 21:38:02 [INFO]   Record 03: Event ID: EVT2007 | Event Name: Gulf Youth Cup Final | Sport: Basketball | Venue: Qatar Sp...
2026-03-26 21:38:02 [INFO]   Record 04: Event ID: EVT5880 | Event Name: Qatar Premier League Match Day 12 | Sport: Football | Venu...
2026-03-26 21:38:02 [INFO]   Record 05: Event ID: EVT2377 | Event Name: Gulf Cup Qualifier Round 1 | Sport: Swimming | Venue: Aspi...
2026-03-26 21:38:02 [INFO]   Record 06: Event ID: EVT9487 | Event Name: Ministry Youth Sports Day | Sport: Football | Venue: Al Ja...
2026-03-26 21:38:02 [INFO] ------------------------------------------------------------------
2026-03-26 21:38:02 [INFO] File written successfully.
2026-03-26 21:38:02 [INFO]   Full path : /home/cloudera/mos_qatar_demo_poc/landing/mos_sports_events_20260326_213802.txt
2026-03-26 21:38:02 [INFO]   Size      : 1541 bytes
2026-03-26 21:38:02 [INFO]   Records   : 6
2026-03-26 21:38:02 [INFO] ==================================================================
2026-03-26 21:38:02 [INFO]   Generator Completed Successfully
2026-03-26 21:38:02 [INFO] ==================================================================
