2026-03-26 17:21:01 [INFO] ==================================================================
2026-03-26 17:21:01 [INFO]   MOS Qatar Demo - Sports Data Generator
2026-03-26 17:21:01 [INFO] ==================================================================
2026-03-26 17:21:01 [INFO] Config file   : /home/cloudera/mos_qatar_demo_poc/config/mos_qatar_demo.ini
2026-03-26 17:21:01 [INFO] Landing dir   : /home/cloudera/mos_qatar_demo_poc/landing
2026-03-26 17:21:01 [INFO] Output file   : mos_sports_events_20260326_172101.txt
2026-03-26 17:21:01 [INFO] Records count : 6
2026-03-26 17:21:01 [INFO] ------------------------------------------------------------------
2026-03-26 17:21:01 [INFO]   Record 01: Event ID: EVT9963 | Event Name: Qatar Olympic Training Camp Evaluation | Sport: Handball |...
2026-03-26 17:21:01 [INFO]   Record 02: Event ID: EVT6065 | Event Name: National Day Football Celebration | Sport: Swimming | Venu...
2026-03-26 17:21:01 [INFO]   Record 03: Event ID: EVT9366 | Event Name: Doha Sports Festival Opening Match | Sport: Volleyball | V...
2026-03-26 17:21:01 [INFO]   Record 04: Event ID: EVT2148 | Event Name: FIFA World Cup Qatar Legacy Match | Sport: Football | Venu...
2026-03-26 17:21:01 [INFO]   Record 05: Event ID: EVT3298 | Event Name: Ramadan Football Festival | Sport: Handball | Venue: Ahmad...
2026-03-26 17:21:01 [INFO]   Record 06: Event ID: EVT5898 | Event Name: Qatar Premier League Match Day 8 | Sport: Handball | Venue...
2026-03-26 17:21:01 [INFO] ------------------------------------------------------------------
2026-03-26 17:21:01 [INFO] File written successfully.
2026-03-26 17:21:01 [INFO]   Full path : /home/cloudera/mos_qatar_demo_poc/landing/mos_sports_events_20260326_172101.txt
2026-03-26 17:21:01 [INFO]   Size      : 1555 bytes
2026-03-26 17:21:01 [INFO]   Records   : 6
2026-03-26 17:21:01 [INFO] ==================================================================
2026-03-26 17:21:01 [INFO]   Generator Completed Successfully
2026-03-26 17:21:01 [INFO] ==================================================================
