2026-03-27 14:10:01 [INFO] ==================================================================
2026-03-27 14:10:01 [INFO]   MOS Qatar Demo - Sports Data Generator
2026-03-27 14:10:01 [INFO] ==================================================================
2026-03-27 14:10:01 [INFO] Config file   : /home/cloudera/mos_qatar_demo_poc/config/mos_qatar_demo.ini
2026-03-27 14:10:01 [INFO] Landing dir   : /home/cloudera/mos_qatar_demo_poc/landing
2026-03-27 14:10:01 [INFO] Output file   : mos_sports_events_20260327_141001.txt
2026-03-27 14:10:01 [INFO] Records count : 9
2026-03-27 14:10:01 [INFO] ------------------------------------------------------------------
2026-03-27 14:10:01 [INFO]   Record 01: Event ID: EVT7813 | Event Name: Arab Nations Championship Group Stage | Sport: Handball | ...
2026-03-27 14:10:01 [INFO]   Record 02: Event ID: EVT6145 | Event Name: Gulf Youth Cup Semi Final | Sport: Volleyball | Venue: Kha...
2026-03-27 14:10:01 [INFO]   Record 03: Event ID: EVT3265 | Event Name: FIFA World Cup Qatar Legacy Match | Sport: Football | Venu...
2026-03-27 14:10:01 [INFO]   Record 04: Event ID: EVT7383 | Event Name: Ministry Youth Sports Day | Sport: Swimming | Venue: Educa...
2026-03-27 14:10:01 [INFO]   Record 05: Event ID: EVT2104 | Event Name: Qatar Schools Football League | Sport: Swimming | Venue: A...
2026-03-27 14:10:01 [INFO]   Record 06: Event ID: EVT4215 | Event Name: Qatar Schools Football League | Sport: Football | Venue: A...
2026-03-27 14:10:01 [INFO]   Record 07: Event ID: EVT2037 | Event Name: MOS Annual Charity Football Gala | Sport: Football | Venue...
2026-03-27 14:10:01 [INFO]   Record 08: Event ID: EVT4962 | Event Name: Arab Nations Championship Group Stage | Sport: Handball | ...
2026-03-27 14:10:01 [INFO]   Record 09: Event ID: EVT3057 | Event Name: Gulf Youth Cup Final | Sport: Football | Venue: Al Janoub ...
2026-03-27 14:10:01 [INFO] ------------------------------------------------------------------
2026-03-27 14:10:01 [INFO] File written successfully.
2026-03-27 14:10:01 [INFO]   Full path : /home/cloudera/mos_qatar_demo_poc/landing/mos_sports_events_20260327_141001.txt
2026-03-27 14:10:01 [INFO]   Size      : 2327 bytes
2026-03-27 14:10:01 [INFO]   Records   : 9
2026-03-27 14:10:01 [INFO] ==================================================================
2026-03-27 14:10:01 [INFO]   Generator Completed Successfully
2026-03-27 14:10:01 [INFO] ==================================================================
