2026-03-25 09:33:02 [INFO] ==================================================================
2026-03-25 09:33:02 [INFO]   MOS Qatar Demo - Sports Data Generator
2026-03-25 09:33:02 [INFO] ==================================================================
2026-03-25 09:33:02 [INFO] Config file   : /home/cloudera/mos_qatar_demo_poc/config/mos_qatar_demo.ini
2026-03-25 09:33:02 [INFO] Landing dir   : /home/cloudera/mos_qatar_demo_poc/landing
2026-03-25 09:33:02 [INFO] Output file   : mos_sports_events_20260325_093302.txt
2026-03-25 09:33:02 [INFO] Records count : 4
2026-03-25 09:33:02 [INFO] ------------------------------------------------------------------
2026-03-25 09:33:02 [INFO]   Record 01: Event ID: EVT9293 | Event Name: Gulf Youth Cup Round 1 | Sport: Swimming | Venue: Qatar Sp...
2026-03-25 09:33:02 [INFO]   Record 02: Event ID: EVT5943 | Event Name: Gulf Youth Cup Quarter Final | Sport: Football | Venue: Al...
2026-03-25 09:33:02 [INFO]   Record 03: Event ID: EVT5090 | Event Name: Gulf Youth Cup Quarter Final | Sport: Handball | Venue: Al...
2026-03-25 09:33:02 [INFO]   Record 04: Event ID: EVT9848 | Event Name: Qatar Under-20 Development League | Sport: Handball | Venu...
2026-03-25 09:33:02 [INFO] ------------------------------------------------------------------
2026-03-25 09:33:02 [INFO] File written successfully.
2026-03-25 09:33:02 [INFO]   Full path : /home/cloudera/mos_qatar_demo_poc/landing/mos_sports_events_20260325_093302.txt
2026-03-25 09:33:02 [INFO]   Size      : 1028 bytes
2026-03-25 09:33:02 [INFO]   Records   : 4
2026-03-25 09:33:02 [INFO] ==================================================================
2026-03-25 09:33:02 [INFO]   Generator Completed Successfully
2026-03-25 09:33:02 [INFO] ==================================================================
