2026-03-25 21:05:01 [INFO] ==================================================================
2026-03-25 21:05:01 [INFO]   MOS Qatar Demo - Sports Data Generator
2026-03-25 21:05:01 [INFO] ==================================================================
2026-03-25 21:05:01 [INFO] Config file   : /home/cloudera/mos_qatar_demo_poc/config/mos_qatar_demo.ini
2026-03-25 21:05:01 [INFO] Landing dir   : /home/cloudera/mos_qatar_demo_poc/landing
2026-03-25 21:05:01 [INFO] Output file   : mos_sports_events_20260325_210501.txt
2026-03-25 21:05:01 [INFO] Records count : 9
2026-03-25 21:05:01 [INFO] ------------------------------------------------------------------
2026-03-25 21:05:01 [INFO]   Record 01: Event ID: EVT6326 | Event Name: Qatar Premier League Match Day 5 | Sport: Football | Venue...
2026-03-25 21:05:01 [INFO]   Record 02: Event ID: EVT6049 | Event Name: Qatar Under-20 Development League | Sport: Handball | Venu...
2026-03-25 21:05:01 [INFO]   Record 03: Event ID: EVT2003 | Event Name: Qatar Cup Semi Final | Sport: Football | Venue: Al Bayt St...
2026-03-25 21:05:01 [INFO]   Record 04: Event ID: EVT4726 | Event Name: Qatar Schools Football League | Sport: Athletics | Venue: ...
2026-03-25 21:05:01 [INFO]   Record 05: Event ID: EVT7903 | Event Name: Gulf Youth Cup Semi Final | Sport: Swimming | Venue: Qatar...
2026-03-25 21:05:01 [INFO]   Record 06: Event ID: EVT3539 | Event Name: Arab Nations Championship Semi Final | Sport: Athletics | ...
2026-03-25 21:05:01 [INFO]   Record 07: Event ID: EVT8135 | Event Name: National Team Preparation Match | Sport: Football | Venue:...
2026-03-25 21:05:01 [INFO]   Record 08: Event ID: EVT5748 | Event Name: Ministry Invitational Friendly Tournament | Sport: Footbal...
2026-03-25 21:05:01 [INFO]   Record 09: Event ID: EVT2758 | Event Name: Qatar Premier League Match Day 12 | Sport: Volleyball | Ve...
2026-03-25 21:05:01 [INFO] ------------------------------------------------------------------
2026-03-25 21:05:01 [INFO] File written successfully.
2026-03-25 21:05:01 [INFO]   Full path : /home/cloudera/mos_qatar_demo_poc/landing/mos_sports_events_20260325_210501.txt
2026-03-25 21:05:01 [INFO]   Size      : 2344 bytes
2026-03-25 21:05:01 [INFO]   Records   : 9
2026-03-25 21:05:01 [INFO] ==================================================================
2026-03-25 21:05:01 [INFO]   Generator Completed Successfully
2026-03-25 21:05:01 [INFO] ==================================================================
