2026-03-26 02:25:01 [INFO] ==================================================================
2026-03-26 02:25:01 [INFO]   MOS Qatar Demo - Sports Data Generator
2026-03-26 02:25:01 [INFO] ==================================================================
2026-03-26 02:25:01 [INFO] Config file   : /home/cloudera/mos_qatar_demo_poc/config/mos_qatar_demo.ini
2026-03-26 02:25:01 [INFO] Landing dir   : /home/cloudera/mos_qatar_demo_poc/landing
2026-03-26 02:25:01 [INFO] Output file   : mos_sports_events_20260326_022501.txt
2026-03-26 02:25:01 [INFO] Records count : 6
2026-03-26 02:25:01 [INFO] ------------------------------------------------------------------
2026-03-26 02:25:01 [INFO]   Record 01: Event ID: EVT6038 | Event Name: Qatar Schools Football League | Sport: Athletics | Venue: ...
2026-03-26 02:25:01 [INFO]   Record 02: Event ID: EVT4632 | Event Name: Qatar Premier League Match Day 8 | Sport: Football | Venue...
2026-03-26 02:25:01 [INFO]   Record 03: Event ID: EVT7778 | Event Name: Asian Qualifiers Warm-up Match | Sport: Football | Venue: ...
2026-03-26 02:25:01 [INFO]   Record 04: Event ID: EVT8746 | Event Name: FIFA World Cup Qatar Legacy Match | Sport: Handball | Venu...
2026-03-26 02:25:01 [INFO]   Record 05: Event ID: EVT8058 | Event Name: Ramadan Football Festival | Sport: Football | Venue: Al Ja...
2026-03-26 02:25:01 [INFO]   Record 06: Event ID: EVT5506 | Event Name: Gulf Youth Cup Quarter Final | Sport: Swimming | Venue: Lu...
2026-03-26 02:25:01 [INFO] ------------------------------------------------------------------
2026-03-26 02:25:01 [INFO] File written successfully.
2026-03-26 02:25:01 [INFO]   Full path : /home/cloudera/mos_qatar_demo_poc/landing/mos_sports_events_20260326_022501.txt
2026-03-26 02:25:01 [INFO]   Size      : 1552 bytes
2026-03-26 02:25:01 [INFO]   Records   : 6
2026-03-26 02:25:01 [INFO] ==================================================================
2026-03-26 02:25:01 [INFO]   Generator Completed Successfully
2026-03-26 02:25:01 [INFO] ==================================================================
