2026-03-27 19:49:01 [INFO] ==================================================================
2026-03-27 19:49:01 [INFO]   MOS Qatar Demo - Sports Data Generator
2026-03-27 19:49:01 [INFO] ==================================================================
2026-03-27 19:49:01 [INFO] Config file   : /home/cloudera/mos_qatar_demo_poc/config/mos_qatar_demo.ini
2026-03-27 19:49:01 [INFO] Landing dir   : /home/cloudera/mos_qatar_demo_poc/landing
2026-03-27 19:49:01 [INFO] Output file   : mos_sports_events_20260327_194901.txt
2026-03-27 19:49:01 [INFO] Records count : 10
2026-03-27 19:49:01 [INFO] ------------------------------------------------------------------
2026-03-27 19:49:01 [INFO]   Record 01: Event ID: EVT9954 | Event Name: Gulf Youth Cup Quarter Final | Sport: Football | Venue: Al...
2026-03-27 19:49:01 [INFO]   Record 02: Event ID: EVT5413 | Event Name: Arab Nations Championship Group Stage | Sport: Football | ...
2026-03-27 19:49:01 [INFO]   Record 03: Event ID: EVT5759 | Event Name: Qatar Cup Semi Final | Sport: Football | Venue: Al Janoub ...
2026-03-27 19:49:01 [INFO]   Record 04: Event ID: EVT9704 | Event Name: Ministry Invitational Friendly Tournament | Sport: Footbal...
2026-03-27 19:49:01 [INFO]   Record 05: Event ID: EVT5562 | Event Name: Gulf Cup Qualifier Round 1 | Sport: Handball | Venue: Khal...
2026-03-27 19:49:01 [INFO]   Record 06: Event ID: EVT4782 | Event Name: Qatar Schools Football League | Sport: Football | Venue: A...
2026-03-27 19:49:01 [INFO]   Record 07: Event ID: EVT2682 | Event Name: Gulf Youth Cup Semi Final | Sport: Handball | Venue: Qatar...
2026-03-27 19:49:01 [INFO]   Record 08: Event ID: EVT9963 | Event Name: Gulf Youth Cup Quarter Final | Sport: Football | Venue: Ed...
2026-03-27 19:49:01 [INFO]   Record 09: Event ID: EVT5340 | Event Name: GCC Club Championship Semi Final | Sport: Athletics | Venu...
2026-03-27 19:49:01 [INFO]   Record 10: Event ID: EVT1080 | Event Name: Qatar Cup Final | Sport: Volleyball | Venue: Khalifa Inter...
2026-03-27 19:49:01 [INFO] ------------------------------------------------------------------
2026-03-27 19:49:01 [INFO] File written successfully.
2026-03-27 19:49:01 [INFO]   Full path : /home/cloudera/mos_qatar_demo_poc/landing/mos_sports_events_20260327_194901.txt
2026-03-27 19:49:01 [INFO]   Size      : 2586 bytes
2026-03-27 19:49:01 [INFO]   Records   : 10
2026-03-27 19:49:01 [INFO] ==================================================================
2026-03-27 19:49:01 [INFO]   Generator Completed Successfully
2026-03-27 19:49:01 [INFO] ==================================================================
