2026-03-27 01:30:01 [INFO] ==================================================================
2026-03-27 01:30:01 [INFO]   MOS Qatar Demo - Sports Data Generator
2026-03-27 01:30:01 [INFO] ==================================================================
2026-03-27 01:30:01 [INFO] Config file   : /home/cloudera/mos_qatar_demo_poc/config/mos_qatar_demo.ini
2026-03-27 01:30:01 [INFO] Landing dir   : /home/cloudera/mos_qatar_demo_poc/landing
2026-03-27 01:30:01 [INFO] Output file   : mos_sports_events_20260327_013001.txt
2026-03-27 01:30:01 [INFO] Records count : 10
2026-03-27 01:30:01 [INFO] ------------------------------------------------------------------
2026-03-27 01:30:01 [INFO]   Record 01: Event ID: EVT7417 | Event Name: Gulf Youth Cup Final | Sport: Football | Venue: Al Janoub ...
2026-03-27 01:30:01 [INFO]   Record 02: Event ID: EVT9757 | Event Name: Gulf Cup Qualifier Round 1 | Sport: Athletics | Venue: Al ...
2026-03-27 01:30:01 [INFO]   Record 03: Event ID: EVT8167 | Event Name: Qatar Cup Semi Final | Sport: Athletics | Venue: Khalifa I...
2026-03-27 01:30:01 [INFO]   Record 04: Event ID: EVT4407 | Event Name: Gulf Cup Qualifier Round 1 | Sport: Swimming | Venue: Al T...
2026-03-27 01:30:01 [INFO]   Record 05: Event ID: EVT3006 | Event Name: Gulf Youth Cup Round 1 | Sport: Football | Venue: Aspire Z...
2026-03-27 01:30:01 [INFO]   Record 06: Event ID: EVT8796 | Event Name: Gulf Cup Qualifier Round 1 | Sport: Volleyball | Venue: Al...
2026-03-27 01:30:01 [INFO]   Record 07: Event ID: EVT3770 | Event Name: Qatar Under-20 Development League | Sport: Football | Venu...
2026-03-27 01:30:01 [INFO]   Record 08: Event ID: EVT7617 | Event Name: Ministry Invitational Friendly Tournament | Sport: Footbal...
2026-03-27 01:30:01 [INFO]   Record 09: Event ID: EVT7572 | Event Name: Qatar Premier League Match Day 8 | Sport: Football | Venue...
2026-03-27 01:30:01 [INFO]   Record 10: Event ID: EVT2863 | Event Name: Qatar Premier League Match Day 5 | Sport: Basketball | Ven...
2026-03-27 01:30:01 [INFO] ------------------------------------------------------------------
2026-03-27 01:30:01 [INFO] File written successfully.
2026-03-27 01:30:01 [INFO]   Full path : /home/cloudera/mos_qatar_demo_poc/landing/mos_sports_events_20260327_013001.txt
2026-03-27 01:30:01 [INFO]   Size      : 2559 bytes
2026-03-27 01:30:01 [INFO]   Records   : 10
2026-03-27 01:30:01 [INFO] ==================================================================
2026-03-27 01:30:01 [INFO]   Generator Completed Successfully
2026-03-27 01:30:01 [INFO] ==================================================================
