2026-03-26 03:41:02 [INFO] ==================================================================
2026-03-26 03:41:02 [INFO]   MOS Qatar Demo - Sports Data Generator
2026-03-26 03:41:02 [INFO] ==================================================================
2026-03-26 03:41:02 [INFO] Config file   : /home/cloudera/mos_qatar_demo_poc/config/mos_qatar_demo.ini
2026-03-26 03:41:02 [INFO] Landing dir   : /home/cloudera/mos_qatar_demo_poc/landing
2026-03-26 03:41:02 [INFO] Output file   : mos_sports_events_20260326_034102.txt
2026-03-26 03:41:02 [INFO] Records count : 7
2026-03-26 03:41:02 [INFO] ------------------------------------------------------------------
2026-03-26 03:41:02 [INFO]   Record 01: Event ID: EVT1917 | Event Name: Arab Nations Championship Semi Final | Sport: Football | V...
2026-03-26 03:41:02 [INFO]   Record 02: Event ID: EVT8583 | Event Name: Gulf Youth Cup Semi Final | Sport: Basketball | Venue: Al ...
2026-03-26 03:41:02 [INFO]   Record 03: Event ID: EVT5282 | Event Name: Doha Sports Festival Opening Match | Sport: Football | Ven...
2026-03-26 03:41:02 [INFO]   Record 04: Event ID: EVT2694 | Event Name: Gulf Cup Qualifier Round 1 | Sport: Swimming | Venue: Al B...
2026-03-26 03:41:02 [INFO]   Record 05: Event ID: EVT7582 | Event Name: MOS Annual Charity Football Gala | Sport: Football | Venue...
2026-03-26 03:41:02 [INFO]   Record 06: Event ID: EVT7652 | Event Name: Qatar Under-20 Development League | Sport: Basketball | Ve...
2026-03-26 03:41:02 [INFO]   Record 07: Event ID: EVT6654 | Event Name: Gulf Youth Cup Round 1 | Sport: Swimming | Venue: Qatar Sp...
2026-03-26 03:41:02 [INFO] ------------------------------------------------------------------
2026-03-26 03:41:02 [INFO] File written successfully.
2026-03-26 03:41:02 [INFO]   Full path : /home/cloudera/mos_qatar_demo_poc/landing/mos_sports_events_20260326_034102.txt
2026-03-26 03:41:02 [INFO]   Size      : 1812 bytes
2026-03-26 03:41:02 [INFO]   Records   : 7
2026-03-26 03:41:02 [INFO] ==================================================================
2026-03-26 03:41:02 [INFO]   Generator Completed Successfully
2026-03-26 03:41:02 [INFO] ==================================================================
