2026-03-25 13:06:01 [INFO] ==================================================================
2026-03-25 13:06:01 [INFO]   MOS Qatar Demo - Sports Data Generator
2026-03-25 13:06:01 [INFO] ==================================================================
2026-03-25 13:06:01 [INFO] Config file   : /home/cloudera/mos_qatar_demo_poc/config/mos_qatar_demo.ini
2026-03-25 13:06:01 [INFO] Landing dir   : /home/cloudera/mos_qatar_demo_poc/landing
2026-03-25 13:06:01 [INFO] Output file   : mos_sports_events_20260325_130601.txt
2026-03-25 13:06:01 [INFO] Records count : 5
2026-03-25 13:06:01 [INFO] ------------------------------------------------------------------
2026-03-25 13:06:01 [INFO]   Record 01: Event ID: EVT9196 | Event Name: Qatar Cup Semi Final | Sport: Football | Venue: Khalifa In...
2026-03-25 13:06:01 [INFO]   Record 02: Event ID: EVT3361 | Event Name: Qatar Premier League Match Day 8 | Sport: Football | Venue...
2026-03-25 13:06:01 [INFO]   Record 03: Event ID: EVT9068 | Event Name: Ramadan Football Festival | Sport: Basketball | Venue: Al ...
2026-03-25 13:06:01 [INFO]   Record 04: Event ID: EVT3014 | Event Name: National Team Preparation Match | Sport: Football | Venue:...
2026-03-25 13:06:01 [INFO]   Record 05: Event ID: EVT7278 | Event Name: Arab Nations Championship Group Stage | Sport: Athletics |...
2026-03-25 13:06:01 [INFO] ------------------------------------------------------------------
2026-03-25 13:06:01 [INFO] File written successfully.
2026-03-25 13:06:01 [INFO]   Full path : /home/cloudera/mos_qatar_demo_poc/landing/mos_sports_events_20260325_130601.txt
2026-03-25 13:06:01 [INFO]   Size      : 1264 bytes
2026-03-25 13:06:01 [INFO]   Records   : 5
2026-03-25 13:06:01 [INFO] ==================================================================
2026-03-25 13:06:01 [INFO]   Generator Completed Successfully
2026-03-25 13:06:01 [INFO] ==================================================================
