2026-03-25 09:25:02 [INFO] ==================================================================
2026-03-25 09:25:02 [INFO]   MOS Qatar Demo - Sports Data Generator
2026-03-25 09:25:02 [INFO] ==================================================================
2026-03-25 09:25:02 [INFO] Config file   : /home/cloudera/mos_qatar_demo_poc/config/mos_qatar_demo.ini
2026-03-25 09:25:02 [INFO] Landing dir   : /home/cloudera/mos_qatar_demo_poc/landing
2026-03-25 09:25:02 [INFO] Output file   : mos_sports_events_20260325_092502.txt
2026-03-25 09:25:02 [INFO] Records count : 4
2026-03-25 09:25:02 [INFO] ------------------------------------------------------------------
2026-03-25 09:25:02 [INFO]   Record 01: Event ID: EVT3089 | Event Name: Gulf Youth Cup Round 2 | Sport: Football | Venue: Aspire Z...
2026-03-25 09:25:02 [INFO]   Record 02: Event ID: EVT6439 | Event Name: Gulf Youth Cup Final | Sport: Football | Venue: Al Janoub ...
2026-03-25 09:25:02 [INFO]   Record 03: Event ID: EVT3733 | Event Name: Qatar Cup Final | Sport: Handball | Venue: Al Wakrah Sport...
2026-03-25 09:25:02 [INFO]   Record 04: Event ID: EVT6549 | Event Name: Ministry Youth Sports Day | Sport: Football | Venue: Educa...
2026-03-25 09:25:02 [INFO] ------------------------------------------------------------------
2026-03-25 09:25:02 [INFO] File written successfully.
2026-03-25 09:25:02 [INFO]   Full path : /home/cloudera/mos_qatar_demo_poc/landing/mos_sports_events_20260325_092502.txt
2026-03-25 09:25:02 [INFO]   Size      : 1010 bytes
2026-03-25 09:25:02 [INFO]   Records   : 4
2026-03-25 09:25:02 [INFO] ==================================================================
2026-03-25 09:25:02 [INFO]   Generator Completed Successfully
2026-03-25 09:25:02 [INFO] ==================================================================
