2026-03-25 11:14:02 [INFO] ==================================================================
2026-03-25 11:14:02 [INFO]   MOS Qatar Demo - Sports Data Generator
2026-03-25 11:14:02 [INFO] ==================================================================
2026-03-25 11:14:02 [INFO] Config file   : /home/cloudera/mos_qatar_demo_poc/config/mos_qatar_demo.ini
2026-03-25 11:14:02 [INFO] Landing dir   : /home/cloudera/mos_qatar_demo_poc/landing
2026-03-25 11:14:02 [INFO] Output file   : mos_sports_events_20260325_111402.txt
2026-03-25 11:14:02 [INFO] Records count : 9
2026-03-25 11:14:02 [INFO] ------------------------------------------------------------------
2026-03-25 11:14:02 [INFO]   Record 01: Event ID: EVT5249 | Event Name: Qatar Cup Semi Final | Sport: Football | Venue: Aspire Zon...
2026-03-25 11:14:02 [INFO]   Record 02: Event ID: EVT3224 | Event Name: GCC Club Championship Final | Sport: Athletics | Venue: Ed...
2026-03-25 11:14:02 [INFO]   Record 03: Event ID: EVT8192 | Event Name: Gulf Youth Cup Round 2 | Sport: Football | Venue: Qatar Sp...
2026-03-25 11:14:02 [INFO]   Record 04: Event ID: EVT5323 | Event Name: Qatar Cup Semi Final | Sport: Volleyball | Venue: Al Wakra...
2026-03-25 11:14:02 [INFO]   Record 05: Event ID: EVT3085 | Event Name: Qatar Premier League Match Day 8 | Sport: Basketball | Ven...
2026-03-25 11:14:02 [INFO]   Record 06: Event ID: EVT4668 | Event Name: MOS Annual Charity Football Gala | Sport: Football | Venue...
2026-03-25 11:14:02 [INFO]   Record 07: Event ID: EVT9111 | Event Name: Gulf Youth Cup Semi Final | Sport: Swimming | Venue: Al Ba...
2026-03-25 11:14:02 [INFO]   Record 08: Event ID: EVT1732 | Event Name: Gulf Youth Cup Round 1 | Sport: Handball | Venue: Ahmad Bi...
2026-03-25 11:14:02 [INFO]   Record 09: Event ID: EVT2997 | Event Name: Arab Nations Championship Semi Final | Sport: Basketball |...
2026-03-25 11:14:02 [INFO] ------------------------------------------------------------------
2026-03-25 11:14:02 [INFO] File written successfully.
2026-03-25 11:14:02 [INFO]   Full path : /home/cloudera/mos_qatar_demo_poc/landing/mos_sports_events_20260325_111402.txt
2026-03-25 11:14:02 [INFO]   Size      : 2309 bytes
2026-03-25 11:14:02 [INFO]   Records   : 9
2026-03-25 11:14:02 [INFO] ==================================================================
2026-03-25 11:14:02 [INFO]   Generator Completed Successfully
2026-03-25 11:14:02 [INFO] ==================================================================
