2026-03-25 16:14:02 [INFO] ==================================================================
2026-03-25 16:14:02 [INFO]   MOS Qatar Demo - Sports Data Generator
2026-03-25 16:14:02 [INFO] ==================================================================
2026-03-25 16:14:02 [INFO] Config file   : /home/cloudera/mos_qatar_demo_poc/config/mos_qatar_demo.ini
2026-03-25 16:14:02 [INFO] Landing dir   : /home/cloudera/mos_qatar_demo_poc/landing
2026-03-25 16:14:02 [INFO] Output file   : mos_sports_events_20260325_161402.txt
2026-03-25 16:14:02 [INFO] Records count : 4
2026-03-25 16:14:02 [INFO] ------------------------------------------------------------------
2026-03-25 16:14:02 [INFO]   Record 01: Event ID: EVT3343 | Event Name: Gulf Cup Qualifier Round 1 | Sport: Football | Venue: Qata...
2026-03-25 16:14:02 [INFO]   Record 02: Event ID: EVT1433 | Event Name: FIFA World Cup Qatar Legacy Match | Sport: Football | Venu...
2026-03-25 16:14:02 [INFO]   Record 03: Event ID: EVT3236 | Event Name: Qatar Under-20 Development League | Sport: Basketball | Ve...
2026-03-25 16:14:02 [INFO]   Record 04: Event ID: EVT4038 | Event Name: Gulf Youth Cup Final | Sport: Basketball | Venue: Ahmad Bi...
2026-03-25 16:14:02 [INFO] ------------------------------------------------------------------
2026-03-25 16:14:02 [INFO] File written successfully.
2026-03-25 16:14:02 [INFO]   Full path : /home/cloudera/mos_qatar_demo_poc/landing/mos_sports_events_20260325_161402.txt
2026-03-25 16:14:02 [INFO]   Size      : 1043 bytes
2026-03-25 16:14:02 [INFO]   Records   : 4
2026-03-25 16:14:02 [INFO] ==================================================================
2026-03-25 16:14:02 [INFO]   Generator Completed Successfully
2026-03-25 16:14:02 [INFO] ==================================================================
