2026-03-25 09:43:01 [INFO] ==================================================================
2026-03-25 09:43:01 [INFO]   MOS Qatar Demo - Sports Data Generator
2026-03-25 09:43:01 [INFO] ==================================================================
2026-03-25 09:43:01 [INFO] Config file   : /home/cloudera/mos_qatar_demo_poc/config/mos_qatar_demo.ini
2026-03-25 09:43:01 [INFO] Landing dir   : /home/cloudera/mos_qatar_demo_poc/landing
2026-03-25 09:43:01 [INFO] Output file   : mos_sports_events_20260325_094301.txt
2026-03-25 09:43:01 [INFO] Records count : 10
2026-03-25 09:43:01 [INFO] ------------------------------------------------------------------
2026-03-25 09:43:01 [INFO]   Record 01: Event ID: EVT8978 | Event Name: Qatar Premier League Match Day 12 | Sport: Football | Venu...
2026-03-25 09:43:01 [INFO]   Record 02: Event ID: EVT3634 | Event Name: MOS Annual Charity Football Gala | Sport: Athletics | Venu...
2026-03-25 09:43:01 [INFO]   Record 03: Event ID: EVT7868 | Event Name: Ministry Youth Sports Day | Sport: Basketball | Venue: Ahm...
2026-03-25 09:43:01 [INFO]   Record 04: Event ID: EVT3092 | Event Name: Qatar Cup Semi Final | Sport: Handball | Venue: Lusail Sta...
2026-03-25 09:43:01 [INFO]   Record 05: Event ID: EVT4533 | Event Name: Arab Nations Championship Semi Final | Sport: Football | V...
2026-03-25 09:43:01 [INFO]   Record 06: Event ID: EVT5619 | Event Name: Gulf Youth Cup Semi Final | Sport: Swimming | Venue: Ahmad...
2026-03-25 09:43:01 [INFO]   Record 07: Event ID: EVT7364 | Event Name: Gulf Youth Cup Round 1 | Sport: Football | Venue: Al Bayt ...
2026-03-25 09:43:01 [INFO]   Record 08: Event ID: EVT9516 | Event Name: FIFA World Cup Qatar Legacy Match | Sport: Football | Venu...
2026-03-25 09:43:01 [INFO]   Record 09: Event ID: EVT2818 | Event Name: Qatar Olympic Training Camp Evaluation | Sport: Football |...
2026-03-25 09:43:01 [INFO]   Record 10: Event ID: EVT1042 | Event Name: Qatar Premier League Match Day 5 | Sport: Swimming | Venue...
2026-03-25 09:43:01 [INFO] ------------------------------------------------------------------
2026-03-25 09:43:01 [INFO] File written successfully.
2026-03-25 09:43:01 [INFO]   Full path : /home/cloudera/mos_qatar_demo_poc/landing/mos_sports_events_20260325_094301.txt
2026-03-25 09:43:01 [INFO]   Size      : 2587 bytes
2026-03-25 09:43:01 [INFO]   Records   : 10
2026-03-25 09:43:01 [INFO] ==================================================================
2026-03-25 09:43:01 [INFO]   Generator Completed Successfully
2026-03-25 09:43:01 [INFO] ==================================================================
