2026-03-26 23:16:02 [INFO] ==================================================================
2026-03-26 23:16:02 [INFO]   MOS Qatar Demo - Sports Data Generator
2026-03-26 23:16:02 [INFO] ==================================================================
2026-03-26 23:16:02 [INFO] Config file   : /home/cloudera/mos_qatar_demo_poc/config/mos_qatar_demo.ini
2026-03-26 23:16:02 [INFO] Landing dir   : /home/cloudera/mos_qatar_demo_poc/landing
2026-03-26 23:16:02 [INFO] Output file   : mos_sports_events_20260326_231602.txt
2026-03-26 23:16:02 [INFO] Records count : 5
2026-03-26 23:16:02 [INFO] ------------------------------------------------------------------
2026-03-26 23:16:02 [INFO]   Record 01: Event ID: EVT9820 | Event Name: Qatar Under-20 Development League | Sport: Football | Venu...
2026-03-26 23:16:02 [INFO]   Record 02: Event ID: EVT8978 | Event Name: National Day Football Celebration | Sport: Athletics | Ven...
2026-03-26 23:16:02 [INFO]   Record 03: Event ID: EVT1813 | Event Name: Asian Qualifiers Warm-up Match | Sport: Volleyball | Venue...
2026-03-26 23:16:02 [INFO]   Record 04: Event ID: EVT4972 | Event Name: Gulf Youth Cup Final | Sport: Football | Venue: Ahmad Bin ...
2026-03-26 23:16:02 [INFO]   Record 05: Event ID: EVT4304 | Event Name: GCC Club Championship Final | Sport: Football | Venue: Lus...
2026-03-26 23:16:02 [INFO] ------------------------------------------------------------------
2026-03-26 23:16:02 [INFO] File written successfully.
2026-03-26 23:16:02 [INFO]   Full path : /home/cloudera/mos_qatar_demo_poc/landing/mos_sports_events_20260326_231602.txt
2026-03-26 23:16:02 [INFO]   Size      : 1303 bytes
2026-03-26 23:16:02 [INFO]   Records   : 5
2026-03-26 23:16:02 [INFO] ==================================================================
2026-03-26 23:16:02 [INFO]   Generator Completed Successfully
2026-03-26 23:16:02 [INFO] ==================================================================
