2026-03-27 08:24:01 [INFO] ==================================================================
2026-03-27 08:24:01 [INFO]   MOS Qatar Demo - Sports Data Generator
2026-03-27 08:24:01 [INFO] ==================================================================
2026-03-27 08:24:01 [INFO] Config file   : /home/cloudera/mos_qatar_demo_poc/config/mos_qatar_demo.ini
2026-03-27 08:24:01 [INFO] Landing dir   : /home/cloudera/mos_qatar_demo_poc/landing
2026-03-27 08:24:01 [INFO] Output file   : mos_sports_events_20260327_082401.txt
2026-03-27 08:24:01 [INFO] Records count : 5
2026-03-27 08:24:01 [INFO] ------------------------------------------------------------------
2026-03-27 08:24:01 [INFO]   Record 01: Event ID: EVT9835 | Event Name: Doha Sports Festival Opening Match | Sport: Athletics | Ve...
2026-03-27 08:24:01 [INFO]   Record 02: Event ID: EVT9973 | Event Name: MOS Annual Charity Football Gala | Sport: Football | Venue...
2026-03-27 08:24:01 [INFO]   Record 03: Event ID: EVT5112 | Event Name: National Team Preparation Match | Sport: Swimming | Venue:...
2026-03-27 08:24:01 [INFO]   Record 04: Event ID: EVT4971 | Event Name: Qatar Premier League Match Day 5 | Sport: Athletics | Venu...
2026-03-27 08:24:01 [INFO]   Record 05: Event ID: EVT3566 | Event Name: Gulf Youth Cup Semi Final | Sport: Handball | Venue: Al Wa...
2026-03-27 08:24:01 [INFO] ------------------------------------------------------------------
2026-03-27 08:24:01 [INFO] File written successfully.
2026-03-27 08:24:01 [INFO]   Full path : /home/cloudera/mos_qatar_demo_poc/landing/mos_sports_events_20260327_082401.txt
2026-03-27 08:24:01 [INFO]   Size      : 1296 bytes
2026-03-27 08:24:01 [INFO]   Records   : 5
2026-03-27 08:24:01 [INFO] ==================================================================
2026-03-27 08:24:01 [INFO]   Generator Completed Successfully
2026-03-27 08:24:01 [INFO] ==================================================================
