2026-03-24 15:33:02 [INFO] ==================================================================
2026-03-24 15:33:02 [INFO]   MOS Qatar Demo - Sports Data Generator
2026-03-24 15:33:02 [INFO] ==================================================================
2026-03-24 15:33:02 [INFO] Config file   : /home/cloudera/mos_qatar_demo_poc/config/mos_qatar_demo.ini
2026-03-24 15:33:02 [INFO] Landing dir   : /home/cloudera/mos_qatar_demo_poc/landing
2026-03-24 15:33:02 [INFO] Output file   : mos_sports_events_20260324_153302.txt
2026-03-24 15:33:02 [INFO] Records count : 5
2026-03-24 15:33:02 [INFO] ------------------------------------------------------------------
2026-03-24 15:33:02 [INFO]   Record 01: Event ID: EVT2508 | Event Name: Qatar Schools Football League | Sport: Volleyball | Venue:...
2026-03-24 15:33:02 [INFO]   Record 02: Event ID: EVT6850 | Event Name: Ramadan Football Festival | Sport: Handball | Venue: Khali...
2026-03-24 15:33:02 [INFO]   Record 03: Event ID: EVT5685 | Event Name: National Day Football Celebration | Sport: Basketball | Ve...
2026-03-24 15:33:02 [INFO]   Record 04: Event ID: EVT8093 | Event Name: Qatar Cup Semi Final | Sport: Football | Venue: Al Bayt St...
2026-03-24 15:33:02 [INFO]   Record 05: Event ID: EVT7379 | Event Name: Gulf Youth Cup Semi Final | Sport: Football | Venue: Al Ba...
2026-03-24 15:33:02 [INFO] ------------------------------------------------------------------
2026-03-24 15:33:02 [INFO] File written successfully.
2026-03-24 15:33:02 [INFO]   Full path : /home/cloudera/mos_qatar_demo_poc/landing/mos_sports_events_20260324_153302.txt
2026-03-24 15:33:02 [INFO]   Size      : 1277 bytes
2026-03-24 15:33:02 [INFO]   Records   : 5
2026-03-24 15:33:02 [INFO] ==================================================================
2026-03-24 15:33:02 [INFO]   Generator Completed Successfully
2026-03-24 15:33:02 [INFO] ==================================================================
