2026-03-24 15:29:01 [INFO] ==================================================================
2026-03-24 15:29:01 [INFO]   MOS Qatar Demo - Sports Data Generator
2026-03-24 15:29:01 [INFO] ==================================================================
2026-03-24 15:29:01 [INFO] Config file   : /home/cloudera/mos_qatar_demo_poc/config/mos_qatar_demo.ini
2026-03-24 15:29:01 [INFO] Landing dir   : /home/cloudera/mos_qatar_demo_poc/landing
2026-03-24 15:29:01 [INFO] Output file   : mos_sports_events_20260324_152901.txt
2026-03-24 15:29:01 [INFO] Records count : 6
2026-03-24 15:29:01 [INFO] ------------------------------------------------------------------
2026-03-24 15:29:01 [INFO]   Record 01: Event ID: EVT8868 | Event Name: Gulf Youth Cup Round 1 | Sport: Volleyball | Venue: Al Thu...
2026-03-24 15:29:01 [INFO]   Record 02: Event ID: EVT9763 | Event Name: Gulf Youth Cup Round 2 | Sport: Football | Venue: Educatio...
2026-03-24 15:29:01 [INFO]   Record 03: Event ID: EVT8437 | Event Name: GCC Club Championship Final | Sport: Football | Venue: Lus...
2026-03-24 15:29:01 [INFO]   Record 04: Event ID: EVT1029 | Event Name: Qatar Under-20 Development League | Sport: Football | Venu...
2026-03-24 15:29:01 [INFO]   Record 05: Event ID: EVT5130 | Event Name: Qatar Cup Final | Sport: Handball | Venue: Education City ...
2026-03-24 15:29:01 [INFO]   Record 06: Event ID: EVT2686 | Event Name: Gulf Youth Cup Round 2 | Sport: Football | Venue: Qatar Sp...
2026-03-24 15:29:01 [INFO] ------------------------------------------------------------------
2026-03-24 15:29:01 [INFO] File written successfully.
2026-03-24 15:29:01 [INFO]   Full path : /home/cloudera/mos_qatar_demo_poc/landing/mos_sports_events_20260324_152901.txt
2026-03-24 15:29:01 [INFO]   Size      : 1517 bytes
2026-03-24 15:29:01 [INFO]   Records   : 6
2026-03-24 15:29:01 [INFO] ==================================================================
2026-03-24 15:29:01 [INFO]   Generator Completed Successfully
2026-03-24 15:29:01 [INFO] ==================================================================
