2026-03-26 22:13:01 [INFO] ==================================================================
2026-03-26 22:13:01 [INFO]   MOS Qatar Demo - Sports Data Generator
2026-03-26 22:13:01 [INFO] ==================================================================
2026-03-26 22:13:01 [INFO] Config file   : /home/cloudera/mos_qatar_demo_poc/config/mos_qatar_demo.ini
2026-03-26 22:13:01 [INFO] Landing dir   : /home/cloudera/mos_qatar_demo_poc/landing
2026-03-26 22:13:01 [INFO] Output file   : mos_sports_events_20260326_221301.txt
2026-03-26 22:13:01 [INFO] Records count : 4
2026-03-26 22:13:01 [INFO] ------------------------------------------------------------------
2026-03-26 22:13:01 [INFO]   Record 01: Event ID: EVT9450 | Event Name: Ministry Invitational Friendly Tournament | Sport: Footbal...
2026-03-26 22:13:01 [INFO]   Record 02: Event ID: EVT8222 | Event Name: Gulf Youth Cup Semi Final | Sport: Football | Venue: Lusai...
2026-03-26 22:13:01 [INFO]   Record 03: Event ID: EVT6035 | Event Name: GCC Club Championship Quarter Final | Sport: Football | Ve...
2026-03-26 22:13:01 [INFO]   Record 04: Event ID: EVT2954 | Event Name: GCC Club Championship Semi Final | Sport: Handball | Venue...
2026-03-26 22:13:01 [INFO] ------------------------------------------------------------------
2026-03-26 22:13:01 [INFO] File written successfully.
2026-03-26 22:13:01 [INFO]   Full path : /home/cloudera/mos_qatar_demo_poc/landing/mos_sports_events_20260326_221301.txt
2026-03-26 22:13:01 [INFO]   Size      : 1035 bytes
2026-03-26 22:13:01 [INFO]   Records   : 4
2026-03-26 22:13:01 [INFO] ==================================================================
2026-03-26 22:13:01 [INFO]   Generator Completed Successfully
2026-03-26 22:13:01 [INFO] ==================================================================
