2026-03-24 19:52:01 [INFO] ==================================================================
2026-03-24 19:52:01 [INFO]   MOS Qatar Demo - Sports Data Generator
2026-03-24 19:52:01 [INFO] ==================================================================
2026-03-24 19:52:01 [INFO] Config file   : /home/cloudera/mos_qatar_demo_poc/config/mos_qatar_demo.ini
2026-03-24 19:52:01 [INFO] Landing dir   : /home/cloudera/mos_qatar_demo_poc/landing
2026-03-24 19:52:01 [INFO] Output file   : mos_sports_events_20260324_195201.txt
2026-03-24 19:52:01 [INFO] Records count : 8
2026-03-24 19:52:01 [INFO] ------------------------------------------------------------------
2026-03-24 19:52:01 [INFO]   Record 01: Event ID: EVT8410 | Event Name: GCC Club Championship Semi Final | Sport: Football | Venue...
2026-03-24 19:52:01 [INFO]   Record 02: Event ID: EVT8801 | Event Name: Asian Qualifiers Warm-up Match | Sport: Handball | Venue: ...
2026-03-24 19:52:01 [INFO]   Record 03: Event ID: EVT1908 | Event Name: National Team Preparation Match | Sport: Handball | Venue:...
2026-03-24 19:52:01 [INFO]   Record 04: Event ID: EVT8644 | Event Name: National Day Football Celebration | Sport: Handball | Venu...
2026-03-24 19:52:01 [INFO]   Record 05: Event ID: EVT7726 | Event Name: Qatar Under-20 Development League | Sport: Athletics | Ven...
2026-03-24 19:52:01 [INFO]   Record 06: Event ID: EVT7898 | Event Name: GCC Club Championship Semi Final | Sport: Football | Venue...
2026-03-24 19:52:01 [INFO]   Record 07: Event ID: EVT8921 | Event Name: Doha Sports Festival Opening Match | Sport: Football | Ven...
2026-03-24 19:52:01 [INFO]   Record 08: Event ID: EVT9287 | Event Name: GCC Club Championship Final | Sport: Swimming | Venue: Asp...
2026-03-24 19:52:01 [INFO] ------------------------------------------------------------------
2026-03-24 19:52:01 [INFO] File written successfully.
2026-03-24 19:52:01 [INFO]   Full path : /home/cloudera/mos_qatar_demo_poc/landing/mos_sports_events_20260324_195201.txt
2026-03-24 19:52:01 [INFO]   Size      : 2043 bytes
2026-03-24 19:52:01 [INFO]   Records   : 8
2026-03-24 19:52:01 [INFO] ==================================================================
2026-03-24 19:52:01 [INFO]   Generator Completed Successfully
2026-03-24 19:52:01 [INFO] ==================================================================
