2026-03-27 20:16:01 [INFO] ==================================================================
2026-03-27 20:16:01 [INFO]   MOS Qatar Demo - Sports Data Generator
2026-03-27 20:16:01 [INFO] ==================================================================
2026-03-27 20:16:01 [INFO] Config file   : /home/cloudera/mos_qatar_demo_poc/config/mos_qatar_demo.ini
2026-03-27 20:16:01 [INFO] Landing dir   : /home/cloudera/mos_qatar_demo_poc/landing
2026-03-27 20:16:01 [INFO] Output file   : mos_sports_events_20260327_201601.txt
2026-03-27 20:16:01 [INFO] Records count : 9
2026-03-27 20:16:01 [INFO] ------------------------------------------------------------------
2026-03-27 20:16:01 [INFO]   Record 01: Event ID: EVT1676 | Event Name: National Team Preparation Match | Sport: Swimming | Venue:...
2026-03-27 20:16:01 [INFO]   Record 02: Event ID: EVT3604 | Event Name: Arab Nations Championship Semi Final | Sport: Basketball |...
2026-03-27 20:16:01 [INFO]   Record 03: Event ID: EVT7315 | Event Name: Qatar Schools Football League | Sport: Volleyball | Venue:...
2026-03-27 20:16:01 [INFO]   Record 04: Event ID: EVT5678 | Event Name: Qatar Premier League Match Day 5 | Sport: Football | Venue...
2026-03-27 20:16:01 [INFO]   Record 05: Event ID: EVT1759 | Event Name: Gulf Youth Cup Round 2 | Sport: Football | Venue: Lusail S...
2026-03-27 20:16:01 [INFO]   Record 06: Event ID: EVT1062 | Event Name: Qatar Premier League Match Day 5 | Sport: Football | Venue...
2026-03-27 20:16:01 [INFO]   Record 07: Event ID: EVT4742 | Event Name: Ministry Invitational Friendly Tournament | Sport: Footbal...
2026-03-27 20:16:01 [INFO]   Record 08: Event ID: EVT5535 | Event Name: GCC Club Championship Semi Final | Sport: Football | Venue...
2026-03-27 20:16:01 [INFO]   Record 09: Event ID: EVT7712 | Event Name: Qatar Schools Football League | Sport: Volleyball | Venue:...
2026-03-27 20:16:01 [INFO] ------------------------------------------------------------------
2026-03-27 20:16:01 [INFO] File written successfully.
2026-03-27 20:16:01 [INFO]   Full path : /home/cloudera/mos_qatar_demo_poc/landing/mos_sports_events_20260327_201601.txt
2026-03-27 20:16:01 [INFO]   Size      : 2348 bytes
2026-03-27 20:16:01 [INFO]   Records   : 9
2026-03-27 20:16:01 [INFO] ==================================================================
2026-03-27 20:16:01 [INFO]   Generator Completed Successfully
2026-03-27 20:16:01 [INFO] ==================================================================
