2026-03-26 02:58:02 [INFO] ==================================================================
2026-03-26 02:58:02 [INFO]   MOS Qatar Demo - Sports Data Generator
2026-03-26 02:58:02 [INFO] ==================================================================
2026-03-26 02:58:02 [INFO] Config file   : /home/cloudera/mos_qatar_demo_poc/config/mos_qatar_demo.ini
2026-03-26 02:58:02 [INFO] Landing dir   : /home/cloudera/mos_qatar_demo_poc/landing
2026-03-26 02:58:02 [INFO] Output file   : mos_sports_events_20260326_025802.txt
2026-03-26 02:58:02 [INFO] Records count : 9
2026-03-26 02:58:02 [INFO] ------------------------------------------------------------------
2026-03-26 02:58:02 [INFO]   Record 01: Event ID: EVT1323 | Event Name: Qatar Schools Football League | Sport: Football | Venue: A...
2026-03-26 02:58:02 [INFO]   Record 02: Event ID: EVT3895 | Event Name: Ministry Invitational Friendly Tournament | Sport: Volleyb...
2026-03-26 02:58:02 [INFO]   Record 03: Event ID: EVT2165 | Event Name: Gulf Youth Cup Quarter Final | Sport: Football | Venue: Al...
2026-03-26 02:58:02 [INFO]   Record 04: Event ID: EVT7011 | Event Name: GCC Club Championship Final | Sport: Swimming | Venue: Qat...
2026-03-26 02:58:02 [INFO]   Record 05: Event ID: EVT1017 | Event Name: MOS Annual Charity Football Gala | Sport: Swimming | Venue...
2026-03-26 02:58:02 [INFO]   Record 06: Event ID: EVT6000 | Event Name: Qatar Cup Final | Sport: Athletics | Venue: Education City...
2026-03-26 02:58:02 [INFO]   Record 07: Event ID: EVT5240 | Event Name: Doha Sports Festival Opening Match | Sport: Football | Ven...
2026-03-26 02:58:02 [INFO]   Record 08: Event ID: EVT5932 | Event Name: Qatar Schools Football League | Sport: Football | Venue: A...
2026-03-26 02:58:02 [INFO]   Record 09: Event ID: EVT8644 | Event Name: Doha Sports Festival Opening Match | Sport: Football | Ven...
2026-03-26 02:58:02 [INFO] ------------------------------------------------------------------
2026-03-26 02:58:02 [INFO] File written successfully.
2026-03-26 02:58:02 [INFO]   Full path : /home/cloudera/mos_qatar_demo_poc/landing/mos_sports_events_20260326_025802.txt
2026-03-26 02:58:02 [INFO]   Size      : 2298 bytes
2026-03-26 02:58:02 [INFO]   Records   : 9
2026-03-26 02:58:02 [INFO] ==================================================================
2026-03-26 02:58:02 [INFO]   Generator Completed Successfully
2026-03-26 02:58:02 [INFO] ==================================================================
