2026-03-26 23:06:01 [INFO] ==================================================================
2026-03-26 23:06:01 [INFO]   MOS Qatar Demo - Sports Data Generator
2026-03-26 23:06:01 [INFO] ==================================================================
2026-03-26 23:06:01 [INFO] Config file   : /home/cloudera/mos_qatar_demo_poc/config/mos_qatar_demo.ini
2026-03-26 23:06:01 [INFO] Landing dir   : /home/cloudera/mos_qatar_demo_poc/landing
2026-03-26 23:06:01 [INFO] Output file   : mos_sports_events_20260326_230601.txt
2026-03-26 23:06:01 [INFO] Records count : 8
2026-03-26 23:06:01 [INFO] ------------------------------------------------------------------
2026-03-26 23:06:01 [INFO]   Record 01: Event ID: EVT7492 | Event Name: Qatar Premier League Match Day 12 | Sport: Handball | Venu...
2026-03-26 23:06:01 [INFO]   Record 02: Event ID: EVT9175 | Event Name: GCC Club Championship Quarter Final | Sport: Volleyball | ...
2026-03-26 23:06:01 [INFO]   Record 03: Event ID: EVT7629 | Event Name: Arab Nations Championship Semi Final | Sport: Football | V...
2026-03-26 23:06:01 [INFO]   Record 04: Event ID: EVT2978 | Event Name: Gulf Youth Cup Final | Sport: Athletics | Venue: Education...
2026-03-26 23:06:01 [INFO]   Record 05: Event ID: EVT7429 | Event Name: Qatar Premier League Match Day 8 | Sport: Football | Venue...
2026-03-26 23:06:01 [INFO]   Record 06: Event ID: EVT2489 | Event Name: Doha Sports Festival Opening Match | Sport: Athletics | Ve...
2026-03-26 23:06:01 [INFO]   Record 07: Event ID: EVT7131 | Event Name: Gulf Youth Cup Quarter Final | Sport: Football | Venue: As...
2026-03-26 23:06:01 [INFO]   Record 08: Event ID: EVT6041 | Event Name: Qatar Under-20 Development League | Sport: Football | Venu...
2026-03-26 23:06:01 [INFO] ------------------------------------------------------------------
2026-03-26 23:06:01 [INFO] File written successfully.
2026-03-26 23:06:01 [INFO]   Full path : /home/cloudera/mos_qatar_demo_poc/landing/mos_sports_events_20260326_230601.txt
2026-03-26 23:06:01 [INFO]   Size      : 2059 bytes
2026-03-26 23:06:01 [INFO]   Records   : 8
2026-03-26 23:06:01 [INFO] ==================================================================
2026-03-26 23:06:01 [INFO]   Generator Completed Successfully
2026-03-26 23:06:01 [INFO] ==================================================================
