2026-03-27 05:38:02 [INFO] ==================================================================
2026-03-27 05:38:02 [INFO]   MOS Qatar Demo - Sports Data Generator
2026-03-27 05:38:02 [INFO] ==================================================================
2026-03-27 05:38:02 [INFO] Config file   : /home/cloudera/mos_qatar_demo_poc/config/mos_qatar_demo.ini
2026-03-27 05:38:02 [INFO] Landing dir   : /home/cloudera/mos_qatar_demo_poc/landing
2026-03-27 05:38:02 [INFO] Output file   : mos_sports_events_20260327_053802.txt
2026-03-27 05:38:02 [INFO] Records count : 6
2026-03-27 05:38:02 [INFO] ------------------------------------------------------------------
2026-03-27 05:38:02 [INFO]   Record 01: Event ID: EVT7883 | Event Name: MOS Annual Charity Football Gala | Sport: Basketball | Ven...
2026-03-27 05:38:02 [INFO]   Record 02: Event ID: EVT4776 | Event Name: Gulf Youth Cup Round 1 | Sport: Volleyball | Venue: Aspire...
2026-03-27 05:38:02 [INFO]   Record 03: Event ID: EVT4427 | Event Name: GCC Club Championship Quarter Final | Sport: Football | Ve...
2026-03-27 05:38:02 [INFO]   Record 04: Event ID: EVT1767 | Event Name: GCC Club Championship Semi Final | Sport: Basketball | Ven...
2026-03-27 05:38:02 [INFO]   Record 05: Event ID: EVT5098 | Event Name: National Team Preparation Match | Sport: Football | Venue:...
2026-03-27 05:38:02 [INFO]   Record 06: Event ID: EVT7847 | Event Name: Qatar Cup Semi Final | Sport: Football | Venue: Qatar Spor...
2026-03-27 05:38:02 [INFO] ------------------------------------------------------------------
2026-03-27 05:38:02 [INFO] File written successfully.
2026-03-27 05:38:02 [INFO]   Full path : /home/cloudera/mos_qatar_demo_poc/landing/mos_sports_events_20260327_053802.txt
2026-03-27 05:38:02 [INFO]   Size      : 1535 bytes
2026-03-27 05:38:02 [INFO]   Records   : 6
2026-03-27 05:38:02 [INFO] ==================================================================
2026-03-27 05:38:02 [INFO]   Generator Completed Successfully
2026-03-27 05:38:02 [INFO] ==================================================================
