2026-03-26 09:11:02 [INFO] ==================================================================
2026-03-26 09:11:02 [INFO]   MOS Qatar Demo - Sports Data Generator
2026-03-26 09:11:02 [INFO] ==================================================================
2026-03-26 09:11:02 [INFO] Config file   : /home/cloudera/mos_qatar_demo_poc/config/mos_qatar_demo.ini
2026-03-26 09:11:02 [INFO] Landing dir   : /home/cloudera/mos_qatar_demo_poc/landing
2026-03-26 09:11:02 [INFO] Output file   : mos_sports_events_20260326_091102.txt
2026-03-26 09:11:02 [INFO] Records count : 5
2026-03-26 09:11:02 [INFO] ------------------------------------------------------------------
2026-03-26 09:11:02 [INFO]   Record 01: Event ID: EVT5298 | Event Name: Qatar Cup Semi Final | Sport: Football | Venue: Khalifa In...
2026-03-26 09:11:02 [INFO]   Record 02: Event ID: EVT9960 | Event Name: Qatar Premier League Match Day 12 | Sport: Football | Venu...
2026-03-26 09:11:02 [INFO]   Record 03: Event ID: EVT4739 | Event Name: Qatar Premier League Match Day 12 | Sport: Swimming | Venu...
2026-03-26 09:11:02 [INFO]   Record 04: Event ID: EVT7430 | Event Name: Qatar Premier League Match Day 5 | Sport: Volleyball | Ven...
2026-03-26 09:11:02 [INFO]   Record 05: Event ID: EVT7145 | Event Name: Gulf Youth Cup Final | Sport: Football | Venue: Al Janoub ...
2026-03-26 09:11:02 [INFO] ------------------------------------------------------------------
2026-03-26 09:11:02 [INFO] File written successfully.
2026-03-26 09:11:02 [INFO]   Full path : /home/cloudera/mos_qatar_demo_poc/landing/mos_sports_events_20260326_091102.txt
2026-03-26 09:11:02 [INFO]   Size      : 1295 bytes
2026-03-26 09:11:02 [INFO]   Records   : 5
2026-03-26 09:11:02 [INFO] ==================================================================
2026-03-26 09:11:02 [INFO]   Generator Completed Successfully
2026-03-26 09:11:02 [INFO] ==================================================================
