2026-03-25 19:28:01 [INFO] ==================================================================
2026-03-25 19:28:01 [INFO]   MOS Qatar Demo - Sports Data Generator
2026-03-25 19:28:01 [INFO] ==================================================================
2026-03-25 19:28:01 [INFO] Config file   : /home/cloudera/mos_qatar_demo_poc/config/mos_qatar_demo.ini
2026-03-25 19:28:01 [INFO] Landing dir   : /home/cloudera/mos_qatar_demo_poc/landing
2026-03-25 19:28:01 [INFO] Output file   : mos_sports_events_20260325_192801.txt
2026-03-25 19:28:01 [INFO] Records count : 5
2026-03-25 19:28:01 [INFO] ------------------------------------------------------------------
2026-03-25 19:28:01 [INFO]   Record 01: Event ID: EVT8543 | Event Name: Gulf Youth Cup Round 2 | Sport: Handball | Venue: Khalifa ...
2026-03-25 19:28:01 [INFO]   Record 02: Event ID: EVT3504 | Event Name: Asian Qualifiers Warm-up Match | Sport: Handball | Venue: ...
2026-03-25 19:28:01 [INFO]   Record 03: Event ID: EVT7235 | Event Name: Ministry Youth Sports Day | Sport: Football | Venue: Qatar...
2026-03-25 19:28:01 [INFO]   Record 04: Event ID: EVT1294 | Event Name: FIFA World Cup Qatar Legacy Match | Sport: Football | Venu...
2026-03-25 19:28:01 [INFO]   Record 05: Event ID: EVT3861 | Event Name: Qatar Under-20 Development League | Sport: Athletics | Ven...
2026-03-25 19:28:01 [INFO] ------------------------------------------------------------------
2026-03-25 19:28:01 [INFO] File written successfully.
2026-03-25 19:28:01 [INFO]   Full path : /home/cloudera/mos_qatar_demo_poc/landing/mos_sports_events_20260325_192801.txt
2026-03-25 19:28:01 [INFO]   Size      : 1317 bytes
2026-03-25 19:28:01 [INFO]   Records   : 5
2026-03-25 19:28:01 [INFO] ==================================================================
2026-03-25 19:28:01 [INFO]   Generator Completed Successfully
2026-03-25 19:28:01 [INFO] ==================================================================
