2026-03-25 20:55:01 [INFO] ==================================================================
2026-03-25 20:55:01 [INFO]   MOS Qatar Demo - Sports Data Generator
2026-03-25 20:55:01 [INFO] ==================================================================
2026-03-25 20:55:01 [INFO] Config file   : /home/cloudera/mos_qatar_demo_poc/config/mos_qatar_demo.ini
2026-03-25 20:55:01 [INFO] Landing dir   : /home/cloudera/mos_qatar_demo_poc/landing
2026-03-25 20:55:01 [INFO] Output file   : mos_sports_events_20260325_205501.txt
2026-03-25 20:55:01 [INFO] Records count : 5
2026-03-25 20:55:01 [INFO] ------------------------------------------------------------------
2026-03-25 20:55:01 [INFO]   Record 01: Event ID: EVT5405 | Event Name: Qatar Premier League Match Day 5 | Sport: Handball | Venue...
2026-03-25 20:55:01 [INFO]   Record 02: Event ID: EVT7317 | Event Name: Qatar Premier League Match Day 12 | Sport: Basketball | Ve...
2026-03-25 20:55:01 [INFO]   Record 03: Event ID: EVT3105 | Event Name: Doha Sports Festival Opening Match | Sport: Football | Ven...
2026-03-25 20:55:01 [INFO]   Record 04: Event ID: EVT9995 | Event Name: GCC Club Championship Final | Sport: Athletics | Venue: Kh...
2026-03-25 20:55:01 [INFO]   Record 05: Event ID: EVT5394 | Event Name: FIFA World Cup Qatar Legacy Match | Sport: Handball | Venu...
2026-03-25 20:55:01 [INFO] ------------------------------------------------------------------
2026-03-25 20:55:01 [INFO] File written successfully.
2026-03-25 20:55:01 [INFO]   Full path : /home/cloudera/mos_qatar_demo_poc/landing/mos_sports_events_20260325_205501.txt
2026-03-25 20:55:01 [INFO]   Size      : 1288 bytes
2026-03-25 20:55:01 [INFO]   Records   : 5
2026-03-25 20:55:01 [INFO] ==================================================================
2026-03-25 20:55:01 [INFO]   Generator Completed Successfully
2026-03-25 20:55:01 [INFO] ==================================================================
