2026-03-26 15:56:01 [INFO] ==================================================================
2026-03-26 15:56:01 [INFO]   MOS Qatar Demo - Sports Data Generator
2026-03-26 15:56:01 [INFO] ==================================================================
2026-03-26 15:56:01 [INFO] Config file   : /home/cloudera/mos_qatar_demo_poc/config/mos_qatar_demo.ini
2026-03-26 15:56:01 [INFO] Landing dir   : /home/cloudera/mos_qatar_demo_poc/landing
2026-03-26 15:56:01 [INFO] Output file   : mos_sports_events_20260326_155601.txt
2026-03-26 15:56:01 [INFO] Records count : 8
2026-03-26 15:56:01 [INFO] ------------------------------------------------------------------
2026-03-26 15:56:01 [INFO]   Record 01: Event ID: EVT1446 | Event Name: GCC Club Championship Semi Final | Sport: Handball | Venue...
2026-03-26 15:56:01 [INFO]   Record 02: Event ID: EVT1692 | Event Name: Qatar Schools Football League | Sport: Football | Venue: K...
2026-03-26 15:56:01 [INFO]   Record 03: Event ID: EVT8463 | Event Name: Qatar Under-20 Development League | Sport: Football | Venu...
2026-03-26 15:56:01 [INFO]   Record 04: Event ID: EVT7514 | Event Name: Ministry Youth Sports Day | Sport: Handball | Venue: Al Ba...
2026-03-26 15:56:01 [INFO]   Record 05: Event ID: EVT8941 | Event Name: Qatar Premier League Match Day 12 | Sport: Basketball | Ve...
2026-03-26 15:56:01 [INFO]   Record 06: Event ID: EVT4702 | Event Name: Qatar Premier League Match Day 12 | Sport: Swimming | Venu...
2026-03-26 15:56:01 [INFO]   Record 07: Event ID: EVT1494 | Event Name: Gulf Youth Cup Final | Sport: Athletics | Venue: Aspire Zo...
2026-03-26 15:56:01 [INFO]   Record 08: Event ID: EVT4559 | Event Name: GCC Club Championship Final | Sport: Football | Venue: Kha...
2026-03-26 15:56:01 [INFO] ------------------------------------------------------------------
2026-03-26 15:56:01 [INFO] File written successfully.
2026-03-26 15:56:01 [INFO]   Full path : /home/cloudera/mos_qatar_demo_poc/landing/mos_sports_events_20260326_155601.txt
2026-03-26 15:56:01 [INFO]   Size      : 2077 bytes
2026-03-26 15:56:01 [INFO]   Records   : 8
2026-03-26 15:56:01 [INFO] ==================================================================
2026-03-26 15:56:01 [INFO]   Generator Completed Successfully
2026-03-26 15:56:01 [INFO] ==================================================================
