2026-03-25 19:13:01 [INFO] ==================================================================
2026-03-25 19:13:01 [INFO]   MOS Qatar Demo - Sports Data Generator
2026-03-25 19:13:01 [INFO] ==================================================================
2026-03-25 19:13:01 [INFO] Config file   : /home/cloudera/mos_qatar_demo_poc/config/mos_qatar_demo.ini
2026-03-25 19:13:01 [INFO] Landing dir   : /home/cloudera/mos_qatar_demo_poc/landing
2026-03-25 19:13:01 [INFO] Output file   : mos_sports_events_20260325_191301.txt
2026-03-25 19:13:01 [INFO] Records count : 7
2026-03-25 19:13:01 [INFO] ------------------------------------------------------------------
2026-03-25 19:13:01 [INFO]   Record 01: Event ID: EVT6619 | Event Name: Qatar Premier League Match Day 12 | Sport: Handball | Venu...
2026-03-25 19:13:01 [INFO]   Record 02: Event ID: EVT2400 | Event Name: Gulf Cup Qualifier Round 1 | Sport: Football | Venue: Lusa...
2026-03-25 19:13:01 [INFO]   Record 03: Event ID: EVT7164 | Event Name: Ministry Invitational Friendly Tournament | Sport: Footbal...
2026-03-25 19:13:01 [INFO]   Record 04: Event ID: EVT6181 | Event Name: Gulf Youth Cup Round 1 | Sport: Football | Venue: Educatio...
2026-03-25 19:13:01 [INFO]   Record 05: Event ID: EVT7864 | Event Name: Doha Sports Festival Opening Match | Sport: Football | Ven...
2026-03-25 19:13:01 [INFO]   Record 06: Event ID: EVT5096 | Event Name: Qatar Cup Final | Sport: Football | Venue: Al Janoub Stadi...
2026-03-25 19:13:01 [INFO]   Record 07: Event ID: EVT9150 | Event Name: Qatar Olympic Training Camp Evaluation | Sport: Handball |...
2026-03-25 19:13:01 [INFO] ------------------------------------------------------------------
2026-03-25 19:13:01 [INFO] File written successfully.
2026-03-25 19:13:01 [INFO]   Full path : /home/cloudera/mos_qatar_demo_poc/landing/mos_sports_events_20260325_191301.txt
2026-03-25 19:13:01 [INFO]   Size      : 1824 bytes
2026-03-25 19:13:01 [INFO]   Records   : 7
2026-03-25 19:13:01 [INFO] ==================================================================
2026-03-25 19:13:01 [INFO]   Generator Completed Successfully
2026-03-25 19:13:01 [INFO] ==================================================================
