2026-03-24 23:47:01 [INFO] ==================================================================
2026-03-24 23:47:01 [INFO]   MOS Qatar Demo - Sports Data Generator
2026-03-24 23:47:01 [INFO] ==================================================================
2026-03-24 23:47:01 [INFO] Config file   : /home/cloudera/mos_qatar_demo_poc/config/mos_qatar_demo.ini
2026-03-24 23:47:01 [INFO] Landing dir   : /home/cloudera/mos_qatar_demo_poc/landing
2026-03-24 23:47:01 [INFO] Output file   : mos_sports_events_20260324_234701.txt
2026-03-24 23:47:01 [INFO] Records count : 8
2026-03-24 23:47:01 [INFO] ------------------------------------------------------------------
2026-03-24 23:47:01 [INFO]   Record 01: Event ID: EVT8658 | Event Name: National Day Football Celebration | Sport: Football | Venu...
2026-03-24 23:47:01 [INFO]   Record 02: Event ID: EVT2717 | Event Name: GCC Club Championship Quarter Final | Sport: Basketball | ...
2026-03-24 23:47:01 [INFO]   Record 03: Event ID: EVT7376 | Event Name: Qatar Premier League Match Day 8 | Sport: Athletics | Venu...
2026-03-24 23:47:01 [INFO]   Record 04: Event ID: EVT4811 | Event Name: Arab Nations Championship Group Stage | Sport: Football | ...
2026-03-24 23:47:01 [INFO]   Record 05: Event ID: EVT1870 | Event Name: Qatar Premier League Match Day 8 | Sport: Volleyball | Ven...
2026-03-24 23:47:01 [INFO]   Record 06: Event ID: EVT1770 | Event Name: Gulf Youth Cup Quarter Final | Sport: Football | Venue: Ed...
2026-03-24 23:47:01 [INFO]   Record 07: Event ID: EVT7031 | Event Name: Arab Nations Championship Semi Final | Sport: Football | V...
2026-03-24 23:47:01 [INFO]   Record 08: Event ID: EVT6464 | Event Name: FIFA World Cup Qatar Legacy Match | Sport: Football | Venu...
2026-03-24 23:47:01 [INFO] ------------------------------------------------------------------
2026-03-24 23:47:01 [INFO] File written successfully.
2026-03-24 23:47:01 [INFO]   Full path : /home/cloudera/mos_qatar_demo_poc/landing/mos_sports_events_20260324_234701.txt
2026-03-24 23:47:01 [INFO]   Size      : 2094 bytes
2026-03-24 23:47:01 [INFO]   Records   : 8
2026-03-24 23:47:01 [INFO] ==================================================================
2026-03-24 23:47:01 [INFO]   Generator Completed Successfully
2026-03-24 23:47:01 [INFO] ==================================================================
