2026-03-25 22:22:01 [INFO] ==================================================================
2026-03-25 22:22:01 [INFO]   MOS Qatar Demo - Sports Data Generator
2026-03-25 22:22:01 [INFO] ==================================================================
2026-03-25 22:22:01 [INFO] Config file   : /home/cloudera/mos_qatar_demo_poc/config/mos_qatar_demo.ini
2026-03-25 22:22:01 [INFO] Landing dir   : /home/cloudera/mos_qatar_demo_poc/landing
2026-03-25 22:22:01 [INFO] Output file   : mos_sports_events_20260325_222201.txt
2026-03-25 22:22:01 [INFO] Records count : 8
2026-03-25 22:22:01 [INFO] ------------------------------------------------------------------
2026-03-25 22:22:01 [INFO]   Record 01: Event ID: EVT4132 | Event Name: Gulf Youth Cup Round 2 | Sport: Basketball | Venue: Al Bay...
2026-03-25 22:22:01 [INFO]   Record 02: Event ID: EVT4544 | Event Name: Qatar Cup Final | Sport: Football | Venue: Al Janoub Stadi...
2026-03-25 22:22:01 [INFO]   Record 03: Event ID: EVT6937 | Event Name: National Team Preparation Match | Sport: Football | Venue:...
2026-03-25 22:22:01 [INFO]   Record 04: Event ID: EVT7939 | Event Name: National Team Preparation Match | Sport: Football | Venue:...
2026-03-25 22:22:01 [INFO]   Record 05: Event ID: EVT2471 | Event Name: Qatar Under-20 Development League | Sport: Football | Venu...
2026-03-25 22:22:01 [INFO]   Record 06: Event ID: EVT2752 | Event Name: National Team Preparation Match | Sport: Swimming | Venue:...
2026-03-25 22:22:01 [INFO]   Record 07: Event ID: EVT4562 | Event Name: Qatar Olympic Training Camp Evaluation | Sport: Football |...
2026-03-25 22:22:01 [INFO]   Record 08: Event ID: EVT4203 | Event Name: Ministry Youth Sports Day | Sport: Football | Venue: Aspir...
2026-03-25 22:22:01 [INFO] ------------------------------------------------------------------
2026-03-25 22:22:01 [INFO] File written successfully.
2026-03-25 22:22:01 [INFO]   Full path : /home/cloudera/mos_qatar_demo_poc/landing/mos_sports_events_20260325_222201.txt
2026-03-25 22:22:01 [INFO]   Size      : 2050 bytes
2026-03-25 22:22:01 [INFO]   Records   : 8
2026-03-25 22:22:01 [INFO] ==================================================================
2026-03-25 22:22:01 [INFO]   Generator Completed Successfully
2026-03-25 22:22:01 [INFO] ==================================================================
