2026-03-27 02:23:01 [INFO] ==================================================================
2026-03-27 02:23:01 [INFO]   MOS Qatar Demo - Sports Data Generator
2026-03-27 02:23:01 [INFO] ==================================================================
2026-03-27 02:23:01 [INFO] Config file   : /home/cloudera/mos_qatar_demo_poc/config/mos_qatar_demo.ini
2026-03-27 02:23:01 [INFO] Landing dir   : /home/cloudera/mos_qatar_demo_poc/landing
2026-03-27 02:23:01 [INFO] Output file   : mos_sports_events_20260327_022301.txt
2026-03-27 02:23:01 [INFO] Records count : 4
2026-03-27 02:23:01 [INFO] ------------------------------------------------------------------
2026-03-27 02:23:01 [INFO]   Record 01: Event ID: EVT7309 | Event Name: Asian Qualifiers Warm-up Match | Sport: Athletics | Venue:...
2026-03-27 02:23:01 [INFO]   Record 02: Event ID: EVT4090 | Event Name: Qatar Cup Semi Final | Sport: Handball | Venue: Ahmad Bin ...
2026-03-27 02:23:01 [INFO]   Record 03: Event ID: EVT3252 | Event Name: GCC Club Championship Semi Final | Sport: Football | Venue...
2026-03-27 02:23:01 [INFO]   Record 04: Event ID: EVT3246 | Event Name: Gulf Youth Cup Quarter Final | Sport: Football | Venue: Al...
2026-03-27 02:23:01 [INFO] ------------------------------------------------------------------
2026-03-27 02:23:01 [INFO] File written successfully.
2026-03-27 02:23:01 [INFO]   Full path : /home/cloudera/mos_qatar_demo_poc/landing/mos_sports_events_20260327_022301.txt
2026-03-27 02:23:01 [INFO]   Size      : 1033 bytes
2026-03-27 02:23:01 [INFO]   Records   : 4
2026-03-27 02:23:01 [INFO] ==================================================================
2026-03-27 02:23:01 [INFO]   Generator Completed Successfully
2026-03-27 02:23:01 [INFO] ==================================================================
