2026-03-25 06:23:01 [INFO] ==================================================================
2026-03-25 06:23:01 [INFO]   MOS Qatar Demo - Sports Data Generator
2026-03-25 06:23:01 [INFO] ==================================================================
2026-03-25 06:23:01 [INFO] Config file   : /home/cloudera/mos_qatar_demo_poc/config/mos_qatar_demo.ini
2026-03-25 06:23:01 [INFO] Landing dir   : /home/cloudera/mos_qatar_demo_poc/landing
2026-03-25 06:23:01 [INFO] Output file   : mos_sports_events_20260325_062301.txt
2026-03-25 06:23:01 [INFO] Records count : 6
2026-03-25 06:23:01 [INFO] ------------------------------------------------------------------
2026-03-25 06:23:01 [INFO]   Record 01: Event ID: EVT3161 | Event Name: National Team Preparation Match | Sport: Athletics | Venue...
2026-03-25 06:23:01 [INFO]   Record 02: Event ID: EVT6635 | Event Name: Gulf Youth Cup Final | Sport: Swimming | Venue: Lusail Sta...
2026-03-25 06:23:01 [INFO]   Record 03: Event ID: EVT9551 | Event Name: Doha Sports Festival Opening Match | Sport: Athletics | Ve...
2026-03-25 06:23:01 [INFO]   Record 04: Event ID: EVT1462 | Event Name: Arab Nations Championship Semi Final | Sport: Volleyball |...
2026-03-25 06:23:01 [INFO]   Record 05: Event ID: EVT3577 | Event Name: Gulf Cup Qualifier Round 1 | Sport: Handball | Venue: Al W...
2026-03-25 06:23:01 [INFO]   Record 06: Event ID: EVT3273 | Event Name: Ramadan Football Festival | Sport: Football | Venue: Al Ba...
2026-03-25 06:23:01 [INFO] ------------------------------------------------------------------
2026-03-25 06:23:01 [INFO] File written successfully.
2026-03-25 06:23:01 [INFO]   Full path : /home/cloudera/mos_qatar_demo_poc/landing/mos_sports_events_20260325_062301.txt
2026-03-25 06:23:01 [INFO]   Size      : 1557 bytes
2026-03-25 06:23:01 [INFO]   Records   : 6
2026-03-25 06:23:01 [INFO] ==================================================================
2026-03-25 06:23:01 [INFO]   Generator Completed Successfully
2026-03-25 06:23:01 [INFO] ==================================================================
