2026-03-26 13:26:02 [INFO] ==================================================================
2026-03-26 13:26:02 [INFO]   MOS Qatar Demo - Sports Data Generator
2026-03-26 13:26:02 [INFO] ==================================================================
2026-03-26 13:26:02 [INFO] Config file   : /home/cloudera/mos_qatar_demo_poc/config/mos_qatar_demo.ini
2026-03-26 13:26:02 [INFO] Landing dir   : /home/cloudera/mos_qatar_demo_poc/landing
2026-03-26 13:26:02 [INFO] Output file   : mos_sports_events_20260326_132602.txt
2026-03-26 13:26:02 [INFO] Records count : 10
2026-03-26 13:26:02 [INFO] ------------------------------------------------------------------
2026-03-26 13:26:02 [INFO]   Record 01: Event ID: EVT8735 | Event Name: Gulf Youth Cup Final | Sport: Athletics | Venue: Al Janoub...
2026-03-26 13:26:02 [INFO]   Record 02: Event ID: EVT9260 | Event Name: Ministry Youth Sports Day | Sport: Volleyball | Venue: Al ...
2026-03-26 13:26:02 [INFO]   Record 03: Event ID: EVT3638 | Event Name: Ministry Invitational Friendly Tournament | Sport: Footbal...
2026-03-26 13:26:02 [INFO]   Record 04: Event ID: EVT9871 | Event Name: FIFA World Cup Qatar Legacy Match | Sport: Football | Venu...
2026-03-26 13:26:02 [INFO]   Record 05: Event ID: EVT3810 | Event Name: Qatar Premier League Match Day 5 | Sport: Volleyball | Ven...
2026-03-26 13:26:02 [INFO]   Record 06: Event ID: EVT7867 | Event Name: Arab Nations Championship Group Stage | Sport: Football | ...
2026-03-26 13:26:02 [INFO]   Record 07: Event ID: EVT5769 | Event Name: Gulf Youth Cup Final | Sport: Football | Venue: Ahmad Bin ...
2026-03-26 13:26:02 [INFO]   Record 08: Event ID: EVT2024 | Event Name: Asian Qualifiers Warm-up Match | Sport: Volleyball | Venue...
2026-03-26 13:26:02 [INFO]   Record 09: Event ID: EVT7721 | Event Name: Qatar Olympic Training Camp Evaluation | Sport: Athletics ...
2026-03-26 13:26:02 [INFO]   Record 10: Event ID: EVT5228 | Event Name: GCC Club Championship Final | Sport: Basketball | Venue: Q...
2026-03-26 13:26:02 [INFO] ------------------------------------------------------------------
2026-03-26 13:26:02 [INFO] File written successfully.
2026-03-26 13:26:02 [INFO]   Full path : /home/cloudera/mos_qatar_demo_poc/landing/mos_sports_events_20260326_132602.txt
2026-03-26 13:26:02 [INFO]   Size      : 2629 bytes
2026-03-26 13:26:02 [INFO]   Records   : 10
2026-03-26 13:26:02 [INFO] ==================================================================
2026-03-26 13:26:02 [INFO]   Generator Completed Successfully
2026-03-26 13:26:02 [INFO] ==================================================================
