2026-03-26 15:30:01 [INFO] ==================================================================
2026-03-26 15:30:01 [INFO]   MOS Qatar Demo - Sports Data Generator
2026-03-26 15:30:01 [INFO] ==================================================================
2026-03-26 15:30:01 [INFO] Config file   : /home/cloudera/mos_qatar_demo_poc/config/mos_qatar_demo.ini
2026-03-26 15:30:01 [INFO] Landing dir   : /home/cloudera/mos_qatar_demo_poc/landing
2026-03-26 15:30:01 [INFO] Output file   : mos_sports_events_20260326_153001.txt
2026-03-26 15:30:01 [INFO] Records count : 8
2026-03-26 15:30:01 [INFO] ------------------------------------------------------------------
2026-03-26 15:30:01 [INFO]   Record 01: Event ID: EVT3613 | Event Name: Qatar Cup Semi Final | Sport: Swimming | Venue: Al Wakrah ...
2026-03-26 15:30:01 [INFO]   Record 02: Event ID: EVT6405 | Event Name: Qatar Under-20 Development League | Sport: Football | Venu...
2026-03-26 15:30:01 [INFO]   Record 03: Event ID: EVT4407 | Event Name: Gulf Youth Cup Quarter Final | Sport: Handball | Venue: Al...
2026-03-26 15:30:01 [INFO]   Record 04: Event ID: EVT8156 | Event Name: Ministry Invitational Friendly Tournament | Sport: Footbal...
2026-03-26 15:30:01 [INFO]   Record 05: Event ID: EVT2859 | Event Name: Qatar Premier League Match Day 8 | Sport: Swimming | Venue...
2026-03-26 15:30:01 [INFO]   Record 06: Event ID: EVT9350 | Event Name: National Day Football Celebration | Sport: Football | Venu...
2026-03-26 15:30:01 [INFO]   Record 07: Event ID: EVT3596 | Event Name: GCC Club Championship Quarter Final | Sport: Athletics | V...
2026-03-26 15:30:01 [INFO]   Record 08: Event ID: EVT8948 | Event Name: Qatar Premier League Match Day 12 | Sport: Football | Venu...
2026-03-26 15:30:01 [INFO] ------------------------------------------------------------------
2026-03-26 15:30:01 [INFO] File written successfully.
2026-03-26 15:30:01 [INFO]   Full path : /home/cloudera/mos_qatar_demo_poc/landing/mos_sports_events_20260326_153001.txt
2026-03-26 15:30:01 [INFO]   Size      : 2120 bytes
2026-03-26 15:30:01 [INFO]   Records   : 8
2026-03-26 15:30:01 [INFO] ==================================================================
2026-03-26 15:30:01 [INFO]   Generator Completed Successfully
2026-03-26 15:30:01 [INFO] ==================================================================
