2026-03-27 12:10:01 [INFO] ==================================================================
2026-03-27 12:10:01 [INFO]   MOS Qatar Demo - Sports Data Generator
2026-03-27 12:10:01 [INFO] ==================================================================
2026-03-27 12:10:01 [INFO] Config file   : /home/cloudera/mos_qatar_demo_poc/config/mos_qatar_demo.ini
2026-03-27 12:10:01 [INFO] Landing dir   : /home/cloudera/mos_qatar_demo_poc/landing
2026-03-27 12:10:01 [INFO] Output file   : mos_sports_events_20260327_121001.txt
2026-03-27 12:10:01 [INFO] Records count : 8
2026-03-27 12:10:01 [INFO] ------------------------------------------------------------------
2026-03-27 12:10:01 [INFO]   Record 01: Event ID: EVT5484 | Event Name: Qatar Under-20 Development League | Sport: Swimming | Venu...
2026-03-27 12:10:01 [INFO]   Record 02: Event ID: EVT4144 | Event Name: Ministry Invitational Friendly Tournament | Sport: Swimmin...
2026-03-27 12:10:01 [INFO]   Record 03: Event ID: EVT1876 | Event Name: Ramadan Football Festival | Sport: Athletics | Venue: Aspi...
2026-03-27 12:10:01 [INFO]   Record 04: Event ID: EVT7646 | Event Name: National Day Football Celebration | Sport: Swimming | Venu...
2026-03-27 12:10:01 [INFO]   Record 05: Event ID: EVT7475 | Event Name: Doha Sports Festival Opening Match | Sport: Athletics | Ve...
2026-03-27 12:10:01 [INFO]   Record 06: Event ID: EVT5009 | Event Name: Qatar Schools Football League | Sport: Football | Venue: A...
2026-03-27 12:10:01 [INFO]   Record 07: Event ID: EVT1038 | Event Name: National Day Football Celebration | Sport: Athletics | Ven...
2026-03-27 12:10:01 [INFO]   Record 08: Event ID: EVT5641 | Event Name: GCC Club Championship Final | Sport: Handball | Venue: Al ...
2026-03-27 12:10:01 [INFO] ------------------------------------------------------------------
2026-03-27 12:10:01 [INFO] File written successfully.
2026-03-27 12:10:01 [INFO]   Full path : /home/cloudera/mos_qatar_demo_poc/landing/mos_sports_events_20260327_121001.txt
2026-03-27 12:10:01 [INFO]   Size      : 2057 bytes
2026-03-27 12:10:01 [INFO]   Records   : 8
2026-03-27 12:10:01 [INFO] ==================================================================
2026-03-27 12:10:01 [INFO]   Generator Completed Successfully
2026-03-27 12:10:01 [INFO] ==================================================================
