2026-03-24 21:01:01 [INFO] ==================================================================
2026-03-24 21:01:01 [INFO]   MOS Qatar Demo - Sports Data Generator
2026-03-24 21:01:01 [INFO] ==================================================================
2026-03-24 21:01:01 [INFO] Config file   : /home/cloudera/mos_qatar_demo_poc/config/mos_qatar_demo.ini
2026-03-24 21:01:01 [INFO] Landing dir   : /home/cloudera/mos_qatar_demo_poc/landing
2026-03-24 21:01:01 [INFO] Output file   : mos_sports_events_20260324_210101.txt
2026-03-24 21:01:01 [INFO] Records count : 5
2026-03-24 21:01:01 [INFO] ------------------------------------------------------------------
2026-03-24 21:01:01 [INFO]   Record 01: Event ID: EVT7175 | Event Name: Arab Nations Championship Group Stage | Sport: Handball | ...
2026-03-24 21:01:01 [INFO]   Record 02: Event ID: EVT4038 | Event Name: Qatar Premier League Match Day 5 | Sport: Handball | Venue...
2026-03-24 21:01:01 [INFO]   Record 03: Event ID: EVT8560 | Event Name: Ministry Youth Sports Day | Sport: Swimming | Venue: Lusai...
2026-03-24 21:01:01 [INFO]   Record 04: Event ID: EVT2383 | Event Name: Qatar Premier League Match Day 5 | Sport: Basketball | Ven...
2026-03-24 21:01:01 [INFO]   Record 05: Event ID: EVT3201 | Event Name: Ministry Youth Sports Day | Sport: Swimming | Venue: Al Th...
2026-03-24 21:01:01 [INFO] ------------------------------------------------------------------
2026-03-24 21:01:01 [INFO] File written successfully.
2026-03-24 21:01:01 [INFO]   Full path : /home/cloudera/mos_qatar_demo_poc/landing/mos_sports_events_20260324_210101.txt
2026-03-24 21:01:01 [INFO]   Size      : 1285 bytes
2026-03-24 21:01:01 [INFO]   Records   : 5
2026-03-24 21:01:01 [INFO] ==================================================================
2026-03-24 21:01:01 [INFO]   Generator Completed Successfully
2026-03-24 21:01:01 [INFO] ==================================================================
