2026-03-26 05:57:02 [INFO] ==================================================================
2026-03-26 05:57:02 [INFO]   MOS Qatar Demo - Sports Data Generator
2026-03-26 05:57:02 [INFO] ==================================================================
2026-03-26 05:57:02 [INFO] Config file   : /home/cloudera/mos_qatar_demo_poc/config/mos_qatar_demo.ini
2026-03-26 05:57:02 [INFO] Landing dir   : /home/cloudera/mos_qatar_demo_poc/landing
2026-03-26 05:57:02 [INFO] Output file   : mos_sports_events_20260326_055702.txt
2026-03-26 05:57:02 [INFO] Records count : 7
2026-03-26 05:57:02 [INFO] ------------------------------------------------------------------
2026-03-26 05:57:02 [INFO]   Record 01: Event ID: EVT4074 | Event Name: Gulf Youth Cup Round 2 | Sport: Football | Venue: Lusail S...
2026-03-26 05:57:02 [INFO]   Record 02: Event ID: EVT3659 | Event Name: Gulf Cup Qualifier Round 1 | Sport: Athletics | Venue: Al ...
2026-03-26 05:57:02 [INFO]   Record 03: Event ID: EVT2002 | Event Name: Qatar Under-20 Development League | Sport: Football | Venu...
2026-03-26 05:57:02 [INFO]   Record 04: Event ID: EVT1006 | Event Name: FIFA World Cup Qatar Legacy Match | Sport: Swimming | Venu...
2026-03-26 05:57:02 [INFO]   Record 05: Event ID: EVT6148 | Event Name: Ministry Invitational Friendly Tournament | Sport: Footbal...
2026-03-26 05:57:02 [INFO]   Record 06: Event ID: EVT2224 | Event Name: Gulf Youth Cup Round 1 | Sport: Football | Venue: Al Janou...
2026-03-26 05:57:02 [INFO]   Record 07: Event ID: EVT3963 | Event Name: Qatar Cup Semi Final | Sport: Football | Venue: Aspire Zon...
2026-03-26 05:57:02 [INFO] ------------------------------------------------------------------
2026-03-26 05:57:02 [INFO] File written successfully.
2026-03-26 05:57:02 [INFO]   Full path : /home/cloudera/mos_qatar_demo_poc/landing/mos_sports_events_20260326_055702.txt
2026-03-26 05:57:02 [INFO]   Size      : 1788 bytes
2026-03-26 05:57:02 [INFO]   Records   : 7
2026-03-26 05:57:02 [INFO] ==================================================================
2026-03-26 05:57:02 [INFO]   Generator Completed Successfully
2026-03-26 05:57:02 [INFO] ==================================================================
