2026-03-27 01:55:01 [INFO] ==================================================================
2026-03-27 01:55:01 [INFO]   MOS Qatar Demo - Sports Data Generator
2026-03-27 01:55:01 [INFO] ==================================================================
2026-03-27 01:55:01 [INFO] Config file   : /home/cloudera/mos_qatar_demo_poc/config/mos_qatar_demo.ini
2026-03-27 01:55:01 [INFO] Landing dir   : /home/cloudera/mos_qatar_demo_poc/landing
2026-03-27 01:55:01 [INFO] Output file   : mos_sports_events_20260327_015501.txt
2026-03-27 01:55:01 [INFO] Records count : 9
2026-03-27 01:55:01 [INFO] ------------------------------------------------------------------
2026-03-27 01:55:01 [INFO]   Record 01: Event ID: EVT1941 | Event Name: Doha Sports Festival Opening Match | Sport: Athletics | Ve...
2026-03-27 01:55:01 [INFO]   Record 02: Event ID: EVT5363 | Event Name: Gulf Cup Qualifier Round 1 | Sport: Football | Venue: Aspi...
2026-03-27 01:55:01 [INFO]   Record 03: Event ID: EVT3010 | Event Name: GCC Club Championship Final | Sport: Football | Venue: Ahm...
2026-03-27 01:55:01 [INFO]   Record 04: Event ID: EVT3205 | Event Name: National Day Football Celebration | Sport: Football | Venu...
2026-03-27 01:55:01 [INFO]   Record 05: Event ID: EVT9781 | Event Name: National Day Football Celebration | Sport: Athletics | Ven...
2026-03-27 01:55:01 [INFO]   Record 06: Event ID: EVT6141 | Event Name: GCC Club Championship Final | Sport: Football | Venue: Al ...
2026-03-27 01:55:01 [INFO]   Record 07: Event ID: EVT6553 | Event Name: GCC Club Championship Quarter Final | Sport: Football | Ve...
2026-03-27 01:55:01 [INFO]   Record 08: Event ID: EVT7294 | Event Name: Qatar Olympic Training Camp Evaluation | Sport: Football |...
2026-03-27 01:55:01 [INFO]   Record 09: Event ID: EVT6824 | Event Name: Ministry Invitational Friendly Tournament | Sport: Athleti...
2026-03-27 01:55:01 [INFO] ------------------------------------------------------------------
2026-03-27 01:55:01 [INFO] File written successfully.
2026-03-27 01:55:01 [INFO]   Full path : /home/cloudera/mos_qatar_demo_poc/landing/mos_sports_events_20260327_015501.txt
2026-03-27 01:55:01 [INFO]   Size      : 2361 bytes
2026-03-27 01:55:01 [INFO]   Records   : 9
2026-03-27 01:55:01 [INFO] ==================================================================
2026-03-27 01:55:01 [INFO]   Generator Completed Successfully
2026-03-27 01:55:01 [INFO] ==================================================================
