2026-03-26 15:21:01 [INFO] ==================================================================
2026-03-26 15:21:01 [INFO]   MOS Qatar Demo - Sports Data Generator
2026-03-26 15:21:01 [INFO] ==================================================================
2026-03-26 15:21:01 [INFO] Config file   : /home/cloudera/mos_qatar_demo_poc/config/mos_qatar_demo.ini
2026-03-26 15:21:01 [INFO] Landing dir   : /home/cloudera/mos_qatar_demo_poc/landing
2026-03-26 15:21:01 [INFO] Output file   : mos_sports_events_20260326_152101.txt
2026-03-26 15:21:01 [INFO] Records count : 9
2026-03-26 15:21:01 [INFO] ------------------------------------------------------------------
2026-03-26 15:21:01 [INFO]   Record 01: Event ID: EVT6849 | Event Name: Gulf Youth Cup Round 1 | Sport: Football | Venue: Al Janou...
2026-03-26 15:21:01 [INFO]   Record 02: Event ID: EVT1799 | Event Name: Ministry Youth Sports Day | Sport: Football | Venue: Ahmad...
2026-03-26 15:21:01 [INFO]   Record 03: Event ID: EVT2828 | Event Name: Qatar Premier League Match Day 12 | Sport: Volleyball | Ve...
2026-03-26 15:21:01 [INFO]   Record 04: Event ID: EVT8067 | Event Name: National Day Football Celebration | Sport: Handball | Venu...
2026-03-26 15:21:01 [INFO]   Record 05: Event ID: EVT9052 | Event Name: Qatar Premier League Match Day 12 | Sport: Football | Venu...
2026-03-26 15:21:01 [INFO]   Record 06: Event ID: EVT5690 | Event Name: Gulf Youth Cup Round 1 | Sport: Football | Venue: Ahmad Bi...
2026-03-26 15:21:01 [INFO]   Record 07: Event ID: EVT1043 | Event Name: Arab Nations Championship Semi Final | Sport: Athletics | ...
2026-03-26 15:21:01 [INFO]   Record 08: Event ID: EVT8288 | Event Name: Doha Sports Festival Opening Match | Sport: Football | Ven...
2026-03-26 15:21:01 [INFO]   Record 09: Event ID: EVT5680 | Event Name: Qatar Schools Football League | Sport: Athletics | Venue: ...
2026-03-26 15:21:01 [INFO] ------------------------------------------------------------------
2026-03-26 15:21:01 [INFO] File written successfully.
2026-03-26 15:21:01 [INFO]   Full path : /home/cloudera/mos_qatar_demo_poc/landing/mos_sports_events_20260326_152101.txt
2026-03-26 15:21:01 [INFO]   Size      : 2342 bytes
2026-03-26 15:21:01 [INFO]   Records   : 9
2026-03-26 15:21:01 [INFO] ==================================================================
2026-03-26 15:21:01 [INFO]   Generator Completed Successfully
2026-03-26 15:21:01 [INFO] ==================================================================
