2026-03-24 21:24:02 [INFO] ==================================================================
2026-03-24 21:24:02 [INFO]   MOS Qatar Demo - Sports Data Generator
2026-03-24 21:24:02 [INFO] ==================================================================
2026-03-24 21:24:02 [INFO] Config file   : /home/cloudera/mos_qatar_demo_poc/config/mos_qatar_demo.ini
2026-03-24 21:24:02 [INFO] Landing dir   : /home/cloudera/mos_qatar_demo_poc/landing
2026-03-24 21:24:02 [INFO] Output file   : mos_sports_events_20260324_212402.txt
2026-03-24 21:24:02 [INFO] Records count : 4
2026-03-24 21:24:02 [INFO] ------------------------------------------------------------------
2026-03-24 21:24:02 [INFO]   Record 01: Event ID: EVT4289 | Event Name: Asian Qualifiers Warm-up Match | Sport: Football | Venue: ...
2026-03-24 21:24:02 [INFO]   Record 02: Event ID: EVT1099 | Event Name: Qatar Schools Football League | Sport: Basketball | Venue:...
2026-03-24 21:24:02 [INFO]   Record 03: Event ID: EVT3615 | Event Name: Doha Sports Festival Opening Match | Sport: Handball | Ven...
2026-03-24 21:24:02 [INFO]   Record 04: Event ID: EVT8938 | Event Name: Arab Nations Championship Semi Final | Sport: Football | V...
2026-03-24 21:24:02 [INFO] ------------------------------------------------------------------
2026-03-24 21:24:02 [INFO] File written successfully.
2026-03-24 21:24:02 [INFO]   Full path : /home/cloudera/mos_qatar_demo_poc/landing/mos_sports_events_20260324_212402.txt
2026-03-24 21:24:02 [INFO]   Size      : 1064 bytes
2026-03-24 21:24:02 [INFO]   Records   : 4
2026-03-24 21:24:02 [INFO] ==================================================================
2026-03-24 21:24:02 [INFO]   Generator Completed Successfully
2026-03-24 21:24:02 [INFO] ==================================================================
