2026-03-24 15:43:02 [INFO] ==================================================================
2026-03-24 15:43:02 [INFO]   MOS Qatar Demo - Sports Data Generator
2026-03-24 15:43:02 [INFO] ==================================================================
2026-03-24 15:43:02 [INFO] Config file   : /home/cloudera/mos_qatar_demo_poc/config/mos_qatar_demo.ini
2026-03-24 15:43:02 [INFO] Landing dir   : /home/cloudera/mos_qatar_demo_poc/landing
2026-03-24 15:43:02 [INFO] Output file   : mos_sports_events_20260324_154302.txt
2026-03-24 15:43:02 [INFO] Records count : 6
2026-03-24 15:43:02 [INFO] ------------------------------------------------------------------
2026-03-24 15:43:02 [INFO]   Record 01: Event ID: EVT3855 | Event Name: Qatar Premier League Match Day 8 | Sport: Football | Venue...
2026-03-24 15:43:02 [INFO]   Record 02: Event ID: EVT6503 | Event Name: Gulf Youth Cup Quarter Final | Sport: Football | Venue: As...
2026-03-24 15:43:02 [INFO]   Record 03: Event ID: EVT2175 | Event Name: Qatar Schools Football League | Sport: Athletics | Venue: ...
2026-03-24 15:43:02 [INFO]   Record 04: Event ID: EVT4406 | Event Name: Arab Nations Championship Semi Final | Sport: Swimming | V...
2026-03-24 15:43:02 [INFO]   Record 05: Event ID: EVT5699 | Event Name: GCC Club Championship Semi Final | Sport: Volleyball | Ven...
2026-03-24 15:43:02 [INFO]   Record 06: Event ID: EVT9082 | Event Name: Qatar Cup Semi Final | Sport: Football | Venue: Education ...
2026-03-24 15:43:02 [INFO] ------------------------------------------------------------------
2026-03-24 15:43:02 [INFO] File written successfully.
2026-03-24 15:43:02 [INFO]   Full path : /home/cloudera/mos_qatar_demo_poc/landing/mos_sports_events_20260324_154302.txt
2026-03-24 15:43:02 [INFO]   Size      : 1571 bytes
2026-03-24 15:43:02 [INFO]   Records   : 6
2026-03-24 15:43:02 [INFO] ==================================================================
2026-03-24 15:43:02 [INFO]   Generator Completed Successfully
2026-03-24 15:43:02 [INFO] ==================================================================
