2026-03-25 20:38:02 [INFO] ==================================================================
2026-03-25 20:38:02 [INFO]   MOS Qatar Demo - Sports Data Generator
2026-03-25 20:38:02 [INFO] ==================================================================
2026-03-25 20:38:02 [INFO] Config file   : /home/cloudera/mos_qatar_demo_poc/config/mos_qatar_demo.ini
2026-03-25 20:38:02 [INFO] Landing dir   : /home/cloudera/mos_qatar_demo_poc/landing
2026-03-25 20:38:02 [INFO] Output file   : mos_sports_events_20260325_203802.txt
2026-03-25 20:38:02 [INFO] Records count : 10
2026-03-25 20:38:02 [INFO] ------------------------------------------------------------------
2026-03-25 20:38:02 [INFO]   Record 01: Event ID: EVT7836 | Event Name: Arab Nations Championship Group Stage | Sport: Football | ...
2026-03-25 20:38:02 [INFO]   Record 02: Event ID: EVT9998 | Event Name: Gulf Youth Cup Quarter Final | Sport: Athletics | Venue: L...
2026-03-25 20:38:02 [INFO]   Record 03: Event ID: EVT1810 | Event Name: GCC Club Championship Semi Final | Sport: Volleyball | Ven...
2026-03-25 20:38:02 [INFO]   Record 04: Event ID: EVT4107 | Event Name: Gulf Youth Cup Quarter Final | Sport: Football | Venue: As...
2026-03-25 20:38:02 [INFO]   Record 05: Event ID: EVT1259 | Event Name: Ramadan Football Festival | Sport: Football | Venue: Lusai...
2026-03-25 20:38:02 [INFO]   Record 06: Event ID: EVT1251 | Event Name: Ramadan Football Festival | Sport: Football | Venue: Lusai...
2026-03-25 20:38:02 [INFO]   Record 07: Event ID: EVT4488 | Event Name: Qatar Under-20 Development League | Sport: Handball | Venu...
2026-03-25 20:38:02 [INFO]   Record 08: Event ID: EVT8891 | Event Name: GCC Club Championship Quarter Final | Sport: Football | Ve...
2026-03-25 20:38:02 [INFO]   Record 09: Event ID: EVT8938 | Event Name: Gulf Youth Cup Quarter Final | Sport: Football | Venue: Qa...
2026-03-25 20:38:02 [INFO]   Record 10: Event ID: EVT6926 | Event Name: Qatar Under-20 Development League | Sport: Athletics | Ven...
2026-03-25 20:38:02 [INFO] ------------------------------------------------------------------
2026-03-25 20:38:02 [INFO] File written successfully.
2026-03-25 20:38:02 [INFO]   Full path : /home/cloudera/mos_qatar_demo_poc/landing/mos_sports_events_20260325_203802.txt
2026-03-25 20:38:02 [INFO]   Size      : 2555 bytes
2026-03-25 20:38:02 [INFO]   Records   : 10
2026-03-25 20:38:02 [INFO] ==================================================================
2026-03-25 20:38:02 [INFO]   Generator Completed Successfully
2026-03-25 20:38:02 [INFO] ==================================================================
