2026-03-27 20:30:02 [INFO] ==================================================================
2026-03-27 20:30:02 [INFO]   MOS Qatar Demo - Sports Data Generator
2026-03-27 20:30:02 [INFO] ==================================================================
2026-03-27 20:30:02 [INFO] Config file   : /home/cloudera/mos_qatar_demo_poc/config/mos_qatar_demo.ini
2026-03-27 20:30:02 [INFO] Landing dir   : /home/cloudera/mos_qatar_demo_poc/landing
2026-03-27 20:30:02 [INFO] Output file   : mos_sports_events_20260327_203002.txt
2026-03-27 20:30:02 [INFO] Records count : 8
2026-03-27 20:30:02 [INFO] ------------------------------------------------------------------
2026-03-27 20:30:02 [INFO]   Record 01: Event ID: EVT8866 | Event Name: National Day Football Celebration | Sport: Football | Venu...
2026-03-27 20:30:02 [INFO]   Record 02: Event ID: EVT4756 | Event Name: Gulf Youth Cup Round 2 | Sport: Football | Venue: Qatar Sp...
2026-03-27 20:30:02 [INFO]   Record 03: Event ID: EVT3370 | Event Name: Qatar Cup Semi Final | Sport: Football | Venue: Al Wakrah ...
2026-03-27 20:30:02 [INFO]   Record 04: Event ID: EVT7789 | Event Name: Gulf Youth Cup Semi Final | Sport: Basketball | Venue: Edu...
2026-03-27 20:30:02 [INFO]   Record 05: Event ID: EVT3581 | Event Name: Arab Nations Championship Group Stage | Sport: Basketball ...
2026-03-27 20:30:02 [INFO]   Record 06: Event ID: EVT3611 | Event Name: Gulf Youth Cup Final | Sport: Football | Venue: Al Bayt St...
2026-03-27 20:30:02 [INFO]   Record 07: Event ID: EVT7282 | Event Name: Qatar Schools Football League | Sport: Volleyball | Venue:...
2026-03-27 20:30:02 [INFO]   Record 08: Event ID: EVT6620 | Event Name: Ministry Invitational Friendly Tournament | Sport: Footbal...
2026-03-27 20:30:02 [INFO] ------------------------------------------------------------------
2026-03-27 20:30:02 [INFO] File written successfully.
2026-03-27 20:30:02 [INFO]   Full path : /home/cloudera/mos_qatar_demo_poc/landing/mos_sports_events_20260327_203002.txt
2026-03-27 20:30:02 [INFO]   Size      : 2081 bytes
2026-03-27 20:30:02 [INFO]   Records   : 8
2026-03-27 20:30:02 [INFO] ==================================================================
2026-03-27 20:30:02 [INFO]   Generator Completed Successfully
2026-03-27 20:30:02 [INFO] ==================================================================
