2026-03-25 20:16:02 [INFO] ==================================================================
2026-03-25 20:16:02 [INFO]   MOS Qatar Demo - Sports Data Generator
2026-03-25 20:16:02 [INFO] ==================================================================
2026-03-25 20:16:02 [INFO] Config file   : /home/cloudera/mos_qatar_demo_poc/config/mos_qatar_demo.ini
2026-03-25 20:16:02 [INFO] Landing dir   : /home/cloudera/mos_qatar_demo_poc/landing
2026-03-25 20:16:02 [INFO] Output file   : mos_sports_events_20260325_201602.txt
2026-03-25 20:16:02 [INFO] Records count : 10
2026-03-25 20:16:02 [INFO] ------------------------------------------------------------------
2026-03-25 20:16:02 [INFO]   Record 01: Event ID: EVT9679 | Event Name: Arab Nations Championship Semi Final | Sport: Basketball |...
2026-03-25 20:16:02 [INFO]   Record 02: Event ID: EVT3936 | Event Name: Gulf Youth Cup Final | Sport: Athletics | Venue: Lusail St...
2026-03-25 20:16:02 [INFO]   Record 03: Event ID: EVT5314 | Event Name: MOS Annual Charity Football Gala | Sport: Football | Venue...
2026-03-25 20:16:02 [INFO]   Record 04: Event ID: EVT8037 | Event Name: Asian Qualifiers Warm-up Match | Sport: Basketball | Venue...
2026-03-25 20:16:02 [INFO]   Record 05: Event ID: EVT3347 | Event Name: Qatar Olympic Training Camp Evaluation | Sport: Swimming |...
2026-03-25 20:16:02 [INFO]   Record 06: Event ID: EVT3365 | Event Name: Qatar Cup Final | Sport: Football | Venue: Qatar Sports Cl...
2026-03-25 20:16:02 [INFO]   Record 07: Event ID: EVT6500 | Event Name: Qatar Cup Semi Final | Sport: Swimming | Venue: Al Wakrah ...
2026-03-25 20:16:02 [INFO]   Record 08: Event ID: EVT7197 | Event Name: Gulf Youth Cup Semi Final | Sport: Handball | Venue: Al Ba...
2026-03-25 20:16:02 [INFO]   Record 09: Event ID: EVT8333 | Event Name: Gulf Youth Cup Quarter Final | Sport: Volleyball | Venue: ...
2026-03-25 20:16:02 [INFO]   Record 10: Event ID: EVT1335 | Event Name: Gulf Youth Cup Round 2 | Sport: Basketball | Venue: Qatar ...
2026-03-25 20:16:02 [INFO] ------------------------------------------------------------------
2026-03-25 20:16:02 [INFO] File written successfully.
2026-03-25 20:16:02 [INFO]   Full path : /home/cloudera/mos_qatar_demo_poc/landing/mos_sports_events_20260325_201602.txt
2026-03-25 20:16:02 [INFO]   Size      : 2571 bytes
2026-03-25 20:16:02 [INFO]   Records   : 10
2026-03-25 20:16:02 [INFO] ==================================================================
2026-03-25 20:16:02 [INFO]   Generator Completed Successfully
2026-03-25 20:16:02 [INFO] ==================================================================
