2026-03-27 03:13:01 [INFO] ==================================================================
2026-03-27 03:13:01 [INFO]   MOS Qatar Demo - Sports Data Generator
2026-03-27 03:13:01 [INFO] ==================================================================
2026-03-27 03:13:01 [INFO] Config file   : /home/cloudera/mos_qatar_demo_poc/config/mos_qatar_demo.ini
2026-03-27 03:13:01 [INFO] Landing dir   : /home/cloudera/mos_qatar_demo_poc/landing
2026-03-27 03:13:01 [INFO] Output file   : mos_sports_events_20260327_031301.txt
2026-03-27 03:13:01 [INFO] Records count : 4
2026-03-27 03:13:01 [INFO] ------------------------------------------------------------------
2026-03-27 03:13:01 [INFO]   Record 01: Event ID: EVT9213 | Event Name: Ministry Invitational Friendly Tournament | Sport: Footbal...
2026-03-27 03:13:01 [INFO]   Record 02: Event ID: EVT4775 | Event Name: Qatar Cup Final | Sport: Swimming | Venue: Aspire Zone Are...
2026-03-27 03:13:01 [INFO]   Record 03: Event ID: EVT8842 | Event Name: Qatar Olympic Training Camp Evaluation | Sport: Football |...
2026-03-27 03:13:01 [INFO]   Record 04: Event ID: EVT6092 | Event Name: MOS Annual Charity Football Gala | Sport: Swimming | Venue...
2026-03-27 03:13:01 [INFO] ------------------------------------------------------------------
2026-03-27 03:13:01 [INFO] File written successfully.
2026-03-27 03:13:01 [INFO]   Full path : /home/cloudera/mos_qatar_demo_poc/landing/mos_sports_events_20260327_031301.txt
2026-03-27 03:13:01 [INFO]   Size      : 1061 bytes
2026-03-27 03:13:01 [INFO]   Records   : 4
2026-03-27 03:13:01 [INFO] ==================================================================
2026-03-27 03:13:01 [INFO]   Generator Completed Successfully
2026-03-27 03:13:01 [INFO] ==================================================================
