2026-03-26 06:39:02 [INFO] ==================================================================
2026-03-26 06:39:02 [INFO]   MOS Qatar Demo - Sports Data Generator
2026-03-26 06:39:02 [INFO] ==================================================================
2026-03-26 06:39:02 [INFO] Config file   : /home/cloudera/mos_qatar_demo_poc/config/mos_qatar_demo.ini
2026-03-26 06:39:02 [INFO] Landing dir   : /home/cloudera/mos_qatar_demo_poc/landing
2026-03-26 06:39:02 [INFO] Output file   : mos_sports_events_20260326_063902.txt
2026-03-26 06:39:02 [INFO] Records count : 10
2026-03-26 06:39:02 [INFO] ------------------------------------------------------------------
2026-03-26 06:39:02 [INFO]   Record 01: Event ID: EVT5483 | Event Name: Qatar Cup Semi Final | Sport: Football | Venue: Aspire Zon...
2026-03-26 06:39:02 [INFO]   Record 02: Event ID: EVT3427 | Event Name: Qatar Under-20 Development League | Sport: Football | Venu...
2026-03-26 06:39:02 [INFO]   Record 03: Event ID: EVT2988 | Event Name: Gulf Youth Cup Semi Final | Sport: Football | Venue: Ahmad...
2026-03-26 06:39:02 [INFO]   Record 04: Event ID: EVT8484 | Event Name: Gulf Youth Cup Semi Final | Sport: Football | Venue: Aspir...
2026-03-26 06:39:02 [INFO]   Record 05: Event ID: EVT6329 | Event Name: Qatar Premier League Match Day 12 | Sport: Football | Venu...
2026-03-26 06:39:02 [INFO]   Record 06: Event ID: EVT9992 | Event Name: GCC Club Championship Quarter Final | Sport: Athletics | V...
2026-03-26 06:39:02 [INFO]   Record 07: Event ID: EVT2512 | Event Name: Qatar Under-20 Development League | Sport: Athletics | Ven...
2026-03-26 06:39:02 [INFO]   Record 08: Event ID: EVT8134 | Event Name: Qatar Cup Semi Final | Sport: Volleyball | Venue: Qatar Sp...
2026-03-26 06:39:02 [INFO]   Record 09: Event ID: EVT1812 | Event Name: National Team Preparation Match | Sport: Football | Venue:...
2026-03-26 06:39:02 [INFO]   Record 10: Event ID: EVT7246 | Event Name: FIFA World Cup Qatar Legacy Match | Sport: Basketball | Ve...
2026-03-26 06:39:02 [INFO] ------------------------------------------------------------------
2026-03-26 06:39:02 [INFO] File written successfully.
2026-03-26 06:39:02 [INFO]   Full path : /home/cloudera/mos_qatar_demo_poc/landing/mos_sports_events_20260326_063902.txt
2026-03-26 06:39:02 [INFO]   Size      : 2568 bytes
2026-03-26 06:39:02 [INFO]   Records   : 10
2026-03-26 06:39:02 [INFO] ==================================================================
2026-03-26 06:39:02 [INFO]   Generator Completed Successfully
2026-03-26 06:39:02 [INFO] ==================================================================
