2026-03-27 06:16:01 [INFO] ==================================================================
2026-03-27 06:16:01 [INFO]   MOS Qatar Demo - Sports Data Generator
2026-03-27 06:16:01 [INFO] ==================================================================
2026-03-27 06:16:01 [INFO] Config file   : /home/cloudera/mos_qatar_demo_poc/config/mos_qatar_demo.ini
2026-03-27 06:16:01 [INFO] Landing dir   : /home/cloudera/mos_qatar_demo_poc/landing
2026-03-27 06:16:01 [INFO] Output file   : mos_sports_events_20260327_061601.txt
2026-03-27 06:16:01 [INFO] Records count : 4
2026-03-27 06:16:01 [INFO] ------------------------------------------------------------------
2026-03-27 06:16:01 [INFO]   Record 01: Event ID: EVT7719 | Event Name: Arab Nations Championship Group Stage | Sport: Football | ...
2026-03-27 06:16:01 [INFO]   Record 02: Event ID: EVT2685 | Event Name: Qatar Premier League Match Day 5 | Sport: Football | Venue...
2026-03-27 06:16:01 [INFO]   Record 03: Event ID: EVT1885 | Event Name: Gulf Youth Cup Round 1 | Sport: Football | Venue: Khalifa ...
2026-03-27 06:16:01 [INFO]   Record 04: Event ID: EVT4117 | Event Name: National Day Football Celebration | Sport: Handball | Venu...
2026-03-27 06:16:01 [INFO] ------------------------------------------------------------------
2026-03-27 06:16:01 [INFO] File written successfully.
2026-03-27 06:16:01 [INFO]   Full path : /home/cloudera/mos_qatar_demo_poc/landing/mos_sports_events_20260327_061601.txt
2026-03-27 06:16:01 [INFO]   Size      : 1057 bytes
2026-03-27 06:16:01 [INFO]   Records   : 4
2026-03-27 06:16:01 [INFO] ==================================================================
2026-03-27 06:16:01 [INFO]   Generator Completed Successfully
2026-03-27 06:16:01 [INFO] ==================================================================
