2026-03-26 23:15:01 [INFO] ==================================================================
2026-03-26 23:15:01 [INFO]   MOS Qatar Demo - Sports Data Generator
2026-03-26 23:15:01 [INFO] ==================================================================
2026-03-26 23:15:01 [INFO] Config file   : /home/cloudera/mos_qatar_demo_poc/config/mos_qatar_demo.ini
2026-03-26 23:15:01 [INFO] Landing dir   : /home/cloudera/mos_qatar_demo_poc/landing
2026-03-26 23:15:01 [INFO] Output file   : mos_sports_events_20260326_231501.txt
2026-03-26 23:15:01 [INFO] Records count : 10
2026-03-26 23:15:01 [INFO] ------------------------------------------------------------------
2026-03-26 23:15:01 [INFO]   Record 01: Event ID: EVT1532 | Event Name: Qatar Premier League Match Day 12 | Sport: Football | Venu...
2026-03-26 23:15:01 [INFO]   Record 02: Event ID: EVT6452 | Event Name: Qatar Under-20 Development League | Sport: Football | Venu...
2026-03-26 23:15:01 [INFO]   Record 03: Event ID: EVT5294 | Event Name: GCC Club Championship Final | Sport: Swimming | Venue: Qat...
2026-03-26 23:15:01 [INFO]   Record 04: Event ID: EVT5124 | Event Name: GCC Club Championship Semi Final | Sport: Football | Venue...
2026-03-26 23:15:01 [INFO]   Record 05: Event ID: EVT9331 | Event Name: GCC Club Championship Quarter Final | Sport: Football | Ve...
2026-03-26 23:15:01 [INFO]   Record 06: Event ID: EVT5590 | Event Name: Asian Qualifiers Warm-up Match | Sport: Football | Venue: ...
2026-03-26 23:15:01 [INFO]   Record 07: Event ID: EVT7112 | Event Name: Gulf Youth Cup Round 1 | Sport: Handball | Venue: Ahmad Bi...
2026-03-26 23:15:01 [INFO]   Record 08: Event ID: EVT8195 | Event Name: Qatar Under-20 Development League | Sport: Volleyball | Ve...
2026-03-26 23:15:01 [INFO]   Record 09: Event ID: EVT3676 | Event Name: FIFA World Cup Qatar Legacy Match | Sport: Basketball | Ve...
2026-03-26 23:15:01 [INFO]   Record 10: Event ID: EVT4649 | Event Name: Gulf Youth Cup Semi Final | Sport: Handball | Venue: Al Wa...
2026-03-26 23:15:01 [INFO] ------------------------------------------------------------------
2026-03-26 23:15:01 [INFO] File written successfully.
2026-03-26 23:15:01 [INFO]   Full path : /home/cloudera/mos_qatar_demo_poc/landing/mos_sports_events_20260326_231501.txt
2026-03-26 23:15:01 [INFO]   Size      : 2613 bytes
2026-03-26 23:15:01 [INFO]   Records   : 10
2026-03-26 23:15:01 [INFO] ==================================================================
2026-03-26 23:15:01 [INFO]   Generator Completed Successfully
2026-03-26 23:15:01 [INFO] ==================================================================
