2026-03-24 22:16:01 [INFO] ==================================================================
2026-03-24 22:16:01 [INFO]   MOS Qatar Demo - Sports Data Generator
2026-03-24 22:16:01 [INFO] ==================================================================
2026-03-24 22:16:01 [INFO] Config file   : /home/cloudera/mos_qatar_demo_poc/config/mos_qatar_demo.ini
2026-03-24 22:16:01 [INFO] Landing dir   : /home/cloudera/mos_qatar_demo_poc/landing
2026-03-24 22:16:01 [INFO] Output file   : mos_sports_events_20260324_221601.txt
2026-03-24 22:16:01 [INFO] Records count : 10
2026-03-24 22:16:01 [INFO] ------------------------------------------------------------------
2026-03-24 22:16:01 [INFO]   Record 01: Event ID: EVT6706 | Event Name: Gulf Youth Cup Semi Final | Sport: Football | Venue: Al Th...
2026-03-24 22:16:01 [INFO]   Record 02: Event ID: EVT5717 | Event Name: Gulf Youth Cup Round 2 | Sport: Football | Venue: Educatio...
2026-03-24 22:16:01 [INFO]   Record 03: Event ID: EVT7523 | Event Name: Qatar Schools Football League | Sport: Handball | Venue: A...
2026-03-24 22:16:01 [INFO]   Record 04: Event ID: EVT8540 | Event Name: Qatar Premier League Match Day 8 | Sport: Handball | Venue...
2026-03-24 22:16:01 [INFO]   Record 05: Event ID: EVT5690 | Event Name: Gulf Youth Cup Semi Final | Sport: Football | Venue: Educa...
2026-03-24 22:16:01 [INFO]   Record 06: Event ID: EVT4767 | Event Name: Gulf Youth Cup Semi Final | Sport: Handball | Venue: Al Ba...
2026-03-24 22:16:01 [INFO]   Record 07: Event ID: EVT7905 | Event Name: Gulf Youth Cup Round 2 | Sport: Volleyball | Venue: Aspire...
2026-03-24 22:16:01 [INFO]   Record 08: Event ID: EVT2194 | Event Name: Qatar Premier League Match Day 12 | Sport: Athletics | Ven...
2026-03-24 22:16:01 [INFO]   Record 09: Event ID: EVT5120 | Event Name: Gulf Cup Qualifier Round 1 | Sport: Basketball | Venue: Al...
2026-03-24 22:16:01 [INFO]   Record 10: Event ID: EVT8712 | Event Name: Ministry Youth Sports Day | Sport: Football | Venue: Khali...
2026-03-24 22:16:01 [INFO] ------------------------------------------------------------------
2026-03-24 22:16:01 [INFO] File written successfully.
2026-03-24 22:16:01 [INFO]   Full path : /home/cloudera/mos_qatar_demo_poc/landing/mos_sports_events_20260324_221601.txt
2026-03-24 22:16:01 [INFO]   Size      : 2537 bytes
2026-03-24 22:16:01 [INFO]   Records   : 10
2026-03-24 22:16:01 [INFO] ==================================================================
2026-03-24 22:16:01 [INFO]   Generator Completed Successfully
2026-03-24 22:16:01 [INFO] ==================================================================
