2026-03-27 19:32:02 [INFO] ==================================================================
2026-03-27 19:32:02 [INFO]   MOS Qatar Demo - Sports Data Generator
2026-03-27 19:32:02 [INFO] ==================================================================
2026-03-27 19:32:02 [INFO] Config file   : /home/cloudera/mos_qatar_demo_poc/config/mos_qatar_demo.ini
2026-03-27 19:32:02 [INFO] Landing dir   : /home/cloudera/mos_qatar_demo_poc/landing
2026-03-27 19:32:02 [INFO] Output file   : mos_sports_events_20260327_193202.txt
2026-03-27 19:32:02 [INFO] Records count : 6
2026-03-27 19:32:02 [INFO] ------------------------------------------------------------------
2026-03-27 19:32:02 [INFO]   Record 01: Event ID: EVT6148 | Event Name: Gulf Youth Cup Final | Sport: Football | Venue: Ahmad Bin ...
2026-03-27 19:32:02 [INFO]   Record 02: Event ID: EVT6960 | Event Name: FIFA World Cup Qatar Legacy Match | Sport: Handball | Venu...
2026-03-27 19:32:02 [INFO]   Record 03: Event ID: EVT5882 | Event Name: GCC Club Championship Final | Sport: Swimming | Venue: Al ...
2026-03-27 19:32:02 [INFO]   Record 04: Event ID: EVT2673 | Event Name: Asian Qualifiers Warm-up Match | Sport: Football | Venue: ...
2026-03-27 19:32:02 [INFO]   Record 05: Event ID: EVT4450 | Event Name: Ministry Youth Sports Day | Sport: Handball | Venue: Ahmad...
2026-03-27 19:32:02 [INFO]   Record 06: Event ID: EVT6940 | Event Name: Ministry Youth Sports Day | Sport: Volleyball | Venue: Al ...
2026-03-27 19:32:02 [INFO] ------------------------------------------------------------------
2026-03-27 19:32:02 [INFO] File written successfully.
2026-03-27 19:32:02 [INFO]   Full path : /home/cloudera/mos_qatar_demo_poc/landing/mos_sports_events_20260327_193202.txt
2026-03-27 19:32:02 [INFO]   Size      : 1522 bytes
2026-03-27 19:32:02 [INFO]   Records   : 6
2026-03-27 19:32:02 [INFO] ==================================================================
2026-03-27 19:32:02 [INFO]   Generator Completed Successfully
2026-03-27 19:32:02 [INFO] ==================================================================
