2026-03-25 11:36:01 [INFO] ==================================================================
2026-03-25 11:36:01 [INFO]   MOS Qatar Demo - Sports Data Generator
2026-03-25 11:36:01 [INFO] ==================================================================
2026-03-25 11:36:01 [INFO] Config file   : /home/cloudera/mos_qatar_demo_poc/config/mos_qatar_demo.ini
2026-03-25 11:36:01 [INFO] Landing dir   : /home/cloudera/mos_qatar_demo_poc/landing
2026-03-25 11:36:01 [INFO] Output file   : mos_sports_events_20260325_113601.txt
2026-03-25 11:36:01 [INFO] Records count : 8
2026-03-25 11:36:01 [INFO] ------------------------------------------------------------------
2026-03-25 11:36:01 [INFO]   Record 01: Event ID: EVT8251 | Event Name: Gulf Youth Cup Round 1 | Sport: Basketball | Venue: Aspire...
2026-03-25 11:36:01 [INFO]   Record 02: Event ID: EVT1032 | Event Name: Gulf Youth Cup Round 1 | Sport: Football | Venue: Al Thuma...
2026-03-25 11:36:01 [INFO]   Record 03: Event ID: EVT7355 | Event Name: MOS Annual Charity Football Gala | Sport: Football | Venue...
2026-03-25 11:36:01 [INFO]   Record 04: Event ID: EVT4302 | Event Name: Qatar Schools Football League | Sport: Swimming | Venue: L...
2026-03-25 11:36:01 [INFO]   Record 05: Event ID: EVT6146 | Event Name: GCC Club Championship Quarter Final | Sport: Football | Ve...
2026-03-25 11:36:01 [INFO]   Record 06: Event ID: EVT9640 | Event Name: National Team Preparation Match | Sport: Football | Venue:...
2026-03-25 11:36:01 [INFO]   Record 07: Event ID: EVT4511 | Event Name: Ministry Youth Sports Day | Sport: Swimming | Venue: Khali...
2026-03-25 11:36:01 [INFO]   Record 08: Event ID: EVT4949 | Event Name: Ramadan Football Festival | Sport: Volleyball | Venue: Al ...
2026-03-25 11:36:01 [INFO] ------------------------------------------------------------------
2026-03-25 11:36:01 [INFO] File written successfully.
2026-03-25 11:36:01 [INFO]   Full path : /home/cloudera/mos_qatar_demo_poc/landing/mos_sports_events_20260325_113601.txt
2026-03-25 11:36:01 [INFO]   Size      : 2058 bytes
2026-03-25 11:36:01 [INFO]   Records   : 8
2026-03-25 11:36:01 [INFO] ==================================================================
2026-03-25 11:36:01 [INFO]   Generator Completed Successfully
2026-03-25 11:36:01 [INFO] ==================================================================
