2026-03-26 09:25:01 [INFO] ==================================================================
2026-03-26 09:25:01 [INFO]   MOS Qatar Demo - Sports Data Generator
2026-03-26 09:25:01 [INFO] ==================================================================
2026-03-26 09:25:01 [INFO] Config file   : /home/cloudera/mos_qatar_demo_poc/config/mos_qatar_demo.ini
2026-03-26 09:25:01 [INFO] Landing dir   : /home/cloudera/mos_qatar_demo_poc/landing
2026-03-26 09:25:01 [INFO] Output file   : mos_sports_events_20260326_092501.txt
2026-03-26 09:25:01 [INFO] Records count : 6
2026-03-26 09:25:01 [INFO] ------------------------------------------------------------------
2026-03-26 09:25:01 [INFO]   Record 01: Event ID: EVT7579 | Event Name: Qatar Under-20 Development League | Sport: Football | Venu...
2026-03-26 09:25:01 [INFO]   Record 02: Event ID: EVT6176 | Event Name: National Team Preparation Match | Sport: Football | Venue:...
2026-03-26 09:25:01 [INFO]   Record 03: Event ID: EVT4452 | Event Name: GCC Club Championship Final | Sport: Swimming | Venue: Lus...
2026-03-26 09:25:01 [INFO]   Record 04: Event ID: EVT3399 | Event Name: GCC Club Championship Semi Final | Sport: Athletics | Venu...
2026-03-26 09:25:01 [INFO]   Record 05: Event ID: EVT6258 | Event Name: Qatar Cup Final | Sport: Basketball | Venue: Aspire Zone A...
2026-03-26 09:25:01 [INFO]   Record 06: Event ID: EVT5520 | Event Name: Qatar Cup Final | Sport: Athletics | Venue: Aspire Zone Ar...
2026-03-26 09:25:01 [INFO] ------------------------------------------------------------------
2026-03-26 09:25:01 [INFO] File written successfully.
2026-03-26 09:25:01 [INFO]   Full path : /home/cloudera/mos_qatar_demo_poc/landing/mos_sports_events_20260326_092501.txt
2026-03-26 09:25:01 [INFO]   Size      : 1511 bytes
2026-03-26 09:25:01 [INFO]   Records   : 6
2026-03-26 09:25:01 [INFO] ==================================================================
2026-03-26 09:25:01 [INFO]   Generator Completed Successfully
2026-03-26 09:25:01 [INFO] ==================================================================
