2026-03-24 20:22:01 [INFO] ==================================================================
2026-03-24 20:22:01 [INFO]   MOS Qatar Demo - Sports Data Generator
2026-03-24 20:22:01 [INFO] ==================================================================
2026-03-24 20:22:01 [INFO] Config file   : /home/cloudera/mos_qatar_demo_poc/config/mos_qatar_demo.ini
2026-03-24 20:22:01 [INFO] Landing dir   : /home/cloudera/mos_qatar_demo_poc/landing
2026-03-24 20:22:01 [INFO] Output file   : mos_sports_events_20260324_202201.txt
2026-03-24 20:22:01 [INFO] Records count : 7
2026-03-24 20:22:01 [INFO] ------------------------------------------------------------------
2026-03-24 20:22:01 [INFO]   Record 01: Event ID: EVT7440 | Event Name: Qatar Cup Final | Sport: Football | Venue: Al Bayt Stadium...
2026-03-24 20:22:01 [INFO]   Record 02: Event ID: EVT7226 | Event Name: GCC Club Championship Final | Sport: Athletics | Venue: Al...
2026-03-24 20:22:01 [INFO]   Record 03: Event ID: EVT1081 | Event Name: Qatar Schools Football League | Sport: Football | Venue: L...
2026-03-24 20:22:01 [INFO]   Record 04: Event ID: EVT2897 | Event Name: MOS Annual Charity Football Gala | Sport: Swimming | Venue...
2026-03-24 20:22:01 [INFO]   Record 05: Event ID: EVT7402 | Event Name: Qatar Premier League Match Day 12 | Sport: Athletics | Ven...
2026-03-24 20:22:01 [INFO]   Record 06: Event ID: EVT6684 | Event Name: National Day Football Celebration | Sport: Handball | Venu...
2026-03-24 20:22:01 [INFO]   Record 07: Event ID: EVT8481 | Event Name: FIFA World Cup Qatar Legacy Match | Sport: Handball | Venu...
2026-03-24 20:22:01 [INFO] ------------------------------------------------------------------
2026-03-24 20:22:01 [INFO] File written successfully.
2026-03-24 20:22:01 [INFO]   Full path : /home/cloudera/mos_qatar_demo_poc/landing/mos_sports_events_20260324_202201.txt
2026-03-24 20:22:01 [INFO]   Size      : 1795 bytes
2026-03-24 20:22:01 [INFO]   Records   : 7
2026-03-24 20:22:01 [INFO] ==================================================================
2026-03-24 20:22:01 [INFO]   Generator Completed Successfully
2026-03-24 20:22:01 [INFO] ==================================================================
