2026-03-26 17:35:01 [INFO] ==================================================================
2026-03-26 17:35:01 [INFO]   MOS Qatar Demo - Sports Data Generator
2026-03-26 17:35:01 [INFO] ==================================================================
2026-03-26 17:35:01 [INFO] Config file   : /home/cloudera/mos_qatar_demo_poc/config/mos_qatar_demo.ini
2026-03-26 17:35:01 [INFO] Landing dir   : /home/cloudera/mos_qatar_demo_poc/landing
2026-03-26 17:35:01 [INFO] Output file   : mos_sports_events_20260326_173501.txt
2026-03-26 17:35:01 [INFO] Records count : 6
2026-03-26 17:35:01 [INFO] ------------------------------------------------------------------
2026-03-26 17:35:01 [INFO]   Record 01: Event ID: EVT9906 | Event Name: GCC Club Championship Final | Sport: Basketball | Venue: Q...
2026-03-26 17:35:01 [INFO]   Record 02: Event ID: EVT2767 | Event Name: National Day Football Celebration | Sport: Basketball | Ve...
2026-03-26 17:35:01 [INFO]   Record 03: Event ID: EVT6119 | Event Name: Asian Qualifiers Warm-up Match | Sport: Volleyball | Venue...
2026-03-26 17:35:01 [INFO]   Record 04: Event ID: EVT8862 | Event Name: Ministry Youth Sports Day | Sport: Football | Venue: Lusai...
2026-03-26 17:35:01 [INFO]   Record 05: Event ID: EVT3950 | Event Name: Qatar Premier League Match Day 12 | Sport: Football | Venu...
2026-03-26 17:35:01 [INFO]   Record 06: Event ID: EVT6763 | Event Name: Asian Qualifiers Warm-up Match | Sport: Volleyball | Venue...
2026-03-26 17:35:01 [INFO] ------------------------------------------------------------------
2026-03-26 17:35:01 [INFO] File written successfully.
2026-03-26 17:35:01 [INFO]   Full path : /home/cloudera/mos_qatar_demo_poc/landing/mos_sports_events_20260326_173501.txt
2026-03-26 17:35:01 [INFO]   Size      : 1550 bytes
2026-03-26 17:35:01 [INFO]   Records   : 6
2026-03-26 17:35:01 [INFO] ==================================================================
2026-03-26 17:35:01 [INFO]   Generator Completed Successfully
2026-03-26 17:35:01 [INFO] ==================================================================
