2026-03-27 01:04:01 [INFO] ==================================================================
2026-03-27 01:04:01 [INFO]   MOS Qatar Demo - Sports Data Generator
2026-03-27 01:04:01 [INFO] ==================================================================
2026-03-27 01:04:01 [INFO] Config file   : /home/cloudera/mos_qatar_demo_poc/config/mos_qatar_demo.ini
2026-03-27 01:04:01 [INFO] Landing dir   : /home/cloudera/mos_qatar_demo_poc/landing
2026-03-27 01:04:01 [INFO] Output file   : mos_sports_events_20260327_010401.txt
2026-03-27 01:04:01 [INFO] Records count : 8
2026-03-27 01:04:01 [INFO] ------------------------------------------------------------------
2026-03-27 01:04:01 [INFO]   Record 01: Event ID: EVT7241 | Event Name: Ministry Youth Sports Day | Sport: Basketball | Venue: Kha...
2026-03-27 01:04:01 [INFO]   Record 02: Event ID: EVT5321 | Event Name: Gulf Youth Cup Final | Sport: Handball | Venue: Khalifa In...
2026-03-27 01:04:01 [INFO]   Record 03: Event ID: EVT6090 | Event Name: GCC Club Championship Final | Sport: Football | Venue: Al ...
2026-03-27 01:04:01 [INFO]   Record 04: Event ID: EVT4335 | Event Name: Doha Sports Festival Opening Match | Sport: Volleyball | V...
2026-03-27 01:04:01 [INFO]   Record 05: Event ID: EVT7803 | Event Name: FIFA World Cup Qatar Legacy Match | Sport: Football | Venu...
2026-03-27 01:04:01 [INFO]   Record 06: Event ID: EVT7508 | Event Name: Gulf Youth Cup Final | Sport: Football | Venue: Aspire Zon...
2026-03-27 01:04:01 [INFO]   Record 07: Event ID: EVT2140 | Event Name: Ministry Youth Sports Day | Sport: Basketball | Venue: Qat...
2026-03-27 01:04:01 [INFO]   Record 08: Event ID: EVT6154 | Event Name: Asian Qualifiers Warm-up Match | Sport: Swimming | Venue: ...
2026-03-27 01:04:01 [INFO] ------------------------------------------------------------------
2026-03-27 01:04:01 [INFO] File written successfully.
2026-03-27 01:04:01 [INFO]   Full path : /home/cloudera/mos_qatar_demo_poc/landing/mos_sports_events_20260327_010401.txt
2026-03-27 01:04:01 [INFO]   Size      : 2082 bytes
2026-03-27 01:04:01 [INFO]   Records   : 8
2026-03-27 01:04:01 [INFO] ==================================================================
2026-03-27 01:04:01 [INFO]   Generator Completed Successfully
2026-03-27 01:04:01 [INFO] ==================================================================
