2026-03-26 08:10:02 [INFO] ==================================================================
2026-03-26 08:10:02 [INFO]   MOS Qatar Demo - Sports Data Generator
2026-03-26 08:10:02 [INFO] ==================================================================
2026-03-26 08:10:02 [INFO] Config file   : /home/cloudera/mos_qatar_demo_poc/config/mos_qatar_demo.ini
2026-03-26 08:10:02 [INFO] Landing dir   : /home/cloudera/mos_qatar_demo_poc/landing
2026-03-26 08:10:02 [INFO] Output file   : mos_sports_events_20260326_081002.txt
2026-03-26 08:10:02 [INFO] Records count : 7
2026-03-26 08:10:02 [INFO] ------------------------------------------------------------------
2026-03-26 08:10:02 [INFO]   Record 01: Event ID: EVT9327 | Event Name: GCC Club Championship Semi Final | Sport: Football | Venue...
2026-03-26 08:10:02 [INFO]   Record 02: Event ID: EVT2385 | Event Name: GCC Club Championship Quarter Final | Sport: Athletics | V...
2026-03-26 08:10:02 [INFO]   Record 03: Event ID: EVT1018 | Event Name: Asian Qualifiers Warm-up Match | Sport: Football | Venue: ...
2026-03-26 08:10:02 [INFO]   Record 04: Event ID: EVT3213 | Event Name: Qatar Schools Football League | Sport: Basketball | Venue:...
2026-03-26 08:10:02 [INFO]   Record 05: Event ID: EVT6558 | Event Name: GCC Club Championship Quarter Final | Sport: Volleyball | ...
2026-03-26 08:10:02 [INFO]   Record 06: Event ID: EVT7472 | Event Name: Arab Nations Championship Group Stage | Sport: Football | ...
2026-03-26 08:10:02 [INFO]   Record 07: Event ID: EVT9056 | Event Name: Ramadan Football Festival | Sport: Volleyball | Venue: Qat...
2026-03-26 08:10:02 [INFO] ------------------------------------------------------------------
2026-03-26 08:10:02 [INFO] File written successfully.
2026-03-26 08:10:02 [INFO]   Full path : /home/cloudera/mos_qatar_demo_poc/landing/mos_sports_events_20260326_081002.txt
2026-03-26 08:10:02 [INFO]   Size      : 1807 bytes
2026-03-26 08:10:02 [INFO]   Records   : 7
2026-03-26 08:10:02 [INFO] ==================================================================
2026-03-26 08:10:02 [INFO]   Generator Completed Successfully
2026-03-26 08:10:02 [INFO] ==================================================================
