2026-03-27 21:46:01 [INFO] ==================================================================
2026-03-27 21:46:01 [INFO]   MOS Qatar Demo - Sports Data Generator
2026-03-27 21:46:01 [INFO] ==================================================================
2026-03-27 21:46:01 [INFO] Config file   : /home/cloudera/mos_qatar_demo_poc/config/mos_qatar_demo.ini
2026-03-27 21:46:01 [INFO] Landing dir   : /home/cloudera/mos_qatar_demo_poc/landing
2026-03-27 21:46:01 [INFO] Output file   : mos_sports_events_20260327_214601.txt
2026-03-27 21:46:01 [INFO] Records count : 7
2026-03-27 21:46:01 [INFO] ------------------------------------------------------------------
2026-03-27 21:46:01 [INFO]   Record 01: Event ID: EVT4243 | Event Name: Doha Sports Festival Opening Match | Sport: Basketball | V...
2026-03-27 21:46:01 [INFO]   Record 02: Event ID: EVT3716 | Event Name: Gulf Youth Cup Final | Sport: Volleyball | Venue: Al Janou...
2026-03-27 21:46:01 [INFO]   Record 03: Event ID: EVT9625 | Event Name: Gulf Youth Cup Round 2 | Sport: Football | Venue: Aspire Z...
2026-03-27 21:46:01 [INFO]   Record 04: Event ID: EVT7972 | Event Name: Gulf Cup Qualifier Round 1 | Sport: Football | Venue: Al B...
2026-03-27 21:46:01 [INFO]   Record 05: Event ID: EVT8403 | Event Name: Gulf Youth Cup Round 2 | Sport: Athletics | Venue: Al Wakr...
2026-03-27 21:46:01 [INFO]   Record 06: Event ID: EVT1414 | Event Name: Qatar Premier League Match Day 8 | Sport: Swimming | Venue...
2026-03-27 21:46:01 [INFO]   Record 07: Event ID: EVT7999 | Event Name: Ramadan Football Festival | Sport: Football | Venue: Qatar...
2026-03-27 21:46:01 [INFO] ------------------------------------------------------------------
2026-03-27 21:46:01 [INFO] File written successfully.
2026-03-27 21:46:01 [INFO]   Full path : /home/cloudera/mos_qatar_demo_poc/landing/mos_sports_events_20260327_214601.txt
2026-03-27 21:46:01 [INFO]   Size      : 1781 bytes
2026-03-27 21:46:01 [INFO]   Records   : 7
2026-03-27 21:46:01 [INFO] ==================================================================
2026-03-27 21:46:01 [INFO]   Generator Completed Successfully
2026-03-27 21:46:01 [INFO] ==================================================================
