2026-03-26 20:18:02 [INFO] ==================================================================
2026-03-26 20:18:02 [INFO]   MOS Qatar Demo - Sports Data Generator
2026-03-26 20:18:02 [INFO] ==================================================================
2026-03-26 20:18:02 [INFO] Config file   : /home/cloudera/mos_qatar_demo_poc/config/mos_qatar_demo.ini
2026-03-26 20:18:02 [INFO] Landing dir   : /home/cloudera/mos_qatar_demo_poc/landing
2026-03-26 20:18:02 [INFO] Output file   : mos_sports_events_20260326_201802.txt
2026-03-26 20:18:02 [INFO] Records count : 10
2026-03-26 20:18:02 [INFO] ------------------------------------------------------------------
2026-03-26 20:18:02 [INFO]   Record 01: Event ID: EVT5145 | Event Name: Ministry Invitational Friendly Tournament | Sport: Handbal...
2026-03-26 20:18:02 [INFO]   Record 02: Event ID: EVT7832 | Event Name: Qatar Under-20 Development League | Sport: Football | Venu...
2026-03-26 20:18:02 [INFO]   Record 03: Event ID: EVT3727 | Event Name: Gulf Youth Cup Final | Sport: Volleyball | Venue: Aspire Z...
2026-03-26 20:18:02 [INFO]   Record 04: Event ID: EVT7459 | Event Name: Gulf Youth Cup Semi Final | Sport: Football | Venue: Lusai...
2026-03-26 20:18:02 [INFO]   Record 05: Event ID: EVT9405 | Event Name: Qatar Schools Football League | Sport: Football | Venue: K...
2026-03-26 20:18:02 [INFO]   Record 06: Event ID: EVT7652 | Event Name: Ramadan Football Festival | Sport: Volleyball | Venue: Kha...
2026-03-26 20:18:02 [INFO]   Record 07: Event ID: EVT5496 | Event Name: Doha Sports Festival Opening Match | Sport: Swimming | Ven...
2026-03-26 20:18:02 [INFO]   Record 08: Event ID: EVT7335 | Event Name: Qatar Premier League Match Day 12 | Sport: Athletics | Ven...
2026-03-26 20:18:02 [INFO]   Record 09: Event ID: EVT4703 | Event Name: Arab Nations Championship Group Stage | Sport: Handball | ...
2026-03-26 20:18:02 [INFO]   Record 10: Event ID: EVT5613 | Event Name: Qatar Premier League Match Day 5 | Sport: Football | Venue...
2026-03-26 20:18:02 [INFO] ------------------------------------------------------------------
2026-03-26 20:18:02 [INFO] File written successfully.
2026-03-26 20:18:02 [INFO]   Full path : /home/cloudera/mos_qatar_demo_poc/landing/mos_sports_events_20260326_201802.txt
2026-03-26 20:18:02 [INFO]   Size      : 2628 bytes
2026-03-26 20:18:02 [INFO]   Records   : 10
2026-03-26 20:18:02 [INFO] ==================================================================
2026-03-26 20:18:02 [INFO]   Generator Completed Successfully
2026-03-26 20:18:02 [INFO] ==================================================================
