2026-03-24 23:49:02 [INFO] ==================================================================
2026-03-24 23:49:02 [INFO]   MOS Qatar Demo - Sports Data Generator
2026-03-24 23:49:02 [INFO] ==================================================================
2026-03-24 23:49:02 [INFO] Config file   : /home/cloudera/mos_qatar_demo_poc/config/mos_qatar_demo.ini
2026-03-24 23:49:02 [INFO] Landing dir   : /home/cloudera/mos_qatar_demo_poc/landing
2026-03-24 23:49:02 [INFO] Output file   : mos_sports_events_20260324_234902.txt
2026-03-24 23:49:02 [INFO] Records count : 10
2026-03-24 23:49:02 [INFO] ------------------------------------------------------------------
2026-03-24 23:49:02 [INFO]   Record 01: Event ID: EVT1738 | Event Name: Asian Qualifiers Warm-up Match | Sport: Basketball | Venue...
2026-03-24 23:49:02 [INFO]   Record 02: Event ID: EVT7978 | Event Name: Ministry Invitational Friendly Tournament | Sport: Footbal...
2026-03-24 23:49:02 [INFO]   Record 03: Event ID: EVT5438 | Event Name: National Day Football Celebration | Sport: Football | Venu...
2026-03-24 23:49:02 [INFO]   Record 04: Event ID: EVT2134 | Event Name: FIFA World Cup Qatar Legacy Match | Sport: Football | Venu...
2026-03-24 23:49:02 [INFO]   Record 05: Event ID: EVT3972 | Event Name: GCC Club Championship Final | Sport: Football | Venue: Lus...
2026-03-24 23:49:02 [INFO]   Record 06: Event ID: EVT8118 | Event Name: Doha Sports Festival Opening Match | Sport: Swimming | Ven...
2026-03-24 23:49:02 [INFO]   Record 07: Event ID: EVT9219 | Event Name: GCC Club Championship Quarter Final | Sport: Football | Ve...
2026-03-24 23:49:02 [INFO]   Record 08: Event ID: EVT1772 | Event Name: Gulf Cup Qualifier Round 1 | Sport: Handball | Venue: Al J...
2026-03-24 23:49:02 [INFO]   Record 09: Event ID: EVT9605 | Event Name: GCC Club Championship Final | Sport: Swimming | Venue: Al ...
2026-03-24 23:49:02 [INFO]   Record 10: Event ID: EVT7690 | Event Name: Qatar Premier League Match Day 12 | Sport: Swimming | Venu...
2026-03-24 23:49:02 [INFO] ------------------------------------------------------------------
2026-03-24 23:49:02 [INFO] File written successfully.
2026-03-24 23:49:02 [INFO]   Full path : /home/cloudera/mos_qatar_demo_poc/landing/mos_sports_events_20260324_234902.txt
2026-03-24 23:49:02 [INFO]   Size      : 2601 bytes
2026-03-24 23:49:02 [INFO]   Records   : 10
2026-03-24 23:49:02 [INFO] ==================================================================
2026-03-24 23:49:02 [INFO]   Generator Completed Successfully
2026-03-24 23:49:02 [INFO] ==================================================================
