2026-03-26 14:39:01 [INFO] ==================================================================
2026-03-26 14:39:01 [INFO]   MOS Qatar Demo - Sports Data Generator
2026-03-26 14:39:01 [INFO] ==================================================================
2026-03-26 14:39:01 [INFO] Config file   : /home/cloudera/mos_qatar_demo_poc/config/mos_qatar_demo.ini
2026-03-26 14:39:01 [INFO] Landing dir   : /home/cloudera/mos_qatar_demo_poc/landing
2026-03-26 14:39:01 [INFO] Output file   : mos_sports_events_20260326_143901.txt
2026-03-26 14:39:01 [INFO] Records count : 4
2026-03-26 14:39:01 [INFO] ------------------------------------------------------------------
2026-03-26 14:39:01 [INFO]   Record 01: Event ID: EVT3498 | Event Name: Gulf Cup Qualifier Round 1 | Sport: Basketball | Venue: Ed...
2026-03-26 14:39:01 [INFO]   Record 02: Event ID: EVT4786 | Event Name: Qatar Olympic Training Camp Evaluation | Sport: Football |...
2026-03-26 14:39:01 [INFO]   Record 03: Event ID: EVT5262 | Event Name: FIFA World Cup Qatar Legacy Match | Sport: Volleyball | Ve...
2026-03-26 14:39:01 [INFO]   Record 04: Event ID: EVT4356 | Event Name: Gulf Youth Cup Final | Sport: Athletics | Venue: Al Wakrah...
2026-03-26 14:39:01 [INFO] ------------------------------------------------------------------
2026-03-26 14:39:01 [INFO] File written successfully.
2026-03-26 14:39:01 [INFO]   Full path : /home/cloudera/mos_qatar_demo_poc/landing/mos_sports_events_20260326_143901.txt
2026-03-26 14:39:01 [INFO]   Size      : 1038 bytes
2026-03-26 14:39:01 [INFO]   Records   : 4
2026-03-26 14:39:01 [INFO] ==================================================================
2026-03-26 14:39:01 [INFO]   Generator Completed Successfully
2026-03-26 14:39:01 [INFO] ==================================================================
