2026-03-26 18:42:01 [INFO] ==================================================================
2026-03-26 18:42:01 [INFO]   MOS Qatar Demo - Sports Data Generator
2026-03-26 18:42:01 [INFO] ==================================================================
2026-03-26 18:42:01 [INFO] Config file   : /home/cloudera/mos_qatar_demo_poc/config/mos_qatar_demo.ini
2026-03-26 18:42:01 [INFO] Landing dir   : /home/cloudera/mos_qatar_demo_poc/landing
2026-03-26 18:42:01 [INFO] Output file   : mos_sports_events_20260326_184201.txt
2026-03-26 18:42:01 [INFO] Records count : 10
2026-03-26 18:42:01 [INFO] ------------------------------------------------------------------
2026-03-26 18:42:01 [INFO]   Record 01: Event ID: EVT6308 | Event Name: Ministry Invitational Friendly Tournament | Sport: Footbal...
2026-03-26 18:42:01 [INFO]   Record 02: Event ID: EVT4402 | Event Name: Asian Qualifiers Warm-up Match | Sport: Football | Venue: ...
2026-03-26 18:42:01 [INFO]   Record 03: Event ID: EVT5929 | Event Name: GCC Club Championship Semi Final | Sport: Swimming | Venue...
2026-03-26 18:42:01 [INFO]   Record 04: Event ID: EVT4619 | Event Name: Gulf Youth Cup Quarter Final | Sport: Volleyball | Venue: ...
2026-03-26 18:42:01 [INFO]   Record 05: Event ID: EVT6239 | Event Name: Qatar Under-20 Development League | Sport: Football | Venu...
2026-03-26 18:42:01 [INFO]   Record 06: Event ID: EVT3246 | Event Name: Gulf Youth Cup Final | Sport: Football | Venue: Education ...
2026-03-26 18:42:01 [INFO]   Record 07: Event ID: EVT2296 | Event Name: Gulf Youth Cup Round 2 | Sport: Football | Venue: Ahmad Bi...
2026-03-26 18:42:01 [INFO]   Record 08: Event ID: EVT5506 | Event Name: Gulf Youth Cup Round 1 | Sport: Football | Venue: Khalifa ...
2026-03-26 18:42:01 [INFO]   Record 09: Event ID: EVT5029 | Event Name: Qatar Cup Semi Final | Sport: Football | Venue: Education ...
2026-03-26 18:42:01 [INFO]   Record 10: Event ID: EVT4050 | Event Name: MOS Annual Charity Football Gala | Sport: Football | Venue...
2026-03-26 18:42:01 [INFO] ------------------------------------------------------------------
2026-03-26 18:42:01 [INFO] File written successfully.
2026-03-26 18:42:01 [INFO]   Full path : /home/cloudera/mos_qatar_demo_poc/landing/mos_sports_events_20260326_184201.txt
2026-03-26 18:42:01 [INFO]   Size      : 2620 bytes
2026-03-26 18:42:01 [INFO]   Records   : 10
2026-03-26 18:42:01 [INFO] ==================================================================
2026-03-26 18:42:01 [INFO]   Generator Completed Successfully
2026-03-26 18:42:01 [INFO] ==================================================================
