2026-03-27 03:10:01 [INFO] ==================================================================
2026-03-27 03:10:01 [INFO]   MOS Qatar Demo - Sports Data Generator
2026-03-27 03:10:01 [INFO] ==================================================================
2026-03-27 03:10:01 [INFO] Config file   : /home/cloudera/mos_qatar_demo_poc/config/mos_qatar_demo.ini
2026-03-27 03:10:01 [INFO] Landing dir   : /home/cloudera/mos_qatar_demo_poc/landing
2026-03-27 03:10:01 [INFO] Output file   : mos_sports_events_20260327_031001.txt
2026-03-27 03:10:01 [INFO] Records count : 6
2026-03-27 03:10:01 [INFO] ------------------------------------------------------------------
2026-03-27 03:10:01 [INFO]   Record 01: Event ID: EVT2628 | Event Name: FIFA World Cup Qatar Legacy Match | Sport: Athletics | Ven...
2026-03-27 03:10:01 [INFO]   Record 02: Event ID: EVT8309 | Event Name: Doha Sports Festival Opening Match | Sport: Football | Ven...
2026-03-27 03:10:01 [INFO]   Record 03: Event ID: EVT9070 | Event Name: National Day Football Celebration | Sport: Football | Venu...
2026-03-27 03:10:01 [INFO]   Record 04: Event ID: EVT3520 | Event Name: GCC Club Championship Quarter Final | Sport: Handball | Ve...
2026-03-27 03:10:01 [INFO]   Record 05: Event ID: EVT6995 | Event Name: Gulf Youth Cup Round 1 | Sport: Football | Venue: Ahmad Bi...
2026-03-27 03:10:01 [INFO]   Record 06: Event ID: EVT4227 | Event Name: Doha Sports Festival Opening Match | Sport: Swimming | Ven...
2026-03-27 03:10:01 [INFO] ------------------------------------------------------------------
2026-03-27 03:10:01 [INFO] File written successfully.
2026-03-27 03:10:01 [INFO]   Full path : /home/cloudera/mos_qatar_demo_poc/landing/mos_sports_events_20260327_031001.txt
2026-03-27 03:10:01 [INFO]   Size      : 1572 bytes
2026-03-27 03:10:01 [INFO]   Records   : 6
2026-03-27 03:10:01 [INFO] ==================================================================
2026-03-27 03:10:01 [INFO]   Generator Completed Successfully
2026-03-27 03:10:01 [INFO] ==================================================================
