2026-03-27 09:03:02 [INFO] ==================================================================
2026-03-27 09:03:02 [INFO]   MOS Qatar Demo - Sports Data Generator
2026-03-27 09:03:02 [INFO] ==================================================================
2026-03-27 09:03:02 [INFO] Config file   : /home/cloudera/mos_qatar_demo_poc/config/mos_qatar_demo.ini
2026-03-27 09:03:02 [INFO] Landing dir   : /home/cloudera/mos_qatar_demo_poc/landing
2026-03-27 09:03:02 [INFO] Output file   : mos_sports_events_20260327_090302.txt
2026-03-27 09:03:02 [INFO] Records count : 8
2026-03-27 09:03:02 [INFO] ------------------------------------------------------------------
2026-03-27 09:03:02 [INFO]   Record 01: Event ID: EVT4272 | Event Name: Qatar Premier League Match Day 5 | Sport: Football | Venue...
2026-03-27 09:03:02 [INFO]   Record 02: Event ID: EVT4206 | Event Name: Ramadan Football Festival | Sport: Handball | Venue: Khali...
2026-03-27 09:03:02 [INFO]   Record 03: Event ID: EVT7899 | Event Name: Ministry Invitational Friendly Tournament | Sport: Athleti...
2026-03-27 09:03:02 [INFO]   Record 04: Event ID: EVT1616 | Event Name: Gulf Cup Qualifier Round 1 | Sport: Football | Venue: Lusa...
2026-03-27 09:03:02 [INFO]   Record 05: Event ID: EVT1476 | Event Name: Gulf Youth Cup Round 1 | Sport: Athletics | Venue: Khalifa...
2026-03-27 09:03:02 [INFO]   Record 06: Event ID: EVT2530 | Event Name: Gulf Youth Cup Round 1 | Sport: Football | Venue: Ahmad Bi...
2026-03-27 09:03:02 [INFO]   Record 07: Event ID: EVT1512 | Event Name: Asian Qualifiers Warm-up Match | Sport: Football | Venue: ...
2026-03-27 09:03:02 [INFO]   Record 08: Event ID: EVT2366 | Event Name: National Team Preparation Match | Sport: Volleyball | Venu...
2026-03-27 09:03:02 [INFO] ------------------------------------------------------------------
2026-03-27 09:03:02 [INFO] File written successfully.
2026-03-27 09:03:02 [INFO]   Full path : /home/cloudera/mos_qatar_demo_poc/landing/mos_sports_events_20260327_090302.txt
2026-03-27 09:03:02 [INFO]   Size      : 2077 bytes
2026-03-27 09:03:02 [INFO]   Records   : 8
2026-03-27 09:03:02 [INFO] ==================================================================
2026-03-27 09:03:02 [INFO]   Generator Completed Successfully
2026-03-27 09:03:02 [INFO] ==================================================================
