2026-03-27 12:30:02 [INFO] ==================================================================
2026-03-27 12:30:02 [INFO]   MOS Qatar Demo - Sports Data Generator
2026-03-27 12:30:02 [INFO] ==================================================================
2026-03-27 12:30:02 [INFO] Config file   : /home/cloudera/mos_qatar_demo_poc/config/mos_qatar_demo.ini
2026-03-27 12:30:02 [INFO] Landing dir   : /home/cloudera/mos_qatar_demo_poc/landing
2026-03-27 12:30:02 [INFO] Output file   : mos_sports_events_20260327_123002.txt
2026-03-27 12:30:02 [INFO] Records count : 7
2026-03-27 12:30:02 [INFO] ------------------------------------------------------------------
2026-03-27 12:30:02 [INFO]   Record 01: Event ID: EVT6920 | Event Name: MOS Annual Charity Football Gala | Sport: Handball | Venue...
2026-03-27 12:30:02 [INFO]   Record 02: Event ID: EVT6897 | Event Name: Ministry Invitational Friendly Tournament | Sport: Footbal...
2026-03-27 12:30:02 [INFO]   Record 03: Event ID: EVT5365 | Event Name: Ministry Invitational Friendly Tournament | Sport: Handbal...
2026-03-27 12:30:02 [INFO]   Record 04: Event ID: EVT7307 | Event Name: Arab Nations Championship Group Stage | Sport: Handball | ...
2026-03-27 12:30:02 [INFO]   Record 05: Event ID: EVT6754 | Event Name: Gulf Youth Cup Final | Sport: Football | Venue: Al Janoub ...
2026-03-27 12:30:02 [INFO]   Record 06: Event ID: EVT1505 | Event Name: Qatar Under-20 Development League | Sport: Handball | Venu...
2026-03-27 12:30:02 [INFO]   Record 07: Event ID: EVT2806 | Event Name: GCC Club Championship Quarter Final | Sport: Football | Ve...
2026-03-27 12:30:02 [INFO] ------------------------------------------------------------------
2026-03-27 12:30:02 [INFO] File written successfully.
2026-03-27 12:30:02 [INFO]   Full path : /home/cloudera/mos_qatar_demo_poc/landing/mos_sports_events_20260327_123002.txt
2026-03-27 12:30:02 [INFO]   Size      : 1839 bytes
2026-03-27 12:30:02 [INFO]   Records   : 7
2026-03-27 12:30:02 [INFO] ==================================================================
2026-03-27 12:30:02 [INFO]   Generator Completed Successfully
2026-03-27 12:30:02 [INFO] ==================================================================
