2026-03-26 04:57:01 [INFO] ==================================================================
2026-03-26 04:57:01 [INFO]   MOS Qatar Demo - Sports Data Generator
2026-03-26 04:57:01 [INFO] ==================================================================
2026-03-26 04:57:01 [INFO] Config file   : /home/cloudera/mos_qatar_demo_poc/config/mos_qatar_demo.ini
2026-03-26 04:57:01 [INFO] Landing dir   : /home/cloudera/mos_qatar_demo_poc/landing
2026-03-26 04:57:01 [INFO] Output file   : mos_sports_events_20260326_045701.txt
2026-03-26 04:57:01 [INFO] Records count : 4
2026-03-26 04:57:01 [INFO] ------------------------------------------------------------------
2026-03-26 04:57:01 [INFO]   Record 01: Event ID: EVT6111 | Event Name: Ministry Youth Sports Day | Sport: Swimming | Venue: Lusai...
2026-03-26 04:57:01 [INFO]   Record 02: Event ID: EVT4855 | Event Name: Gulf Youth Cup Quarter Final | Sport: Volleyball | Venue: ...
2026-03-26 04:57:01 [INFO]   Record 03: Event ID: EVT2244 | Event Name: Gulf Youth Cup Round 2 | Sport: Volleyball | Venue: Khalif...
2026-03-26 04:57:01 [INFO]   Record 04: Event ID: EVT7062 | Event Name: National Team Preparation Match | Sport: Football | Venue:...
2026-03-26 04:57:01 [INFO] ------------------------------------------------------------------
2026-03-26 04:57:01 [INFO] File written successfully.
2026-03-26 04:57:01 [INFO]   Full path : /home/cloudera/mos_qatar_demo_poc/landing/mos_sports_events_20260326_045701.txt
2026-03-26 04:57:01 [INFO]   Size      : 1040 bytes
2026-03-26 04:57:01 [INFO]   Records   : 4
2026-03-26 04:57:01 [INFO] ==================================================================
2026-03-26 04:57:01 [INFO]   Generator Completed Successfully
2026-03-26 04:57:01 [INFO] ==================================================================
