2026-03-25 21:38:01 [INFO] ==================================================================
2026-03-25 21:38:01 [INFO]   MOS Qatar Demo - Sports Data Generator
2026-03-25 21:38:01 [INFO] ==================================================================
2026-03-25 21:38:01 [INFO] Config file   : /home/cloudera/mos_qatar_demo_poc/config/mos_qatar_demo.ini
2026-03-25 21:38:01 [INFO] Landing dir   : /home/cloudera/mos_qatar_demo_poc/landing
2026-03-25 21:38:01 [INFO] Output file   : mos_sports_events_20260325_213801.txt
2026-03-25 21:38:01 [INFO] Records count : 6
2026-03-25 21:38:01 [INFO] ------------------------------------------------------------------
2026-03-25 21:38:01 [INFO]   Record 01: Event ID: EVT3337 | Event Name: Gulf Youth Cup Semi Final | Sport: Football | Venue: Lusai...
2026-03-25 21:38:01 [INFO]   Record 02: Event ID: EVT7016 | Event Name: Qatar Premier League Match Day 5 | Sport: Athletics | Venu...
2026-03-25 21:38:01 [INFO]   Record 03: Event ID: EVT8687 | Event Name: Gulf Youth Cup Quarter Final | Sport: Handball | Venue: Al...
2026-03-25 21:38:01 [INFO]   Record 04: Event ID: EVT5501 | Event Name: Gulf Youth Cup Quarter Final | Sport: Handball | Venue: Ed...
2026-03-25 21:38:01 [INFO]   Record 05: Event ID: EVT1647 | Event Name: Gulf Youth Cup Round 2 | Sport: Football | Venue: Al Thuma...
2026-03-25 21:38:01 [INFO]   Record 06: Event ID: EVT8630 | Event Name: GCC Club Championship Final | Sport: Volleyball | Venue: A...
2026-03-25 21:38:01 [INFO] ------------------------------------------------------------------
2026-03-25 21:38:01 [INFO] File written successfully.
2026-03-25 21:38:01 [INFO]   Full path : /home/cloudera/mos_qatar_demo_poc/landing/mos_sports_events_20260325_213801.txt
2026-03-25 21:38:01 [INFO]   Size      : 1566 bytes
2026-03-25 21:38:01 [INFO]   Records   : 6
2026-03-25 21:38:01 [INFO] ==================================================================
2026-03-25 21:38:01 [INFO]   Generator Completed Successfully
2026-03-25 21:38:01 [INFO] ==================================================================
