2026-03-26 04:42:02 [INFO] ==================================================================
2026-03-26 04:42:02 [INFO]   MOS Qatar Demo - Sports Data Generator
2026-03-26 04:42:02 [INFO] ==================================================================
2026-03-26 04:42:02 [INFO] Config file   : /home/cloudera/mos_qatar_demo_poc/config/mos_qatar_demo.ini
2026-03-26 04:42:02 [INFO] Landing dir   : /home/cloudera/mos_qatar_demo_poc/landing
2026-03-26 04:42:02 [INFO] Output file   : mos_sports_events_20260326_044202.txt
2026-03-26 04:42:02 [INFO] Records count : 9
2026-03-26 04:42:02 [INFO] ------------------------------------------------------------------
2026-03-26 04:42:02 [INFO]   Record 01: Event ID: EVT1627 | Event Name: MOS Annual Charity Football Gala | Sport: Football | Venue...
2026-03-26 04:42:02 [INFO]   Record 02: Event ID: EVT1421 | Event Name: Gulf Cup Qualifier Round 1 | Sport: Football | Venue: Educ...
2026-03-26 04:42:02 [INFO]   Record 03: Event ID: EVT5538 | Event Name: Gulf Youth Cup Semi Final | Sport: Football | Venue: Qatar...
2026-03-26 04:42:02 [INFO]   Record 04: Event ID: EVT9924 | Event Name: GCC Club Championship Semi Final | Sport: Volleyball | Ven...
2026-03-26 04:42:02 [INFO]   Record 05: Event ID: EVT1137 | Event Name: Gulf Youth Cup Semi Final | Sport: Football | Venue: Lusai...
2026-03-26 04:42:02 [INFO]   Record 06: Event ID: EVT4729 | Event Name: Gulf Youth Cup Round 2 | Sport: Football | Venue: Khalifa ...
2026-03-26 04:42:02 [INFO]   Record 07: Event ID: EVT4839 | Event Name: GCC Club Championship Semi Final | Sport: Handball | Venue...
2026-03-26 04:42:02 [INFO]   Record 08: Event ID: EVT8487 | Event Name: Qatar Cup Semi Final | Sport: Football | Venue: Al Janoub ...
2026-03-26 04:42:02 [INFO]   Record 09: Event ID: EVT2973 | Event Name: Qatar Under-20 Development League | Sport: Football | Venu...
2026-03-26 04:42:02 [INFO] ------------------------------------------------------------------
2026-03-26 04:42:02 [INFO] File written successfully.
2026-03-26 04:42:02 [INFO]   Full path : /home/cloudera/mos_qatar_demo_poc/landing/mos_sports_events_20260326_044202.txt
2026-03-26 04:42:02 [INFO]   Size      : 2351 bytes
2026-03-26 04:42:02 [INFO]   Records   : 9
2026-03-26 04:42:02 [INFO] ==================================================================
2026-03-26 04:42:02 [INFO]   Generator Completed Successfully
2026-03-26 04:42:02 [INFO] ==================================================================
