2026-03-26 02:19:01 [INFO] ==================================================================
2026-03-26 02:19:01 [INFO]   MOS Qatar Demo - Sports Data Generator
2026-03-26 02:19:01 [INFO] ==================================================================
2026-03-26 02:19:01 [INFO] Config file   : /home/cloudera/mos_qatar_demo_poc/config/mos_qatar_demo.ini
2026-03-26 02:19:01 [INFO] Landing dir   : /home/cloudera/mos_qatar_demo_poc/landing
2026-03-26 02:19:01 [INFO] Output file   : mos_sports_events_20260326_021901.txt
2026-03-26 02:19:01 [INFO] Records count : 10
2026-03-26 02:19:01 [INFO] ------------------------------------------------------------------
2026-03-26 02:19:01 [INFO]   Record 01: Event ID: EVT5235 | Event Name: Qatar Premier League Match Day 12 | Sport: Basketball | Ve...
2026-03-26 02:19:01 [INFO]   Record 02: Event ID: EVT5274 | Event Name: Gulf Youth Cup Semi Final | Sport: Football | Venue: Al Wa...
2026-03-26 02:19:01 [INFO]   Record 03: Event ID: EVT4502 | Event Name: FIFA World Cup Qatar Legacy Match | Sport: Football | Venu...
2026-03-26 02:19:01 [INFO]   Record 04: Event ID: EVT9889 | Event Name: Qatar Premier League Match Day 8 | Sport: Football | Venue...
2026-03-26 02:19:01 [INFO]   Record 05: Event ID: EVT2948 | Event Name: Qatar Premier League Match Day 12 | Sport: Volleyball | Ve...
2026-03-26 02:19:01 [INFO]   Record 06: Event ID: EVT8147 | Event Name: Qatar Premier League Match Day 8 | Sport: Athletics | Venu...
2026-03-26 02:19:01 [INFO]   Record 07: Event ID: EVT2800 | Event Name: Qatar Cup Semi Final | Sport: Swimming | Venue: Lusail Sta...
2026-03-26 02:19:01 [INFO]   Record 08: Event ID: EVT4860 | Event Name: Arab Nations Championship Semi Final | Sport: Football | V...
2026-03-26 02:19:01 [INFO]   Record 09: Event ID: EVT7955 | Event Name: Gulf Cup Qualifier Round 1 | Sport: Football | Venue: Educ...
2026-03-26 02:19:01 [INFO]   Record 10: Event ID: EVT7525 | Event Name: Gulf Youth Cup Round 2 | Sport: Athletics | Venue: Khalifa...
2026-03-26 02:19:01 [INFO] ------------------------------------------------------------------
2026-03-26 02:19:01 [INFO] File written successfully.
2026-03-26 02:19:01 [INFO]   Full path : /home/cloudera/mos_qatar_demo_poc/landing/mos_sports_events_20260326_021901.txt
2026-03-26 02:19:01 [INFO]   Size      : 2577 bytes
2026-03-26 02:19:01 [INFO]   Records   : 10
2026-03-26 02:19:01 [INFO] ==================================================================
2026-03-26 02:19:01 [INFO]   Generator Completed Successfully
2026-03-26 02:19:01 [INFO] ==================================================================
