2026-03-26 12:04:02 [INFO] ==================================================================
2026-03-26 12:04:02 [INFO]   MOS Qatar Demo - Sports Data Generator
2026-03-26 12:04:02 [INFO] ==================================================================
2026-03-26 12:04:02 [INFO] Config file   : /home/cloudera/mos_qatar_demo_poc/config/mos_qatar_demo.ini
2026-03-26 12:04:02 [INFO] Landing dir   : /home/cloudera/mos_qatar_demo_poc/landing
2026-03-26 12:04:02 [INFO] Output file   : mos_sports_events_20260326_120402.txt
2026-03-26 12:04:02 [INFO] Records count : 6
2026-03-26 12:04:02 [INFO] ------------------------------------------------------------------
2026-03-26 12:04:02 [INFO]   Record 01: Event ID: EVT8217 | Event Name: Qatar Under-20 Development League | Sport: Swimming | Venu...
2026-03-26 12:04:02 [INFO]   Record 02: Event ID: EVT3282 | Event Name: Qatar Premier League Match Day 12 | Sport: Football | Venu...
2026-03-26 12:04:02 [INFO]   Record 03: Event ID: EVT5649 | Event Name: FIFA World Cup Qatar Legacy Match | Sport: Football | Venu...
2026-03-26 12:04:02 [INFO]   Record 04: Event ID: EVT6183 | Event Name: Gulf Youth Cup Semi Final | Sport: Football | Venue: Qatar...
2026-03-26 12:04:02 [INFO]   Record 05: Event ID: EVT7192 | Event Name: Qatar Cup Final | Sport: Football | Venue: Qatar Sports Cl...
2026-03-26 12:04:02 [INFO]   Record 06: Event ID: EVT6071 | Event Name: Qatar Premier League Match Day 8 | Sport: Volleyball | Ven...
2026-03-26 12:04:02 [INFO] ------------------------------------------------------------------
2026-03-26 12:04:02 [INFO] File written successfully.
2026-03-26 12:04:02 [INFO]   Full path : /home/cloudera/mos_qatar_demo_poc/landing/mos_sports_events_20260326_120402.txt
2026-03-26 12:04:02 [INFO]   Size      : 1571 bytes
2026-03-26 12:04:02 [INFO]   Records   : 6
2026-03-26 12:04:02 [INFO] ==================================================================
2026-03-26 12:04:02 [INFO]   Generator Completed Successfully
2026-03-26 12:04:02 [INFO] ==================================================================
