2026-03-26 12:32:01 [INFO] ==================================================================
2026-03-26 12:32:01 [INFO]   MOS Qatar Demo - Sports Data Generator
2026-03-26 12:32:01 [INFO] ==================================================================
2026-03-26 12:32:01 [INFO] Config file   : /home/cloudera/mos_qatar_demo_poc/config/mos_qatar_demo.ini
2026-03-26 12:32:01 [INFO] Landing dir   : /home/cloudera/mos_qatar_demo_poc/landing
2026-03-26 12:32:01 [INFO] Output file   : mos_sports_events_20260326_123201.txt
2026-03-26 12:32:01 [INFO] Records count : 6
2026-03-26 12:32:01 [INFO] ------------------------------------------------------------------
2026-03-26 12:32:01 [INFO]   Record 01: Event ID: EVT7702 | Event Name: Ramadan Football Festival | Sport: Football | Venue: Khali...
2026-03-26 12:32:01 [INFO]   Record 02: Event ID: EVT7526 | Event Name: Qatar Olympic Training Camp Evaluation | Sport: Athletics ...
2026-03-26 12:32:01 [INFO]   Record 03: Event ID: EVT1891 | Event Name: Doha Sports Festival Opening Match | Sport: Volleyball | V...
2026-03-26 12:32:01 [INFO]   Record 04: Event ID: EVT7368 | Event Name: MOS Annual Charity Football Gala | Sport: Football | Venue...
2026-03-26 12:32:01 [INFO]   Record 05: Event ID: EVT6893 | Event Name: Ministry Youth Sports Day | Sport: Handball | Venue: Lusai...
2026-03-26 12:32:01 [INFO]   Record 06: Event ID: EVT3731 | Event Name: Asian Qualifiers Warm-up Match | Sport: Football | Venue: ...
2026-03-26 12:32:01 [INFO] ------------------------------------------------------------------
2026-03-26 12:32:01 [INFO] File written successfully.
2026-03-26 12:32:01 [INFO]   Full path : /home/cloudera/mos_qatar_demo_poc/landing/mos_sports_events_20260326_123201.txt
2026-03-26 12:32:01 [INFO]   Size      : 1528 bytes
2026-03-26 12:32:01 [INFO]   Records   : 6
2026-03-26 12:32:01 [INFO] ==================================================================
2026-03-26 12:32:01 [INFO]   Generator Completed Successfully
2026-03-26 12:32:01 [INFO] ==================================================================
