2026-03-27 04:03:01 [INFO] ==================================================================
2026-03-27 04:03:01 [INFO]   MOS Qatar Demo - Sports Data Generator
2026-03-27 04:03:01 [INFO] ==================================================================
2026-03-27 04:03:01 [INFO] Config file   : /home/cloudera/mos_qatar_demo_poc/config/mos_qatar_demo.ini
2026-03-27 04:03:01 [INFO] Landing dir   : /home/cloudera/mos_qatar_demo_poc/landing
2026-03-27 04:03:01 [INFO] Output file   : mos_sports_events_20260327_040301.txt
2026-03-27 04:03:01 [INFO] Records count : 4
2026-03-27 04:03:01 [INFO] ------------------------------------------------------------------
2026-03-27 04:03:01 [INFO]   Record 01: Event ID: EVT8575 | Event Name: National Team Preparation Match | Sport: Swimming | Venue:...
2026-03-27 04:03:01 [INFO]   Record 02: Event ID: EVT5859 | Event Name: GCC Club Championship Quarter Final | Sport: Swimming | Ve...
2026-03-27 04:03:01 [INFO]   Record 03: Event ID: EVT1218 | Event Name: Qatar Premier League Match Day 5 | Sport: Football | Venue...
2026-03-27 04:03:01 [INFO]   Record 04: Event ID: EVT8099 | Event Name: GCC Club Championship Quarter Final | Sport: Athletics | V...
2026-03-27 04:03:01 [INFO] ------------------------------------------------------------------
2026-03-27 04:03:01 [INFO] File written successfully.
2026-03-27 04:03:01 [INFO]   Full path : /home/cloudera/mos_qatar_demo_poc/landing/mos_sports_events_20260327_040301.txt
2026-03-27 04:03:01 [INFO]   Size      : 1059 bytes
2026-03-27 04:03:01 [INFO]   Records   : 4
2026-03-27 04:03:01 [INFO] ==================================================================
2026-03-27 04:03:01 [INFO]   Generator Completed Successfully
2026-03-27 04:03:01 [INFO] ==================================================================
