2026-03-26 22:19:01 [INFO] ==================================================================
2026-03-26 22:19:01 [INFO]   MOS Qatar Demo - Sports Data Generator
2026-03-26 22:19:01 [INFO] ==================================================================
2026-03-26 22:19:01 [INFO] Config file   : /home/cloudera/mos_qatar_demo_poc/config/mos_qatar_demo.ini
2026-03-26 22:19:01 [INFO] Landing dir   : /home/cloudera/mos_qatar_demo_poc/landing
2026-03-26 22:19:01 [INFO] Output file   : mos_sports_events_20260326_221901.txt
2026-03-26 22:19:01 [INFO] Records count : 6
2026-03-26 22:19:01 [INFO] ------------------------------------------------------------------
2026-03-26 22:19:01 [INFO]   Record 01: Event ID: EVT1635 | Event Name: Gulf Youth Cup Round 2 | Sport: Athletics | Venue: Ahmad B...
2026-03-26 22:19:01 [INFO]   Record 02: Event ID: EVT4774 | Event Name: Arab Nations Championship Semi Final | Sport: Football | V...
2026-03-26 22:19:01 [INFO]   Record 03: Event ID: EVT9934 | Event Name: Doha Sports Festival Opening Match | Sport: Athletics | Ve...
2026-03-26 22:19:01 [INFO]   Record 04: Event ID: EVT1959 | Event Name: GCC Club Championship Final | Sport: Handball | Venue: Qat...
2026-03-26 22:19:01 [INFO]   Record 05: Event ID: EVT4063 | Event Name: Qatar Cup Final | Sport: Handball | Venue: Aspire Zone Are...
2026-03-26 22:19:01 [INFO]   Record 06: Event ID: EVT3544 | Event Name: Gulf Youth Cup Semi Final | Sport: Football | Venue: Ahmad...
2026-03-26 22:19:01 [INFO] ------------------------------------------------------------------
2026-03-26 22:19:01 [INFO] File written successfully.
2026-03-26 22:19:01 [INFO]   Full path : /home/cloudera/mos_qatar_demo_poc/landing/mos_sports_events_20260326_221901.txt
2026-03-26 22:19:01 [INFO]   Size      : 1521 bytes
2026-03-26 22:19:01 [INFO]   Records   : 6
2026-03-26 22:19:01 [INFO] ==================================================================
2026-03-26 22:19:01 [INFO]   Generator Completed Successfully
2026-03-26 22:19:01 [INFO] ==================================================================
