2026-03-24 21:21:02 [INFO] ==================================================================
2026-03-24 21:21:02 [INFO]   MOS Qatar Demo - Sports Data Generator
2026-03-24 21:21:02 [INFO] ==================================================================
2026-03-24 21:21:02 [INFO] Config file   : /home/cloudera/mos_qatar_demo_poc/config/mos_qatar_demo.ini
2026-03-24 21:21:02 [INFO] Landing dir   : /home/cloudera/mos_qatar_demo_poc/landing
2026-03-24 21:21:02 [INFO] Output file   : mos_sports_events_20260324_212102.txt
2026-03-24 21:21:02 [INFO] Records count : 8
2026-03-24 21:21:02 [INFO] ------------------------------------------------------------------
2026-03-24 21:21:02 [INFO]   Record 01: Event ID: EVT1331 | Event Name: Qatar Under-20 Development League | Sport: Handball | Venu...
2026-03-24 21:21:02 [INFO]   Record 02: Event ID: EVT7873 | Event Name: Ministry Youth Sports Day | Sport: Football | Venue: Ahmad...
2026-03-24 21:21:02 [INFO]   Record 03: Event ID: EVT2581 | Event Name: FIFA World Cup Qatar Legacy Match | Sport: Football | Venu...
2026-03-24 21:21:02 [INFO]   Record 04: Event ID: EVT4611 | Event Name: Qatar Schools Football League | Sport: Handball | Venue: L...
2026-03-24 21:21:02 [INFO]   Record 05: Event ID: EVT6454 | Event Name: Doha Sports Festival Opening Match | Sport: Football | Ven...
2026-03-24 21:21:02 [INFO]   Record 06: Event ID: EVT2291 | Event Name: Qatar Olympic Training Camp Evaluation | Sport: Football |...
2026-03-24 21:21:02 [INFO]   Record 07: Event ID: EVT6777 | Event Name: Qatar Olympic Training Camp Evaluation | Sport: Football |...
2026-03-24 21:21:02 [INFO]   Record 08: Event ID: EVT3184 | Event Name: Ministry Invitational Friendly Tournament | Sport: Footbal...
2026-03-24 21:21:02 [INFO] ------------------------------------------------------------------
2026-03-24 21:21:02 [INFO] File written successfully.
2026-03-24 21:21:02 [INFO]   Full path : /home/cloudera/mos_qatar_demo_poc/landing/mos_sports_events_20260324_212102.txt
2026-03-24 21:21:02 [INFO]   Size      : 2084 bytes
2026-03-24 21:21:02 [INFO]   Records   : 8
2026-03-24 21:21:02 [INFO] ==================================================================
2026-03-24 21:21:02 [INFO]   Generator Completed Successfully
2026-03-24 21:21:02 [INFO] ==================================================================
