2026-03-27 20:21:01 [INFO] ==================================================================
2026-03-27 20:21:01 [INFO]   MOS Qatar Demo - Sports Data Generator
2026-03-27 20:21:01 [INFO] ==================================================================
2026-03-27 20:21:01 [INFO] Config file   : /home/cloudera/mos_qatar_demo_poc/config/mos_qatar_demo.ini
2026-03-27 20:21:01 [INFO] Landing dir   : /home/cloudera/mos_qatar_demo_poc/landing
2026-03-27 20:21:01 [INFO] Output file   : mos_sports_events_20260327_202101.txt
2026-03-27 20:21:01 [INFO] Records count : 4
2026-03-27 20:21:01 [INFO] ------------------------------------------------------------------
2026-03-27 20:21:01 [INFO]   Record 01: Event ID: EVT2664 | Event Name: Asian Qualifiers Warm-up Match | Sport: Athletics | Venue:...
2026-03-27 20:21:01 [INFO]   Record 02: Event ID: EVT5554 | Event Name: Gulf Cup Qualifier Round 1 | Sport: Swimming | Venue: Lusa...
2026-03-27 20:21:01 [INFO]   Record 03: Event ID: EVT9515 | Event Name: Qatar Cup Final | Sport: Basketball | Venue: Ahmad Bin Ali...
2026-03-27 20:21:01 [INFO]   Record 04: Event ID: EVT3792 | Event Name: National Team Preparation Match | Sport: Swimming | Venue:...
2026-03-27 20:21:01 [INFO] ------------------------------------------------------------------
2026-03-27 20:21:01 [INFO] File written successfully.
2026-03-27 20:21:01 [INFO]   Full path : /home/cloudera/mos_qatar_demo_poc/landing/mos_sports_events_20260327_202101.txt
2026-03-27 20:21:01 [INFO]   Size      : 1023 bytes
2026-03-27 20:21:01 [INFO]   Records   : 4
2026-03-27 20:21:01 [INFO] ==================================================================
2026-03-27 20:21:01 [INFO]   Generator Completed Successfully
2026-03-27 20:21:01 [INFO] ==================================================================
