2026-03-26 05:39:01 [INFO] ==================================================================
2026-03-26 05:39:01 [INFO]   MOS Qatar Demo - Sports Data Generator
2026-03-26 05:39:01 [INFO] ==================================================================
2026-03-26 05:39:01 [INFO] Config file   : /home/cloudera/mos_qatar_demo_poc/config/mos_qatar_demo.ini
2026-03-26 05:39:01 [INFO] Landing dir   : /home/cloudera/mos_qatar_demo_poc/landing
2026-03-26 05:39:01 [INFO] Output file   : mos_sports_events_20260326_053901.txt
2026-03-26 05:39:01 [INFO] Records count : 7
2026-03-26 05:39:01 [INFO] ------------------------------------------------------------------
2026-03-26 05:39:01 [INFO]   Record 01: Event ID: EVT3807 | Event Name: FIFA World Cup Qatar Legacy Match | Sport: Basketball | Ve...
2026-03-26 05:39:01 [INFO]   Record 02: Event ID: EVT3480 | Event Name: Arab Nations Championship Group Stage | Sport: Football | ...
2026-03-26 05:39:01 [INFO]   Record 03: Event ID: EVT6806 | Event Name: GCC Club Championship Final | Sport: Football | Venue: Al ...
2026-03-26 05:39:01 [INFO]   Record 04: Event ID: EVT8818 | Event Name: National Day Football Celebration | Sport: Handball | Venu...
2026-03-26 05:39:01 [INFO]   Record 05: Event ID: EVT2010 | Event Name: Qatar Cup Semi Final | Sport: Football | Venue: Al Bayt St...
2026-03-26 05:39:01 [INFO]   Record 06: Event ID: EVT8464 | Event Name: National Team Preparation Match | Sport: Swimming | Venue:...
2026-03-26 05:39:01 [INFO]   Record 07: Event ID: EVT7809 | Event Name: Qatar Cup Semi Final | Sport: Volleyball | Venue: Educatio...
2026-03-26 05:39:01 [INFO] ------------------------------------------------------------------
2026-03-26 05:39:01 [INFO] File written successfully.
2026-03-26 05:39:01 [INFO]   Full path : /home/cloudera/mos_qatar_demo_poc/landing/mos_sports_events_20260326_053901.txt
2026-03-26 05:39:01 [INFO]   Size      : 1790 bytes
2026-03-26 05:39:01 [INFO]   Records   : 7
2026-03-26 05:39:01 [INFO] ==================================================================
2026-03-26 05:39:01 [INFO]   Generator Completed Successfully
2026-03-26 05:39:01 [INFO] ==================================================================
