2026-03-26 00:59:02 [INFO] ==================================================================
2026-03-26 00:59:02 [INFO]   MOS Qatar Demo - Sports Data Generator
2026-03-26 00:59:02 [INFO] ==================================================================
2026-03-26 00:59:02 [INFO] Config file   : /home/cloudera/mos_qatar_demo_poc/config/mos_qatar_demo.ini
2026-03-26 00:59:02 [INFO] Landing dir   : /home/cloudera/mos_qatar_demo_poc/landing
2026-03-26 00:59:02 [INFO] Output file   : mos_sports_events_20260326_005902.txt
2026-03-26 00:59:02 [INFO] Records count : 7
2026-03-26 00:59:02 [INFO] ------------------------------------------------------------------
2026-03-26 00:59:02 [INFO]   Record 01: Event ID: EVT5134 | Event Name: Gulf Youth Cup Quarter Final | Sport: Football | Venue: Al...
2026-03-26 00:59:02 [INFO]   Record 02: Event ID: EVT2576 | Event Name: Ministry Invitational Friendly Tournament | Sport: Footbal...
2026-03-26 00:59:02 [INFO]   Record 03: Event ID: EVT6150 | Event Name: Qatar Cup Semi Final | Sport: Football | Venue: Lusail Sta...
2026-03-26 00:59:02 [INFO]   Record 04: Event ID: EVT8697 | Event Name: MOS Annual Charity Football Gala | Sport: Football | Venue...
2026-03-26 00:59:02 [INFO]   Record 05: Event ID: EVT3282 | Event Name: Qatar Olympic Training Camp Evaluation | Sport: Football |...
2026-03-26 00:59:02 [INFO]   Record 06: Event ID: EVT4213 | Event Name: National Team Preparation Match | Sport: Football | Venue:...
2026-03-26 00:59:02 [INFO]   Record 07: Event ID: EVT2866 | Event Name: Qatar Premier League Match Day 5 | Sport: Football | Venue...
2026-03-26 00:59:02 [INFO] ------------------------------------------------------------------
2026-03-26 00:59:02 [INFO] File written successfully.
2026-03-26 00:59:02 [INFO]   Full path : /home/cloudera/mos_qatar_demo_poc/landing/mos_sports_events_20260326_005902.txt
2026-03-26 00:59:02 [INFO]   Size      : 1839 bytes
2026-03-26 00:59:02 [INFO]   Records   : 7
2026-03-26 00:59:02 [INFO] ==================================================================
2026-03-26 00:59:02 [INFO]   Generator Completed Successfully
2026-03-26 00:59:02 [INFO] ==================================================================
