2026-03-24 23:34:01 [INFO] ==================================================================
2026-03-24 23:34:01 [INFO]   MOS Qatar Demo - Sports Data Generator
2026-03-24 23:34:01 [INFO] ==================================================================
2026-03-24 23:34:01 [INFO] Config file   : /home/cloudera/mos_qatar_demo_poc/config/mos_qatar_demo.ini
2026-03-24 23:34:01 [INFO] Landing dir   : /home/cloudera/mos_qatar_demo_poc/landing
2026-03-24 23:34:01 [INFO] Output file   : mos_sports_events_20260324_233401.txt
2026-03-24 23:34:01 [INFO] Records count : 9
2026-03-24 23:34:01 [INFO] ------------------------------------------------------------------
2026-03-24 23:34:01 [INFO]   Record 01: Event ID: EVT3885 | Event Name: Doha Sports Festival Opening Match | Sport: Swimming | Ven...
2026-03-24 23:34:01 [INFO]   Record 02: Event ID: EVT4772 | Event Name: Qatar Cup Semi Final | Sport: Volleyball | Venue: Al Bayt ...
2026-03-24 23:34:01 [INFO]   Record 03: Event ID: EVT4983 | Event Name: Doha Sports Festival Opening Match | Sport: Swimming | Ven...
2026-03-24 23:34:01 [INFO]   Record 04: Event ID: EVT3085 | Event Name: Qatar Under-20 Development League | Sport: Football | Venu...
2026-03-24 23:34:01 [INFO]   Record 05: Event ID: EVT5610 | Event Name: Qatar Schools Football League | Sport: Handball | Venue: Q...
2026-03-24 23:34:01 [INFO]   Record 06: Event ID: EVT4684 | Event Name: Qatar Olympic Training Camp Evaluation | Sport: Football |...
2026-03-24 23:34:01 [INFO]   Record 07: Event ID: EVT2323 | Event Name: Ramadan Football Festival | Sport: Basketball | Venue: Al ...
2026-03-24 23:34:01 [INFO]   Record 08: Event ID: EVT1405 | Event Name: GCC Club Championship Quarter Final | Sport: Football | Ve...
2026-03-24 23:34:01 [INFO]   Record 09: Event ID: EVT5159 | Event Name: Asian Qualifiers Warm-up Match | Sport: Basketball | Venue...
2026-03-24 23:34:01 [INFO] ------------------------------------------------------------------
2026-03-24 23:34:01 [INFO] File written successfully.
2026-03-24 23:34:01 [INFO]   Full path : /home/cloudera/mos_qatar_demo_poc/landing/mos_sports_events_20260324_233401.txt
2026-03-24 23:34:01 [INFO]   Size      : 2324 bytes
2026-03-24 23:34:01 [INFO]   Records   : 9
2026-03-24 23:34:01 [INFO] ==================================================================
2026-03-24 23:34:01 [INFO]   Generator Completed Successfully
2026-03-24 23:34:01 [INFO] ==================================================================
