2026-03-25 06:15:01 [INFO] ==================================================================
2026-03-25 06:15:01 [INFO]   MOS Qatar Demo - Sports Data Generator
2026-03-25 06:15:01 [INFO] ==================================================================
2026-03-25 06:15:01 [INFO] Config file   : /home/cloudera/mos_qatar_demo_poc/config/mos_qatar_demo.ini
2026-03-25 06:15:01 [INFO] Landing dir   : /home/cloudera/mos_qatar_demo_poc/landing
2026-03-25 06:15:01 [INFO] Output file   : mos_sports_events_20260325_061501.txt
2026-03-25 06:15:01 [INFO] Records count : 8
2026-03-25 06:15:01 [INFO] ------------------------------------------------------------------
2026-03-25 06:15:01 [INFO]   Record 01: Event ID: EVT3609 | Event Name: Qatar Olympic Training Camp Evaluation | Sport: Basketball...
2026-03-25 06:15:01 [INFO]   Record 02: Event ID: EVT1925 | Event Name: Qatar Schools Football League | Sport: Athletics | Venue: ...
2026-03-25 06:15:01 [INFO]   Record 03: Event ID: EVT5407 | Event Name: Gulf Youth Cup Round 1 | Sport: Basketball | Venue: Qatar ...
2026-03-25 06:15:01 [INFO]   Record 04: Event ID: EVT9460 | Event Name: Doha Sports Festival Opening Match | Sport: Athletics | Ve...
2026-03-25 06:15:01 [INFO]   Record 05: Event ID: EVT9403 | Event Name: National Team Preparation Match | Sport: Football | Venue:...
2026-03-25 06:15:01 [INFO]   Record 06: Event ID: EVT1958 | Event Name: Gulf Cup Qualifier Round 1 | Sport: Swimming | Venue: Qata...
2026-03-25 06:15:01 [INFO]   Record 07: Event ID: EVT8691 | Event Name: FIFA World Cup Qatar Legacy Match | Sport: Handball | Venu...
2026-03-25 06:15:01 [INFO]   Record 08: Event ID: EVT6428 | Event Name: GCC Club Championship Final | Sport: Football | Venue: Al ...
2026-03-25 06:15:01 [INFO] ------------------------------------------------------------------
2026-03-25 06:15:01 [INFO] File written successfully.
2026-03-25 06:15:01 [INFO]   Full path : /home/cloudera/mos_qatar_demo_poc/landing/mos_sports_events_20260325_061501.txt
2026-03-25 06:15:01 [INFO]   Size      : 2081 bytes
2026-03-25 06:15:01 [INFO]   Records   : 8
2026-03-25 06:15:01 [INFO] ==================================================================
2026-03-25 06:15:01 [INFO]   Generator Completed Successfully
2026-03-25 06:15:01 [INFO] ==================================================================
