2026-03-26 15:49:01 [INFO] ==================================================================
2026-03-26 15:49:01 [INFO]   MOS Qatar Demo - Sports Data Generator
2026-03-26 15:49:01 [INFO] ==================================================================
2026-03-26 15:49:01 [INFO] Config file   : /home/cloudera/mos_qatar_demo_poc/config/mos_qatar_demo.ini
2026-03-26 15:49:01 [INFO] Landing dir   : /home/cloudera/mos_qatar_demo_poc/landing
2026-03-26 15:49:01 [INFO] Output file   : mos_sports_events_20260326_154901.txt
2026-03-26 15:49:01 [INFO] Records count : 4
2026-03-26 15:49:01 [INFO] ------------------------------------------------------------------
2026-03-26 15:49:01 [INFO]   Record 01: Event ID: EVT1063 | Event Name: MOS Annual Charity Football Gala | Sport: Volleyball | Ven...
2026-03-26 15:49:01 [INFO]   Record 02: Event ID: EVT2416 | Event Name: GCC Club Championship Semi Final | Sport: Football | Venue...
2026-03-26 15:49:01 [INFO]   Record 03: Event ID: EVT6316 | Event Name: MOS Annual Charity Football Gala | Sport: Swimming | Venue...
2026-03-26 15:49:01 [INFO]   Record 04: Event ID: EVT3157 | Event Name: GCC Club Championship Quarter Final | Sport: Football | Ve...
2026-03-26 15:49:01 [INFO] ------------------------------------------------------------------
2026-03-26 15:49:01 [INFO] File written successfully.
2026-03-26 15:49:01 [INFO]   Full path : /home/cloudera/mos_qatar_demo_poc/landing/mos_sports_events_20260326_154901.txt
2026-03-26 15:49:01 [INFO]   Size      : 1055 bytes
2026-03-26 15:49:01 [INFO]   Records   : 4
2026-03-26 15:49:01 [INFO] ==================================================================
2026-03-26 15:49:01 [INFO]   Generator Completed Successfully
2026-03-26 15:49:01 [INFO] ==================================================================
