2026-03-26 19:55:01 [INFO] ==================================================================
2026-03-26 19:55:01 [INFO]   MOS Qatar Demo - Sports Data Generator
2026-03-26 19:55:01 [INFO] ==================================================================
2026-03-26 19:55:01 [INFO] Config file   : /home/cloudera/mos_qatar_demo_poc/config/mos_qatar_demo.ini
2026-03-26 19:55:01 [INFO] Landing dir   : /home/cloudera/mos_qatar_demo_poc/landing
2026-03-26 19:55:01 [INFO] Output file   : mos_sports_events_20260326_195501.txt
2026-03-26 19:55:01 [INFO] Records count : 4
2026-03-26 19:55:01 [INFO] ------------------------------------------------------------------
2026-03-26 19:55:01 [INFO]   Record 01: Event ID: EVT3252 | Event Name: Ramadan Football Festival | Sport: Football | Venue: Al Wa...
2026-03-26 19:55:01 [INFO]   Record 02: Event ID: EVT3966 | Event Name: GCC Club Championship Final | Sport: Football | Venue: Lus...
2026-03-26 19:55:01 [INFO]   Record 03: Event ID: EVT9114 | Event Name: Qatar Olympic Training Camp Evaluation | Sport: Volleyball...
2026-03-26 19:55:01 [INFO]   Record 04: Event ID: EVT2934 | Event Name: Ministry Invitational Friendly Tournament | Sport: Swimmin...
2026-03-26 19:55:01 [INFO] ------------------------------------------------------------------
2026-03-26 19:55:01 [INFO] File written successfully.
2026-03-26 19:55:01 [INFO]   Full path : /home/cloudera/mos_qatar_demo_poc/landing/mos_sports_events_20260326_195501.txt
2026-03-26 19:55:01 [INFO]   Size      : 1035 bytes
2026-03-26 19:55:01 [INFO]   Records   : 4
2026-03-26 19:55:01 [INFO] ==================================================================
2026-03-26 19:55:01 [INFO]   Generator Completed Successfully
2026-03-26 19:55:01 [INFO] ==================================================================
