2026-03-27 23:13:01 [INFO] ==================================================================
2026-03-27 23:13:01 [INFO]   MOS Qatar Demo - Sports Data Generator
2026-03-27 23:13:01 [INFO] ==================================================================
2026-03-27 23:13:01 [INFO] Config file   : /home/cloudera/mos_qatar_demo_poc/config/mos_qatar_demo.ini
2026-03-27 23:13:01 [INFO] Landing dir   : /home/cloudera/mos_qatar_demo_poc/landing
2026-03-27 23:13:01 [INFO] Output file   : mos_sports_events_20260327_231301.txt
2026-03-27 23:13:01 [INFO] Records count : 7
2026-03-27 23:13:01 [INFO] ------------------------------------------------------------------
2026-03-27 23:13:01 [INFO]   Record 01: Event ID: EVT4976 | Event Name: GCC Club Championship Quarter Final | Sport: Volleyball | ...
2026-03-27 23:13:01 [INFO]   Record 02: Event ID: EVT9400 | Event Name: Qatar Premier League Match Day 8 | Sport: Volleyball | Ven...
2026-03-27 23:13:01 [INFO]   Record 03: Event ID: EVT8253 | Event Name: Asian Qualifiers Warm-up Match | Sport: Handball | Venue: ...
2026-03-27 23:13:01 [INFO]   Record 04: Event ID: EVT7013 | Event Name: Gulf Cup Qualifier Round 1 | Sport: Football | Venue: Qata...
2026-03-27 23:13:01 [INFO]   Record 05: Event ID: EVT3488 | Event Name: Qatar Premier League Match Day 12 | Sport: Football | Venu...
2026-03-27 23:13:01 [INFO]   Record 06: Event ID: EVT7436 | Event Name: Gulf Youth Cup Quarter Final | Sport: Basketball | Venue: ...
2026-03-27 23:13:01 [INFO]   Record 07: Event ID: EVT5800 | Event Name: Gulf Cup Qualifier Round 1 | Sport: Football | Venue: Aspi...
2026-03-27 23:13:01 [INFO] ------------------------------------------------------------------
2026-03-27 23:13:01 [INFO] File written successfully.
2026-03-27 23:13:01 [INFO]   Full path : /home/cloudera/mos_qatar_demo_poc/landing/mos_sports_events_20260327_231301.txt
2026-03-27 23:13:01 [INFO]   Size      : 1845 bytes
2026-03-27 23:13:01 [INFO]   Records   : 7
2026-03-27 23:13:01 [INFO] ==================================================================
2026-03-27 23:13:01 [INFO]   Generator Completed Successfully
2026-03-27 23:13:01 [INFO] ==================================================================
