2026-03-26 08:43:01 [INFO] ==================================================================
2026-03-26 08:43:01 [INFO]   MOS Qatar Demo - Sports Data Generator
2026-03-26 08:43:01 [INFO] ==================================================================
2026-03-26 08:43:01 [INFO] Config file   : /home/cloudera/mos_qatar_demo_poc/config/mos_qatar_demo.ini
2026-03-26 08:43:01 [INFO] Landing dir   : /home/cloudera/mos_qatar_demo_poc/landing
2026-03-26 08:43:01 [INFO] Output file   : mos_sports_events_20260326_084301.txt
2026-03-26 08:43:01 [INFO] Records count : 9
2026-03-26 08:43:01 [INFO] ------------------------------------------------------------------
2026-03-26 08:43:01 [INFO]   Record 01: Event ID: EVT1686 | Event Name: National Team Preparation Match | Sport: Football | Venue:...
2026-03-26 08:43:01 [INFO]   Record 02: Event ID: EVT7249 | Event Name: Qatar Cup Final | Sport: Volleyball | Venue: Al Janoub Sta...
2026-03-26 08:43:01 [INFO]   Record 03: Event ID: EVT2969 | Event Name: Gulf Youth Cup Quarter Final | Sport: Handball | Venue: Qa...
2026-03-26 08:43:01 [INFO]   Record 04: Event ID: EVT1506 | Event Name: GCC Club Championship Final | Sport: Football | Venue: Asp...
2026-03-26 08:43:01 [INFO]   Record 05: Event ID: EVT5039 | Event Name: Gulf Youth Cup Round 2 | Sport: Swimming | Venue: Al Janou...
2026-03-26 08:43:01 [INFO]   Record 06: Event ID: EVT7927 | Event Name: Asian Qualifiers Warm-up Match | Sport: Football | Venue: ...
2026-03-26 08:43:01 [INFO]   Record 07: Event ID: EVT2631 | Event Name: MOS Annual Charity Football Gala | Sport: Volleyball | Ven...
2026-03-26 08:43:01 [INFO]   Record 08: Event ID: EVT3953 | Event Name: Qatar Cup Final | Sport: Football | Venue: Al Bayt Stadium...
2026-03-26 08:43:01 [INFO]   Record 09: Event ID: EVT7985 | Event Name: Gulf Youth Cup Quarter Final | Sport: Basketball | Venue: ...
2026-03-26 08:43:01 [INFO] ------------------------------------------------------------------
2026-03-26 08:43:01 [INFO] File written successfully.
2026-03-26 08:43:01 [INFO]   Full path : /home/cloudera/mos_qatar_demo_poc/landing/mos_sports_events_20260326_084301.txt
2026-03-26 08:43:01 [INFO]   Size      : 2309 bytes
2026-03-26 08:43:01 [INFO]   Records   : 9
2026-03-26 08:43:01 [INFO] ==================================================================
2026-03-26 08:43:01 [INFO]   Generator Completed Successfully
2026-03-26 08:43:01 [INFO] ==================================================================
