2026-03-26 15:33:01 [INFO] ==================================================================
2026-03-26 15:33:01 [INFO]   MOS Qatar Demo - Sports Data Generator
2026-03-26 15:33:01 [INFO] ==================================================================
2026-03-26 15:33:01 [INFO] Config file   : /home/cloudera/mos_qatar_demo_poc/config/mos_qatar_demo.ini
2026-03-26 15:33:01 [INFO] Landing dir   : /home/cloudera/mos_qatar_demo_poc/landing
2026-03-26 15:33:01 [INFO] Output file   : mos_sports_events_20260326_153301.txt
2026-03-26 15:33:01 [INFO] Records count : 8
2026-03-26 15:33:01 [INFO] ------------------------------------------------------------------
2026-03-26 15:33:01 [INFO]   Record 01: Event ID: EVT6708 | Event Name: Qatar Premier League Match Day 8 | Sport: Basketball | Ven...
2026-03-26 15:33:01 [INFO]   Record 02: Event ID: EVT5024 | Event Name: Qatar Cup Semi Final | Sport: Basketball | Venue: Aspire Z...
2026-03-26 15:33:01 [INFO]   Record 03: Event ID: EVT8916 | Event Name: Qatar Premier League Match Day 12 | Sport: Football | Venu...
2026-03-26 15:33:01 [INFO]   Record 04: Event ID: EVT8979 | Event Name: FIFA World Cup Qatar Legacy Match | Sport: Football | Venu...
2026-03-26 15:33:01 [INFO]   Record 05: Event ID: EVT1688 | Event Name: Ministry Youth Sports Day | Sport: Handball | Venue: Khali...
2026-03-26 15:33:01 [INFO]   Record 06: Event ID: EVT8344 | Event Name: Gulf Youth Cup Round 2 | Sport: Swimming | Venue: Khalifa ...
2026-03-26 15:33:01 [INFO]   Record 07: Event ID: EVT6641 | Event Name: Gulf Cup Qualifier Round 1 | Sport: Athletics | Venue: Ahm...
2026-03-26 15:33:01 [INFO]   Record 08: Event ID: EVT7424 | Event Name: Qatar Under-20 Development League | Sport: Football | Venu...
2026-03-26 15:33:01 [INFO] ------------------------------------------------------------------
2026-03-26 15:33:01 [INFO] File written successfully.
2026-03-26 15:33:01 [INFO]   Full path : /home/cloudera/mos_qatar_demo_poc/landing/mos_sports_events_20260326_153301.txt
2026-03-26 15:33:01 [INFO]   Size      : 2049 bytes
2026-03-26 15:33:01 [INFO]   Records   : 8
2026-03-26 15:33:01 [INFO] ==================================================================
2026-03-26 15:33:01 [INFO]   Generator Completed Successfully
2026-03-26 15:33:01 [INFO] ==================================================================
