2026-03-25 06:04:01 [INFO] ==================================================================
2026-03-25 06:04:01 [INFO]   MOS Qatar Demo - Sports Data Generator
2026-03-25 06:04:01 [INFO] ==================================================================
2026-03-25 06:04:01 [INFO] Config file   : /home/cloudera/mos_qatar_demo_poc/config/mos_qatar_demo.ini
2026-03-25 06:04:01 [INFO] Landing dir   : /home/cloudera/mos_qatar_demo_poc/landing
2026-03-25 06:04:01 [INFO] Output file   : mos_sports_events_20260325_060401.txt
2026-03-25 06:04:01 [INFO] Records count : 9
2026-03-25 06:04:01 [INFO] ------------------------------------------------------------------
2026-03-25 06:04:01 [INFO]   Record 01: Event ID: EVT9305 | Event Name: National Team Preparation Match | Sport: Athletics | Venue...
2026-03-25 06:04:01 [INFO]   Record 02: Event ID: EVT1155 | Event Name: Qatar Cup Final | Sport: Football | Venue: Al Bayt Stadium...
2026-03-25 06:04:01 [INFO]   Record 03: Event ID: EVT9546 | Event Name: National Day Football Celebration | Sport: Football | Venu...
2026-03-25 06:04:01 [INFO]   Record 04: Event ID: EVT8944 | Event Name: National Team Preparation Match | Sport: Handball | Venue:...
2026-03-25 06:04:01 [INFO]   Record 05: Event ID: EVT3171 | Event Name: Gulf Youth Cup Semi Final | Sport: Swimming | Venue: Al Wa...
2026-03-25 06:04:01 [INFO]   Record 06: Event ID: EVT6605 | Event Name: Gulf Youth Cup Quarter Final | Sport: Swimming | Venue: Ah...
2026-03-25 06:04:01 [INFO]   Record 07: Event ID: EVT6599 | Event Name: Ministry Invitational Friendly Tournament | Sport: Basketb...
2026-03-25 06:04:01 [INFO]   Record 08: Event ID: EVT1319 | Event Name: Asian Qualifiers Warm-up Match | Sport: Volleyball | Venue...
2026-03-25 06:04:01 [INFO]   Record 09: Event ID: EVT6936 | Event Name: GCC Club Championship Quarter Final | Sport: Football | Ve...
2026-03-25 06:04:01 [INFO] ------------------------------------------------------------------
2026-03-25 06:04:01 [INFO] File written successfully.
2026-03-25 06:04:01 [INFO]   Full path : /home/cloudera/mos_qatar_demo_poc/landing/mos_sports_events_20260325_060401.txt
2026-03-25 06:04:01 [INFO]   Size      : 2369 bytes
2026-03-25 06:04:01 [INFO]   Records   : 9
2026-03-25 06:04:01 [INFO] ==================================================================
2026-03-25 06:04:01 [INFO]   Generator Completed Successfully
2026-03-25 06:04:01 [INFO] ==================================================================
