2026-03-24 22:47:02 [INFO] ==================================================================
2026-03-24 22:47:02 [INFO]   MOS Qatar Demo - Sports Data Generator
2026-03-24 22:47:02 [INFO] ==================================================================
2026-03-24 22:47:02 [INFO] Config file   : /home/cloudera/mos_qatar_demo_poc/config/mos_qatar_demo.ini
2026-03-24 22:47:02 [INFO] Landing dir   : /home/cloudera/mos_qatar_demo_poc/landing
2026-03-24 22:47:02 [INFO] Output file   : mos_sports_events_20260324_224702.txt
2026-03-24 22:47:02 [INFO] Records count : 9
2026-03-24 22:47:02 [INFO] ------------------------------------------------------------------
2026-03-24 22:47:02 [INFO]   Record 01: Event ID: EVT8181 | Event Name: Arab Nations Championship Group Stage | Sport: Volleyball ...
2026-03-24 22:47:02 [INFO]   Record 02: Event ID: EVT3839 | Event Name: Gulf Youth Cup Semi Final | Sport: Athletics | Venue: Aspi...
2026-03-24 22:47:02 [INFO]   Record 03: Event ID: EVT3115 | Event Name: Arab Nations Championship Group Stage | Sport: Football | ...
2026-03-24 22:47:02 [INFO]   Record 04: Event ID: EVT6823 | Event Name: Asian Qualifiers Warm-up Match | Sport: Football | Venue: ...
2026-03-24 22:47:02 [INFO]   Record 05: Event ID: EVT1601 | Event Name: Gulf Youth Cup Semi Final | Sport: Football | Venue: Al Ba...
2026-03-24 22:47:02 [INFO]   Record 06: Event ID: EVT3766 | Event Name: Arab Nations Championship Semi Final | Sport: Football | V...
2026-03-24 22:47:02 [INFO]   Record 07: Event ID: EVT7364 | Event Name: Gulf Youth Cup Final | Sport: Athletics | Venue: Al Wakrah...
2026-03-24 22:47:02 [INFO]   Record 08: Event ID: EVT4261 | Event Name: National Day Football Celebration | Sport: Swimming | Venu...
2026-03-24 22:47:02 [INFO]   Record 09: Event ID: EVT8227 | Event Name: Gulf Cup Qualifier Round 1 | Sport: Football | Venue: Al W...
2026-03-24 22:47:02 [INFO] ------------------------------------------------------------------
2026-03-24 22:47:02 [INFO] File written successfully.
2026-03-24 22:47:02 [INFO]   Full path : /home/cloudera/mos_qatar_demo_poc/landing/mos_sports_events_20260324_224702.txt
2026-03-24 22:47:02 [INFO]   Size      : 2338 bytes
2026-03-24 22:47:02 [INFO]   Records   : 9
2026-03-24 22:47:02 [INFO] ==================================================================
2026-03-24 22:47:02 [INFO]   Generator Completed Successfully
2026-03-24 22:47:02 [INFO] ==================================================================
