2026-03-26 03:19:01 [INFO] ==================================================================
2026-03-26 03:19:01 [INFO]   MOS Qatar Demo - Sports Data Generator
2026-03-26 03:19:01 [INFO] ==================================================================
2026-03-26 03:19:01 [INFO] Config file   : /home/cloudera/mos_qatar_demo_poc/config/mos_qatar_demo.ini
2026-03-26 03:19:01 [INFO] Landing dir   : /home/cloudera/mos_qatar_demo_poc/landing
2026-03-26 03:19:01 [INFO] Output file   : mos_sports_events_20260326_031901.txt
2026-03-26 03:19:01 [INFO] Records count : 6
2026-03-26 03:19:01 [INFO] ------------------------------------------------------------------
2026-03-26 03:19:01 [INFO]   Record 01: Event ID: EVT7837 | Event Name: Qatar Olympic Training Camp Evaluation | Sport: Athletics ...
2026-03-26 03:19:01 [INFO]   Record 02: Event ID: EVT9540 | Event Name: Ministry Youth Sports Day | Sport: Football | Venue: Al Wa...
2026-03-26 03:19:01 [INFO]   Record 03: Event ID: EVT8029 | Event Name: National Day Football Celebration | Sport: Basketball | Ve...
2026-03-26 03:19:01 [INFO]   Record 04: Event ID: EVT8765 | Event Name: Qatar Schools Football League | Sport: Football | Venue: A...
2026-03-26 03:19:01 [INFO]   Record 05: Event ID: EVT5480 | Event Name: National Team Preparation Match | Sport: Football | Venue:...
2026-03-26 03:19:01 [INFO]   Record 06: Event ID: EVT1957 | Event Name: Doha Sports Festival Opening Match | Sport: Athletics | Ve...
2026-03-26 03:19:01 [INFO] ------------------------------------------------------------------
2026-03-26 03:19:01 [INFO] File written successfully.
2026-03-26 03:19:01 [INFO]   Full path : /home/cloudera/mos_qatar_demo_poc/landing/mos_sports_events_20260326_031901.txt
2026-03-26 03:19:01 [INFO]   Size      : 1579 bytes
2026-03-26 03:19:01 [INFO]   Records   : 6
2026-03-26 03:19:01 [INFO] ==================================================================
2026-03-26 03:19:01 [INFO]   Generator Completed Successfully
2026-03-26 03:19:01 [INFO] ==================================================================
