2026-03-24 16:45:02 [INFO] ==================================================================
2026-03-24 16:45:02 [INFO]   MOS Qatar Demo - Sports Data Generator
2026-03-24 16:45:02 [INFO] ==================================================================
2026-03-24 16:45:02 [INFO] Config file   : /home/cloudera/mos_qatar_demo_poc/config/mos_qatar_demo.ini
2026-03-24 16:45:02 [INFO] Landing dir   : /home/cloudera/mos_qatar_demo_poc/landing
2026-03-24 16:45:02 [INFO] Output file   : mos_sports_events_20260324_164502.txt
2026-03-24 16:45:02 [INFO] Records count : 8
2026-03-24 16:45:02 [INFO] ------------------------------------------------------------------
2026-03-24 16:45:02 [INFO]   Record 01: Event ID: EVT6105 | Event Name: Ramadan Football Festival | Sport: Football | Venue: Ahmad...
2026-03-24 16:45:02 [INFO]   Record 02: Event ID: EVT3500 | Event Name: Gulf Youth Cup Round 1 | Sport: Swimming | Venue: Al Janou...
2026-03-24 16:45:02 [INFO]   Record 03: Event ID: EVT2237 | Event Name: Gulf Cup Qualifier Round 1 | Sport: Volleyball | Venue: Al...
2026-03-24 16:45:02 [INFO]   Record 04: Event ID: EVT4520 | Event Name: GCC Club Championship Semi Final | Sport: Volleyball | Ven...
2026-03-24 16:45:02 [INFO]   Record 05: Event ID: EVT3986 | Event Name: GCC Club Championship Semi Final | Sport: Basketball | Ven...
2026-03-24 16:45:02 [INFO]   Record 06: Event ID: EVT5124 | Event Name: MOS Annual Charity Football Gala | Sport: Basketball | Ven...
2026-03-24 16:45:02 [INFO]   Record 07: Event ID: EVT1353 | Event Name: Qatar Under-20 Development League | Sport: Swimming | Venu...
2026-03-24 16:45:02 [INFO]   Record 08: Event ID: EVT3519 | Event Name: GCC Club Championship Semi Final | Sport: Basketball | Ven...
2026-03-24 16:45:02 [INFO] ------------------------------------------------------------------
2026-03-24 16:45:02 [INFO] File written successfully.
2026-03-24 16:45:02 [INFO]   Full path : /home/cloudera/mos_qatar_demo_poc/landing/mos_sports_events_20260324_164502.txt
2026-03-24 16:45:02 [INFO]   Size      : 2073 bytes
2026-03-24 16:45:02 [INFO]   Records   : 8
2026-03-24 16:45:02 [INFO] ==================================================================
2026-03-24 16:45:02 [INFO]   Generator Completed Successfully
2026-03-24 16:45:02 [INFO] ==================================================================
