2026-03-26 01:15:02 [INFO] ==================================================================
2026-03-26 01:15:02 [INFO]   MOS Qatar Demo - Sports Data Generator
2026-03-26 01:15:02 [INFO] ==================================================================
2026-03-26 01:15:02 [INFO] Config file   : /home/cloudera/mos_qatar_demo_poc/config/mos_qatar_demo.ini
2026-03-26 01:15:02 [INFO] Landing dir   : /home/cloudera/mos_qatar_demo_poc/landing
2026-03-26 01:15:02 [INFO] Output file   : mos_sports_events_20260326_011502.txt
2026-03-26 01:15:02 [INFO] Records count : 4
2026-03-26 01:15:02 [INFO] ------------------------------------------------------------------
2026-03-26 01:15:02 [INFO]   Record 01: Event ID: EVT3469 | Event Name: National Day Football Celebration | Sport: Football | Venu...
2026-03-26 01:15:02 [INFO]   Record 02: Event ID: EVT1376 | Event Name: Gulf Youth Cup Final | Sport: Football | Venue: Al Janoub ...
2026-03-26 01:15:02 [INFO]   Record 03: Event ID: EVT9827 | Event Name: National Team Preparation Match | Sport: Handball | Venue:...
2026-03-26 01:15:02 [INFO]   Record 04: Event ID: EVT8160 | Event Name: Ministry Youth Sports Day | Sport: Football | Venue: Al Wa...
2026-03-26 01:15:02 [INFO] ------------------------------------------------------------------
2026-03-26 01:15:02 [INFO] File written successfully.
2026-03-26 01:15:02 [INFO]   Full path : /home/cloudera/mos_qatar_demo_poc/landing/mos_sports_events_20260326_011502.txt
2026-03-26 01:15:02 [INFO]   Size      : 1028 bytes
2026-03-26 01:15:02 [INFO]   Records   : 4
2026-03-26 01:15:02 [INFO] ==================================================================
2026-03-26 01:15:02 [INFO]   Generator Completed Successfully
2026-03-26 01:15:02 [INFO] ==================================================================
