2026-03-25 10:32:01 [INFO] ==================================================================
2026-03-25 10:32:01 [INFO]   MOS Qatar Demo - Sports Data Generator
2026-03-25 10:32:01 [INFO] ==================================================================
2026-03-25 10:32:01 [INFO] Config file   : /home/cloudera/mos_qatar_demo_poc/config/mos_qatar_demo.ini
2026-03-25 10:32:01 [INFO] Landing dir   : /home/cloudera/mos_qatar_demo_poc/landing
2026-03-25 10:32:01 [INFO] Output file   : mos_sports_events_20260325_103201.txt
2026-03-25 10:32:01 [INFO] Records count : 7
2026-03-25 10:32:01 [INFO] ------------------------------------------------------------------
2026-03-25 10:32:01 [INFO]   Record 01: Event ID: EVT1078 | Event Name: Gulf Youth Cup Final | Sport: Swimming | Venue: Aspire Zon...
2026-03-25 10:32:01 [INFO]   Record 02: Event ID: EVT7506 | Event Name: Doha Sports Festival Opening Match | Sport: Football | Ven...
2026-03-25 10:32:01 [INFO]   Record 03: Event ID: EVT3637 | Event Name: Arab Nations Championship Group Stage | Sport: Basketball ...
2026-03-25 10:32:01 [INFO]   Record 04: Event ID: EVT3353 | Event Name: Arab Nations Championship Semi Final | Sport: Handball | V...
2026-03-25 10:32:01 [INFO]   Record 05: Event ID: EVT1599 | Event Name: Ramadan Football Festival | Sport: Athletics | Venue: Al T...
2026-03-25 10:32:01 [INFO]   Record 06: Event ID: EVT4685 | Event Name: MOS Annual Charity Football Gala | Sport: Football | Venue...
2026-03-25 10:32:01 [INFO]   Record 07: Event ID: EVT1668 | Event Name: Gulf Youth Cup Final | Sport: Basketball | Venue: Ahmad Bi...
2026-03-25 10:32:01 [INFO] ------------------------------------------------------------------
2026-03-25 10:32:01 [INFO] File written successfully.
2026-03-25 10:32:01 [INFO]   Full path : /home/cloudera/mos_qatar_demo_poc/landing/mos_sports_events_20260325_103201.txt
2026-03-25 10:32:01 [INFO]   Size      : 1784 bytes
2026-03-25 10:32:01 [INFO]   Records   : 7
2026-03-25 10:32:01 [INFO] ==================================================================
2026-03-25 10:32:01 [INFO]   Generator Completed Successfully
2026-03-25 10:32:01 [INFO] ==================================================================
