2026-03-27 12:00:01 [INFO] ==================================================================
2026-03-27 12:00:01 [INFO]   MOS Qatar Demo - Sports Data Generator
2026-03-27 12:00:01 [INFO] ==================================================================
2026-03-27 12:00:01 [INFO] Config file   : /home/cloudera/mos_qatar_demo_poc/config/mos_qatar_demo.ini
2026-03-27 12:00:01 [INFO] Landing dir   : /home/cloudera/mos_qatar_demo_poc/landing
2026-03-27 12:00:01 [INFO] Output file   : mos_sports_events_20260327_120001.txt
2026-03-27 12:00:01 [INFO] Records count : 7
2026-03-27 12:00:01 [INFO] ------------------------------------------------------------------
2026-03-27 12:00:01 [INFO]   Record 01: Event ID: EVT6041 | Event Name: Gulf Youth Cup Round 2 | Sport: Swimming | Venue: Qatar Sp...
2026-03-27 12:00:01 [INFO]   Record 02: Event ID: EVT1958 | Event Name: Qatar Under-20 Development League | Sport: Handball | Venu...
2026-03-27 12:00:01 [INFO]   Record 03: Event ID: EVT2679 | Event Name: Qatar Premier League Match Day 5 | Sport: Football | Venue...
2026-03-27 12:00:01 [INFO]   Record 04: Event ID: EVT3525 | Event Name: Qatar Cup Final | Sport: Handball | Venue: Al Bayt Stadium...
2026-03-27 12:00:01 [INFO]   Record 05: Event ID: EVT5559 | Event Name: Qatar Cup Final | Sport: Football | Venue: Lusail Stadium ...
2026-03-27 12:00:01 [INFO]   Record 06: Event ID: EVT2670 | Event Name: Gulf Youth Cup Final | Sport: Volleyball | Venue: Lusail S...
2026-03-27 12:00:01 [INFO]   Record 07: Event ID: EVT2633 | Event Name: Qatar Premier League Match Day 8 | Sport: Swimming | Venue...
2026-03-27 12:00:01 [INFO] ------------------------------------------------------------------
2026-03-27 12:00:01 [INFO] File written successfully.
2026-03-27 12:00:01 [INFO]   Full path : /home/cloudera/mos_qatar_demo_poc/landing/mos_sports_events_20260327_120001.txt
2026-03-27 12:00:01 [INFO]   Size      : 1748 bytes
2026-03-27 12:00:01 [INFO]   Records   : 7
2026-03-27 12:00:01 [INFO] ==================================================================
2026-03-27 12:00:01 [INFO]   Generator Completed Successfully
2026-03-27 12:00:01 [INFO] ==================================================================
