2026-03-27 07:41:02 [INFO] ==================================================================
2026-03-27 07:41:02 [INFO]   MOS Qatar Demo - Sports Data Generator
2026-03-27 07:41:02 [INFO] ==================================================================
2026-03-27 07:41:02 [INFO] Config file   : /home/cloudera/mos_qatar_demo_poc/config/mos_qatar_demo.ini
2026-03-27 07:41:02 [INFO] Landing dir   : /home/cloudera/mos_qatar_demo_poc/landing
2026-03-27 07:41:02 [INFO] Output file   : mos_sports_events_20260327_074102.txt
2026-03-27 07:41:02 [INFO] Records count : 9
2026-03-27 07:41:02 [INFO] ------------------------------------------------------------------
2026-03-27 07:41:02 [INFO]   Record 01: Event ID: EVT6558 | Event Name: Qatar Olympic Training Camp Evaluation | Sport: Volleyball...
2026-03-27 07:41:02 [INFO]   Record 02: Event ID: EVT9278 | Event Name: Arab Nations Championship Semi Final | Sport: Swimming | V...
2026-03-27 07:41:02 [INFO]   Record 03: Event ID: EVT6461 | Event Name: GCC Club Championship Semi Final | Sport: Football | Venue...
2026-03-27 07:41:02 [INFO]   Record 04: Event ID: EVT5703 | Event Name: GCC Club Championship Semi Final | Sport: Football | Venue...
2026-03-27 07:41:02 [INFO]   Record 05: Event ID: EVT6201 | Event Name: Qatar Cup Final | Sport: Basketball | Venue: Aspire Zone A...
2026-03-27 07:41:02 [INFO]   Record 06: Event ID: EVT3925 | Event Name: GCC Club Championship Final | Sport: Football | Venue: Ahm...
2026-03-27 07:41:02 [INFO]   Record 07: Event ID: EVT1440 | Event Name: Ministry Invitational Friendly Tournament | Sport: Handbal...
2026-03-27 07:41:02 [INFO]   Record 08: Event ID: EVT8520 | Event Name: Doha Sports Festival Opening Match | Sport: Swimming | Ven...
2026-03-27 07:41:02 [INFO]   Record 09: Event ID: EVT9588 | Event Name: Qatar Premier League Match Day 8 | Sport: Football | Venue...
2026-03-27 07:41:02 [INFO] ------------------------------------------------------------------
2026-03-27 07:41:02 [INFO] File written successfully.
2026-03-27 07:41:02 [INFO]   Full path : /home/cloudera/mos_qatar_demo_poc/landing/mos_sports_events_20260327_074102.txt
2026-03-27 07:41:02 [INFO]   Size      : 2329 bytes
2026-03-27 07:41:02 [INFO]   Records   : 9
2026-03-27 07:41:02 [INFO] ==================================================================
2026-03-27 07:41:02 [INFO]   Generator Completed Successfully
2026-03-27 07:41:02 [INFO] ==================================================================
