2026-03-27 06:56:01 [INFO] ==================================================================
2026-03-27 06:56:01 [INFO]   MOS Qatar Demo - Sports Data Generator
2026-03-27 06:56:01 [INFO] ==================================================================
2026-03-27 06:56:01 [INFO] Config file   : /home/cloudera/mos_qatar_demo_poc/config/mos_qatar_demo.ini
2026-03-27 06:56:01 [INFO] Landing dir   : /home/cloudera/mos_qatar_demo_poc/landing
2026-03-27 06:56:01 [INFO] Output file   : mos_sports_events_20260327_065601.txt
2026-03-27 06:56:01 [INFO] Records count : 10
2026-03-27 06:56:01 [INFO] ------------------------------------------------------------------
2026-03-27 06:56:01 [INFO]   Record 01: Event ID: EVT6591 | Event Name: Gulf Youth Cup Round 2 | Sport: Football | Venue: Lusail S...
2026-03-27 06:56:01 [INFO]   Record 02: Event ID: EVT8699 | Event Name: Qatar Olympic Training Camp Evaluation | Sport: Football |...
2026-03-27 06:56:01 [INFO]   Record 03: Event ID: EVT5767 | Event Name: Qatar Schools Football League | Sport: Basketball | Venue:...
2026-03-27 06:56:01 [INFO]   Record 04: Event ID: EVT1519 | Event Name: Qatar Cup Final | Sport: Basketball | Venue: Lusail Stadiu...
2026-03-27 06:56:01 [INFO]   Record 05: Event ID: EVT1554 | Event Name: Qatar Premier League Match Day 5 | Sport: Volleyball | Ven...
2026-03-27 06:56:01 [INFO]   Record 06: Event ID: EVT1470 | Event Name: FIFA World Cup Qatar Legacy Match | Sport: Football | Venu...
2026-03-27 06:56:01 [INFO]   Record 07: Event ID: EVT4771 | Event Name: FIFA World Cup Qatar Legacy Match | Sport: Football | Venu...
2026-03-27 06:56:01 [INFO]   Record 08: Event ID: EVT7832 | Event Name: Gulf Youth Cup Quarter Final | Sport: Swimming | Venue: Ed...
2026-03-27 06:56:01 [INFO]   Record 09: Event ID: EVT2905 | Event Name: GCC Club Championship Semi Final | Sport: Football | Venue...
2026-03-27 06:56:01 [INFO]   Record 10: Event ID: EVT1968 | Event Name: GCC Club Championship Semi Final | Sport: Volleyball | Ven...
2026-03-27 06:56:01 [INFO] ------------------------------------------------------------------
2026-03-27 06:56:01 [INFO] File written successfully.
2026-03-27 06:56:01 [INFO]   Full path : /home/cloudera/mos_qatar_demo_poc/landing/mos_sports_events_20260327_065601.txt
2026-03-27 06:56:01 [INFO]   Size      : 2588 bytes
2026-03-27 06:56:01 [INFO]   Records   : 10
2026-03-27 06:56:01 [INFO] ==================================================================
2026-03-27 06:56:01 [INFO]   Generator Completed Successfully
2026-03-27 06:56:01 [INFO] ==================================================================
