2026-03-27 07:35:02 [INFO] ==================================================================
2026-03-27 07:35:02 [INFO]   MOS Qatar Demo - Sports Data Generator
2026-03-27 07:35:02 [INFO] ==================================================================
2026-03-27 07:35:02 [INFO] Config file   : /home/cloudera/mos_qatar_demo_poc/config/mos_qatar_demo.ini
2026-03-27 07:35:02 [INFO] Landing dir   : /home/cloudera/mos_qatar_demo_poc/landing
2026-03-27 07:35:02 [INFO] Output file   : mos_sports_events_20260327_073502.txt
2026-03-27 07:35:02 [INFO] Records count : 6
2026-03-27 07:35:02 [INFO] ------------------------------------------------------------------
2026-03-27 07:35:02 [INFO]   Record 01: Event ID: EVT5379 | Event Name: Gulf Cup Qualifier Round 1 | Sport: Football | Venue: Al B...
2026-03-27 07:35:02 [INFO]   Record 02: Event ID: EVT4688 | Event Name: Qatar Premier League Match Day 12 | Sport: Football | Venu...
2026-03-27 07:35:02 [INFO]   Record 03: Event ID: EVT3752 | Event Name: Qatar Cup Final | Sport: Football | Venue: Education City ...
2026-03-27 07:35:02 [INFO]   Record 04: Event ID: EVT6017 | Event Name: National Team Preparation Match | Sport: Handball | Venue:...
2026-03-27 07:35:02 [INFO]   Record 05: Event ID: EVT4445 | Event Name: Gulf Youth Cup Quarter Final | Sport: Football | Venue: Kh...
2026-03-27 07:35:02 [INFO]   Record 06: Event ID: EVT6449 | Event Name: Qatar Cup Final | Sport: Football | Venue: Lusail Stadium ...
2026-03-27 07:35:02 [INFO] ------------------------------------------------------------------
2026-03-27 07:35:02 [INFO] File written successfully.
2026-03-27 07:35:02 [INFO]   Full path : /home/cloudera/mos_qatar_demo_poc/landing/mos_sports_events_20260327_073502.txt
2026-03-27 07:35:02 [INFO]   Size      : 1524 bytes
2026-03-27 07:35:02 [INFO]   Records   : 6
2026-03-27 07:35:02 [INFO] ==================================================================
2026-03-27 07:35:02 [INFO]   Generator Completed Successfully
2026-03-27 07:35:02 [INFO] ==================================================================
