2026-03-26 09:03:02 [INFO] ==================================================================
2026-03-26 09:03:02 [INFO]   MOS Qatar Demo - Sports Data Generator
2026-03-26 09:03:02 [INFO] ==================================================================
2026-03-26 09:03:02 [INFO] Config file   : /home/cloudera/mos_qatar_demo_poc/config/mos_qatar_demo.ini
2026-03-26 09:03:02 [INFO] Landing dir   : /home/cloudera/mos_qatar_demo_poc/landing
2026-03-26 09:03:02 [INFO] Output file   : mos_sports_events_20260326_090302.txt
2026-03-26 09:03:02 [INFO] Records count : 10
2026-03-26 09:03:02 [INFO] ------------------------------------------------------------------
2026-03-26 09:03:02 [INFO]   Record 01: Event ID: EVT5399 | Event Name: National Day Football Celebration | Sport: Football | Venu...
2026-03-26 09:03:02 [INFO]   Record 02: Event ID: EVT1368 | Event Name: Gulf Youth Cup Quarter Final | Sport: Swimming | Venue: Al...
2026-03-26 09:03:02 [INFO]   Record 03: Event ID: EVT2164 | Event Name: GCC Club Championship Quarter Final | Sport: Handball | Ve...
2026-03-26 09:03:02 [INFO]   Record 04: Event ID: EVT6737 | Event Name: Ministry Youth Sports Day | Sport: Basketball | Venue: Al ...
2026-03-26 09:03:02 [INFO]   Record 05: Event ID: EVT9764 | Event Name: Qatar Cup Semi Final | Sport: Swimming | Venue: Aspire Zon...
2026-03-26 09:03:02 [INFO]   Record 06: Event ID: EVT5868 | Event Name: Gulf Cup Qualifier Round 1 | Sport: Volleyball | Venue: Al...
2026-03-26 09:03:02 [INFO]   Record 07: Event ID: EVT7288 | Event Name: Gulf Youth Cup Final | Sport: Football | Venue: Education ...
2026-03-26 09:03:02 [INFO]   Record 08: Event ID: EVT2466 | Event Name: Ramadan Football Festival | Sport: Football | Venue: Al Wa...
2026-03-26 09:03:02 [INFO]   Record 09: Event ID: EVT9737 | Event Name: Arab Nations Championship Group Stage | Sport: Basketball ...
2026-03-26 09:03:02 [INFO]   Record 10: Event ID: EVT5746 | Event Name: FIFA World Cup Qatar Legacy Match | Sport: Athletics | Ven...
2026-03-26 09:03:02 [INFO] ------------------------------------------------------------------
2026-03-26 09:03:02 [INFO] File written successfully.
2026-03-26 09:03:02 [INFO]   Full path : /home/cloudera/mos_qatar_demo_poc/landing/mos_sports_events_20260326_090302.txt
2026-03-26 09:03:02 [INFO]   Size      : 2559 bytes
2026-03-26 09:03:02 [INFO]   Records   : 10
2026-03-26 09:03:02 [INFO] ==================================================================
2026-03-26 09:03:02 [INFO]   Generator Completed Successfully
2026-03-26 09:03:02 [INFO] ==================================================================
