2026-03-27 16:13:02 [INFO] ==================================================================
2026-03-27 16:13:02 [INFO]   MOS Qatar Demo - Sports Data Generator
2026-03-27 16:13:02 [INFO] ==================================================================
2026-03-27 16:13:02 [INFO] Config file   : /home/cloudera/mos_qatar_demo_poc/config/mos_qatar_demo.ini
2026-03-27 16:13:02 [INFO] Landing dir   : /home/cloudera/mos_qatar_demo_poc/landing
2026-03-27 16:13:02 [INFO] Output file   : mos_sports_events_20260327_161302.txt
2026-03-27 16:13:02 [INFO] Records count : 9
2026-03-27 16:13:02 [INFO] ------------------------------------------------------------------
2026-03-27 16:13:02 [INFO]   Record 01: Event ID: EVT1917 | Event Name: Ramadan Football Festival | Sport: Football | Venue: Ahmad...
2026-03-27 16:13:02 [INFO]   Record 02: Event ID: EVT1226 | Event Name: Ministry Youth Sports Day | Sport: Football | Venue: Ahmad...
2026-03-27 16:13:02 [INFO]   Record 03: Event ID: EVT2565 | Event Name: Qatar Premier League Match Day 5 | Sport: Football | Venue...
2026-03-27 16:13:02 [INFO]   Record 04: Event ID: EVT9592 | Event Name: Gulf Youth Cup Final | Sport: Basketball | Venue: Khalifa ...
2026-03-27 16:13:02 [INFO]   Record 05: Event ID: EVT6726 | Event Name: Gulf Cup Qualifier Round 1 | Sport: Swimming | Venue: Educ...
2026-03-27 16:13:02 [INFO]   Record 06: Event ID: EVT8951 | Event Name: Qatar Premier League Match Day 8 | Sport: Football | Venue...
2026-03-27 16:13:02 [INFO]   Record 07: Event ID: EVT3064 | Event Name: Gulf Youth Cup Quarter Final | Sport: Swimming | Venue: Lu...
2026-03-27 16:13:02 [INFO]   Record 08: Event ID: EVT1828 | Event Name: GCC Club Championship Semi Final | Sport: Swimming | Venue...
2026-03-27 16:13:02 [INFO]   Record 09: Event ID: EVT1638 | Event Name: GCC Club Championship Semi Final | Sport: Football | Venue...
2026-03-27 16:13:02 [INFO] ------------------------------------------------------------------
2026-03-27 16:13:02 [INFO] File written successfully.
2026-03-27 16:13:02 [INFO]   Full path : /home/cloudera/mos_qatar_demo_poc/landing/mos_sports_events_20260327_161302.txt
2026-03-27 16:13:02 [INFO]   Size      : 2334 bytes
2026-03-27 16:13:02 [INFO]   Records   : 9
2026-03-27 16:13:02 [INFO] ==================================================================
2026-03-27 16:13:02 [INFO]   Generator Completed Successfully
2026-03-27 16:13:02 [INFO] ==================================================================
