2026-03-25 09:10:01 [INFO] ==================================================================
2026-03-25 09:10:01 [INFO]   MOS Qatar Demo - Sports Data Generator
2026-03-25 09:10:01 [INFO] ==================================================================
2026-03-25 09:10:01 [INFO] Config file   : /home/cloudera/mos_qatar_demo_poc/config/mos_qatar_demo.ini
2026-03-25 09:10:01 [INFO] Landing dir   : /home/cloudera/mos_qatar_demo_poc/landing
2026-03-25 09:10:01 [INFO] Output file   : mos_sports_events_20260325_091001.txt
2026-03-25 09:10:01 [INFO] Records count : 7
2026-03-25 09:10:01 [INFO] ------------------------------------------------------------------
2026-03-25 09:10:01 [INFO]   Record 01: Event ID: EVT1943 | Event Name: National Team Preparation Match | Sport: Football | Venue:...
2026-03-25 09:10:01 [INFO]   Record 02: Event ID: EVT1065 | Event Name: Asian Qualifiers Warm-up Match | Sport: Handball | Venue: ...
2026-03-25 09:10:01 [INFO]   Record 03: Event ID: EVT1774 | Event Name: Arab Nations Championship Group Stage | Sport: Football | ...
2026-03-25 09:10:01 [INFO]   Record 04: Event ID: EVT3261 | Event Name: FIFA World Cup Qatar Legacy Match | Sport: Football | Venu...
2026-03-25 09:10:01 [INFO]   Record 05: Event ID: EVT8838 | Event Name: Gulf Youth Cup Round 2 | Sport: Athletics | Venue: Qatar S...
2026-03-25 09:10:01 [INFO]   Record 06: Event ID: EVT5343 | Event Name: Qatar Under-20 Development League | Sport: Athletics | Ven...
2026-03-25 09:10:01 [INFO]   Record 07: Event ID: EVT1882 | Event Name: Ramadan Football Festival | Sport: Basketball | Venue: Al ...
2026-03-25 09:10:01 [INFO] ------------------------------------------------------------------
2026-03-25 09:10:01 [INFO] File written successfully.
2026-03-25 09:10:01 [INFO]   Full path : /home/cloudera/mos_qatar_demo_poc/landing/mos_sports_events_20260325_091001.txt
2026-03-25 09:10:01 [INFO]   Size      : 1813 bytes
2026-03-25 09:10:01 [INFO]   Records   : 7
2026-03-25 09:10:01 [INFO] ==================================================================
2026-03-25 09:10:01 [INFO]   Generator Completed Successfully
2026-03-25 09:10:01 [INFO] ==================================================================
