2026-03-27 20:24:01 [INFO] ==================================================================
2026-03-27 20:24:01 [INFO]   MOS Qatar Demo - Sports Data Generator
2026-03-27 20:24:01 [INFO] ==================================================================
2026-03-27 20:24:01 [INFO] Config file   : /home/cloudera/mos_qatar_demo_poc/config/mos_qatar_demo.ini
2026-03-27 20:24:01 [INFO] Landing dir   : /home/cloudera/mos_qatar_demo_poc/landing
2026-03-27 20:24:01 [INFO] Output file   : mos_sports_events_20260327_202401.txt
2026-03-27 20:24:01 [INFO] Records count : 4
2026-03-27 20:24:01 [INFO] ------------------------------------------------------------------
2026-03-27 20:24:01 [INFO]   Record 01: Event ID: EVT4489 | Event Name: Ministry Invitational Friendly Tournament | Sport: Volleyb...
2026-03-27 20:24:01 [INFO]   Record 02: Event ID: EVT5106 | Event Name: Qatar Premier League Match Day 5 | Sport: Athletics | Venu...
2026-03-27 20:24:01 [INFO]   Record 03: Event ID: EVT1030 | Event Name: Qatar Premier League Match Day 12 | Sport: Football | Venu...
2026-03-27 20:24:01 [INFO]   Record 04: Event ID: EVT6166 | Event Name: MOS Annual Charity Football Gala | Sport: Football | Venue...
2026-03-27 20:24:01 [INFO] ------------------------------------------------------------------
2026-03-27 20:24:01 [INFO] File written successfully.
2026-03-27 20:24:01 [INFO]   Full path : /home/cloudera/mos_qatar_demo_poc/landing/mos_sports_events_20260327_202401.txt
2026-03-27 20:24:01 [INFO]   Size      : 1036 bytes
2026-03-27 20:24:01 [INFO]   Records   : 4
2026-03-27 20:24:01 [INFO] ==================================================================
2026-03-27 20:24:01 [INFO]   Generator Completed Successfully
2026-03-27 20:24:01 [INFO] ==================================================================
