2026-03-25 03:28:02 [INFO] ==================================================================
2026-03-25 03:28:02 [INFO]   MOS Qatar Demo - Sports Data Generator
2026-03-25 03:28:02 [INFO] ==================================================================
2026-03-25 03:28:02 [INFO] Config file   : /home/cloudera/mos_qatar_demo_poc/config/mos_qatar_demo.ini
2026-03-25 03:28:02 [INFO] Landing dir   : /home/cloudera/mos_qatar_demo_poc/landing
2026-03-25 03:28:02 [INFO] Output file   : mos_sports_events_20260325_032802.txt
2026-03-25 03:28:02 [INFO] Records count : 10
2026-03-25 03:28:02 [INFO] ------------------------------------------------------------------
2026-03-25 03:28:02 [INFO]   Record 01: Event ID: EVT1673 | Event Name: Gulf Youth Cup Semi Final | Sport: Swimming | Venue: Educa...
2026-03-25 03:28:02 [INFO]   Record 02: Event ID: EVT6519 | Event Name: FIFA World Cup Qatar Legacy Match | Sport: Handball | Venu...
2026-03-25 03:28:02 [INFO]   Record 03: Event ID: EVT4298 | Event Name: Qatar Cup Semi Final | Sport: Basketball | Venue: Al Thuma...
2026-03-25 03:28:02 [INFO]   Record 04: Event ID: EVT4377 | Event Name: GCC Club Championship Final | Sport: Football | Venue: Al ...
2026-03-25 03:28:02 [INFO]   Record 05: Event ID: EVT1643 | Event Name: Qatar Premier League Match Day 8 | Sport: Football | Venue...
2026-03-25 03:28:02 [INFO]   Record 06: Event ID: EVT9137 | Event Name: FIFA World Cup Qatar Legacy Match | Sport: Football | Venu...
2026-03-25 03:28:02 [INFO]   Record 07: Event ID: EVT1432 | Event Name: Gulf Cup Qualifier Round 1 | Sport: Football | Venue: Al B...
2026-03-25 03:28:02 [INFO]   Record 08: Event ID: EVT1339 | Event Name: Ministry Invitational Friendly Tournament | Sport: Footbal...
2026-03-25 03:28:02 [INFO]   Record 09: Event ID: EVT7639 | Event Name: Gulf Youth Cup Final | Sport: Swimming | Venue: Aspire Zon...
2026-03-25 03:28:02 [INFO]   Record 10: Event ID: EVT5093 | Event Name: Qatar Premier League Match Day 5 | Sport: Basketball | Ven...
2026-03-25 03:28:02 [INFO] ------------------------------------------------------------------
2026-03-25 03:28:02 [INFO] File written successfully.
2026-03-25 03:28:02 [INFO]   Full path : /home/cloudera/mos_qatar_demo_poc/landing/mos_sports_events_20260325_032802.txt
2026-03-25 03:28:02 [INFO]   Size      : 2558 bytes
2026-03-25 03:28:02 [INFO]   Records   : 10
2026-03-25 03:28:02 [INFO] ==================================================================
2026-03-25 03:28:02 [INFO]   Generator Completed Successfully
2026-03-25 03:28:02 [INFO] ==================================================================
