2026-03-25 16:41:02 [INFO] ==================================================================
2026-03-25 16:41:02 [INFO]   MOS Qatar Demo - Sports Data Generator
2026-03-25 16:41:02 [INFO] ==================================================================
2026-03-25 16:41:02 [INFO] Config file   : /home/cloudera/mos_qatar_demo_poc/config/mos_qatar_demo.ini
2026-03-25 16:41:02 [INFO] Landing dir   : /home/cloudera/mos_qatar_demo_poc/landing
2026-03-25 16:41:02 [INFO] Output file   : mos_sports_events_20260325_164102.txt
2026-03-25 16:41:02 [INFO] Records count : 10
2026-03-25 16:41:02 [INFO] ------------------------------------------------------------------
2026-03-25 16:41:02 [INFO]   Record 01: Event ID: EVT4741 | Event Name: Doha Sports Festival Opening Match | Sport: Athletics | Ve...
2026-03-25 16:41:02 [INFO]   Record 02: Event ID: EVT2226 | Event Name: Qatar Cup Semi Final | Sport: Football | Venue: Al Janoub ...
2026-03-25 16:41:02 [INFO]   Record 03: Event ID: EVT2317 | Event Name: Gulf Youth Cup Round 2 | Sport: Volleyball | Venue: Qatar ...
2026-03-25 16:41:02 [INFO]   Record 04: Event ID: EVT5251 | Event Name: Qatar Under-20 Development League | Sport: Football | Venu...
2026-03-25 16:41:02 [INFO]   Record 05: Event ID: EVT5301 | Event Name: GCC Club Championship Final | Sport: Football | Venue: Asp...
2026-03-25 16:41:02 [INFO]   Record 06: Event ID: EVT3855 | Event Name: Qatar Premier League Match Day 8 | Sport: Swimming | Venue...
2026-03-25 16:41:02 [INFO]   Record 07: Event ID: EVT3026 | Event Name: Gulf Youth Cup Round 2 | Sport: Swimming | Venue: Ahmad Bi...
2026-03-25 16:41:02 [INFO]   Record 08: Event ID: EVT9954 | Event Name: Doha Sports Festival Opening Match | Sport: Swimming | Ven...
2026-03-25 16:41:02 [INFO]   Record 09: Event ID: EVT1500 | Event Name: Asian Qualifiers Warm-up Match | Sport: Basketball | Venue...
2026-03-25 16:41:02 [INFO]   Record 10: Event ID: EVT3392 | Event Name: Doha Sports Festival Opening Match | Sport: Handball | Ven...
2026-03-25 16:41:02 [INFO] ------------------------------------------------------------------
2026-03-25 16:41:02 [INFO] File written successfully.
2026-03-25 16:41:02 [INFO]   Full path : /home/cloudera/mos_qatar_demo_poc/landing/mos_sports_events_20260325_164102.txt
2026-03-25 16:41:02 [INFO]   Size      : 2599 bytes
2026-03-25 16:41:02 [INFO]   Records   : 10
2026-03-25 16:41:02 [INFO] ==================================================================
2026-03-25 16:41:02 [INFO]   Generator Completed Successfully
2026-03-25 16:41:02 [INFO] ==================================================================
