2026-03-24 18:02:02 [INFO] ==================================================================
2026-03-24 18:02:02 [INFO]   MOS Qatar Demo - Sports Data Generator
2026-03-24 18:02:02 [INFO] ==================================================================
2026-03-24 18:02:02 [INFO] Config file   : /home/cloudera/mos_qatar_demo_poc/config/mos_qatar_demo.ini
2026-03-24 18:02:02 [INFO] Landing dir   : /home/cloudera/mos_qatar_demo_poc/landing
2026-03-24 18:02:02 [INFO] Output file   : mos_sports_events_20260324_180202.txt
2026-03-24 18:02:02 [INFO] Records count : 5
2026-03-24 18:02:02 [INFO] ------------------------------------------------------------------
2026-03-24 18:02:02 [INFO]   Record 01: Event ID: EVT5268 | Event Name: Gulf Youth Cup Final | Sport: Swimming | Venue: Al Thumama...
2026-03-24 18:02:02 [INFO]   Record 02: Event ID: EVT6297 | Event Name: National Team Preparation Match | Sport: Football | Venue:...
2026-03-24 18:02:02 [INFO]   Record 03: Event ID: EVT7023 | Event Name: Gulf Cup Qualifier Round 1 | Sport: Football | Venue: Al B...
2026-03-24 18:02:02 [INFO]   Record 04: Event ID: EVT7720 | Event Name: Gulf Youth Cup Semi Final | Sport: Basketball | Venue: Ahm...
2026-03-24 18:02:02 [INFO]   Record 05: Event ID: EVT5920 | Event Name: MOS Annual Charity Football Gala | Sport: Football | Venue...
2026-03-24 18:02:02 [INFO] ------------------------------------------------------------------
2026-03-24 18:02:02 [INFO] File written successfully.
2026-03-24 18:02:02 [INFO]   Full path : /home/cloudera/mos_qatar_demo_poc/landing/mos_sports_events_20260324_180202.txt
2026-03-24 18:02:02 [INFO]   Size      : 1262 bytes
2026-03-24 18:02:02 [INFO]   Records   : 5
2026-03-24 18:02:02 [INFO] ==================================================================
2026-03-24 18:02:02 [INFO]   Generator Completed Successfully
2026-03-24 18:02:02 [INFO] ==================================================================
