2026-03-24 16:07:02 [INFO] ==================================================================
2026-03-24 16:07:02 [INFO]   MOS Qatar Demo - Sports Data Generator
2026-03-24 16:07:02 [INFO] ==================================================================
2026-03-24 16:07:02 [INFO] Config file   : /home/cloudera/mos_qatar_demo_poc/config/mos_qatar_demo.ini
2026-03-24 16:07:02 [INFO] Landing dir   : /home/cloudera/mos_qatar_demo_poc/landing
2026-03-24 16:07:02 [INFO] Output file   : mos_sports_events_20260324_160702.txt
2026-03-24 16:07:02 [INFO] Records count : 8
2026-03-24 16:07:02 [INFO] ------------------------------------------------------------------
2026-03-24 16:07:02 [INFO]   Record 01: Event ID: EVT9794 | Event Name: MOS Annual Charity Football Gala | Sport: Basketball | Ven...
2026-03-24 16:07:02 [INFO]   Record 02: Event ID: EVT9245 | Event Name: Ministry Invitational Friendly Tournament | Sport: Footbal...
2026-03-24 16:07:02 [INFO]   Record 03: Event ID: EVT4354 | Event Name: GCC Club Championship Final | Sport: Football | Venue: Ahm...
2026-03-24 16:07:02 [INFO]   Record 04: Event ID: EVT9043 | Event Name: Arab Nations Championship Semi Final | Sport: Volleyball |...
2026-03-24 16:07:02 [INFO]   Record 05: Event ID: EVT8969 | Event Name: Arab Nations Championship Group Stage | Sport: Volleyball ...
2026-03-24 16:07:02 [INFO]   Record 06: Event ID: EVT2549 | Event Name: Gulf Youth Cup Final | Sport: Football | Venue: Al Bayt St...
2026-03-24 16:07:02 [INFO]   Record 07: Event ID: EVT6151 | Event Name: Qatar Under-20 Development League | Sport: Volleyball | Ve...
2026-03-24 16:07:02 [INFO]   Record 08: Event ID: EVT4694 | Event Name: Qatar Cup Semi Final | Sport: Handball | Venue: Ahmad Bin ...
2026-03-24 16:07:02 [INFO] ------------------------------------------------------------------
2026-03-24 16:07:02 [INFO] File written successfully.
2026-03-24 16:07:02 [INFO]   Full path : /home/cloudera/mos_qatar_demo_poc/landing/mos_sports_events_20260324_160702.txt
2026-03-24 16:07:02 [INFO]   Size      : 2109 bytes
2026-03-24 16:07:02 [INFO]   Records   : 8
2026-03-24 16:07:02 [INFO] ==================================================================
2026-03-24 16:07:02 [INFO]   Generator Completed Successfully
2026-03-24 16:07:02 [INFO] ==================================================================
