2026-03-25 05:52:02 [INFO] ==================================================================
2026-03-25 05:52:02 [INFO]   MOS Qatar Demo - Sports Data Generator
2026-03-25 05:52:02 [INFO] ==================================================================
2026-03-25 05:52:02 [INFO] Config file   : /home/cloudera/mos_qatar_demo_poc/config/mos_qatar_demo.ini
2026-03-25 05:52:02 [INFO] Landing dir   : /home/cloudera/mos_qatar_demo_poc/landing
2026-03-25 05:52:02 [INFO] Output file   : mos_sports_events_20260325_055202.txt
2026-03-25 05:52:02 [INFO] Records count : 10
2026-03-25 05:52:02 [INFO] ------------------------------------------------------------------
2026-03-25 05:52:02 [INFO]   Record 01: Event ID: EVT3759 | Event Name: Qatar Olympic Training Camp Evaluation | Sport: Football |...
2026-03-25 05:52:02 [INFO]   Record 02: Event ID: EVT9130 | Event Name: MOS Annual Charity Football Gala | Sport: Swimming | Venue...
2026-03-25 05:52:02 [INFO]   Record 03: Event ID: EVT4501 | Event Name: GCC Club Championship Final | Sport: Football | Venue: Al ...
2026-03-25 05:52:02 [INFO]   Record 04: Event ID: EVT6896 | Event Name: Gulf Youth Cup Final | Sport: Athletics | Venue: Al Thumam...
2026-03-25 05:52:02 [INFO]   Record 05: Event ID: EVT6156 | Event Name: MOS Annual Charity Football Gala | Sport: Football | Venue...
2026-03-25 05:52:02 [INFO]   Record 06: Event ID: EVT7320 | Event Name: Qatar Premier League Match Day 12 | Sport: Volleyball | Ve...
2026-03-25 05:52:02 [INFO]   Record 07: Event ID: EVT2583 | Event Name: Ministry Invitational Friendly Tournament | Sport: Athleti...
2026-03-25 05:52:02 [INFO]   Record 08: Event ID: EVT1054 | Event Name: GCC Club Championship Final | Sport: Football | Venue: Al ...
2026-03-25 05:52:02 [INFO]   Record 09: Event ID: EVT2801 | Event Name: MOS Annual Charity Football Gala | Sport: Football | Venue...
2026-03-25 05:52:02 [INFO]   Record 10: Event ID: EVT6963 | Event Name: Ramadan Football Festival | Sport: Football | Venue: Educa...
2026-03-25 05:52:02 [INFO] ------------------------------------------------------------------
2026-03-25 05:52:02 [INFO] File written successfully.
2026-03-25 05:52:02 [INFO]   Full path : /home/cloudera/mos_qatar_demo_poc/landing/mos_sports_events_20260325_055202.txt
2026-03-25 05:52:02 [INFO]   Size      : 2581 bytes
2026-03-25 05:52:02 [INFO]   Records   : 10
2026-03-25 05:52:02 [INFO] ==================================================================
2026-03-25 05:52:02 [INFO]   Generator Completed Successfully
2026-03-25 05:52:02 [INFO] ==================================================================
