2026-03-24 21:14:01 [INFO] ==================================================================
2026-03-24 21:14:01 [INFO]   MOS Qatar Demo - Sports Data Generator
2026-03-24 21:14:01 [INFO] ==================================================================
2026-03-24 21:14:01 [INFO] Config file   : /home/cloudera/mos_qatar_demo_poc/config/mos_qatar_demo.ini
2026-03-24 21:14:01 [INFO] Landing dir   : /home/cloudera/mos_qatar_demo_poc/landing
2026-03-24 21:14:01 [INFO] Output file   : mos_sports_events_20260324_211401.txt
2026-03-24 21:14:01 [INFO] Records count : 4
2026-03-24 21:14:01 [INFO] ------------------------------------------------------------------
2026-03-24 21:14:01 [INFO]   Record 01: Event ID: EVT9270 | Event Name: Gulf Youth Cup Round 2 | Sport: Swimming | Venue: Educatio...
2026-03-24 21:14:01 [INFO]   Record 02: Event ID: EVT2264 | Event Name: Ministry Youth Sports Day | Sport: Football | Venue: Al Wa...
2026-03-24 21:14:01 [INFO]   Record 03: Event ID: EVT5648 | Event Name: GCC Club Championship Final | Sport: Football | Venue: Kha...
2026-03-24 21:14:01 [INFO]   Record 04: Event ID: EVT6938 | Event Name: Arab Nations Championship Semi Final | Sport: Football | V...
2026-03-24 21:14:01 [INFO] ------------------------------------------------------------------
2026-03-24 21:14:01 [INFO] File written successfully.
2026-03-24 21:14:01 [INFO]   Full path : /home/cloudera/mos_qatar_demo_poc/landing/mos_sports_events_20260324_211401.txt
2026-03-24 21:14:01 [INFO]   Size      : 1029 bytes
2026-03-24 21:14:01 [INFO]   Records   : 4
2026-03-24 21:14:01 [INFO] ==================================================================
2026-03-24 21:14:01 [INFO]   Generator Completed Successfully
2026-03-24 21:14:01 [INFO] ==================================================================
