2026-03-27 17:57:01 [INFO] ==================================================================
2026-03-27 17:57:01 [INFO]   MOS Qatar Demo - Sports Data Generator
2026-03-27 17:57:01 [INFO] ==================================================================
2026-03-27 17:57:01 [INFO] Config file   : /home/cloudera/mos_qatar_demo_poc/config/mos_qatar_demo.ini
2026-03-27 17:57:01 [INFO] Landing dir   : /home/cloudera/mos_qatar_demo_poc/landing
2026-03-27 17:57:01 [INFO] Output file   : mos_sports_events_20260327_175701.txt
2026-03-27 17:57:01 [INFO] Records count : 10
2026-03-27 17:57:01 [INFO] ------------------------------------------------------------------
2026-03-27 17:57:01 [INFO]   Record 01: Event ID: EVT8671 | Event Name: MOS Annual Charity Football Gala | Sport: Volleyball | Ven...
2026-03-27 17:57:01 [INFO]   Record 02: Event ID: EVT3036 | Event Name: Qatar Schools Football League | Sport: Volleyball | Venue:...
2026-03-27 17:57:01 [INFO]   Record 03: Event ID: EVT3480 | Event Name: Gulf Youth Cup Semi Final | Sport: Football | Venue: Lusai...
2026-03-27 17:57:01 [INFO]   Record 04: Event ID: EVT2135 | Event Name: Arab Nations Championship Semi Final | Sport: Football | V...
2026-03-27 17:57:01 [INFO]   Record 05: Event ID: EVT6250 | Event Name: Qatar Premier League Match Day 8 | Sport: Football | Venue...
2026-03-27 17:57:01 [INFO]   Record 06: Event ID: EVT9827 | Event Name: FIFA World Cup Qatar Legacy Match | Sport: Volleyball | Ve...
2026-03-27 17:57:01 [INFO]   Record 07: Event ID: EVT9586 | Event Name: Doha Sports Festival Opening Match | Sport: Athletics | Ve...
2026-03-27 17:57:01 [INFO]   Record 08: Event ID: EVT3593 | Event Name: Doha Sports Festival Opening Match | Sport: Swimming | Ven...
2026-03-27 17:57:01 [INFO]   Record 09: Event ID: EVT5132 | Event Name: Arab Nations Championship Semi Final | Sport: Football | V...
2026-03-27 17:57:01 [INFO]   Record 10: Event ID: EVT7628 | Event Name: Qatar Premier League Match Day 5 | Sport: Swimming | Venue...
2026-03-27 17:57:01 [INFO] ------------------------------------------------------------------
2026-03-27 17:57:01 [INFO] File written successfully.
2026-03-27 17:57:01 [INFO]   Full path : /home/cloudera/mos_qatar_demo_poc/landing/mos_sports_events_20260327_175701.txt
2026-03-27 17:57:01 [INFO]   Size      : 2637 bytes
2026-03-27 17:57:01 [INFO]   Records   : 10
2026-03-27 17:57:01 [INFO] ==================================================================
2026-03-27 17:57:01 [INFO]   Generator Completed Successfully
2026-03-27 17:57:01 [INFO] ==================================================================
