2026-03-27 09:16:02 [INFO] ==================================================================
2026-03-27 09:16:02 [INFO]   MOS Qatar Demo - Sports Data Generator
2026-03-27 09:16:02 [INFO] ==================================================================
2026-03-27 09:16:02 [INFO] Config file   : /home/cloudera/mos_qatar_demo_poc/config/mos_qatar_demo.ini
2026-03-27 09:16:02 [INFO] Landing dir   : /home/cloudera/mos_qatar_demo_poc/landing
2026-03-27 09:16:02 [INFO] Output file   : mos_sports_events_20260327_091602.txt
2026-03-27 09:16:02 [INFO] Records count : 9
2026-03-27 09:16:02 [INFO] ------------------------------------------------------------------
2026-03-27 09:16:02 [INFO]   Record 01: Event ID: EVT5726 | Event Name: Gulf Youth Cup Semi Final | Sport: Football | Venue: Al Ja...
2026-03-27 09:16:02 [INFO]   Record 02: Event ID: EVT6675 | Event Name: Gulf Youth Cup Quarter Final | Sport: Handball | Venue: Ah...
2026-03-27 09:16:02 [INFO]   Record 03: Event ID: EVT2648 | Event Name: MOS Annual Charity Football Gala | Sport: Football | Venue...
2026-03-27 09:16:02 [INFO]   Record 04: Event ID: EVT2619 | Event Name: Gulf Youth Cup Semi Final | Sport: Football | Venue: Al Ja...
2026-03-27 09:16:02 [INFO]   Record 05: Event ID: EVT6477 | Event Name: GCC Club Championship Quarter Final | Sport: Football | Ve...
2026-03-27 09:16:02 [INFO]   Record 06: Event ID: EVT9349 | Event Name: Qatar Cup Semi Final | Sport: Football | Venue: Qatar Spor...
2026-03-27 09:16:02 [INFO]   Record 07: Event ID: EVT8686 | Event Name: Qatar Olympic Training Camp Evaluation | Sport: Football |...
2026-03-27 09:16:02 [INFO]   Record 08: Event ID: EVT4300 | Event Name: Arab Nations Championship Semi Final | Sport: Football | V...
2026-03-27 09:16:02 [INFO]   Record 09: Event ID: EVT8744 | Event Name: MOS Annual Charity Football Gala | Sport: Athletics | Venu...
2026-03-27 09:16:02 [INFO] ------------------------------------------------------------------
2026-03-27 09:16:02 [INFO] File written successfully.
2026-03-27 09:16:02 [INFO]   Full path : /home/cloudera/mos_qatar_demo_poc/landing/mos_sports_events_20260327_091602.txt
2026-03-27 09:16:02 [INFO]   Size      : 2338 bytes
2026-03-27 09:16:02 [INFO]   Records   : 9
2026-03-27 09:16:02 [INFO] ==================================================================
2026-03-27 09:16:02 [INFO]   Generator Completed Successfully
2026-03-27 09:16:02 [INFO] ==================================================================
