2026-03-25 03:23:02 [INFO] ==================================================================
2026-03-25 03:23:02 [INFO]   MOS Qatar Demo - Sports Data Generator
2026-03-25 03:23:02 [INFO] ==================================================================
2026-03-25 03:23:02 [INFO] Config file   : /home/cloudera/mos_qatar_demo_poc/config/mos_qatar_demo.ini
2026-03-25 03:23:02 [INFO] Landing dir   : /home/cloudera/mos_qatar_demo_poc/landing
2026-03-25 03:23:02 [INFO] Output file   : mos_sports_events_20260325_032302.txt
2026-03-25 03:23:02 [INFO] Records count : 8
2026-03-25 03:23:02 [INFO] ------------------------------------------------------------------
2026-03-25 03:23:02 [INFO]   Record 01: Event ID: EVT7680 | Event Name: MOS Annual Charity Football Gala | Sport: Swimming | Venue...
2026-03-25 03:23:02 [INFO]   Record 02: Event ID: EVT5964 | Event Name: Gulf Youth Cup Final | Sport: Football | Venue: Lusail Sta...
2026-03-25 03:23:02 [INFO]   Record 03: Event ID: EVT1180 | Event Name: Gulf Youth Cup Semi Final | Sport: Swimming | Venue: Al Th...
2026-03-25 03:23:02 [INFO]   Record 04: Event ID: EVT5447 | Event Name: Gulf Cup Qualifier Round 1 | Sport: Football | Venue: Al B...
2026-03-25 03:23:02 [INFO]   Record 05: Event ID: EVT8299 | Event Name: National Day Football Celebration | Sport: Athletics | Ven...
2026-03-25 03:23:02 [INFO]   Record 06: Event ID: EVT2871 | Event Name: Qatar Olympic Training Camp Evaluation | Sport: Handball |...
2026-03-25 03:23:02 [INFO]   Record 07: Event ID: EVT8090 | Event Name: Gulf Youth Cup Round 2 | Sport: Football | Venue: Aspire Z...
2026-03-25 03:23:02 [INFO]   Record 08: Event ID: EVT5644 | Event Name: Qatar Olympic Training Camp Evaluation | Sport: Football |...
2026-03-25 03:23:02 [INFO] ------------------------------------------------------------------
2026-03-25 03:23:02 [INFO] File written successfully.
2026-03-25 03:23:02 [INFO]   Full path : /home/cloudera/mos_qatar_demo_poc/landing/mos_sports_events_20260325_032302.txt
2026-03-25 03:23:02 [INFO]   Size      : 2055 bytes
2026-03-25 03:23:02 [INFO]   Records   : 8
2026-03-25 03:23:02 [INFO] ==================================================================
2026-03-25 03:23:02 [INFO]   Generator Completed Successfully
2026-03-25 03:23:02 [INFO] ==================================================================
