2026-03-26 02:26:02 [INFO] ==================================================================
2026-03-26 02:26:02 [INFO]   MOS Qatar Demo - Sports Data Generator
2026-03-26 02:26:02 [INFO] ==================================================================
2026-03-26 02:26:02 [INFO] Config file   : /home/cloudera/mos_qatar_demo_poc/config/mos_qatar_demo.ini
2026-03-26 02:26:02 [INFO] Landing dir   : /home/cloudera/mos_qatar_demo_poc/landing
2026-03-26 02:26:02 [INFO] Output file   : mos_sports_events_20260326_022602.txt
2026-03-26 02:26:02 [INFO] Records count : 7
2026-03-26 02:26:02 [INFO] ------------------------------------------------------------------
2026-03-26 02:26:02 [INFO]   Record 01: Event ID: EVT3669 | Event Name: Qatar Cup Final | Sport: Football | Venue: Al Janoub Stadi...
2026-03-26 02:26:02 [INFO]   Record 02: Event ID: EVT3495 | Event Name: Gulf Youth Cup Round 1 | Sport: Football | Venue: Al Wakra...
2026-03-26 02:26:02 [INFO]   Record 03: Event ID: EVT6603 | Event Name: National Day Football Celebration | Sport: Basketball | Ve...
2026-03-26 02:26:02 [INFO]   Record 04: Event ID: EVT7140 | Event Name: Qatar Premier League Match Day 8 | Sport: Football | Venue...
2026-03-26 02:26:02 [INFO]   Record 05: Event ID: EVT1160 | Event Name: GCC Club Championship Semi Final | Sport: Swimming | Venue...
2026-03-26 02:26:02 [INFO]   Record 06: Event ID: EVT6170 | Event Name: Ramadan Football Festival | Sport: Football | Venue: Al Th...
2026-03-26 02:26:02 [INFO]   Record 07: Event ID: EVT6765 | Event Name: MOS Annual Charity Football Gala | Sport: Football | Venue...
2026-03-26 02:26:02 [INFO] ------------------------------------------------------------------
2026-03-26 02:26:02 [INFO] File written successfully.
2026-03-26 02:26:02 [INFO]   Full path : /home/cloudera/mos_qatar_demo_poc/landing/mos_sports_events_20260326_022602.txt
2026-03-26 02:26:02 [INFO]   Size      : 1803 bytes
2026-03-26 02:26:02 [INFO]   Records   : 7
2026-03-26 02:26:02 [INFO] ==================================================================
2026-03-26 02:26:02 [INFO]   Generator Completed Successfully
2026-03-26 02:26:02 [INFO] ==================================================================
