2026-03-25 22:11:02 [INFO] ==================================================================
2026-03-25 22:11:02 [INFO]   MOS Qatar Demo - Sports Data Generator
2026-03-25 22:11:02 [INFO] ==================================================================
2026-03-25 22:11:02 [INFO] Config file   : /home/cloudera/mos_qatar_demo_poc/config/mos_qatar_demo.ini
2026-03-25 22:11:02 [INFO] Landing dir   : /home/cloudera/mos_qatar_demo_poc/landing
2026-03-25 22:11:02 [INFO] Output file   : mos_sports_events_20260325_221102.txt
2026-03-25 22:11:02 [INFO] Records count : 10
2026-03-25 22:11:02 [INFO] ------------------------------------------------------------------
2026-03-25 22:11:02 [INFO]   Record 01: Event ID: EVT6752 | Event Name: Gulf Youth Cup Round 1 | Sport: Basketball | Venue: Educat...
2026-03-25 22:11:02 [INFO]   Record 02: Event ID: EVT5583 | Event Name: Qatar Under-20 Development League | Sport: Football | Venu...
2026-03-25 22:11:02 [INFO]   Record 03: Event ID: EVT8172 | Event Name: Arab Nations Championship Semi Final | Sport: Football | V...
2026-03-25 22:11:02 [INFO]   Record 04: Event ID: EVT3912 | Event Name: Ministry Invitational Friendly Tournament | Sport: Footbal...
2026-03-25 22:11:02 [INFO]   Record 05: Event ID: EVT6413 | Event Name: Qatar Olympic Training Camp Evaluation | Sport: Football |...
2026-03-25 22:11:02 [INFO]   Record 06: Event ID: EVT5446 | Event Name: Qatar Cup Final | Sport: Basketball | Venue: Qatar Sports ...
2026-03-25 22:11:02 [INFO]   Record 07: Event ID: EVT4236 | Event Name: GCC Club Championship Quarter Final | Sport: Athletics | V...
2026-03-25 22:11:02 [INFO]   Record 08: Event ID: EVT9990 | Event Name: Qatar Premier League Match Day 12 | Sport: Football | Venu...
2026-03-25 22:11:02 [INFO]   Record 09: Event ID: EVT6404 | Event Name: Qatar Cup Semi Final | Sport: Handball | Venue: Aspire Zon...
2026-03-25 22:11:02 [INFO]   Record 10: Event ID: EVT1131 | Event Name: Gulf Youth Cup Quarter Final | Sport: Swimming | Venue: As...
2026-03-25 22:11:02 [INFO] ------------------------------------------------------------------
2026-03-25 22:11:02 [INFO] File written successfully.
2026-03-25 22:11:02 [INFO]   Full path : /home/cloudera/mos_qatar_demo_poc/landing/mos_sports_events_20260325_221102.txt
2026-03-25 22:11:02 [INFO]   Size      : 2588 bytes
2026-03-25 22:11:02 [INFO]   Records   : 10
2026-03-25 22:11:02 [INFO] ==================================================================
2026-03-25 22:11:02 [INFO]   Generator Completed Successfully
2026-03-25 22:11:02 [INFO] ==================================================================
