2026-03-27 06:47:01 [INFO] ==================================================================
2026-03-27 06:47:01 [INFO]   MOS Qatar Demo - Sports Data Generator
2026-03-27 06:47:01 [INFO] ==================================================================
2026-03-27 06:47:01 [INFO] Config file   : /home/cloudera/mos_qatar_demo_poc/config/mos_qatar_demo.ini
2026-03-27 06:47:01 [INFO] Landing dir   : /home/cloudera/mos_qatar_demo_poc/landing
2026-03-27 06:47:01 [INFO] Output file   : mos_sports_events_20260327_064701.txt
2026-03-27 06:47:01 [INFO] Records count : 10
2026-03-27 06:47:01 [INFO] ------------------------------------------------------------------
2026-03-27 06:47:01 [INFO]   Record 01: Event ID: EVT8390 | Event Name: Gulf Youth Cup Round 1 | Sport: Volleyball | Venue: Aspire...
2026-03-27 06:47:01 [INFO]   Record 02: Event ID: EVT6130 | Event Name: Qatar Premier League Match Day 12 | Sport: Football | Venu...
2026-03-27 06:47:01 [INFO]   Record 03: Event ID: EVT9131 | Event Name: Qatar Premier League Match Day 12 | Sport: Basketball | Ve...
2026-03-27 06:47:01 [INFO]   Record 04: Event ID: EVT2290 | Event Name: Gulf Cup Qualifier Round 1 | Sport: Basketball | Venue: Lu...
2026-03-27 06:47:01 [INFO]   Record 05: Event ID: EVT2127 | Event Name: Gulf Cup Qualifier Round 1 | Sport: Football | Venue: Educ...
2026-03-27 06:47:01 [INFO]   Record 06: Event ID: EVT7891 | Event Name: Ministry Youth Sports Day | Sport: Football | Venue: Aspir...
2026-03-27 06:47:01 [INFO]   Record 07: Event ID: EVT8815 | Event Name: Gulf Cup Qualifier Round 1 | Sport: Handball | Venue: Qata...
2026-03-27 06:47:01 [INFO]   Record 08: Event ID: EVT7808 | Event Name: GCC Club Championship Semi Final | Sport: Handball | Venue...
2026-03-27 06:47:01 [INFO]   Record 09: Event ID: EVT8398 | Event Name: FIFA World Cup Qatar Legacy Match | Sport: Athletics | Ven...
2026-03-27 06:47:01 [INFO]   Record 10: Event ID: EVT6094 | Event Name: Doha Sports Festival Opening Match | Sport: Football | Ven...
2026-03-27 06:47:01 [INFO] ------------------------------------------------------------------
2026-03-27 06:47:01 [INFO] File written successfully.
2026-03-27 06:47:01 [INFO]   Full path : /home/cloudera/mos_qatar_demo_poc/landing/mos_sports_events_20260327_064701.txt
2026-03-27 06:47:01 [INFO]   Size      : 2561 bytes
2026-03-27 06:47:01 [INFO]   Records   : 10
2026-03-27 06:47:01 [INFO] ==================================================================
2026-03-27 06:47:01 [INFO]   Generator Completed Successfully
2026-03-27 06:47:01 [INFO] ==================================================================
