2026-03-27 17:33:01 [INFO] ==================================================================
2026-03-27 17:33:01 [INFO]   MOS Qatar Demo - Sports Data Generator
2026-03-27 17:33:01 [INFO] ==================================================================
2026-03-27 17:33:01 [INFO] Config file   : /home/cloudera/mos_qatar_demo_poc/config/mos_qatar_demo.ini
2026-03-27 17:33:01 [INFO] Landing dir   : /home/cloudera/mos_qatar_demo_poc/landing
2026-03-27 17:33:01 [INFO] Output file   : mos_sports_events_20260327_173301.txt
2026-03-27 17:33:01 [INFO] Records count : 6
2026-03-27 17:33:01 [INFO] ------------------------------------------------------------------
2026-03-27 17:33:01 [INFO]   Record 01: Event ID: EVT1422 | Event Name: National Team Preparation Match | Sport: Volleyball | Venu...
2026-03-27 17:33:01 [INFO]   Record 02: Event ID: EVT6780 | Event Name: National Team Preparation Match | Sport: Football | Venue:...
2026-03-27 17:33:01 [INFO]   Record 03: Event ID: EVT8326 | Event Name: Ministry Youth Sports Day | Sport: Handball | Venue: Al Ja...
2026-03-27 17:33:01 [INFO]   Record 04: Event ID: EVT5437 | Event Name: Qatar Under-20 Development League | Sport: Handball | Venu...
2026-03-27 17:33:01 [INFO]   Record 05: Event ID: EVT1038 | Event Name: Doha Sports Festival Opening Match | Sport: Volleyball | V...
2026-03-27 17:33:01 [INFO]   Record 06: Event ID: EVT4553 | Event Name: GCC Club Championship Semi Final | Sport: Football | Venue...
2026-03-27 17:33:01 [INFO] ------------------------------------------------------------------
2026-03-27 17:33:01 [INFO] File written successfully.
2026-03-27 17:33:01 [INFO]   Full path : /home/cloudera/mos_qatar_demo_poc/landing/mos_sports_events_20260327_173301.txt
2026-03-27 17:33:01 [INFO]   Size      : 1566 bytes
2026-03-27 17:33:01 [INFO]   Records   : 6
2026-03-27 17:33:01 [INFO] ==================================================================
2026-03-27 17:33:01 [INFO]   Generator Completed Successfully
2026-03-27 17:33:01 [INFO] ==================================================================
