2026-03-25 03:55:02 [INFO] ==================================================================
2026-03-25 03:55:02 [INFO]   MOS Qatar Demo - Sports Data Generator
2026-03-25 03:55:02 [INFO] ==================================================================
2026-03-25 03:55:02 [INFO] Config file   : /home/cloudera/mos_qatar_demo_poc/config/mos_qatar_demo.ini
2026-03-25 03:55:02 [INFO] Landing dir   : /home/cloudera/mos_qatar_demo_poc/landing
2026-03-25 03:55:02 [INFO] Output file   : mos_sports_events_20260325_035502.txt
2026-03-25 03:55:02 [INFO] Records count : 6
2026-03-25 03:55:02 [INFO] ------------------------------------------------------------------
2026-03-25 03:55:02 [INFO]   Record 01: Event ID: EVT1713 | Event Name: GCC Club Championship Quarter Final | Sport: Football | Ve...
2026-03-25 03:55:02 [INFO]   Record 02: Event ID: EVT6069 | Event Name: Qatar Cup Semi Final | Sport: Football | Venue: Al Wakrah ...
2026-03-25 03:55:02 [INFO]   Record 03: Event ID: EVT4105 | Event Name: Gulf Youth Cup Semi Final | Sport: Football | Venue: Al Wa...
2026-03-25 03:55:02 [INFO]   Record 04: Event ID: EVT6683 | Event Name: Ramadan Football Festival | Sport: Football | Venue: Al Ba...
2026-03-25 03:55:02 [INFO]   Record 05: Event ID: EVT9348 | Event Name: Ministry Youth Sports Day | Sport: Football | Venue: Aspir...
2026-03-25 03:55:02 [INFO]   Record 06: Event ID: EVT2794 | Event Name: Arab Nations Championship Semi Final | Sport: Basketball |...
2026-03-25 03:55:02 [INFO] ------------------------------------------------------------------
2026-03-25 03:55:02 [INFO] File written successfully.
2026-03-25 03:55:02 [INFO]   Full path : /home/cloudera/mos_qatar_demo_poc/landing/mos_sports_events_20260325_035502.txt
2026-03-25 03:55:02 [INFO]   Size      : 1542 bytes
2026-03-25 03:55:02 [INFO]   Records   : 6
2026-03-25 03:55:02 [INFO] ==================================================================
2026-03-25 03:55:02 [INFO]   Generator Completed Successfully
2026-03-25 03:55:02 [INFO] ==================================================================
