2026-03-27 18:20:02 [INFO] ==================================================================
2026-03-27 18:20:02 [INFO]   MOS Qatar Demo - Sports Data Generator
2026-03-27 18:20:02 [INFO] ==================================================================
2026-03-27 18:20:02 [INFO] Config file   : /home/cloudera/mos_qatar_demo_poc/config/mos_qatar_demo.ini
2026-03-27 18:20:02 [INFO] Landing dir   : /home/cloudera/mos_qatar_demo_poc/landing
2026-03-27 18:20:02 [INFO] Output file   : mos_sports_events_20260327_182002.txt
2026-03-27 18:20:02 [INFO] Records count : 9
2026-03-27 18:20:02 [INFO] ------------------------------------------------------------------
2026-03-27 18:20:02 [INFO]   Record 01: Event ID: EVT7528 | Event Name: Qatar Premier League Match Day 8 | Sport: Football | Venue...
2026-03-27 18:20:02 [INFO]   Record 02: Event ID: EVT9291 | Event Name: Doha Sports Festival Opening Match | Sport: Athletics | Ve...
2026-03-27 18:20:02 [INFO]   Record 03: Event ID: EVT9455 | Event Name: National Day Football Celebration | Sport: Football | Venu...
2026-03-27 18:20:02 [INFO]   Record 04: Event ID: EVT7419 | Event Name: Qatar Under-20 Development League | Sport: Volleyball | Ve...
2026-03-27 18:20:02 [INFO]   Record 05: Event ID: EVT8706 | Event Name: GCC Club Championship Quarter Final | Sport: Swimming | Ve...
2026-03-27 18:20:02 [INFO]   Record 06: Event ID: EVT8506 | Event Name: Qatar Premier League Match Day 8 | Sport: Football | Venue...
2026-03-27 18:20:02 [INFO]   Record 07: Event ID: EVT9075 | Event Name: Qatar Premier League Match Day 8 | Sport: Football | Venue...
2026-03-27 18:20:02 [INFO]   Record 08: Event ID: EVT6282 | Event Name: National Day Football Celebration | Sport: Athletics | Ven...
2026-03-27 18:20:02 [INFO]   Record 09: Event ID: EVT3313 | Event Name: National Day Football Celebration | Sport: Football | Venu...
2026-03-27 18:20:02 [INFO] ------------------------------------------------------------------
2026-03-27 18:20:02 [INFO] File written successfully.
2026-03-27 18:20:02 [INFO]   Full path : /home/cloudera/mos_qatar_demo_poc/landing/mos_sports_events_20260327_182002.txt
2026-03-27 18:20:02 [INFO]   Size      : 2365 bytes
2026-03-27 18:20:02 [INFO]   Records   : 9
2026-03-27 18:20:02 [INFO] ==================================================================
2026-03-27 18:20:02 [INFO]   Generator Completed Successfully
2026-03-27 18:20:02 [INFO] ==================================================================
