2026-03-27 17:17:01 [INFO] ==================================================================
2026-03-27 17:17:01 [INFO]   MOS Qatar Demo - Sports Data Generator
2026-03-27 17:17:01 [INFO] ==================================================================
2026-03-27 17:17:01 [INFO] Config file   : /home/cloudera/mos_qatar_demo_poc/config/mos_qatar_demo.ini
2026-03-27 17:17:01 [INFO] Landing dir   : /home/cloudera/mos_qatar_demo_poc/landing
2026-03-27 17:17:01 [INFO] Output file   : mos_sports_events_20260327_171701.txt
2026-03-27 17:17:01 [INFO] Records count : 9
2026-03-27 17:17:01 [INFO] ------------------------------------------------------------------
2026-03-27 17:17:01 [INFO]   Record 01: Event ID: EVT9821 | Event Name: GCC Club Championship Quarter Final | Sport: Football | Ve...
2026-03-27 17:17:01 [INFO]   Record 02: Event ID: EVT3023 | Event Name: GCC Club Championship Quarter Final | Sport: Volleyball | ...
2026-03-27 17:17:01 [INFO]   Record 03: Event ID: EVT9938 | Event Name: Ramadan Football Festival | Sport: Volleyball | Venue: Edu...
2026-03-27 17:17:01 [INFO]   Record 04: Event ID: EVT4713 | Event Name: Ministry Invitational Friendly Tournament | Sport: Footbal...
2026-03-27 17:17:01 [INFO]   Record 05: Event ID: EVT9857 | Event Name: Arab Nations Championship Group Stage | Sport: Basketball ...
2026-03-27 17:17:01 [INFO]   Record 06: Event ID: EVT3885 | Event Name: Ministry Youth Sports Day | Sport: Football | Venue: Al Th...
2026-03-27 17:17:01 [INFO]   Record 07: Event ID: EVT2228 | Event Name: Qatar Premier League Match Day 8 | Sport: Football | Venue...
2026-03-27 17:17:01 [INFO]   Record 08: Event ID: EVT7494 | Event Name: FIFA World Cup Qatar Legacy Match | Sport: Athletics | Ven...
2026-03-27 17:17:01 [INFO]   Record 09: Event ID: EVT3457 | Event Name: Gulf Youth Cup Final | Sport: Football | Venue: Aspire Zon...
2026-03-27 17:17:01 [INFO] ------------------------------------------------------------------
2026-03-27 17:17:01 [INFO] File written successfully.
2026-03-27 17:17:01 [INFO]   Full path : /home/cloudera/mos_qatar_demo_poc/landing/mos_sports_events_20260327_171701.txt
2026-03-27 17:17:01 [INFO]   Size      : 2400 bytes
2026-03-27 17:17:01 [INFO]   Records   : 9
2026-03-27 17:17:01 [INFO] ==================================================================
2026-03-27 17:17:01 [INFO]   Generator Completed Successfully
2026-03-27 17:17:01 [INFO] ==================================================================
