2026-03-26 09:43:02 [INFO] ==================================================================
2026-03-26 09:43:02 [INFO]   MOS Qatar Demo - Sports Data Generator
2026-03-26 09:43:02 [INFO] ==================================================================
2026-03-26 09:43:02 [INFO] Config file   : /home/cloudera/mos_qatar_demo_poc/config/mos_qatar_demo.ini
2026-03-26 09:43:02 [INFO] Landing dir   : /home/cloudera/mos_qatar_demo_poc/landing
2026-03-26 09:43:02 [INFO] Output file   : mos_sports_events_20260326_094302.txt
2026-03-26 09:43:02 [INFO] Records count : 10
2026-03-26 09:43:02 [INFO] ------------------------------------------------------------------
2026-03-26 09:43:02 [INFO]   Record 01: Event ID: EVT8308 | Event Name: Gulf Youth Cup Final | Sport: Football | Venue: Al Janoub ...
2026-03-26 09:43:02 [INFO]   Record 02: Event ID: EVT7391 | Event Name: GCC Club Championship Final | Sport: Basketball | Venue: A...
2026-03-26 09:43:02 [INFO]   Record 03: Event ID: EVT8620 | Event Name: Gulf Youth Cup Semi Final | Sport: Basketball | Venue: Lus...
2026-03-26 09:43:02 [INFO]   Record 04: Event ID: EVT7431 | Event Name: Gulf Youth Cup Semi Final | Sport: Basketball | Venue: Al ...
2026-03-26 09:43:02 [INFO]   Record 05: Event ID: EVT7096 | Event Name: GCC Club Championship Semi Final | Sport: Volleyball | Ven...
2026-03-26 09:43:02 [INFO]   Record 06: Event ID: EVT9785 | Event Name: GCC Club Championship Semi Final | Sport: Football | Venue...
2026-03-26 09:43:02 [INFO]   Record 07: Event ID: EVT7015 | Event Name: GCC Club Championship Quarter Final | Sport: Football | Ve...
2026-03-26 09:43:02 [INFO]   Record 08: Event ID: EVT3269 | Event Name: Qatar Olympic Training Camp Evaluation | Sport: Swimming |...
2026-03-26 09:43:02 [INFO]   Record 09: Event ID: EVT8972 | Event Name: GCC Club Championship Final | Sport: Volleyball | Venue: L...
2026-03-26 09:43:02 [INFO]   Record 10: Event ID: EVT5722 | Event Name: Doha Sports Festival Opening Match | Sport: Football | Ven...
2026-03-26 09:43:02 [INFO] ------------------------------------------------------------------
2026-03-26 09:43:02 [INFO] File written successfully.
2026-03-26 09:43:02 [INFO]   Full path : /home/cloudera/mos_qatar_demo_poc/landing/mos_sports_events_20260326_094302.txt
2026-03-26 09:43:02 [INFO]   Size      : 2548 bytes
2026-03-26 09:43:02 [INFO]   Records   : 10
2026-03-26 09:43:02 [INFO] ==================================================================
2026-03-26 09:43:02 [INFO]   Generator Completed Successfully
2026-03-26 09:43:02 [INFO] ==================================================================
