2026-03-27 15:38:02 [INFO] ==================================================================
2026-03-27 15:38:02 [INFO]   MOS Qatar Demo - Sports Data Generator
2026-03-27 15:38:02 [INFO] ==================================================================
2026-03-27 15:38:02 [INFO] Config file   : /home/cloudera/mos_qatar_demo_poc/config/mos_qatar_demo.ini
2026-03-27 15:38:02 [INFO] Landing dir   : /home/cloudera/mos_qatar_demo_poc/landing
2026-03-27 15:38:02 [INFO] Output file   : mos_sports_events_20260327_153802.txt
2026-03-27 15:38:02 [INFO] Records count : 10
2026-03-27 15:38:02 [INFO] ------------------------------------------------------------------
2026-03-27 15:38:02 [INFO]   Record 01: Event ID: EVT6852 | Event Name: Ministry Invitational Friendly Tournament | Sport: Athleti...
2026-03-27 15:38:02 [INFO]   Record 02: Event ID: EVT2890 | Event Name: FIFA World Cup Qatar Legacy Match | Sport: Handball | Venu...
2026-03-27 15:38:02 [INFO]   Record 03: Event ID: EVT4039 | Event Name: MOS Annual Charity Football Gala | Sport: Swimming | Venue...
2026-03-27 15:38:02 [INFO]   Record 04: Event ID: EVT3424 | Event Name: Gulf Youth Cup Round 2 | Sport: Handball | Venue: Al Janou...
2026-03-27 15:38:02 [INFO]   Record 05: Event ID: EVT2263 | Event Name: Gulf Youth Cup Semi Final | Sport: Basketball | Venue: Qat...
2026-03-27 15:38:02 [INFO]   Record 06: Event ID: EVT2520 | Event Name: Qatar Premier League Match Day 5 | Sport: Football | Venue...
2026-03-27 15:38:02 [INFO]   Record 07: Event ID: EVT9885 | Event Name: Gulf Youth Cup Round 2 | Sport: Basketball | Venue: Lusail...
2026-03-27 15:38:02 [INFO]   Record 08: Event ID: EVT6115 | Event Name: Gulf Youth Cup Round 1 | Sport: Football | Venue: Al Bayt ...
2026-03-27 15:38:02 [INFO]   Record 09: Event ID: EVT5677 | Event Name: Asian Qualifiers Warm-up Match | Sport: Volleyball | Venue...
2026-03-27 15:38:02 [INFO]   Record 10: Event ID: EVT2516 | Event Name: Qatar Premier League Match Day 12 | Sport: Athletics | Ven...
2026-03-27 15:38:02 [INFO] ------------------------------------------------------------------
2026-03-27 15:38:02 [INFO] File written successfully.
2026-03-27 15:38:02 [INFO]   Full path : /home/cloudera/mos_qatar_demo_poc/landing/mos_sports_events_20260327_153802.txt
2026-03-27 15:38:02 [INFO]   Size      : 2579 bytes
2026-03-27 15:38:02 [INFO]   Records   : 10
2026-03-27 15:38:02 [INFO] ==================================================================
2026-03-27 15:38:02 [INFO]   Generator Completed Successfully
2026-03-27 15:38:02 [INFO] ==================================================================
