2026-03-25 19:33:01 [INFO] ==================================================================
2026-03-25 19:33:01 [INFO]   MOS Qatar Demo - Sports Data Generator
2026-03-25 19:33:01 [INFO] ==================================================================
2026-03-25 19:33:01 [INFO] Config file   : /home/cloudera/mos_qatar_demo_poc/config/mos_qatar_demo.ini
2026-03-25 19:33:01 [INFO] Landing dir   : /home/cloudera/mos_qatar_demo_poc/landing
2026-03-25 19:33:01 [INFO] Output file   : mos_sports_events_20260325_193301.txt
2026-03-25 19:33:01 [INFO] Records count : 10
2026-03-25 19:33:01 [INFO] ------------------------------------------------------------------
2026-03-25 19:33:01 [INFO]   Record 01: Event ID: EVT6407 | Event Name: Ministry Invitational Friendly Tournament | Sport: Volleyb...
2026-03-25 19:33:01 [INFO]   Record 02: Event ID: EVT3447 | Event Name: Doha Sports Festival Opening Match | Sport: Athletics | Ve...
2026-03-25 19:33:01 [INFO]   Record 03: Event ID: EVT9942 | Event Name: Qatar Cup Final | Sport: Football | Venue: Lusail Stadium ...
2026-03-25 19:33:01 [INFO]   Record 04: Event ID: EVT5554 | Event Name: Qatar Cup Semi Final | Sport: Swimming | Venue: Khalifa In...
2026-03-25 19:33:01 [INFO]   Record 05: Event ID: EVT5402 | Event Name: Gulf Youth Cup Semi Final | Sport: Football | Venue: Ahmad...
2026-03-25 19:33:01 [INFO]   Record 06: Event ID: EVT3497 | Event Name: Qatar Premier League Match Day 5 | Sport: Football | Venue...
2026-03-25 19:33:01 [INFO]   Record 07: Event ID: EVT8733 | Event Name: Gulf Cup Qualifier Round 1 | Sport: Football | Venue: Lusa...
2026-03-25 19:33:01 [INFO]   Record 08: Event ID: EVT5973 | Event Name: Qatar Premier League Match Day 12 | Sport: Volleyball | Ve...
2026-03-25 19:33:01 [INFO]   Record 09: Event ID: EVT1744 | Event Name: Qatar Premier League Match Day 8 | Sport: Football | Venue...
2026-03-25 19:33:01 [INFO]   Record 10: Event ID: EVT3571 | Event Name: Qatar Premier League Match Day 12 | Sport: Swimming | Venu...
2026-03-25 19:33:01 [INFO] ------------------------------------------------------------------
2026-03-25 19:33:01 [INFO] File written successfully.
2026-03-25 19:33:01 [INFO]   Full path : /home/cloudera/mos_qatar_demo_poc/landing/mos_sports_events_20260325_193301.txt
2026-03-25 19:33:01 [INFO]   Size      : 2574 bytes
2026-03-25 19:33:01 [INFO]   Records   : 10
2026-03-25 19:33:01 [INFO] ==================================================================
2026-03-25 19:33:01 [INFO]   Generator Completed Successfully
2026-03-25 19:33:01 [INFO] ==================================================================
