2026-03-27 09:59:02 [INFO] ==================================================================
2026-03-27 09:59:02 [INFO]   MOS Qatar Demo - Sports Data Generator
2026-03-27 09:59:02 [INFO] ==================================================================
2026-03-27 09:59:02 [INFO] Config file   : /home/cloudera/mos_qatar_demo_poc/config/mos_qatar_demo.ini
2026-03-27 09:59:02 [INFO] Landing dir   : /home/cloudera/mos_qatar_demo_poc/landing
2026-03-27 09:59:02 [INFO] Output file   : mos_sports_events_20260327_095902.txt
2026-03-27 09:59:02 [INFO] Records count : 5
2026-03-27 09:59:02 [INFO] ------------------------------------------------------------------
2026-03-27 09:59:02 [INFO]   Record 01: Event ID: EVT2806 | Event Name: Qatar Cup Semi Final | Sport: Basketball | Venue: Educatio...
2026-03-27 09:59:02 [INFO]   Record 02: Event ID: EVT9241 | Event Name: Gulf Youth Cup Round 2 | Sport: Football | Venue: Lusail S...
2026-03-27 09:59:02 [INFO]   Record 03: Event ID: EVT3382 | Event Name: Qatar Under-20 Development League | Sport: Football | Venu...
2026-03-27 09:59:02 [INFO]   Record 04: Event ID: EVT3353 | Event Name: Arab Nations Championship Semi Final | Sport: Athletics | ...
2026-03-27 09:59:02 [INFO]   Record 05: Event ID: EVT2439 | Event Name: Qatar Premier League Match Day 8 | Sport: Swimming | Venue...
2026-03-27 09:59:02 [INFO] ------------------------------------------------------------------
2026-03-27 09:59:02 [INFO] File written successfully.
2026-03-27 09:59:02 [INFO]   Full path : /home/cloudera/mos_qatar_demo_poc/landing/mos_sports_events_20260327_095902.txt
2026-03-27 09:59:02 [INFO]   Size      : 1292 bytes
2026-03-27 09:59:02 [INFO]   Records   : 5
2026-03-27 09:59:02 [INFO] ==================================================================
2026-03-27 09:59:02 [INFO]   Generator Completed Successfully
2026-03-27 09:59:02 [INFO] ==================================================================
