2026-03-25 15:21:01 [INFO] ==================================================================
2026-03-25 15:21:01 [INFO]   MOS Qatar Demo - Sports Data Generator
2026-03-25 15:21:01 [INFO] ==================================================================
2026-03-25 15:21:01 [INFO] Config file   : /home/cloudera/mos_qatar_demo_poc/config/mos_qatar_demo.ini
2026-03-25 15:21:01 [INFO] Landing dir   : /home/cloudera/mos_qatar_demo_poc/landing
2026-03-25 15:21:01 [INFO] Output file   : mos_sports_events_20260325_152101.txt
2026-03-25 15:21:01 [INFO] Records count : 10
2026-03-25 15:21:01 [INFO] ------------------------------------------------------------------
2026-03-25 15:21:01 [INFO]   Record 01: Event ID: EVT3430 | Event Name: GCC Club Championship Quarter Final | Sport: Football | Ve...
2026-03-25 15:21:01 [INFO]   Record 02: Event ID: EVT8113 | Event Name: Ministry Youth Sports Day | Sport: Volleyball | Venue: Al ...
2026-03-25 15:21:01 [INFO]   Record 03: Event ID: EVT3851 | Event Name: Arab Nations Championship Group Stage | Sport: Football | ...
2026-03-25 15:21:01 [INFO]   Record 04: Event ID: EVT6418 | Event Name: Qatar Olympic Training Camp Evaluation | Sport: Football |...
2026-03-25 15:21:01 [INFO]   Record 05: Event ID: EVT5630 | Event Name: Gulf Youth Cup Quarter Final | Sport: Athletics | Venue: A...
2026-03-25 15:21:01 [INFO]   Record 06: Event ID: EVT9770 | Event Name: FIFA World Cup Qatar Legacy Match | Sport: Basketball | Ve...
2026-03-25 15:21:01 [INFO]   Record 07: Event ID: EVT4346 | Event Name: MOS Annual Charity Football Gala | Sport: Swimming | Venue...
2026-03-25 15:21:01 [INFO]   Record 08: Event ID: EVT3469 | Event Name: Qatar Premier League Match Day 8 | Sport: Basketball | Ven...
2026-03-25 15:21:01 [INFO]   Record 09: Event ID: EVT5633 | Event Name: Gulf Youth Cup Final | Sport: Football | Venue: Qatar Spor...
2026-03-25 15:21:01 [INFO]   Record 10: Event ID: EVT6674 | Event Name: Gulf Youth Cup Final | Sport: Handball | Venue: Aspire Zon...
2026-03-25 15:21:01 [INFO] ------------------------------------------------------------------
2026-03-25 15:21:01 [INFO] File written successfully.
2026-03-25 15:21:01 [INFO]   Full path : /home/cloudera/mos_qatar_demo_poc/landing/mos_sports_events_20260325_152101.txt
2026-03-25 15:21:01 [INFO]   Size      : 2572 bytes
2026-03-25 15:21:01 [INFO]   Records   : 10
2026-03-25 15:21:01 [INFO] ==================================================================
2026-03-25 15:21:01 [INFO]   Generator Completed Successfully
2026-03-25 15:21:01 [INFO] ==================================================================
