2026-03-27 14:36:01 [INFO] ==================================================================
2026-03-27 14:36:01 [INFO]   MOS Qatar Demo - Sports Data Generator
2026-03-27 14:36:01 [INFO] ==================================================================
2026-03-27 14:36:01 [INFO] Config file   : /home/cloudera/mos_qatar_demo_poc/config/mos_qatar_demo.ini
2026-03-27 14:36:01 [INFO] Landing dir   : /home/cloudera/mos_qatar_demo_poc/landing
2026-03-27 14:36:01 [INFO] Output file   : mos_sports_events_20260327_143601.txt
2026-03-27 14:36:01 [INFO] Records count : 10
2026-03-27 14:36:01 [INFO] ------------------------------------------------------------------
2026-03-27 14:36:01 [INFO]   Record 01: Event ID: EVT3353 | Event Name: GCC Club Championship Final | Sport: Handball | Venue: Al ...
2026-03-27 14:36:01 [INFO]   Record 02: Event ID: EVT2012 | Event Name: Asian Qualifiers Warm-up Match | Sport: Football | Venue: ...
2026-03-27 14:36:01 [INFO]   Record 03: Event ID: EVT2042 | Event Name: Asian Qualifiers Warm-up Match | Sport: Football | Venue: ...
2026-03-27 14:36:01 [INFO]   Record 04: Event ID: EVT8350 | Event Name: MOS Annual Charity Football Gala | Sport: Football | Venue...
2026-03-27 14:36:01 [INFO]   Record 05: Event ID: EVT6912 | Event Name: Arab Nations Championship Semi Final | Sport: Athletics | ...
2026-03-27 14:36:01 [INFO]   Record 06: Event ID: EVT8518 | Event Name: Qatar Premier League Match Day 5 | Sport: Athletics | Venu...
2026-03-27 14:36:01 [INFO]   Record 07: Event ID: EVT7036 | Event Name: Gulf Cup Qualifier Round 1 | Sport: Football | Venue: Lusa...
2026-03-27 14:36:01 [INFO]   Record 08: Event ID: EVT4891 | Event Name: National Day Football Celebration | Sport: Football | Venu...
2026-03-27 14:36:01 [INFO]   Record 09: Event ID: EVT6906 | Event Name: Gulf Cup Qualifier Round 1 | Sport: Swimming | Venue: Al T...
2026-03-27 14:36:01 [INFO]   Record 10: Event ID: EVT8217 | Event Name: Qatar Cup Semi Final | Sport: Football | Venue: Al Thumama...
2026-03-27 14:36:01 [INFO] ------------------------------------------------------------------
2026-03-27 14:36:01 [INFO] File written successfully.
2026-03-27 14:36:01 [INFO]   Full path : /home/cloudera/mos_qatar_demo_poc/landing/mos_sports_events_20260327_143601.txt
2026-03-27 14:36:01 [INFO]   Size      : 2605 bytes
2026-03-27 14:36:01 [INFO]   Records   : 10
2026-03-27 14:36:01 [INFO] ==================================================================
2026-03-27 14:36:01 [INFO]   Generator Completed Successfully
2026-03-27 14:36:01 [INFO] ==================================================================
