2026-03-27 13:36:02 [INFO] ==================================================================
2026-03-27 13:36:02 [INFO]   MOS Qatar Demo - Sports Data Generator
2026-03-27 13:36:02 [INFO] ==================================================================
2026-03-27 13:36:02 [INFO] Config file   : /home/cloudera/mos_qatar_demo_poc/config/mos_qatar_demo.ini
2026-03-27 13:36:02 [INFO] Landing dir   : /home/cloudera/mos_qatar_demo_poc/landing
2026-03-27 13:36:02 [INFO] Output file   : mos_sports_events_20260327_133602.txt
2026-03-27 13:36:02 [INFO] Records count : 8
2026-03-27 13:36:02 [INFO] ------------------------------------------------------------------
2026-03-27 13:36:02 [INFO]   Record 01: Event ID: EVT7426 | Event Name: GCC Club Championship Semi Final | Sport: Athletics | Venu...
2026-03-27 13:36:02 [INFO]   Record 02: Event ID: EVT3576 | Event Name: Arab Nations Championship Semi Final | Sport: Football | V...
2026-03-27 13:36:02 [INFO]   Record 03: Event ID: EVT4246 | Event Name: Qatar Under-20 Development League | Sport: Athletics | Ven...
2026-03-27 13:36:02 [INFO]   Record 04: Event ID: EVT2950 | Event Name: Qatar Under-20 Development League | Sport: Volleyball | Ve...
2026-03-27 13:36:02 [INFO]   Record 05: Event ID: EVT1771 | Event Name: Arab Nations Championship Group Stage | Sport: Basketball ...
2026-03-27 13:36:02 [INFO]   Record 06: Event ID: EVT6553 | Event Name: Gulf Youth Cup Round 2 | Sport: Football | Venue: Lusail S...
2026-03-27 13:36:02 [INFO]   Record 07: Event ID: EVT1593 | Event Name: Arab Nations Championship Semi Final | Sport: Athletics | ...
2026-03-27 13:36:02 [INFO]   Record 08: Event ID: EVT8565 | Event Name: MOS Annual Charity Football Gala | Sport: Football | Venue...
2026-03-27 13:36:02 [INFO] ------------------------------------------------------------------
2026-03-27 13:36:02 [INFO] File written successfully.
2026-03-27 13:36:02 [INFO]   Full path : /home/cloudera/mos_qatar_demo_poc/landing/mos_sports_events_20260327_133602.txt
2026-03-27 13:36:02 [INFO]   Size      : 2070 bytes
2026-03-27 13:36:02 [INFO]   Records   : 8
2026-03-27 13:36:02 [INFO] ==================================================================
2026-03-27 13:36:02 [INFO]   Generator Completed Successfully
2026-03-27 13:36:02 [INFO] ==================================================================
