2026-03-26 14:43:02 [INFO] ==================================================================
2026-03-26 14:43:02 [INFO]   MOS Qatar Demo - Sports Data Generator
2026-03-26 14:43:02 [INFO] ==================================================================
2026-03-26 14:43:02 [INFO] Config file   : /home/cloudera/mos_qatar_demo_poc/config/mos_qatar_demo.ini
2026-03-26 14:43:02 [INFO] Landing dir   : /home/cloudera/mos_qatar_demo_poc/landing
2026-03-26 14:43:02 [INFO] Output file   : mos_sports_events_20260326_144302.txt
2026-03-26 14:43:02 [INFO] Records count : 4
2026-03-26 14:43:02 [INFO] ------------------------------------------------------------------
2026-03-26 14:43:02 [INFO]   Record 01: Event ID: EVT6669 | Event Name: Gulf Youth Cup Semi Final | Sport: Football | Venue: Qatar...
2026-03-26 14:43:02 [INFO]   Record 02: Event ID: EVT3857 | Event Name: Gulf Youth Cup Round 1 | Sport: Football | Venue: Qatar Sp...
2026-03-26 14:43:02 [INFO]   Record 03: Event ID: EVT2134 | Event Name: Asian Qualifiers Warm-up Match | Sport: Football | Venue: ...
2026-03-26 14:43:02 [INFO]   Record 04: Event ID: EVT8604 | Event Name: Qatar Premier League Match Day 5 | Sport: Football | Venue...
2026-03-26 14:43:02 [INFO] ------------------------------------------------------------------
2026-03-26 14:43:02 [INFO] File written successfully.
2026-03-26 14:43:02 [INFO]   Full path : /home/cloudera/mos_qatar_demo_poc/landing/mos_sports_events_20260326_144302.txt
2026-03-26 14:43:02 [INFO]   Size      : 1025 bytes
2026-03-26 14:43:02 [INFO]   Records   : 4
2026-03-26 14:43:02 [INFO] ==================================================================
2026-03-26 14:43:02 [INFO]   Generator Completed Successfully
2026-03-26 14:43:02 [INFO] ==================================================================
