2026-03-25 03:20:02 [INFO] ==================================================================
2026-03-25 03:20:02 [INFO]   MOS Qatar Demo - Sports Data Generator
2026-03-25 03:20:02 [INFO] ==================================================================
2026-03-25 03:20:02 [INFO] Config file   : /home/cloudera/mos_qatar_demo_poc/config/mos_qatar_demo.ini
2026-03-25 03:20:02 [INFO] Landing dir   : /home/cloudera/mos_qatar_demo_poc/landing
2026-03-25 03:20:02 [INFO] Output file   : mos_sports_events_20260325_032002.txt
2026-03-25 03:20:02 [INFO] Records count : 8
2026-03-25 03:20:02 [INFO] ------------------------------------------------------------------
2026-03-25 03:20:02 [INFO]   Record 01: Event ID: EVT8542 | Event Name: FIFA World Cup Qatar Legacy Match | Sport: Swimming | Venu...
2026-03-25 03:20:02 [INFO]   Record 02: Event ID: EVT2882 | Event Name: GCC Club Championship Semi Final | Sport: Athletics | Venu...
2026-03-25 03:20:02 [INFO]   Record 03: Event ID: EVT7965 | Event Name: National Day Football Celebration | Sport: Football | Venu...
2026-03-25 03:20:02 [INFO]   Record 04: Event ID: EVT8618 | Event Name: Qatar Cup Semi Final | Sport: Football | Venue: Qatar Spor...
2026-03-25 03:20:02 [INFO]   Record 05: Event ID: EVT6879 | Event Name: Asian Qualifiers Warm-up Match | Sport: Basketball | Venue...
2026-03-25 03:20:02 [INFO]   Record 06: Event ID: EVT5177 | Event Name: Qatar Cup Final | Sport: Football | Venue: Al Thumama Stad...
2026-03-25 03:20:02 [INFO]   Record 07: Event ID: EVT5865 | Event Name: FIFA World Cup Qatar Legacy Match | Sport: Handball | Venu...
2026-03-25 03:20:02 [INFO]   Record 08: Event ID: EVT3734 | Event Name: Arab Nations Championship Semi Final | Sport: Athletics | ...
2026-03-25 03:20:02 [INFO] ------------------------------------------------------------------
2026-03-25 03:20:02 [INFO] File written successfully.
2026-03-25 03:20:02 [INFO]   Full path : /home/cloudera/mos_qatar_demo_poc/landing/mos_sports_events_20260325_032002.txt
2026-03-25 03:20:02 [INFO]   Size      : 2102 bytes
2026-03-25 03:20:02 [INFO]   Records   : 8
2026-03-25 03:20:02 [INFO] ==================================================================
2026-03-25 03:20:02 [INFO]   Generator Completed Successfully
2026-03-25 03:20:02 [INFO] ==================================================================
