2026-03-24 19:11:01 [INFO] ==================================================================
2026-03-24 19:11:01 [INFO]   MOS Qatar Demo - Sports Data Generator
2026-03-24 19:11:01 [INFO] ==================================================================
2026-03-24 19:11:01 [INFO] Config file   : /home/cloudera/mos_qatar_demo_poc/config/mos_qatar_demo.ini
2026-03-24 19:11:01 [INFO] Landing dir   : /home/cloudera/mos_qatar_demo_poc/landing
2026-03-24 19:11:01 [INFO] Output file   : mos_sports_events_20260324_191101.txt
2026-03-24 19:11:01 [INFO] Records count : 5
2026-03-24 19:11:01 [INFO] ------------------------------------------------------------------
2026-03-24 19:11:01 [INFO]   Record 01: Event ID: EVT2201 | Event Name: FIFA World Cup Qatar Legacy Match | Sport: Football | Venu...
2026-03-24 19:11:01 [INFO]   Record 02: Event ID: EVT9409 | Event Name: Qatar Premier League Match Day 5 | Sport: Basketball | Ven...
2026-03-24 19:11:01 [INFO]   Record 03: Event ID: EVT2914 | Event Name: Doha Sports Festival Opening Match | Sport: Basketball | V...
2026-03-24 19:11:01 [INFO]   Record 04: Event ID: EVT9886 | Event Name: Ministry Invitational Friendly Tournament | Sport: Footbal...
2026-03-24 19:11:01 [INFO]   Record 05: Event ID: EVT9946 | Event Name: Asian Qualifiers Warm-up Match | Sport: Football | Venue: ...
2026-03-24 19:11:01 [INFO] ------------------------------------------------------------------
2026-03-24 19:11:01 [INFO] File written successfully.
2026-03-24 19:11:01 [INFO]   Full path : /home/cloudera/mos_qatar_demo_poc/landing/mos_sports_events_20260324_191101.txt
2026-03-24 19:11:01 [INFO]   Size      : 1318 bytes
2026-03-24 19:11:01 [INFO]   Records   : 5
2026-03-24 19:11:01 [INFO] ==================================================================
2026-03-24 19:11:01 [INFO]   Generator Completed Successfully
2026-03-24 19:11:01 [INFO] ==================================================================
