2026-03-24 17:46:02 [INFO] ==================================================================
2026-03-24 17:46:02 [INFO]   MOS Qatar Demo - Sports Data Generator
2026-03-24 17:46:02 [INFO] ==================================================================
2026-03-24 17:46:02 [INFO] Config file   : /home/cloudera/mos_qatar_demo_poc/config/mos_qatar_demo.ini
2026-03-24 17:46:02 [INFO] Landing dir   : /home/cloudera/mos_qatar_demo_poc/landing
2026-03-24 17:46:02 [INFO] Output file   : mos_sports_events_20260324_174602.txt
2026-03-24 17:46:02 [INFO] Records count : 6
2026-03-24 17:46:02 [INFO] ------------------------------------------------------------------
2026-03-24 17:46:02 [INFO]   Record 01: Event ID: EVT4499 | Event Name: MOS Annual Charity Football Gala | Sport: Volleyball | Ven...
2026-03-24 17:46:02 [INFO]   Record 02: Event ID: EVT1910 | Event Name: Qatar Cup Semi Final | Sport: Football | Venue: Al Bayt St...
2026-03-24 17:46:02 [INFO]   Record 03: Event ID: EVT1040 | Event Name: Qatar Olympic Training Camp Evaluation | Sport: Handball |...
2026-03-24 17:46:02 [INFO]   Record 04: Event ID: EVT7804 | Event Name: Qatar Premier League Match Day 12 | Sport: Football | Venu...
2026-03-24 17:46:02 [INFO]   Record 05: Event ID: EVT7307 | Event Name: Ministry Youth Sports Day | Sport: Football | Venue: Educa...
2026-03-24 17:46:02 [INFO]   Record 06: Event ID: EVT3789 | Event Name: Qatar Under-20 Development League | Sport: Basketball | Ve...
2026-03-24 17:46:02 [INFO] ------------------------------------------------------------------
2026-03-24 17:46:02 [INFO] File written successfully.
2026-03-24 17:46:02 [INFO]   Full path : /home/cloudera/mos_qatar_demo_poc/landing/mos_sports_events_20260324_174602.txt
2026-03-24 17:46:02 [INFO]   Size      : 1540 bytes
2026-03-24 17:46:02 [INFO]   Records   : 6
2026-03-24 17:46:02 [INFO] ==================================================================
2026-03-24 17:46:02 [INFO]   Generator Completed Successfully
2026-03-24 17:46:02 [INFO] ==================================================================
