2026-03-26 23:22:01 [INFO] ==================================================================
2026-03-26 23:22:01 [INFO]   MOS Qatar Demo - Sports Data Generator
2026-03-26 23:22:01 [INFO] ==================================================================
2026-03-26 23:22:01 [INFO] Config file   : /home/cloudera/mos_qatar_demo_poc/config/mos_qatar_demo.ini
2026-03-26 23:22:01 [INFO] Landing dir   : /home/cloudera/mos_qatar_demo_poc/landing
2026-03-26 23:22:01 [INFO] Output file   : mos_sports_events_20260326_232201.txt
2026-03-26 23:22:01 [INFO] Records count : 9
2026-03-26 23:22:01 [INFO] ------------------------------------------------------------------
2026-03-26 23:22:01 [INFO]   Record 01: Event ID: EVT4974 | Event Name: Qatar Premier League Match Day 12 | Sport: Football | Venu...
2026-03-26 23:22:01 [INFO]   Record 02: Event ID: EVT8415 | Event Name: Qatar Schools Football League | Sport: Football | Venue: E...
2026-03-26 23:22:01 [INFO]   Record 03: Event ID: EVT1227 | Event Name: Qatar Premier League Match Day 5 | Sport: Football | Venue...
2026-03-26 23:22:01 [INFO]   Record 04: Event ID: EVT1930 | Event Name: Qatar Schools Football League | Sport: Football | Venue: A...
2026-03-26 23:22:01 [INFO]   Record 05: Event ID: EVT5954 | Event Name: Qatar Premier League Match Day 12 | Sport: Football | Venu...
2026-03-26 23:22:01 [INFO]   Record 06: Event ID: EVT2848 | Event Name: MOS Annual Charity Football Gala | Sport: Swimming | Venue...
2026-03-26 23:22:01 [INFO]   Record 07: Event ID: EVT5465 | Event Name: National Team Preparation Match | Sport: Football | Venue:...
2026-03-26 23:22:01 [INFO]   Record 08: Event ID: EVT3731 | Event Name: GCC Club Championship Quarter Final | Sport: Football | Ve...
2026-03-26 23:22:01 [INFO]   Record 09: Event ID: EVT9939 | Event Name: Ministry Invitational Friendly Tournament | Sport: Swimmin...
2026-03-26 23:22:01 [INFO] ------------------------------------------------------------------
2026-03-26 23:22:01 [INFO] File written successfully.
2026-03-26 23:22:01 [INFO]   Full path : /home/cloudera/mos_qatar_demo_poc/landing/mos_sports_events_20260326_232201.txt
2026-03-26 23:22:01 [INFO]   Size      : 2325 bytes
2026-03-26 23:22:01 [INFO]   Records   : 9
2026-03-26 23:22:01 [INFO] ==================================================================
2026-03-26 23:22:01 [INFO]   Generator Completed Successfully
2026-03-26 23:22:01 [INFO] ==================================================================
