2026-03-26 10:26:02 [INFO] ==================================================================
2026-03-26 10:26:02 [INFO]   MOS Qatar Demo - Sports Data Generator
2026-03-26 10:26:02 [INFO] ==================================================================
2026-03-26 10:26:02 [INFO] Config file   : /home/cloudera/mos_qatar_demo_poc/config/mos_qatar_demo.ini
2026-03-26 10:26:02 [INFO] Landing dir   : /home/cloudera/mos_qatar_demo_poc/landing
2026-03-26 10:26:02 [INFO] Output file   : mos_sports_events_20260326_102602.txt
2026-03-26 10:26:02 [INFO] Records count : 9
2026-03-26 10:26:02 [INFO] ------------------------------------------------------------------
2026-03-26 10:26:02 [INFO]   Record 01: Event ID: EVT3466 | Event Name: Doha Sports Festival Opening Match | Sport: Volleyball | V...
2026-03-26 10:26:02 [INFO]   Record 02: Event ID: EVT2788 | Event Name: Qatar Under-20 Development League | Sport: Athletics | Ven...
2026-03-26 10:26:02 [INFO]   Record 03: Event ID: EVT2178 | Event Name: Gulf Youth Cup Quarter Final | Sport: Football | Venue: Kh...
2026-03-26 10:26:02 [INFO]   Record 04: Event ID: EVT9814 | Event Name: MOS Annual Charity Football Gala | Sport: Football | Venue...
2026-03-26 10:26:02 [INFO]   Record 05: Event ID: EVT9367 | Event Name: MOS Annual Charity Football Gala | Sport: Volleyball | Ven...
2026-03-26 10:26:02 [INFO]   Record 06: Event ID: EVT4229 | Event Name: Qatar Cup Semi Final | Sport: Athletics | Venue: Al Wakrah...
2026-03-26 10:26:02 [INFO]   Record 07: Event ID: EVT4226 | Event Name: Gulf Youth Cup Round 1 | Sport: Handball | Venue: Aspire Z...
2026-03-26 10:26:02 [INFO]   Record 08: Event ID: EVT6344 | Event Name: Arab Nations Championship Semi Final | Sport: Swimming | V...
2026-03-26 10:26:02 [INFO]   Record 09: Event ID: EVT3645 | Event Name: Gulf Youth Cup Quarter Final | Sport: Handball | Venue: Qa...
2026-03-26 10:26:02 [INFO] ------------------------------------------------------------------
2026-03-26 10:26:02 [INFO] File written successfully.
2026-03-26 10:26:02 [INFO]   Full path : /home/cloudera/mos_qatar_demo_poc/landing/mos_sports_events_20260326_102602.txt
2026-03-26 10:26:02 [INFO]   Size      : 2368 bytes
2026-03-26 10:26:02 [INFO]   Records   : 9
2026-03-26 10:26:02 [INFO] ==================================================================
2026-03-26 10:26:02 [INFO]   Generator Completed Successfully
2026-03-26 10:26:02 [INFO] ==================================================================
