2026-03-25 08:46:01 [INFO] ==================================================================
2026-03-25 08:46:01 [INFO]   MOS Qatar Demo - Sports Data Generator
2026-03-25 08:46:01 [INFO] ==================================================================
2026-03-25 08:46:01 [INFO] Config file   : /home/cloudera/mos_qatar_demo_poc/config/mos_qatar_demo.ini
2026-03-25 08:46:01 [INFO] Landing dir   : /home/cloudera/mos_qatar_demo_poc/landing
2026-03-25 08:46:01 [INFO] Output file   : mos_sports_events_20260325_084601.txt
2026-03-25 08:46:01 [INFO] Records count : 5
2026-03-25 08:46:01 [INFO] ------------------------------------------------------------------
2026-03-25 08:46:01 [INFO]   Record 01: Event ID: EVT6377 | Event Name: FIFA World Cup Qatar Legacy Match | Sport: Football | Venu...
2026-03-25 08:46:01 [INFO]   Record 02: Event ID: EVT9049 | Event Name: Arab Nations Championship Semi Final | Sport: Football | V...
2026-03-25 08:46:01 [INFO]   Record 03: Event ID: EVT8076 | Event Name: GCC Club Championship Semi Final | Sport: Volleyball | Ven...
2026-03-25 08:46:01 [INFO]   Record 04: Event ID: EVT5339 | Event Name: Gulf Youth Cup Final | Sport: Handball | Venue: Al Janoub ...
2026-03-25 08:46:01 [INFO]   Record 05: Event ID: EVT9706 | Event Name: GCC Club Championship Semi Final | Sport: Football | Venue...
2026-03-25 08:46:01 [INFO] ------------------------------------------------------------------
2026-03-25 08:46:01 [INFO] File written successfully.
2026-03-25 08:46:01 [INFO]   Full path : /home/cloudera/mos_qatar_demo_poc/landing/mos_sports_events_20260325_084601.txt
2026-03-25 08:46:01 [INFO]   Size      : 1286 bytes
2026-03-25 08:46:01 [INFO]   Records   : 5
2026-03-25 08:46:01 [INFO] ==================================================================
2026-03-25 08:46:01 [INFO]   Generator Completed Successfully
2026-03-25 08:46:01 [INFO] ==================================================================
