2026-03-26 20:03:01 [INFO] ==================================================================
2026-03-26 20:03:01 [INFO]   MOS Qatar Demo - Sports Data Generator
2026-03-26 20:03:01 [INFO] ==================================================================
2026-03-26 20:03:01 [INFO] Config file   : /home/cloudera/mos_qatar_demo_poc/config/mos_qatar_demo.ini
2026-03-26 20:03:01 [INFO] Landing dir   : /home/cloudera/mos_qatar_demo_poc/landing
2026-03-26 20:03:01 [INFO] Output file   : mos_sports_events_20260326_200301.txt
2026-03-26 20:03:01 [INFO] Records count : 9
2026-03-26 20:03:01 [INFO] ------------------------------------------------------------------
2026-03-26 20:03:01 [INFO]   Record 01: Event ID: EVT7258 | Event Name: Ramadan Football Festival | Sport: Basketball | Venue: Kha...
2026-03-26 20:03:01 [INFO]   Record 02: Event ID: EVT6730 | Event Name: Doha Sports Festival Opening Match | Sport: Football | Ven...
2026-03-26 20:03:01 [INFO]   Record 03: Event ID: EVT1079 | Event Name: Qatar Cup Final | Sport: Volleyball | Venue: Al Thumama St...
2026-03-26 20:03:01 [INFO]   Record 04: Event ID: EVT8513 | Event Name: Ministry Invitational Friendly Tournament | Sport: Handbal...
2026-03-26 20:03:01 [INFO]   Record 05: Event ID: EVT3976 | Event Name: Arab Nations Championship Semi Final | Sport: Football | V...
2026-03-26 20:03:01 [INFO]   Record 06: Event ID: EVT6273 | Event Name: GCC Club Championship Semi Final | Sport: Athletics | Venu...
2026-03-26 20:03:01 [INFO]   Record 07: Event ID: EVT9394 | Event Name: Doha Sports Festival Opening Match | Sport: Football | Ven...
2026-03-26 20:03:01 [INFO]   Record 08: Event ID: EVT3019 | Event Name: FIFA World Cup Qatar Legacy Match | Sport: Volleyball | Ve...
2026-03-26 20:03:01 [INFO]   Record 09: Event ID: EVT7197 | Event Name: Ministry Invitational Friendly Tournament | Sport: Footbal...
2026-03-26 20:03:01 [INFO] ------------------------------------------------------------------
2026-03-26 20:03:01 [INFO] File written successfully.
2026-03-26 20:03:01 [INFO]   Full path : /home/cloudera/mos_qatar_demo_poc/landing/mos_sports_events_20260326_200301.txt
2026-03-26 20:03:01 [INFO]   Size      : 2404 bytes
2026-03-26 20:03:01 [INFO]   Records   : 9
2026-03-26 20:03:01 [INFO] ==================================================================
2026-03-26 20:03:01 [INFO]   Generator Completed Successfully
2026-03-26 20:03:01 [INFO] ==================================================================
