2026-03-27 21:24:02 [INFO] ==================================================================
2026-03-27 21:24:02 [INFO]   MOS Qatar Demo - Sports Data Generator
2026-03-27 21:24:02 [INFO] ==================================================================
2026-03-27 21:24:02 [INFO] Config file   : /home/cloudera/mos_qatar_demo_poc/config/mos_qatar_demo.ini
2026-03-27 21:24:02 [INFO] Landing dir   : /home/cloudera/mos_qatar_demo_poc/landing
2026-03-27 21:24:02 [INFO] Output file   : mos_sports_events_20260327_212402.txt
2026-03-27 21:24:02 [INFO] Records count : 9
2026-03-27 21:24:02 [INFO] ------------------------------------------------------------------
2026-03-27 21:24:02 [INFO]   Record 01: Event ID: EVT6454 | Event Name: FIFA World Cup Qatar Legacy Match | Sport: Athletics | Ven...
2026-03-27 21:24:02 [INFO]   Record 02: Event ID: EVT2695 | Event Name: FIFA World Cup Qatar Legacy Match | Sport: Volleyball | Ve...
2026-03-27 21:24:02 [INFO]   Record 03: Event ID: EVT3781 | Event Name: GCC Club Championship Quarter Final | Sport: Football | Ve...
2026-03-27 21:24:02 [INFO]   Record 04: Event ID: EVT6285 | Event Name: Ramadan Football Festival | Sport: Volleyball | Venue: Al ...
2026-03-27 21:24:02 [INFO]   Record 05: Event ID: EVT9013 | Event Name: GCC Club Championship Final | Sport: Football | Venue: Edu...
2026-03-27 21:24:02 [INFO]   Record 06: Event ID: EVT1268 | Event Name: Arab Nations Championship Semi Final | Sport: Football | V...
2026-03-27 21:24:02 [INFO]   Record 07: Event ID: EVT6997 | Event Name: Qatar Olympic Training Camp Evaluation | Sport: Handball |...
2026-03-27 21:24:02 [INFO]   Record 08: Event ID: EVT5558 | Event Name: GCC Club Championship Semi Final | Sport: Handball | Venue...
2026-03-27 21:24:02 [INFO]   Record 09: Event ID: EVT8465 | Event Name: Qatar Cup Final | Sport: Football | Venue: Al Wakrah Sport...
2026-03-27 21:24:02 [INFO] ------------------------------------------------------------------
2026-03-27 21:24:02 [INFO] File written successfully.
2026-03-27 21:24:02 [INFO]   Full path : /home/cloudera/mos_qatar_demo_poc/landing/mos_sports_events_20260327_212402.txt
2026-03-27 21:24:02 [INFO]   Size      : 2341 bytes
2026-03-27 21:24:02 [INFO]   Records   : 9
2026-03-27 21:24:02 [INFO] ==================================================================
2026-03-27 21:24:02 [INFO]   Generator Completed Successfully
2026-03-27 21:24:02 [INFO] ==================================================================
