2026-03-26 18:48:02 [INFO] ==================================================================
2026-03-26 18:48:02 [INFO]   MOS Qatar Demo - Sports Data Generator
2026-03-26 18:48:02 [INFO] ==================================================================
2026-03-26 18:48:02 [INFO] Config file   : /home/cloudera/mos_qatar_demo_poc/config/mos_qatar_demo.ini
2026-03-26 18:48:02 [INFO] Landing dir   : /home/cloudera/mos_qatar_demo_poc/landing
2026-03-26 18:48:02 [INFO] Output file   : mos_sports_events_20260326_184802.txt
2026-03-26 18:48:02 [INFO] Records count : 10
2026-03-26 18:48:02 [INFO] ------------------------------------------------------------------
2026-03-26 18:48:02 [INFO]   Record 01: Event ID: EVT1715 | Event Name: Doha Sports Festival Opening Match | Sport: Volleyball | V...
2026-03-26 18:48:02 [INFO]   Record 02: Event ID: EVT2759 | Event Name: Gulf Cup Qualifier Round 1 | Sport: Football | Venue: Al B...
2026-03-26 18:48:02 [INFO]   Record 03: Event ID: EVT1133 | Event Name: Arab Nations Championship Group Stage | Sport: Football | ...
2026-03-26 18:48:02 [INFO]   Record 04: Event ID: EVT5378 | Event Name: Qatar Cup Final | Sport: Handball | Venue: Lusail Stadium ...
2026-03-26 18:48:02 [INFO]   Record 05: Event ID: EVT6386 | Event Name: Qatar Cup Final | Sport: Football | Venue: Education City ...
2026-03-26 18:48:02 [INFO]   Record 06: Event ID: EVT5805 | Event Name: Asian Qualifiers Warm-up Match | Sport: Football | Venue: ...
2026-03-26 18:48:02 [INFO]   Record 07: Event ID: EVT7417 | Event Name: Ministry Youth Sports Day | Sport: Basketball | Venue: Qat...
2026-03-26 18:48:02 [INFO]   Record 08: Event ID: EVT6034 | Event Name: Ramadan Football Festival | Sport: Football | Venue: Al Th...
2026-03-26 18:48:02 [INFO]   Record 09: Event ID: EVT7465 | Event Name: FIFA World Cup Qatar Legacy Match | Sport: Football | Venu...
2026-03-26 18:48:02 [INFO]   Record 10: Event ID: EVT3402 | Event Name: GCC Club Championship Quarter Final | Sport: Handball | Ve...
2026-03-26 18:48:02 [INFO] ------------------------------------------------------------------
2026-03-26 18:48:02 [INFO] File written successfully.
2026-03-26 18:48:02 [INFO]   Full path : /home/cloudera/mos_qatar_demo_poc/landing/mos_sports_events_20260326_184802.txt
2026-03-26 18:48:02 [INFO]   Size      : 2559 bytes
2026-03-26 18:48:02 [INFO]   Records   : 10
2026-03-26 18:48:02 [INFO] ==================================================================
2026-03-26 18:48:02 [INFO]   Generator Completed Successfully
2026-03-26 18:48:02 [INFO] ==================================================================
