2026-03-25 19:08:01 [INFO] ==================================================================
2026-03-25 19:08:01 [INFO]   MOS Qatar Demo - Sports Data Generator
2026-03-25 19:08:01 [INFO] ==================================================================
2026-03-25 19:08:01 [INFO] Config file   : /home/cloudera/mos_qatar_demo_poc/config/mos_qatar_demo.ini
2026-03-25 19:08:01 [INFO] Landing dir   : /home/cloudera/mos_qatar_demo_poc/landing
2026-03-25 19:08:01 [INFO] Output file   : mos_sports_events_20260325_190801.txt
2026-03-25 19:08:01 [INFO] Records count : 8
2026-03-25 19:08:01 [INFO] ------------------------------------------------------------------
2026-03-25 19:08:01 [INFO]   Record 01: Event ID: EVT1272 | Event Name: Gulf Youth Cup Semi Final | Sport: Swimming | Venue: Al Wa...
2026-03-25 19:08:01 [INFO]   Record 02: Event ID: EVT3525 | Event Name: Qatar Premier League Match Day 5 | Sport: Basketball | Ven...
2026-03-25 19:08:01 [INFO]   Record 03: Event ID: EVT4095 | Event Name: Gulf Youth Cup Semi Final | Sport: Football | Venue: Al Ba...
2026-03-25 19:08:01 [INFO]   Record 04: Event ID: EVT5720 | Event Name: Gulf Youth Cup Semi Final | Sport: Football | Venue: Aspir...
2026-03-25 19:08:01 [INFO]   Record 05: Event ID: EVT9147 | Event Name: GCC Club Championship Semi Final | Sport: Volleyball | Ven...
2026-03-25 19:08:01 [INFO]   Record 06: Event ID: EVT2162 | Event Name: Asian Qualifiers Warm-up Match | Sport: Athletics | Venue:...
2026-03-25 19:08:01 [INFO]   Record 07: Event ID: EVT1410 | Event Name: Qatar Cup Final | Sport: Athletics | Venue: Qatar Sports C...
2026-03-25 19:08:01 [INFO]   Record 08: Event ID: EVT7211 | Event Name: Doha Sports Festival Opening Match | Sport: Football | Ven...
2026-03-25 19:08:01 [INFO] ------------------------------------------------------------------
2026-03-25 19:08:01 [INFO] File written successfully.
2026-03-25 19:08:01 [INFO]   Full path : /home/cloudera/mos_qatar_demo_poc/landing/mos_sports_events_20260325_190801.txt
2026-03-25 19:08:01 [INFO]   Size      : 2048 bytes
2026-03-25 19:08:01 [INFO]   Records   : 8
2026-03-25 19:08:01 [INFO] ==================================================================
2026-03-25 19:08:01 [INFO]   Generator Completed Successfully
2026-03-25 19:08:01 [INFO] ==================================================================
