2026-03-25 11:18:01 [INFO] ==================================================================
2026-03-25 11:18:01 [INFO]   MOS Qatar Demo - Sports Data Generator
2026-03-25 11:18:01 [INFO] ==================================================================
2026-03-25 11:18:01 [INFO] Config file   : /home/cloudera/mos_qatar_demo_poc/config/mos_qatar_demo.ini
2026-03-25 11:18:01 [INFO] Landing dir   : /home/cloudera/mos_qatar_demo_poc/landing
2026-03-25 11:18:01 [INFO] Output file   : mos_sports_events_20260325_111801.txt
2026-03-25 11:18:01 [INFO] Records count : 6
2026-03-25 11:18:01 [INFO] ------------------------------------------------------------------
2026-03-25 11:18:01 [INFO]   Record 01: Event ID: EVT3641 | Event Name: Asian Qualifiers Warm-up Match | Sport: Handball | Venue: ...
2026-03-25 11:18:01 [INFO]   Record 02: Event ID: EVT9066 | Event Name: Gulf Youth Cup Final | Sport: Football | Venue: Al Janoub ...
2026-03-25 11:18:01 [INFO]   Record 03: Event ID: EVT8691 | Event Name: Ramadan Football Festival | Sport: Football | Venue: Aspir...
2026-03-25 11:18:01 [INFO]   Record 04: Event ID: EVT8673 | Event Name: Qatar Premier League Match Day 5 | Sport: Volleyball | Ven...
2026-03-25 11:18:01 [INFO]   Record 05: Event ID: EVT5189 | Event Name: Gulf Cup Qualifier Round 1 | Sport: Football | Venue: Lusa...
2026-03-25 11:18:01 [INFO]   Record 06: Event ID: EVT5181 | Event Name: Qatar Premier League Match Day 5 | Sport: Volleyball | Ven...
2026-03-25 11:18:01 [INFO] ------------------------------------------------------------------
2026-03-25 11:18:01 [INFO] File written successfully.
2026-03-25 11:18:01 [INFO]   Full path : /home/cloudera/mos_qatar_demo_poc/landing/mos_sports_events_20260325_111801.txt
2026-03-25 11:18:01 [INFO]   Size      : 1512 bytes
2026-03-25 11:18:01 [INFO]   Records   : 6
2026-03-25 11:18:01 [INFO] ==================================================================
2026-03-25 11:18:01 [INFO]   Generator Completed Successfully
2026-03-25 11:18:01 [INFO] ==================================================================
