2026-03-24 15:36:01 [INFO] ==================================================================
2026-03-24 15:36:01 [INFO]   MOS Qatar Demo - Sports Data Generator
2026-03-24 15:36:01 [INFO] ==================================================================
2026-03-24 15:36:01 [INFO] Config file   : /home/cloudera/mos_qatar_demo_poc/config/mos_qatar_demo.ini
2026-03-24 15:36:01 [INFO] Landing dir   : /home/cloudera/mos_qatar_demo_poc/landing
2026-03-24 15:36:01 [INFO] Output file   : mos_sports_events_20260324_153601.txt
2026-03-24 15:36:01 [INFO] Records count : 4
2026-03-24 15:36:01 [INFO] ------------------------------------------------------------------
2026-03-24 15:36:01 [INFO]   Record 01: Event ID: EVT7752 | Event Name: GCC Club Championship Quarter Final | Sport: Football | Ve...
2026-03-24 15:36:01 [INFO]   Record 02: Event ID: EVT6090 | Event Name: Asian Qualifiers Warm-up Match | Sport: Swimming | Venue: ...
2026-03-24 15:36:01 [INFO]   Record 03: Event ID: EVT7315 | Event Name: Qatar Premier League Match Day 12 | Sport: Volleyball | Ve...
2026-03-24 15:36:01 [INFO]   Record 04: Event ID: EVT7751 | Event Name: Qatar Premier League Match Day 12 | Sport: Handball | Venu...
2026-03-24 15:36:01 [INFO] ------------------------------------------------------------------
2026-03-24 15:36:01 [INFO] File written successfully.
2026-03-24 15:36:01 [INFO]   Full path : /home/cloudera/mos_qatar_demo_poc/landing/mos_sports_events_20260324_153601.txt
2026-03-24 15:36:01 [INFO]   Size      : 1031 bytes
2026-03-24 15:36:01 [INFO]   Records   : 4
2026-03-24 15:36:01 [INFO] ==================================================================
2026-03-24 15:36:01 [INFO]   Generator Completed Successfully
2026-03-24 15:36:01 [INFO] ==================================================================
