2026-03-24 19:02:02 [INFO] ==================================================================
2026-03-24 19:02:02 [INFO]   MOS Qatar Demo - Sports Data Generator
2026-03-24 19:02:02 [INFO] ==================================================================
2026-03-24 19:02:02 [INFO] Config file   : /home/cloudera/mos_qatar_demo_poc/config/mos_qatar_demo.ini
2026-03-24 19:02:02 [INFO] Landing dir   : /home/cloudera/mos_qatar_demo_poc/landing
2026-03-24 19:02:02 [INFO] Output file   : mos_sports_events_20260324_190202.txt
2026-03-24 19:02:02 [INFO] Records count : 6
2026-03-24 19:02:02 [INFO] ------------------------------------------------------------------
2026-03-24 19:02:02 [INFO]   Record 01: Event ID: EVT4783 | Event Name: Qatar Schools Football League | Sport: Football | Venue: A...
2026-03-24 19:02:02 [INFO]   Record 02: Event ID: EVT2333 | Event Name: Qatar Cup Semi Final | Sport: Football | Venue: Aspire Zon...
2026-03-24 19:02:02 [INFO]   Record 03: Event ID: EVT6916 | Event Name: Ministry Youth Sports Day | Sport: Volleyball | Venue: Ahm...
2026-03-24 19:02:02 [INFO]   Record 04: Event ID: EVT7548 | Event Name: Gulf Cup Qualifier Round 1 | Sport: Football | Venue: Aspi...
2026-03-24 19:02:02 [INFO]   Record 05: Event ID: EVT4368 | Event Name: Gulf Youth Cup Semi Final | Sport: Basketball | Venue: Al ...
2026-03-24 19:02:02 [INFO]   Record 06: Event ID: EVT7198 | Event Name: Ramadan Football Festival | Sport: Athletics | Venue: Al W...
2026-03-24 19:02:02 [INFO] ------------------------------------------------------------------
2026-03-24 19:02:02 [INFO] File written successfully.
2026-03-24 19:02:02 [INFO]   Full path : /home/cloudera/mos_qatar_demo_poc/landing/mos_sports_events_20260324_190202.txt
2026-03-24 19:02:02 [INFO]   Size      : 1532 bytes
2026-03-24 19:02:02 [INFO]   Records   : 6
2026-03-24 19:02:02 [INFO] ==================================================================
2026-03-24 19:02:02 [INFO]   Generator Completed Successfully
2026-03-24 19:02:02 [INFO] ==================================================================
