2026-03-26 14:19:02 [INFO] ==================================================================
2026-03-26 14:19:02 [INFO]   MOS Qatar Demo - Sports Data Generator
2026-03-26 14:19:02 [INFO] ==================================================================
2026-03-26 14:19:02 [INFO] Config file   : /home/cloudera/mos_qatar_demo_poc/config/mos_qatar_demo.ini
2026-03-26 14:19:02 [INFO] Landing dir   : /home/cloudera/mos_qatar_demo_poc/landing
2026-03-26 14:19:02 [INFO] Output file   : mos_sports_events_20260326_141902.txt
2026-03-26 14:19:02 [INFO] Records count : 7
2026-03-26 14:19:02 [INFO] ------------------------------------------------------------------
2026-03-26 14:19:02 [INFO]   Record 01: Event ID: EVT9619 | Event Name: GCC Club Championship Quarter Final | Sport: Football | Ve...
2026-03-26 14:19:02 [INFO]   Record 02: Event ID: EVT3615 | Event Name: GCC Club Championship Semi Final | Sport: Handball | Venue...
2026-03-26 14:19:02 [INFO]   Record 03: Event ID: EVT4126 | Event Name: Ministry Invitational Friendly Tournament | Sport: Athleti...
2026-03-26 14:19:02 [INFO]   Record 04: Event ID: EVT1724 | Event Name: Arab Nations Championship Group Stage | Sport: Swimming | ...
2026-03-26 14:19:02 [INFO]   Record 05: Event ID: EVT3185 | Event Name: Qatar Schools Football League | Sport: Volleyball | Venue:...
2026-03-26 14:19:02 [INFO]   Record 06: Event ID: EVT6367 | Event Name: MOS Annual Charity Football Gala | Sport: Football | Venue...
2026-03-26 14:19:02 [INFO]   Record 07: Event ID: EVT7132 | Event Name: FIFA World Cup Qatar Legacy Match | Sport: Swimming | Venu...
2026-03-26 14:19:02 [INFO] ------------------------------------------------------------------
2026-03-26 14:19:02 [INFO] File written successfully.
2026-03-26 14:19:02 [INFO]   Full path : /home/cloudera/mos_qatar_demo_poc/landing/mos_sports_events_20260326_141902.txt
2026-03-26 14:19:02 [INFO]   Size      : 1810 bytes
2026-03-26 14:19:02 [INFO]   Records   : 7
2026-03-26 14:19:02 [INFO] ==================================================================
2026-03-26 14:19:02 [INFO]   Generator Completed Successfully
2026-03-26 14:19:02 [INFO] ==================================================================
