2026-03-25 14:34:01 [INFO] ==================================================================
2026-03-25 14:34:01 [INFO]   MOS Qatar Demo - Sports Data Generator
2026-03-25 14:34:01 [INFO] ==================================================================
2026-03-25 14:34:01 [INFO] Config file   : /home/cloudera/mos_qatar_demo_poc/config/mos_qatar_demo.ini
2026-03-25 14:34:01 [INFO] Landing dir   : /home/cloudera/mos_qatar_demo_poc/landing
2026-03-25 14:34:01 [INFO] Output file   : mos_sports_events_20260325_143401.txt
2026-03-25 14:34:01 [INFO] Records count : 5
2026-03-25 14:34:01 [INFO] ------------------------------------------------------------------
2026-03-25 14:34:01 [INFO]   Record 01: Event ID: EVT7016 | Event Name: National Team Preparation Match | Sport: Football | Venue:...
2026-03-25 14:34:01 [INFO]   Record 02: Event ID: EVT8674 | Event Name: Arab Nations Championship Semi Final | Sport: Volleyball |...
2026-03-25 14:34:01 [INFO]   Record 03: Event ID: EVT8776 | Event Name: GCC Club Championship Semi Final | Sport: Football | Venue...
2026-03-25 14:34:01 [INFO]   Record 04: Event ID: EVT6263 | Event Name: National Day Football Celebration | Sport: Swimming | Venu...
2026-03-25 14:34:01 [INFO]   Record 05: Event ID: EVT9037 | Event Name: Doha Sports Festival Opening Match | Sport: Football | Ven...
2026-03-25 14:34:01 [INFO] ------------------------------------------------------------------
2026-03-25 14:34:01 [INFO] File written successfully.
2026-03-25 14:34:01 [INFO]   Full path : /home/cloudera/mos_qatar_demo_poc/landing/mos_sports_events_20260325_143401.txt
2026-03-25 14:34:01 [INFO]   Size      : 1284 bytes
2026-03-25 14:34:01 [INFO]   Records   : 5
2026-03-25 14:34:01 [INFO] ==================================================================
2026-03-25 14:34:01 [INFO]   Generator Completed Successfully
2026-03-25 14:34:01 [INFO] ==================================================================
