2026-03-25 03:02:01 [INFO] ==================================================================
2026-03-25 03:02:01 [INFO]   MOS Qatar Demo - Sports Data Generator
2026-03-25 03:02:01 [INFO] ==================================================================
2026-03-25 03:02:01 [INFO] Config file   : /home/cloudera/mos_qatar_demo_poc/config/mos_qatar_demo.ini
2026-03-25 03:02:01 [INFO] Landing dir   : /home/cloudera/mos_qatar_demo_poc/landing
2026-03-25 03:02:01 [INFO] Output file   : mos_sports_events_20260325_030201.txt
2026-03-25 03:02:01 [INFO] Records count : 8
2026-03-25 03:02:01 [INFO] ------------------------------------------------------------------
2026-03-25 03:02:01 [INFO]   Record 01: Event ID: EVT1952 | Event Name: Qatar Olympic Training Camp Evaluation | Sport: Volleyball...
2026-03-25 03:02:01 [INFO]   Record 02: Event ID: EVT4512 | Event Name: Qatar Premier League Match Day 8 | Sport: Football | Venue...
2026-03-25 03:02:01 [INFO]   Record 03: Event ID: EVT1665 | Event Name: Gulf Youth Cup Round 2 | Sport: Swimming | Venue: Ahmad Bi...
2026-03-25 03:02:01 [INFO]   Record 04: Event ID: EVT3424 | Event Name: Asian Qualifiers Warm-up Match | Sport: Volleyball | Venue...
2026-03-25 03:02:01 [INFO]   Record 05: Event ID: EVT1114 | Event Name: Qatar Olympic Training Camp Evaluation | Sport: Football |...
2026-03-25 03:02:01 [INFO]   Record 06: Event ID: EVT3951 | Event Name: Qatar Under-20 Development League | Sport: Basketball | Ve...
2026-03-25 03:02:01 [INFO]   Record 07: Event ID: EVT8061 | Event Name: Arab Nations Championship Semi Final | Sport: Football | V...
2026-03-25 03:02:01 [INFO]   Record 08: Event ID: EVT2174 | Event Name: National Team Preparation Match | Sport: Football | Venue:...
2026-03-25 03:02:01 [INFO] ------------------------------------------------------------------
2026-03-25 03:02:01 [INFO] File written successfully.
2026-03-25 03:02:01 [INFO]   Full path : /home/cloudera/mos_qatar_demo_poc/landing/mos_sports_events_20260325_030201.txt
2026-03-25 03:02:01 [INFO]   Size      : 2121 bytes
2026-03-25 03:02:01 [INFO]   Records   : 8
2026-03-25 03:02:01 [INFO] ==================================================================
2026-03-25 03:02:01 [INFO]   Generator Completed Successfully
2026-03-25 03:02:01 [INFO] ==================================================================
