2026-03-26 13:47:02 [INFO] ==================================================================
2026-03-26 13:47:02 [INFO]   MOS Qatar Demo - Sports Data Generator
2026-03-26 13:47:02 [INFO] ==================================================================
2026-03-26 13:47:02 [INFO] Config file   : /home/cloudera/mos_qatar_demo_poc/config/mos_qatar_demo.ini
2026-03-26 13:47:02 [INFO] Landing dir   : /home/cloudera/mos_qatar_demo_poc/landing
2026-03-26 13:47:02 [INFO] Output file   : mos_sports_events_20260326_134702.txt
2026-03-26 13:47:02 [INFO] Records count : 5
2026-03-26 13:47:02 [INFO] ------------------------------------------------------------------
2026-03-26 13:47:02 [INFO]   Record 01: Event ID: EVT7021 | Event Name: Ramadan Football Festival | Sport: Basketball | Venue: Al ...
2026-03-26 13:47:02 [INFO]   Record 02: Event ID: EVT2859 | Event Name: Qatar Schools Football League | Sport: Football | Venue: L...
2026-03-26 13:47:02 [INFO]   Record 03: Event ID: EVT6539 | Event Name: Doha Sports Festival Opening Match | Sport: Handball | Ven...
2026-03-26 13:47:02 [INFO]   Record 04: Event ID: EVT9576 | Event Name: Arab Nations Championship Semi Final | Sport: Football | V...
2026-03-26 13:47:02 [INFO]   Record 05: Event ID: EVT4150 | Event Name: GCC Club Championship Semi Final | Sport: Volleyball | Ven...
2026-03-26 13:47:02 [INFO] ------------------------------------------------------------------
2026-03-26 13:47:02 [INFO] File written successfully.
2026-03-26 13:47:02 [INFO]   Full path : /home/cloudera/mos_qatar_demo_poc/landing/mos_sports_events_20260326_134702.txt
2026-03-26 13:47:02 [INFO]   Size      : 1323 bytes
2026-03-26 13:47:02 [INFO]   Records   : 5
2026-03-26 13:47:02 [INFO] ==================================================================
2026-03-26 13:47:02 [INFO]   Generator Completed Successfully
2026-03-26 13:47:02 [INFO] ==================================================================
