2026-03-25 11:01:02 [INFO] ==================================================================
2026-03-25 11:01:02 [INFO]   MOS Qatar Demo - Sports Data Generator
2026-03-25 11:01:02 [INFO] ==================================================================
2026-03-25 11:01:02 [INFO] Config file   : /home/cloudera/mos_qatar_demo_poc/config/mos_qatar_demo.ini
2026-03-25 11:01:02 [INFO] Landing dir   : /home/cloudera/mos_qatar_demo_poc/landing
2026-03-25 11:01:02 [INFO] Output file   : mos_sports_events_20260325_110102.txt
2026-03-25 11:01:02 [INFO] Records count : 6
2026-03-25 11:01:02 [INFO] ------------------------------------------------------------------
2026-03-25 11:01:02 [INFO]   Record 01: Event ID: EVT9536 | Event Name: GCC Club Championship Semi Final | Sport: Football | Venue...
2026-03-25 11:01:02 [INFO]   Record 02: Event ID: EVT8407 | Event Name: Qatar Under-20 Development League | Sport: Football | Venu...
2026-03-25 11:01:02 [INFO]   Record 03: Event ID: EVT3444 | Event Name: National Team Preparation Match | Sport: Football | Venue:...
2026-03-25 11:01:02 [INFO]   Record 04: Event ID: EVT7058 | Event Name: Qatar Under-20 Development League | Sport: Volleyball | Ve...
2026-03-25 11:01:02 [INFO]   Record 05: Event ID: EVT4295 | Event Name: Gulf Cup Qualifier Round 1 | Sport: Basketball | Venue: Ed...
2026-03-25 11:01:02 [INFO]   Record 06: Event ID: EVT2478 | Event Name: Ministry Youth Sports Day | Sport: Athletics | Venue: Educ...
2026-03-25 11:01:02 [INFO] ------------------------------------------------------------------
2026-03-25 11:01:02 [INFO] File written successfully.
2026-03-25 11:01:02 [INFO]   Full path : /home/cloudera/mos_qatar_demo_poc/landing/mos_sports_events_20260325_110102.txt
2026-03-25 11:01:02 [INFO]   Size      : 1539 bytes
2026-03-25 11:01:02 [INFO]   Records   : 6
2026-03-25 11:01:02 [INFO] ==================================================================
2026-03-25 11:01:02 [INFO]   Generator Completed Successfully
2026-03-25 11:01:02 [INFO] ==================================================================
