2026-03-27 01:26:02 [INFO] ==================================================================
2026-03-27 01:26:02 [INFO]   MOS Qatar Demo - Sports Data Generator
2026-03-27 01:26:02 [INFO] ==================================================================
2026-03-27 01:26:02 [INFO] Config file   : /home/cloudera/mos_qatar_demo_poc/config/mos_qatar_demo.ini
2026-03-27 01:26:02 [INFO] Landing dir   : /home/cloudera/mos_qatar_demo_poc/landing
2026-03-27 01:26:02 [INFO] Output file   : mos_sports_events_20260327_012602.txt
2026-03-27 01:26:02 [INFO] Records count : 7
2026-03-27 01:26:02 [INFO] ------------------------------------------------------------------
2026-03-27 01:26:02 [INFO]   Record 01: Event ID: EVT8845 | Event Name: Qatar Cup Semi Final | Sport: Handball | Venue: Aspire Zon...
2026-03-27 01:26:02 [INFO]   Record 02: Event ID: EVT1304 | Event Name: Qatar Premier League Match Day 12 | Sport: Handball | Venu...
2026-03-27 01:26:02 [INFO]   Record 03: Event ID: EVT7192 | Event Name: Asian Qualifiers Warm-up Match | Sport: Swimming | Venue: ...
2026-03-27 01:26:02 [INFO]   Record 04: Event ID: EVT1770 | Event Name: Gulf Youth Cup Final | Sport: Athletics | Venue: Al Bayt S...
2026-03-27 01:26:02 [INFO]   Record 05: Event ID: EVT7336 | Event Name: Arab Nations Championship Group Stage | Sport: Football | ...
2026-03-27 01:26:02 [INFO]   Record 06: Event ID: EVT1740 | Event Name: FIFA World Cup Qatar Legacy Match | Sport: Swimming | Venu...
2026-03-27 01:26:02 [INFO]   Record 07: Event ID: EVT7161 | Event Name: Qatar Premier League Match Day 12 | Sport: Football | Venu...
2026-03-27 01:26:02 [INFO] ------------------------------------------------------------------
2026-03-27 01:26:02 [INFO] File written successfully.
2026-03-27 01:26:02 [INFO]   Full path : /home/cloudera/mos_qatar_demo_poc/landing/mos_sports_events_20260327_012602.txt
2026-03-27 01:26:02 [INFO]   Size      : 1761 bytes
2026-03-27 01:26:02 [INFO]   Records   : 7
2026-03-27 01:26:02 [INFO] ==================================================================
2026-03-27 01:26:02 [INFO]   Generator Completed Successfully
2026-03-27 01:26:02 [INFO] ==================================================================
