2026-03-26 05:50:01 [INFO] ==================================================================
2026-03-26 05:50:01 [INFO]   MOS Qatar Demo - Sports Data Generator
2026-03-26 05:50:01 [INFO] ==================================================================
2026-03-26 05:50:01 [INFO] Config file   : /home/cloudera/mos_qatar_demo_poc/config/mos_qatar_demo.ini
2026-03-26 05:50:01 [INFO] Landing dir   : /home/cloudera/mos_qatar_demo_poc/landing
2026-03-26 05:50:01 [INFO] Output file   : mos_sports_events_20260326_055001.txt
2026-03-26 05:50:01 [INFO] Records count : 5
2026-03-26 05:50:01 [INFO] ------------------------------------------------------------------
2026-03-26 05:50:01 [INFO]   Record 01: Event ID: EVT4539 | Event Name: National Team Preparation Match | Sport: Football | Venue:...
2026-03-26 05:50:01 [INFO]   Record 02: Event ID: EVT5744 | Event Name: Asian Qualifiers Warm-up Match | Sport: Handball | Venue: ...
2026-03-26 05:50:01 [INFO]   Record 03: Event ID: EVT1633 | Event Name: Gulf Youth Cup Quarter Final | Sport: Handball | Venue: As...
2026-03-26 05:50:01 [INFO]   Record 04: Event ID: EVT2831 | Event Name: Qatar Premier League Match Day 12 | Sport: Basketball | Ve...
2026-03-26 05:50:01 [INFO]   Record 05: Event ID: EVT9895 | Event Name: FIFA World Cup Qatar Legacy Match | Sport: Football | Venu...
2026-03-26 05:50:01 [INFO] ------------------------------------------------------------------
2026-03-26 05:50:01 [INFO] File written successfully.
2026-03-26 05:50:01 [INFO]   Full path : /home/cloudera/mos_qatar_demo_poc/landing/mos_sports_events_20260326_055001.txt
2026-03-26 05:50:01 [INFO]   Size      : 1275 bytes
2026-03-26 05:50:01 [INFO]   Records   : 5
2026-03-26 05:50:01 [INFO] ==================================================================
2026-03-26 05:50:01 [INFO]   Generator Completed Successfully
2026-03-26 05:50:01 [INFO] ==================================================================
