2026-03-26 10:46:01 [INFO] ==================================================================
2026-03-26 10:46:01 [INFO]   MOS Qatar Demo - Sports Data Generator
2026-03-26 10:46:01 [INFO] ==================================================================
2026-03-26 10:46:01 [INFO] Config file   : /home/cloudera/mos_qatar_demo_poc/config/mos_qatar_demo.ini
2026-03-26 10:46:01 [INFO] Landing dir   : /home/cloudera/mos_qatar_demo_poc/landing
2026-03-26 10:46:01 [INFO] Output file   : mos_sports_events_20260326_104601.txt
2026-03-26 10:46:01 [INFO] Records count : 7
2026-03-26 10:46:01 [INFO] ------------------------------------------------------------------
2026-03-26 10:46:01 [INFO]   Record 01: Event ID: EVT1849 | Event Name: Gulf Youth Cup Quarter Final | Sport: Athletics | Venue: E...
2026-03-26 10:46:01 [INFO]   Record 02: Event ID: EVT7888 | Event Name: Qatar Premier League Match Day 12 | Sport: Football | Venu...
2026-03-26 10:46:01 [INFO]   Record 03: Event ID: EVT7829 | Event Name: Qatar Premier League Match Day 5 | Sport: Volleyball | Ven...
2026-03-26 10:46:01 [INFO]   Record 04: Event ID: EVT8211 | Event Name: Ministry Invitational Friendly Tournament | Sport: Footbal...
2026-03-26 10:46:01 [INFO]   Record 05: Event ID: EVT7082 | Event Name: Gulf Youth Cup Round 2 | Sport: Football | Venue: Aspire Z...
2026-03-26 10:46:01 [INFO]   Record 06: Event ID: EVT1704 | Event Name: Ministry Youth Sports Day | Sport: Football | Venue: Lusai...
2026-03-26 10:46:01 [INFO]   Record 07: Event ID: EVT2547 | Event Name: Ministry Invitational Friendly Tournament | Sport: Footbal...
2026-03-26 10:46:01 [INFO] ------------------------------------------------------------------
2026-03-26 10:46:01 [INFO] File written successfully.
2026-03-26 10:46:01 [INFO]   Full path : /home/cloudera/mos_qatar_demo_poc/landing/mos_sports_events_20260326_104601.txt
2026-03-26 10:46:01 [INFO]   Size      : 1796 bytes
2026-03-26 10:46:01 [INFO]   Records   : 7
2026-03-26 10:46:01 [INFO] ==================================================================
2026-03-26 10:46:01 [INFO]   Generator Completed Successfully
2026-03-26 10:46:01 [INFO] ==================================================================
