2026-03-24 21:28:01 [INFO] ==================================================================
2026-03-24 21:28:01 [INFO]   MOS Qatar Demo - Sports Data Generator
2026-03-24 21:28:01 [INFO] ==================================================================
2026-03-24 21:28:01 [INFO] Config file   : /home/cloudera/mos_qatar_demo_poc/config/mos_qatar_demo.ini
2026-03-24 21:28:01 [INFO] Landing dir   : /home/cloudera/mos_qatar_demo_poc/landing
2026-03-24 21:28:01 [INFO] Output file   : mos_sports_events_20260324_212801.txt
2026-03-24 21:28:01 [INFO] Records count : 10
2026-03-24 21:28:01 [INFO] ------------------------------------------------------------------
2026-03-24 21:28:01 [INFO]   Record 01: Event ID: EVT9258 | Event Name: Arab Nations Championship Semi Final | Sport: Football | V...
2026-03-24 21:28:01 [INFO]   Record 02: Event ID: EVT5482 | Event Name: Qatar Premier League Match Day 8 | Sport: Handball | Venue...
2026-03-24 21:28:01 [INFO]   Record 03: Event ID: EVT8552 | Event Name: Gulf Youth Cup Round 1 | Sport: Athletics | Venue: Al Wakr...
2026-03-24 21:28:01 [INFO]   Record 04: Event ID: EVT6381 | Event Name: Asian Qualifiers Warm-up Match | Sport: Football | Venue: ...
2026-03-24 21:28:01 [INFO]   Record 05: Event ID: EVT9182 | Event Name: Qatar Schools Football League | Sport: Volleyball | Venue:...
2026-03-24 21:28:01 [INFO]   Record 06: Event ID: EVT2892 | Event Name: GCC Club Championship Final | Sport: Athletics | Venue: Ah...
2026-03-24 21:28:01 [INFO]   Record 07: Event ID: EVT6395 | Event Name: Qatar Schools Football League | Sport: Swimming | Venue: A...
2026-03-24 21:28:01 [INFO]   Record 08: Event ID: EVT5709 | Event Name: Arab Nations Championship Group Stage | Sport: Basketball ...
2026-03-24 21:28:01 [INFO]   Record 09: Event ID: EVT5949 | Event Name: FIFA World Cup Qatar Legacy Match | Sport: Swimming | Venu...
2026-03-24 21:28:01 [INFO]   Record 10: Event ID: EVT2737 | Event Name: National Team Preparation Match | Sport: Volleyball | Venu...
2026-03-24 21:28:01 [INFO] ------------------------------------------------------------------
2026-03-24 21:28:01 [INFO] File written successfully.
2026-03-24 21:28:01 [INFO]   Full path : /home/cloudera/mos_qatar_demo_poc/landing/mos_sports_events_20260324_212801.txt
2026-03-24 21:28:01 [INFO]   Size      : 2606 bytes
2026-03-24 21:28:01 [INFO]   Records   : 10
2026-03-24 21:28:01 [INFO] ==================================================================
2026-03-24 21:28:01 [INFO]   Generator Completed Successfully
2026-03-24 21:28:01 [INFO] ==================================================================
