2026-03-27 16:51:01 [INFO] ==================================================================
2026-03-27 16:51:01 [INFO]   MOS Qatar Demo - Sports Data Generator
2026-03-27 16:51:01 [INFO] ==================================================================
2026-03-27 16:51:01 [INFO] Config file   : /home/cloudera/mos_qatar_demo_poc/config/mos_qatar_demo.ini
2026-03-27 16:51:01 [INFO] Landing dir   : /home/cloudera/mos_qatar_demo_poc/landing
2026-03-27 16:51:01 [INFO] Output file   : mos_sports_events_20260327_165101.txt
2026-03-27 16:51:01 [INFO] Records count : 9
2026-03-27 16:51:01 [INFO] ------------------------------------------------------------------
2026-03-27 16:51:01 [INFO]   Record 01: Event ID: EVT5845 | Event Name: Doha Sports Festival Opening Match | Sport: Handball | Ven...
2026-03-27 16:51:01 [INFO]   Record 02: Event ID: EVT8038 | Event Name: Qatar Under-20 Development League | Sport: Athletics | Ven...
2026-03-27 16:51:01 [INFO]   Record 03: Event ID: EVT8569 | Event Name: National Team Preparation Match | Sport: Handball | Venue:...
2026-03-27 16:51:01 [INFO]   Record 04: Event ID: EVT3010 | Event Name: Ministry Invitational Friendly Tournament | Sport: Athleti...
2026-03-27 16:51:01 [INFO]   Record 05: Event ID: EVT5033 | Event Name: FIFA World Cup Qatar Legacy Match | Sport: Football | Venu...
2026-03-27 16:51:01 [INFO]   Record 06: Event ID: EVT5495 | Event Name: Asian Qualifiers Warm-up Match | Sport: Football | Venue: ...
2026-03-27 16:51:01 [INFO]   Record 07: Event ID: EVT1727 | Event Name: Ministry Invitational Friendly Tournament | Sport: Swimmin...
2026-03-27 16:51:01 [INFO]   Record 08: Event ID: EVT5064 | Event Name: Qatar Schools Football League | Sport: Football | Venue: A...
2026-03-27 16:51:01 [INFO]   Record 09: Event ID: EVT1630 | Event Name: FIFA World Cup Qatar Legacy Match | Sport: Athletics | Ven...
2026-03-27 16:51:01 [INFO] ------------------------------------------------------------------
2026-03-27 16:51:01 [INFO] File written successfully.
2026-03-27 16:51:01 [INFO]   Full path : /home/cloudera/mos_qatar_demo_poc/landing/mos_sports_events_20260327_165101.txt
2026-03-27 16:51:01 [INFO]   Size      : 2380 bytes
2026-03-27 16:51:01 [INFO]   Records   : 9
2026-03-27 16:51:01 [INFO] ==================================================================
2026-03-27 16:51:01 [INFO]   Generator Completed Successfully
2026-03-27 16:51:01 [INFO] ==================================================================
