2026-03-25 20:26:01 [INFO] ==================================================================
2026-03-25 20:26:01 [INFO]   MOS Qatar Demo - Sports Data Generator
2026-03-25 20:26:01 [INFO] ==================================================================
2026-03-25 20:26:01 [INFO] Config file   : /home/cloudera/mos_qatar_demo_poc/config/mos_qatar_demo.ini
2026-03-25 20:26:01 [INFO] Landing dir   : /home/cloudera/mos_qatar_demo_poc/landing
2026-03-25 20:26:01 [INFO] Output file   : mos_sports_events_20260325_202601.txt
2026-03-25 20:26:01 [INFO] Records count : 5
2026-03-25 20:26:01 [INFO] ------------------------------------------------------------------
2026-03-25 20:26:01 [INFO]   Record 01: Event ID: EVT5182 | Event Name: FIFA World Cup Qatar Legacy Match | Sport: Football | Venu...
2026-03-25 20:26:01 [INFO]   Record 02: Event ID: EVT9430 | Event Name: Qatar Schools Football League | Sport: Volleyball | Venue:...
2026-03-25 20:26:01 [INFO]   Record 03: Event ID: EVT1598 | Event Name: Qatar Olympic Training Camp Evaluation | Sport: Football |...
2026-03-25 20:26:01 [INFO]   Record 04: Event ID: EVT3799 | Event Name: Doha Sports Festival Opening Match | Sport: Football | Ven...
2026-03-25 20:26:01 [INFO]   Record 05: Event ID: EVT5171 | Event Name: Ministry Youth Sports Day | Sport: Handball | Venue: Al Wa...
2026-03-25 20:26:01 [INFO] ------------------------------------------------------------------
2026-03-25 20:26:01 [INFO] File written successfully.
2026-03-25 20:26:01 [INFO]   Full path : /home/cloudera/mos_qatar_demo_poc/landing/mos_sports_events_20260325_202601.txt
2026-03-25 20:26:01 [INFO]   Size      : 1322 bytes
2026-03-25 20:26:01 [INFO]   Records   : 5
2026-03-25 20:26:01 [INFO] ==================================================================
2026-03-25 20:26:01 [INFO]   Generator Completed Successfully
2026-03-25 20:26:01 [INFO] ==================================================================
