2026-03-27 03:17:01 [INFO] ==================================================================
2026-03-27 03:17:01 [INFO]   MOS Qatar Demo - Sports Data Generator
2026-03-27 03:17:01 [INFO] ==================================================================
2026-03-27 03:17:01 [INFO] Config file   : /home/cloudera/mos_qatar_demo_poc/config/mos_qatar_demo.ini
2026-03-27 03:17:01 [INFO] Landing dir   : /home/cloudera/mos_qatar_demo_poc/landing
2026-03-27 03:17:01 [INFO] Output file   : mos_sports_events_20260327_031701.txt
2026-03-27 03:17:01 [INFO] Records count : 4
2026-03-27 03:17:01 [INFO] ------------------------------------------------------------------
2026-03-27 03:17:01 [INFO]   Record 01: Event ID: EVT2557 | Event Name: FIFA World Cup Qatar Legacy Match | Sport: Football | Venu...
2026-03-27 03:17:01 [INFO]   Record 02: Event ID: EVT4842 | Event Name: Gulf Youth Cup Semi Final | Sport: Volleyball | Venue: Qat...
2026-03-27 03:17:01 [INFO]   Record 03: Event ID: EVT3476 | Event Name: Arab Nations Championship Group Stage | Sport: Football | ...
2026-03-27 03:17:01 [INFO]   Record 04: Event ID: EVT6864 | Event Name: Qatar Under-20 Development League | Sport: Handball | Venu...
2026-03-27 03:17:01 [INFO] ------------------------------------------------------------------
2026-03-27 03:17:01 [INFO] File written successfully.
2026-03-27 03:17:01 [INFO]   Full path : /home/cloudera/mos_qatar_demo_poc/landing/mos_sports_events_20260327_031701.txt
2026-03-27 03:17:01 [INFO]   Size      : 1073 bytes
2026-03-27 03:17:01 [INFO]   Records   : 4
2026-03-27 03:17:01 [INFO] ==================================================================
2026-03-27 03:17:01 [INFO]   Generator Completed Successfully
2026-03-27 03:17:01 [INFO] ==================================================================
