2026-03-25 07:22:01 [INFO] ==================================================================
2026-03-25 07:22:01 [INFO]   MOS Qatar Demo - Sports Data Generator
2026-03-25 07:22:01 [INFO] ==================================================================
2026-03-25 07:22:01 [INFO] Config file   : /home/cloudera/mos_qatar_demo_poc/config/mos_qatar_demo.ini
2026-03-25 07:22:01 [INFO] Landing dir   : /home/cloudera/mos_qatar_demo_poc/landing
2026-03-25 07:22:01 [INFO] Output file   : mos_sports_events_20260325_072201.txt
2026-03-25 07:22:01 [INFO] Records count : 6
2026-03-25 07:22:01 [INFO] ------------------------------------------------------------------
2026-03-25 07:22:01 [INFO]   Record 01: Event ID: EVT9199 | Event Name: Qatar Premier League Match Day 5 | Sport: Football | Venue...
2026-03-25 07:22:01 [INFO]   Record 02: Event ID: EVT6057 | Event Name: Gulf Youth Cup Quarter Final | Sport: Volleyball | Venue: ...
2026-03-25 07:22:01 [INFO]   Record 03: Event ID: EVT5272 | Event Name: MOS Annual Charity Football Gala | Sport: Basketball | Ven...
2026-03-25 07:22:01 [INFO]   Record 04: Event ID: EVT4095 | Event Name: MOS Annual Charity Football Gala | Sport: Volleyball | Ven...
2026-03-25 07:22:01 [INFO]   Record 05: Event ID: EVT8276 | Event Name: Asian Qualifiers Warm-up Match | Sport: Basketball | Venue...
2026-03-25 07:22:01 [INFO]   Record 06: Event ID: EVT5600 | Event Name: GCC Club Championship Final | Sport: Swimming | Venue: Al ...
2026-03-25 07:22:01 [INFO] ------------------------------------------------------------------
2026-03-25 07:22:01 [INFO] File written successfully.
2026-03-25 07:22:01 [INFO]   Full path : /home/cloudera/mos_qatar_demo_poc/landing/mos_sports_events_20260325_072201.txt
2026-03-25 07:22:01 [INFO]   Size      : 1570 bytes
2026-03-25 07:22:01 [INFO]   Records   : 6
2026-03-25 07:22:01 [INFO] ==================================================================
2026-03-25 07:22:01 [INFO]   Generator Completed Successfully
2026-03-25 07:22:01 [INFO] ==================================================================
