2026-03-25 16:35:01 [INFO] ==================================================================
2026-03-25 16:35:01 [INFO]   MOS Qatar Demo - Sports Data Generator
2026-03-25 16:35:01 [INFO] ==================================================================
2026-03-25 16:35:01 [INFO] Config file   : /home/cloudera/mos_qatar_demo_poc/config/mos_qatar_demo.ini
2026-03-25 16:35:01 [INFO] Landing dir   : /home/cloudera/mos_qatar_demo_poc/landing
2026-03-25 16:35:01 [INFO] Output file   : mos_sports_events_20260325_163501.txt
2026-03-25 16:35:01 [INFO] Records count : 8
2026-03-25 16:35:01 [INFO] ------------------------------------------------------------------
2026-03-25 16:35:01 [INFO]   Record 01: Event ID: EVT5345 | Event Name: Doha Sports Festival Opening Match | Sport: Handball | Ven...
2026-03-25 16:35:01 [INFO]   Record 02: Event ID: EVT5668 | Event Name: Qatar Under-20 Development League | Sport: Athletics | Ven...
2026-03-25 16:35:01 [INFO]   Record 03: Event ID: EVT1337 | Event Name: Arab Nations Championship Semi Final | Sport: Football | V...
2026-03-25 16:35:01 [INFO]   Record 04: Event ID: EVT2085 | Event Name: Qatar Premier League Match Day 5 | Sport: Football | Venue...
2026-03-25 16:35:01 [INFO]   Record 05: Event ID: EVT6198 | Event Name: GCC Club Championship Final | Sport: Football | Venue: Lus...
2026-03-25 16:35:01 [INFO]   Record 06: Event ID: EVT7861 | Event Name: Gulf Youth Cup Semi Final | Sport: Football | Venue: Aspir...
2026-03-25 16:35:01 [INFO]   Record 07: Event ID: EVT6276 | Event Name: Ministry Invitational Friendly Tournament | Sport: Basketb...
2026-03-25 16:35:01 [INFO]   Record 08: Event ID: EVT9997 | Event Name: Qatar Olympic Training Camp Evaluation | Sport: Football |...
2026-03-25 16:35:01 [INFO] ------------------------------------------------------------------
2026-03-25 16:35:01 [INFO] File written successfully.
2026-03-25 16:35:01 [INFO]   Full path : /home/cloudera/mos_qatar_demo_poc/landing/mos_sports_events_20260325_163501.txt
2026-03-25 16:35:01 [INFO]   Size      : 2100 bytes
2026-03-25 16:35:01 [INFO]   Records   : 8
2026-03-25 16:35:01 [INFO] ==================================================================
2026-03-25 16:35:01 [INFO]   Generator Completed Successfully
2026-03-25 16:35:01 [INFO] ==================================================================
