2026-03-26 01:17:02 [INFO] ==================================================================
2026-03-26 01:17:02 [INFO]   MOS Qatar Demo - Sports Data Generator
2026-03-26 01:17:02 [INFO] ==================================================================
2026-03-26 01:17:02 [INFO] Config file   : /home/cloudera/mos_qatar_demo_poc/config/mos_qatar_demo.ini
2026-03-26 01:17:02 [INFO] Landing dir   : /home/cloudera/mos_qatar_demo_poc/landing
2026-03-26 01:17:02 [INFO] Output file   : mos_sports_events_20260326_011702.txt
2026-03-26 01:17:02 [INFO] Records count : 5
2026-03-26 01:17:02 [INFO] ------------------------------------------------------------------
2026-03-26 01:17:02 [INFO]   Record 01: Event ID: EVT5822 | Event Name: Asian Qualifiers Warm-up Match | Sport: Football | Venue: ...
2026-03-26 01:17:02 [INFO]   Record 02: Event ID: EVT1708 | Event Name: Qatar Cup Final | Sport: Swimming | Venue: Ahmad Bin Ali S...
2026-03-26 01:17:02 [INFO]   Record 03: Event ID: EVT6647 | Event Name: Gulf Youth Cup Semi Final | Sport: Football | Venue: Aspir...
2026-03-26 01:17:02 [INFO]   Record 04: Event ID: EVT9333 | Event Name: Qatar Schools Football League | Sport: Volleyball | Venue:...
2026-03-26 01:17:02 [INFO]   Record 05: Event ID: EVT7201 | Event Name: Arab Nations Championship Group Stage | Sport: Volleyball ...
2026-03-26 01:17:02 [INFO] ------------------------------------------------------------------
2026-03-26 01:17:02 [INFO] File written successfully.
2026-03-26 01:17:02 [INFO]   Full path : /home/cloudera/mos_qatar_demo_poc/landing/mos_sports_events_20260326_011702.txt
2026-03-26 01:17:02 [INFO]   Size      : 1312 bytes
2026-03-26 01:17:02 [INFO]   Records   : 5
2026-03-26 01:17:02 [INFO] ==================================================================
2026-03-26 01:17:02 [INFO]   Generator Completed Successfully
2026-03-26 01:17:02 [INFO] ==================================================================
