2026-03-26 01:51:01 [INFO] ==================================================================
2026-03-26 01:51:01 [INFO]   MOS Qatar Demo - Sports Data Generator
2026-03-26 01:51:01 [INFO] ==================================================================
2026-03-26 01:51:01 [INFO] Config file   : /home/cloudera/mos_qatar_demo_poc/config/mos_qatar_demo.ini
2026-03-26 01:51:01 [INFO] Landing dir   : /home/cloudera/mos_qatar_demo_poc/landing
2026-03-26 01:51:01 [INFO] Output file   : mos_sports_events_20260326_015101.txt
2026-03-26 01:51:01 [INFO] Records count : 6
2026-03-26 01:51:01 [INFO] ------------------------------------------------------------------
2026-03-26 01:51:01 [INFO]   Record 01: Event ID: EVT4788 | Event Name: Gulf Youth Cup Final | Sport: Athletics | Venue: Lusail St...
2026-03-26 01:51:01 [INFO]   Record 02: Event ID: EVT5977 | Event Name: Ramadan Football Festival | Sport: Swimming | Venue: Ahmad...
2026-03-26 01:51:01 [INFO]   Record 03: Event ID: EVT9042 | Event Name: Qatar Cup Final | Sport: Football | Venue: Al Janoub Stadi...
2026-03-26 01:51:01 [INFO]   Record 04: Event ID: EVT5086 | Event Name: Qatar Premier League Match Day 12 | Sport: Swimming | Venu...
2026-03-26 01:51:01 [INFO]   Record 05: Event ID: EVT7697 | Event Name: Doha Sports Festival Opening Match | Sport: Swimming | Ven...
2026-03-26 01:51:01 [INFO]   Record 06: Event ID: EVT9569 | Event Name: Gulf Youth Cup Round 2 | Sport: Volleyball | Venue: Aspire...
2026-03-26 01:51:01 [INFO] ------------------------------------------------------------------
2026-03-26 01:51:01 [INFO] File written successfully.
2026-03-26 01:51:01 [INFO]   Full path : /home/cloudera/mos_qatar_demo_poc/landing/mos_sports_events_20260326_015101.txt
2026-03-26 01:51:01 [INFO]   Size      : 1520 bytes
2026-03-26 01:51:01 [INFO]   Records   : 6
2026-03-26 01:51:01 [INFO] ==================================================================
2026-03-26 01:51:01 [INFO]   Generator Completed Successfully
2026-03-26 01:51:01 [INFO] ==================================================================
