2026-03-27 12:56:02 [INFO] ==================================================================
2026-03-27 12:56:02 [INFO]   MOS Qatar Demo - Sports Data Generator
2026-03-27 12:56:02 [INFO] ==================================================================
2026-03-27 12:56:02 [INFO] Config file   : /home/cloudera/mos_qatar_demo_poc/config/mos_qatar_demo.ini
2026-03-27 12:56:02 [INFO] Landing dir   : /home/cloudera/mos_qatar_demo_poc/landing
2026-03-27 12:56:02 [INFO] Output file   : mos_sports_events_20260327_125602.txt
2026-03-27 12:56:02 [INFO] Records count : 5
2026-03-27 12:56:02 [INFO] ------------------------------------------------------------------
2026-03-27 12:56:02 [INFO]   Record 01: Event ID: EVT4578 | Event Name: GCC Club Championship Quarter Final | Sport: Football | Ve...
2026-03-27 12:56:02 [INFO]   Record 02: Event ID: EVT5204 | Event Name: Doha Sports Festival Opening Match | Sport: Swimming | Ven...
2026-03-27 12:56:02 [INFO]   Record 03: Event ID: EVT8223 | Event Name: Qatar Cup Semi Final | Sport: Handball | Venue: Lusail Sta...
2026-03-27 12:56:02 [INFO]   Record 04: Event ID: EVT3179 | Event Name: Gulf Youth Cup Semi Final | Sport: Basketball | Venue: Qat...
2026-03-27 12:56:02 [INFO]   Record 05: Event ID: EVT5397 | Event Name: Qatar Under-20 Development League | Sport: Football | Venu...
2026-03-27 12:56:02 [INFO] ------------------------------------------------------------------
2026-03-27 12:56:02 [INFO] File written successfully.
2026-03-27 12:56:02 [INFO]   Full path : /home/cloudera/mos_qatar_demo_poc/landing/mos_sports_events_20260327_125602.txt
2026-03-27 12:56:02 [INFO]   Size      : 1264 bytes
2026-03-27 12:56:02 [INFO]   Records   : 5
2026-03-27 12:56:02 [INFO] ==================================================================
2026-03-27 12:56:02 [INFO]   Generator Completed Successfully
2026-03-27 12:56:02 [INFO] ==================================================================
