2026-03-25 16:40:01 [INFO] ==================================================================
2026-03-25 16:40:01 [INFO]   MOS Qatar Demo - Sports Data Generator
2026-03-25 16:40:01 [INFO] ==================================================================
2026-03-25 16:40:01 [INFO] Config file   : /home/cloudera/mos_qatar_demo_poc/config/mos_qatar_demo.ini
2026-03-25 16:40:01 [INFO] Landing dir   : /home/cloudera/mos_qatar_demo_poc/landing
2026-03-25 16:40:01 [INFO] Output file   : mos_sports_events_20260325_164001.txt
2026-03-25 16:40:01 [INFO] Records count : 9
2026-03-25 16:40:01 [INFO] ------------------------------------------------------------------
2026-03-25 16:40:01 [INFO]   Record 01: Event ID: EVT9624 | Event Name: Arab Nations Championship Semi Final | Sport: Handball | V...
2026-03-25 16:40:01 [INFO]   Record 02: Event ID: EVT3132 | Event Name: Qatar Premier League Match Day 12 | Sport: Swimming | Venu...
2026-03-25 16:40:01 [INFO]   Record 03: Event ID: EVT4475 | Event Name: Qatar Premier League Match Day 12 | Sport: Football | Venu...
2026-03-25 16:40:01 [INFO]   Record 04: Event ID: EVT1677 | Event Name: Qatar Schools Football League | Sport: Football | Venue: K...
2026-03-25 16:40:01 [INFO]   Record 05: Event ID: EVT1648 | Event Name: National Team Preparation Match | Sport: Swimming | Venue:...
2026-03-25 16:40:01 [INFO]   Record 06: Event ID: EVT1569 | Event Name: Qatar Premier League Match Day 12 | Sport: Football | Venu...
2026-03-25 16:40:01 [INFO]   Record 07: Event ID: EVT5677 | Event Name: Qatar Under-20 Development League | Sport: Football | Venu...
2026-03-25 16:40:01 [INFO]   Record 08: Event ID: EVT2479 | Event Name: Gulf Youth Cup Round 1 | Sport: Basketball | Venue: Lusail...
2026-03-25 16:40:01 [INFO]   Record 09: Event ID: EVT2902 | Event Name: MOS Annual Charity Football Gala | Sport: Football | Venue...
2026-03-25 16:40:01 [INFO] ------------------------------------------------------------------
2026-03-25 16:40:01 [INFO] File written successfully.
2026-03-25 16:40:01 [INFO]   Full path : /home/cloudera/mos_qatar_demo_poc/landing/mos_sports_events_20260325_164001.txt
2026-03-25 16:40:01 [INFO]   Size      : 2377 bytes
2026-03-25 16:40:01 [INFO]   Records   : 9
2026-03-25 16:40:01 [INFO] ==================================================================
2026-03-25 16:40:01 [INFO]   Generator Completed Successfully
2026-03-25 16:40:01 [INFO] ==================================================================
