2026-03-27 02:39:02 [INFO] ==================================================================
2026-03-27 02:39:02 [INFO]   MOS Qatar Demo - Sports Data Generator
2026-03-27 02:39:02 [INFO] ==================================================================
2026-03-27 02:39:02 [INFO] Config file   : /home/cloudera/mos_qatar_demo_poc/config/mos_qatar_demo.ini
2026-03-27 02:39:02 [INFO] Landing dir   : /home/cloudera/mos_qatar_demo_poc/landing
2026-03-27 02:39:02 [INFO] Output file   : mos_sports_events_20260327_023902.txt
2026-03-27 02:39:02 [INFO] Records count : 8
2026-03-27 02:39:02 [INFO] ------------------------------------------------------------------
2026-03-27 02:39:02 [INFO]   Record 01: Event ID: EVT9756 | Event Name: Ramadan Football Festival | Sport: Swimming | Venue: Al Th...
2026-03-27 02:39:02 [INFO]   Record 02: Event ID: EVT9930 | Event Name: Gulf Youth Cup Quarter Final | Sport: Athletics | Venue: A...
2026-03-27 02:39:02 [INFO]   Record 03: Event ID: EVT9465 | Event Name: Gulf Youth Cup Quarter Final | Sport: Volleyball | Venue: ...
2026-03-27 02:39:02 [INFO]   Record 04: Event ID: EVT7079 | Event Name: Ramadan Football Festival | Sport: Volleyball | Venue: Kha...
2026-03-27 02:39:02 [INFO]   Record 05: Event ID: EVT2556 | Event Name: Arab Nations Championship Semi Final | Sport: Football | V...
2026-03-27 02:39:02 [INFO]   Record 06: Event ID: EVT2459 | Event Name: Gulf Youth Cup Quarter Final | Sport: Football | Venue: Al...
2026-03-27 02:39:02 [INFO]   Record 07: Event ID: EVT7464 | Event Name: GCC Club Championship Semi Final | Sport: Football | Venue...
2026-03-27 02:39:02 [INFO]   Record 08: Event ID: EVT7282 | Event Name: Gulf Youth Cup Round 2 | Sport: Football | Venue: Ahmad Bi...
2026-03-27 02:39:02 [INFO] ------------------------------------------------------------------
2026-03-27 02:39:02 [INFO] File written successfully.
2026-03-27 02:39:02 [INFO]   Full path : /home/cloudera/mos_qatar_demo_poc/landing/mos_sports_events_20260327_023902.txt
2026-03-27 02:39:02 [INFO]   Size      : 2085 bytes
2026-03-27 02:39:02 [INFO]   Records   : 8
2026-03-27 02:39:02 [INFO] ==================================================================
2026-03-27 02:39:02 [INFO]   Generator Completed Successfully
2026-03-27 02:39:02 [INFO] ==================================================================
