2026-03-27 09:12:01 [INFO] ==================================================================
2026-03-27 09:12:01 [INFO]   MOS Qatar Demo - Sports Data Generator
2026-03-27 09:12:01 [INFO] ==================================================================
2026-03-27 09:12:01 [INFO] Config file   : /home/cloudera/mos_qatar_demo_poc/config/mos_qatar_demo.ini
2026-03-27 09:12:01 [INFO] Landing dir   : /home/cloudera/mos_qatar_demo_poc/landing
2026-03-27 09:12:01 [INFO] Output file   : mos_sports_events_20260327_091201.txt
2026-03-27 09:12:01 [INFO] Records count : 10
2026-03-27 09:12:01 [INFO] ------------------------------------------------------------------
2026-03-27 09:12:01 [INFO]   Record 01: Event ID: EVT6769 | Event Name: Gulf Youth Cup Quarter Final | Sport: Football | Venue: Al...
2026-03-27 09:12:01 [INFO]   Record 02: Event ID: EVT4641 | Event Name: Gulf Cup Qualifier Round 1 | Sport: Football | Venue: Lusa...
2026-03-27 09:12:01 [INFO]   Record 03: Event ID: EVT4375 | Event Name: Arab Nations Championship Group Stage | Sport: Swimming | ...
2026-03-27 09:12:01 [INFO]   Record 04: Event ID: EVT5532 | Event Name: GCC Club Championship Final | Sport: Football | Venue: Al ...
2026-03-27 09:12:01 [INFO]   Record 05: Event ID: EVT4155 | Event Name: Ministry Invitational Friendly Tournament | Sport: Basketb...
2026-03-27 09:12:01 [INFO]   Record 06: Event ID: EVT9649 | Event Name: Arab Nations Championship Group Stage | Sport: Athletics |...
2026-03-27 09:12:01 [INFO]   Record 07: Event ID: EVT2628 | Event Name: Gulf Youth Cup Round 2 | Sport: Football | Venue: Al Thuma...
2026-03-27 09:12:01 [INFO]   Record 08: Event ID: EVT3659 | Event Name: Qatar Premier League Match Day 8 | Sport: Athletics | Venu...
2026-03-27 09:12:01 [INFO]   Record 09: Event ID: EVT3171 | Event Name: Gulf Youth Cup Final | Sport: Athletics | Venue: Lusail St...
2026-03-27 09:12:01 [INFO]   Record 10: Event ID: EVT3178 | Event Name: National Day Football Celebration | Sport: Basketball | Ve...
2026-03-27 09:12:01 [INFO] ------------------------------------------------------------------
2026-03-27 09:12:01 [INFO] File written successfully.
2026-03-27 09:12:01 [INFO]   Full path : /home/cloudera/mos_qatar_demo_poc/landing/mos_sports_events_20260327_091201.txt
2026-03-27 09:12:01 [INFO]   Size      : 2566 bytes
2026-03-27 09:12:01 [INFO]   Records   : 10
2026-03-27 09:12:01 [INFO] ==================================================================
2026-03-27 09:12:01 [INFO]   Generator Completed Successfully
2026-03-27 09:12:01 [INFO] ==================================================================
