2026-03-27 04:21:01 [INFO] ==================================================================
2026-03-27 04:21:01 [INFO]   MOS Qatar Demo - Sports Data Generator
2026-03-27 04:21:01 [INFO] ==================================================================
2026-03-27 04:21:01 [INFO] Config file   : /home/cloudera/mos_qatar_demo_poc/config/mos_qatar_demo.ini
2026-03-27 04:21:01 [INFO] Landing dir   : /home/cloudera/mos_qatar_demo_poc/landing
2026-03-27 04:21:01 [INFO] Output file   : mos_sports_events_20260327_042101.txt
2026-03-27 04:21:01 [INFO] Records count : 9
2026-03-27 04:21:01 [INFO] ------------------------------------------------------------------
2026-03-27 04:21:01 [INFO]   Record 01: Event ID: EVT1455 | Event Name: Qatar Schools Football League | Sport: Athletics | Venue: ...
2026-03-27 04:21:01 [INFO]   Record 02: Event ID: EVT2543 | Event Name: Ministry Youth Sports Day | Sport: Football | Venue: Ahmad...
2026-03-27 04:21:01 [INFO]   Record 03: Event ID: EVT5204 | Event Name: Qatar Schools Football League | Sport: Football | Venue: E...
2026-03-27 04:21:01 [INFO]   Record 04: Event ID: EVT8711 | Event Name: Ramadan Football Festival | Sport: Athletics | Venue: Educ...
2026-03-27 04:21:01 [INFO]   Record 05: Event ID: EVT5387 | Event Name: Gulf Cup Qualifier Round 1 | Sport: Football | Venue: Lusa...
2026-03-27 04:21:01 [INFO]   Record 06: Event ID: EVT7843 | Event Name: Gulf Youth Cup Round 2 | Sport: Football | Venue: Educatio...
2026-03-27 04:21:01 [INFO]   Record 07: Event ID: EVT6050 | Event Name: National Day Football Celebration | Sport: Basketball | Ve...
2026-03-27 04:21:01 [INFO]   Record 08: Event ID: EVT1438 | Event Name: Gulf Youth Cup Semi Final | Sport: Football | Venue: Al Wa...
2026-03-27 04:21:01 [INFO]   Record 09: Event ID: EVT4659 | Event Name: Ministry Invitational Friendly Tournament | Sport: Footbal...
2026-03-27 04:21:01 [INFO] ------------------------------------------------------------------
2026-03-27 04:21:01 [INFO] File written successfully.
2026-03-27 04:21:01 [INFO]   Full path : /home/cloudera/mos_qatar_demo_poc/landing/mos_sports_events_20260327_042101.txt
2026-03-27 04:21:01 [INFO]   Size      : 2309 bytes
2026-03-27 04:21:01 [INFO]   Records   : 9
2026-03-27 04:21:01 [INFO] ==================================================================
2026-03-27 04:21:01 [INFO]   Generator Completed Successfully
2026-03-27 04:21:01 [INFO] ==================================================================
