2026-03-24 19:51:01 [INFO] ==================================================================
2026-03-24 19:51:01 [INFO]   MOS Qatar Demo - Sports Data Generator
2026-03-24 19:51:01 [INFO] ==================================================================
2026-03-24 19:51:01 [INFO] Config file   : /home/cloudera/mos_qatar_demo_poc/config/mos_qatar_demo.ini
2026-03-24 19:51:01 [INFO] Landing dir   : /home/cloudera/mos_qatar_demo_poc/landing
2026-03-24 19:51:01 [INFO] Output file   : mos_sports_events_20260324_195101.txt
2026-03-24 19:51:01 [INFO] Records count : 10
2026-03-24 19:51:01 [INFO] ------------------------------------------------------------------
2026-03-24 19:51:01 [INFO]   Record 01: Event ID: EVT1625 | Event Name: GCC Club Championship Semi Final | Sport: Swimming | Venue...
2026-03-24 19:51:01 [INFO]   Record 02: Event ID: EVT4434 | Event Name: Qatar Premier League Match Day 8 | Sport: Handball | Venue...
2026-03-24 19:51:01 [INFO]   Record 03: Event ID: EVT8525 | Event Name: Gulf Youth Cup Final | Sport: Swimming | Venue: Khalifa In...
2026-03-24 19:51:01 [INFO]   Record 04: Event ID: EVT2571 | Event Name: Ministry Invitational Friendly Tournament | Sport: Footbal...
2026-03-24 19:51:01 [INFO]   Record 05: Event ID: EVT4347 | Event Name: Gulf Youth Cup Final | Sport: Football | Venue: Ahmad Bin ...
2026-03-24 19:51:01 [INFO]   Record 06: Event ID: EVT9202 | Event Name: GCC Club Championship Semi Final | Sport: Football | Venue...
2026-03-24 19:51:01 [INFO]   Record 07: Event ID: EVT2544 | Event Name: Ramadan Football Festival | Sport: Basketball | Venue: Al ...
2026-03-24 19:51:01 [INFO]   Record 08: Event ID: EVT9176 | Event Name: Gulf Youth Cup Semi Final | Sport: Volleyball | Venue: Ahm...
2026-03-24 19:51:01 [INFO]   Record 09: Event ID: EVT4968 | Event Name: Gulf Youth Cup Round 2 | Sport: Athletics | Venue: Ahmad B...
2026-03-24 19:51:01 [INFO]   Record 10: Event ID: EVT3161 | Event Name: Doha Sports Festival Opening Match | Sport: Athletics | Ve...
2026-03-24 19:51:01 [INFO] ------------------------------------------------------------------
2026-03-24 19:51:01 [INFO] File written successfully.
2026-03-24 19:51:01 [INFO]   Full path : /home/cloudera/mos_qatar_demo_poc/landing/mos_sports_events_20260324_195101.txt
2026-03-24 19:51:01 [INFO]   Size      : 2596 bytes
2026-03-24 19:51:01 [INFO]   Records   : 10
2026-03-24 19:51:01 [INFO] ==================================================================
2026-03-24 19:51:01 [INFO]   Generator Completed Successfully
2026-03-24 19:51:01 [INFO] ==================================================================
