2026-03-24 21:39:01 [INFO] ==================================================================
2026-03-24 21:39:01 [INFO]   MOS Qatar Demo - Sports Data Generator
2026-03-24 21:39:01 [INFO] ==================================================================
2026-03-24 21:39:01 [INFO] Config file   : /home/cloudera/mos_qatar_demo_poc/config/mos_qatar_demo.ini
2026-03-24 21:39:01 [INFO] Landing dir   : /home/cloudera/mos_qatar_demo_poc/landing
2026-03-24 21:39:01 [INFO] Output file   : mos_sports_events_20260324_213901.txt
2026-03-24 21:39:01 [INFO] Records count : 9
2026-03-24 21:39:01 [INFO] ------------------------------------------------------------------
2026-03-24 21:39:01 [INFO]   Record 01: Event ID: EVT4454 | Event Name: GCC Club Championship Final | Sport: Football | Venue: Kha...
2026-03-24 21:39:01 [INFO]   Record 02: Event ID: EVT3239 | Event Name: Qatar Premier League Match Day 8 | Sport: Football | Venue...
2026-03-24 21:39:01 [INFO]   Record 03: Event ID: EVT2422 | Event Name: Arab Nations Championship Group Stage | Sport: Swimming | ...
2026-03-24 21:39:01 [INFO]   Record 04: Event ID: EVT6327 | Event Name: Gulf Youth Cup Round 2 | Sport: Football | Venue: Al Wakra...
2026-03-24 21:39:01 [INFO]   Record 05: Event ID: EVT6702 | Event Name: Qatar Olympic Training Camp Evaluation | Sport: Handball |...
2026-03-24 21:39:01 [INFO]   Record 06: Event ID: EVT9831 | Event Name: Gulf Youth Cup Quarter Final | Sport: Football | Venue: Al...
2026-03-24 21:39:01 [INFO]   Record 07: Event ID: EVT3622 | Event Name: Gulf Youth Cup Round 2 | Sport: Football | Venue: Al Bayt ...
2026-03-24 21:39:01 [INFO]   Record 08: Event ID: EVT5914 | Event Name: Qatar Schools Football League | Sport: Swimming | Venue: Q...
2026-03-24 21:39:01 [INFO]   Record 09: Event ID: EVT8944 | Event Name: National Team Preparation Match | Sport: Swimming | Venue:...
2026-03-24 21:39:01 [INFO] ------------------------------------------------------------------
2026-03-24 21:39:01 [INFO] File written successfully.
2026-03-24 21:39:01 [INFO]   Full path : /home/cloudera/mos_qatar_demo_poc/landing/mos_sports_events_20260324_213901.txt
2026-03-24 21:39:01 [INFO]   Size      : 2323 bytes
2026-03-24 21:39:01 [INFO]   Records   : 9
2026-03-24 21:39:01 [INFO] ==================================================================
2026-03-24 21:39:01 [INFO]   Generator Completed Successfully
2026-03-24 21:39:01 [INFO] ==================================================================
