2026-03-27 20:15:01 [INFO] ==================================================================
2026-03-27 20:15:01 [INFO]   MOS Qatar Demo - Sports Data Generator
2026-03-27 20:15:01 [INFO] ==================================================================
2026-03-27 20:15:01 [INFO] Config file   : /home/cloudera/mos_qatar_demo_poc/config/mos_qatar_demo.ini
2026-03-27 20:15:01 [INFO] Landing dir   : /home/cloudera/mos_qatar_demo_poc/landing
2026-03-27 20:15:01 [INFO] Output file   : mos_sports_events_20260327_201501.txt
2026-03-27 20:15:01 [INFO] Records count : 10
2026-03-27 20:15:01 [INFO] ------------------------------------------------------------------
2026-03-27 20:15:01 [INFO]   Record 01: Event ID: EVT6977 | Event Name: Qatar Premier League Match Day 12 | Sport: Football | Venu...
2026-03-27 20:15:01 [INFO]   Record 02: Event ID: EVT4921 | Event Name: Qatar Cup Semi Final | Sport: Football | Venue: Al Bayt St...
2026-03-27 20:15:01 [INFO]   Record 03: Event ID: EVT3659 | Event Name: Gulf Youth Cup Final | Sport: Football | Venue: Al Bayt St...
2026-03-27 20:15:01 [INFO]   Record 04: Event ID: EVT4669 | Event Name: GCC Club Championship Semi Final | Sport: Football | Venue...
2026-03-27 20:15:01 [INFO]   Record 05: Event ID: EVT4828 | Event Name: National Day Football Celebration | Sport: Volleyball | Ve...
2026-03-27 20:15:01 [INFO]   Record 06: Event ID: EVT6161 | Event Name: Gulf Youth Cup Quarter Final | Sport: Handball | Venue: Al...
2026-03-27 20:15:01 [INFO]   Record 07: Event ID: EVT3356 | Event Name: Qatar Premier League Match Day 5 | Sport: Athletics | Venu...
2026-03-27 20:15:01 [INFO]   Record 08: Event ID: EVT2573 | Event Name: Asian Qualifiers Warm-up Match | Sport: Football | Venue: ...
2026-03-27 20:15:01 [INFO]   Record 09: Event ID: EVT5455 | Event Name: National Day Football Celebration | Sport: Football | Venu...
2026-03-27 20:15:01 [INFO]   Record 10: Event ID: EVT7872 | Event Name: Qatar Premier League Match Day 8 | Sport: Basketball | Ven...
2026-03-27 20:15:01 [INFO] ------------------------------------------------------------------
2026-03-27 20:15:01 [INFO] File written successfully.
2026-03-27 20:15:01 [INFO]   Full path : /home/cloudera/mos_qatar_demo_poc/landing/mos_sports_events_20260327_201501.txt
2026-03-27 20:15:01 [INFO]   Size      : 2598 bytes
2026-03-27 20:15:01 [INFO]   Records   : 10
2026-03-27 20:15:01 [INFO] ==================================================================
2026-03-27 20:15:01 [INFO]   Generator Completed Successfully
2026-03-27 20:15:01 [INFO] ==================================================================
