2026-03-25 13:00:02 [INFO] ==================================================================
2026-03-25 13:00:02 [INFO]   MOS Qatar Demo - Sports Data Generator
2026-03-25 13:00:02 [INFO] ==================================================================
2026-03-25 13:00:02 [INFO] Config file   : /home/cloudera/mos_qatar_demo_poc/config/mos_qatar_demo.ini
2026-03-25 13:00:02 [INFO] Landing dir   : /home/cloudera/mos_qatar_demo_poc/landing
2026-03-25 13:00:02 [INFO] Output file   : mos_sports_events_20260325_130002.txt
2026-03-25 13:00:02 [INFO] Records count : 9
2026-03-25 13:00:02 [INFO] ------------------------------------------------------------------
2026-03-25 13:00:02 [INFO]   Record 01: Event ID: EVT4657 | Event Name: Gulf Youth Cup Semi Final | Sport: Swimming | Venue: Ahmad...
2026-03-25 13:00:02 [INFO]   Record 02: Event ID: EVT9972 | Event Name: Qatar Premier League Match Day 12 | Sport: Football | Venu...
2026-03-25 13:00:02 [INFO]   Record 03: Event ID: EVT7609 | Event Name: Gulf Cup Qualifier Round 1 | Sport: Football | Venue: Al W...
2026-03-25 13:00:02 [INFO]   Record 04: Event ID: EVT3546 | Event Name: GCC Club Championship Semi Final | Sport: Handball | Venue...
2026-03-25 13:00:02 [INFO]   Record 05: Event ID: EVT5694 | Event Name: Gulf Cup Qualifier Round 1 | Sport: Football | Venue: Educ...
2026-03-25 13:00:02 [INFO]   Record 06: Event ID: EVT3873 | Event Name: Asian Qualifiers Warm-up Match | Sport: Athletics | Venue:...
2026-03-25 13:00:02 [INFO]   Record 07: Event ID: EVT5909 | Event Name: Gulf Youth Cup Semi Final | Sport: Swimming | Venue: Lusai...
2026-03-25 13:00:02 [INFO]   Record 08: Event ID: EVT7920 | Event Name: Gulf Cup Qualifier Round 1 | Sport: Handball | Venue: Ahma...
2026-03-25 13:00:02 [INFO]   Record 09: Event ID: EVT9218 | Event Name: Gulf Youth Cup Round 1 | Sport: Handball | Venue: Qatar Sp...
2026-03-25 13:00:02 [INFO] ------------------------------------------------------------------
2026-03-25 13:00:02 [INFO] File written successfully.
2026-03-25 13:00:02 [INFO]   Full path : /home/cloudera/mos_qatar_demo_poc/landing/mos_sports_events_20260325_130002.txt
2026-03-25 13:00:02 [INFO]   Size      : 2325 bytes
2026-03-25 13:00:02 [INFO]   Records   : 9
2026-03-25 13:00:02 [INFO] ==================================================================
2026-03-25 13:00:02 [INFO]   Generator Completed Successfully
2026-03-25 13:00:02 [INFO] ==================================================================
