2026-03-27 15:06:01 [INFO] ==================================================================
2026-03-27 15:06:01 [INFO]   MOS Qatar Demo - Sports Data Generator
2026-03-27 15:06:01 [INFO] ==================================================================
2026-03-27 15:06:01 [INFO] Config file   : /home/cloudera/mos_qatar_demo_poc/config/mos_qatar_demo.ini
2026-03-27 15:06:01 [INFO] Landing dir   : /home/cloudera/mos_qatar_demo_poc/landing
2026-03-27 15:06:01 [INFO] Output file   : mos_sports_events_20260327_150601.txt
2026-03-27 15:06:01 [INFO] Records count : 9
2026-03-27 15:06:01 [INFO] ------------------------------------------------------------------
2026-03-27 15:06:01 [INFO]   Record 01: Event ID: EVT7370 | Event Name: National Team Preparation Match | Sport: Swimming | Venue:...
2026-03-27 15:06:01 [INFO]   Record 02: Event ID: EVT9223 | Event Name: National Team Preparation Match | Sport: Football | Venue:...
2026-03-27 15:06:01 [INFO]   Record 03: Event ID: EVT8250 | Event Name: Qatar Cup Semi Final | Sport: Football | Venue: Al Janoub ...
2026-03-27 15:06:01 [INFO]   Record 04: Event ID: EVT4705 | Event Name: GCC Club Championship Quarter Final | Sport: Football | Ve...
2026-03-27 15:06:01 [INFO]   Record 05: Event ID: EVT8889 | Event Name: Doha Sports Festival Opening Match | Sport: Basketball | V...
2026-03-27 15:06:01 [INFO]   Record 06: Event ID: EVT5530 | Event Name: Ministry Youth Sports Day | Sport: Football | Venue: Al Wa...
2026-03-27 15:06:01 [INFO]   Record 07: Event ID: EVT6325 | Event Name: GCC Club Championship Semi Final | Sport: Football | Venue...
2026-03-27 15:06:01 [INFO]   Record 08: Event ID: EVT4948 | Event Name: Arab Nations Championship Semi Final | Sport: Football | V...
2026-03-27 15:06:01 [INFO]   Record 09: Event ID: EVT3273 | Event Name: Arab Nations Championship Semi Final | Sport: Handball | V...
2026-03-27 15:06:01 [INFO] ------------------------------------------------------------------
2026-03-27 15:06:01 [INFO] File written successfully.
2026-03-27 15:06:01 [INFO]   Full path : /home/cloudera/mos_qatar_demo_poc/landing/mos_sports_events_20260327_150601.txt
2026-03-27 15:06:01 [INFO]   Size      : 2385 bytes
2026-03-27 15:06:01 [INFO]   Records   : 9
2026-03-27 15:06:01 [INFO] ==================================================================
2026-03-27 15:06:01 [INFO]   Generator Completed Successfully
2026-03-27 15:06:01 [INFO] ==================================================================
