2026-03-26 15:27:01 [INFO] ==================================================================
2026-03-26 15:27:01 [INFO]   MOS Qatar Demo - Sports Data Generator
2026-03-26 15:27:01 [INFO] ==================================================================
2026-03-26 15:27:01 [INFO] Config file   : /home/cloudera/mos_qatar_demo_poc/config/mos_qatar_demo.ini
2026-03-26 15:27:01 [INFO] Landing dir   : /home/cloudera/mos_qatar_demo_poc/landing
2026-03-26 15:27:01 [INFO] Output file   : mos_sports_events_20260326_152701.txt
2026-03-26 15:27:01 [INFO] Records count : 7
2026-03-26 15:27:01 [INFO] ------------------------------------------------------------------
2026-03-26 15:27:01 [INFO]   Record 01: Event ID: EVT5813 | Event Name: Doha Sports Festival Opening Match | Sport: Athletics | Ve...
2026-03-26 15:27:01 [INFO]   Record 02: Event ID: EVT3238 | Event Name: Gulf Cup Qualifier Round 1 | Sport: Handball | Venue: Al B...
2026-03-26 15:27:01 [INFO]   Record 03: Event ID: EVT4061 | Event Name: National Team Preparation Match | Sport: Football | Venue:...
2026-03-26 15:27:01 [INFO]   Record 04: Event ID: EVT9454 | Event Name: Qatar Premier League Match Day 8 | Sport: Athletics | Venu...
2026-03-26 15:27:01 [INFO]   Record 05: Event ID: EVT4514 | Event Name: Gulf Youth Cup Semi Final | Sport: Basketball | Venue: Qat...
2026-03-26 15:27:01 [INFO]   Record 06: Event ID: EVT4029 | Event Name: Qatar Premier League Match Day 5 | Sport: Swimming | Venue...
2026-03-26 15:27:01 [INFO]   Record 07: Event ID: EVT7576 | Event Name: GCC Club Championship Semi Final | Sport: Football | Venue...
2026-03-26 15:27:01 [INFO] ------------------------------------------------------------------
2026-03-26 15:27:01 [INFO] File written successfully.
2026-03-26 15:27:01 [INFO]   Full path : /home/cloudera/mos_qatar_demo_poc/landing/mos_sports_events_20260326_152701.txt
2026-03-26 15:27:01 [INFO]   Size      : 1828 bytes
2026-03-26 15:27:01 [INFO]   Records   : 7
2026-03-26 15:27:01 [INFO] ==================================================================
2026-03-26 15:27:01 [INFO]   Generator Completed Successfully
2026-03-26 15:27:01 [INFO] ==================================================================
