2026-03-26 11:32:02 [INFO] ==================================================================
2026-03-26 11:32:02 [INFO]   MOS Qatar Demo - Sports Data Generator
2026-03-26 11:32:02 [INFO] ==================================================================
2026-03-26 11:32:02 [INFO] Config file   : /home/cloudera/mos_qatar_demo_poc/config/mos_qatar_demo.ini
2026-03-26 11:32:02 [INFO] Landing dir   : /home/cloudera/mos_qatar_demo_poc/landing
2026-03-26 11:32:02 [INFO] Output file   : mos_sports_events_20260326_113202.txt
2026-03-26 11:32:02 [INFO] Records count : 8
2026-03-26 11:32:02 [INFO] ------------------------------------------------------------------
2026-03-26 11:32:02 [INFO]   Record 01: Event ID: EVT6320 | Event Name: GCC Club Championship Quarter Final | Sport: Football | Ve...
2026-03-26 11:32:02 [INFO]   Record 02: Event ID: EVT2590 | Event Name: Qatar Olympic Training Camp Evaluation | Sport: Football |...
2026-03-26 11:32:02 [INFO]   Record 03: Event ID: EVT7718 | Event Name: Qatar Premier League Match Day 12 | Sport: Football | Venu...
2026-03-26 11:32:02 [INFO]   Record 04: Event ID: EVT8434 | Event Name: GCC Club Championship Semi Final | Sport: Football | Venue...
2026-03-26 11:32:02 [INFO]   Record 05: Event ID: EVT8885 | Event Name: Qatar Premier League Match Day 5 | Sport: Football | Venue...
2026-03-26 11:32:02 [INFO]   Record 06: Event ID: EVT1674 | Event Name: Ramadan Football Festival | Sport: Handball | Venue: Aspir...
2026-03-26 11:32:02 [INFO]   Record 07: Event ID: EVT3053 | Event Name: Ministry Invitational Friendly Tournament | Sport: Athleti...
2026-03-26 11:32:02 [INFO]   Record 08: Event ID: EVT3234 | Event Name: Ministry Invitational Friendly Tournament | Sport: Basketb...
2026-03-26 11:32:02 [INFO] ------------------------------------------------------------------
2026-03-26 11:32:02 [INFO] File written successfully.
2026-03-26 11:32:02 [INFO]   Full path : /home/cloudera/mos_qatar_demo_poc/landing/mos_sports_events_20260326_113202.txt
2026-03-26 11:32:02 [INFO]   Size      : 2084 bytes
2026-03-26 11:32:02 [INFO]   Records   : 8
2026-03-26 11:32:02 [INFO] ==================================================================
2026-03-26 11:32:02 [INFO]   Generator Completed Successfully
2026-03-26 11:32:02 [INFO] ==================================================================
