2026-03-25 18:49:02 [INFO] ==================================================================
2026-03-25 18:49:02 [INFO]   MOS Qatar Demo - Sports Data Generator
2026-03-25 18:49:02 [INFO] ==================================================================
2026-03-25 18:49:02 [INFO] Config file   : /home/cloudera/mos_qatar_demo_poc/config/mos_qatar_demo.ini
2026-03-25 18:49:02 [INFO] Landing dir   : /home/cloudera/mos_qatar_demo_poc/landing
2026-03-25 18:49:02 [INFO] Output file   : mos_sports_events_20260325_184902.txt
2026-03-25 18:49:02 [INFO] Records count : 6
2026-03-25 18:49:02 [INFO] ------------------------------------------------------------------
2026-03-25 18:49:02 [INFO]   Record 01: Event ID: EVT5552 | Event Name: MOS Annual Charity Football Gala | Sport: Swimming | Venue...
2026-03-25 18:49:02 [INFO]   Record 02: Event ID: EVT5966 | Event Name: National Team Preparation Match | Sport: Swimming | Venue:...
2026-03-25 18:49:02 [INFO]   Record 03: Event ID: EVT7936 | Event Name: Asian Qualifiers Warm-up Match | Sport: Volleyball | Venue...
2026-03-25 18:49:02 [INFO]   Record 04: Event ID: EVT1154 | Event Name: GCC Club Championship Quarter Final | Sport: Swimming | Ve...
2026-03-25 18:49:02 [INFO]   Record 05: Event ID: EVT2217 | Event Name: GCC Club Championship Semi Final | Sport: Football | Venue...
2026-03-25 18:49:02 [INFO]   Record 06: Event ID: EVT4769 | Event Name: GCC Club Championship Final | Sport: Football | Venue: Asp...
2026-03-25 18:49:02 [INFO] ------------------------------------------------------------------
2026-03-25 18:49:02 [INFO] File written successfully.
2026-03-25 18:49:02 [INFO]   Full path : /home/cloudera/mos_qatar_demo_poc/landing/mos_sports_events_20260325_184902.txt
2026-03-25 18:49:02 [INFO]   Size      : 1584 bytes
2026-03-25 18:49:02 [INFO]   Records   : 6
2026-03-25 18:49:02 [INFO] ==================================================================
2026-03-25 18:49:02 [INFO]   Generator Completed Successfully
2026-03-25 18:49:02 [INFO] ==================================================================
