2026-03-26 19:14:01 [INFO] ==================================================================
2026-03-26 19:14:01 [INFO]   MOS Qatar Demo - Sports Data Generator
2026-03-26 19:14:01 [INFO] ==================================================================
2026-03-26 19:14:01 [INFO] Config file   : /home/cloudera/mos_qatar_demo_poc/config/mos_qatar_demo.ini
2026-03-26 19:14:01 [INFO] Landing dir   : /home/cloudera/mos_qatar_demo_poc/landing
2026-03-26 19:14:01 [INFO] Output file   : mos_sports_events_20260326_191401.txt
2026-03-26 19:14:01 [INFO] Records count : 8
2026-03-26 19:14:01 [INFO] ------------------------------------------------------------------
2026-03-26 19:14:01 [INFO]   Record 01: Event ID: EVT2465 | Event Name: Gulf Youth Cup Semi Final | Sport: Football | Venue: Educa...
2026-03-26 19:14:01 [INFO]   Record 02: Event ID: EVT4650 | Event Name: Gulf Youth Cup Final | Sport: Football | Venue: Al Bayt St...
2026-03-26 19:14:01 [INFO]   Record 03: Event ID: EVT2827 | Event Name: Ministry Youth Sports Day | Sport: Football | Venue: Al Ba...
2026-03-26 19:14:01 [INFO]   Record 04: Event ID: EVT7855 | Event Name: Gulf Youth Cup Semi Final | Sport: Handball | Venue: Qatar...
2026-03-26 19:14:01 [INFO]   Record 05: Event ID: EVT9384 | Event Name: National Day Football Celebration | Sport: Football | Venu...
2026-03-26 19:14:01 [INFO]   Record 06: Event ID: EVT9070 | Event Name: GCC Club Championship Quarter Final | Sport: Volleyball | ...
2026-03-26 19:14:01 [INFO]   Record 07: Event ID: EVT7197 | Event Name: Qatar Schools Football League | Sport: Football | Venue: E...
2026-03-26 19:14:01 [INFO]   Record 08: Event ID: EVT3519 | Event Name: Ramadan Football Festival | Sport: Basketball | Venue: Qat...
2026-03-26 19:14:01 [INFO] ------------------------------------------------------------------
2026-03-26 19:14:01 [INFO] File written successfully.
2026-03-26 19:14:01 [INFO]   Full path : /home/cloudera/mos_qatar_demo_poc/landing/mos_sports_events_20260326_191401.txt
2026-03-26 19:14:01 [INFO]   Size      : 2078 bytes
2026-03-26 19:14:01 [INFO]   Records   : 8
2026-03-26 19:14:01 [INFO] ==================================================================
2026-03-26 19:14:01 [INFO]   Generator Completed Successfully
2026-03-26 19:14:01 [INFO] ==================================================================
