2026-03-26 10:49:01 [INFO] ==================================================================
2026-03-26 10:49:01 [INFO]   MOS Qatar Demo - Sports Data Generator
2026-03-26 10:49:01 [INFO] ==================================================================
2026-03-26 10:49:01 [INFO] Config file   : /home/cloudera/mos_qatar_demo_poc/config/mos_qatar_demo.ini
2026-03-26 10:49:01 [INFO] Landing dir   : /home/cloudera/mos_qatar_demo_poc/landing
2026-03-26 10:49:01 [INFO] Output file   : mos_sports_events_20260326_104901.txt
2026-03-26 10:49:01 [INFO] Records count : 10
2026-03-26 10:49:01 [INFO] ------------------------------------------------------------------
2026-03-26 10:49:01 [INFO]   Record 01: Event ID: EVT6561 | Event Name: Arab Nations Championship Semi Final | Sport: Football | V...
2026-03-26 10:49:01 [INFO]   Record 02: Event ID: EVT8899 | Event Name: National Day Football Celebration | Sport: Football | Venu...
2026-03-26 10:49:01 [INFO]   Record 03: Event ID: EVT2036 | Event Name: Qatar Cup Final | Sport: Basketball | Venue: Ahmad Bin Ali...
2026-03-26 10:49:01 [INFO]   Record 04: Event ID: EVT5244 | Event Name: Gulf Youth Cup Round 2 | Sport: Handball | Venue: Ahmad Bi...
2026-03-26 10:49:01 [INFO]   Record 05: Event ID: EVT4662 | Event Name: GCC Club Championship Final | Sport: Football | Venue: Asp...
2026-03-26 10:49:02 [INFO]   Record 06: Event ID: EVT4887 | Event Name: GCC Club Championship Quarter Final | Sport: Football | Ve...
2026-03-26 10:49:02 [INFO]   Record 07: Event ID: EVT1741 | Event Name: Qatar Cup Final | Sport: Football | Venue: Al Wakrah Sport...
2026-03-26 10:49:02 [INFO]   Record 08: Event ID: EVT9609 | Event Name: Qatar Olympic Training Camp Evaluation | Sport: Handball |...
2026-03-26 10:49:02 [INFO]   Record 09: Event ID: EVT8190 | Event Name: Ministry Youth Sports Day | Sport: Football | Venue: Khali...
2026-03-26 10:49:02 [INFO]   Record 10: Event ID: EVT8804 | Event Name: Ministry Invitational Friendly Tournament | Sport: Footbal...
2026-03-26 10:49:02 [INFO] ------------------------------------------------------------------
2026-03-26 10:49:02 [INFO] File written successfully.
2026-03-26 10:49:02 [INFO]   Full path : /home/cloudera/mos_qatar_demo_poc/landing/mos_sports_events_20260326_104901.txt
2026-03-26 10:49:02 [INFO]   Size      : 2610 bytes
2026-03-26 10:49:02 [INFO]   Records   : 10
2026-03-26 10:49:02 [INFO] ==================================================================
2026-03-26 10:49:02 [INFO]   Generator Completed Successfully
2026-03-26 10:49:02 [INFO] ==================================================================
