2026-03-26 08:51:01 [INFO] ==================================================================
2026-03-26 08:51:01 [INFO]   MOS Qatar Demo - Sports Data Generator
2026-03-26 08:51:01 [INFO] ==================================================================
2026-03-26 08:51:01 [INFO] Config file   : /home/cloudera/mos_qatar_demo_poc/config/mos_qatar_demo.ini
2026-03-26 08:51:01 [INFO] Landing dir   : /home/cloudera/mos_qatar_demo_poc/landing
2026-03-26 08:51:01 [INFO] Output file   : mos_sports_events_20260326_085101.txt
2026-03-26 08:51:01 [INFO] Records count : 7
2026-03-26 08:51:01 [INFO] ------------------------------------------------------------------
2026-03-26 08:51:01 [INFO]   Record 01: Event ID: EVT9149 | Event Name: Qatar Cup Final | Sport: Basketball | Venue: Al Bayt Stadi...
2026-03-26 08:51:01 [INFO]   Record 02: Event ID: EVT9249 | Event Name: Qatar Olympic Training Camp Evaluation | Sport: Football |...
2026-03-26 08:51:01 [INFO]   Record 03: Event ID: EVT8142 | Event Name: Gulf Youth Cup Quarter Final | Sport: Swimming | Venue: Al...
2026-03-26 08:51:01 [INFO]   Record 04: Event ID: EVT7985 | Event Name: GCC Club Championship Quarter Final | Sport: Athletics | V...
2026-03-26 08:51:01 [INFO]   Record 05: Event ID: EVT5352 | Event Name: Gulf Youth Cup Semi Final | Sport: Handball | Venue: Al Ba...
2026-03-26 08:51:01 [INFO]   Record 06: Event ID: EVT1928 | Event Name: Gulf Youth Cup Round 1 | Sport: Basketball | Venue: Educat...
2026-03-26 08:51:01 [INFO]   Record 07: Event ID: EVT2444 | Event Name: National Team Preparation Match | Sport: Football | Venue:...
2026-03-26 08:51:01 [INFO] ------------------------------------------------------------------
2026-03-26 08:51:01 [INFO] File written successfully.
2026-03-26 08:51:01 [INFO]   Full path : /home/cloudera/mos_qatar_demo_poc/landing/mos_sports_events_20260326_085101.txt
2026-03-26 08:51:01 [INFO]   Size      : 1800 bytes
2026-03-26 08:51:01 [INFO]   Records   : 7
2026-03-26 08:51:01 [INFO] ==================================================================
2026-03-26 08:51:01 [INFO]   Generator Completed Successfully
2026-03-26 08:51:01 [INFO] ==================================================================
