2026-03-27 14:27:02 [INFO] ==================================================================
2026-03-27 14:27:02 [INFO]   MOS Qatar Demo - Sports Data Generator
2026-03-27 14:27:02 [INFO] ==================================================================
2026-03-27 14:27:02 [INFO] Config file   : /home/cloudera/mos_qatar_demo_poc/config/mos_qatar_demo.ini
2026-03-27 14:27:02 [INFO] Landing dir   : /home/cloudera/mos_qatar_demo_poc/landing
2026-03-27 14:27:02 [INFO] Output file   : mos_sports_events_20260327_142702.txt
2026-03-27 14:27:02 [INFO] Records count : 5
2026-03-27 14:27:02 [INFO] ------------------------------------------------------------------
2026-03-27 14:27:02 [INFO]   Record 01: Event ID: EVT6789 | Event Name: Qatar Cup Semi Final | Sport: Football | Venue: Education ...
2026-03-27 14:27:02 [INFO]   Record 02: Event ID: EVT5661 | Event Name: GCC Club Championship Final | Sport: Handball | Venue: Al ...
2026-03-27 14:27:02 [INFO]   Record 03: Event ID: EVT7390 | Event Name: Qatar Premier League Match Day 5 | Sport: Volleyball | Ven...
2026-03-27 14:27:02 [INFO]   Record 04: Event ID: EVT2725 | Event Name: Gulf Youth Cup Final | Sport: Football | Venue: Qatar Spor...
2026-03-27 14:27:02 [INFO]   Record 05: Event ID: EVT4076 | Event Name: Qatar Cup Final | Sport: Volleyball | Venue: Al Janoub Sta...
2026-03-27 14:27:02 [INFO] ------------------------------------------------------------------
2026-03-27 14:27:02 [INFO] File written successfully.
2026-03-27 14:27:02 [INFO]   Full path : /home/cloudera/mos_qatar_demo_poc/landing/mos_sports_events_20260327_142702.txt
2026-03-27 14:27:02 [INFO]   Size      : 1259 bytes
2026-03-27 14:27:02 [INFO]   Records   : 5
2026-03-27 14:27:02 [INFO] ==================================================================
2026-03-27 14:27:02 [INFO]   Generator Completed Successfully
2026-03-27 14:27:02 [INFO] ==================================================================
