2026-03-25 14:41:01 [INFO] ==================================================================
2026-03-25 14:41:01 [INFO]   MOS Qatar Demo - Sports Data Generator
2026-03-25 14:41:01 [INFO] ==================================================================
2026-03-25 14:41:01 [INFO] Config file   : /home/cloudera/mos_qatar_demo_poc/config/mos_qatar_demo.ini
2026-03-25 14:41:01 [INFO] Landing dir   : /home/cloudera/mos_qatar_demo_poc/landing
2026-03-25 14:41:01 [INFO] Output file   : mos_sports_events_20260325_144101.txt
2026-03-25 14:41:01 [INFO] Records count : 10
2026-03-25 14:41:01 [INFO] ------------------------------------------------------------------
2026-03-25 14:41:01 [INFO]   Record 01: Event ID: EVT2332 | Event Name: GCC Club Championship Final | Sport: Athletics | Venue: Kh...
2026-03-25 14:41:01 [INFO]   Record 02: Event ID: EVT8112 | Event Name: Ministry Invitational Friendly Tournament | Sport: Basketb...
2026-03-25 14:41:01 [INFO]   Record 03: Event ID: EVT6044 | Event Name: Ministry Invitational Friendly Tournament | Sport: Footbal...
2026-03-25 14:41:01 [INFO]   Record 04: Event ID: EVT9240 | Event Name: Gulf Youth Cup Round 2 | Sport: Athletics | Venue: Al Bayt...
2026-03-25 14:41:01 [INFO]   Record 05: Event ID: EVT9361 | Event Name: Arab Nations Championship Semi Final | Sport: Football | V...
2026-03-25 14:41:01 [INFO]   Record 06: Event ID: EVT1724 | Event Name: MOS Annual Charity Football Gala | Sport: Football | Venue...
2026-03-25 14:41:01 [INFO]   Record 07: Event ID: EVT2913 | Event Name: FIFA World Cup Qatar Legacy Match | Sport: Football | Venu...
2026-03-25 14:41:01 [INFO]   Record 08: Event ID: EVT9641 | Event Name: Gulf Youth Cup Round 1 | Sport: Swimming | Venue: Al Wakra...
2026-03-25 14:41:01 [INFO]   Record 09: Event ID: EVT7611 | Event Name: Qatar Premier League Match Day 8 | Sport: Basketball | Ven...
2026-03-25 14:41:01 [INFO]   Record 10: Event ID: EVT1020 | Event Name: Gulf Cup Qualifier Round 1 | Sport: Basketball | Venue: Al...
2026-03-25 14:41:01 [INFO] ------------------------------------------------------------------
2026-03-25 14:41:01 [INFO] File written successfully.
2026-03-25 14:41:01 [INFO]   Full path : /home/cloudera/mos_qatar_demo_poc/landing/mos_sports_events_20260325_144101.txt
2026-03-25 14:41:01 [INFO]   Size      : 2594 bytes
2026-03-25 14:41:01 [INFO]   Records   : 10
2026-03-25 14:41:01 [INFO] ==================================================================
2026-03-25 14:41:01 [INFO]   Generator Completed Successfully
2026-03-25 14:41:01 [INFO] ==================================================================
