2026-03-24 15:55:01 [INFO] ==================================================================
2026-03-24 15:55:01 [INFO]   MOS Qatar Demo - Sports Data Generator
2026-03-24 15:55:01 [INFO] ==================================================================
2026-03-24 15:55:01 [INFO] Config file   : /home/cloudera/mos_qatar_demo_poc/config/mos_qatar_demo.ini
2026-03-24 15:55:01 [INFO] Landing dir   : /home/cloudera/mos_qatar_demo_poc/landing
2026-03-24 15:55:01 [INFO] Output file   : mos_sports_events_20260324_155501.txt
2026-03-24 15:55:01 [INFO] Records count : 9
2026-03-24 15:55:01 [INFO] ------------------------------------------------------------------
2026-03-24 15:55:01 [INFO]   Record 01: Event ID: EVT2896 | Event Name: Ministry Invitational Friendly Tournament | Sport: Athleti...
2026-03-24 15:55:01 [INFO]   Record 02: Event ID: EVT4900 | Event Name: Ramadan Football Festival | Sport: Handball | Venue: Educa...
2026-03-24 15:55:01 [INFO]   Record 03: Event ID: EVT6508 | Event Name: Qatar Cup Final | Sport: Football | Venue: Al Wakrah Sport...
2026-03-24 15:55:01 [INFO]   Record 04: Event ID: EVT9434 | Event Name: Ramadan Football Festival | Sport: Football | Venue: Educa...
2026-03-24 15:55:01 [INFO]   Record 05: Event ID: EVT6725 | Event Name: Gulf Youth Cup Quarter Final | Sport: Football | Venue: Al...
2026-03-24 15:55:01 [INFO]   Record 06: Event ID: EVT2332 | Event Name: Qatar Olympic Training Camp Evaluation | Sport: Football |...
2026-03-24 15:55:01 [INFO]   Record 07: Event ID: EVT9859 | Event Name: Gulf Youth Cup Semi Final | Sport: Swimming | Venue: Educa...
2026-03-24 15:55:01 [INFO]   Record 08: Event ID: EVT5629 | Event Name: Gulf Youth Cup Round 2 | Sport: Swimming | Venue: Qatar Sp...
2026-03-24 15:55:01 [INFO]   Record 09: Event ID: EVT4383 | Event Name: Arab Nations Championship Group Stage | Sport: Athletics |...
2026-03-24 15:55:01 [INFO] ------------------------------------------------------------------
2026-03-24 15:55:01 [INFO] File written successfully.
2026-03-24 15:55:01 [INFO]   Full path : /home/cloudera/mos_qatar_demo_poc/landing/mos_sports_events_20260324_155501.txt
2026-03-24 15:55:01 [INFO]   Size      : 2340 bytes
2026-03-24 15:55:01 [INFO]   Records   : 9
2026-03-24 15:55:01 [INFO] ==================================================================
2026-03-24 15:55:01 [INFO]   Generator Completed Successfully
2026-03-24 15:55:01 [INFO] ==================================================================
