2026-03-24 17:15:01 [INFO] ==================================================================
2026-03-24 17:15:01 [INFO]   MOS Qatar Demo - Sports Data Generator
2026-03-24 17:15:01 [INFO] ==================================================================
2026-03-24 17:15:01 [INFO] Config file   : /home/cloudera/mos_qatar_demo_poc/config/mos_qatar_demo.ini
2026-03-24 17:15:01 [INFO] Landing dir   : /home/cloudera/mos_qatar_demo_poc/landing
2026-03-24 17:15:01 [INFO] Output file   : mos_sports_events_20260324_171501.txt
2026-03-24 17:15:01 [INFO] Records count : 9
2026-03-24 17:15:01 [INFO] ------------------------------------------------------------------
2026-03-24 17:15:01 [INFO]   Record 01: Event ID: EVT3670 | Event Name: Ministry Invitational Friendly Tournament | Sport: Athleti...
2026-03-24 17:15:01 [INFO]   Record 02: Event ID: EVT7744 | Event Name: Gulf Youth Cup Round 1 | Sport: Football | Venue: Lusail S...
2026-03-24 17:15:01 [INFO]   Record 03: Event ID: EVT6684 | Event Name: FIFA World Cup Qatar Legacy Match | Sport: Swimming | Venu...
2026-03-24 17:15:01 [INFO]   Record 04: Event ID: EVT8688 | Event Name: Qatar Under-20 Development League | Sport: Handball | Venu...
2026-03-24 17:15:01 [INFO]   Record 05: Event ID: EVT5909 | Event Name: Asian Qualifiers Warm-up Match | Sport: Handball | Venue: ...
2026-03-24 17:15:01 [INFO]   Record 06: Event ID: EVT4005 | Event Name: Qatar Premier League Match Day 8 | Sport: Football | Venue...
2026-03-24 17:15:01 [INFO]   Record 07: Event ID: EVT8904 | Event Name: National Team Preparation Match | Sport: Handball | Venue:...
2026-03-24 17:15:01 [INFO]   Record 08: Event ID: EVT8152 | Event Name: Asian Qualifiers Warm-up Match | Sport: Football | Venue: ...
2026-03-24 17:15:01 [INFO]   Record 09: Event ID: EVT3742 | Event Name: Ramadan Football Festival | Sport: Handball | Venue: Al Th...
2026-03-24 17:15:01 [INFO] ------------------------------------------------------------------
2026-03-24 17:15:01 [INFO] File written successfully.
2026-03-24 17:15:01 [INFO]   Full path : /home/cloudera/mos_qatar_demo_poc/landing/mos_sports_events_20260324_171501.txt
2026-03-24 17:15:01 [INFO]   Size      : 2324 bytes
2026-03-24 17:15:01 [INFO]   Records   : 9
2026-03-24 17:15:01 [INFO] ==================================================================
2026-03-24 17:15:01 [INFO]   Generator Completed Successfully
2026-03-24 17:15:01 [INFO] ==================================================================
