2026-03-25 09:31:01 [INFO] ==================================================================
2026-03-25 09:31:01 [INFO]   MOS Qatar Demo - Sports Data Generator
2026-03-25 09:31:01 [INFO] ==================================================================
2026-03-25 09:31:01 [INFO] Config file   : /home/cloudera/mos_qatar_demo_poc/config/mos_qatar_demo.ini
2026-03-25 09:31:01 [INFO] Landing dir   : /home/cloudera/mos_qatar_demo_poc/landing
2026-03-25 09:31:01 [INFO] Output file   : mos_sports_events_20260325_093101.txt
2026-03-25 09:31:01 [INFO] Records count : 8
2026-03-25 09:31:01 [INFO] ------------------------------------------------------------------
2026-03-25 09:31:01 [INFO]   Record 01: Event ID: EVT5489 | Event Name: Asian Qualifiers Warm-up Match | Sport: Football | Venue: ...
2026-03-25 09:31:01 [INFO]   Record 02: Event ID: EVT6939 | Event Name: National Team Preparation Match | Sport: Football | Venue:...
2026-03-25 09:31:01 [INFO]   Record 03: Event ID: EVT1750 | Event Name: Qatar Cup Semi Final | Sport: Basketball | Venue: Lusail S...
2026-03-25 09:31:01 [INFO]   Record 04: Event ID: EVT5147 | Event Name: Arab Nations Championship Group Stage | Sport: Handball | ...
2026-03-25 09:31:01 [INFO]   Record 05: Event ID: EVT7024 | Event Name: GCC Club Championship Semi Final | Sport: Athletics | Venu...
2026-03-25 09:31:01 [INFO]   Record 06: Event ID: EVT2174 | Event Name: Ministry Invitational Friendly Tournament | Sport: Handbal...
2026-03-25 09:31:01 [INFO]   Record 07: Event ID: EVT1570 | Event Name: MOS Annual Charity Football Gala | Sport: Basketball | Ven...
2026-03-25 09:31:01 [INFO]   Record 08: Event ID: EVT5740 | Event Name: National Day Football Celebration | Sport: Basketball | Ve...
2026-03-25 09:31:01 [INFO] ------------------------------------------------------------------
2026-03-25 09:31:01 [INFO] File written successfully.
2026-03-25 09:31:01 [INFO]   Full path : /home/cloudera/mos_qatar_demo_poc/landing/mos_sports_events_20260325_093101.txt
2026-03-25 09:31:01 [INFO]   Size      : 2100 bytes
2026-03-25 09:31:01 [INFO]   Records   : 8
2026-03-25 09:31:01 [INFO] ==================================================================
2026-03-25 09:31:01 [INFO]   Generator Completed Successfully
2026-03-25 09:31:01 [INFO] ==================================================================
