2026-03-26 04:02:02 [INFO] ==================================================================
2026-03-26 04:02:02 [INFO]   MOS Qatar Demo - Sports Data Generator
2026-03-26 04:02:02 [INFO] ==================================================================
2026-03-26 04:02:02 [INFO] Config file   : /home/cloudera/mos_qatar_demo_poc/config/mos_qatar_demo.ini
2026-03-26 04:02:02 [INFO] Landing dir   : /home/cloudera/mos_qatar_demo_poc/landing
2026-03-26 04:02:02 [INFO] Output file   : mos_sports_events_20260326_040202.txt
2026-03-26 04:02:02 [INFO] Records count : 9
2026-03-26 04:02:02 [INFO] ------------------------------------------------------------------
2026-03-26 04:02:02 [INFO]   Record 01: Event ID: EVT8785 | Event Name: Qatar Schools Football League | Sport: Football | Venue: A...
2026-03-26 04:02:02 [INFO]   Record 02: Event ID: EVT6927 | Event Name: MOS Annual Charity Football Gala | Sport: Football | Venue...
2026-03-26 04:02:02 [INFO]   Record 03: Event ID: EVT8903 | Event Name: Qatar Olympic Training Camp Evaluation | Sport: Handball |...
2026-03-26 04:02:02 [INFO]   Record 04: Event ID: EVT5396 | Event Name: Doha Sports Festival Opening Match | Sport: Football | Ven...
2026-03-26 04:02:02 [INFO]   Record 05: Event ID: EVT6443 | Event Name: Qatar Olympic Training Camp Evaluation | Sport: Football |...
2026-03-26 04:02:02 [INFO]   Record 06: Event ID: EVT9902 | Event Name: Gulf Youth Cup Round 1 | Sport: Football | Venue: Al Janou...
2026-03-26 04:02:02 [INFO]   Record 07: Event ID: EVT2749 | Event Name: Ramadan Football Festival | Sport: Swimming | Venue: Al Wa...
2026-03-26 04:02:02 [INFO]   Record 08: Event ID: EVT1777 | Event Name: Ministry Youth Sports Day | Sport: Basketball | Venue: Asp...
2026-03-26 04:02:02 [INFO]   Record 09: Event ID: EVT7368 | Event Name: National Day Football Celebration | Sport: Football | Venu...
2026-03-26 04:02:02 [INFO] ------------------------------------------------------------------
2026-03-26 04:02:02 [INFO] File written successfully.
2026-03-26 04:02:02 [INFO]   Full path : /home/cloudera/mos_qatar_demo_poc/landing/mos_sports_events_20260326_040202.txt
2026-03-26 04:02:02 [INFO]   Size      : 2332 bytes
2026-03-26 04:02:02 [INFO]   Records   : 9
2026-03-26 04:02:02 [INFO] ==================================================================
2026-03-26 04:02:02 [INFO]   Generator Completed Successfully
2026-03-26 04:02:02 [INFO] ==================================================================
