2026-03-27 05:47:01 [INFO] ==================================================================
2026-03-27 05:47:01 [INFO]   MOS Qatar Demo - Sports Data Generator
2026-03-27 05:47:01 [INFO] ==================================================================
2026-03-27 05:47:01 [INFO] Config file   : /home/cloudera/mos_qatar_demo_poc/config/mos_qatar_demo.ini
2026-03-27 05:47:01 [INFO] Landing dir   : /home/cloudera/mos_qatar_demo_poc/landing
2026-03-27 05:47:01 [INFO] Output file   : mos_sports_events_20260327_054701.txt
2026-03-27 05:47:01 [INFO] Records count : 6
2026-03-27 05:47:01 [INFO] ------------------------------------------------------------------
2026-03-27 05:47:01 [INFO]   Record 01: Event ID: EVT6524 | Event Name: National Team Preparation Match | Sport: Swimming | Venue:...
2026-03-27 05:47:01 [INFO]   Record 02: Event ID: EVT1374 | Event Name: Gulf Cup Qualifier Round 1 | Sport: Football | Venue: Qata...
2026-03-27 05:47:01 [INFO]   Record 03: Event ID: EVT2354 | Event Name: GCC Club Championship Final | Sport: Football | Venue: Edu...
2026-03-27 05:47:01 [INFO]   Record 04: Event ID: EVT4300 | Event Name: Qatar Premier League Match Day 5 | Sport: Athletics | Venu...
2026-03-27 05:47:01 [INFO]   Record 05: Event ID: EVT3398 | Event Name: Gulf Youth Cup Round 2 | Sport: Swimming | Venue: Aspire Z...
2026-03-27 05:47:01 [INFO]   Record 06: Event ID: EVT3523 | Event Name: GCC Club Championship Quarter Final | Sport: Football | Ve...
2026-03-27 05:47:01 [INFO] ------------------------------------------------------------------
2026-03-27 05:47:01 [INFO] File written successfully.
2026-03-27 05:47:01 [INFO]   Full path : /home/cloudera/mos_qatar_demo_poc/landing/mos_sports_events_20260327_054701.txt
2026-03-27 05:47:01 [INFO]   Size      : 1566 bytes
2026-03-27 05:47:01 [INFO]   Records   : 6
2026-03-27 05:47:01 [INFO] ==================================================================
2026-03-27 05:47:01 [INFO]   Generator Completed Successfully
2026-03-27 05:47:01 [INFO] ==================================================================
