2026-03-27 05:39:01 [INFO] ==================================================================
2026-03-27 05:39:01 [INFO]   MOS Qatar Demo - Sports Data Generator
2026-03-27 05:39:01 [INFO] ==================================================================
2026-03-27 05:39:01 [INFO] Config file   : /home/cloudera/mos_qatar_demo_poc/config/mos_qatar_demo.ini
2026-03-27 05:39:01 [INFO] Landing dir   : /home/cloudera/mos_qatar_demo_poc/landing
2026-03-27 05:39:01 [INFO] Output file   : mos_sports_events_20260327_053901.txt
2026-03-27 05:39:01 [INFO] Records count : 9
2026-03-27 05:39:01 [INFO] ------------------------------------------------------------------
2026-03-27 05:39:01 [INFO]   Record 01: Event ID: EVT2165 | Event Name: Gulf Youth Cup Quarter Final | Sport: Football | Venue: Al...
2026-03-27 05:39:01 [INFO]   Record 02: Event ID: EVT3325 | Event Name: Asian Qualifiers Warm-up Match | Sport: Football | Venue: ...
2026-03-27 05:39:01 [INFO]   Record 03: Event ID: EVT8974 | Event Name: Gulf Youth Cup Quarter Final | Sport: Football | Venue: Al...
2026-03-27 05:39:01 [INFO]   Record 04: Event ID: EVT4587 | Event Name: Ramadan Football Festival | Sport: Football | Venue: Al Ba...
2026-03-27 05:39:01 [INFO]   Record 05: Event ID: EVT5038 | Event Name: Qatar Under-20 Development League | Sport: Football | Venu...
2026-03-27 05:39:01 [INFO]   Record 06: Event ID: EVT1243 | Event Name: Qatar Premier League Match Day 5 | Sport: Volleyball | Ven...
2026-03-27 05:39:01 [INFO]   Record 07: Event ID: EVT7087 | Event Name: Arab Nations Championship Semi Final | Sport: Football | V...
2026-03-27 05:39:01 [INFO]   Record 08: Event ID: EVT5103 | Event Name: Qatar Cup Final | Sport: Football | Venue: Al Janoub Stadi...
2026-03-27 05:39:01 [INFO]   Record 09: Event ID: EVT8115 | Event Name: Gulf Youth Cup Round 2 | Sport: Basketball | Venue: Ahmad ...
2026-03-27 05:39:01 [INFO] ------------------------------------------------------------------
2026-03-27 05:39:01 [INFO] File written successfully.
2026-03-27 05:39:01 [INFO]   Full path : /home/cloudera/mos_qatar_demo_poc/landing/mos_sports_events_20260327_053901.txt
2026-03-27 05:39:01 [INFO]   Size      : 2331 bytes
2026-03-27 05:39:01 [INFO]   Records   : 9
2026-03-27 05:39:01 [INFO] ==================================================================
2026-03-27 05:39:01 [INFO]   Generator Completed Successfully
2026-03-27 05:39:01 [INFO] ==================================================================
