2026-03-26 17:03:01 [INFO] ==================================================================
2026-03-26 17:03:01 [INFO]   MOS Qatar Demo - Sports Data Generator
2026-03-26 17:03:01 [INFO] ==================================================================
2026-03-26 17:03:01 [INFO] Config file   : /home/cloudera/mos_qatar_demo_poc/config/mos_qatar_demo.ini
2026-03-26 17:03:01 [INFO] Landing dir   : /home/cloudera/mos_qatar_demo_poc/landing
2026-03-26 17:03:01 [INFO] Output file   : mos_sports_events_20260326_170301.txt
2026-03-26 17:03:01 [INFO] Records count : 7
2026-03-26 17:03:01 [INFO] ------------------------------------------------------------------
2026-03-26 17:03:01 [INFO]   Record 01: Event ID: EVT3693 | Event Name: Doha Sports Festival Opening Match | Sport: Handball | Ven...
2026-03-26 17:03:01 [INFO]   Record 02: Event ID: EVT6884 | Event Name: Arab Nations Championship Group Stage | Sport: Volleyball ...
2026-03-26 17:03:01 [INFO]   Record 03: Event ID: EVT7203 | Event Name: Qatar Schools Football League | Sport: Football | Venue: A...
2026-03-26 17:03:01 [INFO]   Record 04: Event ID: EVT2819 | Event Name: National Team Preparation Match | Sport: Volleyball | Venu...
2026-03-26 17:03:01 [INFO]   Record 05: Event ID: EVT7417 | Event Name: Gulf Youth Cup Round 1 | Sport: Football | Venue: Ahmad Bi...
2026-03-26 17:03:01 [INFO]   Record 06: Event ID: EVT6377 | Event Name: National Day Football Celebration | Sport: Football | Venu...
2026-03-26 17:03:01 [INFO]   Record 07: Event ID: EVT3416 | Event Name: MOS Annual Charity Football Gala | Sport: Football | Venue...
2026-03-26 17:03:01 [INFO] ------------------------------------------------------------------
2026-03-26 17:03:01 [INFO] File written successfully.
2026-03-26 17:03:01 [INFO]   Full path : /home/cloudera/mos_qatar_demo_poc/landing/mos_sports_events_20260326_170301.txt
2026-03-26 17:03:01 [INFO]   Size      : 1821 bytes
2026-03-26 17:03:01 [INFO]   Records   : 7
2026-03-26 17:03:01 [INFO] ==================================================================
2026-03-26 17:03:01 [INFO]   Generator Completed Successfully
2026-03-26 17:03:01 [INFO] ==================================================================
