2026-03-25 03:17:02 [INFO] ==================================================================
2026-03-25 03:17:02 [INFO]   MOS Qatar Demo - Sports Data Generator
2026-03-25 03:17:02 [INFO] ==================================================================
2026-03-25 03:17:02 [INFO] Config file   : /home/cloudera/mos_qatar_demo_poc/config/mos_qatar_demo.ini
2026-03-25 03:17:02 [INFO] Landing dir   : /home/cloudera/mos_qatar_demo_poc/landing
2026-03-25 03:17:02 [INFO] Output file   : mos_sports_events_20260325_031702.txt
2026-03-25 03:17:02 [INFO] Records count : 6
2026-03-25 03:17:02 [INFO] ------------------------------------------------------------------
2026-03-25 03:17:02 [INFO]   Record 01: Event ID: EVT7842 | Event Name: Qatar Cup Semi Final | Sport: Swimming | Venue: Education ...
2026-03-25 03:17:02 [INFO]   Record 02: Event ID: EVT6095 | Event Name: Ministry Invitational Friendly Tournament | Sport: Footbal...
2026-03-25 03:17:02 [INFO]   Record 03: Event ID: EVT7680 | Event Name: Qatar Cup Final | Sport: Football | Venue: Al Thumama Stad...
2026-03-25 03:17:02 [INFO]   Record 04: Event ID: EVT7832 | Event Name: Qatar Under-20 Development League | Sport: Athletics | Ven...
2026-03-25 03:17:02 [INFO]   Record 05: Event ID: EVT3506 | Event Name: Arab Nations Championship Group Stage | Sport: Athletics |...
2026-03-25 03:17:02 [INFO]   Record 06: Event ID: EVT9711 | Event Name: MOS Annual Charity Football Gala | Sport: Basketball | Ven...
2026-03-25 03:17:02 [INFO] ------------------------------------------------------------------
2026-03-25 03:17:02 [INFO] File written successfully.
2026-03-25 03:17:02 [INFO]   Full path : /home/cloudera/mos_qatar_demo_poc/landing/mos_sports_events_20260325_031702.txt
2026-03-25 03:17:02 [INFO]   Size      : 1574 bytes
2026-03-25 03:17:02 [INFO]   Records   : 6
2026-03-25 03:17:02 [INFO] ==================================================================
2026-03-25 03:17:02 [INFO]   Generator Completed Successfully
2026-03-25 03:17:02 [INFO] ==================================================================
