2026-03-26 23:05:02 [INFO] ==================================================================
2026-03-26 23:05:02 [INFO]   MOS Qatar Demo - Sports Data Generator
2026-03-26 23:05:02 [INFO] ==================================================================
2026-03-26 23:05:02 [INFO] Config file   : /home/cloudera/mos_qatar_demo_poc/config/mos_qatar_demo.ini
2026-03-26 23:05:02 [INFO] Landing dir   : /home/cloudera/mos_qatar_demo_poc/landing
2026-03-26 23:05:02 [INFO] Output file   : mos_sports_events_20260326_230502.txt
2026-03-26 23:05:02 [INFO] Records count : 5
2026-03-26 23:05:02 [INFO] ------------------------------------------------------------------
2026-03-26 23:05:02 [INFO]   Record 01: Event ID: EVT5112 | Event Name: Qatar Cup Final | Sport: Football | Venue: Al Janoub Stadi...
2026-03-26 23:05:02 [INFO]   Record 02: Event ID: EVT1796 | Event Name: Qatar Premier League Match Day 12 | Sport: Swimming | Venu...
2026-03-26 23:05:02 [INFO]   Record 03: Event ID: EVT2288 | Event Name: National Day Football Celebration | Sport: Volleyball | Ve...
2026-03-26 23:05:02 [INFO]   Record 04: Event ID: EVT5555 | Event Name: Qatar Under-20 Development League | Sport: Handball | Venu...
2026-03-26 23:05:02 [INFO]   Record 05: Event ID: EVT3022 | Event Name: National Team Preparation Match | Sport: Basketball | Venu...
2026-03-26 23:05:02 [INFO] ------------------------------------------------------------------
2026-03-26 23:05:02 [INFO] File written successfully.
2026-03-26 23:05:02 [INFO]   Full path : /home/cloudera/mos_qatar_demo_poc/landing/mos_sports_events_20260326_230502.txt
2026-03-26 23:05:02 [INFO]   Size      : 1307 bytes
2026-03-26 23:05:02 [INFO]   Records   : 5
2026-03-26 23:05:02 [INFO] ==================================================================
2026-03-26 23:05:02 [INFO]   Generator Completed Successfully
2026-03-26 23:05:02 [INFO] ==================================================================
