2026-03-26 13:31:02 [INFO] ==================================================================
2026-03-26 13:31:02 [INFO]   MOS Qatar Demo - Sports Data Generator
2026-03-26 13:31:02 [INFO] ==================================================================
2026-03-26 13:31:02 [INFO] Config file   : /home/cloudera/mos_qatar_demo_poc/config/mos_qatar_demo.ini
2026-03-26 13:31:02 [INFO] Landing dir   : /home/cloudera/mos_qatar_demo_poc/landing
2026-03-26 13:31:02 [INFO] Output file   : mos_sports_events_20260326_133102.txt
2026-03-26 13:31:02 [INFO] Records count : 9
2026-03-26 13:31:02 [INFO] ------------------------------------------------------------------
2026-03-26 13:31:02 [INFO]   Record 01: Event ID: EVT9549 | Event Name: Gulf Youth Cup Semi Final | Sport: Athletics | Venue: Qata...
2026-03-26 13:31:02 [INFO]   Record 02: Event ID: EVT7675 | Event Name: Qatar Premier League Match Day 8 | Sport: Volleyball | Ven...
2026-03-26 13:31:02 [INFO]   Record 03: Event ID: EVT8183 | Event Name: Qatar Premier League Match Day 12 | Sport: Swimming | Venu...
2026-03-26 13:31:02 [INFO]   Record 04: Event ID: EVT3482 | Event Name: National Team Preparation Match | Sport: Swimming | Venue:...
2026-03-26 13:31:02 [INFO]   Record 05: Event ID: EVT9106 | Event Name: Ministry Youth Sports Day | Sport: Volleyball | Venue: Asp...
2026-03-26 13:31:02 [INFO]   Record 06: Event ID: EVT2226 | Event Name: Gulf Youth Cup Round 1 | Sport: Football | Venue: Al Janou...
2026-03-26 13:31:02 [INFO]   Record 07: Event ID: EVT5483 | Event Name: Ministry Invitational Friendly Tournament | Sport: Footbal...
2026-03-26 13:31:02 [INFO]   Record 08: Event ID: EVT7623 | Event Name: GCC Club Championship Final | Sport: Football | Venue: Asp...
2026-03-26 13:31:02 [INFO]   Record 09: Event ID: EVT6144 | Event Name: Qatar Cup Final | Sport: Football | Venue: Education City ...
2026-03-26 13:31:02 [INFO] ------------------------------------------------------------------
2026-03-26 13:31:02 [INFO] File written successfully.
2026-03-26 13:31:02 [INFO]   Full path : /home/cloudera/mos_qatar_demo_poc/landing/mos_sports_events_20260326_133102.txt
2026-03-26 13:31:02 [INFO]   Size      : 2328 bytes
2026-03-26 13:31:02 [INFO]   Records   : 9
2026-03-26 13:31:02 [INFO] ==================================================================
2026-03-26 13:31:02 [INFO]   Generator Completed Successfully
2026-03-26 13:31:02 [INFO] ==================================================================
