2026-03-27 23:07:02 [INFO] ==================================================================
2026-03-27 23:07:02 [INFO]   MOS Qatar Demo - Sports Data Generator
2026-03-27 23:07:02 [INFO] ==================================================================
2026-03-27 23:07:02 [INFO] Config file   : /home/cloudera/mos_qatar_demo_poc/config/mos_qatar_demo.ini
2026-03-27 23:07:02 [INFO] Landing dir   : /home/cloudera/mos_qatar_demo_poc/landing
2026-03-27 23:07:02 [INFO] Output file   : mos_sports_events_20260327_230702.txt
2026-03-27 23:07:02 [INFO] Records count : 9
2026-03-27 23:07:02 [INFO] ------------------------------------------------------------------
2026-03-27 23:07:02 [INFO]   Record 01: Event ID: EVT5097 | Event Name: Arab Nations Championship Group Stage | Sport: Football | ...
2026-03-27 23:07:02 [INFO]   Record 02: Event ID: EVT6223 | Event Name: Arab Nations Championship Semi Final | Sport: Handball | V...
2026-03-27 23:07:02 [INFO]   Record 03: Event ID: EVT8257 | Event Name: Qatar Premier League Match Day 12 | Sport: Athletics | Ven...
2026-03-27 23:07:02 [INFO]   Record 04: Event ID: EVT7637 | Event Name: GCC Club Championship Quarter Final | Sport: Football | Ve...
2026-03-27 23:07:02 [INFO]   Record 05: Event ID: EVT2905 | Event Name: Qatar Premier League Match Day 8 | Sport: Football | Venue...
2026-03-27 23:07:02 [INFO]   Record 06: Event ID: EVT7383 | Event Name: Ministry Invitational Friendly Tournament | Sport: Footbal...
2026-03-27 23:07:02 [INFO]   Record 07: Event ID: EVT4737 | Event Name: FIFA World Cup Qatar Legacy Match | Sport: Handball | Venu...
2026-03-27 23:07:02 [INFO]   Record 08: Event ID: EVT5550 | Event Name: Gulf Youth Cup Semi Final | Sport: Football | Venue: Al Wa...
2026-03-27 23:07:02 [INFO]   Record 09: Event ID: EVT9192 | Event Name: Ministry Invitational Friendly Tournament | Sport: Swimmin...
2026-03-27 23:07:02 [INFO] ------------------------------------------------------------------
2026-03-27 23:07:02 [INFO] File written successfully.
2026-03-27 23:07:02 [INFO]   Full path : /home/cloudera/mos_qatar_demo_poc/landing/mos_sports_events_20260327_230702.txt
2026-03-27 23:07:02 [INFO]   Size      : 2345 bytes
2026-03-27 23:07:02 [INFO]   Records   : 9
2026-03-27 23:07:02 [INFO] ==================================================================
2026-03-27 23:07:02 [INFO]   Generator Completed Successfully
2026-03-27 23:07:02 [INFO] ==================================================================
