2026-03-27 14:01:01 [INFO] ==================================================================
2026-03-27 14:01:01 [INFO]   MOS Qatar Demo - Sports Data Generator
2026-03-27 14:01:01 [INFO] ==================================================================
2026-03-27 14:01:01 [INFO] Config file   : /home/cloudera/mos_qatar_demo_poc/config/mos_qatar_demo.ini
2026-03-27 14:01:01 [INFO] Landing dir   : /home/cloudera/mos_qatar_demo_poc/landing
2026-03-27 14:01:01 [INFO] Output file   : mos_sports_events_20260327_140101.txt
2026-03-27 14:01:01 [INFO] Records count : 7
2026-03-27 14:01:01 [INFO] ------------------------------------------------------------------
2026-03-27 14:01:01 [INFO]   Record 01: Event ID: EVT8551 | Event Name: Gulf Youth Cup Round 2 | Sport: Athletics | Venue: Ahmad B...
2026-03-27 14:01:01 [INFO]   Record 02: Event ID: EVT2941 | Event Name: FIFA World Cup Qatar Legacy Match | Sport: Volleyball | Ve...
2026-03-27 14:01:01 [INFO]   Record 03: Event ID: EVT3430 | Event Name: Doha Sports Festival Opening Match | Sport: Volleyball | V...
2026-03-27 14:01:01 [INFO]   Record 04: Event ID: EVT9201 | Event Name: Gulf Youth Cup Quarter Final | Sport: Volleyball | Venue: ...
2026-03-27 14:01:01 [INFO]   Record 05: Event ID: EVT6501 | Event Name: Asian Qualifiers Warm-up Match | Sport: Football | Venue: ...
2026-03-27 14:01:01 [INFO]   Record 06: Event ID: EVT9387 | Event Name: Ramadan Football Festival | Sport: Basketball | Venue: Asp...
2026-03-27 14:01:01 [INFO]   Record 07: Event ID: EVT2921 | Event Name: Qatar Cup Semi Final | Sport: Football | Venue: Ahmad Bin ...
2026-03-27 14:01:01 [INFO] ------------------------------------------------------------------
2026-03-27 14:01:01 [INFO] File written successfully.
2026-03-27 14:01:01 [INFO]   Full path : /home/cloudera/mos_qatar_demo_poc/landing/mos_sports_events_20260327_140101.txt
2026-03-27 14:01:01 [INFO]   Size      : 1806 bytes
2026-03-27 14:01:01 [INFO]   Records   : 7
2026-03-27 14:01:01 [INFO] ==================================================================
2026-03-27 14:01:01 [INFO]   Generator Completed Successfully
2026-03-27 14:01:01 [INFO] ==================================================================
