2026-03-26 15:12:02 [INFO] ==================================================================
2026-03-26 15:12:02 [INFO]   MOS Qatar Demo - Sports Data Generator
2026-03-26 15:12:02 [INFO] ==================================================================
2026-03-26 15:12:02 [INFO] Config file   : /home/cloudera/mos_qatar_demo_poc/config/mos_qatar_demo.ini
2026-03-26 15:12:02 [INFO] Landing dir   : /home/cloudera/mos_qatar_demo_poc/landing
2026-03-26 15:12:02 [INFO] Output file   : mos_sports_events_20260326_151202.txt
2026-03-26 15:12:02 [INFO] Records count : 7
2026-03-26 15:12:02 [INFO] ------------------------------------------------------------------
2026-03-26 15:12:02 [INFO]   Record 01: Event ID: EVT4249 | Event Name: GCC Club Championship Final | Sport: Swimming | Venue: Qat...
2026-03-26 15:12:02 [INFO]   Record 02: Event ID: EVT8450 | Event Name: Gulf Youth Cup Final | Sport: Football | Venue: Ahmad Bin ...
2026-03-26 15:12:02 [INFO]   Record 03: Event ID: EVT1638 | Event Name: Gulf Cup Qualifier Round 1 | Sport: Football | Venue: Ahma...
2026-03-26 15:12:02 [INFO]   Record 04: Event ID: EVT4335 | Event Name: Doha Sports Festival Opening Match | Sport: Football | Ven...
2026-03-26 15:12:02 [INFO]   Record 05: Event ID: EVT3060 | Event Name: Qatar Schools Football League | Sport: Football | Venue: A...
2026-03-26 15:12:02 [INFO]   Record 06: Event ID: EVT3851 | Event Name: Qatar Under-20 Development League | Sport: Football | Venu...
2026-03-26 15:12:02 [INFO]   Record 07: Event ID: EVT3794 | Event Name: Qatar Premier League Match Day 5 | Sport: Swimming | Venue...
2026-03-26 15:12:02 [INFO] ------------------------------------------------------------------
2026-03-26 15:12:02 [INFO] File written successfully.
2026-03-26 15:12:02 [INFO]   Full path : /home/cloudera/mos_qatar_demo_poc/landing/mos_sports_events_20260326_151202.txt
2026-03-26 15:12:02 [INFO]   Size      : 1794 bytes
2026-03-26 15:12:02 [INFO]   Records   : 7
2026-03-26 15:12:02 [INFO] ==================================================================
2026-03-26 15:12:02 [INFO]   Generator Completed Successfully
2026-03-26 15:12:02 [INFO] ==================================================================
