2026-03-26 07:57:02 [INFO] ==================================================================
2026-03-26 07:57:02 [INFO]   MOS Qatar Demo - Sports Data Generator
2026-03-26 07:57:02 [INFO] ==================================================================
2026-03-26 07:57:02 [INFO] Config file   : /home/cloudera/mos_qatar_demo_poc/config/mos_qatar_demo.ini
2026-03-26 07:57:02 [INFO] Landing dir   : /home/cloudera/mos_qatar_demo_poc/landing
2026-03-26 07:57:02 [INFO] Output file   : mos_sports_events_20260326_075702.txt
2026-03-26 07:57:02 [INFO] Records count : 10
2026-03-26 07:57:02 [INFO] ------------------------------------------------------------------
2026-03-26 07:57:02 [INFO]   Record 01: Event ID: EVT6425 | Event Name: Gulf Cup Qualifier Round 1 | Sport: Volleyball | Venue: Al...
2026-03-26 07:57:02 [INFO]   Record 02: Event ID: EVT2341 | Event Name: Qatar Premier League Match Day 5 | Sport: Handball | Venue...
2026-03-26 07:57:02 [INFO]   Record 03: Event ID: EVT3166 | Event Name: GCC Club Championship Quarter Final | Sport: Basketball | ...
2026-03-26 07:57:02 [INFO]   Record 04: Event ID: EVT6040 | Event Name: Arab Nations Championship Group Stage | Sport: Volleyball ...
2026-03-26 07:57:02 [INFO]   Record 05: Event ID: EVT2568 | Event Name: Arab Nations Championship Semi Final | Sport: Football | V...
2026-03-26 07:57:02 [INFO]   Record 06: Event ID: EVT1560 | Event Name: Qatar Premier League Match Day 8 | Sport: Football | Venue...
2026-03-26 07:57:02 [INFO]   Record 07: Event ID: EVT7052 | Event Name: National Team Preparation Match | Sport: Athletics | Venue...
2026-03-26 07:57:02 [INFO]   Record 08: Event ID: EVT9079 | Event Name: MOS Annual Charity Football Gala | Sport: Swimming | Venue...
2026-03-26 07:57:02 [INFO]   Record 09: Event ID: EVT8006 | Event Name: Ministry Youth Sports Day | Sport: Football | Venue: Educa...
2026-03-26 07:57:02 [INFO]   Record 10: Event ID: EVT8972 | Event Name: Qatar Olympic Training Camp Evaluation | Sport: Swimming |...
2026-03-26 07:57:02 [INFO] ------------------------------------------------------------------
2026-03-26 07:57:02 [INFO] File written successfully.
2026-03-26 07:57:02 [INFO]   Full path : /home/cloudera/mos_qatar_demo_poc/landing/mos_sports_events_20260326_075702.txt
2026-03-26 07:57:02 [INFO]   Size      : 2659 bytes
2026-03-26 07:57:02 [INFO]   Records   : 10
2026-03-26 07:57:02 [INFO] ==================================================================
2026-03-26 07:57:02 [INFO]   Generator Completed Successfully
2026-03-26 07:57:02 [INFO] ==================================================================
