2026-03-27 21:31:01 [INFO] ==================================================================
2026-03-27 21:31:01 [INFO]   MOS Qatar Demo - Sports Data Generator
2026-03-27 21:31:01 [INFO] ==================================================================
2026-03-27 21:31:01 [INFO] Config file   : /home/cloudera/mos_qatar_demo_poc/config/mos_qatar_demo.ini
2026-03-27 21:31:01 [INFO] Landing dir   : /home/cloudera/mos_qatar_demo_poc/landing
2026-03-27 21:31:01 [INFO] Output file   : mos_sports_events_20260327_213101.txt
2026-03-27 21:31:01 [INFO] Records count : 10
2026-03-27 21:31:01 [INFO] ------------------------------------------------------------------
2026-03-27 21:31:01 [INFO]   Record 01: Event ID: EVT4659 | Event Name: GCC Club Championship Semi Final | Sport: Football | Venue...
2026-03-27 21:31:01 [INFO]   Record 02: Event ID: EVT8963 | Event Name: Qatar Premier League Match Day 5 | Sport: Swimming | Venue...
2026-03-27 21:31:01 [INFO]   Record 03: Event ID: EVT8229 | Event Name: Qatar Olympic Training Camp Evaluation | Sport: Football |...
2026-03-27 21:31:01 [INFO]   Record 04: Event ID: EVT6623 | Event Name: Qatar Premier League Match Day 5 | Sport: Football | Venue...
2026-03-27 21:31:01 [INFO]   Record 05: Event ID: EVT5665 | Event Name: GCC Club Championship Final | Sport: Athletics | Venue: Ed...
2026-03-27 21:31:01 [INFO]   Record 06: Event ID: EVT2830 | Event Name: National Day Football Celebration | Sport: Football | Venu...
2026-03-27 21:31:01 [INFO]   Record 07: Event ID: EVT9517 | Event Name: Gulf Youth Cup Round 1 | Sport: Football | Venue: Khalifa ...
2026-03-27 21:31:01 [INFO]   Record 08: Event ID: EVT4098 | Event Name: Qatar Premier League Match Day 8 | Sport: Basketball | Ven...
2026-03-27 21:31:01 [INFO]   Record 09: Event ID: EVT5687 | Event Name: Gulf Youth Cup Round 2 | Sport: Volleyball | Venue: Al Wak...
2026-03-27 21:31:01 [INFO]   Record 10: Event ID: EVT4731 | Event Name: Ministry Youth Sports Day | Sport: Swimming | Venue: Educa...
2026-03-27 21:31:01 [INFO] ------------------------------------------------------------------
2026-03-27 21:31:01 [INFO] File written successfully.
2026-03-27 21:31:01 [INFO]   Full path : /home/cloudera/mos_qatar_demo_poc/landing/mos_sports_events_20260327_213101.txt
2026-03-27 21:31:01 [INFO]   Size      : 2564 bytes
2026-03-27 21:31:01 [INFO]   Records   : 10
2026-03-27 21:31:01 [INFO] ==================================================================
2026-03-27 21:31:01 [INFO]   Generator Completed Successfully
2026-03-27 21:31:01 [INFO] ==================================================================
