2026-03-25 05:38:01 [INFO] ==================================================================
2026-03-25 05:38:01 [INFO]   MOS Qatar Demo - Sports Data Generator
2026-03-25 05:38:01 [INFO] ==================================================================
2026-03-25 05:38:01 [INFO] Config file   : /home/cloudera/mos_qatar_demo_poc/config/mos_qatar_demo.ini
2026-03-25 05:38:01 [INFO] Landing dir   : /home/cloudera/mos_qatar_demo_poc/landing
2026-03-25 05:38:01 [INFO] Output file   : mos_sports_events_20260325_053801.txt
2026-03-25 05:38:01 [INFO] Records count : 10
2026-03-25 05:38:01 [INFO] ------------------------------------------------------------------
2026-03-25 05:38:01 [INFO]   Record 01: Event ID: EVT8234 | Event Name: Ministry Invitational Friendly Tournament | Sport: Swimmin...
2026-03-25 05:38:01 [INFO]   Record 02: Event ID: EVT2947 | Event Name: Qatar Olympic Training Camp Evaluation | Sport: Swimming |...
2026-03-25 05:38:01 [INFO]   Record 03: Event ID: EVT8515 | Event Name: GCC Club Championship Quarter Final | Sport: Football | Ve...
2026-03-25 05:38:01 [INFO]   Record 04: Event ID: EVT4242 | Event Name: Qatar Schools Football League | Sport: Football | Venue: E...
2026-03-25 05:38:01 [INFO]   Record 05: Event ID: EVT2870 | Event Name: Ministry Youth Sports Day | Sport: Volleyball | Venue: Al ...
2026-03-25 05:38:01 [INFO]   Record 06: Event ID: EVT3798 | Event Name: Asian Qualifiers Warm-up Match | Sport: Football | Venue: ...
2026-03-25 05:38:01 [INFO]   Record 07: Event ID: EVT8741 | Event Name: Gulf Youth Cup Final | Sport: Handball | Venue: Al Thumama...
2026-03-25 05:38:01 [INFO]   Record 08: Event ID: EVT7454 | Event Name: Ministry Invitational Friendly Tournament | Sport: Footbal...
2026-03-25 05:38:01 [INFO]   Record 09: Event ID: EVT2091 | Event Name: Arab Nations Championship Semi Final | Sport: Football | V...
2026-03-25 05:38:01 [INFO]   Record 10: Event ID: EVT9810 | Event Name: National Team Preparation Match | Sport: Football | Venue:...
2026-03-25 05:38:01 [INFO] ------------------------------------------------------------------
2026-03-25 05:38:01 [INFO] File written successfully.
2026-03-25 05:38:01 [INFO]   Full path : /home/cloudera/mos_qatar_demo_poc/landing/mos_sports_events_20260325_053801.txt
2026-03-25 05:38:01 [INFO]   Size      : 2589 bytes
2026-03-25 05:38:01 [INFO]   Records   : 10
2026-03-25 05:38:01 [INFO] ==================================================================
2026-03-25 05:38:01 [INFO]   Generator Completed Successfully
2026-03-25 05:38:01 [INFO] ==================================================================
