2026-03-27 14:08:02 [INFO] ==================================================================
2026-03-27 14:08:02 [INFO]   MOS Qatar Demo - Sports Data Generator
2026-03-27 14:08:02 [INFO] ==================================================================
2026-03-27 14:08:02 [INFO] Config file   : /home/cloudera/mos_qatar_demo_poc/config/mos_qatar_demo.ini
2026-03-27 14:08:02 [INFO] Landing dir   : /home/cloudera/mos_qatar_demo_poc/landing
2026-03-27 14:08:02 [INFO] Output file   : mos_sports_events_20260327_140802.txt
2026-03-27 14:08:02 [INFO] Records count : 5
2026-03-27 14:08:02 [INFO] ------------------------------------------------------------------
2026-03-27 14:08:02 [INFO]   Record 01: Event ID: EVT8580 | Event Name: Ramadan Football Festival | Sport: Football | Venue: Khali...
2026-03-27 14:08:02 [INFO]   Record 02: Event ID: EVT2478 | Event Name: Asian Qualifiers Warm-up Match | Sport: Football | Venue: ...
2026-03-27 14:08:02 [INFO]   Record 03: Event ID: EVT9387 | Event Name: FIFA World Cup Qatar Legacy Match | Sport: Swimming | Venu...
2026-03-27 14:08:02 [INFO]   Record 04: Event ID: EVT3173 | Event Name: Qatar Under-20 Development League | Sport: Football | Venu...
2026-03-27 14:08:02 [INFO]   Record 05: Event ID: EVT6141 | Event Name: Ministry Invitational Friendly Tournament | Sport: Swimmin...
2026-03-27 14:08:02 [INFO] ------------------------------------------------------------------
2026-03-27 14:08:02 [INFO] File written successfully.
2026-03-27 14:08:02 [INFO]   Full path : /home/cloudera/mos_qatar_demo_poc/landing/mos_sports_events_20260327_140802.txt
2026-03-27 14:08:02 [INFO]   Size      : 1289 bytes
2026-03-27 14:08:02 [INFO]   Records   : 5
2026-03-27 14:08:02 [INFO] ==================================================================
2026-03-27 14:08:02 [INFO]   Generator Completed Successfully
2026-03-27 14:08:02 [INFO] ==================================================================
