2026-03-25 14:25:01 [INFO] ==================================================================
2026-03-25 14:25:01 [INFO]   MOS Qatar Demo - Sports Data Generator
2026-03-25 14:25:01 [INFO] ==================================================================
2026-03-25 14:25:01 [INFO] Config file   : /home/cloudera/mos_qatar_demo_poc/config/mos_qatar_demo.ini
2026-03-25 14:25:01 [INFO] Landing dir   : /home/cloudera/mos_qatar_demo_poc/landing
2026-03-25 14:25:01 [INFO] Output file   : mos_sports_events_20260325_142501.txt
2026-03-25 14:25:01 [INFO] Records count : 9
2026-03-25 14:25:01 [INFO] ------------------------------------------------------------------
2026-03-25 14:25:01 [INFO]   Record 01: Event ID: EVT8888 | Event Name: National Team Preparation Match | Sport: Basketball | Venu...
2026-03-25 14:25:01 [INFO]   Record 02: Event ID: EVT4167 | Event Name: Qatar Schools Football League | Sport: Football | Venue: A...
2026-03-25 14:25:01 [INFO]   Record 03: Event ID: EVT1880 | Event Name: Gulf Youth Cup Semi Final | Sport: Football | Venue: Educa...
2026-03-25 14:25:01 [INFO]   Record 04: Event ID: EVT5534 | Event Name: GCC Club Championship Quarter Final | Sport: Football | Ve...
2026-03-25 14:25:01 [INFO]   Record 05: Event ID: EVT6064 | Event Name: Gulf Youth Cup Quarter Final | Sport: Swimming | Venue: Qa...
2026-03-25 14:25:01 [INFO]   Record 06: Event ID: EVT3548 | Event Name: GCC Club Championship Semi Final | Sport: Football | Venue...
2026-03-25 14:25:01 [INFO]   Record 07: Event ID: EVT7323 | Event Name: Qatar Premier League Match Day 12 | Sport: Athletics | Ven...
2026-03-25 14:25:01 [INFO]   Record 08: Event ID: EVT3420 | Event Name: Asian Qualifiers Warm-up Match | Sport: Football | Venue: ...
2026-03-25 14:25:01 [INFO]   Record 09: Event ID: EVT5980 | Event Name: Gulf Cup Qualifier Round 1 | Sport: Football | Venue: Aspi...
2026-03-25 14:25:01 [INFO] ------------------------------------------------------------------
2026-03-25 14:25:01 [INFO] File written successfully.
2026-03-25 14:25:01 [INFO]   Full path : /home/cloudera/mos_qatar_demo_poc/landing/mos_sports_events_20260325_142501.txt
2026-03-25 14:25:01 [INFO]   Size      : 2298 bytes
2026-03-25 14:25:01 [INFO]   Records   : 9
2026-03-25 14:25:01 [INFO] ==================================================================
2026-03-25 14:25:01 [INFO]   Generator Completed Successfully
2026-03-25 14:25:01 [INFO] ==================================================================
