2026-03-25 14:11:02 [INFO] ==================================================================
2026-03-25 14:11:02 [INFO]   MOS Qatar Demo - Sports Data Generator
2026-03-25 14:11:02 [INFO] ==================================================================
2026-03-25 14:11:02 [INFO] Config file   : /home/cloudera/mos_qatar_demo_poc/config/mos_qatar_demo.ini
2026-03-25 14:11:02 [INFO] Landing dir   : /home/cloudera/mos_qatar_demo_poc/landing
2026-03-25 14:11:02 [INFO] Output file   : mos_sports_events_20260325_141102.txt
2026-03-25 14:11:02 [INFO] Records count : 7
2026-03-25 14:11:02 [INFO] ------------------------------------------------------------------
2026-03-25 14:11:02 [INFO]   Record 01: Event ID: EVT6843 | Event Name: MOS Annual Charity Football Gala | Sport: Swimming | Venue...
2026-03-25 14:11:02 [INFO]   Record 02: Event ID: EVT5398 | Event Name: Gulf Youth Cup Quarter Final | Sport: Handball | Venue: Ed...
2026-03-25 14:11:02 [INFO]   Record 03: Event ID: EVT4507 | Event Name: GCC Club Championship Final | Sport: Basketball | Venue: E...
2026-03-25 14:11:02 [INFO]   Record 04: Event ID: EVT3249 | Event Name: Qatar Olympic Training Camp Evaluation | Sport: Football |...
2026-03-25 14:11:02 [INFO]   Record 05: Event ID: EVT9666 | Event Name: Gulf Youth Cup Semi Final | Sport: Swimming | Venue: Al Ba...
2026-03-25 14:11:02 [INFO]   Record 06: Event ID: EVT3176 | Event Name: Gulf Cup Qualifier Round 1 | Sport: Swimming | Venue: Qata...
2026-03-25 14:11:02 [INFO]   Record 07: Event ID: EVT3225 | Event Name: Qatar Cup Final | Sport: Football | Venue: Lusail Stadium ...
2026-03-25 14:11:02 [INFO] ------------------------------------------------------------------
2026-03-25 14:11:02 [INFO] File written successfully.
2026-03-25 14:11:02 [INFO]   Full path : /home/cloudera/mos_qatar_demo_poc/landing/mos_sports_events_20260325_141102.txt
2026-03-25 14:11:02 [INFO]   Size      : 1797 bytes
2026-03-25 14:11:02 [INFO]   Records   : 7
2026-03-25 14:11:02 [INFO] ==================================================================
2026-03-25 14:11:02 [INFO]   Generator Completed Successfully
2026-03-25 14:11:02 [INFO] ==================================================================
