2026-03-25 16:42:01 [INFO] ==================================================================
2026-03-25 16:42:01 [INFO]   MOS Qatar Demo - Sports Data Generator
2026-03-25 16:42:01 [INFO] ==================================================================
2026-03-25 16:42:01 [INFO] Config file   : /home/cloudera/mos_qatar_demo_poc/config/mos_qatar_demo.ini
2026-03-25 16:42:01 [INFO] Landing dir   : /home/cloudera/mos_qatar_demo_poc/landing
2026-03-25 16:42:01 [INFO] Output file   : mos_sports_events_20260325_164201.txt
2026-03-25 16:42:01 [INFO] Records count : 6
2026-03-25 16:42:01 [INFO] ------------------------------------------------------------------
2026-03-25 16:42:01 [INFO]   Record 01: Event ID: EVT5419 | Event Name: Ministry Invitational Friendly Tournament | Sport: Swimmin...
2026-03-25 16:42:01 [INFO]   Record 02: Event ID: EVT1034 | Event Name: GCC Club Championship Final | Sport: Swimming | Venue: Ahm...
2026-03-25 16:42:01 [INFO]   Record 03: Event ID: EVT3672 | Event Name: GCC Club Championship Semi Final | Sport: Swimming | Venue...
2026-03-25 16:42:01 [INFO]   Record 04: Event ID: EVT5685 | Event Name: Asian Qualifiers Warm-up Match | Sport: Football | Venue: ...
2026-03-25 16:42:01 [INFO]   Record 05: Event ID: EVT9397 | Event Name: MOS Annual Charity Football Gala | Sport: Football | Venue...
2026-03-25 16:42:01 [INFO]   Record 06: Event ID: EVT9988 | Event Name: Gulf Youth Cup Quarter Final | Sport: Football | Venue: Al...
2026-03-25 16:42:01 [INFO] ------------------------------------------------------------------
2026-03-25 16:42:01 [INFO] File written successfully.
2026-03-25 16:42:01 [INFO]   Full path : /home/cloudera/mos_qatar_demo_poc/landing/mos_sports_events_20260325_164201.txt
2026-03-25 16:42:01 [INFO]   Size      : 1550 bytes
2026-03-25 16:42:01 [INFO]   Records   : 6
2026-03-25 16:42:01 [INFO] ==================================================================
2026-03-25 16:42:01 [INFO]   Generator Completed Successfully
2026-03-25 16:42:01 [INFO] ==================================================================
