2026-03-27 15:03:01 [INFO] ==================================================================
2026-03-27 15:03:01 [INFO]   MOS Qatar Demo - Sports Data Generator
2026-03-27 15:03:01 [INFO] ==================================================================
2026-03-27 15:03:01 [INFO] Config file   : /home/cloudera/mos_qatar_demo_poc/config/mos_qatar_demo.ini
2026-03-27 15:03:01 [INFO] Landing dir   : /home/cloudera/mos_qatar_demo_poc/landing
2026-03-27 15:03:01 [INFO] Output file   : mos_sports_events_20260327_150301.txt
2026-03-27 15:03:01 [INFO] Records count : 5
2026-03-27 15:03:01 [INFO] ------------------------------------------------------------------
2026-03-27 15:03:01 [INFO]   Record 01: Event ID: EVT2352 | Event Name: Qatar Cup Final | Sport: Football | Venue: Education City ...
2026-03-27 15:03:01 [INFO]   Record 02: Event ID: EVT4089 | Event Name: National Day Football Celebration | Sport: Swimming | Venu...
2026-03-27 15:03:01 [INFO]   Record 03: Event ID: EVT6825 | Event Name: Doha Sports Festival Opening Match | Sport: Football | Ven...
2026-03-27 15:03:01 [INFO]   Record 04: Event ID: EVT4157 | Event Name: MOS Annual Charity Football Gala | Sport: Football | Venue...
2026-03-27 15:03:01 [INFO]   Record 05: Event ID: EVT2354 | Event Name: Doha Sports Festival Opening Match | Sport: Volleyball | V...
2026-03-27 15:03:01 [INFO] ------------------------------------------------------------------
2026-03-27 15:03:01 [INFO] File written successfully.
2026-03-27 15:03:01 [INFO]   Full path : /home/cloudera/mos_qatar_demo_poc/landing/mos_sports_events_20260327_150301.txt
2026-03-27 15:03:01 [INFO]   Size      : 1303 bytes
2026-03-27 15:03:01 [INFO]   Records   : 5
2026-03-27 15:03:01 [INFO] ==================================================================
2026-03-27 15:03:01 [INFO]   Generator Completed Successfully
2026-03-27 15:03:01 [INFO] ==================================================================
