2026-03-26 14:56:02 [INFO] ==================================================================
2026-03-26 14:56:02 [INFO]   MOS Qatar Demo - Sports Data Generator
2026-03-26 14:56:02 [INFO] ==================================================================
2026-03-26 14:56:02 [INFO] Config file   : /home/cloudera/mos_qatar_demo_poc/config/mos_qatar_demo.ini
2026-03-26 14:56:02 [INFO] Landing dir   : /home/cloudera/mos_qatar_demo_poc/landing
2026-03-26 14:56:02 [INFO] Output file   : mos_sports_events_20260326_145602.txt
2026-03-26 14:56:02 [INFO] Records count : 7
2026-03-26 14:56:02 [INFO] ------------------------------------------------------------------
2026-03-26 14:56:02 [INFO]   Record 01: Event ID: EVT7277 | Event Name: Arab Nations Championship Semi Final | Sport: Athletics | ...
2026-03-26 14:56:02 [INFO]   Record 02: Event ID: EVT4683 | Event Name: Ramadan Football Festival | Sport: Volleyball | Venue: Lus...
2026-03-26 14:56:02 [INFO]   Record 03: Event ID: EVT3577 | Event Name: Gulf Youth Cup Semi Final | Sport: Handball | Venue: Al Th...
2026-03-26 14:56:02 [INFO]   Record 04: Event ID: EVT9308 | Event Name: Ministry Invitational Friendly Tournament | Sport: Footbal...
2026-03-26 14:56:02 [INFO]   Record 05: Event ID: EVT1806 | Event Name: Doha Sports Festival Opening Match | Sport: Handball | Ven...
2026-03-26 14:56:02 [INFO]   Record 06: Event ID: EVT2662 | Event Name: Asian Qualifiers Warm-up Match | Sport: Athletics | Venue:...
2026-03-26 14:56:02 [INFO]   Record 07: Event ID: EVT2086 | Event Name: Qatar Premier League Match Day 8 | Sport: Football | Venue...
2026-03-26 14:56:02 [INFO] ------------------------------------------------------------------
2026-03-26 14:56:02 [INFO] File written successfully.
2026-03-26 14:56:02 [INFO]   Full path : /home/cloudera/mos_qatar_demo_poc/landing/mos_sports_events_20260326_145602.txt
2026-03-26 14:56:02 [INFO]   Size      : 1796 bytes
2026-03-26 14:56:02 [INFO]   Records   : 7
2026-03-26 14:56:02 [INFO] ==================================================================
2026-03-26 14:56:02 [INFO]   Generator Completed Successfully
2026-03-26 14:56:02 [INFO] ==================================================================
