2026-03-25 19:32:01 [INFO] ==================================================================
2026-03-25 19:32:01 [INFO]   MOS Qatar Demo - Sports Data Generator
2026-03-25 19:32:01 [INFO] ==================================================================
2026-03-25 19:32:01 [INFO] Config file   : /home/cloudera/mos_qatar_demo_poc/config/mos_qatar_demo.ini
2026-03-25 19:32:01 [INFO] Landing dir   : /home/cloudera/mos_qatar_demo_poc/landing
2026-03-25 19:32:01 [INFO] Output file   : mos_sports_events_20260325_193201.txt
2026-03-25 19:32:01 [INFO] Records count : 9
2026-03-25 19:32:01 [INFO] ------------------------------------------------------------------
2026-03-25 19:32:01 [INFO]   Record 01: Event ID: EVT8313 | Event Name: National Day Football Celebration | Sport: Football | Venu...
2026-03-25 19:32:01 [INFO]   Record 02: Event ID: EVT2086 | Event Name: GCC Club Championship Semi Final | Sport: Football | Venue...
2026-03-25 19:32:01 [INFO]   Record 03: Event ID: EVT6255 | Event Name: Qatar Cup Final | Sport: Football | Venue: Education City ...
2026-03-25 19:32:01 [INFO]   Record 04: Event ID: EVT2212 | Event Name: Gulf Cup Qualifier Round 1 | Sport: Football | Venue: Al J...
2026-03-25 19:32:01 [INFO]   Record 05: Event ID: EVT1200 | Event Name: Qatar Premier League Match Day 8 | Sport: Football | Venue...
2026-03-25 19:32:01 [INFO]   Record 06: Event ID: EVT5772 | Event Name: MOS Annual Charity Football Gala | Sport: Handball | Venue...
2026-03-25 19:32:01 [INFO]   Record 07: Event ID: EVT7314 | Event Name: Qatar Under-20 Development League | Sport: Handball | Venu...
2026-03-25 19:32:01 [INFO]   Record 08: Event ID: EVT2730 | Event Name: GCC Club Championship Quarter Final | Sport: Athletics | V...
2026-03-25 19:32:01 [INFO]   Record 09: Event ID: EVT1588 | Event Name: Qatar Premier League Match Day 12 | Sport: Basketball | Ve...
2026-03-25 19:32:01 [INFO] ------------------------------------------------------------------
2026-03-25 19:32:01 [INFO] File written successfully.
2026-03-25 19:32:01 [INFO]   Full path : /home/cloudera/mos_qatar_demo_poc/landing/mos_sports_events_20260325_193201.txt
2026-03-25 19:32:01 [INFO]   Size      : 2340 bytes
2026-03-25 19:32:01 [INFO]   Records   : 9
2026-03-25 19:32:01 [INFO] ==================================================================
2026-03-25 19:32:01 [INFO]   Generator Completed Successfully
2026-03-25 19:32:01 [INFO] ==================================================================
