2026-03-24 23:11:01 [INFO] ==================================================================
2026-03-24 23:11:01 [INFO]   MOS Qatar Demo - Sports Data Generator
2026-03-24 23:11:01 [INFO] ==================================================================
2026-03-24 23:11:01 [INFO] Config file   : /home/cloudera/mos_qatar_demo_poc/config/mos_qatar_demo.ini
2026-03-24 23:11:01 [INFO] Landing dir   : /home/cloudera/mos_qatar_demo_poc/landing
2026-03-24 23:11:01 [INFO] Output file   : mos_sports_events_20260324_231101.txt
2026-03-24 23:11:01 [INFO] Records count : 7
2026-03-24 23:11:01 [INFO] ------------------------------------------------------------------
2026-03-24 23:11:01 [INFO]   Record 01: Event ID: EVT5509 | Event Name: Ministry Invitational Friendly Tournament | Sport: Basketb...
2026-03-24 23:11:01 [INFO]   Record 02: Event ID: EVT3987 | Event Name: Qatar Premier League Match Day 8 | Sport: Athletics | Venu...
2026-03-24 23:11:01 [INFO]   Record 03: Event ID: EVT5430 | Event Name: Qatar Premier League Match Day 12 | Sport: Volleyball | Ve...
2026-03-24 23:11:01 [INFO]   Record 04: Event ID: EVT1612 | Event Name: National Team Preparation Match | Sport: Football | Venue:...
2026-03-24 23:11:01 [INFO]   Record 05: Event ID: EVT7490 | Event Name: Qatar Cup Final | Sport: Football | Venue: Khalifa Interna...
2026-03-24 23:11:01 [INFO]   Record 06: Event ID: EVT6262 | Event Name: Qatar Premier League Match Day 8 | Sport: Handball | Venue...
2026-03-24 23:11:01 [INFO]   Record 07: Event ID: EVT3158 | Event Name: Ministry Youth Sports Day | Sport: Football | Venue: Lusai...
2026-03-24 23:11:01 [INFO] ------------------------------------------------------------------
2026-03-24 23:11:01 [INFO] File written successfully.
2026-03-24 23:11:01 [INFO]   Full path : /home/cloudera/mos_qatar_demo_poc/landing/mos_sports_events_20260324_231101.txt
2026-03-24 23:11:01 [INFO]   Size      : 1799 bytes
2026-03-24 23:11:01 [INFO]   Records   : 7
2026-03-24 23:11:01 [INFO] ==================================================================
2026-03-24 23:11:01 [INFO]   Generator Completed Successfully
2026-03-24 23:11:01 [INFO] ==================================================================
