2026-03-25 01:36:02 [INFO] ==================================================================
2026-03-25 01:36:02 [INFO]   MOS Qatar Demo - Sports Data Generator
2026-03-25 01:36:02 [INFO] ==================================================================
2026-03-25 01:36:02 [INFO] Config file   : /home/cloudera/mos_qatar_demo_poc/config/mos_qatar_demo.ini
2026-03-25 01:36:02 [INFO] Landing dir   : /home/cloudera/mos_qatar_demo_poc/landing
2026-03-25 01:36:02 [INFO] Output file   : mos_sports_events_20260325_013602.txt
2026-03-25 01:36:02 [INFO] Records count : 4
2026-03-25 01:36:02 [INFO] ------------------------------------------------------------------
2026-03-25 01:36:02 [INFO]   Record 01: Event ID: EVT5431 | Event Name: FIFA World Cup Qatar Legacy Match | Sport: Athletics | Ven...
2026-03-25 01:36:02 [INFO]   Record 02: Event ID: EVT7995 | Event Name: Gulf Youth Cup Round 2 | Sport: Football | Venue: Al Bayt ...
2026-03-25 01:36:02 [INFO]   Record 03: Event ID: EVT9283 | Event Name: Gulf Youth Cup Round 1 | Sport: Football | Venue: Al Bayt ...
2026-03-25 01:36:02 [INFO]   Record 04: Event ID: EVT5484 | Event Name: Arab Nations Championship Semi Final | Sport: Swimming | V...
2026-03-25 01:36:02 [INFO] ------------------------------------------------------------------
2026-03-25 01:36:02 [INFO] File written successfully.
2026-03-25 01:36:02 [INFO]   Full path : /home/cloudera/mos_qatar_demo_poc/landing/mos_sports_events_20260325_013602.txt
2026-03-25 01:36:02 [INFO]   Size      : 1006 bytes
2026-03-25 01:36:02 [INFO]   Records   : 4
2026-03-25 01:36:02 [INFO] ==================================================================
2026-03-25 01:36:02 [INFO]   Generator Completed Successfully
2026-03-25 01:36:02 [INFO] ==================================================================
