2026-03-24 20:14:02 [INFO] ==================================================================
2026-03-24 20:14:02 [INFO]   MOS Qatar Demo - Sports Data Generator
2026-03-24 20:14:02 [INFO] ==================================================================
2026-03-24 20:14:02 [INFO] Config file   : /home/cloudera/mos_qatar_demo_poc/config/mos_qatar_demo.ini
2026-03-24 20:14:02 [INFO] Landing dir   : /home/cloudera/mos_qatar_demo_poc/landing
2026-03-24 20:14:02 [INFO] Output file   : mos_sports_events_20260324_201402.txt
2026-03-24 20:14:02 [INFO] Records count : 5
2026-03-24 20:14:02 [INFO] ------------------------------------------------------------------
2026-03-24 20:14:02 [INFO]   Record 01: Event ID: EVT5709 | Event Name: Gulf Youth Cup Round 1 | Sport: Football | Venue: Khalifa ...
2026-03-24 20:14:02 [INFO]   Record 02: Event ID: EVT2060 | Event Name: GCC Club Championship Final | Sport: Basketball | Venue: K...
2026-03-24 20:14:02 [INFO]   Record 03: Event ID: EVT6676 | Event Name: Gulf Youth Cup Final | Sport: Football | Venue: Lusail Sta...
2026-03-24 20:14:02 [INFO]   Record 04: Event ID: EVT8396 | Event Name: Arab Nations Championship Semi Final | Sport: Football | V...
2026-03-24 20:14:02 [INFO]   Record 05: Event ID: EVT2760 | Event Name: Qatar Under-20 Development League | Sport: Swimming | Venu...
2026-03-24 20:14:02 [INFO] ------------------------------------------------------------------
2026-03-24 20:14:02 [INFO] File written successfully.
2026-03-24 20:14:02 [INFO]   Full path : /home/cloudera/mos_qatar_demo_poc/landing/mos_sports_events_20260324_201402.txt
2026-03-24 20:14:02 [INFO]   Size      : 1278 bytes
2026-03-24 20:14:02 [INFO]   Records   : 5
2026-03-24 20:14:02 [INFO] ==================================================================
2026-03-24 20:14:02 [INFO]   Generator Completed Successfully
2026-03-24 20:14:02 [INFO] ==================================================================
