2026-03-26 23:43:01 [INFO] ==================================================================
2026-03-26 23:43:01 [INFO]   MOS Qatar Demo - Sports Data Generator
2026-03-26 23:43:01 [INFO] ==================================================================
2026-03-26 23:43:01 [INFO] Config file   : /home/cloudera/mos_qatar_demo_poc/config/mos_qatar_demo.ini
2026-03-26 23:43:01 [INFO] Landing dir   : /home/cloudera/mos_qatar_demo_poc/landing
2026-03-26 23:43:01 [INFO] Output file   : mos_sports_events_20260326_234301.txt
2026-03-26 23:43:01 [INFO] Records count : 9
2026-03-26 23:43:01 [INFO] ------------------------------------------------------------------
2026-03-26 23:43:01 [INFO]   Record 01: Event ID: EVT7249 | Event Name: GCC Club Championship Quarter Final | Sport: Football | Ve...
2026-03-26 23:43:01 [INFO]   Record 02: Event ID: EVT9388 | Event Name: Gulf Youth Cup Semi Final | Sport: Volleyball | Venue: Al ...
2026-03-26 23:43:01 [INFO]   Record 03: Event ID: EVT2269 | Event Name: Doha Sports Festival Opening Match | Sport: Athletics | Ve...
2026-03-26 23:43:01 [INFO]   Record 04: Event ID: EVT5892 | Event Name: Qatar Schools Football League | Sport: Football | Venue: A...
2026-03-26 23:43:01 [INFO]   Record 05: Event ID: EVT1748 | Event Name: GCC Club Championship Quarter Final | Sport: Basketball | ...
2026-03-26 23:43:01 [INFO]   Record 06: Event ID: EVT7586 | Event Name: Qatar Cup Semi Final | Sport: Football | Venue: Education ...
2026-03-26 23:43:01 [INFO]   Record 07: Event ID: EVT2959 | Event Name: Qatar Cup Semi Final | Sport: Handball | Venue: Ahmad Bin ...
2026-03-26 23:43:01 [INFO]   Record 08: Event ID: EVT2757 | Event Name: National Day Football Celebration | Sport: Football | Venu...
2026-03-26 23:43:01 [INFO]   Record 09: Event ID: EVT4087 | Event Name: GCC Club Championship Semi Final | Sport: Handball | Venue...
2026-03-26 23:43:01 [INFO] ------------------------------------------------------------------
2026-03-26 23:43:01 [INFO] File written successfully.
2026-03-26 23:43:01 [INFO]   Full path : /home/cloudera/mos_qatar_demo_poc/landing/mos_sports_events_20260326_234301.txt
2026-03-26 23:43:01 [INFO]   Size      : 2378 bytes
2026-03-26 23:43:01 [INFO]   Records   : 9
2026-03-26 23:43:01 [INFO] ==================================================================
2026-03-26 23:43:01 [INFO]   Generator Completed Successfully
2026-03-26 23:43:01 [INFO] ==================================================================
