2026-03-25 18:37:01 [INFO] ==================================================================
2026-03-25 18:37:01 [INFO]   MOS Qatar Demo - Sports Data Generator
2026-03-25 18:37:01 [INFO] ==================================================================
2026-03-25 18:37:01 [INFO] Config file   : /home/cloudera/mos_qatar_demo_poc/config/mos_qatar_demo.ini
2026-03-25 18:37:01 [INFO] Landing dir   : /home/cloudera/mos_qatar_demo_poc/landing
2026-03-25 18:37:01 [INFO] Output file   : mos_sports_events_20260325_183701.txt
2026-03-25 18:37:01 [INFO] Records count : 7
2026-03-25 18:37:01 [INFO] ------------------------------------------------------------------
2026-03-25 18:37:01 [INFO]   Record 01: Event ID: EVT7131 | Event Name: Ministry Invitational Friendly Tournament | Sport: Footbal...
2026-03-25 18:37:01 [INFO]   Record 02: Event ID: EVT6668 | Event Name: Ministry Invitational Friendly Tournament | Sport: Athleti...
2026-03-25 18:37:01 [INFO]   Record 03: Event ID: EVT5929 | Event Name: Qatar Cup Final | Sport: Football | Venue: Ahmad Bin Ali S...
2026-03-25 18:37:01 [INFO]   Record 04: Event ID: EVT1311 | Event Name: Qatar Premier League Match Day 8 | Sport: Football | Venue...
2026-03-25 18:37:01 [INFO]   Record 05: Event ID: EVT6798 | Event Name: Qatar Schools Football League | Sport: Athletics | Venue: ...
2026-03-25 18:37:01 [INFO]   Record 06: Event ID: EVT7400 | Event Name: Ministry Invitational Friendly Tournament | Sport: Basketb...
2026-03-25 18:37:01 [INFO]   Record 07: Event ID: EVT5423 | Event Name: Qatar Premier League Match Day 8 | Sport: Handball | Venue...
2026-03-25 18:37:01 [INFO] ------------------------------------------------------------------
2026-03-25 18:37:01 [INFO] File written successfully.
2026-03-25 18:37:01 [INFO]   Full path : /home/cloudera/mos_qatar_demo_poc/landing/mos_sports_events_20260325_183701.txt
2026-03-25 18:37:01 [INFO]   Size      : 1802 bytes
2026-03-25 18:37:01 [INFO]   Records   : 7
2026-03-25 18:37:01 [INFO] ==================================================================
2026-03-25 18:37:01 [INFO]   Generator Completed Successfully
2026-03-25 18:37:01 [INFO] ==================================================================
