2026-03-27 06:34:02 [INFO] ==================================================================
2026-03-27 06:34:02 [INFO]   MOS Qatar Demo - Sports Data Generator
2026-03-27 06:34:02 [INFO] ==================================================================
2026-03-27 06:34:02 [INFO] Config file   : /home/cloudera/mos_qatar_demo_poc/config/mos_qatar_demo.ini
2026-03-27 06:34:02 [INFO] Landing dir   : /home/cloudera/mos_qatar_demo_poc/landing
2026-03-27 06:34:02 [INFO] Output file   : mos_sports_events_20260327_063402.txt
2026-03-27 06:34:02 [INFO] Records count : 9
2026-03-27 06:34:02 [INFO] ------------------------------------------------------------------
2026-03-27 06:34:02 [INFO]   Record 01: Event ID: EVT3459 | Event Name: National Team Preparation Match | Sport: Athletics | Venue...
2026-03-27 06:34:02 [INFO]   Record 02: Event ID: EVT5874 | Event Name: Gulf Youth Cup Round 2 | Sport: Football | Venue: Lusail S...
2026-03-27 06:34:02 [INFO]   Record 03: Event ID: EVT1090 | Event Name: Gulf Youth Cup Quarter Final | Sport: Football | Venue: Al...
2026-03-27 06:34:02 [INFO]   Record 04: Event ID: EVT2206 | Event Name: Qatar Premier League Match Day 8 | Sport: Swimming | Venue...
2026-03-27 06:34:02 [INFO]   Record 05: Event ID: EVT7806 | Event Name: GCC Club Championship Final | Sport: Handball | Venue: Al ...
2026-03-27 06:34:02 [INFO]   Record 06: Event ID: EVT6584 | Event Name: National Team Preparation Match | Sport: Athletics | Venue...
2026-03-27 06:34:02 [INFO]   Record 07: Event ID: EVT1730 | Event Name: Asian Qualifiers Warm-up Match | Sport: Football | Venue: ...
2026-03-27 06:34:02 [INFO]   Record 08: Event ID: EVT6459 | Event Name: Gulf Youth Cup Semi Final | Sport: Football | Venue: Khali...
2026-03-27 06:34:02 [INFO]   Record 09: Event ID: EVT7654 | Event Name: Qatar Schools Football League | Sport: Football | Venue: A...
2026-03-27 06:34:02 [INFO] ------------------------------------------------------------------
2026-03-27 06:34:02 [INFO] File written successfully.
2026-03-27 06:34:02 [INFO]   Full path : /home/cloudera/mos_qatar_demo_poc/landing/mos_sports_events_20260327_063402.txt
2026-03-27 06:34:02 [INFO]   Size      : 2304 bytes
2026-03-27 06:34:02 [INFO]   Records   : 9
2026-03-27 06:34:02 [INFO] ==================================================================
2026-03-27 06:34:02 [INFO]   Generator Completed Successfully
2026-03-27 06:34:02 [INFO] ==================================================================
