2026-03-27 14:57:01 [INFO] ==================================================================
2026-03-27 14:57:01 [INFO]   MOS Qatar Demo - Sports Data Generator
2026-03-27 14:57:01 [INFO] ==================================================================
2026-03-27 14:57:01 [INFO] Config file   : /home/cloudera/mos_qatar_demo_poc/config/mos_qatar_demo.ini
2026-03-27 14:57:01 [INFO] Landing dir   : /home/cloudera/mos_qatar_demo_poc/landing
2026-03-27 14:57:01 [INFO] Output file   : mos_sports_events_20260327_145701.txt
2026-03-27 14:57:01 [INFO] Records count : 4
2026-03-27 14:57:01 [INFO] ------------------------------------------------------------------
2026-03-27 14:57:01 [INFO]   Record 01: Event ID: EVT5596 | Event Name: FIFA World Cup Qatar Legacy Match | Sport: Volleyball | Ve...
2026-03-27 14:57:01 [INFO]   Record 02: Event ID: EVT6380 | Event Name: Gulf Youth Cup Quarter Final | Sport: Swimming | Venue: Al...
2026-03-27 14:57:01 [INFO]   Record 03: Event ID: EVT9275 | Event Name: Arab Nations Championship Group Stage | Sport: Swimming | ...
2026-03-27 14:57:01 [INFO]   Record 04: Event ID: EVT7527 | Event Name: Qatar Olympic Training Camp Evaluation | Sport: Handball |...
2026-03-27 14:57:01 [INFO] ------------------------------------------------------------------
2026-03-27 14:57:01 [INFO] File written successfully.
2026-03-27 14:57:01 [INFO]   Full path : /home/cloudera/mos_qatar_demo_poc/landing/mos_sports_events_20260327_145701.txt
2026-03-27 14:57:01 [INFO]   Size      : 1058 bytes
2026-03-27 14:57:01 [INFO]   Records   : 4
2026-03-27 14:57:01 [INFO] ==================================================================
2026-03-27 14:57:01 [INFO]   Generator Completed Successfully
2026-03-27 14:57:01 [INFO] ==================================================================
