2026-03-27 15:57:02 [INFO] ==================================================================
2026-03-27 15:57:02 [INFO]   MOS Qatar Demo - Sports Data Generator
2026-03-27 15:57:02 [INFO] ==================================================================
2026-03-27 15:57:02 [INFO] Config file   : /home/cloudera/mos_qatar_demo_poc/config/mos_qatar_demo.ini
2026-03-27 15:57:02 [INFO] Landing dir   : /home/cloudera/mos_qatar_demo_poc/landing
2026-03-27 15:57:02 [INFO] Output file   : mos_sports_events_20260327_155702.txt
2026-03-27 15:57:02 [INFO] Records count : 4
2026-03-27 15:57:02 [INFO] ------------------------------------------------------------------
2026-03-27 15:57:02 [INFO]   Record 01: Event ID: EVT2597 | Event Name: Ministry Youth Sports Day | Sport: Football | Venue: Qatar...
2026-03-27 15:57:02 [INFO]   Record 02: Event ID: EVT3622 | Event Name: Doha Sports Festival Opening Match | Sport: Football | Ven...
2026-03-27 15:57:02 [INFO]   Record 03: Event ID: EVT6047 | Event Name: Qatar Schools Football League | Sport: Football | Venue: Q...
2026-03-27 15:57:02 [INFO]   Record 04: Event ID: EVT1970 | Event Name: National Day Football Celebration | Sport: Football | Venu...
2026-03-27 15:57:02 [INFO] ------------------------------------------------------------------
2026-03-27 15:57:02 [INFO] File written successfully.
2026-03-27 15:57:02 [INFO]   Full path : /home/cloudera/mos_qatar_demo_poc/landing/mos_sports_events_20260327_155702.txt
2026-03-27 15:57:02 [INFO]   Size      : 1038 bytes
2026-03-27 15:57:02 [INFO]   Records   : 4
2026-03-27 15:57:02 [INFO] ==================================================================
2026-03-27 15:57:02 [INFO]   Generator Completed Successfully
2026-03-27 15:57:02 [INFO] ==================================================================
