2026-03-26 06:34:02 [INFO] ==================================================================
2026-03-26 06:34:02 [INFO]   MOS Qatar Demo - Sports Data Generator
2026-03-26 06:34:02 [INFO] ==================================================================
2026-03-26 06:34:02 [INFO] Config file   : /home/cloudera/mos_qatar_demo_poc/config/mos_qatar_demo.ini
2026-03-26 06:34:02 [INFO] Landing dir   : /home/cloudera/mos_qatar_demo_poc/landing
2026-03-26 06:34:02 [INFO] Output file   : mos_sports_events_20260326_063402.txt
2026-03-26 06:34:02 [INFO] Records count : 7
2026-03-26 06:34:02 [INFO] ------------------------------------------------------------------
2026-03-26 06:34:02 [INFO]   Record 01: Event ID: EVT4633 | Event Name: Gulf Youth Cup Round 2 | Sport: Football | Venue: Ahmad Bi...
2026-03-26 06:34:02 [INFO]   Record 02: Event ID: EVT8847 | Event Name: National Day Football Celebration | Sport: Football | Venu...
2026-03-26 06:34:02 [INFO]   Record 03: Event ID: EVT5792 | Event Name: GCC Club Championship Quarter Final | Sport: Swimming | Ve...
2026-03-26 06:34:02 [INFO]   Record 04: Event ID: EVT5394 | Event Name: Doha Sports Festival Opening Match | Sport: Football | Ven...
2026-03-26 06:34:02 [INFO]   Record 05: Event ID: EVT9913 | Event Name: GCC Club Championship Final | Sport: Football | Venue: Ahm...
2026-03-26 06:34:02 [INFO]   Record 06: Event ID: EVT8197 | Event Name: National Day Football Celebration | Sport: Swimming | Venu...
2026-03-26 06:34:02 [INFO]   Record 07: Event ID: EVT7317 | Event Name: FIFA World Cup Qatar Legacy Match | Sport: Athletics | Ven...
2026-03-26 06:34:02 [INFO] ------------------------------------------------------------------
2026-03-26 06:34:02 [INFO] File written successfully.
2026-03-26 06:34:02 [INFO]   Full path : /home/cloudera/mos_qatar_demo_poc/landing/mos_sports_events_20260326_063402.txt
2026-03-26 06:34:02 [INFO]   Size      : 1844 bytes
2026-03-26 06:34:02 [INFO]   Records   : 7
2026-03-26 06:34:02 [INFO] ==================================================================
2026-03-26 06:34:02 [INFO]   Generator Completed Successfully
2026-03-26 06:34:02 [INFO] ==================================================================
