2026-03-27 05:50:01 [INFO] ==================================================================
2026-03-27 05:50:01 [INFO]   MOS Qatar Demo - Sports Data Generator
2026-03-27 05:50:01 [INFO] ==================================================================
2026-03-27 05:50:01 [INFO] Config file   : /home/cloudera/mos_qatar_demo_poc/config/mos_qatar_demo.ini
2026-03-27 05:50:01 [INFO] Landing dir   : /home/cloudera/mos_qatar_demo_poc/landing
2026-03-27 05:50:01 [INFO] Output file   : mos_sports_events_20260327_055001.txt
2026-03-27 05:50:01 [INFO] Records count : 9
2026-03-27 05:50:01 [INFO] ------------------------------------------------------------------
2026-03-27 05:50:01 [INFO]   Record 01: Event ID: EVT7482 | Event Name: Ministry Invitational Friendly Tournament | Sport: Basketb...
2026-03-27 05:50:01 [INFO]   Record 02: Event ID: EVT3616 | Event Name: Doha Sports Festival Opening Match | Sport: Swimming | Ven...
2026-03-27 05:50:01 [INFO]   Record 03: Event ID: EVT6945 | Event Name: Gulf Youth Cup Round 2 | Sport: Handball | Venue: Khalifa ...
2026-03-27 05:50:01 [INFO]   Record 04: Event ID: EVT3489 | Event Name: Gulf Cup Qualifier Round 1 | Sport: Handball | Venue: Khal...
2026-03-27 05:50:01 [INFO]   Record 05: Event ID: EVT3199 | Event Name: Gulf Youth Cup Final | Sport: Football | Venue: Al Thumama...
2026-03-27 05:50:01 [INFO]   Record 06: Event ID: EVT6787 | Event Name: Gulf Youth Cup Final | Sport: Football | Venue: Qatar Spor...
2026-03-27 05:50:01 [INFO]   Record 07: Event ID: EVT4414 | Event Name: Doha Sports Festival Opening Match | Sport: Football | Ven...
2026-03-27 05:50:01 [INFO]   Record 08: Event ID: EVT9849 | Event Name: Arab Nations Championship Group Stage | Sport: Football | ...
2026-03-27 05:50:01 [INFO]   Record 09: Event ID: EVT8610 | Event Name: Ministry Youth Sports Day | Sport: Football | Venue: Aspir...
2026-03-27 05:50:01 [INFO] ------------------------------------------------------------------
2026-03-27 05:50:01 [INFO] File written successfully.
2026-03-27 05:50:01 [INFO]   Full path : /home/cloudera/mos_qatar_demo_poc/landing/mos_sports_events_20260327_055001.txt
2026-03-27 05:50:01 [INFO]   Size      : 2347 bytes
2026-03-27 05:50:01 [INFO]   Records   : 9
2026-03-27 05:50:01 [INFO] ==================================================================
2026-03-27 05:50:01 [INFO]   Generator Completed Successfully
2026-03-27 05:50:01 [INFO] ==================================================================
