2026-03-27 19:25:01 [INFO] ==================================================================
2026-03-27 19:25:01 [INFO]   MOS Qatar Demo - Sports Data Generator
2026-03-27 19:25:01 [INFO] ==================================================================
2026-03-27 19:25:01 [INFO] Config file   : /home/cloudera/mos_qatar_demo_poc/config/mos_qatar_demo.ini
2026-03-27 19:25:01 [INFO] Landing dir   : /home/cloudera/mos_qatar_demo_poc/landing
2026-03-27 19:25:01 [INFO] Output file   : mos_sports_events_20260327_192501.txt
2026-03-27 19:25:01 [INFO] Records count : 5
2026-03-27 19:25:01 [INFO] ------------------------------------------------------------------
2026-03-27 19:25:01 [INFO]   Record 01: Event ID: EVT6270 | Event Name: Ramadan Football Festival | Sport: Athletics | Venue: Khal...
2026-03-27 19:25:01 [INFO]   Record 02: Event ID: EVT2896 | Event Name: GCC Club Championship Quarter Final | Sport: Basketball | ...
2026-03-27 19:25:01 [INFO]   Record 03: Event ID: EVT5409 | Event Name: GCC Club Championship Final | Sport: Football | Venue: Qat...
2026-03-27 19:25:01 [INFO]   Record 04: Event ID: EVT1573 | Event Name: MOS Annual Charity Football Gala | Sport: Basketball | Ven...
2026-03-27 19:25:01 [INFO]   Record 05: Event ID: EVT5791 | Event Name: Ramadan Football Festival | Sport: Football | Venue: Qatar...
2026-03-27 19:25:01 [INFO] ------------------------------------------------------------------
2026-03-27 19:25:01 [INFO] File written successfully.
2026-03-27 19:25:01 [INFO]   Full path : /home/cloudera/mos_qatar_demo_poc/landing/mos_sports_events_20260327_192501.txt
2026-03-27 19:25:01 [INFO]   Size      : 1289 bytes
2026-03-27 19:25:01 [INFO]   Records   : 5
2026-03-27 19:25:01 [INFO] ==================================================================
2026-03-27 19:25:01 [INFO]   Generator Completed Successfully
2026-03-27 19:25:01 [INFO] ==================================================================
