2026-03-26 20:25:01 [INFO] ==================================================================
2026-03-26 20:25:01 [INFO]   MOS Qatar Demo - Sports Data Generator
2026-03-26 20:25:01 [INFO] ==================================================================
2026-03-26 20:25:01 [INFO] Config file   : /home/cloudera/mos_qatar_demo_poc/config/mos_qatar_demo.ini
2026-03-26 20:25:01 [INFO] Landing dir   : /home/cloudera/mos_qatar_demo_poc/landing
2026-03-26 20:25:01 [INFO] Output file   : mos_sports_events_20260326_202501.txt
2026-03-26 20:25:01 [INFO] Records count : 10
2026-03-26 20:25:01 [INFO] ------------------------------------------------------------------
2026-03-26 20:25:01 [INFO]   Record 01: Event ID: EVT8495 | Event Name: Qatar Cup Semi Final | Sport: Football | Venue: Al Wakrah ...
2026-03-26 20:25:01 [INFO]   Record 02: Event ID: EVT8055 | Event Name: Qatar Premier League Match Day 8 | Sport: Swimming | Venue...
2026-03-26 20:25:01 [INFO]   Record 03: Event ID: EVT9388 | Event Name: GCC Club Championship Final | Sport: Football | Venue: Qat...
2026-03-26 20:25:01 [INFO]   Record 04: Event ID: EVT9846 | Event Name: Gulf Cup Qualifier Round 1 | Sport: Volleyball | Venue: As...
2026-03-26 20:25:01 [INFO]   Record 05: Event ID: EVT6917 | Event Name: Arab Nations Championship Group Stage | Sport: Football | ...
2026-03-26 20:25:01 [INFO]   Record 06: Event ID: EVT9712 | Event Name: MOS Annual Charity Football Gala | Sport: Handball | Venue...
2026-03-26 20:25:01 [INFO]   Record 07: Event ID: EVT5846 | Event Name: Gulf Youth Cup Round 1 | Sport: Handball | Venue: Khalifa ...
2026-03-26 20:25:01 [INFO]   Record 08: Event ID: EVT6253 | Event Name: Qatar Under-20 Development League | Sport: Swimming | Venu...
2026-03-26 20:25:01 [INFO]   Record 09: Event ID: EVT5665 | Event Name: Doha Sports Festival Opening Match | Sport: Basketball | V...
2026-03-26 20:25:01 [INFO]   Record 10: Event ID: EVT6276 | Event Name: Qatar Premier League Match Day 8 | Sport: Football | Venue...
2026-03-26 20:25:01 [INFO] ------------------------------------------------------------------
2026-03-26 20:25:01 [INFO] File written successfully.
2026-03-26 20:25:01 [INFO]   Full path : /home/cloudera/mos_qatar_demo_poc/landing/mos_sports_events_20260326_202501.txt
2026-03-26 20:25:01 [INFO]   Size      : 2583 bytes
2026-03-26 20:25:01 [INFO]   Records   : 10
2026-03-26 20:25:01 [INFO] ==================================================================
2026-03-26 20:25:01 [INFO]   Generator Completed Successfully
2026-03-26 20:25:01 [INFO] ==================================================================
