2026-03-24 23:35:01 [INFO] ==================================================================
2026-03-24 23:35:01 [INFO]   MOS Qatar Demo - Sports Data Generator
2026-03-24 23:35:01 [INFO] ==================================================================
2026-03-24 23:35:01 [INFO] Config file   : /home/cloudera/mos_qatar_demo_poc/config/mos_qatar_demo.ini
2026-03-24 23:35:01 [INFO] Landing dir   : /home/cloudera/mos_qatar_demo_poc/landing
2026-03-24 23:35:01 [INFO] Output file   : mos_sports_events_20260324_233501.txt
2026-03-24 23:35:01 [INFO] Records count : 6
2026-03-24 23:35:01 [INFO] ------------------------------------------------------------------
2026-03-24 23:35:01 [INFO]   Record 01: Event ID: EVT3537 | Event Name: Qatar Cup Final | Sport: Handball | Venue: Qatar Sports Cl...
2026-03-24 23:35:01 [INFO]   Record 02: Event ID: EVT2779 | Event Name: Asian Qualifiers Warm-up Match | Sport: Swimming | Venue: ...
2026-03-24 23:35:01 [INFO]   Record 03: Event ID: EVT3757 | Event Name: Gulf Youth Cup Semi Final | Sport: Swimming | Venue: Khali...
2026-03-24 23:35:01 [INFO]   Record 04: Event ID: EVT3466 | Event Name: Qatar Olympic Training Camp Evaluation | Sport: Volleyball...
2026-03-24 23:35:01 [INFO]   Record 05: Event ID: EVT3188 | Event Name: National Day Football Celebration | Sport: Football | Venu...
2026-03-24 23:35:01 [INFO]   Record 06: Event ID: EVT3127 | Event Name: Qatar Premier League Match Day 5 | Sport: Football | Venue...
2026-03-24 23:35:01 [INFO] ------------------------------------------------------------------
2026-03-24 23:35:01 [INFO] File written successfully.
2026-03-24 23:35:01 [INFO]   Full path : /home/cloudera/mos_qatar_demo_poc/landing/mos_sports_events_20260324_233501.txt
2026-03-24 23:35:01 [INFO]   Size      : 1564 bytes
2026-03-24 23:35:01 [INFO]   Records   : 6
2026-03-24 23:35:01 [INFO] ==================================================================
2026-03-24 23:35:01 [INFO]   Generator Completed Successfully
2026-03-24 23:35:01 [INFO] ==================================================================
