2026-03-24 15:30:02 [INFO] ==================================================================
2026-03-24 15:30:02 [INFO]   MOS Qatar Demo - Sports Data Generator
2026-03-24 15:30:02 [INFO] ==================================================================
2026-03-24 15:30:02 [INFO] Config file   : /home/cloudera/mos_qatar_demo_poc/config/mos_qatar_demo.ini
2026-03-24 15:30:02 [INFO] Landing dir   : /home/cloudera/mos_qatar_demo_poc/landing
2026-03-24 15:30:02 [INFO] Output file   : mos_sports_events_20260324_153002.txt
2026-03-24 15:30:02 [INFO] Records count : 7
2026-03-24 15:30:02 [INFO] ------------------------------------------------------------------
2026-03-24 15:30:02 [INFO]   Record 01: Event ID: EVT2985 | Event Name: Qatar Under-20 Development League | Sport: Football | Venu...
2026-03-24 15:30:02 [INFO]   Record 02: Event ID: EVT7476 | Event Name: Gulf Cup Qualifier Round 1 | Sport: Athletics | Venue: Al ...
2026-03-24 15:30:02 [INFO]   Record 03: Event ID: EVT3176 | Event Name: Qatar Cup Final | Sport: Football | Venue: Lusail Stadium ...
2026-03-24 15:30:02 [INFO]   Record 04: Event ID: EVT6152 | Event Name: GCC Club Championship Final | Sport: Football | Venue: Edu...
2026-03-24 15:30:02 [INFO]   Record 05: Event ID: EVT9220 | Event Name: Ramadan Football Festival | Sport: Football | Venue: Al Th...
2026-03-24 15:30:02 [INFO]   Record 06: Event ID: EVT2165 | Event Name: Qatar Premier League Match Day 12 | Sport: Football | Venu...
2026-03-24 15:30:02 [INFO]   Record 07: Event ID: EVT5995 | Event Name: GCC Club Championship Semi Final | Sport: Football | Venue...
2026-03-24 15:30:02 [INFO] ------------------------------------------------------------------
2026-03-24 15:30:02 [INFO] File written successfully.
2026-03-24 15:30:02 [INFO]   Full path : /home/cloudera/mos_qatar_demo_poc/landing/mos_sports_events_20260324_153002.txt
2026-03-24 15:30:02 [INFO]   Size      : 1795 bytes
2026-03-24 15:30:02 [INFO]   Records   : 7
2026-03-24 15:30:02 [INFO] ==================================================================
2026-03-24 15:30:02 [INFO]   Generator Completed Successfully
2026-03-24 15:30:02 [INFO] ==================================================================
