2026-03-26 16:54:01 [INFO] ==================================================================
2026-03-26 16:54:01 [INFO]   MOS Qatar Demo - Sports Data Generator
2026-03-26 16:54:01 [INFO] ==================================================================
2026-03-26 16:54:01 [INFO] Config file   : /home/cloudera/mos_qatar_demo_poc/config/mos_qatar_demo.ini
2026-03-26 16:54:01 [INFO] Landing dir   : /home/cloudera/mos_qatar_demo_poc/landing
2026-03-26 16:54:01 [INFO] Output file   : mos_sports_events_20260326_165401.txt
2026-03-26 16:54:01 [INFO] Records count : 8
2026-03-26 16:54:01 [INFO] ------------------------------------------------------------------
2026-03-26 16:54:01 [INFO]   Record 01: Event ID: EVT5088 | Event Name: Gulf Youth Cup Final | Sport: Volleyball | Venue: Aspire Z...
2026-03-26 16:54:01 [INFO]   Record 02: Event ID: EVT3639 | Event Name: Qatar Cup Final | Sport: Basketball | Venue: Al Wakrah Spo...
2026-03-26 16:54:01 [INFO]   Record 03: Event ID: EVT7577 | Event Name: GCC Club Championship Final | Sport: Football | Venue: Asp...
2026-03-26 16:54:01 [INFO]   Record 04: Event ID: EVT8032 | Event Name: Qatar Cup Final | Sport: Volleyball | Venue: Al Wakrah Spo...
2026-03-26 16:54:01 [INFO]   Record 05: Event ID: EVT9635 | Event Name: Ministry Youth Sports Day | Sport: Football | Venue: Al Th...
2026-03-26 16:54:01 [INFO]   Record 06: Event ID: EVT8081 | Event Name: National Team Preparation Match | Sport: Basketball | Venu...
2026-03-26 16:54:01 [INFO]   Record 07: Event ID: EVT5041 | Event Name: GCC Club Championship Quarter Final | Sport: Volleyball | ...
2026-03-26 16:54:01 [INFO]   Record 08: Event ID: EVT1011 | Event Name: Doha Sports Festival Opening Match | Sport: Basketball | V...
2026-03-26 16:54:01 [INFO] ------------------------------------------------------------------
2026-03-26 16:54:01 [INFO] File written successfully.
2026-03-26 16:54:01 [INFO]   Full path : /home/cloudera/mos_qatar_demo_poc/landing/mos_sports_events_20260326_165401.txt
2026-03-26 16:54:01 [INFO]   Size      : 2021 bytes
2026-03-26 16:54:01 [INFO]   Records   : 8
2026-03-26 16:54:01 [INFO] ==================================================================
2026-03-26 16:54:01 [INFO]   Generator Completed Successfully
2026-03-26 16:54:01 [INFO] ==================================================================
