2026-03-27 12:46:02 [INFO] ==================================================================
2026-03-27 12:46:02 [INFO]   MOS Qatar Demo - Sports Data Generator
2026-03-27 12:46:02 [INFO] ==================================================================
2026-03-27 12:46:02 [INFO] Config file   : /home/cloudera/mos_qatar_demo_poc/config/mos_qatar_demo.ini
2026-03-27 12:46:02 [INFO] Landing dir   : /home/cloudera/mos_qatar_demo_poc/landing
2026-03-27 12:46:02 [INFO] Output file   : mos_sports_events_20260327_124602.txt
2026-03-27 12:46:02 [INFO] Records count : 6
2026-03-27 12:46:02 [INFO] ------------------------------------------------------------------
2026-03-27 12:46:02 [INFO]   Record 01: Event ID: EVT4548 | Event Name: Arab Nations Championship Group Stage | Sport: Football | ...
2026-03-27 12:46:02 [INFO]   Record 02: Event ID: EVT9473 | Event Name: Qatar Premier League Match Day 5 | Sport: Handball | Venue...
2026-03-27 12:46:02 [INFO]   Record 03: Event ID: EVT2889 | Event Name: GCC Club Championship Final | Sport: Football | Venue: Asp...
2026-03-27 12:46:02 [INFO]   Record 04: Event ID: EVT7741 | Event Name: GCC Club Championship Final | Sport: Basketball | Venue: A...
2026-03-27 12:46:02 [INFO]   Record 05: Event ID: EVT2185 | Event Name: Arab Nations Championship Group Stage | Sport: Athletics |...
2026-03-27 12:46:02 [INFO]   Record 06: Event ID: EVT3777 | Event Name: Qatar Olympic Training Camp Evaluation | Sport: Athletics ...
2026-03-27 12:46:02 [INFO] ------------------------------------------------------------------
2026-03-27 12:46:02 [INFO] File written successfully.
2026-03-27 12:46:02 [INFO]   Full path : /home/cloudera/mos_qatar_demo_poc/landing/mos_sports_events_20260327_124602.txt
2026-03-27 12:46:02 [INFO]   Size      : 1565 bytes
2026-03-27 12:46:02 [INFO]   Records   : 6
2026-03-27 12:46:02 [INFO] ==================================================================
2026-03-27 12:46:02 [INFO]   Generator Completed Successfully
2026-03-27 12:46:02 [INFO] ==================================================================
