2026-03-25 04:21:02 [INFO] ==================================================================
2026-03-25 04:21:02 [INFO]   MOS Qatar Demo - Sports Data Generator
2026-03-25 04:21:02 [INFO] ==================================================================
2026-03-25 04:21:02 [INFO] Config file   : /home/cloudera/mos_qatar_demo_poc/config/mos_qatar_demo.ini
2026-03-25 04:21:02 [INFO] Landing dir   : /home/cloudera/mos_qatar_demo_poc/landing
2026-03-25 04:21:02 [INFO] Output file   : mos_sports_events_20260325_042102.txt
2026-03-25 04:21:02 [INFO] Records count : 7
2026-03-25 04:21:02 [INFO] ------------------------------------------------------------------
2026-03-25 04:21:02 [INFO]   Record 01: Event ID: EVT9732 | Event Name: Qatar Under-20 Development League | Sport: Football | Venu...
2026-03-25 04:21:02 [INFO]   Record 02: Event ID: EVT2179 | Event Name: GCC Club Championship Quarter Final | Sport: Football | Ve...
2026-03-25 04:21:02 [INFO]   Record 03: Event ID: EVT3525 | Event Name: Qatar Olympic Training Camp Evaluation | Sport: Handball |...
2026-03-25 04:21:02 [INFO]   Record 04: Event ID: EVT5818 | Event Name: Qatar Premier League Match Day 8 | Sport: Volleyball | Ven...
2026-03-25 04:21:02 [INFO]   Record 05: Event ID: EVT4764 | Event Name: Qatar Under-20 Development League | Sport: Handball | Venu...
2026-03-25 04:21:02 [INFO]   Record 06: Event ID: EVT6626 | Event Name: Gulf Youth Cup Semi Final | Sport: Football | Venue: Khali...
2026-03-25 04:21:02 [INFO]   Record 07: Event ID: EVT3802 | Event Name: Qatar Cup Final | Sport: Basketball | Venue: Al Wakrah Spo...
2026-03-25 04:21:02 [INFO] ------------------------------------------------------------------
2026-03-25 04:21:02 [INFO] File written successfully.
2026-03-25 04:21:02 [INFO]   Full path : /home/cloudera/mos_qatar_demo_poc/landing/mos_sports_events_20260325_042102.txt
2026-03-25 04:21:02 [INFO]   Size      : 1827 bytes
2026-03-25 04:21:02 [INFO]   Records   : 7
2026-03-25 04:21:02 [INFO] ==================================================================
2026-03-25 04:21:02 [INFO]   Generator Completed Successfully
2026-03-25 04:21:02 [INFO] ==================================================================
