2026-03-25 22:06:01 [INFO] ==================================================================
2026-03-25 22:06:01 [INFO]   MOS Qatar Demo - Sports Data Generator
2026-03-25 22:06:01 [INFO] ==================================================================
2026-03-25 22:06:01 [INFO] Config file   : /home/cloudera/mos_qatar_demo_poc/config/mos_qatar_demo.ini
2026-03-25 22:06:01 [INFO] Landing dir   : /home/cloudera/mos_qatar_demo_poc/landing
2026-03-25 22:06:01 [INFO] Output file   : mos_sports_events_20260325_220601.txt
2026-03-25 22:06:01 [INFO] Records count : 4
2026-03-25 22:06:01 [INFO] ------------------------------------------------------------------
2026-03-25 22:06:01 [INFO]   Record 01: Event ID: EVT1421 | Event Name: MOS Annual Charity Football Gala | Sport: Athletics | Venu...
2026-03-25 22:06:01 [INFO]   Record 02: Event ID: EVT9752 | Event Name: Arab Nations Championship Semi Final | Sport: Volleyball |...
2026-03-25 22:06:01 [INFO]   Record 03: Event ID: EVT7519 | Event Name: Qatar Olympic Training Camp Evaluation | Sport: Football |...
2026-03-25 22:06:01 [INFO]   Record 04: Event ID: EVT3833 | Event Name: Qatar Cup Final | Sport: Basketball | Venue: Lusail Stadiu...
2026-03-25 22:06:01 [INFO] ------------------------------------------------------------------
2026-03-25 22:06:01 [INFO] File written successfully.
2026-03-25 22:06:01 [INFO]   Full path : /home/cloudera/mos_qatar_demo_poc/landing/mos_sports_events_20260325_220601.txt
2026-03-25 22:06:01 [INFO]   Size      : 1004 bytes
2026-03-25 22:06:01 [INFO]   Records   : 4
2026-03-25 22:06:01 [INFO] ==================================================================
2026-03-25 22:06:01 [INFO]   Generator Completed Successfully
2026-03-25 22:06:01 [INFO] ==================================================================
