2026-03-27 19:16:02 [INFO] ==================================================================
2026-03-27 19:16:02 [INFO]   MOS Qatar Demo - Sports Data Generator
2026-03-27 19:16:02 [INFO] ==================================================================
2026-03-27 19:16:02 [INFO] Config file   : /home/cloudera/mos_qatar_demo_poc/config/mos_qatar_demo.ini
2026-03-27 19:16:02 [INFO] Landing dir   : /home/cloudera/mos_qatar_demo_poc/landing
2026-03-27 19:16:02 [INFO] Output file   : mos_sports_events_20260327_191602.txt
2026-03-27 19:16:02 [INFO] Records count : 10
2026-03-27 19:16:02 [INFO] ------------------------------------------------------------------
2026-03-27 19:16:02 [INFO]   Record 01: Event ID: EVT3125 | Event Name: MOS Annual Charity Football Gala | Sport: Swimming | Venue...
2026-03-27 19:16:02 [INFO]   Record 02: Event ID: EVT4134 | Event Name: Gulf Youth Cup Round 1 | Sport: Football | Venue: Al Bayt ...
2026-03-27 19:16:02 [INFO]   Record 03: Event ID: EVT7990 | Event Name: National Team Preparation Match | Sport: Volleyball | Venu...
2026-03-27 19:16:02 [INFO]   Record 04: Event ID: EVT8652 | Event Name: GCC Club Championship Final | Sport: Handball | Venue: Al ...
2026-03-27 19:16:02 [INFO]   Record 05: Event ID: EVT7008 | Event Name: National Day Football Celebration | Sport: Swimming | Venu...
2026-03-27 19:16:02 [INFO]   Record 06: Event ID: EVT6072 | Event Name: Gulf Youth Cup Round 2 | Sport: Football | Venue: Al Thuma...
2026-03-27 19:16:02 [INFO]   Record 07: Event ID: EVT1127 | Event Name: Gulf Youth Cup Round 1 | Sport: Volleyball | Venue: Ahmad ...
2026-03-27 19:16:02 [INFO]   Record 08: Event ID: EVT9798 | Event Name: GCC Club Championship Semi Final | Sport: Handball | Venue...
2026-03-27 19:16:02 [INFO]   Record 09: Event ID: EVT7153 | Event Name: Gulf Cup Qualifier Round 1 | Sport: Handball | Venue: Qata...
2026-03-27 19:16:02 [INFO]   Record 10: Event ID: EVT4308 | Event Name: Gulf Youth Cup Round 1 | Sport: Football | Venue: Qatar Sp...
2026-03-27 19:16:02 [INFO] ------------------------------------------------------------------
2026-03-27 19:16:02 [INFO] File written successfully.
2026-03-27 19:16:02 [INFO]   Full path : /home/cloudera/mos_qatar_demo_poc/landing/mos_sports_events_20260327_191602.txt
2026-03-27 19:16:02 [INFO]   Size      : 2569 bytes
2026-03-27 19:16:02 [INFO]   Records   : 10
2026-03-27 19:16:02 [INFO] ==================================================================
2026-03-27 19:16:02 [INFO]   Generator Completed Successfully
2026-03-27 19:16:02 [INFO] ==================================================================
