2026-03-27 18:25:01 [INFO] ==================================================================
2026-03-27 18:25:01 [INFO]   MOS Qatar Demo - Sports Data Generator
2026-03-27 18:25:01 [INFO] ==================================================================
2026-03-27 18:25:01 [INFO] Config file   : /home/cloudera/mos_qatar_demo_poc/config/mos_qatar_demo.ini
2026-03-27 18:25:01 [INFO] Landing dir   : /home/cloudera/mos_qatar_demo_poc/landing
2026-03-27 18:25:01 [INFO] Output file   : mos_sports_events_20260327_182501.txt
2026-03-27 18:25:01 [INFO] Records count : 8
2026-03-27 18:25:01 [INFO] ------------------------------------------------------------------
2026-03-27 18:25:01 [INFO]   Record 01: Event ID: EVT9803 | Event Name: Qatar Cup Final | Sport: Football | Venue: Al Bayt Stadium...
2026-03-27 18:25:01 [INFO]   Record 02: Event ID: EVT9407 | Event Name: Ramadan Football Festival | Sport: Football | Venue: Al Wa...
2026-03-27 18:25:01 [INFO]   Record 03: Event ID: EVT6835 | Event Name: Qatar Under-20 Development League | Sport: Football | Venu...
2026-03-27 18:25:01 [INFO]   Record 04: Event ID: EVT6213 | Event Name: Ministry Invitational Friendly Tournament | Sport: Footbal...
2026-03-27 18:25:01 [INFO]   Record 05: Event ID: EVT9281 | Event Name: Gulf Youth Cup Quarter Final | Sport: Football | Venue: Kh...
2026-03-27 18:25:01 [INFO]   Record 06: Event ID: EVT7032 | Event Name: Qatar Under-20 Development League | Sport: Handball | Venu...
2026-03-27 18:25:01 [INFO]   Record 07: Event ID: EVT4359 | Event Name: Gulf Youth Cup Final | Sport: Athletics | Venue: Ahmad Bin...
2026-03-27 18:25:01 [INFO]   Record 08: Event ID: EVT1060 | Event Name: GCC Club Championship Semi Final | Sport: Handball | Venue...
2026-03-27 18:25:01 [INFO] ------------------------------------------------------------------
2026-03-27 18:25:01 [INFO] File written successfully.
2026-03-27 18:25:01 [INFO]   Full path : /home/cloudera/mos_qatar_demo_poc/landing/mos_sports_events_20260327_182501.txt
2026-03-27 18:25:01 [INFO]   Size      : 2051 bytes
2026-03-27 18:25:01 [INFO]   Records   : 8
2026-03-27 18:25:01 [INFO] ==================================================================
2026-03-27 18:25:01 [INFO]   Generator Completed Successfully
2026-03-27 18:25:02 [INFO] ==================================================================
