2026-03-27 00:56:01 [INFO] ==================================================================
2026-03-27 00:56:01 [INFO]   MOS Qatar Demo - Sports Data Generator
2026-03-27 00:56:01 [INFO] ==================================================================
2026-03-27 00:56:01 [INFO] Config file   : /home/cloudera/mos_qatar_demo_poc/config/mos_qatar_demo.ini
2026-03-27 00:56:01 [INFO] Landing dir   : /home/cloudera/mos_qatar_demo_poc/landing
2026-03-27 00:56:01 [INFO] Output file   : mos_sports_events_20260327_005601.txt
2026-03-27 00:56:01 [INFO] Records count : 10
2026-03-27 00:56:01 [INFO] ------------------------------------------------------------------
2026-03-27 00:56:01 [INFO]   Record 01: Event ID: EVT7517 | Event Name: GCC Club Championship Semi Final | Sport: Volleyball | Ven...
2026-03-27 00:56:01 [INFO]   Record 02: Event ID: EVT5878 | Event Name: Ministry Invitational Friendly Tournament | Sport: Footbal...
2026-03-27 00:56:01 [INFO]   Record 03: Event ID: EVT3219 | Event Name: Gulf Youth Cup Final | Sport: Volleyball | Venue: Lusail S...
2026-03-27 00:56:01 [INFO]   Record 04: Event ID: EVT2368 | Event Name: Ministry Invitational Friendly Tournament | Sport: Swimmin...
2026-03-27 00:56:01 [INFO]   Record 05: Event ID: EVT7956 | Event Name: Qatar Cup Final | Sport: Athletics | Venue: Lusail Stadium...
2026-03-27 00:56:01 [INFO]   Record 06: Event ID: EVT7236 | Event Name: Asian Qualifiers Warm-up Match | Sport: Football | Venue: ...
2026-03-27 00:56:01 [INFO]   Record 07: Event ID: EVT2257 | Event Name: Gulf Youth Cup Round 2 | Sport: Football | Venue: Aspire Z...
2026-03-27 00:56:01 [INFO]   Record 08: Event ID: EVT3590 | Event Name: Ramadan Football Festival | Sport: Athletics | Venue: Qata...
2026-03-27 00:56:01 [INFO]   Record 09: Event ID: EVT4034 | Event Name: Doha Sports Festival Opening Match | Sport: Football | Ven...
2026-03-27 00:56:01 [INFO]   Record 10: Event ID: EVT6751 | Event Name: GCC Club Championship Semi Final | Sport: Football | Venue...
2026-03-27 00:56:01 [INFO] ------------------------------------------------------------------
2026-03-27 00:56:01 [INFO] File written successfully.
2026-03-27 00:56:01 [INFO]   Full path : /home/cloudera/mos_qatar_demo_poc/landing/mos_sports_events_20260327_005601.txt
2026-03-27 00:56:01 [INFO]   Size      : 2539 bytes
2026-03-27 00:56:01 [INFO]   Records   : 10
2026-03-27 00:56:01 [INFO] ==================================================================
2026-03-27 00:56:01 [INFO]   Generator Completed Successfully
2026-03-27 00:56:01 [INFO] ==================================================================
