2026-03-27 11:07:01 [INFO] ==================================================================
2026-03-27 11:07:01 [INFO]   MOS Qatar Demo - Sports Data Generator
2026-03-27 11:07:01 [INFO] ==================================================================
2026-03-27 11:07:01 [INFO] Config file   : /home/cloudera/mos_qatar_demo_poc/config/mos_qatar_demo.ini
2026-03-27 11:07:01 [INFO] Landing dir   : /home/cloudera/mos_qatar_demo_poc/landing
2026-03-27 11:07:01 [INFO] Output file   : mos_sports_events_20260327_110701.txt
2026-03-27 11:07:01 [INFO] Records count : 7
2026-03-27 11:07:01 [INFO] ------------------------------------------------------------------
2026-03-27 11:07:01 [INFO]   Record 01: Event ID: EVT5526 | Event Name: Ministry Youth Sports Day | Sport: Football | Venue: Educa...
2026-03-27 11:07:01 [INFO]   Record 02: Event ID: EVT7542 | Event Name: MOS Annual Charity Football Gala | Sport: Football | Venue...
2026-03-27 11:07:01 [INFO]   Record 03: Event ID: EVT7505 | Event Name: Doha Sports Festival Opening Match | Sport: Athletics | Ve...
2026-03-27 11:07:01 [INFO]   Record 04: Event ID: EVT6719 | Event Name: National Day Football Celebration | Sport: Swimming | Venu...
2026-03-27 11:07:01 [INFO]   Record 05: Event ID: EVT3081 | Event Name: Qatar Cup Final | Sport: Football | Venue: Al Janoub Stadi...
2026-03-27 11:07:01 [INFO]   Record 06: Event ID: EVT7313 | Event Name: Qatar Schools Football League | Sport: Handball | Venue: A...
2026-03-27 11:07:01 [INFO]   Record 07: Event ID: EVT4403 | Event Name: Gulf Youth Cup Quarter Final | Sport: Football | Venue: As...
2026-03-27 11:07:01 [INFO] ------------------------------------------------------------------
2026-03-27 11:07:01 [INFO] File written successfully.
2026-03-27 11:07:01 [INFO]   Full path : /home/cloudera/mos_qatar_demo_poc/landing/mos_sports_events_20260327_110701.txt
2026-03-27 11:07:01 [INFO]   Size      : 1802 bytes
2026-03-27 11:07:01 [INFO]   Records   : 7
2026-03-27 11:07:01 [INFO] ==================================================================
2026-03-27 11:07:01 [INFO]   Generator Completed Successfully
2026-03-27 11:07:01 [INFO] ==================================================================
