2026-03-27 05:30:02 [INFO] ==================================================================
2026-03-27 05:30:02 [INFO]   MOS Qatar Demo - Sports Data Generator
2026-03-27 05:30:02 [INFO] ==================================================================
2026-03-27 05:30:02 [INFO] Config file   : /home/cloudera/mos_qatar_demo_poc/config/mos_qatar_demo.ini
2026-03-27 05:30:02 [INFO] Landing dir   : /home/cloudera/mos_qatar_demo_poc/landing
2026-03-27 05:30:02 [INFO] Output file   : mos_sports_events_20260327_053002.txt
2026-03-27 05:30:02 [INFO] Records count : 9
2026-03-27 05:30:02 [INFO] ------------------------------------------------------------------
2026-03-27 05:30:02 [INFO]   Record 01: Event ID: EVT1174 | Event Name: GCC Club Championship Semi Final | Sport: Football | Venue...
2026-03-27 05:30:02 [INFO]   Record 02: Event ID: EVT7954 | Event Name: GCC Club Championship Quarter Final | Sport: Football | Ve...
2026-03-27 05:30:02 [INFO]   Record 03: Event ID: EVT6796 | Event Name: Qatar Olympic Training Camp Evaluation | Sport: Swimming |...
2026-03-27 05:30:02 [INFO]   Record 04: Event ID: EVT9533 | Event Name: Qatar Premier League Match Day 12 | Sport: Handball | Venu...
2026-03-27 05:30:02 [INFO]   Record 05: Event ID: EVT3512 | Event Name: Qatar Premier League Match Day 12 | Sport: Football | Venu...
2026-03-27 05:30:02 [INFO]   Record 06: Event ID: EVT9734 | Event Name: Gulf Youth Cup Quarter Final | Sport: Basketball | Venue: ...
2026-03-27 05:30:02 [INFO]   Record 07: Event ID: EVT6519 | Event Name: Qatar Schools Football League | Sport: Athletics | Venue: ...
2026-03-27 05:30:02 [INFO]   Record 08: Event ID: EVT2964 | Event Name: National Day Football Celebration | Sport: Football | Venu...
2026-03-27 05:30:02 [INFO]   Record 09: Event ID: EVT7639 | Event Name: Gulf Youth Cup Round 1 | Sport: Handball | Venue: Al Janou...
2026-03-27 05:30:02 [INFO] ------------------------------------------------------------------
2026-03-27 05:30:02 [INFO] File written successfully.
2026-03-27 05:30:02 [INFO]   Full path : /home/cloudera/mos_qatar_demo_poc/landing/mos_sports_events_20260327_053002.txt
2026-03-27 05:30:02 [INFO]   Size      : 2318 bytes
2026-03-27 05:30:02 [INFO]   Records   : 9
2026-03-27 05:30:02 [INFO] ==================================================================
2026-03-27 05:30:02 [INFO]   Generator Completed Successfully
2026-03-27 05:30:02 [INFO] ==================================================================
