2026-03-27 19:35:02 [INFO] ==================================================================
2026-03-27 19:35:02 [INFO]   MOS Qatar Demo - Sports Data Generator
2026-03-27 19:35:02 [INFO] ==================================================================
2026-03-27 19:35:02 [INFO] Config file   : /home/cloudera/mos_qatar_demo_poc/config/mos_qatar_demo.ini
2026-03-27 19:35:02 [INFO] Landing dir   : /home/cloudera/mos_qatar_demo_poc/landing
2026-03-27 19:35:02 [INFO] Output file   : mos_sports_events_20260327_193502.txt
2026-03-27 19:35:02 [INFO] Records count : 7
2026-03-27 19:35:02 [INFO] ------------------------------------------------------------------
2026-03-27 19:35:02 [INFO]   Record 01: Event ID: EVT8451 | Event Name: Ministry Youth Sports Day | Sport: Football | Venue: Educa...
2026-03-27 19:35:02 [INFO]   Record 02: Event ID: EVT4941 | Event Name: Gulf Youth Cup Final | Sport: Football | Venue: Al Wakrah ...
2026-03-27 19:35:02 [INFO]   Record 03: Event ID: EVT9327 | Event Name: Doha Sports Festival Opening Match | Sport: Football | Ven...
2026-03-27 19:35:02 [INFO]   Record 04: Event ID: EVT3118 | Event Name: GCC Club Championship Final | Sport: Handball | Venue: Lus...
2026-03-27 19:35:02 [INFO]   Record 05: Event ID: EVT4541 | Event Name: Qatar Cup Final | Sport: Football | Venue: Al Janoub Stadi...
2026-03-27 19:35:02 [INFO]   Record 06: Event ID: EVT1643 | Event Name: Ramadan Football Festival | Sport: Volleyball | Venue: Al ...
2026-03-27 19:35:02 [INFO]   Record 07: Event ID: EVT9460 | Event Name: Arab Nations Championship Group Stage | Sport: Football | ...
2026-03-27 19:35:02 [INFO] ------------------------------------------------------------------
2026-03-27 19:35:02 [INFO] File written successfully.
2026-03-27 19:35:02 [INFO]   Full path : /home/cloudera/mos_qatar_demo_poc/landing/mos_sports_events_20260327_193502.txt
2026-03-27 19:35:02 [INFO]   Size      : 1788 bytes
2026-03-27 19:35:02 [INFO]   Records   : 7
2026-03-27 19:35:02 [INFO] ==================================================================
2026-03-27 19:35:02 [INFO]   Generator Completed Successfully
2026-03-27 19:35:02 [INFO] ==================================================================
