2026-03-26 19:17:02 [INFO] ==================================================================
2026-03-26 19:17:02 [INFO]   MOS Qatar Demo - Sports Data Generator
2026-03-26 19:17:02 [INFO] ==================================================================
2026-03-26 19:17:02 [INFO] Config file   : /home/cloudera/mos_qatar_demo_poc/config/mos_qatar_demo.ini
2026-03-26 19:17:02 [INFO] Landing dir   : /home/cloudera/mos_qatar_demo_poc/landing
2026-03-26 19:17:02 [INFO] Output file   : mos_sports_events_20260326_191702.txt
2026-03-26 19:17:02 [INFO] Records count : 6
2026-03-26 19:17:02 [INFO] ------------------------------------------------------------------
2026-03-26 19:17:02 [INFO]   Record 01: Event ID: EVT9523 | Event Name: Qatar Under-20 Development League | Sport: Football | Venu...
2026-03-26 19:17:02 [INFO]   Record 02: Event ID: EVT9909 | Event Name: Gulf Youth Cup Quarter Final | Sport: Football | Venue: Al...
2026-03-26 19:17:02 [INFO]   Record 03: Event ID: EVT8780 | Event Name: National Day Football Celebration | Sport: Football | Venu...
2026-03-26 19:17:02 [INFO]   Record 04: Event ID: EVT8232 | Event Name: Gulf Youth Cup Semi Final | Sport: Football | Venue: Educa...
2026-03-26 19:17:02 [INFO]   Record 05: Event ID: EVT2733 | Event Name: National Team Preparation Match | Sport: Football | Venue:...
2026-03-26 19:17:02 [INFO]   Record 06: Event ID: EVT9218 | Event Name: GCC Club Championship Semi Final | Sport: Handball | Venue...
2026-03-26 19:17:02 [INFO] ------------------------------------------------------------------
2026-03-26 19:17:02 [INFO] File written successfully.
2026-03-26 19:17:02 [INFO]   Full path : /home/cloudera/mos_qatar_demo_poc/landing/mos_sports_events_20260326_191702.txt
2026-03-26 19:17:02 [INFO]   Size      : 1529 bytes
2026-03-26 19:17:02 [INFO]   Records   : 6
2026-03-26 19:17:02 [INFO] ==================================================================
2026-03-26 19:17:02 [INFO]   Generator Completed Successfully
2026-03-26 19:17:02 [INFO] ==================================================================
