2026-03-24 17:39:01 [INFO] ==================================================================
2026-03-24 17:39:01 [INFO]   MOS Qatar Demo - Sports Data Generator
2026-03-24 17:39:01 [INFO] ==================================================================
2026-03-24 17:39:01 [INFO] Config file   : /home/cloudera/mos_qatar_demo_poc/config/mos_qatar_demo.ini
2026-03-24 17:39:01 [INFO] Landing dir   : /home/cloudera/mos_qatar_demo_poc/landing
2026-03-24 17:39:01 [INFO] Output file   : mos_sports_events_20260324_173901.txt
2026-03-24 17:39:01 [INFO] Records count : 6
2026-03-24 17:39:01 [INFO] ------------------------------------------------------------------
2026-03-24 17:39:01 [INFO]   Record 01: Event ID: EVT8429 | Event Name: Ramadan Football Festival | Sport: Football | Venue: Educa...
2026-03-24 17:39:01 [INFO]   Record 02: Event ID: EVT6307 | Event Name: Arab Nations Championship Group Stage | Sport: Handball | ...
2026-03-24 17:39:01 [INFO]   Record 03: Event ID: EVT5831 | Event Name: Ministry Invitational Friendly Tournament | Sport: Handbal...
2026-03-24 17:39:01 [INFO]   Record 04: Event ID: EVT1487 | Event Name: FIFA World Cup Qatar Legacy Match | Sport: Basketball | Ve...
2026-03-24 17:39:01 [INFO]   Record 05: Event ID: EVT8923 | Event Name: GCC Club Championship Final | Sport: Football | Venue: Al ...
2026-03-24 17:39:01 [INFO]   Record 06: Event ID: EVT3129 | Event Name: Asian Qualifiers Warm-up Match | Sport: Football | Venue: ...
2026-03-24 17:39:01 [INFO] ------------------------------------------------------------------
2026-03-24 17:39:01 [INFO] File written successfully.
2026-03-24 17:39:01 [INFO]   Full path : /home/cloudera/mos_qatar_demo_poc/landing/mos_sports_events_20260324_173901.txt
2026-03-24 17:39:01 [INFO]   Size      : 1571 bytes
2026-03-24 17:39:01 [INFO]   Records   : 6
2026-03-24 17:39:01 [INFO] ==================================================================
2026-03-24 17:39:01 [INFO]   Generator Completed Successfully
2026-03-24 17:39:01 [INFO] ==================================================================
