2026-03-26 05:01:02 [INFO] ==================================================================
2026-03-26 05:01:02 [INFO]   MOS Qatar Demo - Sports Data Generator
2026-03-26 05:01:02 [INFO] ==================================================================
2026-03-26 05:01:02 [INFO] Config file   : /home/cloudera/mos_qatar_demo_poc/config/mos_qatar_demo.ini
2026-03-26 05:01:02 [INFO] Landing dir   : /home/cloudera/mos_qatar_demo_poc/landing
2026-03-26 05:01:02 [INFO] Output file   : mos_sports_events_20260326_050102.txt
2026-03-26 05:01:02 [INFO] Records count : 10
2026-03-26 05:01:02 [INFO] ------------------------------------------------------------------
2026-03-26 05:01:02 [INFO]   Record 01: Event ID: EVT6432 | Event Name: Ministry Youth Sports Day | Sport: Handball | Venue: Qatar...
2026-03-26 05:01:02 [INFO]   Record 02: Event ID: EVT2453 | Event Name: Qatar Cup Semi Final | Sport: Football | Venue: Al Wakrah ...
2026-03-26 05:01:02 [INFO]   Record 03: Event ID: EVT3158 | Event Name: Gulf Youth Cup Round 2 | Sport: Football | Venue: Educatio...
2026-03-26 05:01:02 [INFO]   Record 04: Event ID: EVT2125 | Event Name: Asian Qualifiers Warm-up Match | Sport: Swimming | Venue: ...
2026-03-26 05:01:02 [INFO]   Record 05: Event ID: EVT7653 | Event Name: GCC Club Championship Semi Final | Sport: Basketball | Ven...
2026-03-26 05:01:02 [INFO]   Record 06: Event ID: EVT9953 | Event Name: Gulf Youth Cup Round 1 | Sport: Football | Venue: Al Janou...
2026-03-26 05:01:02 [INFO]   Record 07: Event ID: EVT7537 | Event Name: Qatar Cup Final | Sport: Volleyball | Venue: Al Thumama St...
2026-03-26 05:01:02 [INFO]   Record 08: Event ID: EVT4171 | Event Name: Qatar Olympic Training Camp Evaluation | Sport: Swimming |...
2026-03-26 05:01:02 [INFO]   Record 09: Event ID: EVT6349 | Event Name: Arab Nations Championship Group Stage | Sport: Football | ...
2026-03-26 05:01:02 [INFO]   Record 10: Event ID: EVT4595 | Event Name: Ramadan Football Festival | Sport: Athletics | Venue: Al T...
2026-03-26 05:01:02 [INFO] ------------------------------------------------------------------
2026-03-26 05:01:02 [INFO] File written successfully.
2026-03-26 05:01:02 [INFO]   Full path : /home/cloudera/mos_qatar_demo_poc/landing/mos_sports_events_20260326_050102.txt
2026-03-26 05:01:02 [INFO]   Size      : 2544 bytes
2026-03-26 05:01:02 [INFO]   Records   : 10
2026-03-26 05:01:02 [INFO] ==================================================================
2026-03-26 05:01:02 [INFO]   Generator Completed Successfully
2026-03-26 05:01:02 [INFO] ==================================================================
