2026-03-24 17:16:01 [INFO] ==================================================================
2026-03-24 17:16:01 [INFO]   MOS Qatar Demo - Sports Data Generator
2026-03-24 17:16:01 [INFO] ==================================================================
2026-03-24 17:16:01 [INFO] Config file   : /home/cloudera/mos_qatar_demo_poc/config/mos_qatar_demo.ini
2026-03-24 17:16:01 [INFO] Landing dir   : /home/cloudera/mos_qatar_demo_poc/landing
2026-03-24 17:16:01 [INFO] Output file   : mos_sports_events_20260324_171601.txt
2026-03-24 17:16:01 [INFO] Records count : 7
2026-03-24 17:16:01 [INFO] ------------------------------------------------------------------
2026-03-24 17:16:01 [INFO]   Record 01: Event ID: EVT8839 | Event Name: Gulf Cup Qualifier Round 1 | Sport: Football | Venue: Al T...
2026-03-24 17:16:01 [INFO]   Record 02: Event ID: EVT4323 | Event Name: Qatar Schools Football League | Sport: Basketball | Venue:...
2026-03-24 17:16:01 [INFO]   Record 03: Event ID: EVT8630 | Event Name: Qatar Olympic Training Camp Evaluation | Sport: Swimming |...
2026-03-24 17:16:01 [INFO]   Record 04: Event ID: EVT3992 | Event Name: GCC Club Championship Quarter Final | Sport: Football | Ve...
2026-03-24 17:16:01 [INFO]   Record 05: Event ID: EVT7793 | Event Name: Qatar Premier League Match Day 12 | Sport: Handball | Venu...
2026-03-24 17:16:01 [INFO]   Record 06: Event ID: EVT1671 | Event Name: MOS Annual Charity Football Gala | Sport: Football | Venue...
2026-03-24 17:16:01 [INFO]   Record 07: Event ID: EVT8072 | Event Name: Qatar Under-20 Development League | Sport: Swimming | Venu...
2026-03-24 17:16:01 [INFO] ------------------------------------------------------------------
2026-03-24 17:16:01 [INFO] File written successfully.
2026-03-24 17:16:01 [INFO]   Full path : /home/cloudera/mos_qatar_demo_poc/landing/mos_sports_events_20260324_171601.txt
2026-03-24 17:16:01 [INFO]   Size      : 1822 bytes
2026-03-24 17:16:01 [INFO]   Records   : 7
2026-03-24 17:16:01 [INFO] ==================================================================
2026-03-24 17:16:01 [INFO]   Generator Completed Successfully
2026-03-24 17:16:01 [INFO] ==================================================================
