2026-03-26 23:03:01 [INFO] ==================================================================
2026-03-26 23:03:01 [INFO]   MOS Qatar Demo - Sports Data Generator
2026-03-26 23:03:01 [INFO] ==================================================================
2026-03-26 23:03:01 [INFO] Config file   : /home/cloudera/mos_qatar_demo_poc/config/mos_qatar_demo.ini
2026-03-26 23:03:01 [INFO] Landing dir   : /home/cloudera/mos_qatar_demo_poc/landing
2026-03-26 23:03:01 [INFO] Output file   : mos_sports_events_20260326_230301.txt
2026-03-26 23:03:01 [INFO] Records count : 9
2026-03-26 23:03:01 [INFO] ------------------------------------------------------------------
2026-03-26 23:03:01 [INFO]   Record 01: Event ID: EVT3993 | Event Name: Ramadan Football Festival | Sport: Volleyball | Venue: Al ...
2026-03-26 23:03:01 [INFO]   Record 02: Event ID: EVT9193 | Event Name: Gulf Youth Cup Round 1 | Sport: Football | Venue: Al Janou...
2026-03-26 23:03:01 [INFO]   Record 03: Event ID: EVT1300 | Event Name: Arab Nations Championship Group Stage | Sport: Football | ...
2026-03-26 23:03:01 [INFO]   Record 04: Event ID: EVT9545 | Event Name: Qatar Schools Football League | Sport: Football | Venue: A...
2026-03-26 23:03:01 [INFO]   Record 05: Event ID: EVT3511 | Event Name: Gulf Youth Cup Final | Sport: Basketball | Venue: Aspire Z...
2026-03-26 23:03:01 [INFO]   Record 06: Event ID: EVT3833 | Event Name: Gulf Youth Cup Quarter Final | Sport: Volleyball | Venue: ...
2026-03-26 23:03:01 [INFO]   Record 07: Event ID: EVT5251 | Event Name: Qatar Cup Semi Final | Sport: Handball | Venue: Lusail Sta...
2026-03-26 23:03:01 [INFO]   Record 08: Event ID: EVT5486 | Event Name: Gulf Youth Cup Final | Sport: Athletics | Venue: Aspire Zo...
2026-03-26 23:03:01 [INFO]   Record 09: Event ID: EVT9410 | Event Name: Qatar Olympic Training Camp Evaluation | Sport: Handball |...
2026-03-26 23:03:01 [INFO] ------------------------------------------------------------------
2026-03-26 23:03:01 [INFO] File written successfully.
2026-03-26 23:03:01 [INFO]   Full path : /home/cloudera/mos_qatar_demo_poc/landing/mos_sports_events_20260326_230301.txt
2026-03-26 23:03:01 [INFO]   Size      : 2278 bytes
2026-03-26 23:03:01 [INFO]   Records   : 9
2026-03-26 23:03:01 [INFO] ==================================================================
2026-03-26 23:03:01 [INFO]   Generator Completed Successfully
2026-03-26 23:03:01 [INFO] ==================================================================
