2026-03-25 22:51:02 [INFO] ==================================================================
2026-03-25 22:51:02 [INFO]   MOS Qatar Demo - Sports Data Generator
2026-03-25 22:51:02 [INFO] ==================================================================
2026-03-25 22:51:02 [INFO] Config file   : /home/cloudera/mos_qatar_demo_poc/config/mos_qatar_demo.ini
2026-03-25 22:51:02 [INFO] Landing dir   : /home/cloudera/mos_qatar_demo_poc/landing
2026-03-25 22:51:02 [INFO] Output file   : mos_sports_events_20260325_225102.txt
2026-03-25 22:51:02 [INFO] Records count : 7
2026-03-25 22:51:02 [INFO] ------------------------------------------------------------------
2026-03-25 22:51:02 [INFO]   Record 01: Event ID: EVT1332 | Event Name: Qatar Cup Final | Sport: Football | Venue: Khalifa Interna...
2026-03-25 22:51:02 [INFO]   Record 02: Event ID: EVT4100 | Event Name: Ministry Youth Sports Day | Sport: Football | Venue: Aspir...
2026-03-25 22:51:02 [INFO]   Record 03: Event ID: EVT2908 | Event Name: FIFA World Cup Qatar Legacy Match | Sport: Football | Venu...
2026-03-25 22:51:02 [INFO]   Record 04: Event ID: EVT8302 | Event Name: Qatar Cup Semi Final | Sport: Swimming | Venue: Ahmad Bin ...
2026-03-25 22:51:02 [INFO]   Record 05: Event ID: EVT5966 | Event Name: Gulf Youth Cup Final | Sport: Athletics | Venue: Al Thumam...
2026-03-25 22:51:02 [INFO]   Record 06: Event ID: EVT8514 | Event Name: Qatar Premier League Match Day 5 | Sport: Handball | Venue...
2026-03-25 22:51:02 [INFO]   Record 07: Event ID: EVT1605 | Event Name: Ministry Invitational Friendly Tournament | Sport: Footbal...
2026-03-25 22:51:02 [INFO] ------------------------------------------------------------------
2026-03-25 22:51:02 [INFO] File written successfully.
2026-03-25 22:51:02 [INFO]   Full path : /home/cloudera/mos_qatar_demo_poc/landing/mos_sports_events_20260325_225102.txt
2026-03-25 22:51:02 [INFO]   Size      : 1773 bytes
2026-03-25 22:51:02 [INFO]   Records   : 7
2026-03-25 22:51:02 [INFO] ==================================================================
2026-03-25 22:51:02 [INFO]   Generator Completed Successfully
2026-03-25 22:51:02 [INFO] ==================================================================
