2026-03-25 10:49:01 [INFO] ==================================================================
2026-03-25 10:49:01 [INFO]   MOS Qatar Demo - Sports Data Generator
2026-03-25 10:49:01 [INFO] ==================================================================
2026-03-25 10:49:01 [INFO] Config file   : /home/cloudera/mos_qatar_demo_poc/config/mos_qatar_demo.ini
2026-03-25 10:49:01 [INFO] Landing dir   : /home/cloudera/mos_qatar_demo_poc/landing
2026-03-25 10:49:01 [INFO] Output file   : mos_sports_events_20260325_104901.txt
2026-03-25 10:49:01 [INFO] Records count : 9
2026-03-25 10:49:01 [INFO] ------------------------------------------------------------------
2026-03-25 10:49:01 [INFO]   Record 01: Event ID: EVT1202 | Event Name: Arab Nations Championship Semi Final | Sport: Handball | V...
2026-03-25 10:49:01 [INFO]   Record 02: Event ID: EVT1136 | Event Name: FIFA World Cup Qatar Legacy Match | Sport: Athletics | Ven...
2026-03-25 10:49:01 [INFO]   Record 03: Event ID: EVT8078 | Event Name: Ministry Invitational Friendly Tournament | Sport: Handbal...
2026-03-25 10:49:01 [INFO]   Record 04: Event ID: EVT7100 | Event Name: Qatar Premier League Match Day 12 | Sport: Football | Venu...
2026-03-25 10:49:01 [INFO]   Record 05: Event ID: EVT7347 | Event Name: Qatar Schools Football League | Sport: Football | Venue: A...
2026-03-25 10:49:01 [INFO]   Record 06: Event ID: EVT5678 | Event Name: Gulf Youth Cup Round 1 | Sport: Volleyball | Venue: Al Bay...
2026-03-25 10:49:01 [INFO]   Record 07: Event ID: EVT3068 | Event Name: Qatar Cup Semi Final | Sport: Athletics | Venue: Lusail St...
2026-03-25 10:49:01 [INFO]   Record 08: Event ID: EVT2065 | Event Name: GCC Club Championship Final | Sport: Volleyball | Venue: A...
2026-03-25 10:49:01 [INFO]   Record 09: Event ID: EVT1006 | Event Name: Gulf Youth Cup Round 2 | Sport: Volleyball | Venue: Qatar ...
2026-03-25 10:49:01 [INFO] ------------------------------------------------------------------
2026-03-25 10:49:01 [INFO] File written successfully.
2026-03-25 10:49:01 [INFO]   Full path : /home/cloudera/mos_qatar_demo_poc/landing/mos_sports_events_20260325_104901.txt
2026-03-25 10:49:01 [INFO]   Size      : 2333 bytes
2026-03-25 10:49:01 [INFO]   Records   : 9
2026-03-25 10:49:01 [INFO] ==================================================================
2026-03-25 10:49:01 [INFO]   Generator Completed Successfully
2026-03-25 10:49:01 [INFO] ==================================================================
