2026-03-26 22:17:01 [INFO] ==================================================================
2026-03-26 22:17:01 [INFO]   MOS Qatar Demo - Sports Data Generator
2026-03-26 22:17:01 [INFO] ==================================================================
2026-03-26 22:17:01 [INFO] Config file   : /home/cloudera/mos_qatar_demo_poc/config/mos_qatar_demo.ini
2026-03-26 22:17:01 [INFO] Landing dir   : /home/cloudera/mos_qatar_demo_poc/landing
2026-03-26 22:17:01 [INFO] Output file   : mos_sports_events_20260326_221701.txt
2026-03-26 22:17:01 [INFO] Records count : 10
2026-03-26 22:17:01 [INFO] ------------------------------------------------------------------
2026-03-26 22:17:01 [INFO]   Record 01: Event ID: EVT2937 | Event Name: Gulf Youth Cup Semi Final | Sport: Football | Venue: Al Th...
2026-03-26 22:17:01 [INFO]   Record 02: Event ID: EVT2780 | Event Name: Gulf Youth Cup Semi Final | Sport: Basketball | Venue: Al ...
2026-03-26 22:17:01 [INFO]   Record 03: Event ID: EVT6329 | Event Name: Qatar Schools Football League | Sport: Football | Venue: A...
2026-03-26 22:17:01 [INFO]   Record 04: Event ID: EVT6428 | Event Name: Qatar Schools Football League | Sport: Handball | Venue: E...
2026-03-26 22:17:01 [INFO]   Record 05: Event ID: EVT2733 | Event Name: FIFA World Cup Qatar Legacy Match | Sport: Football | Venu...
2026-03-26 22:17:01 [INFO]   Record 06: Event ID: EVT2884 | Event Name: Asian Qualifiers Warm-up Match | Sport: Athletics | Venue:...
2026-03-26 22:17:01 [INFO]   Record 07: Event ID: EVT3928 | Event Name: Gulf Youth Cup Final | Sport: Volleyball | Venue: Al Thuma...
2026-03-26 22:17:01 [INFO]   Record 08: Event ID: EVT1031 | Event Name: Qatar Olympic Training Camp Evaluation | Sport: Swimming |...
2026-03-26 22:17:01 [INFO]   Record 09: Event ID: EVT7083 | Event Name: National Team Preparation Match | Sport: Swimming | Venue:...
2026-03-26 22:17:01 [INFO]   Record 10: Event ID: EVT1132 | Event Name: Ministry Invitational Friendly Tournament | Sport: Handbal...
2026-03-26 22:17:01 [INFO] ------------------------------------------------------------------
2026-03-26 22:17:01 [INFO] File written successfully.
2026-03-26 22:17:01 [INFO]   Full path : /home/cloudera/mos_qatar_demo_poc/landing/mos_sports_events_20260326_221701.txt
2026-03-26 22:17:01 [INFO]   Size      : 2577 bytes
2026-03-26 22:17:01 [INFO]   Records   : 10
2026-03-26 22:17:01 [INFO] ==================================================================
2026-03-26 22:17:01 [INFO]   Generator Completed Successfully
2026-03-26 22:17:01 [INFO] ==================================================================
