2026-03-24 19:40:01 [INFO] ==================================================================
2026-03-24 19:40:01 [INFO]   MOS Qatar Demo - Sports Data Generator
2026-03-24 19:40:01 [INFO] ==================================================================
2026-03-24 19:40:01 [INFO] Config file   : /home/cloudera/mos_qatar_demo_poc/config/mos_qatar_demo.ini
2026-03-24 19:40:01 [INFO] Landing dir   : /home/cloudera/mos_qatar_demo_poc/landing
2026-03-24 19:40:01 [INFO] Output file   : mos_sports_events_20260324_194001.txt
2026-03-24 19:40:01 [INFO] Records count : 8
2026-03-24 19:40:01 [INFO] ------------------------------------------------------------------
2026-03-24 19:40:01 [INFO]   Record 01: Event ID: EVT7809 | Event Name: National Team Preparation Match | Sport: Volleyball | Venu...
2026-03-24 19:40:01 [INFO]   Record 02: Event ID: EVT8791 | Event Name: Gulf Youth Cup Round 2 | Sport: Swimming | Venue: Ahmad Bi...
2026-03-24 19:40:01 [INFO]   Record 03: Event ID: EVT9526 | Event Name: Qatar Olympic Training Camp Evaluation | Sport: Football |...
2026-03-24 19:40:01 [INFO]   Record 04: Event ID: EVT4726 | Event Name: GCC Club Championship Final | Sport: Handball | Venue: Qat...
2026-03-24 19:40:01 [INFO]   Record 05: Event ID: EVT1663 | Event Name: Doha Sports Festival Opening Match | Sport: Football | Ven...
2026-03-24 19:40:01 [INFO]   Record 06: Event ID: EVT6331 | Event Name: MOS Annual Charity Football Gala | Sport: Athletics | Venu...
2026-03-24 19:40:01 [INFO]   Record 07: Event ID: EVT5335 | Event Name: Gulf Youth Cup Round 2 | Sport: Handball | Venue: Al Wakra...
2026-03-24 19:40:01 [INFO]   Record 08: Event ID: EVT1205 | Event Name: FIFA World Cup Qatar Legacy Match | Sport: Handball | Venu...
2026-03-24 19:40:01 [INFO] ------------------------------------------------------------------
2026-03-24 19:40:01 [INFO] File written successfully.
2026-03-24 19:40:01 [INFO]   Full path : /home/cloudera/mos_qatar_demo_poc/landing/mos_sports_events_20260324_194001.txt
2026-03-24 19:40:01 [INFO]   Size      : 2067 bytes
2026-03-24 19:40:01 [INFO]   Records   : 8
2026-03-24 19:40:01 [INFO] ==================================================================
2026-03-24 19:40:01 [INFO]   Generator Completed Successfully
2026-03-24 19:40:01 [INFO] ==================================================================
