2026-03-26 05:27:01 [INFO] ==================================================================
2026-03-26 05:27:01 [INFO]   MOS Qatar Demo - Sports Data Generator
2026-03-26 05:27:01 [INFO] ==================================================================
2026-03-26 05:27:01 [INFO] Config file   : /home/cloudera/mos_qatar_demo_poc/config/mos_qatar_demo.ini
2026-03-26 05:27:01 [INFO] Landing dir   : /home/cloudera/mos_qatar_demo_poc/landing
2026-03-26 05:27:01 [INFO] Output file   : mos_sports_events_20260326_052701.txt
2026-03-26 05:27:01 [INFO] Records count : 9
2026-03-26 05:27:01 [INFO] ------------------------------------------------------------------
2026-03-26 05:27:01 [INFO]   Record 01: Event ID: EVT8613 | Event Name: Gulf Youth Cup Round 2 | Sport: Football | Venue: Al Thuma...
2026-03-26 05:27:01 [INFO]   Record 02: Event ID: EVT9197 | Event Name: GCC Club Championship Quarter Final | Sport: Basketball | ...
2026-03-26 05:27:01 [INFO]   Record 03: Event ID: EVT4232 | Event Name: Ramadan Football Festival | Sport: Volleyball | Venue: Qat...
2026-03-26 05:27:01 [INFO]   Record 04: Event ID: EVT6276 | Event Name: Gulf Cup Qualifier Round 1 | Sport: Football | Venue: Aspi...
2026-03-26 05:27:01 [INFO]   Record 05: Event ID: EVT3001 | Event Name: Doha Sports Festival Opening Match | Sport: Volleyball | V...
2026-03-26 05:27:01 [INFO]   Record 06: Event ID: EVT5753 | Event Name: Qatar Cup Semi Final | Sport: Handball | Venue: Khalifa In...
2026-03-26 05:27:01 [INFO]   Record 07: Event ID: EVT8539 | Event Name: Qatar Cup Semi Final | Sport: Football | Venue: Education ...
2026-03-26 05:27:01 [INFO]   Record 08: Event ID: EVT3717 | Event Name: Asian Qualifiers Warm-up Match | Sport: Athletics | Venue:...
2026-03-26 05:27:01 [INFO]   Record 09: Event ID: EVT5866 | Event Name: Gulf Cup Qualifier Round 1 | Sport: Football | Venue: Khal...
2026-03-26 05:27:01 [INFO] ------------------------------------------------------------------
2026-03-26 05:27:01 [INFO] File written successfully.
2026-03-26 05:27:01 [INFO]   Full path : /home/cloudera/mos_qatar_demo_poc/landing/mos_sports_events_20260326_052701.txt
2026-03-26 05:27:01 [INFO]   Size      : 2295 bytes
2026-03-26 05:27:01 [INFO]   Records   : 9
2026-03-26 05:27:01 [INFO] ==================================================================
2026-03-26 05:27:01 [INFO]   Generator Completed Successfully
2026-03-26 05:27:01 [INFO] ==================================================================
