2026-03-24 18:04:01 [INFO] ==================================================================
2026-03-24 18:04:01 [INFO]   MOS Qatar Demo - Sports Data Generator
2026-03-24 18:04:01 [INFO] ==================================================================
2026-03-24 18:04:01 [INFO] Config file   : /home/cloudera/mos_qatar_demo_poc/config/mos_qatar_demo.ini
2026-03-24 18:04:01 [INFO] Landing dir   : /home/cloudera/mos_qatar_demo_poc/landing
2026-03-24 18:04:01 [INFO] Output file   : mos_sports_events_20260324_180401.txt
2026-03-24 18:04:01 [INFO] Records count : 7
2026-03-24 18:04:01 [INFO] ------------------------------------------------------------------
2026-03-24 18:04:01 [INFO]   Record 01: Event ID: EVT4862 | Event Name: Arab Nations Championship Group Stage | Sport: Volleyball ...
2026-03-24 18:04:01 [INFO]   Record 02: Event ID: EVT8663 | Event Name: Arab Nations Championship Group Stage | Sport: Football | ...
2026-03-24 18:04:01 [INFO]   Record 03: Event ID: EVT3056 | Event Name: Gulf Youth Cup Round 1 | Sport: Football | Venue: Ahmad Bi...
2026-03-24 18:04:01 [INFO]   Record 04: Event ID: EVT3016 | Event Name: Gulf Youth Cup Round 2 | Sport: Basketball | Venue: Al Thu...
2026-03-24 18:04:01 [INFO]   Record 05: Event ID: EVT7628 | Event Name: Qatar Premier League Match Day 12 | Sport: Football | Venu...
2026-03-24 18:04:01 [INFO]   Record 06: Event ID: EVT7849 | Event Name: Arab Nations Championship Semi Final | Sport: Basketball |...
2026-03-24 18:04:01 [INFO]   Record 07: Event ID: EVT6300 | Event Name: Arab Nations Championship Semi Final | Sport: Athletics | ...
2026-03-24 18:04:01 [INFO] ------------------------------------------------------------------
2026-03-24 18:04:01 [INFO] File written successfully.
2026-03-24 18:04:01 [INFO]   Full path : /home/cloudera/mos_qatar_demo_poc/landing/mos_sports_events_20260324_180401.txt
2026-03-24 18:04:01 [INFO]   Size      : 1866 bytes
2026-03-24 18:04:01 [INFO]   Records   : 7
2026-03-24 18:04:01 [INFO] ==================================================================
2026-03-24 18:04:01 [INFO]   Generator Completed Successfully
2026-03-24 18:04:01 [INFO] ==================================================================
