2026-03-25 17:34:02 [INFO] ==================================================================
2026-03-25 17:34:02 [INFO]   MOS Qatar Demo - Sports Data Generator
2026-03-25 17:34:02 [INFO] ==================================================================
2026-03-25 17:34:02 [INFO] Config file   : /home/cloudera/mos_qatar_demo_poc/config/mos_qatar_demo.ini
2026-03-25 17:34:02 [INFO] Landing dir   : /home/cloudera/mos_qatar_demo_poc/landing
2026-03-25 17:34:02 [INFO] Output file   : mos_sports_events_20260325_173402.txt
2026-03-25 17:34:02 [INFO] Records count : 7
2026-03-25 17:34:02 [INFO] ------------------------------------------------------------------
2026-03-25 17:34:02 [INFO]   Record 01: Event ID: EVT4350 | Event Name: GCC Club Championship Final | Sport: Football | Venue: Ahm...
2026-03-25 17:34:02 [INFO]   Record 02: Event ID: EVT6682 | Event Name: Gulf Youth Cup Round 1 | Sport: Football | Venue: Qatar Sp...
2026-03-25 17:34:02 [INFO]   Record 03: Event ID: EVT4948 | Event Name: MOS Annual Charity Football Gala | Sport: Basketball | Ven...
2026-03-25 17:34:02 [INFO]   Record 04: Event ID: EVT8736 | Event Name: Qatar Cup Semi Final | Sport: Athletics | Venue: Al Thumam...
2026-03-25 17:34:02 [INFO]   Record 05: Event ID: EVT5493 | Event Name: Ministry Invitational Friendly Tournament | Sport: Footbal...
2026-03-25 17:34:02 [INFO]   Record 06: Event ID: EVT7912 | Event Name: Doha Sports Festival Opening Match | Sport: Football | Ven...
2026-03-25 17:34:02 [INFO]   Record 07: Event ID: EVT6222 | Event Name: GCC Club Championship Quarter Final | Sport: Volleyball | ...
2026-03-25 17:34:02 [INFO] ------------------------------------------------------------------
2026-03-25 17:34:02 [INFO] File written successfully.
2026-03-25 17:34:02 [INFO]   Full path : /home/cloudera/mos_qatar_demo_poc/landing/mos_sports_events_20260325_173402.txt
2026-03-25 17:34:02 [INFO]   Size      : 1795 bytes
2026-03-25 17:34:02 [INFO]   Records   : 7
2026-03-25 17:34:02 [INFO] ==================================================================
2026-03-25 17:34:02 [INFO]   Generator Completed Successfully
2026-03-25 17:34:02 [INFO] ==================================================================
