2026-03-26 10:00:01 [INFO] ==================================================================
2026-03-26 10:00:01 [INFO]   MOS Qatar Demo - Sports Data Generator
2026-03-26 10:00:01 [INFO] ==================================================================
2026-03-26 10:00:01 [INFO] Config file   : /home/cloudera/mos_qatar_demo_poc/config/mos_qatar_demo.ini
2026-03-26 10:00:01 [INFO] Landing dir   : /home/cloudera/mos_qatar_demo_poc/landing
2026-03-26 10:00:01 [INFO] Output file   : mos_sports_events_20260326_100001.txt
2026-03-26 10:00:01 [INFO] Records count : 5
2026-03-26 10:00:01 [INFO] ------------------------------------------------------------------
2026-03-26 10:00:01 [INFO]   Record 01: Event ID: EVT7704 | Event Name: National Day Football Celebration | Sport: Handball | Venu...
2026-03-26 10:00:01 [INFO]   Record 02: Event ID: EVT9793 | Event Name: Qatar Under-20 Development League | Sport: Football | Venu...
2026-03-26 10:00:01 [INFO]   Record 03: Event ID: EVT8855 | Event Name: Qatar Cup Final | Sport: Football | Venue: Al Wakrah Sport...
2026-03-26 10:00:01 [INFO]   Record 04: Event ID: EVT9147 | Event Name: Gulf Youth Cup Quarter Final | Sport: Athletics | Venue: A...
2026-03-26 10:00:01 [INFO]   Record 05: Event ID: EVT3830 | Event Name: Arab Nations Championship Semi Final | Sport: Football | V...
2026-03-26 10:00:01 [INFO] ------------------------------------------------------------------
2026-03-26 10:00:01 [INFO] File written successfully.
2026-03-26 10:00:01 [INFO]   Full path : /home/cloudera/mos_qatar_demo_poc/landing/mos_sports_events_20260326_100001.txt
2026-03-26 10:00:01 [INFO]   Size      : 1278 bytes
2026-03-26 10:00:01 [INFO]   Records   : 5
2026-03-26 10:00:01 [INFO] ==================================================================
2026-03-26 10:00:01 [INFO]   Generator Completed Successfully
2026-03-26 10:00:01 [INFO] ==================================================================
