2026-03-26 05:13:01 [INFO] ==================================================================
2026-03-26 05:13:01 [INFO]   MOS Qatar Demo - Sports Data Generator
2026-03-26 05:13:01 [INFO] ==================================================================
2026-03-26 05:13:01 [INFO] Config file   : /home/cloudera/mos_qatar_demo_poc/config/mos_qatar_demo.ini
2026-03-26 05:13:01 [INFO] Landing dir   : /home/cloudera/mos_qatar_demo_poc/landing
2026-03-26 05:13:01 [INFO] Output file   : mos_sports_events_20260326_051301.txt
2026-03-26 05:13:01 [INFO] Records count : 9
2026-03-26 05:13:01 [INFO] ------------------------------------------------------------------
2026-03-26 05:13:01 [INFO]   Record 01: Event ID: EVT7766 | Event Name: GCC Club Championship Quarter Final | Sport: Basketball | ...
2026-03-26 05:13:01 [INFO]   Record 02: Event ID: EVT8617 | Event Name: FIFA World Cup Qatar Legacy Match | Sport: Football | Venu...
2026-03-26 05:13:01 [INFO]   Record 03: Event ID: EVT4488 | Event Name: Qatar Cup Semi Final | Sport: Athletics | Venue: Khalifa I...
2026-03-26 05:13:01 [INFO]   Record 04: Event ID: EVT4025 | Event Name: Qatar Under-20 Development League | Sport: Handball | Venu...
2026-03-26 05:13:01 [INFO]   Record 05: Event ID: EVT7379 | Event Name: GCC Club Championship Semi Final | Sport: Football | Venue...
2026-03-26 05:13:01 [INFO]   Record 06: Event ID: EVT1227 | Event Name: FIFA World Cup Qatar Legacy Match | Sport: Handball | Venu...
2026-03-26 05:13:01 [INFO]   Record 07: Event ID: EVT5416 | Event Name: Gulf Youth Cup Round 2 | Sport: Football | Venue: Lusail S...
2026-03-26 05:13:01 [INFO]   Record 08: Event ID: EVT3254 | Event Name: MOS Annual Charity Football Gala | Sport: Basketball | Ven...
2026-03-26 05:13:01 [INFO]   Record 09: Event ID: EVT2405 | Event Name: Gulf Youth Cup Round 1 | Sport: Athletics | Venue: Al Wakr...
2026-03-26 05:13:01 [INFO] ------------------------------------------------------------------
2026-03-26 05:13:01 [INFO] File written successfully.
2026-03-26 05:13:01 [INFO]   Full path : /home/cloudera/mos_qatar_demo_poc/landing/mos_sports_events_20260326_051301.txt
2026-03-26 05:13:01 [INFO]   Size      : 2346 bytes
2026-03-26 05:13:01 [INFO]   Records   : 9
2026-03-26 05:13:01 [INFO] ==================================================================
2026-03-26 05:13:01 [INFO]   Generator Completed Successfully
2026-03-26 05:13:01 [INFO] ==================================================================
