2026-03-26 14:34:01 [INFO] ==================================================================
2026-03-26 14:34:01 [INFO]   MOS Qatar Demo - Sports Data Generator
2026-03-26 14:34:01 [INFO] ==================================================================
2026-03-26 14:34:01 [INFO] Config file   : /home/cloudera/mos_qatar_demo_poc/config/mos_qatar_demo.ini
2026-03-26 14:34:01 [INFO] Landing dir   : /home/cloudera/mos_qatar_demo_poc/landing
2026-03-26 14:34:01 [INFO] Output file   : mos_sports_events_20260326_143401.txt
2026-03-26 14:34:01 [INFO] Records count : 10
2026-03-26 14:34:01 [INFO] ------------------------------------------------------------------
2026-03-26 14:34:01 [INFO]   Record 01: Event ID: EVT4011 | Event Name: Gulf Youth Cup Final | Sport: Football | Venue: Ahmad Bin ...
2026-03-26 14:34:01 [INFO]   Record 02: Event ID: EVT6147 | Event Name: Qatar Premier League Match Day 8 | Sport: Basketball | Ven...
2026-03-26 14:34:01 [INFO]   Record 03: Event ID: EVT6128 | Event Name: Gulf Youth Cup Round 2 | Sport: Basketball | Venue: Lusail...
2026-03-26 14:34:01 [INFO]   Record 04: Event ID: EVT8678 | Event Name: Ministry Youth Sports Day | Sport: Football | Venue: Aspir...
2026-03-26 14:34:01 [INFO]   Record 05: Event ID: EVT1999 | Event Name: Doha Sports Festival Opening Match | Sport: Football | Ven...
2026-03-26 14:34:01 [INFO]   Record 06: Event ID: EVT1914 | Event Name: Gulf Youth Cup Quarter Final | Sport: Football | Venue: As...
2026-03-26 14:34:01 [INFO]   Record 07: Event ID: EVT8004 | Event Name: Arab Nations Championship Group Stage | Sport: Football | ...
2026-03-26 14:34:01 [INFO]   Record 08: Event ID: EVT3981 | Event Name: Gulf Youth Cup Round 2 | Sport: Football | Venue: Ahmad Bi...
2026-03-26 14:34:01 [INFO]   Record 09: Event ID: EVT3699 | Event Name: Gulf Youth Cup Round 2 | Sport: Football | Venue: Al Bayt ...
2026-03-26 14:34:01 [INFO]   Record 10: Event ID: EVT5777 | Event Name: Qatar Under-20 Development League | Sport: Football | Venu...
2026-03-26 14:34:01 [INFO] ------------------------------------------------------------------
2026-03-26 14:34:01 [INFO] File written successfully.
2026-03-26 14:34:01 [INFO]   Full path : /home/cloudera/mos_qatar_demo_poc/landing/mos_sports_events_20260326_143401.txt
2026-03-26 14:34:01 [INFO]   Size      : 2556 bytes
2026-03-26 14:34:01 [INFO]   Records   : 10
2026-03-26 14:34:01 [INFO] ==================================================================
2026-03-26 14:34:01 [INFO]   Generator Completed Successfully
2026-03-26 14:34:01 [INFO] ==================================================================
