2026-03-26 03:35:01 [INFO] ==================================================================
2026-03-26 03:35:01 [INFO]   MOS Qatar Demo - Sports Data Generator
2026-03-26 03:35:01 [INFO] ==================================================================
2026-03-26 03:35:01 [INFO] Config file   : /home/cloudera/mos_qatar_demo_poc/config/mos_qatar_demo.ini
2026-03-26 03:35:01 [INFO] Landing dir   : /home/cloudera/mos_qatar_demo_poc/landing
2026-03-26 03:35:01 [INFO] Output file   : mos_sports_events_20260326_033501.txt
2026-03-26 03:35:01 [INFO] Records count : 9
2026-03-26 03:35:01 [INFO] ------------------------------------------------------------------
2026-03-26 03:35:01 [INFO]   Record 01: Event ID: EVT9548 | Event Name: Arab Nations Championship Semi Final | Sport: Athletics | ...
2026-03-26 03:35:01 [INFO]   Record 02: Event ID: EVT5173 | Event Name: Qatar Cup Final | Sport: Handball | Venue: Ahmad Bin Ali S...
2026-03-26 03:35:01 [INFO]   Record 03: Event ID: EVT8754 | Event Name: Ramadan Football Festival | Sport: Swimming | Venue: Al Wa...
2026-03-26 03:35:01 [INFO]   Record 04: Event ID: EVT6160 | Event Name: GCC Club Championship Semi Final | Sport: Swimming | Venue...
2026-03-26 03:35:01 [INFO]   Record 05: Event ID: EVT3542 | Event Name: Arab Nations Championship Group Stage | Sport: Athletics |...
2026-03-26 03:35:01 [INFO]   Record 06: Event ID: EVT4680 | Event Name: Qatar Premier League Match Day 12 | Sport: Football | Venu...
2026-03-26 03:35:01 [INFO]   Record 07: Event ID: EVT1415 | Event Name: Gulf Youth Cup Final | Sport: Football | Venue: Lusail Sta...
2026-03-26 03:35:01 [INFO]   Record 08: Event ID: EVT9369 | Event Name: Gulf Youth Cup Round 2 | Sport: Football | Venue: Al Thuma...
2026-03-26 03:35:01 [INFO]   Record 09: Event ID: EVT2068 | Event Name: Qatar Premier League Match Day 8 | Sport: Football | Venue...
2026-03-26 03:35:01 [INFO] ------------------------------------------------------------------
2026-03-26 03:35:01 [INFO] File written successfully.
2026-03-26 03:35:01 [INFO]   Full path : /home/cloudera/mos_qatar_demo_poc/landing/mos_sports_events_20260326_033501.txt
2026-03-26 03:35:01 [INFO]   Size      : 2348 bytes
2026-03-26 03:35:01 [INFO]   Records   : 9
2026-03-26 03:35:01 [INFO] ==================================================================
2026-03-26 03:35:01 [INFO]   Generator Completed Successfully
2026-03-26 03:35:01 [INFO] ==================================================================
