2026-03-27 12:08:02 [INFO] ==================================================================
2026-03-27 12:08:02 [INFO]   MOS Qatar Demo - Sports Data Generator
2026-03-27 12:08:02 [INFO] ==================================================================
2026-03-27 12:08:02 [INFO] Config file   : /home/cloudera/mos_qatar_demo_poc/config/mos_qatar_demo.ini
2026-03-27 12:08:02 [INFO] Landing dir   : /home/cloudera/mos_qatar_demo_poc/landing
2026-03-27 12:08:02 [INFO] Output file   : mos_sports_events_20260327_120802.txt
2026-03-27 12:08:02 [INFO] Records count : 6
2026-03-27 12:08:02 [INFO] ------------------------------------------------------------------
2026-03-27 12:08:02 [INFO]   Record 01: Event ID: EVT5085 | Event Name: Doha Sports Festival Opening Match | Sport: Volleyball | V...
2026-03-27 12:08:02 [INFO]   Record 02: Event ID: EVT2663 | Event Name: Gulf Cup Qualifier Round 1 | Sport: Football | Venue: Ahma...
2026-03-27 12:08:02 [INFO]   Record 03: Event ID: EVT7148 | Event Name: Ramadan Football Festival | Sport: Football | Venue: Qatar...
2026-03-27 12:08:02 [INFO]   Record 04: Event ID: EVT6461 | Event Name: Gulf Youth Cup Round 2 | Sport: Football | Venue: Al Thuma...
2026-03-27 12:08:02 [INFO]   Record 05: Event ID: EVT2455 | Event Name: Qatar Cup Semi Final | Sport: Football | Venue: Al Janoub ...
2026-03-27 12:08:02 [INFO]   Record 06: Event ID: EVT2133 | Event Name: Ramadan Football Festival | Sport: Handball | Venue: Al Wa...
2026-03-27 12:08:02 [INFO] ------------------------------------------------------------------
2026-03-27 12:08:02 [INFO] File written successfully.
2026-03-27 12:08:02 [INFO]   Full path : /home/cloudera/mos_qatar_demo_poc/landing/mos_sports_events_20260327_120802.txt
2026-03-27 12:08:02 [INFO]   Size      : 1547 bytes
2026-03-27 12:08:02 [INFO]   Records   : 6
2026-03-27 12:08:02 [INFO] ==================================================================
2026-03-27 12:08:02 [INFO]   Generator Completed Successfully
2026-03-27 12:08:02 [INFO] ==================================================================
