2026-03-24 16:27:01 [INFO] ==================================================================
2026-03-24 16:27:01 [INFO]   MOS Qatar Demo - Sports Data Generator
2026-03-24 16:27:01 [INFO] ==================================================================
2026-03-24 16:27:01 [INFO] Config file   : /home/cloudera/mos_qatar_demo_poc/config/mos_qatar_demo.ini
2026-03-24 16:27:01 [INFO] Landing dir   : /home/cloudera/mos_qatar_demo_poc/landing
2026-03-24 16:27:01 [INFO] Output file   : mos_sports_events_20260324_162701.txt
2026-03-24 16:27:01 [INFO] Records count : 5
2026-03-24 16:27:01 [INFO] ------------------------------------------------------------------
2026-03-24 16:27:01 [INFO]   Record 01: Event ID: EVT1040 | Event Name: Qatar Cup Final | Sport: Football | Venue: Education City ...
2026-03-24 16:27:01 [INFO]   Record 02: Event ID: EVT3780 | Event Name: Gulf Cup Qualifier Round 1 | Sport: Football | Venue: Al J...
2026-03-24 16:27:01 [INFO]   Record 03: Event ID: EVT2978 | Event Name: Qatar Cup Semi Final | Sport: Handball | Venue: Qatar Spor...
2026-03-24 16:27:01 [INFO]   Record 04: Event ID: EVT6436 | Event Name: Gulf Youth Cup Round 1 | Sport: Basketball | Venue: Al Wak...
2026-03-24 16:27:01 [INFO]   Record 05: Event ID: EVT4459 | Event Name: Qatar Cup Semi Final | Sport: Football | Venue: Al Thumama...
2026-03-24 16:27:01 [INFO] ------------------------------------------------------------------
2026-03-24 16:27:01 [INFO] File written successfully.
2026-03-24 16:27:01 [INFO]   Full path : /home/cloudera/mos_qatar_demo_poc/landing/mos_sports_events_20260324_162701.txt
2026-03-24 16:27:01 [INFO]   Size      : 1269 bytes
2026-03-24 16:27:01 [INFO]   Records   : 5
2026-03-24 16:27:01 [INFO] ==================================================================
2026-03-24 16:27:01 [INFO]   Generator Completed Successfully
2026-03-24 16:27:01 [INFO] ==================================================================
