2026-03-27 07:31:01 [INFO] ==================================================================
2026-03-27 07:31:01 [INFO]   MOS Qatar Demo - Sports Data Generator
2026-03-27 07:31:01 [INFO] ==================================================================
2026-03-27 07:31:01 [INFO] Config file   : /home/cloudera/mos_qatar_demo_poc/config/mos_qatar_demo.ini
2026-03-27 07:31:01 [INFO] Landing dir   : /home/cloudera/mos_qatar_demo_poc/landing
2026-03-27 07:31:01 [INFO] Output file   : mos_sports_events_20260327_073101.txt
2026-03-27 07:31:01 [INFO] Records count : 6
2026-03-27 07:31:01 [INFO] ------------------------------------------------------------------
2026-03-27 07:31:01 [INFO]   Record 01: Event ID: EVT2809 | Event Name: Ministry Invitational Friendly Tournament | Sport: Athleti...
2026-03-27 07:31:01 [INFO]   Record 02: Event ID: EVT8903 | Event Name: MOS Annual Charity Football Gala | Sport: Handball | Venue...
2026-03-27 07:31:01 [INFO]   Record 03: Event ID: EVT7171 | Event Name: Arab Nations Championship Group Stage | Sport: Volleyball ...
2026-03-27 07:31:01 [INFO]   Record 04: Event ID: EVT1221 | Event Name: Gulf Youth Cup Round 1 | Sport: Athletics | Venue: Qatar S...
2026-03-27 07:31:01 [INFO]   Record 05: Event ID: EVT1239 | Event Name: Gulf Cup Qualifier Round 1 | Sport: Volleyball | Venue: Lu...
2026-03-27 07:31:01 [INFO]   Record 06: Event ID: EVT2852 | Event Name: Qatar Under-20 Development League | Sport: Football | Venu...
2026-03-27 07:31:01 [INFO] ------------------------------------------------------------------
2026-03-27 07:31:01 [INFO] File written successfully.
2026-03-27 07:31:01 [INFO]   Full path : /home/cloudera/mos_qatar_demo_poc/landing/mos_sports_events_20260327_073101.txt
2026-03-27 07:31:01 [INFO]   Size      : 1571 bytes
2026-03-27 07:31:01 [INFO]   Records   : 6
2026-03-27 07:31:01 [INFO] ==================================================================
2026-03-27 07:31:01 [INFO]   Generator Completed Successfully
2026-03-27 07:31:01 [INFO] ==================================================================
