2026-03-26 07:27:02 [INFO] ==================================================================
2026-03-26 07:27:02 [INFO]   MOS Qatar Demo - Sports Data Generator
2026-03-26 07:27:02 [INFO] ==================================================================
2026-03-26 07:27:02 [INFO] Config file   : /home/cloudera/mos_qatar_demo_poc/config/mos_qatar_demo.ini
2026-03-26 07:27:02 [INFO] Landing dir   : /home/cloudera/mos_qatar_demo_poc/landing
2026-03-26 07:27:02 [INFO] Output file   : mos_sports_events_20260326_072702.txt
2026-03-26 07:27:02 [INFO] Records count : 4
2026-03-26 07:27:02 [INFO] ------------------------------------------------------------------
2026-03-26 07:27:02 [INFO]   Record 01: Event ID: EVT9357 | Event Name: MOS Annual Charity Football Gala | Sport: Football | Venue...
2026-03-26 07:27:02 [INFO]   Record 02: Event ID: EVT7747 | Event Name: Gulf Youth Cup Final | Sport: Basketball | Venue: Khalifa ...
2026-03-26 07:27:02 [INFO]   Record 03: Event ID: EVT6483 | Event Name: Ministry Youth Sports Day | Sport: Football | Venue: Al Wa...
2026-03-26 07:27:02 [INFO]   Record 04: Event ID: EVT6478 | Event Name: National Day Football Celebration | Sport: Football | Venu...
2026-03-26 07:27:02 [INFO] ------------------------------------------------------------------
2026-03-26 07:27:02 [INFO] File written successfully.
2026-03-26 07:27:02 [INFO]   Full path : /home/cloudera/mos_qatar_demo_poc/landing/mos_sports_events_20260326_072702.txt
2026-03-26 07:27:02 [INFO]   Size      : 1063 bytes
2026-03-26 07:27:02 [INFO]   Records   : 4
2026-03-26 07:27:02 [INFO] ==================================================================
2026-03-26 07:27:02 [INFO]   Generator Completed Successfully
2026-03-26 07:27:02 [INFO] ==================================================================
