2026-03-24 14:58:02 [INFO] ==================================================================
2026-03-24 14:58:02 [INFO]   MOS Qatar Demo - Sports Data Generator
2026-03-24 14:58:02 [INFO] ==================================================================
2026-03-24 14:58:02 [INFO] Config file   : /home/cloudera/mos_qatar_demo_poc/config/mos_qatar_demo.ini
2026-03-24 14:58:02 [INFO] Landing dir   : /home/cloudera/mos_qatar_demo_poc/landing
2026-03-24 14:58:02 [INFO] Output file   : mos_sports_events_20260324_145802.txt
2026-03-24 14:58:02 [INFO] Records count : 10
2026-03-24 14:58:02 [INFO] ------------------------------------------------------------------
2026-03-24 14:58:02 [INFO]   Record 01: Event ID: EVT6329 | Event Name: Qatar Schools Football League | Sport: Football | Venue: A...
2026-03-24 14:58:02 [INFO]   Record 02: Event ID: EVT6413 | Event Name: MOS Annual Charity Football Gala | Sport: Football | Venue...
2026-03-24 14:58:02 [INFO]   Record 03: Event ID: EVT7392 | Event Name: Asian Qualifiers Warm-up Match | Sport: Basketball | Venue...
2026-03-24 14:58:02 [INFO]   Record 04: Event ID: EVT3764 | Event Name: Qatar Premier League Match Day 8 | Sport: Volleyball | Ven...
2026-03-24 14:58:02 [INFO]   Record 05: Event ID: EVT2888 | Event Name: Ministry Youth Sports Day | Sport: Volleyball | Venue: Al ...
2026-03-24 14:58:02 [INFO]   Record 06: Event ID: EVT9344 | Event Name: Qatar Cup Semi Final | Sport: Football | Venue: Education ...
2026-03-24 14:58:02 [INFO]   Record 07: Event ID: EVT9475 | Event Name: Arab Nations Championship Group Stage | Sport: Football | ...
2026-03-24 14:58:02 [INFO]   Record 08: Event ID: EVT9220 | Event Name: GCC Club Championship Quarter Final | Sport: Football | Ve...
2026-03-24 14:58:02 [INFO]   Record 09: Event ID: EVT6142 | Event Name: Doha Sports Festival Opening Match | Sport: Swimming | Ven...
2026-03-24 14:58:02 [INFO]   Record 10: Event ID: EVT7599 | Event Name: Qatar Premier League Match Day 5 | Sport: Football | Venue...
2026-03-24 14:58:02 [INFO] ------------------------------------------------------------------
2026-03-24 14:58:02 [INFO] File written successfully.
2026-03-24 14:58:02 [INFO]   Full path : /home/cloudera/mos_qatar_demo_poc/landing/mos_sports_events_20260324_145802.txt
2026-03-24 14:58:02 [INFO]   Size      : 2599 bytes
2026-03-24 14:58:02 [INFO]   Records   : 10
2026-03-24 14:58:02 [INFO] ==================================================================
2026-03-24 14:58:02 [INFO]   Generator Completed Successfully
2026-03-24 14:58:02 [INFO] ==================================================================
