2026-03-27 18:44:02 [INFO] ==================================================================
2026-03-27 18:44:02 [INFO]   MOS Qatar Demo - Sports Data Generator
2026-03-27 18:44:02 [INFO] ==================================================================
2026-03-27 18:44:02 [INFO] Config file   : /home/cloudera/mos_qatar_demo_poc/config/mos_qatar_demo.ini
2026-03-27 18:44:02 [INFO] Landing dir   : /home/cloudera/mos_qatar_demo_poc/landing
2026-03-27 18:44:02 [INFO] Output file   : mos_sports_events_20260327_184402.txt
2026-03-27 18:44:02 [INFO] Records count : 5
2026-03-27 18:44:02 [INFO] ------------------------------------------------------------------
2026-03-27 18:44:02 [INFO]   Record 01: Event ID: EVT2064 | Event Name: National Day Football Celebration | Sport: Athletics | Ven...
2026-03-27 18:44:02 [INFO]   Record 02: Event ID: EVT9442 | Event Name: GCC Club Championship Final | Sport: Handball | Venue: Qat...
2026-03-27 18:44:02 [INFO]   Record 03: Event ID: EVT6813 | Event Name: Gulf Youth Cup Round 1 | Sport: Volleyball | Venue: Khalif...
2026-03-27 18:44:02 [INFO]   Record 04: Event ID: EVT8393 | Event Name: Qatar Premier League Match Day 12 | Sport: Volleyball | Ve...
2026-03-27 18:44:02 [INFO]   Record 05: Event ID: EVT6683 | Event Name: Ramadan Football Festival | Sport: Basketball | Venue: Kha...
2026-03-27 18:44:02 [INFO] ------------------------------------------------------------------
2026-03-27 18:44:02 [INFO] File written successfully.
2026-03-27 18:44:02 [INFO]   Full path : /home/cloudera/mos_qatar_demo_poc/landing/mos_sports_events_20260327_184402.txt
2026-03-27 18:44:02 [INFO]   Size      : 1302 bytes
2026-03-27 18:44:02 [INFO]   Records   : 5
2026-03-27 18:44:02 [INFO] ==================================================================
2026-03-27 18:44:02 [INFO]   Generator Completed Successfully
2026-03-27 18:44:02 [INFO] ==================================================================
