2026-03-26 23:02:02 [INFO] ==================================================================
2026-03-26 23:02:02 [INFO]   MOS Qatar Demo - Sports Data Generator
2026-03-26 23:02:02 [INFO] ==================================================================
2026-03-26 23:02:02 [INFO] Config file   : /home/cloudera/mos_qatar_demo_poc/config/mos_qatar_demo.ini
2026-03-26 23:02:02 [INFO] Landing dir   : /home/cloudera/mos_qatar_demo_poc/landing
2026-03-26 23:02:02 [INFO] Output file   : mos_sports_events_20260326_230202.txt
2026-03-26 23:02:02 [INFO] Records count : 6
2026-03-26 23:02:02 [INFO] ------------------------------------------------------------------
2026-03-26 23:02:02 [INFO]   Record 01: Event ID: EVT6377 | Event Name: Qatar Olympic Training Camp Evaluation | Sport: Football |...
2026-03-26 23:02:02 [INFO]   Record 02: Event ID: EVT5529 | Event Name: GCC Club Championship Quarter Final | Sport: Volleyball | ...
2026-03-26 23:02:02 [INFO]   Record 03: Event ID: EVT3513 | Event Name: Gulf Youth Cup Quarter Final | Sport: Basketball | Venue: ...
2026-03-26 23:02:02 [INFO]   Record 04: Event ID: EVT9267 | Event Name: Qatar Premier League Match Day 12 | Sport: Football | Venu...
2026-03-26 23:02:02 [INFO]   Record 05: Event ID: EVT5786 | Event Name: Qatar Premier League Match Day 5 | Sport: Football | Venue...
2026-03-26 23:02:02 [INFO]   Record 06: Event ID: EVT3671 | Event Name: Qatar Under-20 Development League | Sport: Swimming | Venu...
2026-03-26 23:02:02 [INFO] ------------------------------------------------------------------
2026-03-26 23:02:02 [INFO] File written successfully.
2026-03-26 23:02:02 [INFO]   Full path : /home/cloudera/mos_qatar_demo_poc/landing/mos_sports_events_20260326_230202.txt
2026-03-26 23:02:02 [INFO]   Size      : 1566 bytes
2026-03-26 23:02:02 [INFO]   Records   : 6
2026-03-26 23:02:02 [INFO] ==================================================================
2026-03-26 23:02:02 [INFO]   Generator Completed Successfully
2026-03-26 23:02:02 [INFO] ==================================================================
