2026-03-26 04:53:02 [INFO] ==================================================================
2026-03-26 04:53:02 [INFO]   MOS Qatar Demo - Sports Data Generator
2026-03-26 04:53:02 [INFO] ==================================================================
2026-03-26 04:53:02 [INFO] Config file   : /home/cloudera/mos_qatar_demo_poc/config/mos_qatar_demo.ini
2026-03-26 04:53:02 [INFO] Landing dir   : /home/cloudera/mos_qatar_demo_poc/landing
2026-03-26 04:53:02 [INFO] Output file   : mos_sports_events_20260326_045302.txt
2026-03-26 04:53:02 [INFO] Records count : 10
2026-03-26 04:53:02 [INFO] ------------------------------------------------------------------
2026-03-26 04:53:02 [INFO]   Record 01: Event ID: EVT8789 | Event Name: Ministry Youth Sports Day | Sport: Football | Venue: Lusai...
2026-03-26 04:53:02 [INFO]   Record 02: Event ID: EVT3441 | Event Name: Gulf Youth Cup Quarter Final | Sport: Football | Venue: Qa...
2026-03-26 04:53:02 [INFO]   Record 03: Event ID: EVT9035 | Event Name: MOS Annual Charity Football Gala | Sport: Basketball | Ven...
2026-03-26 04:53:02 [INFO]   Record 04: Event ID: EVT5285 | Event Name: Qatar Premier League Match Day 12 | Sport: Swimming | Venu...
2026-03-26 04:53:02 [INFO]   Record 05: Event ID: EVT4800 | Event Name: Qatar Premier League Match Day 5 | Sport: Volleyball | Ven...
2026-03-26 04:53:02 [INFO]   Record 06: Event ID: EVT6482 | Event Name: Qatar Under-20 Development League | Sport: Football | Venu...
2026-03-26 04:53:02 [INFO]   Record 07: Event ID: EVT6709 | Event Name: Doha Sports Festival Opening Match | Sport: Football | Ven...
2026-03-26 04:53:02 [INFO]   Record 08: Event ID: EVT8224 | Event Name: Ramadan Football Festival | Sport: Football | Venue: Al Ba...
2026-03-26 04:53:02 [INFO]   Record 09: Event ID: EVT9671 | Event Name: Ministry Invitational Friendly Tournament | Sport: Footbal...
2026-03-26 04:53:02 [INFO]   Record 10: Event ID: EVT8008 | Event Name: Gulf Youth Cup Quarter Final | Sport: Football | Venue: Ed...
2026-03-26 04:53:02 [INFO] ------------------------------------------------------------------
2026-03-26 04:53:02 [INFO] File written successfully.
2026-03-26 04:53:02 [INFO]   Full path : /home/cloudera/mos_qatar_demo_poc/landing/mos_sports_events_20260326_045302.txt
2026-03-26 04:53:02 [INFO]   Size      : 2596 bytes
2026-03-26 04:53:02 [INFO]   Records   : 10
2026-03-26 04:53:02 [INFO] ==================================================================
2026-03-26 04:53:02 [INFO]   Generator Completed Successfully
2026-03-26 04:53:02 [INFO] ==================================================================
