2026-03-26 14:13:01 [INFO] ==================================================================
2026-03-26 14:13:01 [INFO]   MOS Qatar Demo - Sports Data Generator
2026-03-26 14:13:01 [INFO] ==================================================================
2026-03-26 14:13:01 [INFO] Config file   : /home/cloudera/mos_qatar_demo_poc/config/mos_qatar_demo.ini
2026-03-26 14:13:01 [INFO] Landing dir   : /home/cloudera/mos_qatar_demo_poc/landing
2026-03-26 14:13:01 [INFO] Output file   : mos_sports_events_20260326_141301.txt
2026-03-26 14:13:01 [INFO] Records count : 9
2026-03-26 14:13:01 [INFO] ------------------------------------------------------------------
2026-03-26 14:13:01 [INFO]   Record 01: Event ID: EVT5058 | Event Name: Qatar Premier League Match Day 8 | Sport: Football | Venue...
2026-03-26 14:13:01 [INFO]   Record 02: Event ID: EVT7170 | Event Name: Gulf Youth Cup Semi Final | Sport: Swimming | Venue: Al Ja...
2026-03-26 14:13:01 [INFO]   Record 03: Event ID: EVT4750 | Event Name: Ramadan Football Festival | Sport: Basketball | Venue: Kha...
2026-03-26 14:13:01 [INFO]   Record 04: Event ID: EVT7426 | Event Name: National Team Preparation Match | Sport: Volleyball | Venu...
2026-03-26 14:13:01 [INFO]   Record 05: Event ID: EVT9984 | Event Name: Ministry Youth Sports Day | Sport: Swimming | Venue: Lusai...
2026-03-26 14:13:01 [INFO]   Record 06: Event ID: EVT1852 | Event Name: GCC Club Championship Quarter Final | Sport: Volleyball | ...
2026-03-26 14:13:01 [INFO]   Record 07: Event ID: EVT2852 | Event Name: Qatar Premier League Match Day 5 | Sport: Football | Venue...
2026-03-26 14:13:01 [INFO]   Record 08: Event ID: EVT4053 | Event Name: Qatar Under-20 Development League | Sport: Basketball | Ve...
2026-03-26 14:13:01 [INFO]   Record 09: Event ID: EVT4812 | Event Name: Qatar Under-20 Development League | Sport: Football | Venu...
2026-03-26 14:13:01 [INFO] ------------------------------------------------------------------
2026-03-26 14:13:01 [INFO] File written successfully.
2026-03-26 14:13:01 [INFO]   Full path : /home/cloudera/mos_qatar_demo_poc/landing/mos_sports_events_20260326_141301.txt
2026-03-26 14:13:01 [INFO]   Size      : 2356 bytes
2026-03-26 14:13:01 [INFO]   Records   : 9
2026-03-26 14:13:01 [INFO] ==================================================================
2026-03-26 14:13:01 [INFO]   Generator Completed Successfully
2026-03-26 14:13:01 [INFO] ==================================================================
