2026-03-25 23:24:01 [INFO] ==================================================================
2026-03-25 23:24:01 [INFO]   MOS Qatar Demo - Sports Data Generator
2026-03-25 23:24:01 [INFO] ==================================================================
2026-03-25 23:24:01 [INFO] Config file   : /home/cloudera/mos_qatar_demo_poc/config/mos_qatar_demo.ini
2026-03-25 23:24:01 [INFO] Landing dir   : /home/cloudera/mos_qatar_demo_poc/landing
2026-03-25 23:24:01 [INFO] Output file   : mos_sports_events_20260325_232401.txt
2026-03-25 23:24:01 [INFO] Records count : 6
2026-03-25 23:24:01 [INFO] ------------------------------------------------------------------
2026-03-25 23:24:01 [INFO]   Record 01: Event ID: EVT8290 | Event Name: MOS Annual Charity Football Gala | Sport: Football | Venue...
2026-03-25 23:24:01 [INFO]   Record 02: Event ID: EVT6489 | Event Name: Qatar Olympic Training Camp Evaluation | Sport: Swimming |...
2026-03-25 23:24:01 [INFO]   Record 03: Event ID: EVT4799 | Event Name: Ministry Invitational Friendly Tournament | Sport: Handbal...
2026-03-25 23:24:01 [INFO]   Record 04: Event ID: EVT2881 | Event Name: Qatar Premier League Match Day 8 | Sport: Football | Venue...
2026-03-25 23:24:01 [INFO]   Record 05: Event ID: EVT4958 | Event Name: National Team Preparation Match | Sport: Handball | Venue:...
2026-03-25 23:24:01 [INFO]   Record 06: Event ID: EVT7856 | Event Name: Qatar Schools Football League | Sport: Football | Venue: A...
2026-03-25 23:24:01 [INFO] ------------------------------------------------------------------
2026-03-25 23:24:01 [INFO] File written successfully.
2026-03-25 23:24:01 [INFO]   Full path : /home/cloudera/mos_qatar_demo_poc/landing/mos_sports_events_20260325_232401.txt
2026-03-25 23:24:01 [INFO]   Size      : 1568 bytes
2026-03-25 23:24:01 [INFO]   Records   : 6
2026-03-25 23:24:01 [INFO] ==================================================================
2026-03-25 23:24:01 [INFO]   Generator Completed Successfully
2026-03-25 23:24:01 [INFO] ==================================================================
