2026-03-26 06:49:01 [INFO] ==================================================================
2026-03-26 06:49:01 [INFO]   MOS Qatar Demo - Sports Data Generator
2026-03-26 06:49:01 [INFO] ==================================================================
2026-03-26 06:49:01 [INFO] Config file   : /home/cloudera/mos_qatar_demo_poc/config/mos_qatar_demo.ini
2026-03-26 06:49:01 [INFO] Landing dir   : /home/cloudera/mos_qatar_demo_poc/landing
2026-03-26 06:49:01 [INFO] Output file   : mos_sports_events_20260326_064901.txt
2026-03-26 06:49:01 [INFO] Records count : 8
2026-03-26 06:49:01 [INFO] ------------------------------------------------------------------
2026-03-26 06:49:01 [INFO]   Record 01: Event ID: EVT7601 | Event Name: MOS Annual Charity Football Gala | Sport: Handball | Venue...
2026-03-26 06:49:01 [INFO]   Record 02: Event ID: EVT6236 | Event Name: Qatar Premier League Match Day 5 | Sport: Football | Venue...
2026-03-26 06:49:01 [INFO]   Record 03: Event ID: EVT3653 | Event Name: Arab Nations Championship Semi Final | Sport: Football | V...
2026-03-26 06:49:01 [INFO]   Record 04: Event ID: EVT7668 | Event Name: Ramadan Football Festival | Sport: Football | Venue: Al Th...
2026-03-26 06:49:01 [INFO]   Record 05: Event ID: EVT8419 | Event Name: National Day Football Celebration | Sport: Football | Venu...
2026-03-26 06:49:01 [INFO]   Record 06: Event ID: EVT4944 | Event Name: Qatar Under-20 Development League | Sport: Football | Venu...
2026-03-26 06:49:01 [INFO]   Record 07: Event ID: EVT5465 | Event Name: Qatar Under-20 Development League | Sport: Handball | Venu...
2026-03-26 06:49:01 [INFO]   Record 08: Event ID: EVT6159 | Event Name: Qatar Cup Final | Sport: Volleyball | Venue: Education Cit...
2026-03-26 06:49:01 [INFO] ------------------------------------------------------------------
2026-03-26 06:49:01 [INFO] File written successfully.
2026-03-26 06:49:01 [INFO]   Full path : /home/cloudera/mos_qatar_demo_poc/landing/mos_sports_events_20260326_064901.txt
2026-03-26 06:49:01 [INFO]   Size      : 2083 bytes
2026-03-26 06:49:01 [INFO]   Records   : 8
2026-03-26 06:49:01 [INFO] ==================================================================
2026-03-26 06:49:01 [INFO]   Generator Completed Successfully
2026-03-26 06:49:01 [INFO] ==================================================================
