2026-03-24 16:28:01 [INFO] ==================================================================
2026-03-24 16:28:01 [INFO]   MOS Qatar Demo - Sports Data Generator
2026-03-24 16:28:01 [INFO] ==================================================================
2026-03-24 16:28:01 [INFO] Config file   : /home/cloudera/mos_qatar_demo_poc/config/mos_qatar_demo.ini
2026-03-24 16:28:01 [INFO] Landing dir   : /home/cloudera/mos_qatar_demo_poc/landing
2026-03-24 16:28:01 [INFO] Output file   : mos_sports_events_20260324_162801.txt
2026-03-24 16:28:01 [INFO] Records count : 6
2026-03-24 16:28:01 [INFO] ------------------------------------------------------------------
2026-03-24 16:28:01 [INFO]   Record 01: Event ID: EVT1963 | Event Name: National Day Football Celebration | Sport: Football | Venu...
2026-03-24 16:28:01 [INFO]   Record 02: Event ID: EVT6169 | Event Name: Gulf Youth Cup Semi Final | Sport: Basketball | Venue: Asp...
2026-03-24 16:28:01 [INFO]   Record 03: Event ID: EVT6996 | Event Name: Gulf Cup Qualifier Round 1 | Sport: Swimming | Venue: Educ...
2026-03-24 16:28:01 [INFO]   Record 04: Event ID: EVT8471 | Event Name: National Team Preparation Match | Sport: Football | Venue:...
2026-03-24 16:28:01 [INFO]   Record 05: Event ID: EVT1385 | Event Name: GCC Club Championship Semi Final | Sport: Football | Venue...
2026-03-24 16:28:01 [INFO]   Record 06: Event ID: EVT7826 | Event Name: National Team Preparation Match | Sport: Football | Venue:...
2026-03-24 16:28:01 [INFO] ------------------------------------------------------------------
2026-03-24 16:28:01 [INFO] File written successfully.
2026-03-24 16:28:01 [INFO]   Full path : /home/cloudera/mos_qatar_demo_poc/landing/mos_sports_events_20260324_162801.txt
2026-03-24 16:28:01 [INFO]   Size      : 1547 bytes
2026-03-24 16:28:01 [INFO]   Records   : 6
2026-03-24 16:28:01 [INFO] ==================================================================
2026-03-24 16:28:01 [INFO]   Generator Completed Successfully
2026-03-24 16:28:01 [INFO] ==================================================================
