2026-03-25 05:39:02 [INFO] ==================================================================
2026-03-25 05:39:02 [INFO]   MOS Qatar Demo - Sports Data Generator
2026-03-25 05:39:02 [INFO] ==================================================================
2026-03-25 05:39:02 [INFO] Config file   : /home/cloudera/mos_qatar_demo_poc/config/mos_qatar_demo.ini
2026-03-25 05:39:02 [INFO] Landing dir   : /home/cloudera/mos_qatar_demo_poc/landing
2026-03-25 05:39:02 [INFO] Output file   : mos_sports_events_20260325_053902.txt
2026-03-25 05:39:02 [INFO] Records count : 6
2026-03-25 05:39:02 [INFO] ------------------------------------------------------------------
2026-03-25 05:39:02 [INFO]   Record 01: Event ID: EVT4028 | Event Name: Gulf Youth Cup Semi Final | Sport: Volleyball | Venue: Al ...
2026-03-25 05:39:02 [INFO]   Record 02: Event ID: EVT4469 | Event Name: GCC Club Championship Final | Sport: Athletics | Venue: Al...
2026-03-25 05:39:02 [INFO]   Record 03: Event ID: EVT1615 | Event Name: Qatar Schools Football League | Sport: Football | Venue: A...
2026-03-25 05:39:02 [INFO]   Record 04: Event ID: EVT3228 | Event Name: Gulf Youth Cup Quarter Final | Sport: Football | Venue: Ed...
2026-03-25 05:39:02 [INFO]   Record 05: Event ID: EVT5660 | Event Name: Gulf Youth Cup Round 2 | Sport: Football | Venue: Al Thuma...
2026-03-25 05:39:02 [INFO]   Record 06: Event ID: EVT7343 | Event Name: Ministry Invitational Friendly Tournament | Sport: Footbal...
2026-03-25 05:39:02 [INFO] ------------------------------------------------------------------
2026-03-25 05:39:02 [INFO] File written successfully.
2026-03-25 05:39:02 [INFO]   Full path : /home/cloudera/mos_qatar_demo_poc/landing/mos_sports_events_20260325_053902.txt
2026-03-25 05:39:02 [INFO]   Size      : 1562 bytes
2026-03-25 05:39:02 [INFO]   Records   : 6
2026-03-25 05:39:02 [INFO] ==================================================================
2026-03-25 05:39:02 [INFO]   Generator Completed Successfully
2026-03-25 05:39:02 [INFO] ==================================================================
