2026-03-27 16:15:02 [INFO] ==================================================================
2026-03-27 16:15:02 [INFO]   MOS Qatar Demo - Sports Data Generator
2026-03-27 16:15:02 [INFO] ==================================================================
2026-03-27 16:15:02 [INFO] Config file   : /home/cloudera/mos_qatar_demo_poc/config/mos_qatar_demo.ini
2026-03-27 16:15:02 [INFO] Landing dir   : /home/cloudera/mos_qatar_demo_poc/landing
2026-03-27 16:15:02 [INFO] Output file   : mos_sports_events_20260327_161502.txt
2026-03-27 16:15:02 [INFO] Records count : 10
2026-03-27 16:15:02 [INFO] ------------------------------------------------------------------
2026-03-27 16:15:02 [INFO]   Record 01: Event ID: EVT9166 | Event Name: Asian Qualifiers Warm-up Match | Sport: Football | Venue: ...
2026-03-27 16:15:02 [INFO]   Record 02: Event ID: EVT6969 | Event Name: GCC Club Championship Final | Sport: Volleyball | Venue: A...
2026-03-27 16:15:02 [INFO]   Record 03: Event ID: EVT3438 | Event Name: Gulf Cup Qualifier Round 1 | Sport: Handball | Venue: Educ...
2026-03-27 16:15:02 [INFO]   Record 04: Event ID: EVT9787 | Event Name: Qatar Cup Semi Final | Sport: Athletics | Venue: Ahmad Bin...
2026-03-27 16:15:02 [INFO]   Record 05: Event ID: EVT7047 | Event Name: Gulf Youth Cup Round 2 | Sport: Football | Venue: Lusail S...
2026-03-27 16:15:02 [INFO]   Record 06: Event ID: EVT1165 | Event Name: Arab Nations Championship Group Stage | Sport: Athletics |...
2026-03-27 16:15:02 [INFO]   Record 07: Event ID: EVT6452 | Event Name: GCC Club Championship Semi Final | Sport: Football | Venue...
2026-03-27 16:15:02 [INFO]   Record 08: Event ID: EVT4071 | Event Name: Asian Qualifiers Warm-up Match | Sport: Swimming | Venue: ...
2026-03-27 16:15:02 [INFO]   Record 09: Event ID: EVT4911 | Event Name: Ministry Invitational Friendly Tournament | Sport: Swimmin...
2026-03-27 16:15:02 [INFO]   Record 10: Event ID: EVT7722 | Event Name: Gulf Youth Cup Semi Final | Sport: Football | Venue: Aspir...
2026-03-27 16:15:02 [INFO] ------------------------------------------------------------------
2026-03-27 16:15:02 [INFO] File written successfully.
2026-03-27 16:15:02 [INFO]   Full path : /home/cloudera/mos_qatar_demo_poc/landing/mos_sports_events_20260327_161502.txt
2026-03-27 16:15:02 [INFO]   Size      : 2564 bytes
2026-03-27 16:15:02 [INFO]   Records   : 10
2026-03-27 16:15:02 [INFO] ==================================================================
2026-03-27 16:15:02 [INFO]   Generator Completed Successfully
2026-03-27 16:15:02 [INFO] ==================================================================
