2026-03-26 23:24:02 [INFO] ==================================================================
2026-03-26 23:24:02 [INFO]   MOS Qatar Demo - Sports Data Generator
2026-03-26 23:24:02 [INFO] ==================================================================
2026-03-26 23:24:02 [INFO] Config file   : /home/cloudera/mos_qatar_demo_poc/config/mos_qatar_demo.ini
2026-03-26 23:24:02 [INFO] Landing dir   : /home/cloudera/mos_qatar_demo_poc/landing
2026-03-26 23:24:02 [INFO] Output file   : mos_sports_events_20260326_232402.txt
2026-03-26 23:24:02 [INFO] Records count : 6
2026-03-26 23:24:02 [INFO] ------------------------------------------------------------------
2026-03-26 23:24:02 [INFO]   Record 01: Event ID: EVT9869 | Event Name: Ministry Youth Sports Day | Sport: Athletics | Venue: Qata...
2026-03-26 23:24:02 [INFO]   Record 02: Event ID: EVT2686 | Event Name: Qatar Under-20 Development League | Sport: Volleyball | Ve...
2026-03-26 23:24:02 [INFO]   Record 03: Event ID: EVT2022 | Event Name: MOS Annual Charity Football Gala | Sport: Football | Venue...
2026-03-26 23:24:02 [INFO]   Record 04: Event ID: EVT5412 | Event Name: GCC Club Championship Semi Final | Sport: Football | Venue...
2026-03-26 23:24:02 [INFO]   Record 05: Event ID: EVT8425 | Event Name: Qatar Premier League Match Day 8 | Sport: Volleyball | Ven...
2026-03-26 23:24:02 [INFO]   Record 06: Event ID: EVT2390 | Event Name: Doha Sports Festival Opening Match | Sport: Football | Ven...
2026-03-26 23:24:02 [INFO] ------------------------------------------------------------------
2026-03-26 23:24:02 [INFO] File written successfully.
2026-03-26 23:24:02 [INFO]   Full path : /home/cloudera/mos_qatar_demo_poc/landing/mos_sports_events_20260326_232402.txt
2026-03-26 23:24:02 [INFO]   Size      : 1566 bytes
2026-03-26 23:24:02 [INFO]   Records   : 6
2026-03-26 23:24:02 [INFO] ==================================================================
2026-03-26 23:24:02 [INFO]   Generator Completed Successfully
2026-03-26 23:24:02 [INFO] ==================================================================
