2026-03-25 19:52:02 [INFO] ==================================================================
2026-03-25 19:52:02 [INFO]   MOS Qatar Demo - Sports Data Generator
2026-03-25 19:52:02 [INFO] ==================================================================
2026-03-25 19:52:02 [INFO] Config file   : /home/cloudera/mos_qatar_demo_poc/config/mos_qatar_demo.ini
2026-03-25 19:52:02 [INFO] Landing dir   : /home/cloudera/mos_qatar_demo_poc/landing
2026-03-25 19:52:02 [INFO] Output file   : mos_sports_events_20260325_195202.txt
2026-03-25 19:52:02 [INFO] Records count : 5
2026-03-25 19:52:02 [INFO] ------------------------------------------------------------------
2026-03-25 19:52:02 [INFO]   Record 01: Event ID: EVT4115 | Event Name: MOS Annual Charity Football Gala | Sport: Athletics | Venu...
2026-03-25 19:52:02 [INFO]   Record 02: Event ID: EVT3032 | Event Name: Arab Nations Championship Group Stage | Sport: Handball | ...
2026-03-25 19:52:02 [INFO]   Record 03: Event ID: EVT4050 | Event Name: Gulf Cup Qualifier Round 1 | Sport: Football | Venue: Al B...
2026-03-25 19:52:02 [INFO]   Record 04: Event ID: EVT5562 | Event Name: Qatar Premier League Match Day 12 | Sport: Basketball | Ve...
2026-03-25 19:52:02 [INFO]   Record 05: Event ID: EVT3116 | Event Name: MOS Annual Charity Football Gala | Sport: Football | Venue...
2026-03-25 19:52:02 [INFO] ------------------------------------------------------------------
2026-03-25 19:52:02 [INFO] File written successfully.
2026-03-25 19:52:02 [INFO]   Full path : /home/cloudera/mos_qatar_demo_poc/landing/mos_sports_events_20260325_195202.txt
2026-03-25 19:52:02 [INFO]   Size      : 1269 bytes
2026-03-25 19:52:02 [INFO]   Records   : 5
2026-03-25 19:52:02 [INFO] ==================================================================
2026-03-25 19:52:02 [INFO]   Generator Completed Successfully
2026-03-25 19:52:02 [INFO] ==================================================================
