2026-03-25 15:34:02 [INFO] ==================================================================
2026-03-25 15:34:02 [INFO]   MOS Qatar Demo - Sports Data Generator
2026-03-25 15:34:02 [INFO] ==================================================================
2026-03-25 15:34:02 [INFO] Config file   : /home/cloudera/mos_qatar_demo_poc/config/mos_qatar_demo.ini
2026-03-25 15:34:02 [INFO] Landing dir   : /home/cloudera/mos_qatar_demo_poc/landing
2026-03-25 15:34:02 [INFO] Output file   : mos_sports_events_20260325_153402.txt
2026-03-25 15:34:02 [INFO] Records count : 6
2026-03-25 15:34:02 [INFO] ------------------------------------------------------------------
2026-03-25 15:34:02 [INFO]   Record 01: Event ID: EVT1164 | Event Name: Qatar Cup Semi Final | Sport: Football | Venue: Al Wakrah ...
2026-03-25 15:34:02 [INFO]   Record 02: Event ID: EVT5890 | Event Name: Qatar Premier League Match Day 8 | Sport: Football | Venue...
2026-03-25 15:34:02 [INFO]   Record 03: Event ID: EVT3017 | Event Name: National Day Football Celebration | Sport: Basketball | Ve...
2026-03-25 15:34:02 [INFO]   Record 04: Event ID: EVT5606 | Event Name: GCC Club Championship Final | Sport: Football | Venue: Al ...
2026-03-25 15:34:02 [INFO]   Record 05: Event ID: EVT3912 | Event Name: Qatar Cup Final | Sport: Volleyball | Venue: Aspire Zone A...
2026-03-25 15:34:02 [INFO]   Record 06: Event ID: EVT1852 | Event Name: GCC Club Championship Semi Final | Sport: Football | Venue...
2026-03-25 15:34:02 [INFO] ------------------------------------------------------------------
2026-03-25 15:34:02 [INFO] File written successfully.
2026-03-25 15:34:02 [INFO]   Full path : /home/cloudera/mos_qatar_demo_poc/landing/mos_sports_events_20260325_153402.txt
2026-03-25 15:34:02 [INFO]   Size      : 1533 bytes
2026-03-25 15:34:02 [INFO]   Records   : 6
2026-03-25 15:34:02 [INFO] ==================================================================
2026-03-25 15:34:02 [INFO]   Generator Completed Successfully
2026-03-25 15:34:02 [INFO] ==================================================================
