2026-03-27 20:09:02 [INFO] ==================================================================
2026-03-27 20:09:02 [INFO]   MOS Qatar Demo - Sports Data Generator
2026-03-27 20:09:02 [INFO] ==================================================================
2026-03-27 20:09:02 [INFO] Config file   : /home/cloudera/mos_qatar_demo_poc/config/mos_qatar_demo.ini
2026-03-27 20:09:02 [INFO] Landing dir   : /home/cloudera/mos_qatar_demo_poc/landing
2026-03-27 20:09:02 [INFO] Output file   : mos_sports_events_20260327_200902.txt
2026-03-27 20:09:02 [INFO] Records count : 7
2026-03-27 20:09:02 [INFO] ------------------------------------------------------------------
2026-03-27 20:09:02 [INFO]   Record 01: Event ID: EVT3872 | Event Name: Gulf Youth Cup Round 2 | Sport: Football | Venue: Al Thuma...
2026-03-27 20:09:02 [INFO]   Record 02: Event ID: EVT1105 | Event Name: Qatar Cup Semi Final | Sport: Swimming | Venue: Qatar Spor...
2026-03-27 20:09:02 [INFO]   Record 03: Event ID: EVT2398 | Event Name: GCC Club Championship Quarter Final | Sport: Football | Ve...
2026-03-27 20:09:02 [INFO]   Record 04: Event ID: EVT2416 | Event Name: GCC Club Championship Quarter Final | Sport: Swimming | Ve...
2026-03-27 20:09:02 [INFO]   Record 05: Event ID: EVT4733 | Event Name: Qatar Premier League Match Day 5 | Sport: Football | Venue...
2026-03-27 20:09:02 [INFO]   Record 06: Event ID: EVT5451 | Event Name: Qatar Schools Football League | Sport: Athletics | Venue: ...
2026-03-27 20:09:02 [INFO]   Record 07: Event ID: EVT6215 | Event Name: Ministry Youth Sports Day | Sport: Football | Venue: Al Ja...
2026-03-27 20:09:02 [INFO] ------------------------------------------------------------------
2026-03-27 20:09:02 [INFO] File written successfully.
2026-03-27 20:09:02 [INFO]   Full path : /home/cloudera/mos_qatar_demo_poc/landing/mos_sports_events_20260327_200902.txt
2026-03-27 20:09:02 [INFO]   Size      : 1811 bytes
2026-03-27 20:09:02 [INFO]   Records   : 7
2026-03-27 20:09:02 [INFO] ==================================================================
2026-03-27 20:09:02 [INFO]   Generator Completed Successfully
2026-03-27 20:09:02 [INFO] ==================================================================
