2026-03-25 13:28:01 [INFO] ==================================================================
2026-03-25 13:28:01 [INFO]   MOS Qatar Demo - Sports Data Generator
2026-03-25 13:28:01 [INFO] ==================================================================
2026-03-25 13:28:01 [INFO] Config file   : /home/cloudera/mos_qatar_demo_poc/config/mos_qatar_demo.ini
2026-03-25 13:28:01 [INFO] Landing dir   : /home/cloudera/mos_qatar_demo_poc/landing
2026-03-25 13:28:01 [INFO] Output file   : mos_sports_events_20260325_132801.txt
2026-03-25 13:28:01 [INFO] Records count : 5
2026-03-25 13:28:01 [INFO] ------------------------------------------------------------------
2026-03-25 13:28:01 [INFO]   Record 01: Event ID: EVT7296 | Event Name: Ministry Invitational Friendly Tournament | Sport: Athleti...
2026-03-25 13:28:01 [INFO]   Record 02: Event ID: EVT5470 | Event Name: Asian Qualifiers Warm-up Match | Sport: Athletics | Venue:...
2026-03-25 13:28:01 [INFO]   Record 03: Event ID: EVT4719 | Event Name: Gulf Cup Qualifier Round 1 | Sport: Football | Venue: Ahma...
2026-03-25 13:28:01 [INFO]   Record 04: Event ID: EVT3580 | Event Name: Ministry Youth Sports Day | Sport: Football | Venue: Al Ba...
2026-03-25 13:28:01 [INFO]   Record 05: Event ID: EVT5815 | Event Name: Arab Nations Championship Group Stage | Sport: Football | ...
2026-03-25 13:28:01 [INFO] ------------------------------------------------------------------
2026-03-25 13:28:01 [INFO] File written successfully.
2026-03-25 13:28:01 [INFO]   Full path : /home/cloudera/mos_qatar_demo_poc/landing/mos_sports_events_20260325_132801.txt
2026-03-25 13:28:01 [INFO]   Size      : 1341 bytes
2026-03-25 13:28:01 [INFO]   Records   : 5
2026-03-25 13:28:01 [INFO] ==================================================================
2026-03-25 13:28:01 [INFO]   Generator Completed Successfully
2026-03-25 13:28:01 [INFO] ==================================================================
