2026-03-27 20:44:02 [INFO] ==================================================================
2026-03-27 20:44:02 [INFO]   MOS Qatar Demo - Sports Data Generator
2026-03-27 20:44:02 [INFO] ==================================================================
2026-03-27 20:44:02 [INFO] Config file   : /home/cloudera/mos_qatar_demo_poc/config/mos_qatar_demo.ini
2026-03-27 20:44:02 [INFO] Landing dir   : /home/cloudera/mos_qatar_demo_poc/landing
2026-03-27 20:44:02 [INFO] Output file   : mos_sports_events_20260327_204402.txt
2026-03-27 20:44:02 [INFO] Records count : 7
2026-03-27 20:44:02 [INFO] ------------------------------------------------------------------
2026-03-27 20:44:02 [INFO]   Record 01: Event ID: EVT4824 | Event Name: Gulf Youth Cup Semi Final | Sport: Football | Venue: Educa...
2026-03-27 20:44:02 [INFO]   Record 02: Event ID: EVT1556 | Event Name: Arab Nations Championship Semi Final | Sport: Football | V...
2026-03-27 20:44:02 [INFO]   Record 03: Event ID: EVT3697 | Event Name: Gulf Youth Cup Round 2 | Sport: Basketball | Venue: Al Jan...
2026-03-27 20:44:02 [INFO]   Record 04: Event ID: EVT5274 | Event Name: Arab Nations Championship Group Stage | Sport: Football | ...
2026-03-27 20:44:02 [INFO]   Record 05: Event ID: EVT6236 | Event Name: Qatar Olympic Training Camp Evaluation | Sport: Football |...
2026-03-27 20:44:02 [INFO]   Record 06: Event ID: EVT3072 | Event Name: Asian Qualifiers Warm-up Match | Sport: Basketball | Venue...
2026-03-27 20:44:02 [INFO]   Record 07: Event ID: EVT6444 | Event Name: Asian Qualifiers Warm-up Match | Sport: Handball | Venue: ...
2026-03-27 20:44:02 [INFO] ------------------------------------------------------------------
2026-03-27 20:44:02 [INFO] File written successfully.
2026-03-27 20:44:02 [INFO]   Full path : /home/cloudera/mos_qatar_demo_poc/landing/mos_sports_events_20260327_204402.txt
2026-03-27 20:44:02 [INFO]   Size      : 1814 bytes
2026-03-27 20:44:02 [INFO]   Records   : 7
2026-03-27 20:44:02 [INFO] ==================================================================
2026-03-27 20:44:02 [INFO]   Generator Completed Successfully
2026-03-27 20:44:02 [INFO] ==================================================================
