2026-03-26 16:34:01 [INFO] ==================================================================
2026-03-26 16:34:01 [INFO]   MOS Qatar Demo - Sports Data Generator
2026-03-26 16:34:01 [INFO] ==================================================================
2026-03-26 16:34:01 [INFO] Config file   : /home/cloudera/mos_qatar_demo_poc/config/mos_qatar_demo.ini
2026-03-26 16:34:01 [INFO] Landing dir   : /home/cloudera/mos_qatar_demo_poc/landing
2026-03-26 16:34:01 [INFO] Output file   : mos_sports_events_20260326_163401.txt
2026-03-26 16:34:01 [INFO] Records count : 7
2026-03-26 16:34:01 [INFO] ------------------------------------------------------------------
2026-03-26 16:34:01 [INFO]   Record 01: Event ID: EVT7357 | Event Name: Qatar Premier League Match Day 8 | Sport: Football | Venue...
2026-03-26 16:34:01 [INFO]   Record 02: Event ID: EVT1478 | Event Name: National Team Preparation Match | Sport: Football | Venue:...
2026-03-26 16:34:01 [INFO]   Record 03: Event ID: EVT4066 | Event Name: Gulf Youth Cup Round 1 | Sport: Volleyball | Venue: Aspire...
2026-03-26 16:34:01 [INFO]   Record 04: Event ID: EVT3499 | Event Name: Asian Qualifiers Warm-up Match | Sport: Football | Venue: ...
2026-03-26 16:34:01 [INFO]   Record 05: Event ID: EVT6380 | Event Name: MOS Annual Charity Football Gala | Sport: Football | Venue...
2026-03-26 16:34:01 [INFO]   Record 06: Event ID: EVT3244 | Event Name: GCC Club Championship Semi Final | Sport: Football | Venue...
2026-03-26 16:34:01 [INFO]   Record 07: Event ID: EVT4917 | Event Name: Ministry Youth Sports Day | Sport: Football | Venue: Al Wa...
2026-03-26 16:34:01 [INFO] ------------------------------------------------------------------
2026-03-26 16:34:01 [INFO] File written successfully.
2026-03-26 16:34:01 [INFO]   Full path : /home/cloudera/mos_qatar_demo_poc/landing/mos_sports_events_20260326_163401.txt
2026-03-26 16:34:01 [INFO]   Size      : 1828 bytes
2026-03-26 16:34:01 [INFO]   Records   : 7
2026-03-26 16:34:01 [INFO] ==================================================================
2026-03-26 16:34:01 [INFO]   Generator Completed Successfully
2026-03-26 16:34:01 [INFO] ==================================================================
