2026-03-25 01:10:01 [INFO] ==================================================================
2026-03-25 01:10:01 [INFO]   MOS Qatar Demo - Sports Data Generator
2026-03-25 01:10:01 [INFO] ==================================================================
2026-03-25 01:10:01 [INFO] Config file   : /home/cloudera/mos_qatar_demo_poc/config/mos_qatar_demo.ini
2026-03-25 01:10:01 [INFO] Landing dir   : /home/cloudera/mos_qatar_demo_poc/landing
2026-03-25 01:10:01 [INFO] Output file   : mos_sports_events_20260325_011001.txt
2026-03-25 01:10:01 [INFO] Records count : 8
2026-03-25 01:10:01 [INFO] ------------------------------------------------------------------
2026-03-25 01:10:01 [INFO]   Record 01: Event ID: EVT2641 | Event Name: Qatar Premier League Match Day 5 | Sport: Handball | Venue...
2026-03-25 01:10:01 [INFO]   Record 02: Event ID: EVT8492 | Event Name: Gulf Youth Cup Round 2 | Sport: Football | Venue: Al Janou...
2026-03-25 01:10:01 [INFO]   Record 03: Event ID: EVT3372 | Event Name: Ministry Invitational Friendly Tournament | Sport: Footbal...
2026-03-25 01:10:01 [INFO]   Record 04: Event ID: EVT5862 | Event Name: MOS Annual Charity Football Gala | Sport: Volleyball | Ven...
2026-03-25 01:10:01 [INFO]   Record 05: Event ID: EVT5551 | Event Name: Gulf Youth Cup Round 2 | Sport: Football | Venue: Al Janou...
2026-03-25 01:10:01 [INFO]   Record 06: Event ID: EVT2948 | Event Name: Doha Sports Festival Opening Match | Sport: Athletics | Ve...
2026-03-25 01:10:01 [INFO]   Record 07: Event ID: EVT6241 | Event Name: Arab Nations Championship Group Stage | Sport: Basketball ...
2026-03-25 01:10:01 [INFO]   Record 08: Event ID: EVT7691 | Event Name: Gulf Youth Cup Round 2 | Sport: Football | Venue: Al Thuma...
2026-03-25 01:10:01 [INFO] ------------------------------------------------------------------
2026-03-25 01:10:01 [INFO] File written successfully.
2026-03-25 01:10:01 [INFO]   Full path : /home/cloudera/mos_qatar_demo_poc/landing/mos_sports_events_20260325_011001.txt
2026-03-25 01:10:01 [INFO]   Size      : 2114 bytes
2026-03-25 01:10:01 [INFO]   Records   : 8
2026-03-25 01:10:01 [INFO] ==================================================================
2026-03-25 01:10:01 [INFO]   Generator Completed Successfully
2026-03-25 01:10:01 [INFO] ==================================================================
