2026-03-27 01:02:02 [INFO] ==================================================================
2026-03-27 01:02:02 [INFO]   MOS Qatar Demo - Sports Data Generator
2026-03-27 01:02:02 [INFO] ==================================================================
2026-03-27 01:02:02 [INFO] Config file   : /home/cloudera/mos_qatar_demo_poc/config/mos_qatar_demo.ini
2026-03-27 01:02:02 [INFO] Landing dir   : /home/cloudera/mos_qatar_demo_poc/landing
2026-03-27 01:02:02 [INFO] Output file   : mos_sports_events_20260327_010202.txt
2026-03-27 01:02:02 [INFO] Records count : 8
2026-03-27 01:02:02 [INFO] ------------------------------------------------------------------
2026-03-27 01:02:02 [INFO]   Record 01: Event ID: EVT8987 | Event Name: GCC Club Championship Semi Final | Sport: Volleyball | Ven...
2026-03-27 01:02:02 [INFO]   Record 02: Event ID: EVT9995 | Event Name: Ministry Invitational Friendly Tournament | Sport: Footbal...
2026-03-27 01:02:02 [INFO]   Record 03: Event ID: EVT1965 | Event Name: Gulf Youth Cup Semi Final | Sport: Football | Venue: Al Ja...
2026-03-27 01:02:02 [INFO]   Record 04: Event ID: EVT4632 | Event Name: Ministry Invitational Friendly Tournament | Sport: Volleyb...
2026-03-27 01:02:02 [INFO]   Record 05: Event ID: EVT7542 | Event Name: Ministry Invitational Friendly Tournament | Sport: Athleti...
2026-03-27 01:02:02 [INFO]   Record 06: Event ID: EVT4409 | Event Name: Doha Sports Festival Opening Match | Sport: Swimming | Ven...
2026-03-27 01:02:02 [INFO]   Record 07: Event ID: EVT5069 | Event Name: Gulf Cup Qualifier Round 1 | Sport: Football | Venue: Khal...
2026-03-27 01:02:02 [INFO]   Record 08: Event ID: EVT3177 | Event Name: Ramadan Football Festival | Sport: Volleyball | Venue: Al ...
2026-03-27 01:02:02 [INFO] ------------------------------------------------------------------
2026-03-27 01:02:02 [INFO] File written successfully.
2026-03-27 01:02:02 [INFO]   Full path : /home/cloudera/mos_qatar_demo_poc/landing/mos_sports_events_20260327_010202.txt
2026-03-27 01:02:02 [INFO]   Size      : 2099 bytes
2026-03-27 01:02:02 [INFO]   Records   : 8
2026-03-27 01:02:02 [INFO] ==================================================================
2026-03-27 01:02:02 [INFO]   Generator Completed Successfully
2026-03-27 01:02:02 [INFO] ==================================================================
