2026-03-27 17:20:01 [INFO] ==================================================================
2026-03-27 17:20:01 [INFO]   MOS Qatar Demo - Sports Data Generator
2026-03-27 17:20:01 [INFO] ==================================================================
2026-03-27 17:20:01 [INFO] Config file   : /home/cloudera/mos_qatar_demo_poc/config/mos_qatar_demo.ini
2026-03-27 17:20:01 [INFO] Landing dir   : /home/cloudera/mos_qatar_demo_poc/landing
2026-03-27 17:20:01 [INFO] Output file   : mos_sports_events_20260327_172001.txt
2026-03-27 17:20:01 [INFO] Records count : 10
2026-03-27 17:20:01 [INFO] ------------------------------------------------------------------
2026-03-27 17:20:01 [INFO]   Record 01: Event ID: EVT6439 | Event Name: Asian Qualifiers Warm-up Match | Sport: Football | Venue: ...
2026-03-27 17:20:01 [INFO]   Record 02: Event ID: EVT5284 | Event Name: Qatar Schools Football League | Sport: Football | Venue: E...
2026-03-27 17:20:01 [INFO]   Record 03: Event ID: EVT2746 | Event Name: MOS Annual Charity Football Gala | Sport: Football | Venue...
2026-03-27 17:20:01 [INFO]   Record 04: Event ID: EVT4431 | Event Name: Qatar Schools Football League | Sport: Football | Venue: A...
2026-03-27 17:20:01 [INFO]   Record 05: Event ID: EVT3578 | Event Name: GCC Club Championship Quarter Final | Sport: Football | Ve...
2026-03-27 17:20:01 [INFO]   Record 06: Event ID: EVT7878 | Event Name: Qatar Under-20 Development League | Sport: Swimming | Venu...
2026-03-27 17:20:01 [INFO]   Record 07: Event ID: EVT8842 | Event Name: Asian Qualifiers Warm-up Match | Sport: Football | Venue: ...
2026-03-27 17:20:01 [INFO]   Record 08: Event ID: EVT6577 | Event Name: Arab Nations Championship Group Stage | Sport: Football | ...
2026-03-27 17:20:01 [INFO]   Record 09: Event ID: EVT2612 | Event Name: FIFA World Cup Qatar Legacy Match | Sport: Football | Venu...
2026-03-27 17:20:01 [INFO]   Record 10: Event ID: EVT7195 | Event Name: Qatar Premier League Match Day 8 | Sport: Football | Venue...
2026-03-27 17:20:01 [INFO] ------------------------------------------------------------------
2026-03-27 17:20:01 [INFO] File written successfully.
2026-03-27 17:20:01 [INFO]   Full path : /home/cloudera/mos_qatar_demo_poc/landing/mos_sports_events_20260327_172001.txt
2026-03-27 17:20:01 [INFO]   Size      : 2629 bytes
2026-03-27 17:20:01 [INFO]   Records   : 10
2026-03-27 17:20:01 [INFO] ==================================================================
2026-03-27 17:20:01 [INFO]   Generator Completed Successfully
2026-03-27 17:20:01 [INFO] ==================================================================
