2026-03-27 16:22:01 [INFO] ==================================================================
2026-03-27 16:22:01 [INFO]   MOS Qatar Demo - Sports Data Generator
2026-03-27 16:22:01 [INFO] ==================================================================
2026-03-27 16:22:01 [INFO] Config file   : /home/cloudera/mos_qatar_demo_poc/config/mos_qatar_demo.ini
2026-03-27 16:22:01 [INFO] Landing dir   : /home/cloudera/mos_qatar_demo_poc/landing
2026-03-27 16:22:01 [INFO] Output file   : mos_sports_events_20260327_162201.txt
2026-03-27 16:22:01 [INFO] Records count : 8
2026-03-27 16:22:01 [INFO] ------------------------------------------------------------------
2026-03-27 16:22:01 [INFO]   Record 01: Event ID: EVT3109 | Event Name: Qatar Olympic Training Camp Evaluation | Sport: Handball |...
2026-03-27 16:22:01 [INFO]   Record 02: Event ID: EVT7612 | Event Name: MOS Annual Charity Football Gala | Sport: Swimming | Venue...
2026-03-27 16:22:01 [INFO]   Record 03: Event ID: EVT5498 | Event Name: Arab Nations Championship Semi Final | Sport: Swimming | V...
2026-03-27 16:22:01 [INFO]   Record 04: Event ID: EVT5799 | Event Name: Gulf Youth Cup Round 1 | Sport: Basketball | Venue: Lusail...
2026-03-27 16:22:01 [INFO]   Record 05: Event ID: EVT4887 | Event Name: Gulf Cup Qualifier Round 1 | Sport: Football | Venue: Al T...
2026-03-27 16:22:01 [INFO]   Record 06: Event ID: EVT3270 | Event Name: Qatar Olympic Training Camp Evaluation | Sport: Football |...
2026-03-27 16:22:01 [INFO]   Record 07: Event ID: EVT6430 | Event Name: MOS Annual Charity Football Gala | Sport: Football | Venue...
2026-03-27 16:22:01 [INFO]   Record 08: Event ID: EVT9931 | Event Name: Qatar Premier League Match Day 8 | Sport: Football | Venue...
2026-03-27 16:22:01 [INFO] ------------------------------------------------------------------
2026-03-27 16:22:01 [INFO] File written successfully.
2026-03-27 16:22:01 [INFO]   Full path : /home/cloudera/mos_qatar_demo_poc/landing/mos_sports_events_20260327_162201.txt
2026-03-27 16:22:01 [INFO]   Size      : 2088 bytes
2026-03-27 16:22:01 [INFO]   Records   : 8
2026-03-27 16:22:01 [INFO] ==================================================================
2026-03-27 16:22:01 [INFO]   Generator Completed Successfully
2026-03-27 16:22:01 [INFO] ==================================================================
