2026-03-26 23:08:02 [INFO] ==================================================================
2026-03-26 23:08:02 [INFO]   MOS Qatar Demo - Sports Data Generator
2026-03-26 23:08:02 [INFO] ==================================================================
2026-03-26 23:08:02 [INFO] Config file   : /home/cloudera/mos_qatar_demo_poc/config/mos_qatar_demo.ini
2026-03-26 23:08:02 [INFO] Landing dir   : /home/cloudera/mos_qatar_demo_poc/landing
2026-03-26 23:08:02 [INFO] Output file   : mos_sports_events_20260326_230802.txt
2026-03-26 23:08:02 [INFO] Records count : 9
2026-03-26 23:08:02 [INFO] ------------------------------------------------------------------
2026-03-26 23:08:02 [INFO]   Record 01: Event ID: EVT3181 | Event Name: Qatar Premier League Match Day 5 | Sport: Handball | Venue...
2026-03-26 23:08:02 [INFO]   Record 02: Event ID: EVT5932 | Event Name: FIFA World Cup Qatar Legacy Match | Sport: Handball | Venu...
2026-03-26 23:08:02 [INFO]   Record 03: Event ID: EVT4583 | Event Name: National Day Football Celebration | Sport: Football | Venu...
2026-03-26 23:08:02 [INFO]   Record 04: Event ID: EVT1480 | Event Name: Ministry Youth Sports Day | Sport: Football | Venue: Ahmad...
2026-03-26 23:08:02 [INFO]   Record 05: Event ID: EVT1916 | Event Name: GCC Club Championship Semi Final | Sport: Swimming | Venue...
2026-03-26 23:08:02 [INFO]   Record 06: Event ID: EVT5137 | Event Name: Qatar Olympic Training Camp Evaluation | Sport: Swimming |...
2026-03-26 23:08:02 [INFO]   Record 07: Event ID: EVT9920 | Event Name: Asian Qualifiers Warm-up Match | Sport: Football | Venue: ...
2026-03-26 23:08:02 [INFO]   Record 08: Event ID: EVT7732 | Event Name: GCC Club Championship Quarter Final | Sport: Football | Ve...
2026-03-26 23:08:02 [INFO]   Record 09: Event ID: EVT7622 | Event Name: Asian Qualifiers Warm-up Match | Sport: Volleyball | Venue...
2026-03-26 23:08:02 [INFO] ------------------------------------------------------------------
2026-03-26 23:08:02 [INFO] File written successfully.
2026-03-26 23:08:02 [INFO]   Full path : /home/cloudera/mos_qatar_demo_poc/landing/mos_sports_events_20260326_230802.txt
2026-03-26 23:08:02 [INFO]   Size      : 2380 bytes
2026-03-26 23:08:02 [INFO]   Records   : 9
2026-03-26 23:08:02 [INFO] ==================================================================
2026-03-26 23:08:02 [INFO]   Generator Completed Successfully
2026-03-26 23:08:02 [INFO] ==================================================================
