2026-03-27 13:10:02 [INFO] ==================================================================
2026-03-27 13:10:02 [INFO]   MOS Qatar Demo - Sports Data Generator
2026-03-27 13:10:02 [INFO] ==================================================================
2026-03-27 13:10:02 [INFO] Config file   : /home/cloudera/mos_qatar_demo_poc/config/mos_qatar_demo.ini
2026-03-27 13:10:02 [INFO] Landing dir   : /home/cloudera/mos_qatar_demo_poc/landing
2026-03-27 13:10:02 [INFO] Output file   : mos_sports_events_20260327_131002.txt
2026-03-27 13:10:02 [INFO] Records count : 7
2026-03-27 13:10:02 [INFO] ------------------------------------------------------------------
2026-03-27 13:10:02 [INFO]   Record 01: Event ID: EVT9280 | Event Name: GCC Club Championship Final | Sport: Football | Venue: Al ...
2026-03-27 13:10:02 [INFO]   Record 02: Event ID: EVT5960 | Event Name: Qatar Cup Semi Final | Sport: Handball | Venue: Al Thumama...
2026-03-27 13:10:02 [INFO]   Record 03: Event ID: EVT8826 | Event Name: Qatar Under-20 Development League | Sport: Football | Venu...
2026-03-27 13:10:02 [INFO]   Record 04: Event ID: EVT4913 | Event Name: Qatar Schools Football League | Sport: Football | Venue: A...
2026-03-27 13:10:02 [INFO]   Record 05: Event ID: EVT5453 | Event Name: Ramadan Football Festival | Sport: Handball | Venue: Ahmad...
2026-03-27 13:10:02 [INFO]   Record 06: Event ID: EVT8422 | Event Name: Gulf Youth Cup Semi Final | Sport: Football | Venue: Aspir...
2026-03-27 13:10:02 [INFO]   Record 07: Event ID: EVT1534 | Event Name: Qatar Under-20 Development League | Sport: Football | Venu...
2026-03-27 13:10:02 [INFO] ------------------------------------------------------------------
2026-03-27 13:10:02 [INFO] File written successfully.
2026-03-27 13:10:02 [INFO]   Full path : /home/cloudera/mos_qatar_demo_poc/landing/mos_sports_events_20260327_131002.txt
2026-03-27 13:10:02 [INFO]   Size      : 1792 bytes
2026-03-27 13:10:02 [INFO]   Records   : 7
2026-03-27 13:10:02 [INFO] ==================================================================
2026-03-27 13:10:02 [INFO]   Generator Completed Successfully
2026-03-27 13:10:02 [INFO] ==================================================================
