2026-03-25 16:48:01 [INFO] ==================================================================
2026-03-25 16:48:01 [INFO]   MOS Qatar Demo - Sports Data Generator
2026-03-25 16:48:01 [INFO] ==================================================================
2026-03-25 16:48:01 [INFO] Config file   : /home/cloudera/mos_qatar_demo_poc/config/mos_qatar_demo.ini
2026-03-25 16:48:01 [INFO] Landing dir   : /home/cloudera/mos_qatar_demo_poc/landing
2026-03-25 16:48:01 [INFO] Output file   : mos_sports_events_20260325_164801.txt
2026-03-25 16:48:01 [INFO] Records count : 5
2026-03-25 16:48:01 [INFO] ------------------------------------------------------------------
2026-03-25 16:48:01 [INFO]   Record 01: Event ID: EVT5259 | Event Name: Qatar Cup Semi Final | Sport: Volleyball | Venue: Aspire Z...
2026-03-25 16:48:01 [INFO]   Record 02: Event ID: EVT8977 | Event Name: Gulf Youth Cup Quarter Final | Sport: Football | Venue: Al...
2026-03-25 16:48:01 [INFO]   Record 03: Event ID: EVT8231 | Event Name: Gulf Youth Cup Quarter Final | Sport: Volleyball | Venue: ...
2026-03-25 16:48:01 [INFO]   Record 04: Event ID: EVT8453 | Event Name: Gulf Youth Cup Quarter Final | Sport: Football | Venue: As...
2026-03-25 16:48:01 [INFO]   Record 05: Event ID: EVT2167 | Event Name: Qatar Premier League Match Day 12 | Sport: Swimming | Venu...
2026-03-25 16:48:01 [INFO] ------------------------------------------------------------------
2026-03-25 16:48:01 [INFO] File written successfully.
2026-03-25 16:48:01 [INFO]   Full path : /home/cloudera/mos_qatar_demo_poc/landing/mos_sports_events_20260325_164801.txt
2026-03-25 16:48:01 [INFO]   Size      : 1253 bytes
2026-03-25 16:48:01 [INFO]   Records   : 5
2026-03-25 16:48:01 [INFO] ==================================================================
2026-03-25 16:48:01 [INFO]   Generator Completed Successfully
2026-03-25 16:48:01 [INFO] ==================================================================
