2026-03-27 19:31:01 [INFO] ==================================================================
2026-03-27 19:31:01 [INFO]   MOS Qatar Demo - Sports Data Generator
2026-03-27 19:31:01 [INFO] ==================================================================
2026-03-27 19:31:01 [INFO] Config file   : /home/cloudera/mos_qatar_demo_poc/config/mos_qatar_demo.ini
2026-03-27 19:31:01 [INFO] Landing dir   : /home/cloudera/mos_qatar_demo_poc/landing
2026-03-27 19:31:01 [INFO] Output file   : mos_sports_events_20260327_193101.txt
2026-03-27 19:31:01 [INFO] Records count : 5
2026-03-27 19:31:01 [INFO] ------------------------------------------------------------------
2026-03-27 19:31:01 [INFO]   Record 01: Event ID: EVT9196 | Event Name: Qatar Under-20 Development League | Sport: Athletics | Ven...
2026-03-27 19:31:01 [INFO]   Record 02: Event ID: EVT8936 | Event Name: Qatar Premier League Match Day 5 | Sport: Football | Venue...
2026-03-27 19:31:01 [INFO]   Record 03: Event ID: EVT6695 | Event Name: Qatar Premier League Match Day 12 | Sport: Basketball | Ve...
2026-03-27 19:31:01 [INFO]   Record 04: Event ID: EVT2166 | Event Name: Qatar Under-20 Development League | Sport: Football | Venu...
2026-03-27 19:31:01 [INFO]   Record 05: Event ID: EVT1184 | Event Name: Asian Qualifiers Warm-up Match | Sport: Basketball | Venue...
2026-03-27 19:31:01 [INFO] ------------------------------------------------------------------
2026-03-27 19:31:01 [INFO] File written successfully.
2026-03-27 19:31:01 [INFO]   Full path : /home/cloudera/mos_qatar_demo_poc/landing/mos_sports_events_20260327_193101.txt
2026-03-27 19:31:01 [INFO]   Size      : 1303 bytes
2026-03-27 19:31:01 [INFO]   Records   : 5
2026-03-27 19:31:01 [INFO] ==================================================================
2026-03-27 19:31:01 [INFO]   Generator Completed Successfully
2026-03-27 19:31:01 [INFO] ==================================================================
