2026-03-26 19:56:01 [INFO] ==================================================================
2026-03-26 19:56:01 [INFO]   MOS Qatar Demo - Sports Data Generator
2026-03-26 19:56:01 [INFO] ==================================================================
2026-03-26 19:56:01 [INFO] Config file   : /home/cloudera/mos_qatar_demo_poc/config/mos_qatar_demo.ini
2026-03-26 19:56:01 [INFO] Landing dir   : /home/cloudera/mos_qatar_demo_poc/landing
2026-03-26 19:56:01 [INFO] Output file   : mos_sports_events_20260326_195601.txt
2026-03-26 19:56:01 [INFO] Records count : 5
2026-03-26 19:56:01 [INFO] ------------------------------------------------------------------
2026-03-26 19:56:01 [INFO]   Record 01: Event ID: EVT2008 | Event Name: Qatar Cup Final | Sport: Basketball | Venue: Ahmad Bin Ali...
2026-03-26 19:56:01 [INFO]   Record 02: Event ID: EVT1533 | Event Name: Gulf Youth Cup Round 1 | Sport: Football | Venue: Aspire Z...
2026-03-26 19:56:01 [INFO]   Record 03: Event ID: EVT1905 | Event Name: Gulf Youth Cup Semi Final | Sport: Football | Venue: Khali...
2026-03-26 19:56:01 [INFO]   Record 04: Event ID: EVT4736 | Event Name: Arab Nations Championship Group Stage | Sport: Swimming | ...
2026-03-26 19:56:01 [INFO]   Record 05: Event ID: EVT9828 | Event Name: GCC Club Championship Quarter Final | Sport: Football | Ve...
2026-03-26 19:56:01 [INFO] ------------------------------------------------------------------
2026-03-26 19:56:01 [INFO] File written successfully.
2026-03-26 19:56:01 [INFO]   Full path : /home/cloudera/mos_qatar_demo_poc/landing/mos_sports_events_20260326_195601.txt
2026-03-26 19:56:01 [INFO]   Size      : 1319 bytes
2026-03-26 19:56:01 [INFO]   Records   : 5
2026-03-26 19:56:01 [INFO] ==================================================================
2026-03-26 19:56:01 [INFO]   Generator Completed Successfully
2026-03-26 19:56:01 [INFO] ==================================================================
