2026-03-25 17:02:02 [INFO] ==================================================================
2026-03-25 17:02:02 [INFO]   MOS Qatar Demo - Sports Data Generator
2026-03-25 17:02:02 [INFO] ==================================================================
2026-03-25 17:02:02 [INFO] Config file   : /home/cloudera/mos_qatar_demo_poc/config/mos_qatar_demo.ini
2026-03-25 17:02:02 [INFO] Landing dir   : /home/cloudera/mos_qatar_demo_poc/landing
2026-03-25 17:02:02 [INFO] Output file   : mos_sports_events_20260325_170202.txt
2026-03-25 17:02:02 [INFO] Records count : 5
2026-03-25 17:02:02 [INFO] ------------------------------------------------------------------
2026-03-25 17:02:02 [INFO]   Record 01: Event ID: EVT9821 | Event Name: MOS Annual Charity Football Gala | Sport: Football | Venue...
2026-03-25 17:02:02 [INFO]   Record 02: Event ID: EVT2323 | Event Name: FIFA World Cup Qatar Legacy Match | Sport: Athletics | Ven...
2026-03-25 17:02:02 [INFO]   Record 03: Event ID: EVT6753 | Event Name: National Team Preparation Match | Sport: Football | Venue:...
2026-03-25 17:02:02 [INFO]   Record 04: Event ID: EVT3201 | Event Name: National Team Preparation Match | Sport: Football | Venue:...
2026-03-25 17:02:02 [INFO]   Record 05: Event ID: EVT4273 | Event Name: Gulf Youth Cup Round 2 | Sport: Football | Venue: Khalifa ...
2026-03-25 17:02:02 [INFO] ------------------------------------------------------------------
2026-03-25 17:02:02 [INFO] File written successfully.
2026-03-25 17:02:02 [INFO]   Full path : /home/cloudera/mos_qatar_demo_poc/landing/mos_sports_events_20260325_170202.txt
2026-03-25 17:02:02 [INFO]   Size      : 1281 bytes
2026-03-25 17:02:02 [INFO]   Records   : 5
2026-03-25 17:02:02 [INFO] ==================================================================
2026-03-25 17:02:02 [INFO]   Generator Completed Successfully
2026-03-25 17:02:02 [INFO] ==================================================================
