2026-03-24 15:04:46 [INFO] ==================================================================
2026-03-24 15:04:46 [INFO]   MOS Qatar Demo - Raw to Gold Transformation Started
2026-03-24 15:04:46 [INFO] ==================================================================
2026-03-24 15:04:46 [INFO] HDFS raw path    : /data/mos_qatar_demo/text_files/raw
2026-03-24 15:04:46 [INFO] Hive target      : mos_qatar_demo.sports_events_gold
2026-03-24 15:04:46 [INFO] Namenode URI     : hdfs://cdp-master1.cloudera.bbi:8020
2026-03-24 15:04:46 [INFO] Processed log    : /home/cloudera/mos_qatar_demo_poc/metadata/processed_files.log
2026-03-24 15:04:46 [INFO] ------------------------------------------------------------------
2026-03-24 15:04:46 [INFO] Initialising SparkSession with Hive support...
2026-03-24 15:05:05 [INFO] SparkSession ready. App ID: application_1772611670442_6318
2026-03-24 15:05:05 [INFO] Previously processed HDFS files: 0
2026-03-24 15:05:05 [INFO] HDFS files found in '/data/mos_qatar_demo/text_files/raw': 3
2026-03-24 15:05:05 [INFO] QUEUED [to be processed]  : mos_sports_events_20260324_150101.txt
2026-03-24 15:05:05 [INFO] QUEUED [to be processed]  : mos_sports_events_20260324_150201.txt
2026-03-24 15:05:05 [INFO] QUEUED [to be processed]  : mos_sports_events_20260324_150302.txt
2026-03-24 15:05:05 [INFO] ------------------------------------------------------------------
2026-03-24 15:05:05 [INFO] Files to process now : 3
2026-03-24 15:05:05 [INFO] ------------------------------------------------------------------
2026-03-24 15:05:05 [INFO] Processing : mos_sports_events_20260324_150101.txt
2026-03-24 15:05:05 [INFO]   Reading  : hdfs://cdp-master1.cloudera.bbi:8020/data/mos_qatar_demo/text_files/raw/mos_sports_events_20260324_150101.txt
2026-03-24 15:05:10 [INFO]   Lines    : 10
2026-03-24 15:05:10 [INFO]   Ingest TS: 2026-03-24 15:03:14
2026-03-24 15:05:10 [INFO]   Parsed OK: 9
2026-03-24 15:05:21 [INFO]   DataFrame rows   : 9
2026-03-24 15:05:21 [INFO]   Sample (3 rows)  :
2026-03-24 15:05:22 [INFO]     Row(event_id='EVT4707', event_name='Ramadan Football Festival', sport_type='Football', venue='Al Thumama Stadium', city='Doha', country='Qatar', team_a='Jordan National Team', team_b='Al Khor SC', status='In Progress', attendance=53879, source_file='mos_sports_events_20260324_150101.txt', ingest_ts='2026-03-24 15:03:14', processing_ts='2026-03-24 15:05:05', event_date='2026-03-27')
2026-03-24 15:05:22 [INFO]     Row(event_id='EVT4501', event_name='Gulf Youth Cup Round 2', sport_type='Football', venue='Lusail Stadium', city='Lusail', country='Qatar', team_a='Oman FC', team_b='Al Duhail SC', status='Confirmed', attendance=7778, source_file='mos_sports_events_20260324_150101.txt', ingest_ts='2026-03-24 15:03:14', processing_ts='2026-03-24 15:05:05', event_date='2026-03-26')
2026-03-24 15:05:22 [INFO]     Row(event_id='EVT2829', event_name='Gulf Youth Cup Final', sport_type='Volleyball', venue='Education City Stadium', city='Al Rayyan', country='Qatar', team_a='Saudi Arabia National', team_b='Iraq National Team', status='Postponed', attendance=71994, source_file='mos_sports_events_20260324_150101.txt', ingest_ts='2026-03-24 15:03:14', processing_ts='2026-03-24 15:05:05', event_date='2026-04-09')
2026-03-24 15:05:22 [INFO]   Inserting into   : mos_qatar_demo.sports_events_gold
2026-03-24 15:05:33 [INFO]   Insert complete.
2026-03-24 15:05:33 [INFO]   SUCCESS: mos_sports_events_20260324_150101.txt (9 records written)
2026-03-24 15:05:33 [INFO] ------------------------------------------------------------------
2026-03-24 15:05:33 [INFO] Processing : mos_sports_events_20260324_150201.txt
2026-03-24 15:05:33 [INFO]   Reading  : hdfs://cdp-master1.cloudera.bbi:8020/data/mos_qatar_demo/text_files/raw/mos_sports_events_20260324_150201.txt
2026-03-24 15:05:33 [INFO]   Lines    : 5
2026-03-24 15:05:33 [INFO]   Ingest TS: 2026-03-24 15:03:14
2026-03-24 15:05:33 [INFO]   Parsed OK: 4
2026-03-24 15:05:34 [INFO]   DataFrame rows   : 4
2026-03-24 15:05:34 [INFO]   Sample (3 rows)  :
2026-03-24 15:05:34 [INFO]     Row(event_id='EVT2832', event_name='Gulf Youth Cup Quarter Final', sport_type='Football', venue='Al Thumama Stadium', city='Doha', country='Qatar', team_a='Kuwait FC', team_b='Jordan National Team', status='Scheduled', attendance=87585, source_file='mos_sports_events_20260324_150201.txt', ingest_ts='2026-03-24 15:03:14', processing_ts='2026-03-24 15:05:05', event_date='2026-03-30')
2026-03-24 15:05:34 [INFO]     Row(event_id='EVT3092', event_name='Qatar Under-20 Development League', sport_type='Football', venue='Al Wakrah Sports Complex', city='Al Wakrah', country='Qatar', team_a='Jordan U21', team_b='Al Gharafa SC', status='Cancelled', attendance=83652, source_file='mos_sports_events_20260324_150201.txt', ingest_ts='2026-03-24 15:03:14', processing_ts='2026-03-24 15:05:05', event_date='2026-04-28')
2026-03-24 15:05:34 [INFO]     Row(event_id='EVT6156', event_name='Gulf Cup Qualifier Round 1', sport_type='Football', venue='Al Thumama Stadium', city='Doha', country='Qatar', team_a='Jordan U21', team_b='Al Arabi SC', status='Scheduled', attendance=26726, source_file='mos_sports_events_20260324_150201.txt', ingest_ts='2026-03-24 15:03:14', processing_ts='2026-03-24 15:05:05', event_date='2026-04-05')
2026-03-24 15:05:34 [INFO]   Inserting into   : mos_qatar_demo.sports_events_gold
2026-03-24 15:05:36 [INFO]   Insert complete.
2026-03-24 15:05:36 [INFO]   SUCCESS: mos_sports_events_20260324_150201.txt (4 records written)
2026-03-24 15:05:36 [INFO] ------------------------------------------------------------------
2026-03-24 15:05:36 [INFO] Processing : mos_sports_events_20260324_150302.txt
2026-03-24 15:05:36 [INFO]   Reading  : hdfs://cdp-master1.cloudera.bbi:8020/data/mos_qatar_demo/text_files/raw/mos_sports_events_20260324_150302.txt
2026-03-24 15:05:36 [INFO]   Lines    : 10
2026-03-24 15:05:36 [INFO]   Ingest TS: 2026-03-24 15:03:14
2026-03-24 15:05:36 [INFO]   Parsed OK: 9
2026-03-24 15:05:36 [INFO]   DataFrame rows   : 9
2026-03-24 15:05:36 [INFO]   Sample (3 rows)  :
2026-03-24 15:05:36 [INFO]     Row(event_id='EVT4209', event_name='GCC Club Championship Final', sport_type='Football', venue='Al Wakrah Sports Complex', city='Al Wakrah', country='Qatar', team_a='Oman FC', team_b='Al Sadd SC', status='Confirmed', attendance=8766, source_file='mos_sports_events_20260324_150302.txt', ingest_ts='2026-03-24 15:03:14', processing_ts='2026-03-24 15:05:05', event_date='2026-04-29')
2026-03-24 15:05:36 [INFO]     Row(event_id='EVT3882', event_name='Ministry Invitational Friendly Tournament', sport_type='Volleyball', venue='Education City Stadium', city='Al Rayyan', country='Qatar', team_a='Al Khor SC', team_b='Kuwait FC', status='Scheduled', attendance=25319, source_file='mos_sports_events_20260324_150302.txt', ingest_ts='2026-03-24 15:03:14', processing_ts='2026-03-24 15:05:05', event_date='2026-04-09')
2026-03-24 15:05:36 [INFO]     Row(event_id='EVT9147', event_name='GCC Club Championship Semi Final', sport_type='Handball', venue='Al Bayt Stadium', city='Al Khor', country='Qatar', team_a='Iraq National Team', team_b='Oman FC', status='Cancelled', attendance=27192, source_file='mos_sports_events_20260324_150302.txt', ingest_ts='2026-03-24 15:03:14', processing_ts='2026-03-24 15:05:05', event_date='2026-03-25')
2026-03-24 15:05:36 [INFO]   Inserting into   : mos_qatar_demo.sports_events_gold
2026-03-24 15:05:38 [INFO]   Insert complete.
2026-03-24 15:05:38 [INFO]   SUCCESS: mos_sports_events_20260324_150302.txt (9 records written)
2026-03-24 15:05:38 [INFO] Running: MSCK REPAIR TABLE mos_qatar_demo.sports_events_gold
2026-03-24 15:05:40 [INFO] Hive partition repair complete.
2026-03-24 15:05:40 [INFO] ==================================================================
2026-03-24 15:05:40 [INFO]   Transformation Summary
2026-03-24 15:05:40 [INFO] ------------------------------------------------------------------
2026-03-24 15:05:40 [INFO]   Files processed  :    3
2026-03-24 15:05:40 [INFO]   Files failed     :    0
2026-03-24 15:05:40 [INFO]   Total records    :     22
2026-03-24 15:05:40 [INFO] ==================================================================
2026-03-24 15:05:40 [INFO]   Raw to Gold Transformation Completed Successfully
2026-03-24 15:05:40 [INFO] ==================================================================
